:clean

BUILD SUCCESSFUL in 0s
1 actionable task: 1 executed
:compileJava
:processResources NO-SOURCE
:classes
:compileTestJava
:processTestResources NO-SOURCE
:testClasses
:jar
:assemble
:test

examples.RingBuffer_ESTest STANDARD_OUT
    16:04:11.316 [Test worker] INFO  o.e.r.instrumentation.EvoClassLoader - Seeing class for first time: examples.RingBuffer_ESTest
    16:04:11.318 [Test worker] INFO  o.e.r.instrumentation.EvoClassLoader - Instrumenting class 'examples.RingBuffer_ESTest'.
    16:04:11.341 [Test worker] INFO  o.e.r.instrumentation.EvoClassLoader - Seeing class for first time: examples.RingBuffer_ESTest_scaffolding
    16:04:11.341 [Test worker] INFO  o.e.r.instrumentation.EvoClassLoader - Instrumenting class 'examples.RingBuffer_ESTest_scaffolding'.
    16:04:11.343 [Test worker] INFO  o.e.r.instrumentation.EvoClassLoader - Keeping class: examples.RingBuffer_ESTest_scaffolding
    16:04:11.343 [Test worker] INFO  o.e.r.instrumentation.EvoClassLoader - Keeping class: examples.RingBuffer_ESTest
    16:04:11.632 [Test worker] DEBUG o.e.runtime.sandbox.MSecurityManager - Adding privileged thread: "Reference Handler"
    16:04:11.632 [Test worker] DEBUG o.e.runtime.sandbox.MSecurityManager - Adding privileged thread: "Finalizer"
    16:04:11.632 [Test worker] DEBUG o.e.runtime.sandbox.MSecurityManager - Adding privileged thread: "Signal Dispatcher"
    16:04:11.633 [Test worker] DEBUG o.e.runtime.sandbox.MSecurityManager - Adding privileged thread: "Attach Listener"
    16:04:11.633 [Test worker] DEBUG o.e.runtime.sandbox.MSecurityManager - Adding privileged thread: "Java2D Disposer"
    16:04:11.633 [Test worker] DEBUG o.e.runtime.sandbox.MSecurityManager - Adding privileged thread: "AWT-Shutdown"
    16:04:11.633 [Test worker] DEBUG o.e.runtime.sandbox.MSecurityManager - Adding privileged thread: "AWT-Windows"
    16:04:11.633 [Test worker] DEBUG o.e.runtime.sandbox.MSecurityManager - Adding privileged thread: "main"
    16:04:11.633 [Test worker] DEBUG o.e.runtime.sandbox.MSecurityManager - Adding privileged thread: "Test worker"
    16:04:11.633 [Test worker] DEBUG o.e.runtime.sandbox.MSecurityManager - Adding privileged thread: "/127.0.0.1:63015 to /127.0.0.1:63014 workers Thread 2"
    16:04:11.633 [Test worker] DEBUG o.e.runtime.sandbox.MSecurityManager - Adding privileged thread: "/127.0.0.1:63015 to /127.0.0.1:63014 workers Thread 3"
    16:04:11.672 [Test worker] INFO  o.e.r.instrumentation.EvoClassLoader - Seeing class for first time: examples.RingBuffer
    16:04:11.672 [Test worker] INFO  o.e.r.instrumentation.EvoClassLoader - Instrumenting class 'examples.RingBuffer'.
    16:04:11.685 [Test worker] INFO  o.e.r.i.MethodCallReplacementClassAdapter - Adding mock interface to class examples/RingBuffer
    16:04:11.826 [Test worker] INFO  o.e.r.i.CreateClassResetClassAdapter - Found static initializer in class examples/RingBuffer
    16:04:11.828 [Test worker] INFO  o.e.r.instrumentation.EvoClassLoader - Keeping class: examples.RingBuffer

examples.RingBuffer_ESTest > test06 FAILED
    java.lang.AssertionError at RingBuffer_ESTest.java:79

examples.RingBuffer_ESTest > test05 FAILED
    java.lang.AssertionError at RingBuffer_ESTest.java:68

examples.RingBuffer_ESTest > test13 FAILED
    java.lang.AssertionError at RingBuffer_ESTest.java:156

examples.RingBuffer_ESTest > test03 FAILED
    java.lang.AssertionError at RingBuffer_ESTest.java:48

examples.RingBuffer_ESTest > test14 FAILED
    java.lang.AssertionError at RingBuffer_ESTest.java:176

examples.RingBuffer_ESTest > test00 FAILED
    java.lang.AssertionError at RingBuffer_ESTest.java:22

examples.RingBuffer_ESTest > test11 FAILED
    java.lang.AssertionError at RingBuffer_ESTest.java:138

examples.RingBuffer_ESTest > test01 FAILED
    java.lang.AssertionError at RingBuffer_ESTest.java:32

examples.RingBuffer_ESTest > test12 FAILED
    java.lang.AssertionError at RingBuffer_ESTest.java:147

examples.RingBuffer_ESTest > test10 FAILED
    java.lang.AssertionError at RingBuffer_ESTest.java:119

RegressionTest > RegressionTest0.test44 FAILED
    java.lang.AssertionError at RegressionTest0.java:631

RegressionTest > RegressionTest0.test46 FAILED
    java.lang.AssertionError at RegressionTest0.java:667

RegressionTest > RegressionTest0.test47 FAILED
    java.lang.AssertionError at RegressionTest0.java:683

RegressionTest > RegressionTest0.test50 FAILED
    java.lang.AssertionError at RegressionTest0.java:732

RegressionTest > RegressionTest0.test53 FAILED
    java.lang.AssertionError at RegressionTest0.java:786

RegressionTest0 > test44 FAILED
    java.lang.AssertionError at RegressionTest0.java:631

RegressionTest0 > test46 FAILED
    java.lang.AssertionError at RegressionTest0.java:667

RegressionTest0 > test47 FAILED
    java.lang.AssertionError at RegressionTest0.java:683

RegressionTest0 > test50 FAILED
    java.lang.AssertionError at RegressionTest0.java:732

RegressionTest0 > test53 FAILED
    java.lang.AssertionError at RegressionTest0.java:786
Results: FAILURE (132 tests, 112 successes, 20 failures, 0 skipped)
:test FAILED
4 actionable tasks: 4 executed
