:clean

BUILD SUCCESSFUL in 2s
1 actionable task: 1 executed
:compileJava
:processResources NO-SOURCE
:classes
:compileTestJava
:processTestResources NO-SOURCE
:testClasses
:jar
:assemble
:test

examples.Polyupdate_ESTest STANDARD_OUT
    10:02:23.545 [Test worker] INFO  o.e.r.instrumentation.EvoClassLoader - Seeing class for first time: examples.Polyupdate_ESTest
    10:02:23.549 [Test worker] INFO  o.e.r.instrumentation.EvoClassLoader - Instrumenting class 'examples.Polyupdate_ESTest'.
    10:02:23.594 [Test worker] INFO  o.e.r.instrumentation.EvoClassLoader - Seeing class for first time: examples.Polyupdate_ESTest_scaffolding
    10:02:23.594 [Test worker] INFO  o.e.r.instrumentation.EvoClassLoader - Instrumenting class 'examples.Polyupdate_ESTest_scaffolding'.
    10:02:23.596 [Test worker] INFO  o.e.r.instrumentation.EvoClassLoader - Keeping class: examples.Polyupdate_ESTest_scaffolding
    10:02:23.597 [Test worker] INFO  o.e.r.instrumentation.EvoClassLoader - Keeping class: examples.Polyupdate_ESTest
    10:02:24.067 [Test worker] DEBUG o.e.runtime.sandbox.MSecurityManager - Adding privileged thread: "Reference Handler"
    10:02:24.067 [Test worker] DEBUG o.e.runtime.sandbox.MSecurityManager - Adding privileged thread: "Finalizer"
    10:02:24.067 [Test worker] DEBUG o.e.runtime.sandbox.MSecurityManager - Adding privileged thread: "Signal Dispatcher"
    10:02:24.067 [Test worker] DEBUG o.e.runtime.sandbox.MSecurityManager - Adding privileged thread: "Attach Listener"
    10:02:24.067 [Test worker] DEBUG o.e.runtime.sandbox.MSecurityManager - Adding privileged thread: "Java2D Disposer"
    10:02:24.067 [Test worker] DEBUG o.e.runtime.sandbox.MSecurityManager - Adding privileged thread: "AWT-Shutdown"
    10:02:24.067 [Test worker] DEBUG o.e.runtime.sandbox.MSecurityManager - Adding privileged thread: "AWT-Windows"
    10:02:24.067 [Test worker] DEBUG o.e.runtime.sandbox.MSecurityManager - Adding privileged thread: "main"
    10:02:24.067 [Test worker] DEBUG o.e.runtime.sandbox.MSecurityManager - Adding privileged thread: "Test worker"
    10:02:24.067 [Test worker] DEBUG o.e.runtime.sandbox.MSecurityManager - Adding privileged thread: "/127.0.0.1:54319 to /127.0.0.1:54318 workers Thread 2"
    10:02:24.067 [Test worker] DEBUG o.e.runtime.sandbox.MSecurityManager - Adding privileged thread: "/127.0.0.1:54319 to /127.0.0.1:54318 workers Thread 3"
    10:02:24.131 [Test worker] INFO  o.e.r.instrumentation.EvoClassLoader - Seeing class for first time: examples.Polyupdate
    10:02:24.131 [Test worker] INFO  o.e.r.instrumentation.EvoClassLoader - Instrumenting class 'examples.Polyupdate'.
    10:02:24.156 [Test worker] INFO  o.e.r.i.MethodCallReplacementClassAdapter - Adding mock interface to class examples/Polyupdate
    10:02:24.433 [Test worker] INFO  o.e.r.i.CreateClassResetClassAdapter - Creating brand-new static initializer in class examples/Polyupdate
    10:02:24.433 [Test worker] INFO  o.e.r.instrumentation.EvoClassLoader - Keeping class: examples.Polyupdate

examples.Polyupdate_ESTest > test06 FAILED
    java.lang.AssertionError at Polyupdate_ESTest.java:83

examples.Polyupdate_ESTest > test00 FAILED
    java.lang.AssertionError at Polyupdate_ESTest.java:26

examples.Polyupdate_ESTest > test10 STANDARD_OUT
    10:02:24.493 [Test worker] INFO  o.e.runtime.thread.ThreadStopper - Found new thread

examples.Polyupdate_ESTest > test04 STANDARD_OUT
    10:02:24.505 [Test worker] INFO  o.e.runtime.thread.ThreadStopper - Found new thread

RegressionTest > RegressionTest0.test14 FAILED
    java.lang.AssertionError at RegressionTest0.java:184

RegressionTest > RegressionTest0.test28 FAILED
    java.lang.AssertionError at RegressionTest0.java:367

RegressionTest > RegressionTest0.test41 FAILED
    java.lang.AssertionError at RegressionTest0.java:561

RegressionTest0 > test14 FAILED
    java.lang.AssertionError at RegressionTest0.java:184

RegressionTest0 > test28 FAILED
    java.lang.AssertionError at RegressionTest0.java:367

RegressionTest0 > test41 FAILED
    java.lang.AssertionError at RegressionTest0.java:561
Results: FAILURE (394 tests, 386 successes, 8 failures, 0 skipped)
:test FAILED
4 actionable tasks: 4 executed
