:clean

BUILD SUCCESSFUL in 3s
1 actionable task: 1 executed
:compileJava
:processResources NO-SOURCE
:classes
:compileTestJava
:processTestResources NO-SOURCE
:testClasses
:jar
:assemble
:test

DataStructures.StackAr_ESTest STANDARD_OUT
    12:23:22.947 [Test worker] INFO  o.e.r.instrumentation.EvoClassLoader - Seeing class for first time: DataStructures.StackAr_ESTest
    12:23:22.954 [Test worker] INFO  o.e.r.instrumentation.EvoClassLoader - Instrumenting class 'DataStructures.StackAr_ESTest'.
    12:23:22.988 [Test worker] INFO  o.e.r.instrumentation.EvoClassLoader - Seeing class for first time: DataStructures.StackAr_ESTest_scaffolding
    12:23:22.989 [Test worker] INFO  o.e.r.instrumentation.EvoClassLoader - Instrumenting class 'DataStructures.StackAr_ESTest_scaffolding'.
    12:23:22.991 [Test worker] INFO  o.e.r.instrumentation.EvoClassLoader - Keeping class: DataStructures.StackAr_ESTest_scaffolding
    12:23:22.992 [Test worker] INFO  o.e.r.instrumentation.EvoClassLoader - Keeping class: DataStructures.StackAr_ESTest
    12:23:23.292 [Test worker] DEBUG o.e.runtime.sandbox.MSecurityManager - Adding privileged thread: "Reference Handler"
    12:23:23.293 [Test worker] DEBUG o.e.runtime.sandbox.MSecurityManager - Adding privileged thread: "Finalizer"
    12:23:23.293 [Test worker] DEBUG o.e.runtime.sandbox.MSecurityManager - Adding privileged thread: "Signal Dispatcher"
    12:23:23.293 [Test worker] DEBUG o.e.runtime.sandbox.MSecurityManager - Adding privileged thread: "Attach Listener"
    12:23:23.293 [Test worker] DEBUG o.e.runtime.sandbox.MSecurityManager - Adding privileged thread: "Java2D Disposer"
    12:23:23.293 [Test worker] DEBUG o.e.runtime.sandbox.MSecurityManager - Adding privileged thread: "AWT-Shutdown"
    12:23:23.293 [Test worker] DEBUG o.e.runtime.sandbox.MSecurityManager - Adding privileged thread: "AWT-Windows"
    12:23:23.294 [Test worker] DEBUG o.e.runtime.sandbox.MSecurityManager - Adding privileged thread: "main"
    12:23:23.294 [Test worker] DEBUG o.e.runtime.sandbox.MSecurityManager - Adding privileged thread: "Test worker"
    12:23:23.294 [Test worker] DEBUG o.e.runtime.sandbox.MSecurityManager - Adding privileged thread: "/127.0.0.1:49454 to /127.0.0.1:49453 workers Thread 2"
    12:23:23.294 [Test worker] DEBUG o.e.runtime.sandbox.MSecurityManager - Adding privileged thread: "/127.0.0.1:49454 to /127.0.0.1:49453 workers Thread 3"
    12:23:23.357 [Test worker] INFO  o.e.r.instrumentation.EvoClassLoader - Seeing class for first time: DataStructures.UnderflowException
    12:23:23.358 [Test worker] INFO  o.e.r.instrumentation.EvoClassLoader - Instrumenting class 'DataStructures.UnderflowException'.
    12:23:23.383 [Test worker] INFO  o.e.r.i.MethodCallReplacementClassAdapter - Adding mock interface to class DataStructures/UnderflowException
    12:23:23.633 [Test worker] INFO  o.e.r.i.CreateClassResetClassAdapter - Creating brand-new static initializer in class DataStructures/UnderflowException
    12:23:23.633 [Test worker] INFO  o.e.r.instrumentation.EvoClassLoader - Keeping class: DataStructures.UnderflowException
    12:23:23.634 [Test worker] INFO  o.e.r.instrumentation.EvoClassLoader - Seeing class for first time: DataStructures.StackAr
    12:23:23.634 [Test worker] INFO  o.e.r.instrumentation.EvoClassLoader - Instrumenting class 'DataStructures.StackAr'.
    12:23:23.635 [Test worker] INFO  o.e.r.i.MethodCallReplacementClassAdapter - Adding mock interface to class DataStructures/StackAr
    12:23:23.638 [Test worker] INFO  o.e.r.i.CreateClassResetClassAdapter - Creating brand-new static initializer in class DataStructures/StackAr
    12:23:23.638 [Test worker] INFO  o.e.r.i.CreateClassResetClassAdapter - Adding bytecode for initializing field DEFAULT_CAPACITY
    12:23:23.640 [Test worker] INFO  o.e.r.instrumentation.EvoClassLoader - Keeping class: DataStructures.StackAr
    12:23:23.640 [Test worker] INFO  o.e.r.instrumentation.EvoClassLoader - Seeing class for first time: DataStructures.OverflowException
    12:23:23.640 [Test worker] INFO  o.e.r.instrumentation.EvoClassLoader - Instrumenting class 'DataStructures.OverflowException'.
    12:23:23.641 [Test worker] INFO  o.e.r.i.MethodCallReplacementClassAdapter - Adding mock interface to class DataStructures/OverflowException
    12:23:23.642 [Test worker] INFO  o.e.r.i.CreateClassResetClassAdapter - Creating brand-new static initializer in class DataStructures/OverflowException
    12:23:23.642 [Test worker] INFO  o.e.r.instrumentation.EvoClassLoader - Keeping class: DataStructures.OverflowException

DataStructures.StackAr_ESTest > test01 STANDARD_OUT
    12:23:23.695 [Test worker] INFO  o.e.runtime.thread.ThreadStopper - Found new thread

RegressionTest > RegressionTest0.test01 FAILED
    java.lang.ArrayIndexOutOfBoundsException at RegressionTest0.java:17

RegressionTest > RegressionTest0.test09 FAILED
    java.lang.ArrayIndexOutOfBoundsException at RegressionTest0.java:108

RegressionTest > RegressionTest0.test32 FAILED
    java.lang.ArrayIndexOutOfBoundsException at RegressionTest0.java:406

RegressionTest0 > test01 FAILED
    java.lang.ArrayIndexOutOfBoundsException at RegressionTest0.java:17

RegressionTest0 > test09 FAILED
    java.lang.ArrayIndexOutOfBoundsException at RegressionTest0.java:108

RegressionTest0 > test32 FAILED
    java.lang.ArrayIndexOutOfBoundsException at RegressionTest0.java:406

testers.StackArTester0 > test001 FAILED
    java.lang.ArrayIndexOutOfBoundsException at StackArTester0.java:19

testers.StackArTester0 > test010 FAILED
    java.lang.ArrayIndexOutOfBoundsException at StackArTester0.java:126

testers.StackArTester0 > test016 FAILED
    java.lang.ArrayIndexOutOfBoundsException at StackArTester0.java:199

testers.StackArTester0 > test019 FAILED
    java.lang.ArrayIndexOutOfBoundsException at StackArTester0.java:239

testers.StackArTester0 > test021 FAILED
    java.lang.ArrayIndexOutOfBoundsException at StackArTester0.java:265

testers.StackArTester0 > test026 FAILED
    java.lang.ArrayIndexOutOfBoundsException at StackArTester0.java:331

testers.StackArTester0 > test027 FAILED
    java.lang.ArrayIndexOutOfBoundsException at StackArTester0.java:348

testers.StackArTester0 > test028 FAILED
    java.lang.ArrayIndexOutOfBoundsException at StackArTester0.java:365

testers.StackArTester0 > test031 FAILED
    java.lang.ArrayIndexOutOfBoundsException at StackArTester0.java:399

testers.StackArTester0 > test032 FAILED
    java.lang.ArrayIndexOutOfBoundsException at StackArTester0.java:414

testers.StackArTester0 > test035 FAILED
    java.lang.ArrayIndexOutOfBoundsException at StackArTester0.java:446

testers.StackArTester0 > test039 FAILED
    java.lang.ArrayIndexOutOfBoundsException at StackArTester0.java:497

testers.StackArTester0 > test045 FAILED
    java.lang.ArrayIndexOutOfBoundsException at StackArTester0.java:580

testers.StackArTester0 > test047 FAILED
    java.lang.ArrayIndexOutOfBoundsException at StackArTester0.java:614

testers.StackArTester0 > test053 FAILED
    java.lang.ArrayIndexOutOfBoundsException at StackArTester0.java:695

testers.StackArTester0 > test059 FAILED
    java.lang.ArrayIndexOutOfBoundsException at StackArTester0.java:774

testers.StackArTester0 > test064 FAILED
    java.lang.ArrayIndexOutOfBoundsException at StackArTester0.java:834

testers.StackArTester0 > test066 FAILED
    java.lang.ArrayIndexOutOfBoundsException at StackArTester0.java:860

testers.StackArTester0 > test077 FAILED
    java.lang.ArrayIndexOutOfBoundsException at StackArTester0.java:1023

testers.StackArTester0 > test081 FAILED
    java.lang.ArrayIndexOutOfBoundsException at StackArTester0.java:1078

testers.StackArTester0 > test082 FAILED
    java.lang.ArrayIndexOutOfBoundsException at StackArTester0.java:1096

testers.StackArTester0 > test083 FAILED
    java.lang.ArrayIndexOutOfBoundsException at StackArTester0.java:1111

testers.StackArTester0 > test092 FAILED
    java.lang.ArrayIndexOutOfBoundsException at StackArTester0.java:1234

testers.StackArTester0 > test096 FAILED
    java.lang.ArrayIndexOutOfBoundsException at StackArTester0.java:1291

testers.StackArTester0 > test099 FAILED
    java.lang.ArrayIndexOutOfBoundsException at StackArTester0.java:1336

testers.StackArTester0 > test103 FAILED
    java.lang.ArrayIndexOutOfBoundsException at StackArTester0.java:1384

testers.StackArTester0 > test111 FAILED
    java.lang.ArrayIndexOutOfBoundsException at StackArTester0.java:1491

testers.StackArTester0 > test127 FAILED
    java.lang.ArrayIndexOutOfBoundsException at StackArTester0.java:1715

testers.StackArTester0 > test128 FAILED
    java.lang.ArrayIndexOutOfBoundsException at StackArTester0.java:1731

testers.StackArTester0 > test131 FAILED
    java.lang.ArrayIndexOutOfBoundsException at StackArTester0.java:1775

testers.StackArTester0 > test132 FAILED
    java.lang.ArrayIndexOutOfBoundsException at StackArTester0.java:1793

testers.StackArTester0 > test135 FAILED
    java.lang.ArrayIndexOutOfBoundsException at StackArTester0.java:1838

testers.StackArTester0 > test136 FAILED
    java.lang.ArrayIndexOutOfBoundsException at StackArTester0.java:1862

testers.StackArTester0 > test144 FAILED
    java.lang.ArrayIndexOutOfBoundsException at StackArTester0.java:1990

testers.StackArTester0 > test148 FAILED
    java.lang.ArrayIndexOutOfBoundsException at StackArTester0.java:2039

testers.StackArTester0 > test150 FAILED
    java.lang.ArrayIndexOutOfBoundsException at StackArTester0.java:2084

testers.StackArTester0 > test151 FAILED
    java.lang.ArrayIndexOutOfBoundsException at StackArTester0.java:2101

testers.StackArTester0 > test169 FAILED
    java.lang.ArrayIndexOutOfBoundsException at StackArTester0.java:2385

testers.StackArTester0 > test185 FAILED
    java.lang.ArrayIndexOutOfBoundsException at StackArTester0.java:2621

testers.StackArTester0 > test193 FAILED
    java.lang.ArrayIndexOutOfBoundsException at StackArTester0.java:2728

testers.StackArTester0 > test204 FAILED
    java.lang.ArrayIndexOutOfBoundsException at StackArTester0.java:2901

testers.StackArTester0 > test206 FAILED
    java.lang.ArrayIndexOutOfBoundsException at StackArTester0.java:2929

testers.StackArTester0 > test227 FAILED
    java.lang.ArrayIndexOutOfBoundsException at StackArTester0.java:3250

testers.StackArTester0 > test251 FAILED
    java.lang.ArrayIndexOutOfBoundsException at StackArTester0.java:3617
Results: FAILURE (345 tests, 295 successes, 50 failures, 0 skipped)
:test FAILED
4 actionable tasks: 4 executed
