:clean

BUILD SUCCESSFUL in 2s
1 actionable task: 1 executed
:compileJava
:processResources NO-SOURCE
:classes
:compileTestJava
:processTestResources NO-SOURCE
:testClasses
:jar
:assemble
:test

examples.RingBuffer_ESTest STANDARD_OUT
    12:32:24.375 [Test worker] INFO  o.e.r.instrumentation.EvoClassLoader - Seeing class for first time: examples.RingBuffer_ESTest
    12:32:24.378 [Test worker] INFO  o.e.r.instrumentation.EvoClassLoader - Instrumenting class 'examples.RingBuffer_ESTest'.
    12:32:24.413 [Test worker] INFO  o.e.r.instrumentation.EvoClassLoader - Seeing class for first time: examples.RingBuffer_ESTest_scaffolding
    12:32:24.413 [Test worker] INFO  o.e.r.instrumentation.EvoClassLoader - Instrumenting class 'examples.RingBuffer_ESTest_scaffolding'.
    12:32:24.415 [Test worker] INFO  o.e.r.instrumentation.EvoClassLoader - Keeping class: examples.RingBuffer_ESTest_scaffolding
    12:32:24.416 [Test worker] INFO  o.e.r.instrumentation.EvoClassLoader - Keeping class: examples.RingBuffer_ESTest
    12:32:24.804 [Test worker] DEBUG o.e.runtime.sandbox.MSecurityManager - Adding privileged thread: "Reference Handler"
    12:32:24.805 [Test worker] DEBUG o.e.runtime.sandbox.MSecurityManager - Adding privileged thread: "Finalizer"
    12:32:24.805 [Test worker] DEBUG o.e.runtime.sandbox.MSecurityManager - Adding privileged thread: "Signal Dispatcher"
    12:32:24.805 [Test worker] DEBUG o.e.runtime.sandbox.MSecurityManager - Adding privileged thread: "Attach Listener"
    12:32:24.805 [Test worker] DEBUG o.e.runtime.sandbox.MSecurityManager - Adding privileged thread: "Java2D Disposer"
    12:32:24.805 [Test worker] DEBUG o.e.runtime.sandbox.MSecurityManager - Adding privileged thread: "AWT-Shutdown"
    12:32:24.805 [Test worker] DEBUG o.e.runtime.sandbox.MSecurityManager - Adding privileged thread: "AWT-Windows"
    12:32:24.805 [Test worker] DEBUG o.e.runtime.sandbox.MSecurityManager - Adding privileged thread: "main"
    12:32:24.805 [Test worker] DEBUG o.e.runtime.sandbox.MSecurityManager - Adding privileged thread: "Test worker"
    12:32:24.805 [Test worker] DEBUG o.e.runtime.sandbox.MSecurityManager - Adding privileged thread: "/127.0.0.1:50491 to /127.0.0.1:50490 workers Thread 2"
    12:32:24.805 [Test worker] DEBUG o.e.runtime.sandbox.MSecurityManager - Adding privileged thread: "/127.0.0.1:50491 to /127.0.0.1:50490 workers Thread 3"
    12:32:24.869 [Test worker] INFO  o.e.r.instrumentation.EvoClassLoader - Seeing class for first time: examples.RingBuffer
    12:32:24.870 [Test worker] INFO  o.e.r.instrumentation.EvoClassLoader - Instrumenting class 'examples.RingBuffer'.
    12:32:24.906 [Test worker] INFO  o.e.r.i.MethodCallReplacementClassAdapter - Adding mock interface to class examples/RingBuffer
    12:32:25.142 [Test worker] INFO  o.e.r.i.CreateClassResetClassAdapter - Creating brand-new static initializer in class examples/RingBuffer
    12:32:25.143 [Test worker] INFO  o.e.r.instrumentation.EvoClassLoader - Keeping class: examples.RingBuffer

examples.RingBuffer_ESTest > test15 STANDARD_OUT
    12:32:25.184 [Test worker] INFO  o.e.runtime.thread.ThreadStopper - Found new thread

RegressionTest > RegressionTest0.test016 FAILED
    java.lang.AssertionError at RegressionTest0.java:216

RegressionTest > RegressionTest0.test026 FAILED
    java.lang.AssertionError at RegressionTest0.java:391

RegressionTest > RegressionTest0.test058 FAILED
    java.lang.AssertionError at RegressionTest0.java:862

RegressionTest > RegressionTest0.test068 FAILED
    java.lang.AssertionError at RegressionTest0.java:1019

RegressionTest > RegressionTest0.test091 FAILED
    java.lang.AssertionError at RegressionTest0.java:1384

RegressionTest0 > test016 FAILED
    java.lang.AssertionError at RegressionTest0.java:216

RegressionTest0 > test026 FAILED
    java.lang.AssertionError at RegressionTest0.java:391

RegressionTest0 > test058 FAILED
    java.lang.AssertionError at RegressionTest0.java:862

RegressionTest0 > test068 FAILED
    java.lang.AssertionError at RegressionTest0.java:1019

RegressionTest0 > test091 FAILED
    java.lang.AssertionError at RegressionTest0.java:1384

testers.RingBufferTester0 > test116 FAILED
    java.lang.AssertionError at RingBufferTester0.java:1629

testers.RingBufferTester0 > test123 FAILED
    java.lang.AssertionError at RingBufferTester0.java:1724

testers.RingBufferTester0 > test188 FAILED
    java.lang.AssertionError at RingBufferTester0.java:2691

testers.RingBufferTester0 > test219 FAILED
    java.lang.AssertionError at RingBufferTester0.java:3109
Results: FAILURE (564 tests, 550 successes, 14 failures, 0 skipped)
:test FAILED
4 actionable tasks: 4 executed
