:clean

BUILD SUCCESSFUL in 2s
1 actionable task: 1 executed
:compileJava
:processResources NO-SOURCE
:classes
:compileTestJava
:processTestResources NO-SOURCE
:testClasses
:jar
:assemble
:test

org.apache.commons.math3.util.MathUtilsNew_ESTest STANDARD_OUT
    03:21:26.269 [Test worker] INFO  o.e.r.instrumentation.EvoClassLoader - Seeing class for first time: org.apache.commons.math3.util.MathUtilsNew_ESTest
    03:21:26.272 [Test worker] INFO  o.e.r.instrumentation.EvoClassLoader - Instrumenting class 'org.apache.commons.math3.util.MathUtilsNew_ESTest'.
    03:21:26.318 [Test worker] INFO  o.e.r.instrumentation.EvoClassLoader - Seeing class for first time: org.apache.commons.math3.util.MathUtilsNew_ESTest_scaffolding
    03:21:26.319 [Test worker] INFO  o.e.r.instrumentation.EvoClassLoader - Instrumenting class 'org.apache.commons.math3.util.MathUtilsNew_ESTest_scaffolding'.
    03:21:26.329 [Test worker] INFO  o.e.r.instrumentation.EvoClassLoader - Keeping class: org.apache.commons.math3.util.MathUtilsNew_ESTest_scaffolding
    03:21:26.329 [Test worker] INFO  o.e.r.instrumentation.EvoClassLoader - Keeping class: org.apache.commons.math3.util.MathUtilsNew_ESTest
    03:21:26.759 [Test worker] DEBUG o.e.runtime.sandbox.MSecurityManager - Adding privileged thread: "Reference Handler"
    03:21:26.759 [Test worker] DEBUG o.e.runtime.sandbox.MSecurityManager - Adding privileged thread: "Finalizer"
    03:21:26.759 [Test worker] DEBUG o.e.runtime.sandbox.MSecurityManager - Adding privileged thread: "Signal Dispatcher"
    03:21:26.759 [Test worker] DEBUG o.e.runtime.sandbox.MSecurityManager - Adding privileged thread: "Attach Listener"
    03:21:26.759 [Test worker] DEBUG o.e.runtime.sandbox.MSecurityManager - Adding privileged thread: "Java2D Disposer"
    03:21:26.759 [Test worker] DEBUG o.e.runtime.sandbox.MSecurityManager - Adding privileged thread: "AWT-Shutdown"
    03:21:26.759 [Test worker] DEBUG o.e.runtime.sandbox.MSecurityManager - Adding privileged thread: "AWT-Windows"
    03:21:26.760 [Test worker] DEBUG o.e.runtime.sandbox.MSecurityManager - Adding privileged thread: "main"
    03:21:26.760 [Test worker] DEBUG o.e.runtime.sandbox.MSecurityManager - Adding privileged thread: "Test worker"
    03:21:26.760 [Test worker] DEBUG o.e.runtime.sandbox.MSecurityManager - Adding privileged thread: "/127.0.0.1:49374 to /127.0.0.1:49373 workers Thread 2"
    03:21:26.760 [Test worker] DEBUG o.e.runtime.sandbox.MSecurityManager - Adding privileged thread: "/127.0.0.1:49374 to /127.0.0.1:49373 workers Thread 3"
    03:21:26.852 [Test worker] INFO  o.e.r.instrumentation.EvoClassLoader - Seeing class for first time: org.apache.commons.math3.util.MathUtilsNew
    03:21:26.852 [Test worker] INFO  o.e.r.instrumentation.EvoClassLoader - Instrumenting class 'org.apache.commons.math3.util.MathUtilsNew'.
    03:21:26.884 [Test worker] INFO  o.e.r.i.MethodCallReplacementClassAdapter - Adding mock interface to class org/apache/commons/math3/util/MathUtilsNew
    03:21:27.219 [Test worker] INFO  o.e.r.i.CreateClassResetClassAdapter - Creating brand-new static initializer in class org/apache/commons/math3/util/MathUtilsNew
    03:21:27.219 [Test worker] INFO  o.e.r.instrumentation.EvoClassLoader - Keeping class: org.apache.commons.math3.util.MathUtilsNew
    03:21:27.220 [Test worker] INFO  o.e.r.instrumentation.EvoClassLoader - Seeing class for first time: org.apache.commons.math3.exception.util.Localizable
    03:21:27.220 [Test worker] INFO  o.e.r.instrumentation.EvoClassLoader - Instrumenting class 'org.apache.commons.math3.exception.util.Localizable'.
    03:21:27.228 [Test worker] INFO  o.e.r.instrumentation.EvoClassLoader - Defined package (3): package org.apache.commons.math3.exception.util, -505269952
    03:21:27.229 [Test worker] INFO  o.e.r.instrumentation.EvoClassLoader - Keeping class: org.apache.commons.math3.exception.util.Localizable
    03:21:27.229 [Test worker] INFO  o.e.r.instrumentation.EvoClassLoader - Seeing class for first time: org.apache.commons.math3.exception.MathArithmeticException
    03:21:27.229 [Test worker] INFO  o.e.r.instrumentation.EvoClassLoader - Instrumenting class 'org.apache.commons.math3.exception.MathArithmeticException'.
    03:21:27.234 [Test worker] INFO  o.e.r.i.MethodCallReplacementClassAdapter - Adding mock interface to class org/apache/commons/math3/exception/MathArithmeticException
    03:21:27.236 [Test worker] INFO  o.e.r.i.CreateClassResetClassAdapter - Creating brand-new static initializer in class org/apache/commons/math3/exception/MathArithmeticException
    03:21:27.239 [Test worker] INFO  o.e.r.instrumentation.EvoClassLoader - Defined package (3): package org.apache.commons.math3.exception, 1643916784
    03:21:27.239 [Test worker] INFO  o.e.r.instrumentation.EvoClassLoader - Seeing class for first time: org.apache.commons.math3.exception.util.ExceptionContextProvider
    03:21:27.239 [Test worker] INFO  o.e.r.instrumentation.EvoClassLoader - Instrumenting class 'org.apache.commons.math3.exception.util.ExceptionContextProvider'.
    03:21:27.242 [Test worker] INFO  o.e.r.instrumentation.EvoClassLoader - Keeping class: org.apache.commons.math3.exception.util.ExceptionContextProvider
    03:21:27.243 [Test worker] INFO  o.e.r.instrumentation.EvoClassLoader - Keeping class: org.apache.commons.math3.exception.MathArithmeticException
    03:21:27.244 [Test worker] INFO  o.e.r.instrumentation.EvoClassLoader - Seeing class for first time: org.apache.commons.math3.exception.util.LocalizedFormats
    03:21:27.244 [Test worker] INFO  o.e.r.instrumentation.EvoClassLoader - Instrumenting class 'org.apache.commons.math3.exception.util.LocalizedFormats'.
    03:21:27.253 [Test worker] INFO  o.e.r.i.MethodCallReplacementClassAdapter - Adding mock interface to class org/apache/commons/math3/exception/util/LocalizedFormats
    03:21:27.262 [Test worker] INFO  o.e.r.i.CreateClassResetClassAdapter - Found static initializer in class org/apache/commons/math3/exception/util/LocalizedFormats
    03:21:27.281 [Test worker] INFO  o.e.r.instrumentation.EvoClassLoader - Keeping class: org.apache.commons.math3.exception.util.LocalizedFormats
    03:21:27.289 [Test worker] INFO  o.e.r.instrumentation.EvoClassLoader - Seeing class for first time: org.apache.commons.math3.exception.util.ExceptionContext
    03:21:27.289 [Test worker] INFO  o.e.r.instrumentation.EvoClassLoader - Instrumenting class 'org.apache.commons.math3.exception.util.ExceptionContext'.
    03:21:27.293 [Test worker] INFO  o.e.r.i.MethodCallReplacementClassAdapter - Adding mock interface to class org/apache/commons/math3/exception/util/ExceptionContext
    03:21:27.297 [Test worker] INFO  o.e.r.i.CreateClassResetClassAdapter - Creating brand-new static initializer in class org/apache/commons/math3/exception/util/ExceptionContext
    03:21:27.298 [Test worker] INFO  o.e.r.instrumentation.EvoClassLoader - Keeping class: org.apache.commons.math3.exception.util.ExceptionContext
    03:21:27.301 [Test worker] INFO  o.e.r.instrumentation.EvoClassLoader - Seeing class for first time: org.apache.commons.math3.exception.util.ArgUtils
    03:21:27.301 [Test worker] INFO  o.e.r.instrumentation.EvoClassLoader - Instrumenting class 'org.apache.commons.math3.exception.util.ArgUtils'.
    03:21:27.305 [Test worker] INFO  o.e.r.i.MethodCallReplacementClassAdapter - Adding mock interface to class org/apache/commons/math3/exception/util/ArgUtils
    03:21:27.307 [Test worker] INFO  o.e.r.i.CreateClassResetClassAdapter - Creating brand-new static initializer in class org/apache/commons/math3/exception/util/ArgUtils
    03:21:27.307 [Test worker] INFO  o.e.r.instrumentation.EvoClassLoader - Keeping class: org.apache.commons.math3.exception.util.ArgUtils

org.apache.commons.math3.util.MathUtilsNew_ESTest > test6 FAILED
    java.lang.AssertionError at MathUtilsNew_ESTest.java:66

org.apache.commons.math3.util.MathUtilsNew_ESTest > test0 FAILED
    java.lang.AssertionError at MathUtilsNew_ESTest.java:22

RegressionTest > RegressionTest0.test02 FAILED
    java.lang.AssertionError at RegressionTest0.java:24

RegressionTest > RegressionTest0.test04 FAILED
    java.lang.AssertionError at RegressionTest0.java:40

RegressionTest > RegressionTest0.test07 FAILED
    java.lang.AssertionError at RegressionTest0.java:64

RegressionTest > RegressionTest0.test09 FAILED
    java.lang.AssertionError at RegressionTest0.java:80

RegressionTest > RegressionTest0.test10 FAILED
    java.lang.AssertionError at RegressionTest0.java:88

RegressionTest > RegressionTest0.test14 FAILED
    java.lang.AssertionError at RegressionTest0.java:121

RegressionTest > RegressionTest0.test21 FAILED
    java.lang.AssertionError at RegressionTest0.java:177

RegressionTest > RegressionTest0.test22 FAILED
    java.lang.AssertionError at RegressionTest0.java:185

RegressionTest > RegressionTest0.test27 FAILED
    java.lang.AssertionError at RegressionTest0.java:225

RegressionTest > RegressionTest0.test38 FAILED
    java.lang.AssertionError at RegressionTest0.java:313

RegressionTest > RegressionTest0.test41 FAILED
    java.lang.AssertionError at RegressionTest0.java:337

RegressionTest > RegressionTest0.test45 FAILED
    java.lang.AssertionError at RegressionTest0.java:369

RegressionTest > RegressionTest0.test46 FAILED
    java.lang.AssertionError at RegressionTest0.java:377

RegressionTest > RegressionTest0.test48 FAILED
    java.lang.AssertionError at RegressionTest0.java:393

RegressionTest > RegressionTest0.test50 FAILED
    java.lang.AssertionError at RegressionTest0.java:409

RegressionTest0 > test02 FAILED
    java.lang.AssertionError at RegressionTest0.java:24

RegressionTest0 > test04 FAILED
    java.lang.AssertionError at RegressionTest0.java:40

RegressionTest0 > test07 FAILED
    java.lang.AssertionError at RegressionTest0.java:64

RegressionTest0 > test09 FAILED
    java.lang.AssertionError at RegressionTest0.java:80

RegressionTest0 > test10 FAILED
    java.lang.AssertionError at RegressionTest0.java:88

RegressionTest0 > test14 FAILED
    java.lang.AssertionError at RegressionTest0.java:121

RegressionTest0 > test21 FAILED
    java.lang.AssertionError at RegressionTest0.java:177

RegressionTest0 > test22 FAILED
    java.lang.AssertionError at RegressionTest0.java:185

RegressionTest0 > test27 FAILED
    java.lang.AssertionError at RegressionTest0.java:225

RegressionTest0 > test38 FAILED
    java.lang.AssertionError at RegressionTest0.java:313

RegressionTest0 > test41 FAILED
    java.lang.AssertionError at RegressionTest0.java:337

RegressionTest0 > test45 FAILED
    java.lang.AssertionError at RegressionTest0.java:369

RegressionTest0 > test46 FAILED
    java.lang.AssertionError at RegressionTest0.java:377

RegressionTest0 > test48 FAILED
    java.lang.AssertionError at RegressionTest0.java:393

RegressionTest0 > test50 FAILED
    java.lang.AssertionError at RegressionTest0.java:409
Results: FAILURE (607 tests, 575 successes, 32 failures, 0 skipped)
:test FAILED
4 actionable tasks: 4 executed
