:clean

BUILD SUCCESSFUL in 2s
1 actionable task: 1 executed
:compileJava
:processResources NO-SOURCE
:classes
:compileTestJava
:processTestResources NO-SOURCE
:testClasses
:jar
:assemble
:test

lang3.BooleanUtils_ESTest STANDARD_OUT
    18:39:48.164 [Test worker] INFO  o.e.r.instrumentation.EvoClassLoader - Seeing class for first time: lang3.BooleanUtils_ESTest
    18:39:48.169 [Test worker] INFO  o.e.r.instrumentation.EvoClassLoader - Instrumenting class 'lang3.BooleanUtils_ESTest'.
    18:39:48.214 [Test worker] INFO  o.e.r.instrumentation.EvoClassLoader - Seeing class for first time: lang3.BooleanUtils_ESTest_scaffolding
    18:39:48.214 [Test worker] INFO  o.e.r.instrumentation.EvoClassLoader - Instrumenting class 'lang3.BooleanUtils_ESTest_scaffolding'.
    18:39:48.218 [Test worker] INFO  o.e.r.instrumentation.EvoClassLoader - Keeping class: lang3.BooleanUtils_ESTest_scaffolding
    18:39:48.218 [Test worker] INFO  o.e.r.instrumentation.EvoClassLoader - Keeping class: lang3.BooleanUtils_ESTest
    18:39:48.618 [Test worker] DEBUG o.e.runtime.sandbox.MSecurityManager - Adding privileged thread: "Reference Handler"
    18:39:48.618 [Test worker] DEBUG o.e.runtime.sandbox.MSecurityManager - Adding privileged thread: "Finalizer"
    18:39:48.618 [Test worker] DEBUG o.e.runtime.sandbox.MSecurityManager - Adding privileged thread: "Signal Dispatcher"
    18:39:48.618 [Test worker] DEBUG o.e.runtime.sandbox.MSecurityManager - Adding privileged thread: "Attach Listener"
    18:39:48.618 [Test worker] DEBUG o.e.runtime.sandbox.MSecurityManager - Adding privileged thread: "Java2D Disposer"
    18:39:48.619 [Test worker] DEBUG o.e.runtime.sandbox.MSecurityManager - Adding privileged thread: "AWT-Shutdown"
    18:39:48.619 [Test worker] DEBUG o.e.runtime.sandbox.MSecurityManager - Adding privileged thread: "AWT-Windows"
    18:39:48.620 [Test worker] DEBUG o.e.runtime.sandbox.MSecurityManager - Adding privileged thread: "main"
    18:39:48.620 [Test worker] DEBUG o.e.runtime.sandbox.MSecurityManager - Adding privileged thread: "Test worker"
    18:39:48.620 [Test worker] DEBUG o.e.runtime.sandbox.MSecurityManager - Adding privileged thread: "/127.0.0.1:56550 to /127.0.0.1:56549 workers Thread 2"
    18:39:48.620 [Test worker] DEBUG o.e.runtime.sandbox.MSecurityManager - Adding privileged thread: "/127.0.0.1:56550 to /127.0.0.1:56549 workers Thread 3"
    18:39:48.718 [Test worker] INFO  o.e.r.instrumentation.EvoClassLoader - Seeing class for first time: lang3.BooleanUtils
    18:39:48.718 [Test worker] INFO  o.e.r.instrumentation.EvoClassLoader - Instrumenting class 'lang3.BooleanUtils'.
    18:39:48.749 [Test worker] INFO  o.e.r.i.MethodCallReplacementClassAdapter - Adding mock interface to class lang3/BooleanUtils
    18:39:49.022 [Test worker] INFO  o.e.r.i.CreateClassResetClassAdapter - Creating brand-new static initializer in class lang3/BooleanUtils
    18:39:49.023 [Test worker] INFO  o.e.r.instrumentation.EvoClassLoader - Keeping class: lang3.BooleanUtils

lang3.BooleanUtils_ESTest > test1 FAILED
    java.lang.AssertionError at BooleanUtils_ESTest.java:29

RegressionTest > RegressionTest0.test02 FAILED
    java.lang.AssertionError at RegressionTest0.java:26

RegressionTest > RegressionTest0.test03 FAILED
    java.lang.AssertionError at RegressionTest0.java:38

RegressionTest > RegressionTest0.test04 FAILED
    java.lang.AssertionError at RegressionTest0.java:52

RegressionTest > RegressionTest0.test06 FAILED
    java.lang.AssertionError at RegressionTest0.java:78

RegressionTest > RegressionTest0.test07 FAILED
    java.lang.AssertionError at RegressionTest0.java:94

RegressionTest > RegressionTest0.test08 FAILED
    java.lang.AssertionError at RegressionTest0.java:111

RegressionTest > RegressionTest0.test10 FAILED
    java.lang.AssertionError at RegressionTest0.java:137

RegressionTest > RegressionTest0.test11 FAILED
    java.lang.AssertionError at RegressionTest0.java:156

RegressionTest > RegressionTest0.test12 FAILED
    java.lang.AssertionError at RegressionTest0.java:176

RegressionTest > RegressionTest0.test13 FAILED
    java.lang.AssertionError at RegressionTest0.java:196

RegressionTest > RegressionTest0.test14 FAILED
    java.lang.AssertionError at RegressionTest0.java:214

RegressionTest > RegressionTest0.test16 FAILED
    java.lang.AssertionError at RegressionTest0.java:245

RegressionTest > RegressionTest0.test17 FAILED
    java.lang.AssertionError at RegressionTest0.java:269

RegressionTest > RegressionTest0.test18 FAILED
    java.lang.AssertionError at RegressionTest0.java:287

RegressionTest > RegressionTest0.test19 FAILED
    java.lang.AssertionError at RegressionTest0.java:302

RegressionTest > RegressionTest0.test20 FAILED
    java.lang.AssertionError at RegressionTest0.java:321

RegressionTest > RegressionTest0.test21 FAILED
    java.lang.AssertionError at RegressionTest0.java:338

RegressionTest > RegressionTest0.test22 FAILED
    java.lang.AssertionError at RegressionTest0.java:354

RegressionTest > RegressionTest0.test23 FAILED
    java.lang.AssertionError at RegressionTest0.java:373

RegressionTest > RegressionTest0.test24 FAILED
    java.lang.AssertionError at RegressionTest0.java:390

RegressionTest > RegressionTest0.test25 FAILED
    java.lang.AssertionError at RegressionTest0.java:402

RegressionTest > RegressionTest0.test26 FAILED
    java.lang.AssertionError at RegressionTest0.java:419

RegressionTest > RegressionTest0.test27 FAILED
    java.lang.AssertionError at RegressionTest0.java:441

RegressionTest > RegressionTest0.test28 FAILED
    java.lang.AssertionError at RegressionTest0.java:455

RegressionTest > RegressionTest0.test29 FAILED
    java.lang.AssertionError at RegressionTest0.java:472

RegressionTest > RegressionTest0.test30 FAILED
    java.lang.AssertionError at RegressionTest0.java:494

RegressionTest > RegressionTest0.test32 FAILED
    java.lang.AssertionError at RegressionTest0.java:530

RegressionTest > RegressionTest0.test33 FAILED
    java.lang.AssertionError at RegressionTest0.java:545

RegressionTest > RegressionTest0.test34 FAILED
    java.lang.AssertionError at RegressionTest0.java:565

RegressionTest > RegressionTest0.test35 FAILED
    java.lang.AssertionError at RegressionTest0.java:585

RegressionTest > RegressionTest0.test36 FAILED
    java.lang.AssertionError at RegressionTest0.java:602

RegressionTest > RegressionTest0.test37 FAILED
    java.lang.AssertionError at RegressionTest0.java:617

RegressionTest > RegressionTest0.test38 FAILED
    java.lang.AssertionError at RegressionTest0.java:642

RegressionTest > RegressionTest0.test39 FAILED
    java.lang.AssertionError at RegressionTest0.java:668

RegressionTest > RegressionTest0.test40 FAILED
    java.lang.AssertionError at RegressionTest0.java:693

RegressionTest > RegressionTest0.test41 FAILED
    java.lang.AssertionError at RegressionTest0.java:717

RegressionTest > RegressionTest0.test42 FAILED
    java.lang.AssertionError at RegressionTest0.java:734

RegressionTest > RegressionTest0.test43 FAILED
    java.lang.AssertionError at RegressionTest0.java:750

RegressionTest > RegressionTest0.test44 FAILED
    java.lang.AssertionError at RegressionTest0.java:766

RegressionTest > RegressionTest0.test45 FAILED
    java.lang.AssertionError at RegressionTest0.java:784

RegressionTest > RegressionTest0.test46 FAILED
    java.lang.AssertionError at RegressionTest0.java:803

RegressionTest > RegressionTest0.test47 FAILED
    java.lang.AssertionError at RegressionTest0.java:823

RegressionTest > RegressionTest0.test48 FAILED
    java.lang.AssertionError at RegressionTest0.java:844

RegressionTest > RegressionTest0.test49 FAILED
    java.lang.AssertionError at RegressionTest0.java:868

RegressionTest > RegressionTest0.test50 FAILED
    java.lang.AssertionError at RegressionTest0.java:892

RegressionTest > RegressionTest0.test51 FAILED
    java.lang.AssertionError at RegressionTest0.java:909

RegressionTest > RegressionTest0.test52 FAILED
    java.lang.AssertionError at RegressionTest0.java:929

RegressionTest > RegressionTest0.test53 FAILED
    java.lang.AssertionError at RegressionTest0.java:953

RegressionTest0 > test02 FAILED
    java.lang.AssertionError at RegressionTest0.java:26

RegressionTest0 > test03 FAILED
    java.lang.AssertionError at RegressionTest0.java:38

RegressionTest0 > test04 FAILED
    java.lang.AssertionError at RegressionTest0.java:52

RegressionTest0 > test06 FAILED
    java.lang.AssertionError at RegressionTest0.java:78

RegressionTest0 > test07 FAILED
    java.lang.AssertionError at RegressionTest0.java:94

RegressionTest0 > test08 FAILED
    java.lang.AssertionError at RegressionTest0.java:111

RegressionTest0 > test10 FAILED
    java.lang.AssertionError at RegressionTest0.java:137

RegressionTest0 > test11 FAILED
    java.lang.AssertionError at RegressionTest0.java:156

RegressionTest0 > test12 FAILED
    java.lang.AssertionError at RegressionTest0.java:176

RegressionTest0 > test13 FAILED
    java.lang.AssertionError at RegressionTest0.java:196

RegressionTest0 > test14 FAILED
    java.lang.AssertionError at RegressionTest0.java:214

RegressionTest0 > test16 FAILED
    java.lang.AssertionError at RegressionTest0.java:245

RegressionTest0 > test17 FAILED
    java.lang.AssertionError at RegressionTest0.java:269

RegressionTest0 > test18 FAILED
    java.lang.AssertionError at RegressionTest0.java:287

RegressionTest0 > test19 FAILED
    java.lang.AssertionError at RegressionTest0.java:302

RegressionTest0 > test20 FAILED
    java.lang.AssertionError at RegressionTest0.java:321

RegressionTest0 > test21 FAILED
    java.lang.AssertionError at RegressionTest0.java:338

RegressionTest0 > test22 FAILED
    java.lang.AssertionError at RegressionTest0.java:354

RegressionTest0 > test23 FAILED
    java.lang.AssertionError at RegressionTest0.java:373

RegressionTest0 > test24 FAILED
    java.lang.AssertionError at RegressionTest0.java:390

RegressionTest0 > test25 FAILED
    java.lang.AssertionError at RegressionTest0.java:402

RegressionTest0 > test26 FAILED
    java.lang.AssertionError at RegressionTest0.java:419

RegressionTest0 > test27 FAILED
    java.lang.AssertionError at RegressionTest0.java:441

RegressionTest0 > test28 FAILED
    java.lang.AssertionError at RegressionTest0.java:455

RegressionTest0 > test29 FAILED
    java.lang.AssertionError at RegressionTest0.java:472

RegressionTest0 > test30 FAILED
    java.lang.AssertionError at RegressionTest0.java:494

RegressionTest0 > test32 FAILED
    java.lang.AssertionError at RegressionTest0.java:530

RegressionTest0 > test33 FAILED
    java.lang.AssertionError at RegressionTest0.java:545

RegressionTest0 > test34 FAILED
    java.lang.AssertionError at RegressionTest0.java:565

RegressionTest0 > test35 FAILED
    java.lang.AssertionError at RegressionTest0.java:585

RegressionTest0 > test36 FAILED
    java.lang.AssertionError at RegressionTest0.java:602

RegressionTest0 > test37 FAILED
    java.lang.AssertionError at RegressionTest0.java:617

RegressionTest0 > test38 FAILED
    java.lang.AssertionError at RegressionTest0.java:642

RegressionTest0 > test39 FAILED
    java.lang.AssertionError at RegressionTest0.java:668

RegressionTest0 > test40 FAILED
    java.lang.AssertionError at RegressionTest0.java:693

RegressionTest0 > test41 FAILED
    java.lang.AssertionError at RegressionTest0.java:717

RegressionTest0 > test42 FAILED
    java.lang.AssertionError at RegressionTest0.java:734

RegressionTest0 > test43 FAILED
    java.lang.AssertionError at RegressionTest0.java:750

RegressionTest0 > test44 FAILED
    java.lang.AssertionError at RegressionTest0.java:766

RegressionTest0 > test45 FAILED
    java.lang.AssertionError at RegressionTest0.java:784

RegressionTest0 > test46 FAILED
    java.lang.AssertionError at RegressionTest0.java:803

RegressionTest0 > test47 FAILED
    java.lang.AssertionError at RegressionTest0.java:823

RegressionTest0 > test48 FAILED
    java.lang.AssertionError at RegressionTest0.java:844

RegressionTest0 > test49 FAILED
    java.lang.AssertionError at RegressionTest0.java:868

RegressionTest0 > test50 FAILED
    java.lang.AssertionError at RegressionTest0.java:892

RegressionTest0 > test51 FAILED
    java.lang.AssertionError at RegressionTest0.java:909

RegressionTest0 > test52 FAILED
    java.lang.AssertionError at RegressionTest0.java:929

RegressionTest0 > test53 FAILED
    java.lang.AssertionError at RegressionTest0.java:953
Results: FAILURE (382 tests, 285 successes, 97 failures, 0 skipped)
:test FAILED
4 actionable tasks: 4 executed
