:clean

BUILD SUCCESSFUL in 2s
1 actionable task: 1 executed
:compileJava
:processResources NO-SOURCE
:classes
:compileTestJava
:processTestResources NO-SOURCE
:testClasses
:jar
:assemble
:test

lang3.BooleanUtils_ESTest STANDARD_OUT
    18:40:04.123 [Test worker] INFO  o.e.r.instrumentation.EvoClassLoader - Seeing class for first time: lang3.BooleanUtils_ESTest
    18:40:04.128 [Test worker] INFO  o.e.r.instrumentation.EvoClassLoader - Instrumenting class 'lang3.BooleanUtils_ESTest'.
    18:40:04.169 [Test worker] INFO  o.e.r.instrumentation.EvoClassLoader - Seeing class for first time: lang3.BooleanUtils_ESTest_scaffolding
    18:40:04.170 [Test worker] INFO  o.e.r.instrumentation.EvoClassLoader - Instrumenting class 'lang3.BooleanUtils_ESTest_scaffolding'.
    18:40:04.178 [Test worker] INFO  o.e.r.instrumentation.EvoClassLoader - Keeping class: lang3.BooleanUtils_ESTest_scaffolding
    18:40:04.178 [Test worker] INFO  o.e.r.instrumentation.EvoClassLoader - Keeping class: lang3.BooleanUtils_ESTest
    18:40:04.592 [Test worker] DEBUG o.e.runtime.sandbox.MSecurityManager - Adding privileged thread: "Reference Handler"
    18:40:04.593 [Test worker] DEBUG o.e.runtime.sandbox.MSecurityManager - Adding privileged thread: "Finalizer"
    18:40:04.597 [Test worker] DEBUG o.e.runtime.sandbox.MSecurityManager - Adding privileged thread: "Signal Dispatcher"
    18:40:04.598 [Test worker] DEBUG o.e.runtime.sandbox.MSecurityManager - Adding privileged thread: "Attach Listener"
    18:40:04.599 [Test worker] DEBUG o.e.runtime.sandbox.MSecurityManager - Adding privileged thread: "Java2D Disposer"
    18:40:04.599 [Test worker] DEBUG o.e.runtime.sandbox.MSecurityManager - Adding privileged thread: "AWT-Shutdown"
    18:40:04.600 [Test worker] DEBUG o.e.runtime.sandbox.MSecurityManager - Adding privileged thread: "AWT-Windows"
    18:40:04.600 [Test worker] DEBUG o.e.runtime.sandbox.MSecurityManager - Adding privileged thread: "main"
    18:40:04.600 [Test worker] DEBUG o.e.runtime.sandbox.MSecurityManager - Adding privileged thread: "Test worker"
    18:40:04.600 [Test worker] DEBUG o.e.runtime.sandbox.MSecurityManager - Adding privileged thread: "/127.0.0.1:56566 to /127.0.0.1:56565 workers Thread 2"
    18:40:04.600 [Test worker] DEBUG o.e.runtime.sandbox.MSecurityManager - Adding privileged thread: "/127.0.0.1:56566 to /127.0.0.1:56565 workers Thread 3"
    18:40:04.699 [Test worker] INFO  o.e.r.instrumentation.EvoClassLoader - Seeing class for first time: lang3.BooleanUtils
    18:40:04.700 [Test worker] INFO  o.e.r.instrumentation.EvoClassLoader - Instrumenting class 'lang3.BooleanUtils'.
    18:40:04.732 [Test worker] INFO  o.e.r.i.MethodCallReplacementClassAdapter - Adding mock interface to class lang3/BooleanUtils
    18:40:05.044 [Test worker] INFO  o.e.r.i.CreateClassResetClassAdapter - Creating brand-new static initializer in class lang3/BooleanUtils
    18:40:05.045 [Test worker] INFO  o.e.r.instrumentation.EvoClassLoader - Keeping class: lang3.BooleanUtils

lang3.BooleanUtils_ESTest > test2 FAILED
    java.lang.AssertionError at BooleanUtils_ESTest.java:36

RegressionTest > RegressionTest0.test05 FAILED
    java.lang.AssertionError at RegressionTest0.java:65

RegressionTest > RegressionTest0.test07 FAILED
    java.lang.AssertionError at RegressionTest0.java:97

RegressionTest > RegressionTest0.test11 FAILED
    java.lang.AssertionError at RegressionTest0.java:159

RegressionTest > RegressionTest0.test12 FAILED
    java.lang.AssertionError at RegressionTest0.java:179

RegressionTest > RegressionTest0.test13 FAILED
    java.lang.AssertionError at RegressionTest0.java:201

RegressionTest > RegressionTest0.test14 FAILED
    java.lang.AssertionError at RegressionTest0.java:213

RegressionTest > RegressionTest0.test15 FAILED
    java.lang.AssertionError at RegressionTest0.java:226

RegressionTest > RegressionTest0.test16 FAILED
    java.lang.AssertionError at RegressionTest0.java:248

RegressionTest > RegressionTest0.test17 FAILED
    java.lang.AssertionError at RegressionTest0.java:272

RegressionTest > RegressionTest0.test18 FAILED
    java.lang.AssertionError at RegressionTest0.java:288

RegressionTest > RegressionTest0.test20 FAILED
    java.lang.AssertionError at RegressionTest0.java:325

RegressionTest > RegressionTest0.test22 FAILED
    java.lang.AssertionError at RegressionTest0.java:358

RegressionTest > RegressionTest0.test24 FAILED
    java.lang.AssertionError at RegressionTest0.java:389

RegressionTest > RegressionTest0.test26 FAILED
    java.lang.AssertionError at RegressionTest0.java:423

RegressionTest > RegressionTest0.test27 FAILED
    java.lang.AssertionError at RegressionTest0.java:438

RegressionTest > RegressionTest0.test28 FAILED
    java.lang.AssertionError at RegressionTest0.java:459

RegressionTest > RegressionTest0.test30 FAILED
    java.lang.AssertionError at RegressionTest0.java:497

RegressionTest > RegressionTest0.test31 FAILED
    java.lang.AssertionError at RegressionTest0.java:515

RegressionTest > RegressionTest0.test32 FAILED
    java.lang.AssertionError at RegressionTest0.java:531

RegressionTest > RegressionTest0.test34 FAILED
    java.lang.AssertionError at RegressionTest0.java:568

RegressionTest > RegressionTest0.test35 FAILED
    java.lang.AssertionError at RegressionTest0.java:587

RegressionTest > RegressionTest0.test36 FAILED
    java.lang.AssertionError at RegressionTest0.java:600

RegressionTest > RegressionTest0.test38 FAILED
    java.lang.AssertionError at RegressionTest0.java:645

RegressionTest > RegressionTest0.test39 FAILED
    java.lang.AssertionError at RegressionTest0.java:671

RegressionTest > RegressionTest0.test40 FAILED
    java.lang.AssertionError at RegressionTest0.java:696

RegressionTest > RegressionTest0.test41 FAILED
    java.lang.AssertionError at RegressionTest0.java:720

RegressionTest > RegressionTest0.test45 FAILED
    java.lang.AssertionError at RegressionTest0.java:787

RegressionTest > RegressionTest0.test46 FAILED
    java.lang.AssertionError at RegressionTest0.java:806

RegressionTest > RegressionTest0.test47 FAILED
    java.lang.AssertionError at RegressionTest0.java:828

RegressionTest > RegressionTest0.test49 FAILED
    java.lang.AssertionError at RegressionTest0.java:871

RegressionTest > RegressionTest0.test52 FAILED
    java.lang.AssertionError at RegressionTest0.java:932

RegressionTest > RegressionTest0.test53 FAILED
    java.lang.AssertionError at RegressionTest0.java:957

RegressionTest0 > test05 FAILED
    java.lang.AssertionError at RegressionTest0.java:65

RegressionTest0 > test07 FAILED
    java.lang.AssertionError at RegressionTest0.java:97

RegressionTest0 > test11 FAILED
    java.lang.AssertionError at RegressionTest0.java:159

RegressionTest0 > test12 FAILED
    java.lang.AssertionError at RegressionTest0.java:179

RegressionTest0 > test13 FAILED
    java.lang.AssertionError at RegressionTest0.java:201

RegressionTest0 > test14 FAILED
    java.lang.AssertionError at RegressionTest0.java:213

RegressionTest0 > test15 FAILED
    java.lang.AssertionError at RegressionTest0.java:226

RegressionTest0 > test16 FAILED
    java.lang.AssertionError at RegressionTest0.java:248

RegressionTest0 > test17 FAILED
    java.lang.AssertionError at RegressionTest0.java:272

RegressionTest0 > test18 FAILED
    java.lang.AssertionError at RegressionTest0.java:288

RegressionTest0 > test20 FAILED
    java.lang.AssertionError at RegressionTest0.java:325

RegressionTest0 > test22 FAILED
    java.lang.AssertionError at RegressionTest0.java:358

RegressionTest0 > test24 FAILED
    java.lang.AssertionError at RegressionTest0.java:389

RegressionTest0 > test26 FAILED
    java.lang.AssertionError at RegressionTest0.java:423

RegressionTest0 > test27 FAILED
    java.lang.AssertionError at RegressionTest0.java:438

RegressionTest0 > test28 FAILED
    java.lang.AssertionError at RegressionTest0.java:459

RegressionTest0 > test30 FAILED
    java.lang.AssertionError at RegressionTest0.java:497

RegressionTest0 > test31 FAILED
    java.lang.AssertionError at RegressionTest0.java:515

RegressionTest0 > test32 FAILED
    java.lang.AssertionError at RegressionTest0.java:531

RegressionTest0 > test34 FAILED
    java.lang.AssertionError at RegressionTest0.java:568

RegressionTest0 > test35 FAILED
    java.lang.AssertionError at RegressionTest0.java:587

RegressionTest0 > test36 FAILED
    java.lang.AssertionError at RegressionTest0.java:600

RegressionTest0 > test38 FAILED
    java.lang.AssertionError at RegressionTest0.java:645

RegressionTest0 > test39 FAILED
    java.lang.AssertionError at RegressionTest0.java:671

RegressionTest0 > test40 FAILED
    java.lang.AssertionError at RegressionTest0.java:696

RegressionTest0 > test41 FAILED
    java.lang.AssertionError at RegressionTest0.java:720

RegressionTest0 > test45 FAILED
    java.lang.AssertionError at RegressionTest0.java:787

RegressionTest0 > test46 FAILED
    java.lang.AssertionError at RegressionTest0.java:806

RegressionTest0 > test47 FAILED
    java.lang.AssertionError at RegressionTest0.java:828

RegressionTest0 > test49 FAILED
    java.lang.AssertionError at RegressionTest0.java:871

RegressionTest0 > test52 FAILED
    java.lang.AssertionError at RegressionTest0.java:932

RegressionTest0 > test53 FAILED
    java.lang.AssertionError at RegressionTest0.java:957
Results: FAILURE (382 tests, 317 successes, 65 failures, 0 skipped)
:test FAILED
4 actionable tasks: 4 executed
