:clean

BUILD SUCCESSFUL in 1s
1 actionable task: 1 executed
:compileJava
:processResources NO-SOURCE
:classes
:compileTestJava
:processTestResources NO-SOURCE
:testClasses
:jar
:assemble
:test

jts.MathUtil_ESTest STANDARD_OUT
    01:17:56.751 [Test worker] INFO  o.e.r.instrumentation.EvoClassLoader - Seeing class for first time: jts.MathUtil_ESTest
    01:17:56.757 [Test worker] INFO  o.e.r.instrumentation.EvoClassLoader - Instrumenting class 'jts.MathUtil_ESTest'.
    01:17:56.801 [Test worker] INFO  o.e.r.instrumentation.EvoClassLoader - Seeing class for first time: jts.MathUtil_ESTest_scaffolding
    01:17:56.802 [Test worker] INFO  o.e.r.instrumentation.EvoClassLoader - Instrumenting class 'jts.MathUtil_ESTest_scaffolding'.
    01:17:56.804 [Test worker] INFO  o.e.r.instrumentation.EvoClassLoader - Keeping class: jts.MathUtil_ESTest_scaffolding
    01:17:56.804 [Test worker] INFO  o.e.r.instrumentation.EvoClassLoader - Keeping class: jts.MathUtil_ESTest
    01:17:57.098 [Test worker] DEBUG o.e.runtime.sandbox.MSecurityManager - Adding privileged thread: "Reference Handler"
    01:17:57.099 [Test worker] DEBUG o.e.runtime.sandbox.MSecurityManager - Adding privileged thread: "Finalizer"
    01:17:57.099 [Test worker] DEBUG o.e.runtime.sandbox.MSecurityManager - Adding privileged thread: "Signal Dispatcher"
    01:17:57.099 [Test worker] DEBUG o.e.runtime.sandbox.MSecurityManager - Adding privileged thread: "Attach Listener"
    01:17:57.099 [Test worker] DEBUG o.e.runtime.sandbox.MSecurityManager - Adding privileged thread: "Java2D Disposer"
    01:17:57.099 [Test worker] DEBUG o.e.runtime.sandbox.MSecurityManager - Adding privileged thread: "AWT-Shutdown"
    01:17:57.099 [Test worker] DEBUG o.e.runtime.sandbox.MSecurityManager - Adding privileged thread: "AWT-Windows"
    01:17:57.099 [Test worker] DEBUG o.e.runtime.sandbox.MSecurityManager - Adding privileged thread: "main"
    01:17:57.099 [Test worker] DEBUG o.e.runtime.sandbox.MSecurityManager - Adding privileged thread: "Test worker"
    01:17:57.099 [Test worker] DEBUG o.e.runtime.sandbox.MSecurityManager - Adding privileged thread: "/127.0.0.1:60547 to /127.0.0.1:60546 workers Thread 2"
    01:17:57.099 [Test worker] DEBUG o.e.runtime.sandbox.MSecurityManager - Adding privileged thread: "/127.0.0.1:60547 to /127.0.0.1:60546 workers Thread 3"
    01:17:57.172 [Test worker] INFO  o.e.r.instrumentation.EvoClassLoader - Seeing class for first time: jts.MathUtil
    01:17:57.172 [Test worker] INFO  o.e.r.instrumentation.EvoClassLoader - Instrumenting class 'jts.MathUtil'.
    01:17:57.203 [Test worker] INFO  o.e.r.i.MethodCallReplacementClassAdapter - Adding mock interface to class jts/MathUtil
    01:17:57.426 [Test worker] INFO  o.e.r.i.CreateClassResetClassAdapter - Creating brand-new static initializer in class jts/MathUtil
    01:17:57.431 [Test worker] INFO  o.e.r.instrumentation.EvoClassLoader - Keeping class: jts.MathUtil

jts.MathUtil_ESTest > test0 FAILED
    java.lang.AssertionError at MathUtil_ESTest.java:21

jts.MathUtil_ESTest > test2 FAILED
    java.lang.AssertionError at MathUtil_ESTest.java:33

jts.MathUtil_ESTest > test3 FAILED
    java.lang.AssertionError at MathUtil_ESTest.java:39

RegressionTest > RegressionTest0.test02 FAILED
    java.lang.AssertionError at RegressionTest0.java:24

RegressionTest > RegressionTest0.test03 FAILED
    java.lang.AssertionError at RegressionTest0.java:32

RegressionTest > RegressionTest0.test04 FAILED
    java.lang.AssertionError at RegressionTest0.java:40

RegressionTest > RegressionTest0.test05 FAILED
    java.lang.AssertionError at RegressionTest0.java:48

RegressionTest > RegressionTest0.test06 FAILED
    java.lang.AssertionError at RegressionTest0.java:56

RegressionTest > RegressionTest0.test07 FAILED
    java.lang.AssertionError at RegressionTest0.java:64

RegressionTest > RegressionTest0.test08 FAILED
    java.lang.AssertionError at RegressionTest0.java:72

RegressionTest > RegressionTest0.test10 FAILED
    java.lang.AssertionError at RegressionTest0.java:89

RegressionTest > RegressionTest0.test11 FAILED
    java.lang.AssertionError at RegressionTest0.java:97

RegressionTest > RegressionTest0.test14 FAILED
    java.lang.AssertionError at RegressionTest0.java:121

RegressionTest > RegressionTest0.test15 FAILED
    java.lang.AssertionError at RegressionTest0.java:129

RegressionTest > RegressionTest0.test16 FAILED
    java.lang.AssertionError at RegressionTest0.java:137

RegressionTest > RegressionTest0.test17 FAILED
    java.lang.AssertionError at RegressionTest0.java:145

RegressionTest > RegressionTest0.test18 FAILED
    java.lang.AssertionError at RegressionTest0.java:153

RegressionTest > RegressionTest0.test20 FAILED
    java.lang.AssertionError at RegressionTest0.java:169

RegressionTest > RegressionTest0.test21 FAILED
    java.lang.AssertionError at RegressionTest0.java:177

RegressionTest > RegressionTest0.test22 FAILED
    java.lang.AssertionError at RegressionTest0.java:185

RegressionTest > RegressionTest0.test23 FAILED
    java.lang.AssertionError at RegressionTest0.java:193

RegressionTest > RegressionTest0.test24 FAILED
    java.lang.AssertionError at RegressionTest0.java:201

RegressionTest > RegressionTest0.test25 FAILED
    java.lang.AssertionError at RegressionTest0.java:209

RegressionTest > RegressionTest0.test26 FAILED
    java.lang.AssertionError at RegressionTest0.java:217

RegressionTest > RegressionTest0.test27 FAILED
    java.lang.AssertionError at RegressionTest0.java:225

RegressionTest > RegressionTest0.test28 FAILED
    java.lang.AssertionError at RegressionTest0.java:233

RegressionTest > RegressionTest0.test29 FAILED
    java.lang.AssertionError at RegressionTest0.java:241

RegressionTest > RegressionTest0.test30 FAILED
    java.lang.AssertionError at RegressionTest0.java:249

RegressionTest > RegressionTest0.test31 FAILED
    java.lang.AssertionError at RegressionTest0.java:257

RegressionTest > RegressionTest0.test32 FAILED
    java.lang.AssertionError at RegressionTest0.java:265

RegressionTest > RegressionTest0.test34 FAILED
    java.lang.AssertionError at RegressionTest0.java:281

RegressionTest > RegressionTest0.test35 FAILED
    java.lang.AssertionError at RegressionTest0.java:289

RegressionTest > RegressionTest0.test36 FAILED
    java.lang.AssertionError at RegressionTest0.java:297

RegressionTest > RegressionTest0.test37 FAILED
    java.lang.AssertionError at RegressionTest0.java:305

RegressionTest > RegressionTest0.test38 FAILED
    java.lang.AssertionError at RegressionTest0.java:313

RegressionTest > RegressionTest0.test39 FAILED
    java.lang.AssertionError at RegressionTest0.java:321

RegressionTest > RegressionTest0.test40 FAILED
    java.lang.AssertionError at RegressionTest0.java:329

RegressionTest > RegressionTest0.test41 FAILED
    java.lang.AssertionError at RegressionTest0.java:337

RegressionTest > RegressionTest0.test42 FAILED
    java.lang.AssertionError at RegressionTest0.java:345

RegressionTest > RegressionTest0.test44 FAILED
    java.lang.AssertionError at RegressionTest0.java:361

RegressionTest > RegressionTest0.test45 FAILED
    java.lang.AssertionError at RegressionTest0.java:369

RegressionTest > RegressionTest0.test46 FAILED
    java.lang.AssertionError at RegressionTest0.java:377

RegressionTest > RegressionTest0.test47 FAILED
    java.lang.AssertionError at RegressionTest0.java:385

RegressionTest > RegressionTest0.test48 FAILED
    java.lang.AssertionError at RegressionTest0.java:393

RegressionTest > RegressionTest0.test49 FAILED
    java.lang.AssertionError at RegressionTest0.java:401

RegressionTest > RegressionTest0.test50 FAILED
    java.lang.AssertionError at RegressionTest0.java:409

RegressionTest > RegressionTest0.test51 FAILED
    java.lang.AssertionError at RegressionTest0.java:417

RegressionTest > RegressionTest0.test52 FAILED
    java.lang.AssertionError at RegressionTest0.java:425

RegressionTest > RegressionTest0.test53 FAILED
    java.lang.AssertionError at RegressionTest0.java:433

RegressionTest > RegressionTest0.test55 FAILED
    java.lang.AssertionError at RegressionTest0.java:449

RegressionTest > RegressionTest0.test57 FAILED
    java.lang.AssertionError at RegressionTest0.java:465

RegressionTest > RegressionTest0.test58 FAILED
    java.lang.AssertionError at RegressionTest0.java:473

RegressionTest > RegressionTest0.test59 FAILED
    java.lang.AssertionError at RegressionTest0.java:481

RegressionTest > RegressionTest0.test60 FAILED
    java.lang.AssertionError at RegressionTest0.java:489

RegressionTest > RegressionTest0.test61 FAILED
    java.lang.AssertionError at RegressionTest0.java:497

RegressionTest > RegressionTest0.test62 FAILED
    java.lang.AssertionError at RegressionTest0.java:505

RegressionTest > RegressionTest0.test63 FAILED
    java.lang.AssertionError at RegressionTest0.java:513

RegressionTest > RegressionTest0.test64 FAILED
    java.lang.AssertionError at RegressionTest0.java:521

RegressionTest > RegressionTest0.test65 FAILED
    java.lang.AssertionError at RegressionTest0.java:529

RegressionTest > RegressionTest0.test66 FAILED
    java.lang.AssertionError at RegressionTest0.java:537

RegressionTest > RegressionTest0.test67 FAILED
    java.lang.AssertionError at RegressionTest0.java:545

RegressionTest > RegressionTest0.test68 FAILED
    java.lang.AssertionError at RegressionTest0.java:553

RegressionTest > RegressionTest0.test69 FAILED
    java.lang.AssertionError at RegressionTest0.java:561

RegressionTest > RegressionTest0.test70 FAILED
    java.lang.AssertionError at RegressionTest0.java:569

RegressionTest > RegressionTest0.test71 FAILED
    java.lang.AssertionError at RegressionTest0.java:577

RegressionTest > RegressionTest0.test72 FAILED
    java.lang.AssertionError at RegressionTest0.java:585

RegressionTest > RegressionTest0.test73 FAILED
    java.lang.AssertionError at RegressionTest0.java:593

RegressionTest > RegressionTest0.test75 FAILED
    java.lang.AssertionError at RegressionTest0.java:609

RegressionTest > RegressionTest0.test76 FAILED
    java.lang.AssertionError at RegressionTest0.java:617

RegressionTest > RegressionTest0.test77 FAILED
    java.lang.AssertionError at RegressionTest0.java:625

RegressionTest > RegressionTest0.test78 FAILED
    java.lang.AssertionError at RegressionTest0.java:633

RegressionTest > RegressionTest0.test79 FAILED
    java.lang.AssertionError at RegressionTest0.java:641

RegressionTest > RegressionTest0.test82 FAILED
    java.lang.AssertionError at RegressionTest0.java:665

RegressionTest > RegressionTest0.test83 FAILED
    java.lang.AssertionError at RegressionTest0.java:673

RegressionTest > RegressionTest0.test84 FAILED
    java.lang.AssertionError at RegressionTest0.java:681

RegressionTest > RegressionTest0.test85 FAILED
    java.lang.AssertionError at RegressionTest0.java:689

RegressionTest > RegressionTest0.test86 FAILED
    java.lang.AssertionError at RegressionTest0.java:697

RegressionTest > RegressionTest0.test87 FAILED
    java.lang.AssertionError at RegressionTest0.java:705

RegressionTest > RegressionTest0.test88 FAILED
    java.lang.AssertionError at RegressionTest0.java:713

RegressionTest > RegressionTest0.test89 FAILED
    java.lang.AssertionError at RegressionTest0.java:721

RegressionTest > RegressionTest0.test90 FAILED
    java.lang.AssertionError at RegressionTest0.java:729

RegressionTest > RegressionTest0.test91 FAILED
    java.lang.AssertionError at RegressionTest0.java:737

RegressionTest > RegressionTest0.test92 FAILED
    java.lang.AssertionError at RegressionTest0.java:745

RegressionTest > RegressionTest0.test93 FAILED
    java.lang.AssertionError at RegressionTest0.java:753

RegressionTest > RegressionTest0.test95 FAILED
    java.lang.AssertionError at RegressionTest0.java:769

RegressionTest > RegressionTest0.test96 FAILED
    java.lang.AssertionError at RegressionTest0.java:777

RegressionTest0 > test02 FAILED
    java.lang.AssertionError at RegressionTest0.java:24

RegressionTest0 > test03 FAILED
    java.lang.AssertionError at RegressionTest0.java:32

RegressionTest0 > test04 FAILED
    java.lang.AssertionError at RegressionTest0.java:40

RegressionTest0 > test05 FAILED
    java.lang.AssertionError at RegressionTest0.java:48

RegressionTest0 > test06 FAILED
    java.lang.AssertionError at RegressionTest0.java:56

RegressionTest0 > test07 FAILED
    java.lang.AssertionError at RegressionTest0.java:64

RegressionTest0 > test08 FAILED
    java.lang.AssertionError at RegressionTest0.java:72

RegressionTest0 > test10 FAILED
    java.lang.AssertionError at RegressionTest0.java:89

RegressionTest0 > test11 FAILED
    java.lang.AssertionError at RegressionTest0.java:97

RegressionTest0 > test14 FAILED
    java.lang.AssertionError at RegressionTest0.java:121

RegressionTest0 > test15 FAILED
    java.lang.AssertionError at RegressionTest0.java:129

RegressionTest0 > test16 FAILED
    java.lang.AssertionError at RegressionTest0.java:137

RegressionTest0 > test17 FAILED
    java.lang.AssertionError at RegressionTest0.java:145

RegressionTest0 > test18 FAILED
    java.lang.AssertionError at RegressionTest0.java:153

RegressionTest0 > test20 FAILED
    java.lang.AssertionError at RegressionTest0.java:169

RegressionTest0 > test21 FAILED
    java.lang.AssertionError at RegressionTest0.java:177

RegressionTest0 > test22 FAILED
    java.lang.AssertionError at RegressionTest0.java:185

RegressionTest0 > test23 FAILED
    java.lang.AssertionError at RegressionTest0.java:193

RegressionTest0 > test24 FAILED
    java.lang.AssertionError at RegressionTest0.java:201

RegressionTest0 > test25 FAILED
    java.lang.AssertionError at RegressionTest0.java:209

RegressionTest0 > test26 FAILED
    java.lang.AssertionError at RegressionTest0.java:217

RegressionTest0 > test27 FAILED
    java.lang.AssertionError at RegressionTest0.java:225

RegressionTest0 > test28 FAILED
    java.lang.AssertionError at RegressionTest0.java:233

RegressionTest0 > test29 FAILED
    java.lang.AssertionError at RegressionTest0.java:241

RegressionTest0 > test30 FAILED
    java.lang.AssertionError at RegressionTest0.java:249

RegressionTest0 > test31 FAILED
    java.lang.AssertionError at RegressionTest0.java:257

RegressionTest0 > test32 FAILED
    java.lang.AssertionError at RegressionTest0.java:265

RegressionTest0 > test34 FAILED
    java.lang.AssertionError at RegressionTest0.java:281

RegressionTest0 > test35 FAILED
    java.lang.AssertionError at RegressionTest0.java:289

RegressionTest0 > test36 FAILED
    java.lang.AssertionError at RegressionTest0.java:297

RegressionTest0 > test37 FAILED
    java.lang.AssertionError at RegressionTest0.java:305

RegressionTest0 > test38 FAILED
    java.lang.AssertionError at RegressionTest0.java:313

RegressionTest0 > test39 FAILED
    java.lang.AssertionError at RegressionTest0.java:321

RegressionTest0 > test40 FAILED
    java.lang.AssertionError at RegressionTest0.java:329

RegressionTest0 > test41 FAILED
    java.lang.AssertionError at RegressionTest0.java:337

RegressionTest0 > test42 FAILED
    java.lang.AssertionError at RegressionTest0.java:345

RegressionTest0 > test44 FAILED
    java.lang.AssertionError at RegressionTest0.java:361

RegressionTest0 > test45 FAILED
    java.lang.AssertionError at RegressionTest0.java:369

RegressionTest0 > test46 FAILED
    java.lang.AssertionError at RegressionTest0.java:377

RegressionTest0 > test47 FAILED
    java.lang.AssertionError at RegressionTest0.java:385

RegressionTest0 > test48 FAILED
    java.lang.AssertionError at RegressionTest0.java:393

RegressionTest0 > test49 FAILED
    java.lang.AssertionError at RegressionTest0.java:401

RegressionTest0 > test50 FAILED
    java.lang.AssertionError at RegressionTest0.java:409

RegressionTest0 > test51 FAILED
    java.lang.AssertionError at RegressionTest0.java:417

RegressionTest0 > test52 FAILED
    java.lang.AssertionError at RegressionTest0.java:425

RegressionTest0 > test53 FAILED
    java.lang.AssertionError at RegressionTest0.java:433

RegressionTest0 > test55 FAILED
    java.lang.AssertionError at RegressionTest0.java:449

RegressionTest0 > test57 FAILED
    java.lang.AssertionError at RegressionTest0.java:465

RegressionTest0 > test58 FAILED
    java.lang.AssertionError at RegressionTest0.java:473

RegressionTest0 > test59 FAILED
    java.lang.AssertionError at RegressionTest0.java:481

RegressionTest0 > test60 FAILED
    java.lang.AssertionError at RegressionTest0.java:489

RegressionTest0 > test61 FAILED
    java.lang.AssertionError at RegressionTest0.java:497

RegressionTest0 > test62 FAILED
    java.lang.AssertionError at RegressionTest0.java:505

RegressionTest0 > test63 FAILED
    java.lang.AssertionError at RegressionTest0.java:513

RegressionTest0 > test64 FAILED
    java.lang.AssertionError at RegressionTest0.java:521

RegressionTest0 > test65 FAILED
    java.lang.AssertionError at RegressionTest0.java:529

RegressionTest0 > test66 FAILED
    java.lang.AssertionError at RegressionTest0.java:537

RegressionTest0 > test67 FAILED
    java.lang.AssertionError at RegressionTest0.java:545

RegressionTest0 > test68 FAILED
    java.lang.AssertionError at RegressionTest0.java:553

RegressionTest0 > test69 FAILED
    java.lang.AssertionError at RegressionTest0.java:561

RegressionTest0 > test70 FAILED
    java.lang.AssertionError at RegressionTest0.java:569

RegressionTest0 > test71 FAILED
    java.lang.AssertionError at RegressionTest0.java:577

RegressionTest0 > test72 FAILED
    java.lang.AssertionError at RegressionTest0.java:585

RegressionTest0 > test73 FAILED
    java.lang.AssertionError at RegressionTest0.java:593

RegressionTest0 > test75 FAILED
    java.lang.AssertionError at RegressionTest0.java:609

RegressionTest0 > test76 FAILED
    java.lang.AssertionError at RegressionTest0.java:617

RegressionTest0 > test77 FAILED
    java.lang.AssertionError at RegressionTest0.java:625

RegressionTest0 > test78 FAILED
    java.lang.AssertionError at RegressionTest0.java:633

RegressionTest0 > test79 FAILED
    java.lang.AssertionError at RegressionTest0.java:641

RegressionTest0 > test82 FAILED
    java.lang.AssertionError at RegressionTest0.java:665

RegressionTest0 > test83 FAILED
    java.lang.AssertionError at RegressionTest0.java:673

RegressionTest0 > test84 FAILED
    java.lang.AssertionError at RegressionTest0.java:681

RegressionTest0 > test85 FAILED
    java.lang.AssertionError at RegressionTest0.java:689

RegressionTest0 > test86 FAILED
    java.lang.AssertionError at RegressionTest0.java:697

RegressionTest0 > test87 FAILED
    java.lang.AssertionError at RegressionTest0.java:705

RegressionTest0 > test88 FAILED
    java.lang.AssertionError at RegressionTest0.java:713

RegressionTest0 > test89 FAILED
    java.lang.AssertionError at RegressionTest0.java:721

RegressionTest0 > test90 FAILED
    java.lang.AssertionError at RegressionTest0.java:729

RegressionTest0 > test91 FAILED
    java.lang.AssertionError at RegressionTest0.java:737

RegressionTest0 > test92 FAILED
    java.lang.AssertionError at RegressionTest0.java:745

RegressionTest0 > test93 FAILED
    java.lang.AssertionError at RegressionTest0.java:753

RegressionTest0 > test95 FAILED
    java.lang.AssertionError at RegressionTest0.java:769

RegressionTest0 > test96 FAILED
    java.lang.AssertionError at RegressionTest0.java:777
Results: FAILURE (197 tests, 28 successes, 169 failures, 0 skipped)
:test FAILED
4 actionable tasks: 4 executed
