<!DOCTYPE html>
<html>
<head>
<meta http-equiv="Content-Type" content="text/html; charset=utf-8"/>
<meta http-equiv="x-ua-compatible" content="IE=edge"/>
<title>Test results - Class examples.Map_ESTest</title>
<link href="../css/base-style.css" rel="stylesheet" type="text/css"/>
<link href="../css/style.css" rel="stylesheet" type="text/css"/>
<script src="../js/report.js" type="text/javascript"></script>
</head>
<body>
<div id="content">
<h1>Class examples.Map_ESTest</h1>
<div class="breadcrumbs">
<a href="../index.html">all</a> &gt; 
<a href="../packages/examples.html">examples</a> &gt; Map_ESTest</div>
<div id="summary">
<table>
<tr>
<td>
<div class="summaryGroup">
<table>
<tr>
<td>
<div class="infoBox" id="tests">
<div class="counter">15</div>
<p>tests</p>
</div>
</td>
<td>
<div class="infoBox" id="failures">
<div class="counter">5</div>
<p>failures</p>
</div>
</td>
<td>
<div class="infoBox" id="ignored">
<div class="counter">0</div>
<p>ignored</p>
</div>
</td>
<td>
<div class="infoBox" id="duration">
<div class="counter">0.063s</div>
<p>duration</p>
</div>
</td>
</tr>
</table>
</div>
</td>
<td>
<div class="infoBox failures" id="successRate">
<div class="percent">66%</div>
<p>successful</p>
</div>
</td>
</tr>
</table>
</div>
<div id="tabs">
<ul class="tabLinks">
<li>
<a href="#tab0">Failed tests</a>
</li>
<li>
<a href="#tab1">Tests</a>
</li>
<li>
<a href="#tab2">Standard output</a>
</li>
</ul>
<div id="tab0" class="tab">
<h2>Failed tests</h2>
<div class="test">
<a name="test01"></a>
<h3 class="failures">test01</h3>
<span class="code">
<pre>java.lang.AssertionError: expected:&lt;2&gt; but was:&lt;0&gt;
	at org.junit.Assert.fail(Assert.java:88)
	at org.junit.Assert.failNotEquals(Assert.java:834)
	at org.junit.Assert.assertEquals(Assert.java:645)
	at org.junit.Assert.assertEquals(Assert.java:631)
	at examples.Map_ESTest.test01(Map_ESTest.java:42)
	at sun.reflect.NativeMethodAccessorImpl.invoke0(Native Method)
	at sun.reflect.NativeMethodAccessorImpl.invoke(NativeMethodAccessorImpl.java:62)
	at sun.reflect.DelegatingMethodAccessorImpl.invoke(DelegatingMethodAccessorImpl.java:43)
	at java.lang.reflect.Method.invoke(Method.java:498)
	at org.junit.runners.model.FrameworkMethod$1.runReflectiveCall(FrameworkMethod.java:50)
	at org.junit.internal.runners.model.ReflectiveCallable.run(ReflectiveCallable.java:12)
	at org.junit.runners.model.FrameworkMethod.invokeExplosively(FrameworkMethod.java:47)
	at org.junit.internal.runners.statements.InvokeMethod.evaluate(InvokeMethod.java:17)
	at org.junit.internal.runners.statements.FailOnTimeout$CallableStatement.call(FailOnTimeout.java:298)
	at org.junit.internal.runners.statements.FailOnTimeout$CallableStatement.call(FailOnTimeout.java:292)
	at java.util.concurrent.FutureTask.run(FutureTask.java:266)
	at java.lang.Thread.run(Thread.java:748)
</pre>
</span>
</div>
<div class="test">
<a name="test03"></a>
<h3 class="failures">test03</h3>
<span class="code">
<pre>org.evosuite.runtime.mock.java.lang.MockThrowable
	at examples.Map.remove(Map.java:125)
	at &lt;evosuite&gt;.&lt;evosuite&gt;(&lt;evosuite&gt;)
	at &lt;evosuite&gt;.&lt;evosuite&gt;(&lt;evosuite&gt;)
</pre>
</span>
</div>
<div class="test">
<a name="test05"></a>
<h3 class="failures">test05</h3>
<span class="code">
<pre>java.lang.AssertionError: expected:&lt;1&gt; but was:&lt;0&gt;
	at org.junit.Assert.fail(Assert.java:88)
	at org.junit.Assert.failNotEquals(Assert.java:834)
	at org.junit.Assert.assertEquals(Assert.java:645)
	at org.junit.Assert.assertEquals(Assert.java:631)
	at examples.Map_ESTest.test05(Map_ESTest.java:81)
	at sun.reflect.NativeMethodAccessorImpl.invoke0(Native Method)
	at sun.reflect.NativeMethodAccessorImpl.invoke(NativeMethodAccessorImpl.java:62)
	at sun.reflect.DelegatingMethodAccessorImpl.invoke(DelegatingMethodAccessorImpl.java:43)
	at java.lang.reflect.Method.invoke(Method.java:498)
	at org.junit.runners.model.FrameworkMethod$1.runReflectiveCall(FrameworkMethod.java:50)
	at org.junit.internal.runners.model.ReflectiveCallable.run(ReflectiveCallable.java:12)
	at org.junit.runners.model.FrameworkMethod.invokeExplosively(FrameworkMethod.java:47)
	at org.junit.internal.runners.statements.InvokeMethod.evaluate(InvokeMethod.java:17)
	at org.junit.internal.runners.statements.FailOnTimeout$CallableStatement.call(FailOnTimeout.java:298)
	at org.junit.internal.runners.statements.FailOnTimeout$CallableStatement.call(FailOnTimeout.java:292)
	at java.util.concurrent.FutureTask.run(FutureTask.java:266)
	at java.lang.Thread.run(Thread.java:748)
</pre>
</span>
</div>
<div class="test">
<a name="test08"></a>
<h3 class="failures">test08</h3>
<span class="code">
<pre>java.lang.AssertionError: expected:&lt;1&gt; but was:&lt;0&gt;
	at org.junit.Assert.fail(Assert.java:88)
	at org.junit.Assert.failNotEquals(Assert.java:834)
	at org.junit.Assert.assertEquals(Assert.java:645)
	at org.junit.Assert.assertEquals(Assert.java:631)
	at examples.Map_ESTest.test08(Map_ESTest.java:104)
	at sun.reflect.NativeMethodAccessorImpl.invoke0(Native Method)
	at sun.reflect.NativeMethodAccessorImpl.invoke(NativeMethodAccessorImpl.java:62)
	at sun.reflect.DelegatingMethodAccessorImpl.invoke(DelegatingMethodAccessorImpl.java:43)
	at java.lang.reflect.Method.invoke(Method.java:498)
	at org.junit.runners.model.FrameworkMethod$1.runReflectiveCall(FrameworkMethod.java:50)
	at org.junit.internal.runners.model.ReflectiveCallable.run(ReflectiveCallable.java:12)
	at org.junit.runners.model.FrameworkMethod.invokeExplosively(FrameworkMethod.java:47)
	at org.junit.internal.runners.statements.InvokeMethod.evaluate(InvokeMethod.java:17)
	at org.junit.internal.runners.statements.FailOnTimeout$CallableStatement.call(FailOnTimeout.java:298)
	at org.junit.internal.runners.statements.FailOnTimeout$CallableStatement.call(FailOnTimeout.java:292)
	at java.util.concurrent.FutureTask.run(FutureTask.java:266)
	at java.lang.Thread.run(Thread.java:748)
</pre>
</span>
</div>
<div class="test">
<a name="test10"></a>
<h3 class="failures">test10</h3>
<span class="code">
<pre>org.evosuite.runtime.mock.java.lang.MockIllegalStateException
	at examples.Map.remove(Map.java:125)
	at examples.Map_ESTest.test10(Map_ESTest.java:123)
	at sun.reflect.NativeMethodAccessorImpl.invoke0(Native Method)
	at sun.reflect.NativeMethodAccessorImpl.invoke(NativeMethodAccessorImpl.java:62)
	at sun.reflect.DelegatingMethodAccessorImpl.invoke(DelegatingMethodAccessorImpl.java:43)
	at java.lang.reflect.Method.invoke(Method.java:498)
	at org.junit.runners.model.FrameworkMethod$1.runReflectiveCall(FrameworkMethod.java:50)
	at org.junit.internal.runners.model.ReflectiveCallable.run(ReflectiveCallable.java:12)
	at org.junit.runners.model.FrameworkMethod.invokeExplosively(FrameworkMethod.java:47)
	at org.junit.internal.runners.statements.InvokeMethod.evaluate(InvokeMethod.java:17)
	at org.junit.internal.runners.statements.FailOnTimeout$CallableStatement.call(FailOnTimeout.java:298)
	at org.junit.internal.runners.statements.FailOnTimeout$CallableStatement.call(FailOnTimeout.java:292)
	at java.util.concurrent.FutureTask.run(FutureTask.java:266)
	at java.lang.Thread.run(Thread.java:748)
</pre>
</span>
</div>
</div>
<div id="tab1" class="tab">
<h2>Tests</h2>
<table>
<thead>
<tr>
<th>Test</th>
<th>Duration</th>
<th>Result</th>
</tr>
</thead>
<tr>
<td class="success">test00</td>
<td>0.002s</td>
<td class="success">passed</td>
</tr>
<tr>
<td class="failures">test01</td>
<td>0.003s</td>
<td class="failures">failed</td>
</tr>
<tr>
<td class="success">test02</td>
<td>0.003s</td>
<td class="success">passed</td>
</tr>
<tr>
<td class="failures">test03</td>
<td>0.021s</td>
<td class="failures">failed</td>
</tr>
<tr>
<td class="success">test04</td>
<td>0.003s</td>
<td class="success">passed</td>
</tr>
<tr>
<td class="failures">test05</td>
<td>0.003s</td>
<td class="failures">failed</td>
</tr>
<tr>
<td class="success">test06</td>
<td>0.002s</td>
<td class="success">passed</td>
</tr>
<tr>
<td class="success">test07</td>
<td>0.003s</td>
<td class="success">passed</td>
</tr>
<tr>
<td class="failures">test08</td>
<td>0.002s</td>
<td class="failures">failed</td>
</tr>
<tr>
<td class="success">test09</td>
<td>0.004s</td>
<td class="success">passed</td>
</tr>
<tr>
<td class="failures">test10</td>
<td>0.004s</td>
<td class="failures">failed</td>
</tr>
<tr>
<td class="success">test11</td>
<td>0.003s</td>
<td class="success">passed</td>
</tr>
<tr>
<td class="success">test12</td>
<td>0.005s</td>
<td class="success">passed</td>
</tr>
<tr>
<td class="success">test13</td>
<td>0.002s</td>
<td class="success">passed</td>
</tr>
<tr>
<td class="success">test14</td>
<td>0.003s</td>
<td class="success">passed</td>
</tr>
</table>
</div>
<div id="tab2" class="tab">
<h2>Standard output</h2>
<span class="code">
<pre>01:29:20.609 [Test worker] INFO  o.e.r.instrumentation.EvoClassLoader - Seeing class for first time: examples.Map_ESTest
01:29:20.612 [Test worker] INFO  o.e.r.instrumentation.EvoClassLoader - Instrumenting class 'examples.Map_ESTest'.
01:29:20.656 [Test worker] INFO  o.e.r.instrumentation.EvoClassLoader - Seeing class for first time: examples.Map_ESTest_scaffolding
01:29:20.657 [Test worker] INFO  o.e.r.instrumentation.EvoClassLoader - Instrumenting class 'examples.Map_ESTest_scaffolding'.
01:29:20.662 [Test worker] INFO  o.e.r.instrumentation.EvoClassLoader - Keeping class: examples.Map_ESTest_scaffolding
01:29:20.663 [Test worker] INFO  o.e.r.instrumentation.EvoClassLoader - Keeping class: examples.Map_ESTest
01:29:21.068 [Test worker] DEBUG o.e.runtime.sandbox.MSecurityManager - Adding privileged thread: &quot;Reference Handler&quot;
01:29:21.068 [Test worker] DEBUG o.e.runtime.sandbox.MSecurityManager - Adding privileged thread: &quot;Finalizer&quot;
01:29:21.068 [Test worker] DEBUG o.e.runtime.sandbox.MSecurityManager - Adding privileged thread: &quot;Signal Dispatcher&quot;
01:29:21.069 [Test worker] DEBUG o.e.runtime.sandbox.MSecurityManager - Adding privileged thread: &quot;Attach Listener&quot;
01:29:21.069 [Test worker] DEBUG o.e.runtime.sandbox.MSecurityManager - Adding privileged thread: &quot;Java2D Disposer&quot;
01:29:21.069 [Test worker] DEBUG o.e.runtime.sandbox.MSecurityManager - Adding privileged thread: &quot;AWT-Shutdown&quot;
01:29:21.069 [Test worker] DEBUG o.e.runtime.sandbox.MSecurityManager - Adding privileged thread: &quot;AWT-Windows&quot;
01:29:21.069 [Test worker] DEBUG o.e.runtime.sandbox.MSecurityManager - Adding privileged thread: &quot;main&quot;
01:29:21.069 [Test worker] DEBUG o.e.runtime.sandbox.MSecurityManager - Adding privileged thread: &quot;Test worker&quot;
01:29:21.069 [Test worker] DEBUG o.e.runtime.sandbox.MSecurityManager - Adding privileged thread: &quot;/127.0.0.1:60580 to /127.0.0.1:60579 workers Thread 2&quot;
01:29:21.069 [Test worker] DEBUG o.e.runtime.sandbox.MSecurityManager - Adding privileged thread: &quot;/127.0.0.1:60580 to /127.0.0.1:60579 workers Thread 3&quot;
01:29:21.155 [Test worker] INFO  o.e.r.instrumentation.EvoClassLoader - Seeing class for first time: examples.Map
01:29:21.155 [Test worker] INFO  o.e.r.instrumentation.EvoClassLoader - Instrumenting class 'examples.Map'.
01:29:21.185 [Test worker] INFO  o.e.r.i.MethodCallReplacementClassAdapter - Adding mock interface to class examples/Map
01:29:21.465 [Test worker] INFO  o.e.r.i.CreateClassResetClassAdapter - Creating brand-new static initializer in class examples/Map
01:29:21.466 [Test worker] INFO  o.e.r.instrumentation.EvoClassLoader - Keeping class: examples.Map
</pre>
</span>
</div>
</div>
<div id="footer">
<p>
<div>
<label class="hidden" id="label-for-line-wrapping-toggle" for="line-wrapping-toggle">Wrap lines
<input id="line-wrapping-toggle" type="checkbox" autocomplete="off"/>
</label>
</div>Generated by 
<a href="http://www.gradle.org">Gradle 4.0.1</a> at May 25, 2022 1:29:21 AM</p>
</div>
</div>
</body>
</html>
