:clean

BUILD SUCCESSFUL in 1s
1 actionable task: 1 executed
:compileJava
:processResources NO-SOURCE
:classes
:compileTestJava
:processTestResources NO-SOURCE
:testClasses
:jar
:assemble
:test

examples.DoublyLinkedListNode_ESTest STANDARD_OUT
    19:58:24.302 [Test worker] INFO  o.e.r.instrumentation.EvoClassLoader - Seeing class for first time: examples.DoublyLinkedListNode_ESTest
    19:58:24.305 [Test worker] INFO  o.e.r.instrumentation.EvoClassLoader - Instrumenting class 'examples.DoublyLinkedListNode_ESTest'.
    19:58:24.345 [Test worker] INFO  o.e.r.instrumentation.EvoClassLoader - Seeing class for first time: examples.DoublyLinkedListNode_ESTest_scaffolding
    19:58:24.345 [Test worker] INFO  o.e.r.instrumentation.EvoClassLoader - Instrumenting class 'examples.DoublyLinkedListNode_ESTest_scaffolding'.
    19:58:24.349 [Test worker] INFO  o.e.r.instrumentation.EvoClassLoader - Keeping class: examples.DoublyLinkedListNode_ESTest_scaffolding
    19:58:24.349 [Test worker] INFO  o.e.r.instrumentation.EvoClassLoader - Keeping class: examples.DoublyLinkedListNode_ESTest
    19:58:24.646 [Test worker] DEBUG o.e.runtime.sandbox.MSecurityManager - Adding privileged thread: "Reference Handler"
    19:58:24.646 [Test worker] DEBUG o.e.runtime.sandbox.MSecurityManager - Adding privileged thread: "Finalizer"
    19:58:24.646 [Test worker] DEBUG o.e.runtime.sandbox.MSecurityManager - Adding privileged thread: "Signal Dispatcher"
    19:58:24.646 [Test worker] DEBUG o.e.runtime.sandbox.MSecurityManager - Adding privileged thread: "Attach Listener"
    19:58:24.646 [Test worker] DEBUG o.e.runtime.sandbox.MSecurityManager - Adding privileged thread: "Java2D Disposer"
    19:58:24.646 [Test worker] DEBUG o.e.runtime.sandbox.MSecurityManager - Adding privileged thread: "AWT-Shutdown"
    19:58:24.646 [Test worker] DEBUG o.e.runtime.sandbox.MSecurityManager - Adding privileged thread: "AWT-Windows"
    19:58:24.646 [Test worker] DEBUG o.e.runtime.sandbox.MSecurityManager - Adding privileged thread: "main"
    19:58:24.646 [Test worker] DEBUG o.e.runtime.sandbox.MSecurityManager - Adding privileged thread: "Test worker"
    19:58:24.646 [Test worker] DEBUG o.e.runtime.sandbox.MSecurityManager - Adding privileged thread: "/127.0.0.1:50108 to /127.0.0.1:50107 workers Thread 2"
    19:58:24.647 [Test worker] DEBUG o.e.runtime.sandbox.MSecurityManager - Adding privileged thread: "/127.0.0.1:50108 to /127.0.0.1:50107 workers Thread 3"
    19:58:24.717 [Test worker] INFO  o.e.r.instrumentation.EvoClassLoader - Seeing class for first time: examples.DoublyLinkedListNode
    19:58:24.717 [Test worker] INFO  o.e.r.instrumentation.EvoClassLoader - Instrumenting class 'examples.DoublyLinkedListNode'.
    19:58:24.741 [Test worker] INFO  o.e.r.i.MethodCallReplacementClassAdapter - Adding mock interface to class examples/DoublyLinkedListNode
    19:58:24.963 [Test worker] INFO  o.e.r.i.CreateClassResetClassAdapter - Creating brand-new static initializer in class examples/DoublyLinkedListNode
    19:58:24.963 [Test worker] INFO  o.e.r.instrumentation.EvoClassLoader - Keeping class: examples.DoublyLinkedListNode

examples.DoublyLinkedListNode_ESTest > test0 FAILED
    org.evosuite.runtime.mock.java.lang.MockIllegalArgumentException

examples.DoublyLinkedListNode_ESTest > test1 FAILED
    org.evosuite.runtime.mock.java.lang.MockIllegalArgumentException at DoublyLinkedListNode_ESTest.java:32

examples.DoublyLinkedListNode_ESTest > test2 FAILED
    org.evosuite.runtime.mock.java.lang.MockIllegalArgumentException at DoublyLinkedListNode_ESTest.java:43

RegressionTest > RegressionTest0.test002 FAILED
    java.lang.IllegalArgumentException at RegressionTest0.java:25

RegressionTest > RegressionTest0.test003 FAILED
    java.lang.IllegalArgumentException at RegressionTest0.java:37

RegressionTest > RegressionTest0.test004 FAILED
    java.lang.IllegalArgumentException at RegressionTest0.java:54

RegressionTest > RegressionTest0.test005 FAILED
    java.lang.IllegalArgumentException at RegressionTest0.java:65

RegressionTest > RegressionTest0.test007 FAILED
    java.lang.IllegalArgumentException at RegressionTest0.java:87

RegressionTest > RegressionTest0.test008 FAILED
    java.lang.IllegalArgumentException at RegressionTest0.java:100

RegressionTest > RegressionTest0.test009 FAILED
    java.lang.IllegalArgumentException at RegressionTest0.java:127

RegressionTest > RegressionTest0.test010 FAILED
    java.lang.IllegalArgumentException at RegressionTest0.java:156

RegressionTest > RegressionTest0.test011 FAILED
    java.lang.IllegalArgumentException at RegressionTest0.java:178

RegressionTest > RegressionTest0.test012 FAILED
    java.lang.IllegalArgumentException at RegressionTest0.java:206

RegressionTest > RegressionTest0.test013 FAILED
    java.lang.IllegalArgumentException at RegressionTest0.java:232

RegressionTest > RegressionTest0.test015 FAILED
    java.lang.IllegalArgumentException at RegressionTest0.java:258

RegressionTest > RegressionTest0.test016 FAILED
    java.lang.IllegalArgumentException at RegressionTest0.java:278

RegressionTest > RegressionTest0.test017 FAILED
    java.lang.IllegalArgumentException at RegressionTest0.java:313

RegressionTest > RegressionTest0.test018 FAILED
    java.lang.IllegalArgumentException at RegressionTest0.java:331

RegressionTest > RegressionTest0.test019 FAILED
    java.lang.IllegalArgumentException at RegressionTest0.java:358

RegressionTest > RegressionTest0.test020 FAILED
    java.lang.IllegalArgumentException at RegressionTest0.java:375

RegressionTest > RegressionTest0.test021 FAILED
    java.lang.IllegalArgumentException at RegressionTest0.java:386

RegressionTest > RegressionTest0.test022 FAILED
    java.lang.IllegalArgumentException at RegressionTest0.java:408

RegressionTest > RegressionTest0.test023 FAILED
    java.lang.IllegalArgumentException at RegressionTest0.java:422

RegressionTest > RegressionTest0.test024 FAILED
    java.lang.IllegalArgumentException at RegressionTest0.java:448

RegressionTest > RegressionTest0.test025 FAILED
    java.lang.IllegalArgumentException at RegressionTest0.java:466

RegressionTest > RegressionTest0.test026 FAILED
    java.lang.IllegalArgumentException at RegressionTest0.java:486

RegressionTest > RegressionTest0.test027 FAILED
    java.lang.IllegalArgumentException at RegressionTest0.java:501

RegressionTest > RegressionTest0.test028 FAILED
    java.lang.IllegalArgumentException at RegressionTest0.java:551

RegressionTest > RegressionTest0.test029 FAILED
    java.lang.IllegalArgumentException at RegressionTest0.java:575

RegressionTest > RegressionTest0.test030 FAILED
    java.lang.IllegalArgumentException at RegressionTest0.java:596

RegressionTest > RegressionTest0.test031 FAILED
    java.lang.IllegalArgumentException at RegressionTest0.java:625

RegressionTest > RegressionTest0.test032 FAILED
    java.lang.IllegalArgumentException at RegressionTest0.java:654

RegressionTest > RegressionTest0.test033 FAILED
    java.lang.IllegalArgumentException at RegressionTest0.java:678

RegressionTest > RegressionTest0.test034 FAILED
    java.lang.IllegalArgumentException at RegressionTest0.java:731

RegressionTest > RegressionTest0.test035 FAILED
    java.lang.IllegalArgumentException at RegressionTest0.java:756

RegressionTest > RegressionTest0.test036 FAILED
    java.lang.IllegalArgumentException at RegressionTest0.java:801

RegressionTest > RegressionTest0.test037 FAILED
    java.lang.IllegalArgumentException at RegressionTest0.java:822

RegressionTest > RegressionTest0.test038 FAILED
    java.lang.IllegalArgumentException at RegressionTest0.java:856

RegressionTest > RegressionTest0.test039 FAILED
    java.lang.IllegalArgumentException at RegressionTest0.java:879

RegressionTest > RegressionTest0.test040 FAILED
    java.lang.IllegalArgumentException at RegressionTest0.java:900

RegressionTest > RegressionTest0.test041 FAILED
    java.lang.IllegalArgumentException at RegressionTest0.java:924

RegressionTest > RegressionTest0.test042 FAILED
    java.lang.IllegalArgumentException at RegressionTest0.java:968

RegressionTest > RegressionTest0.test043 FAILED
    java.lang.IllegalArgumentException at RegressionTest0.java:994

RegressionTest > RegressionTest0.test044 FAILED
    java.lang.IllegalArgumentException at RegressionTest0.java:1052

RegressionTest > RegressionTest0.test045 FAILED
    java.lang.IllegalArgumentException at RegressionTest0.java:1088

RegressionTest > RegressionTest0.test046 FAILED
    java.lang.IllegalArgumentException at RegressionTest0.java:1129

RegressionTest > RegressionTest0.test047 FAILED
    java.lang.IllegalArgumentException at RegressionTest0.java:1162

RegressionTest > RegressionTest0.test048 FAILED
    java.lang.IllegalArgumentException at RegressionTest0.java:1202

RegressionTest > RegressionTest0.test049 FAILED
    java.lang.IllegalArgumentException at RegressionTest0.java:1229

RegressionTest > RegressionTest0.test050 FAILED
    java.lang.IllegalArgumentException at RegressionTest0.java:1265

RegressionTest > RegressionTest0.test051 FAILED
    java.lang.IllegalArgumentException at RegressionTest0.java:1303

RegressionTest > RegressionTest0.test052 FAILED
    java.lang.IllegalArgumentException at RegressionTest0.java:1334

RegressionTest > RegressionTest0.test053 FAILED
    java.lang.IllegalArgumentException at RegressionTest0.java:1373

RegressionTest > RegressionTest0.test054 FAILED
    java.lang.IllegalArgumentException at RegressionTest0.java:1402

RegressionTest > RegressionTest0.test055 FAILED
    java.lang.IllegalArgumentException at RegressionTest0.java:1428

RegressionTest > RegressionTest0.test056 FAILED
    java.lang.IllegalArgumentException at RegressionTest0.java:1467

RegressionTest > RegressionTest0.test057 FAILED
    java.lang.IllegalArgumentException at RegressionTest0.java:1510

RegressionTest > RegressionTest0.test058 FAILED
    java.lang.IllegalArgumentException at RegressionTest0.java:1563

RegressionTest > RegressionTest0.test059 FAILED
    java.lang.IllegalArgumentException at RegressionTest0.java:1600

RegressionTest > RegressionTest0.test060 FAILED
    java.lang.IllegalArgumentException at RegressionTest0.java:1628

RegressionTest > RegressionTest0.test061 FAILED
    java.lang.IllegalArgumentException at RegressionTest0.java:1661

RegressionTest > RegressionTest0.test062 FAILED
    java.lang.IllegalArgumentException at RegressionTest0.java:1688

RegressionTest > RegressionTest0.test063 FAILED
    java.lang.IllegalArgumentException at RegressionTest0.java:1724

RegressionTest > RegressionTest0.test064 FAILED
    java.lang.IllegalArgumentException at RegressionTest0.java:1781

RegressionTest > RegressionTest0.test065 FAILED
    java.lang.IllegalArgumentException at RegressionTest0.java:1815

RegressionTest > RegressionTest0.test066 FAILED
    java.lang.IllegalArgumentException at RegressionTest0.java:1835

RegressionTest > RegressionTest0.test067 FAILED
    java.lang.IllegalArgumentException at RegressionTest0.java:1876

RegressionTest > RegressionTest0.test068 FAILED
    java.lang.IllegalArgumentException at RegressionTest0.java:1936

RegressionTest > RegressionTest0.test069 FAILED
    java.lang.IllegalArgumentException at RegressionTest0.java:1950

RegressionTest > RegressionTest0.test070 FAILED
    java.lang.IllegalArgumentException at RegressionTest0.java:1986

RegressionTest > RegressionTest0.test071 FAILED
    java.lang.IllegalArgumentException at RegressionTest0.java:2001

RegressionTest > RegressionTest0.test072 FAILED
    java.lang.IllegalArgumentException at RegressionTest0.java:2020

RegressionTest > RegressionTest0.test073 FAILED
    java.lang.IllegalArgumentException at RegressionTest0.java:2075

RegressionTest > RegressionTest0.test074 FAILED
    java.lang.IllegalArgumentException at RegressionTest0.java:2098

RegressionTest > RegressionTest0.test075 FAILED
    java.lang.IllegalArgumentException at RegressionTest0.java:2145

RegressionTest > RegressionTest0.test076 FAILED
    java.lang.IllegalArgumentException at RegressionTest0.java:2159

RegressionTest > RegressionTest0.test077 FAILED
    java.lang.IllegalArgumentException at RegressionTest0.java:2209

RegressionTest > RegressionTest0.test078 FAILED
    java.lang.IllegalArgumentException at RegressionTest0.java:2227

RegressionTest > RegressionTest0.test079 FAILED
    java.lang.IllegalArgumentException at RegressionTest0.java:2268

RegressionTest > RegressionTest0.test080 FAILED
    java.lang.IllegalArgumentException at RegressionTest0.java:2298

RegressionTest > RegressionTest0.test081 FAILED
    java.lang.IllegalArgumentException at RegressionTest0.java:2320

RegressionTest > RegressionTest0.test082 FAILED
    java.lang.IllegalArgumentException at RegressionTest0.java:2390

RegressionTest > RegressionTest0.test083 FAILED
    java.lang.IllegalArgumentException at RegressionTest0.java:2405

RegressionTest > RegressionTest0.test084 FAILED
    java.lang.IllegalArgumentException at RegressionTest0.java:2424

RegressionTest > RegressionTest0.test085 FAILED
    java.lang.IllegalArgumentException at RegressionTest0.java:2458

RegressionTest > RegressionTest0.test086 FAILED
    java.lang.IllegalArgumentException at RegressionTest0.java:2509

RegressionTest > RegressionTest0.test087 FAILED
    java.lang.IllegalArgumentException at RegressionTest0.java:2536

RegressionTest > RegressionTest0.test088 FAILED
    java.lang.IllegalArgumentException at RegressionTest0.java:2557

RegressionTest > RegressionTest0.test089 FAILED
    java.lang.IllegalArgumentException at RegressionTest0.java:2591

RegressionTest > RegressionTest0.test090 FAILED
    java.lang.IllegalArgumentException at RegressionTest0.java:2611

RegressionTest > RegressionTest0.test091 FAILED
    java.lang.IllegalArgumentException at RegressionTest0.java:2694

RegressionTest > RegressionTest0.test092 FAILED
    java.lang.IllegalArgumentException at RegressionTest0.java:2718

RegressionTest > RegressionTest0.test093 FAILED
    java.lang.IllegalArgumentException at RegressionTest0.java:2767

RegressionTest > RegressionTest0.test094 FAILED
    java.lang.IllegalArgumentException at RegressionTest0.java:2867

RegressionTest > RegressionTest0.test095 FAILED
    java.lang.IllegalArgumentException at RegressionTest0.java:2926

RegressionTest > RegressionTest0.test096 FAILED
    java.lang.IllegalArgumentException at RegressionTest0.java:2968

RegressionTest > RegressionTest0.test097 FAILED
    java.lang.IllegalArgumentException at RegressionTest0.java:3033

RegressionTest > RegressionTest0.test098 FAILED
    java.lang.IllegalArgumentException at RegressionTest0.java:3079

RegressionTest > RegressionTest0.test099 FAILED
    java.lang.IllegalArgumentException at RegressionTest0.java:3142

RegressionTest > RegressionTest0.test100 FAILED
    java.lang.IllegalArgumentException at RegressionTest0.java:3194

RegressionTest > RegressionTest0.test101 FAILED
    java.lang.IllegalArgumentException at RegressionTest0.java:3267

RegressionTest > RegressionTest0.test102 FAILED
    java.lang.IllegalArgumentException at RegressionTest0.java:3306

RegressionTest > RegressionTest0.test103 FAILED
    java.lang.IllegalArgumentException at RegressionTest0.java:3407

RegressionTest > RegressionTest0.test104 FAILED
    java.lang.IllegalArgumentException at RegressionTest0.java:3451

RegressionTest > RegressionTest0.test105 FAILED
    java.lang.IllegalArgumentException at RegressionTest0.java:3480

RegressionTest > RegressionTest0.test106 FAILED
    java.lang.IllegalArgumentException at RegressionTest0.java:3521

RegressionTest > RegressionTest0.test107 FAILED
    java.lang.IllegalArgumentException at RegressionTest0.java:3583

RegressionTest > RegressionTest0.test108 FAILED
    java.lang.IllegalArgumentException at RegressionTest0.java:3640

RegressionTest > RegressionTest0.test109 FAILED
    java.lang.IllegalArgumentException at RegressionTest0.java:3673

RegressionTest > RegressionTest0.test111 FAILED
    java.lang.IllegalArgumentException at RegressionTest0.java:3723

RegressionTest > RegressionTest0.test112 FAILED
    java.lang.IllegalArgumentException at RegressionTest0.java:3749

RegressionTest > RegressionTest0.test113 FAILED
    java.lang.IllegalArgumentException at RegressionTest0.java:3805

RegressionTest > RegressionTest0.test114 FAILED
    java.lang.IllegalArgumentException at RegressionTest0.java:3850

RegressionTest > RegressionTest0.test115 FAILED
    java.lang.IllegalArgumentException at RegressionTest0.java:3897

RegressionTest > RegressionTest0.test116 FAILED
    java.lang.IllegalArgumentException at RegressionTest0.java:3928

RegressionTest > RegressionTest0.test117 FAILED
    java.lang.IllegalArgumentException at RegressionTest0.java:3969

RegressionTest > RegressionTest0.test118 FAILED
    java.lang.IllegalArgumentException at RegressionTest0.java:4025

RegressionTest > RegressionTest0.test119 FAILED
    java.lang.IllegalArgumentException at RegressionTest0.java:4083

RegressionTest > RegressionTest0.test120 FAILED
    java.lang.IllegalArgumentException at RegressionTest0.java:4180

RegressionTest > RegressionTest0.test121 FAILED
    java.lang.IllegalArgumentException at RegressionTest0.java:4220

RegressionTest > RegressionTest0.test122 FAILED
    java.lang.IllegalArgumentException at RegressionTest0.java:4251

RegressionTest > RegressionTest0.test123 FAILED
    java.lang.IllegalArgumentException at RegressionTest0.java:4273

RegressionTest > RegressionTest0.test124 FAILED
    java.lang.IllegalArgumentException at RegressionTest0.java:4311

RegressionTest > RegressionTest0.test125 FAILED
    java.lang.IllegalArgumentException at RegressionTest0.java:4350

RegressionTest > RegressionTest0.test126 FAILED
    java.lang.IllegalArgumentException at RegressionTest0.java:4392

RegressionTest > RegressionTest0.test127 FAILED
    java.lang.IllegalArgumentException at RegressionTest0.java:4425

RegressionTest > RegressionTest0.test128 FAILED
    java.lang.IllegalArgumentException at RegressionTest0.java:4506

RegressionTest > RegressionTest0.test129 FAILED
    java.lang.IllegalArgumentException at RegressionTest0.java:4589

RegressionTest > RegressionTest0.test130 FAILED
    java.lang.IllegalArgumentException at RegressionTest0.java:4633

RegressionTest > RegressionTest0.test131 FAILED
    java.lang.IllegalArgumentException at RegressionTest0.java:4651

RegressionTest > RegressionTest0.test132 FAILED
    java.lang.IllegalArgumentException at RegressionTest0.java:4674

RegressionTest > RegressionTest0.test133 FAILED
    java.lang.IllegalArgumentException at RegressionTest0.java:4700

RegressionTest > RegressionTest0.test134 FAILED
    java.lang.IllegalArgumentException at RegressionTest0.java:4753

RegressionTest > RegressionTest0.test135 FAILED
    java.lang.IllegalArgumentException at RegressionTest0.java:4795

RegressionTest > RegressionTest0.test136 FAILED
    java.lang.IllegalArgumentException at RegressionTest0.java:4817

RegressionTest > RegressionTest0.test137 FAILED
    java.lang.IllegalArgumentException at RegressionTest0.java:4897

RegressionTest > RegressionTest0.test138 FAILED
    java.lang.IllegalArgumentException at RegressionTest0.java:4935

RegressionTest > RegressionTest0.test139 FAILED
    java.lang.IllegalArgumentException at RegressionTest0.java:5045

RegressionTest > RegressionTest0.test140 FAILED
    java.lang.IllegalArgumentException at RegressionTest0.java:5105

RegressionTest > RegressionTest0.test141 FAILED
    java.lang.IllegalArgumentException at RegressionTest0.java:5159

RegressionTest > RegressionTest0.test142 FAILED
    java.lang.IllegalArgumentException at RegressionTest0.java:5198

RegressionTest > RegressionTest0.test143 FAILED
    java.lang.IllegalArgumentException at RegressionTest0.java:5239

RegressionTest > RegressionTest0.test144 FAILED
    java.lang.IllegalArgumentException at RegressionTest0.java:5337

RegressionTest0 > test002 FAILED
    java.lang.IllegalArgumentException at RegressionTest0.java:25

RegressionTest0 > test003 FAILED
    java.lang.IllegalArgumentException at RegressionTest0.java:37

RegressionTest0 > test004 FAILED
    java.lang.IllegalArgumentException at RegressionTest0.java:54

RegressionTest0 > test005 FAILED
    java.lang.IllegalArgumentException at RegressionTest0.java:65

RegressionTest0 > test007 FAILED
    java.lang.IllegalArgumentException at RegressionTest0.java:87

RegressionTest0 > test008 FAILED
    java.lang.IllegalArgumentException at RegressionTest0.java:100

RegressionTest0 > test009 FAILED
    java.lang.IllegalArgumentException at RegressionTest0.java:127

RegressionTest0 > test010 FAILED
    java.lang.IllegalArgumentException at RegressionTest0.java:156

RegressionTest0 > test011 FAILED
    java.lang.IllegalArgumentException at RegressionTest0.java:178

RegressionTest0 > test012 FAILED
    java.lang.IllegalArgumentException at RegressionTest0.java:206

RegressionTest0 > test013 FAILED
    java.lang.IllegalArgumentException at RegressionTest0.java:232

RegressionTest0 > test015 FAILED
    java.lang.IllegalArgumentException at RegressionTest0.java:258

RegressionTest0 > test016 FAILED
    java.lang.IllegalArgumentException at RegressionTest0.java:278

RegressionTest0 > test017 FAILED
    java.lang.IllegalArgumentException at RegressionTest0.java:313

RegressionTest0 > test018 FAILED
    java.lang.IllegalArgumentException at RegressionTest0.java:331

RegressionTest0 > test019 FAILED
    java.lang.IllegalArgumentException at RegressionTest0.java:358

RegressionTest0 > test020 FAILED
    java.lang.IllegalArgumentException at RegressionTest0.java:375

RegressionTest0 > test021 FAILED
    java.lang.IllegalArgumentException at RegressionTest0.java:386

RegressionTest0 > test022 FAILED
    java.lang.IllegalArgumentException at RegressionTest0.java:408

RegressionTest0 > test023 FAILED
    java.lang.IllegalArgumentException at RegressionTest0.java:422

RegressionTest0 > test024 FAILED
    java.lang.IllegalArgumentException at RegressionTest0.java:448

RegressionTest0 > test025 FAILED
    java.lang.IllegalArgumentException at RegressionTest0.java:466

RegressionTest0 > test026 FAILED
    java.lang.IllegalArgumentException at RegressionTest0.java:486

RegressionTest0 > test027 FAILED
    java.lang.IllegalArgumentException at RegressionTest0.java:501

RegressionTest0 > test028 FAILED
    java.lang.IllegalArgumentException at RegressionTest0.java:551

RegressionTest0 > test029 FAILED
    java.lang.IllegalArgumentException at RegressionTest0.java:575

RegressionTest0 > test030 FAILED
    java.lang.IllegalArgumentException at RegressionTest0.java:596

RegressionTest0 > test031 FAILED
    java.lang.IllegalArgumentException at RegressionTest0.java:625

RegressionTest0 > test032 FAILED
    java.lang.IllegalArgumentException at RegressionTest0.java:654

RegressionTest0 > test033 FAILED
    java.lang.IllegalArgumentException at RegressionTest0.java:678

RegressionTest0 > test034 FAILED
    java.lang.IllegalArgumentException at RegressionTest0.java:731

RegressionTest0 > test035 FAILED
    java.lang.IllegalArgumentException at RegressionTest0.java:756

RegressionTest0 > test036 FAILED
    java.lang.IllegalArgumentException at RegressionTest0.java:801

RegressionTest0 > test037 FAILED
    java.lang.IllegalArgumentException at RegressionTest0.java:822

RegressionTest0 > test038 FAILED
    java.lang.IllegalArgumentException at RegressionTest0.java:856

RegressionTest0 > test039 FAILED
    java.lang.IllegalArgumentException at RegressionTest0.java:879

RegressionTest0 > test040 FAILED
    java.lang.IllegalArgumentException at RegressionTest0.java:900

RegressionTest0 > test041 FAILED
    java.lang.IllegalArgumentException at RegressionTest0.java:924

RegressionTest0 > test042 FAILED
    java.lang.IllegalArgumentException at RegressionTest0.java:968

RegressionTest0 > test043 FAILED
    java.lang.IllegalArgumentException at RegressionTest0.java:994

RegressionTest0 > test044 FAILED
    java.lang.IllegalArgumentException at RegressionTest0.java:1052

RegressionTest0 > test045 FAILED
    java.lang.IllegalArgumentException at RegressionTest0.java:1088

RegressionTest0 > test046 FAILED
    java.lang.IllegalArgumentException at RegressionTest0.java:1129

RegressionTest0 > test047 FAILED
    java.lang.IllegalArgumentException at RegressionTest0.java:1162

RegressionTest0 > test048 FAILED
    java.lang.IllegalArgumentException at RegressionTest0.java:1202

RegressionTest0 > test049 FAILED
    java.lang.IllegalArgumentException at RegressionTest0.java:1229

RegressionTest0 > test050 FAILED
    java.lang.IllegalArgumentException at RegressionTest0.java:1265

RegressionTest0 > test051 FAILED
    java.lang.IllegalArgumentException at RegressionTest0.java:1303

RegressionTest0 > test052 FAILED
    java.lang.IllegalArgumentException at RegressionTest0.java:1334

RegressionTest0 > test053 FAILED
    java.lang.IllegalArgumentException at RegressionTest0.java:1373

RegressionTest0 > test054 FAILED
    java.lang.IllegalArgumentException at RegressionTest0.java:1402

RegressionTest0 > test055 FAILED
    java.lang.IllegalArgumentException at RegressionTest0.java:1428

RegressionTest0 > test056 FAILED
    java.lang.IllegalArgumentException at RegressionTest0.java:1467

RegressionTest0 > test057 FAILED
    java.lang.IllegalArgumentException at RegressionTest0.java:1510

RegressionTest0 > test058 FAILED
    java.lang.IllegalArgumentException at RegressionTest0.java:1563

RegressionTest0 > test059 FAILED
    java.lang.IllegalArgumentException at RegressionTest0.java:1600

RegressionTest0 > test060 FAILED
    java.lang.IllegalArgumentException at RegressionTest0.java:1628

RegressionTest0 > test061 FAILED
    java.lang.IllegalArgumentException at RegressionTest0.java:1661

RegressionTest0 > test062 FAILED
    java.lang.IllegalArgumentException at RegressionTest0.java:1688

RegressionTest0 > test063 FAILED
    java.lang.IllegalArgumentException at RegressionTest0.java:1724

RegressionTest0 > test064 FAILED
    java.lang.IllegalArgumentException at RegressionTest0.java:1781

RegressionTest0 > test065 FAILED
    java.lang.IllegalArgumentException at RegressionTest0.java:1815

RegressionTest0 > test066 FAILED
    java.lang.IllegalArgumentException at RegressionTest0.java:1835

RegressionTest0 > test067 FAILED
    java.lang.IllegalArgumentException at RegressionTest0.java:1876

RegressionTest0 > test068 FAILED
    java.lang.IllegalArgumentException at RegressionTest0.java:1936

RegressionTest0 > test069 FAILED
    java.lang.IllegalArgumentException at RegressionTest0.java:1950

RegressionTest0 > test070 FAILED
    java.lang.IllegalArgumentException at RegressionTest0.java:1986

RegressionTest0 > test071 FAILED
    java.lang.IllegalArgumentException at RegressionTest0.java:2001

RegressionTest0 > test072 FAILED
    java.lang.IllegalArgumentException at RegressionTest0.java:2020

RegressionTest0 > test073 FAILED
    java.lang.IllegalArgumentException at RegressionTest0.java:2075

RegressionTest0 > test074 FAILED
    java.lang.IllegalArgumentException at RegressionTest0.java:2098

RegressionTest0 > test075 FAILED
    java.lang.IllegalArgumentException at RegressionTest0.java:2145

RegressionTest0 > test076 FAILED
    java.lang.IllegalArgumentException at RegressionTest0.java:2159

RegressionTest0 > test077 FAILED
    java.lang.IllegalArgumentException at RegressionTest0.java:2209

RegressionTest0 > test078 FAILED
    java.lang.IllegalArgumentException at RegressionTest0.java:2227

RegressionTest0 > test079 FAILED
    java.lang.IllegalArgumentException at RegressionTest0.java:2268

RegressionTest0 > test080 FAILED
    java.lang.IllegalArgumentException at RegressionTest0.java:2298

RegressionTest0 > test081 FAILED
    java.lang.IllegalArgumentException at RegressionTest0.java:2320

RegressionTest0 > test082 FAILED
    java.lang.IllegalArgumentException at RegressionTest0.java:2390

RegressionTest0 > test083 FAILED
    java.lang.IllegalArgumentException at RegressionTest0.java:2405

RegressionTest0 > test084 FAILED
    java.lang.IllegalArgumentException at RegressionTest0.java:2424

RegressionTest0 > test085 FAILED
    java.lang.IllegalArgumentException at RegressionTest0.java:2458

RegressionTest0 > test086 FAILED
    java.lang.IllegalArgumentException at RegressionTest0.java:2509

RegressionTest0 > test087 FAILED
    java.lang.IllegalArgumentException at RegressionTest0.java:2536

RegressionTest0 > test088 FAILED
    java.lang.IllegalArgumentException at RegressionTest0.java:2557

RegressionTest0 > test089 FAILED
    java.lang.IllegalArgumentException at RegressionTest0.java:2591

RegressionTest0 > test090 FAILED
    java.lang.IllegalArgumentException at RegressionTest0.java:2611

RegressionTest0 > test091 FAILED
    java.lang.IllegalArgumentException at RegressionTest0.java:2694

RegressionTest0 > test092 FAILED
    java.lang.IllegalArgumentException at RegressionTest0.java:2718

RegressionTest0 > test093 FAILED
    java.lang.IllegalArgumentException at RegressionTest0.java:2767

RegressionTest0 > test094 FAILED
    java.lang.IllegalArgumentException at RegressionTest0.java:2867

RegressionTest0 > test095 FAILED
    java.lang.IllegalArgumentException at RegressionTest0.java:2926

RegressionTest0 > test096 FAILED
    java.lang.IllegalArgumentException at RegressionTest0.java:2968

RegressionTest0 > test097 FAILED
    java.lang.IllegalArgumentException at RegressionTest0.java:3033

RegressionTest0 > test098 FAILED
    java.lang.IllegalArgumentException at RegressionTest0.java:3079

RegressionTest0 > test099 FAILED
    java.lang.IllegalArgumentException at RegressionTest0.java:3142

RegressionTest0 > test100 FAILED
    java.lang.IllegalArgumentException at RegressionTest0.java:3194

RegressionTest0 > test101 FAILED
    java.lang.IllegalArgumentException at RegressionTest0.java:3267

RegressionTest0 > test102 FAILED
    java.lang.IllegalArgumentException at RegressionTest0.java:3306

RegressionTest0 > test103 FAILED
    java.lang.IllegalArgumentException at RegressionTest0.java:3407

RegressionTest0 > test104 FAILED
    java.lang.IllegalArgumentException at RegressionTest0.java:3451

RegressionTest0 > test105 FAILED
    java.lang.IllegalArgumentException at RegressionTest0.java:3480

RegressionTest0 > test106 FAILED
    java.lang.IllegalArgumentException at RegressionTest0.java:3521

RegressionTest0 > test107 FAILED
    java.lang.IllegalArgumentException at RegressionTest0.java:3583

RegressionTest0 > test108 FAILED
    java.lang.IllegalArgumentException at RegressionTest0.java:3640

RegressionTest0 > test109 FAILED
    java.lang.IllegalArgumentException at RegressionTest0.java:3673

RegressionTest0 > test111 FAILED
    java.lang.IllegalArgumentException at RegressionTest0.java:3723

RegressionTest0 > test112 FAILED
    java.lang.IllegalArgumentException at RegressionTest0.java:3749

RegressionTest0 > test113 FAILED
    java.lang.IllegalArgumentException at RegressionTest0.java:3805

RegressionTest0 > test114 FAILED
    java.lang.IllegalArgumentException at RegressionTest0.java:3850

RegressionTest0 > test115 FAILED
    java.lang.IllegalArgumentException at RegressionTest0.java:3897

RegressionTest0 > test116 FAILED
    java.lang.IllegalArgumentException at RegressionTest0.java:3928

RegressionTest0 > test117 FAILED
    java.lang.IllegalArgumentException at RegressionTest0.java:3969

RegressionTest0 > test118 FAILED
    java.lang.IllegalArgumentException at RegressionTest0.java:4025

RegressionTest0 > test119 FAILED
    java.lang.IllegalArgumentException at RegressionTest0.java:4083

RegressionTest0 > test120 FAILED
    java.lang.IllegalArgumentException at RegressionTest0.java:4180

RegressionTest0 > test121 FAILED
    java.lang.IllegalArgumentException at RegressionTest0.java:4220

RegressionTest0 > test122 FAILED
    java.lang.IllegalArgumentException at RegressionTest0.java:4251

RegressionTest0 > test123 FAILED
    java.lang.IllegalArgumentException at RegressionTest0.java:4273

RegressionTest0 > test124 FAILED
    java.lang.IllegalArgumentException at RegressionTest0.java:4311

RegressionTest0 > test125 FAILED
    java.lang.IllegalArgumentException at RegressionTest0.java:4350

RegressionTest0 > test126 FAILED
    java.lang.IllegalArgumentException at RegressionTest0.java:4392

RegressionTest0 > test127 FAILED
    java.lang.IllegalArgumentException at RegressionTest0.java:4425

RegressionTest0 > test128 FAILED
    java.lang.IllegalArgumentException at RegressionTest0.java:4506

RegressionTest0 > test129 FAILED
    java.lang.IllegalArgumentException at RegressionTest0.java:4589

RegressionTest0 > test130 FAILED
    java.lang.IllegalArgumentException at RegressionTest0.java:4633

RegressionTest0 > test131 FAILED
    java.lang.IllegalArgumentException at RegressionTest0.java:4651

RegressionTest0 > test132 FAILED
    java.lang.IllegalArgumentException at RegressionTest0.java:4674

RegressionTest0 > test133 FAILED
    java.lang.IllegalArgumentException at RegressionTest0.java:4700

RegressionTest0 > test134 FAILED
    java.lang.IllegalArgumentException at RegressionTest0.java:4753

RegressionTest0 > test135 FAILED
    java.lang.IllegalArgumentException at RegressionTest0.java:4795

RegressionTest0 > test136 FAILED
    java.lang.IllegalArgumentException at RegressionTest0.java:4817

RegressionTest0 > test137 FAILED
    java.lang.IllegalArgumentException at RegressionTest0.java:4897

RegressionTest0 > test138 FAILED
    java.lang.IllegalArgumentException at RegressionTest0.java:4935

RegressionTest0 > test139 FAILED
    java.lang.IllegalArgumentException at RegressionTest0.java:5045

RegressionTest0 > test140 FAILED
    java.lang.IllegalArgumentException at RegressionTest0.java:5105

RegressionTest0 > test141 FAILED
    java.lang.IllegalArgumentException at RegressionTest0.java:5159

RegressionTest0 > test142 FAILED
    java.lang.IllegalArgumentException at RegressionTest0.java:5198

RegressionTest0 > test143 FAILED
    java.lang.IllegalArgumentException at RegressionTest0.java:5239

RegressionTest0 > test144 FAILED
    java.lang.IllegalArgumentException at RegressionTest0.java:5337

testers.DoublyLinkedListNodeTester0 > test002 FAILED
    java.lang.IllegalArgumentException at DoublyLinkedListNodeTester0.java:26

testers.DoublyLinkedListNodeTester0 > test003 FAILED
    java.lang.IllegalArgumentException at DoublyLinkedListNodeTester0.java:37

testers.DoublyLinkedListNodeTester0 > test004 FAILED
    java.lang.IllegalArgumentException at DoublyLinkedListNodeTester0.java:53

testers.DoublyLinkedListNodeTester0 > test005 FAILED
    java.lang.IllegalArgumentException at DoublyLinkedListNodeTester0.java:63

testers.DoublyLinkedListNodeTester0 > test007 FAILED
    java.lang.IllegalArgumentException at DoublyLinkedListNodeTester0.java:83

testers.DoublyLinkedListNodeTester0 > test008 FAILED
    java.lang.IllegalArgumentException at DoublyLinkedListNodeTester0.java:95

testers.DoublyLinkedListNodeTester0 > test009 FAILED
    java.lang.IllegalArgumentException at DoublyLinkedListNodeTester0.java:122

testers.DoublyLinkedListNodeTester0 > test010 FAILED
    java.lang.IllegalArgumentException at DoublyLinkedListNodeTester0.java:151

testers.DoublyLinkedListNodeTester0 > test011 FAILED
    java.lang.IllegalArgumentException at DoublyLinkedListNodeTester0.java:173

testers.DoublyLinkedListNodeTester0 > test012 FAILED
    java.lang.IllegalArgumentException at DoublyLinkedListNodeTester0.java:201

testers.DoublyLinkedListNodeTester0 > test013 FAILED
    java.lang.IllegalArgumentException at DoublyLinkedListNodeTester0.java:227

testers.DoublyLinkedListNodeTester0 > test015 FAILED
    java.lang.IllegalArgumentException at DoublyLinkedListNodeTester0.java:251

testers.DoublyLinkedListNodeTester0 > test016 FAILED
    java.lang.IllegalArgumentException at DoublyLinkedListNodeTester0.java:271

testers.DoublyLinkedListNodeTester0 > test017 FAILED
    java.lang.IllegalArgumentException at DoublyLinkedListNodeTester0.java:306

testers.DoublyLinkedListNodeTester0 > test018 FAILED
    java.lang.IllegalArgumentException at DoublyLinkedListNodeTester0.java:323

testers.DoublyLinkedListNodeTester0 > test019 FAILED
    java.lang.IllegalArgumentException at DoublyLinkedListNodeTester0.java:350

testers.DoublyLinkedListNodeTester0 > test020 FAILED
    java.lang.IllegalArgumentException at DoublyLinkedListNodeTester0.java:366

testers.DoublyLinkedListNodeTester0 > test021 FAILED
    java.lang.IllegalArgumentException at DoublyLinkedListNodeTester0.java:376

testers.DoublyLinkedListNodeTester0 > test022 FAILED
    java.lang.IllegalArgumentException at DoublyLinkedListNodeTester0.java:397

testers.DoublyLinkedListNodeTester0 > test023 FAILED
    java.lang.IllegalArgumentException at DoublyLinkedListNodeTester0.java:410

testers.DoublyLinkedListNodeTester0 > test024 FAILED
    java.lang.IllegalArgumentException at DoublyLinkedListNodeTester0.java:435

testers.DoublyLinkedListNodeTester0 > test025 FAILED
    java.lang.IllegalArgumentException at DoublyLinkedListNodeTester0.java:452

testers.DoublyLinkedListNodeTester0 > test026 FAILED
    java.lang.IllegalArgumentException at DoublyLinkedListNodeTester0.java:472

testers.DoublyLinkedListNodeTester0 > test027 FAILED
    java.lang.IllegalArgumentException at DoublyLinkedListNodeTester0.java:486

testers.DoublyLinkedListNodeTester0 > test028 FAILED
    java.lang.IllegalArgumentException at DoublyLinkedListNodeTester0.java:536

testers.DoublyLinkedListNodeTester0 > test029 FAILED
    java.lang.IllegalArgumentException at DoublyLinkedListNodeTester0.java:560

testers.DoublyLinkedListNodeTester0 > test030 FAILED
    java.lang.IllegalArgumentException at DoublyLinkedListNodeTester0.java:581

testers.DoublyLinkedListNodeTester0 > test031 FAILED
    java.lang.IllegalArgumentException at DoublyLinkedListNodeTester0.java:610

testers.DoublyLinkedListNodeTester0 > test032 FAILED
    java.lang.IllegalArgumentException at DoublyLinkedListNodeTester0.java:639

testers.DoublyLinkedListNodeTester0 > test033 FAILED
    java.lang.IllegalArgumentException at DoublyLinkedListNodeTester0.java:662

testers.DoublyLinkedListNodeTester0 > test034 FAILED
    java.lang.IllegalArgumentException at DoublyLinkedListNodeTester0.java:715

testers.DoublyLinkedListNodeTester0 > test035 FAILED
    java.lang.IllegalArgumentException at DoublyLinkedListNodeTester0.java:739

testers.DoublyLinkedListNodeTester0 > test036 FAILED
    java.lang.IllegalArgumentException at DoublyLinkedListNodeTester0.java:784

testers.DoublyLinkedListNodeTester0 > test037 FAILED
    java.lang.IllegalArgumentException at DoublyLinkedListNodeTester0.java:804

testers.DoublyLinkedListNodeTester0 > test038 FAILED
    java.lang.IllegalArgumentException at DoublyLinkedListNodeTester0.java:838

testers.DoublyLinkedListNodeTester0 > test039 FAILED
    java.lang.IllegalArgumentException at DoublyLinkedListNodeTester0.java:860

testers.DoublyLinkedListNodeTester0 > test040 FAILED
    java.lang.IllegalArgumentException at DoublyLinkedListNodeTester0.java:881

testers.DoublyLinkedListNodeTester0 > test041 FAILED
    java.lang.IllegalArgumentException at DoublyLinkedListNodeTester0.java:904

testers.DoublyLinkedListNodeTester0 > test042 FAILED
    java.lang.IllegalArgumentException at DoublyLinkedListNodeTester0.java:948

testers.DoublyLinkedListNodeTester0 > test043 FAILED
    java.lang.IllegalArgumentException at DoublyLinkedListNodeTester0.java:974

testers.DoublyLinkedListNodeTester0 > test044 FAILED
    java.lang.IllegalArgumentException at DoublyLinkedListNodeTester0.java:1032

testers.DoublyLinkedListNodeTester0 > test045 FAILED
    java.lang.IllegalArgumentException at DoublyLinkedListNodeTester0.java:1068

testers.DoublyLinkedListNodeTester0 > test046 FAILED
    java.lang.IllegalArgumentException at DoublyLinkedListNodeTester0.java:1109

testers.DoublyLinkedListNodeTester0 > test047 FAILED
    java.lang.IllegalArgumentException at DoublyLinkedListNodeTester0.java:1141

testers.DoublyLinkedListNodeTester0 > test048 FAILED
    java.lang.IllegalArgumentException at DoublyLinkedListNodeTester0.java:1180

testers.DoublyLinkedListNodeTester0 > test049 FAILED
    java.lang.IllegalArgumentException at DoublyLinkedListNodeTester0.java:1206

testers.DoublyLinkedListNodeTester0 > test050 FAILED
    java.lang.IllegalArgumentException at DoublyLinkedListNodeTester0.java:1242

testers.DoublyLinkedListNodeTester0 > test051 FAILED
    java.lang.IllegalArgumentException at DoublyLinkedListNodeTester0.java:1279

testers.DoublyLinkedListNodeTester0 > test052 FAILED
    java.lang.IllegalArgumentException at DoublyLinkedListNodeTester0.java:1310

testers.DoublyLinkedListNodeTester0 > test053 FAILED
    java.lang.IllegalArgumentException at DoublyLinkedListNodeTester0.java:1349

testers.DoublyLinkedListNodeTester0 > test054 FAILED
    java.lang.IllegalArgumentException at DoublyLinkedListNodeTester0.java:1378

testers.DoublyLinkedListNodeTester0 > test055 FAILED
    java.lang.IllegalArgumentException at DoublyLinkedListNodeTester0.java:1403

testers.DoublyLinkedListNodeTester0 > test056 FAILED
    java.lang.IllegalArgumentException at DoublyLinkedListNodeTester0.java:1442

testers.DoublyLinkedListNodeTester0 > test057 FAILED
    java.lang.IllegalArgumentException at DoublyLinkedListNodeTester0.java:1484

testers.DoublyLinkedListNodeTester0 > test058 FAILED
    java.lang.IllegalArgumentException at DoublyLinkedListNodeTester0.java:1537

testers.DoublyLinkedListNodeTester0 > test059 FAILED
    java.lang.IllegalArgumentException at DoublyLinkedListNodeTester0.java:1574

testers.DoublyLinkedListNodeTester0 > test060 FAILED
    java.lang.IllegalArgumentException at DoublyLinkedListNodeTester0.java:1602

testers.DoublyLinkedListNodeTester0 > test061 FAILED
    java.lang.IllegalArgumentException at DoublyLinkedListNodeTester0.java:1634

testers.DoublyLinkedListNodeTester0 > test062 FAILED
    java.lang.IllegalArgumentException at DoublyLinkedListNodeTester0.java:1661

testers.DoublyLinkedListNodeTester0 > test063 FAILED
    java.lang.IllegalArgumentException at DoublyLinkedListNodeTester0.java:1697

testers.DoublyLinkedListNodeTester0 > test064 FAILED
    java.lang.IllegalArgumentException at DoublyLinkedListNodeTester0.java:1754

testers.DoublyLinkedListNodeTester0 > test065 FAILED
    java.lang.IllegalArgumentException at DoublyLinkedListNodeTester0.java:1788

testers.DoublyLinkedListNodeTester0 > test066 FAILED
    java.lang.IllegalArgumentException at DoublyLinkedListNodeTester0.java:1805

testers.DoublyLinkedListNodeTester0 > test067 FAILED
    java.lang.IllegalArgumentException at DoublyLinkedListNodeTester0.java:1864

testers.DoublyLinkedListNodeTester0 > test068 FAILED
    java.lang.IllegalArgumentException at DoublyLinkedListNodeTester0.java:1877

testers.DoublyLinkedListNodeTester0 > test069 FAILED
    java.lang.IllegalArgumentException at DoublyLinkedListNodeTester0.java:1912

testers.DoublyLinkedListNodeTester0 > test070 FAILED
    java.lang.IllegalArgumentException at DoublyLinkedListNodeTester0.java:1926

testers.DoublyLinkedListNodeTester0 > test071 FAILED
    java.lang.IllegalArgumentException at DoublyLinkedListNodeTester0.java:1944

testers.DoublyLinkedListNodeTester0 > test072 FAILED
    java.lang.IllegalArgumentException at DoublyLinkedListNodeTester0.java:1999

testers.DoublyLinkedListNodeTester0 > test073 FAILED
    java.lang.IllegalArgumentException at DoublyLinkedListNodeTester0.java:2021

testers.DoublyLinkedListNodeTester0 > test074 FAILED
    java.lang.IllegalArgumentException at DoublyLinkedListNodeTester0.java:2068

testers.DoublyLinkedListNodeTester0 > test075 FAILED
    java.lang.IllegalArgumentException at DoublyLinkedListNodeTester0.java:2081

testers.DoublyLinkedListNodeTester0 > test076 FAILED
    java.lang.IllegalArgumentException at DoublyLinkedListNodeTester0.java:2131

testers.DoublyLinkedListNodeTester0 > test077 FAILED
    java.lang.IllegalArgumentException at DoublyLinkedListNodeTester0.java:2148

testers.DoublyLinkedListNodeTester0 > test078 FAILED
    java.lang.IllegalArgumentException at DoublyLinkedListNodeTester0.java:2188

testers.DoublyLinkedListNodeTester0 > test079 FAILED
    java.lang.IllegalArgumentException at DoublyLinkedListNodeTester0.java:2218

testers.DoublyLinkedListNodeTester0 > test080 FAILED
    java.lang.IllegalArgumentException at DoublyLinkedListNodeTester0.java:2239

testers.DoublyLinkedListNodeTester0 > test081 FAILED
    java.lang.IllegalArgumentException at DoublyLinkedListNodeTester0.java:2309

testers.DoublyLinkedListNodeTester0 > test082 FAILED
    java.lang.IllegalArgumentException at DoublyLinkedListNodeTester0.java:2322

testers.DoublyLinkedListNodeTester0 > test083 FAILED
    java.lang.IllegalArgumentException at DoublyLinkedListNodeTester0.java:2356

testers.DoublyLinkedListNodeTester0 > test084 FAILED
    java.lang.IllegalArgumentException at DoublyLinkedListNodeTester0.java:2406

testers.DoublyLinkedListNodeTester0 > test085 FAILED
    java.lang.IllegalArgumentException at DoublyLinkedListNodeTester0.java:2432

testers.DoublyLinkedListNodeTester0 > test086 FAILED
    java.lang.IllegalArgumentException at DoublyLinkedListNodeTester0.java:2451

testers.DoublyLinkedListNodeTester0 > test087 FAILED
    java.lang.IllegalArgumentException at DoublyLinkedListNodeTester0.java:2470

testers.DoublyLinkedListNodeTester0 > test088 FAILED
    java.lang.IllegalArgumentException at DoublyLinkedListNodeTester0.java:2553

testers.DoublyLinkedListNodeTester0 > test089 FAILED
    java.lang.IllegalArgumentException at DoublyLinkedListNodeTester0.java:2602

testers.DoublyLinkedListNodeTester0 > test090 FAILED
    java.lang.IllegalArgumentException at DoublyLinkedListNodeTester0.java:2702

testers.DoublyLinkedListNodeTester0 > test091 FAILED
    java.lang.IllegalArgumentException at DoublyLinkedListNodeTester0.java:2761

testers.DoublyLinkedListNodeTester0 > test092 FAILED
    java.lang.IllegalArgumentException at DoublyLinkedListNodeTester0.java:2802

testers.DoublyLinkedListNodeTester0 > test093 FAILED
    java.lang.IllegalArgumentException at DoublyLinkedListNodeTester0.java:2867

testers.DoublyLinkedListNodeTester0 > test094 FAILED
    java.lang.IllegalArgumentException at DoublyLinkedListNodeTester0.java:2911

testers.DoublyLinkedListNodeTester0 > test095 FAILED
    java.lang.IllegalArgumentException at DoublyLinkedListNodeTester0.java:2963

testers.DoublyLinkedListNodeTester0 > test096 FAILED
    java.lang.IllegalArgumentException at DoublyLinkedListNodeTester0.java:3035

testers.DoublyLinkedListNodeTester0 > test097 FAILED
    java.lang.IllegalArgumentException at DoublyLinkedListNodeTester0.java:3074

testers.DoublyLinkedListNodeTester0 > test098 FAILED
    java.lang.IllegalArgumentException at DoublyLinkedListNodeTester0.java:3175

testers.DoublyLinkedListNodeTester0 > test099 FAILED
    java.lang.IllegalArgumentException at DoublyLinkedListNodeTester0.java:3218

testers.DoublyLinkedListNodeTester0 > test100 FAILED
    java.lang.IllegalArgumentException at DoublyLinkedListNodeTester0.java:3247

testers.DoublyLinkedListNodeTester0 > test101 FAILED
    java.lang.IllegalArgumentException at DoublyLinkedListNodeTester0.java:3288

testers.DoublyLinkedListNodeTester0 > test102 FAILED
    java.lang.IllegalArgumentException at DoublyLinkedListNodeTester0.java:3350

testers.DoublyLinkedListNodeTester0 > test103 FAILED
    java.lang.IllegalArgumentException at DoublyLinkedListNodeTester0.java:3407

testers.DoublyLinkedListNodeTester0 > test104 FAILED
    java.lang.IllegalArgumentException at DoublyLinkedListNodeTester0.java:3439

testers.DoublyLinkedListNodeTester0 > test105 FAILED
    java.lang.IllegalArgumentException at DoublyLinkedListNodeTester0.java:3478

testers.DoublyLinkedListNodeTester0 > test106 FAILED
    java.lang.IllegalArgumentException at DoublyLinkedListNodeTester0.java:3503

testers.DoublyLinkedListNodeTester0 > test107 FAILED
    java.lang.IllegalArgumentException at DoublyLinkedListNodeTester0.java:3557

testers.DoublyLinkedListNodeTester0 > test108 FAILED
    java.lang.IllegalArgumentException at DoublyLinkedListNodeTester0.java:3603

testers.DoublyLinkedListNodeTester0 > test109 FAILED
    java.lang.IllegalArgumentException at DoublyLinkedListNodeTester0.java:3634

testers.DoublyLinkedListNodeTester0 > test110 FAILED
    java.lang.IllegalArgumentException at DoublyLinkedListNodeTester0.java:3674

testers.DoublyLinkedListNodeTester0 > test111 FAILED
    java.lang.IllegalArgumentException at DoublyLinkedListNodeTester0.java:3730

testers.DoublyLinkedListNodeTester0 > test112 FAILED
    java.lang.IllegalArgumentException at DoublyLinkedListNodeTester0.java:3788

testers.DoublyLinkedListNodeTester0 > test113 FAILED
    java.lang.IllegalArgumentException at DoublyLinkedListNodeTester0.java:3883

testers.DoublyLinkedListNodeTester0 > test114 FAILED
    java.lang.IllegalArgumentException at DoublyLinkedListNodeTester0.java:3924

testers.DoublyLinkedListNodeTester0 > test115 FAILED
    java.lang.IllegalArgumentException at DoublyLinkedListNodeTester0.java:3957

testers.DoublyLinkedListNodeTester0 > test116 FAILED
    java.lang.IllegalArgumentException at DoublyLinkedListNodeTester0.java:4038

testers.DoublyLinkedListNodeTester0 > test117 FAILED
    java.lang.IllegalArgumentException at DoublyLinkedListNodeTester0.java:4121

testers.DoublyLinkedListNodeTester0 > test118 FAILED
    java.lang.IllegalArgumentException at DoublyLinkedListNodeTester0.java:4165

testers.DoublyLinkedListNodeTester0 > test119 FAILED
    java.lang.IllegalArgumentException at DoublyLinkedListNodeTester0.java:4187

testers.DoublyLinkedListNodeTester0 > test120 FAILED
    java.lang.IllegalArgumentException at DoublyLinkedListNodeTester0.java:4213

testers.DoublyLinkedListNodeTester0 > test121 FAILED
    java.lang.IllegalArgumentException at DoublyLinkedListNodeTester0.java:4264

testers.DoublyLinkedListNodeTester0 > test122 FAILED
    java.lang.IllegalArgumentException at DoublyLinkedListNodeTester0.java:4285

testers.DoublyLinkedListNodeTester0 > test123 FAILED
    java.lang.IllegalArgumentException at DoublyLinkedListNodeTester0.java:4364

testers.DoublyLinkedListNodeTester0 > test124 FAILED
    java.lang.IllegalArgumentException at DoublyLinkedListNodeTester0.java:4474

testers.DoublyLinkedListNodeTester0 > test125 FAILED
    java.lang.IllegalArgumentException at DoublyLinkedListNodeTester0.java:4533

testers.DoublyLinkedListNodeTester0 > test126 FAILED
    java.lang.IllegalArgumentException at DoublyLinkedListNodeTester0.java:4589

testers.DoublyLinkedListNodeTester0 > test127 FAILED
    java.lang.IllegalArgumentException at DoublyLinkedListNodeTester0.java:4630

testers.DoublyLinkedListNodeTester0 > test128 FAILED
    java.lang.IllegalArgumentException at DoublyLinkedListNodeTester0.java:4727

testers.DoublyLinkedListNodeTester0 > test129 FAILED
    java.lang.IllegalArgumentException at DoublyLinkedListNodeTester0.java:4800

testers.DoublyLinkedListNodeTester0 > test130 FAILED
    java.lang.IllegalArgumentException at DoublyLinkedListNodeTester0.java:4848

testers.DoublyLinkedListNodeTester0 > test131 FAILED
    java.lang.IllegalArgumentException at DoublyLinkedListNodeTester0.java:4904

testers.DoublyLinkedListNodeTester0 > test132 FAILED
    java.lang.IllegalArgumentException at DoublyLinkedListNodeTester0.java:4942

testers.DoublyLinkedListNodeTester0 > test133 FAILED
    java.lang.IllegalArgumentException at DoublyLinkedListNodeTester0.java:5023

testers.DoublyLinkedListNodeTester0 > test134 FAILED
    java.lang.IllegalArgumentException at DoublyLinkedListNodeTester0.java:5044

testers.DoublyLinkedListNodeTester0 > test135 FAILED
    java.lang.IllegalArgumentException at DoublyLinkedListNodeTester0.java:5124

testers.DoublyLinkedListNodeTester0 > test136 FAILED
    java.lang.IllegalArgumentException at DoublyLinkedListNodeTester0.java:5190

testers.DoublyLinkedListNodeTester0 > test137 FAILED
    java.lang.IllegalArgumentException at DoublyLinkedListNodeTester0.java:5237

testers.DoublyLinkedListNodeTester0 > test138 FAILED
    java.lang.IllegalArgumentException at DoublyLinkedListNodeTester0.java:5272

testers.DoublyLinkedListNodeTester0 > test139 FAILED
    java.lang.IllegalArgumentException at DoublyLinkedListNodeTester0.java:5331

testers.DoublyLinkedListNodeTester0 > test140 FAILED
    java.lang.IllegalArgumentException at DoublyLinkedListNodeTester0.java:5379

testers.DoublyLinkedListNodeTester0 > test141 FAILED
    java.lang.IllegalArgumentException at DoublyLinkedListNodeTester0.java:5465

testers.DoublyLinkedListNodeTester0 > test142 FAILED
    java.lang.IllegalArgumentException at DoublyLinkedListNodeTester0.java:5504

testers.DoublyLinkedListNodeTester0 > test143 FAILED
    java.lang.IllegalArgumentException at DoublyLinkedListNodeTester0.java:5551

testers.DoublyLinkedListNodeTester0 > test144 FAILED
    java.lang.IllegalArgumentException at DoublyLinkedListNodeTester0.java:5595

testers.DoublyLinkedListNodeTester0 > test145 FAILED
    java.lang.IllegalArgumentException at DoublyLinkedListNodeTester0.java:5662

testers.DoublyLinkedListNodeTester0 > test146 FAILED
    java.lang.IllegalArgumentException at DoublyLinkedListNodeTester0.java:5744

testers.DoublyLinkedListNodeTester0 > test147 FAILED
    java.lang.IllegalArgumentException at DoublyLinkedListNodeTester0.java:5812

testers.DoublyLinkedListNodeTester0 > test148 FAILED
    java.lang.IllegalArgumentException at DoublyLinkedListNodeTester0.java:5873

testers.DoublyLinkedListNodeTester0 > test149 FAILED
    java.lang.IllegalArgumentException at DoublyLinkedListNodeTester0.java:5964

testers.DoublyLinkedListNodeTester0 > test150 FAILED
    java.lang.IllegalArgumentException at DoublyLinkedListNodeTester0.java:5985

testers.DoublyLinkedListNodeTester0 > test151 FAILED
    java.lang.IllegalArgumentException at DoublyLinkedListNodeTester0.java:6091

testers.DoublyLinkedListNodeTester0 > test152 FAILED
    java.lang.IllegalArgumentException at DoublyLinkedListNodeTester0.java:6119

testers.DoublyLinkedListNodeTester0 > test153 FAILED
    java.lang.IllegalArgumentException at DoublyLinkedListNodeTester0.java:6175

testers.DoublyLinkedListNodeTester0 > test154 FAILED
    java.lang.IllegalArgumentException at DoublyLinkedListNodeTester0.java:6246

testers.DoublyLinkedListNodeTester0 > test155 FAILED
    java.lang.IllegalArgumentException at DoublyLinkedListNodeTester0.java:6268

testers.DoublyLinkedListNodeTester0 > test156 FAILED
    java.lang.IllegalArgumentException at DoublyLinkedListNodeTester0.java:6308

testers.DoublyLinkedListNodeTester0 > test157 FAILED
    java.lang.IllegalArgumentException at DoublyLinkedListNodeTester0.java:6351

testers.DoublyLinkedListNodeTester0 > test158 FAILED
    java.lang.IllegalArgumentException at DoublyLinkedListNodeTester0.java:6413

testers.DoublyLinkedListNodeTester0 > test159 FAILED
    java.lang.IllegalArgumentException at DoublyLinkedListNodeTester0.java:6442

testers.DoublyLinkedListNodeTester0 > test160 FAILED
    java.lang.IllegalArgumentException at DoublyLinkedListNodeTester0.java:6484

testers.DoublyLinkedListNodeTester0 > test161 FAILED
    java.lang.IllegalArgumentException at DoublyLinkedListNodeTester0.java:6504

testers.DoublyLinkedListNodeTester0 > test162 FAILED
    java.lang.IllegalArgumentException at DoublyLinkedListNodeTester0.java:6529

testers.DoublyLinkedListNodeTester0 > test163 FAILED
    java.lang.IllegalArgumentException at DoublyLinkedListNodeTester0.java:6595

testers.DoublyLinkedListNodeTester0 > test164 FAILED
    java.lang.IllegalArgumentException at DoublyLinkedListNodeTester0.java:6686

testers.DoublyLinkedListNodeTester0 > test165 FAILED
    java.lang.IllegalArgumentException at DoublyLinkedListNodeTester0.java:6703

testers.DoublyLinkedListNodeTester0 > test166 FAILED
    java.lang.IllegalArgumentException at DoublyLinkedListNodeTester0.java:6755

testers.DoublyLinkedListNodeTester0 > test167 FAILED
    java.lang.IllegalArgumentException at DoublyLinkedListNodeTester0.java:6861

testers.DoublyLinkedListNodeTester0 > test168 FAILED
    java.lang.IllegalArgumentException at DoublyLinkedListNodeTester0.java:6876

testers.DoublyLinkedListNodeTester0 > test169 FAILED
    java.lang.IllegalArgumentException at DoublyLinkedListNodeTester0.java:6963

testers.DoublyLinkedListNodeTester0 > test170 FAILED
    java.lang.IllegalArgumentException at DoublyLinkedListNodeTester0.java:6982

testers.DoublyLinkedListNodeTester0 > test171 FAILED
    java.lang.IllegalArgumentException at DoublyLinkedListNodeTester0.java:6992

testers.DoublyLinkedListNodeTester0 > test172 FAILED
    java.lang.IllegalArgumentException at DoublyLinkedListNodeTester0.java:7065

testers.DoublyLinkedListNodeTester0 > test173 FAILED
    java.lang.IllegalArgumentException at DoublyLinkedListNodeTester0.java:7101

testers.DoublyLinkedListNodeTester0 > test174 FAILED
    java.lang.IllegalArgumentException at DoublyLinkedListNodeTester0.java:7145

testers.DoublyLinkedListNodeTester0 > test175 FAILED
    java.lang.IllegalArgumentException at DoublyLinkedListNodeTester0.java:7185

testers.DoublyLinkedListNodeTester0 > test176 FAILED
    java.lang.IllegalArgumentException at DoublyLinkedListNodeTester0.java:7214

testers.DoublyLinkedListNodeTester0 > test177 FAILED
    java.lang.IllegalArgumentException at DoublyLinkedListNodeTester0.java:7246

testers.DoublyLinkedListNodeTester0 > test178 FAILED
    java.lang.IllegalArgumentException at DoublyLinkedListNodeTester0.java:7267

testers.DoublyLinkedListNodeTester0 > test179 FAILED
    java.lang.IllegalArgumentException at DoublyLinkedListNodeTester0.java:7344

testers.DoublyLinkedListNodeTester0 > test180 FAILED
    java.lang.IllegalArgumentException at DoublyLinkedListNodeTester0.java:7368

testers.DoublyLinkedListNodeTester0 > test181 FAILED
    java.lang.IllegalArgumentException at DoublyLinkedListNodeTester0.java:7405

testers.DoublyLinkedListNodeTester0 > test182 FAILED
    java.lang.IllegalArgumentException at DoublyLinkedListNodeTester0.java:7450

testers.DoublyLinkedListNodeTester0 > test183 FAILED
    java.lang.IllegalArgumentException at DoublyLinkedListNodeTester0.java:7520

testers.DoublyLinkedListNodeTester0 > test184 FAILED
    java.lang.IllegalArgumentException at DoublyLinkedListNodeTester0.java:7593

testers.DoublyLinkedListNodeTester0 > test185 FAILED
    java.lang.IllegalArgumentException at DoublyLinkedListNodeTester0.java:7623

testers.DoublyLinkedListNodeTester0 > test186 FAILED
    java.lang.IllegalArgumentException at DoublyLinkedListNodeTester0.java:7671

testers.DoublyLinkedListNodeTester0 > test187 FAILED
    java.lang.IllegalArgumentException at DoublyLinkedListNodeTester0.java:7693

testers.DoublyLinkedListNodeTester0 > test188 FAILED
    java.lang.IllegalArgumentException at DoublyLinkedListNodeTester0.java:7754

testers.DoublyLinkedListNodeTester0 > test189 FAILED
    java.lang.IllegalArgumentException at DoublyLinkedListNodeTester0.java:7784

testers.DoublyLinkedListNodeTester0 > test190 FAILED
    java.lang.IllegalArgumentException at DoublyLinkedListNodeTester0.java:7825

testers.DoublyLinkedListNodeTester0 > test191 FAILED
    java.lang.IllegalArgumentException at DoublyLinkedListNodeTester0.java:7858

testers.DoublyLinkedListNodeTester0 > test192 FAILED
    java.lang.IllegalArgumentException at DoublyLinkedListNodeTester0.java:7912

testers.DoublyLinkedListNodeTester0 > test193 FAILED
    java.lang.IllegalArgumentException at DoublyLinkedListNodeTester0.java:7969

testers.DoublyLinkedListNodeTester0 > test194 FAILED
    java.lang.IllegalArgumentException at DoublyLinkedListNodeTester0.java:7990

testers.DoublyLinkedListNodeTester0 > test195 FAILED
    java.lang.IllegalArgumentException at DoublyLinkedListNodeTester0.java:8026

testers.DoublyLinkedListNodeTester0 > test196 FAILED
    java.lang.IllegalArgumentException at DoublyLinkedListNodeTester0.java:8090

testers.DoublyLinkedListNodeTester0 > test197 FAILED
    java.lang.IllegalArgumentException at DoublyLinkedListNodeTester0.java:8170

testers.DoublyLinkedListNodeTester0 > test198 FAILED
    java.lang.IllegalArgumentException at DoublyLinkedListNodeTester0.java:8199

testers.DoublyLinkedListNodeTester0 > test199 FAILED
    java.lang.IllegalArgumentException at DoublyLinkedListNodeTester0.java:8236

testers.DoublyLinkedListNodeTester0 > test200 FAILED
    java.lang.IllegalArgumentException at DoublyLinkedListNodeTester0.java:8286

testers.DoublyLinkedListNodeTester0 > test201 FAILED
    java.lang.IllegalArgumentException at DoublyLinkedListNodeTester0.java:8320

testers.DoublyLinkedListNodeTester0 > test202 FAILED
    java.lang.IllegalArgumentException at DoublyLinkedListNodeTester0.java:8417

testers.DoublyLinkedListNodeTester0 > test203 FAILED
    java.lang.IllegalArgumentException at DoublyLinkedListNodeTester0.java:8490

testers.DoublyLinkedListNodeTester0 > test204 FAILED
    java.lang.IllegalArgumentException at DoublyLinkedListNodeTester0.java:8525

testers.DoublyLinkedListNodeTester0 > test205 FAILED
    java.lang.IllegalArgumentException at DoublyLinkedListNodeTester0.java:8582

testers.DoublyLinkedListNodeTester0 > test206 FAILED
    java.lang.IllegalArgumentException at DoublyLinkedListNodeTester0.java:8676

testers.DoublyLinkedListNodeTester0 > test207 FAILED
    java.lang.IllegalArgumentException at DoublyLinkedListNodeTester0.java:8716

testers.DoublyLinkedListNodeTester0 > test208 FAILED
    java.lang.IllegalArgumentException at DoublyLinkedListNodeTester0.java:8756

testers.DoublyLinkedListNodeTester0 > test209 FAILED
    java.lang.IllegalArgumentException at DoublyLinkedListNodeTester0.java:8830

testers.DoublyLinkedListNodeTester0 > test210 FAILED
    java.lang.IllegalArgumentException at DoublyLinkedListNodeTester0.java:8869

testers.DoublyLinkedListNodeTester0 > test211 FAILED
    java.lang.IllegalArgumentException at DoublyLinkedListNodeTester0.java:8964

testers.DoublyLinkedListNodeTester0 > test212 FAILED
    java.lang.IllegalArgumentException at DoublyLinkedListNodeTester0.java:9027

testers.DoublyLinkedListNodeTester0 > test213 FAILED
    java.lang.IllegalArgumentException at DoublyLinkedListNodeTester0.java:9122

testers.DoublyLinkedListNodeTester0 > test214 FAILED
    java.lang.IllegalArgumentException at DoublyLinkedListNodeTester0.java:9156

testers.DoublyLinkedListNodeTester0 > test215 FAILED
    java.lang.IllegalArgumentException at DoublyLinkedListNodeTester0.java:9203

testers.DoublyLinkedListNodeTester0 > test216 FAILED
    java.lang.IllegalArgumentException at DoublyLinkedListNodeTester0.java:9246

testers.DoublyLinkedListNodeTester0 > test217 FAILED
    java.lang.IllegalArgumentException at DoublyLinkedListNodeTester0.java:9295

testers.DoublyLinkedListNodeTester0 > test218 FAILED
    java.lang.IllegalArgumentException at DoublyLinkedListNodeTester0.java:9322

testers.DoublyLinkedListNodeTester0 > test219 FAILED
    java.lang.IllegalArgumentException at DoublyLinkedListNodeTester0.java:9369

testers.DoublyLinkedListNodeTester0 > test220 FAILED
    java.lang.IllegalArgumentException at DoublyLinkedListNodeTester0.java:9408

testers.DoublyLinkedListNodeTester0 > test221 FAILED
    java.lang.IllegalArgumentException at DoublyLinkedListNodeTester0.java:9471

testers.DoublyLinkedListNodeTester0 > test222 FAILED
    java.lang.IllegalArgumentException at DoublyLinkedListNodeTester0.java:9553

testers.DoublyLinkedListNodeTester0 > test223 FAILED
    java.lang.IllegalArgumentException at DoublyLinkedListNodeTester0.java:9594

testers.DoublyLinkedListNodeTester0 > test224 FAILED
    java.lang.IllegalArgumentException at DoublyLinkedListNodeTester0.java:9660

testers.DoublyLinkedListNodeTester0 > test225 FAILED
    java.lang.IllegalArgumentException at DoublyLinkedListNodeTester0.java:9695

testers.DoublyLinkedListNodeTester0 > test226 FAILED
    java.lang.IllegalArgumentException at DoublyLinkedListNodeTester0.java:9748

testers.DoublyLinkedListNodeTester0 > test227 FAILED
    java.lang.IllegalArgumentException at DoublyLinkedListNodeTester0.java:9797

testers.DoublyLinkedListNodeTester0 > test228 FAILED
    java.lang.IllegalArgumentException at DoublyLinkedListNodeTester0.java:9869

testers.DoublyLinkedListNodeTester0 > test229 FAILED
    java.lang.IllegalArgumentException at DoublyLinkedListNodeTester0.java:9933

testers.DoublyLinkedListNodeTester0 > test230 FAILED
    java.lang.IllegalArgumentException at DoublyLinkedListNodeTester0.java:10000

testers.DoublyLinkedListNodeTester0 > test231 FAILED
    java.lang.IllegalArgumentException at DoublyLinkedListNodeTester0.java:10044

testers.DoublyLinkedListNodeTester0 > test232 FAILED
    java.lang.IllegalArgumentException at DoublyLinkedListNodeTester0.java:10108

testers.DoublyLinkedListNodeTester0 > test234 FAILED
    java.lang.IllegalArgumentException at DoublyLinkedListNodeTester0.java:10200

testers.DoublyLinkedListNodeTester0 > test235 FAILED
    java.lang.IllegalArgumentException at DoublyLinkedListNodeTester0.java:10281

testers.DoublyLinkedListNodeTester0 > test236 FAILED
    java.lang.IllegalArgumentException at DoublyLinkedListNodeTester0.java:10318

testers.DoublyLinkedListNodeTester0 > test237 FAILED
    java.lang.IllegalArgumentException at DoublyLinkedListNodeTester0.java:10348

testers.DoublyLinkedListNodeTester0 > test238 FAILED
    java.lang.IllegalArgumentException at DoublyLinkedListNodeTester0.java:10389

testers.DoublyLinkedListNodeTester0 > test239 FAILED
    java.lang.IllegalArgumentException at DoublyLinkedListNodeTester0.java:10453

testers.DoublyLinkedListNodeTester0 > test240 FAILED
    java.lang.IllegalArgumentException at DoublyLinkedListNodeTester0.java:10476

testers.DoublyLinkedListNodeTester0 > test241 FAILED
    java.lang.IllegalArgumentException at DoublyLinkedListNodeTester0.java:10519

testers.DoublyLinkedListNodeTester0 > test242 FAILED
    java.lang.IllegalArgumentException at DoublyLinkedListNodeTester0.java:10601

testers.DoublyLinkedListNodeTester0 > test243 FAILED
    java.lang.IllegalArgumentException at DoublyLinkedListNodeTester0.java:10645

testers.DoublyLinkedListNodeTester0 > test244 FAILED
    java.lang.IllegalArgumentException at DoublyLinkedListNodeTester0.java:10754

testers.DoublyLinkedListNodeTester0 > test245 FAILED
    java.lang.IllegalArgumentException at DoublyLinkedListNodeTester0.java:10801

testers.DoublyLinkedListNodeTester0 > test246 FAILED
    java.lang.IllegalArgumentException at DoublyLinkedListNodeTester0.java:10854

testers.DoublyLinkedListNodeTester0 > test247 FAILED
    java.lang.IllegalArgumentException at DoublyLinkedListNodeTester0.java:10884

testers.DoublyLinkedListNodeTester0 > test248 FAILED
    java.lang.IllegalArgumentException at DoublyLinkedListNodeTester0.java:10919

testers.DoublyLinkedListNodeTester0 > test249 FAILED
    java.lang.IllegalArgumentException at DoublyLinkedListNodeTester0.java:10957

testers.DoublyLinkedListNodeTester0 > test250 FAILED
    java.lang.IllegalArgumentException at DoublyLinkedListNodeTester0.java:11000

testers.DoublyLinkedListNodeTester0 > test251 FAILED
    java.lang.IllegalArgumentException at DoublyLinkedListNodeTester0.java:11023

testers.DoublyLinkedListNodeTester0 > test252 FAILED
    java.lang.IllegalArgumentException at DoublyLinkedListNodeTester0.java:11062

testers.DoublyLinkedListNodeTester0 > test253 FAILED
    java.lang.IllegalArgumentException at DoublyLinkedListNodeTester0.java:11140

testers.DoublyLinkedListNodeTester0 > test254 FAILED
    java.lang.IllegalArgumentException at DoublyLinkedListNodeTester0.java:11182

testers.DoublyLinkedListNodeTester0 > test255 FAILED
    java.lang.IllegalArgumentException at DoublyLinkedListNodeTester0.java:11222

testers.DoublyLinkedListNodeTester0 > test256 FAILED
    java.lang.IllegalArgumentException at DoublyLinkedListNodeTester0.java:11271

testers.DoublyLinkedListNodeTester0 > test257 FAILED
    java.lang.IllegalArgumentException at DoublyLinkedListNodeTester0.java:11314

testers.DoublyLinkedListNodeTester0 > test258 FAILED
    java.lang.IllegalArgumentException at DoublyLinkedListNodeTester0.java:11328

testers.DoublyLinkedListNodeTester0 > test259 FAILED
    java.lang.IllegalArgumentException at DoublyLinkedListNodeTester0.java:11423

testers.DoublyLinkedListNodeTester0 > test260 FAILED
    java.lang.IllegalArgumentException at DoublyLinkedListNodeTester0.java:11439

testers.DoublyLinkedListNodeTester0 > test261 FAILED
    java.lang.IllegalArgumentException at DoublyLinkedListNodeTester0.java:11546

testers.DoublyLinkedListNodeTester0 > test262 FAILED
    java.lang.IllegalArgumentException at DoublyLinkedListNodeTester0.java:11571

testers.DoublyLinkedListNodeTester0 > test263 FAILED
    java.lang.IllegalArgumentException at DoublyLinkedListNodeTester0.java:11601

testers.DoublyLinkedListNodeTester0 > test264 FAILED
    java.lang.IllegalArgumentException at DoublyLinkedListNodeTester0.java:11687

testers.DoublyLinkedListNodeTester0 > test265 FAILED
    java.lang.IllegalArgumentException at DoublyLinkedListNodeTester0.java:11729

testers.DoublyLinkedListNodeTester0 > test266 FAILED
    java.lang.IllegalArgumentException at DoublyLinkedListNodeTester0.java:11753

testers.DoublyLinkedListNodeTester0 > test267 FAILED
    java.lang.IllegalArgumentException at DoublyLinkedListNodeTester0.java:11833

testers.DoublyLinkedListNodeTester0 > test268 FAILED
    java.lang.IllegalArgumentException at DoublyLinkedListNodeTester0.java:11878

testers.DoublyLinkedListNodeTester0 > test269 FAILED
    java.lang.IllegalArgumentException at DoublyLinkedListNodeTester0.java:11909

testers.DoublyLinkedListNodeTester0 > test270 FAILED
    java.lang.IllegalArgumentException at DoublyLinkedListNodeTester0.java:11994

testers.DoublyLinkedListNodeTester0 > test271 FAILED
    java.lang.IllegalArgumentException at DoublyLinkedListNodeTester0.java:12105

testers.DoublyLinkedListNodeTester0 > test272 FAILED
    java.lang.IllegalArgumentException at DoublyLinkedListNodeTester0.java:12146

testers.DoublyLinkedListNodeTester0 > test273 FAILED
    java.lang.IllegalArgumentException at DoublyLinkedListNodeTester0.java:12209

testers.DoublyLinkedListNodeTester0 > test274 FAILED
    java.lang.IllegalArgumentException at DoublyLinkedListNodeTester0.java:12293

testers.DoublyLinkedListNodeTester0 > test275 FAILED
    java.lang.IllegalArgumentException at DoublyLinkedListNodeTester0.java:12330

testers.DoublyLinkedListNodeTester0 > test277 FAILED
    java.lang.IllegalArgumentException at DoublyLinkedListNodeTester0.java:12365

testers.DoublyLinkedListNodeTester0 > test278 FAILED
    java.lang.IllegalArgumentException at DoublyLinkedListNodeTester0.java:12413

testers.DoublyLinkedListNodeTester0 > test279 FAILED
    java.lang.IllegalArgumentException at DoublyLinkedListNodeTester0.java:12523

testers.DoublyLinkedListNodeTester0 > test280 FAILED
    java.lang.IllegalArgumentException at DoublyLinkedListNodeTester0.java:12586

testers.DoublyLinkedListNodeTester0 > test281 FAILED
    java.lang.IllegalArgumentException at DoublyLinkedListNodeTester0.java:12628

testers.DoublyLinkedListNodeTester0 > test282 FAILED
    java.lang.IllegalArgumentException at DoublyLinkedListNodeTester0.java:12658

testers.DoublyLinkedListNodeTester0 > test283 FAILED
    java.lang.IllegalArgumentException at DoublyLinkedListNodeTester0.java:12686

testers.DoublyLinkedListNodeTester0 > test284 FAILED
    java.lang.IllegalArgumentException at DoublyLinkedListNodeTester0.java:12745

testers.DoublyLinkedListNodeTester0 > test285 FAILED
    java.lang.IllegalArgumentException at DoublyLinkedListNodeTester0.java:12773

testers.DoublyLinkedListNodeTester0 > test286 FAILED
    java.lang.IllegalArgumentException at DoublyLinkedListNodeTester0.java:12824

testers.DoublyLinkedListNodeTester0 > test287 FAILED
    java.lang.IllegalArgumentException at DoublyLinkedListNodeTester0.java:12888

testers.DoublyLinkedListNodeTester0 > test288 FAILED
    java.lang.IllegalArgumentException at DoublyLinkedListNodeTester0.java:12926

testers.DoublyLinkedListNodeTester0 > test289 FAILED
    java.lang.IllegalArgumentException at DoublyLinkedListNodeTester0.java:12985

testers.DoublyLinkedListNodeTester0 > test290 FAILED
    java.lang.IllegalArgumentException at DoublyLinkedListNodeTester0.java:13030

testers.DoublyLinkedListNodeTester0 > test291 FAILED
    java.lang.IllegalArgumentException at DoublyLinkedListNodeTester0.java:13072

testers.DoublyLinkedListNodeTester0 > test292 FAILED
    java.lang.IllegalArgumentException at DoublyLinkedListNodeTester0.java:13092

testers.DoublyLinkedListNodeTester0 > test293 FAILED
    java.lang.IllegalArgumentException at DoublyLinkedListNodeTester0.java:13168

testers.DoublyLinkedListNodeTester0 > test294 FAILED
    java.lang.IllegalArgumentException at DoublyLinkedListNodeTester0.java:13211

testers.DoublyLinkedListNodeTester0 > test295 FAILED
    java.lang.IllegalArgumentException at DoublyLinkedListNodeTester0.java:13277

testers.DoublyLinkedListNodeTester0 > test296 FAILED
    java.lang.IllegalArgumentException at DoublyLinkedListNodeTester0.java:13354

testers.DoublyLinkedListNodeTester0 > test297 FAILED
    java.lang.IllegalArgumentException at DoublyLinkedListNodeTester0.java:13426

testers.DoublyLinkedListNodeTester0 > test298 FAILED
    java.lang.IllegalArgumentException at DoublyLinkedListNodeTester0.java:13488

testers.DoublyLinkedListNodeTester0 > test299 FAILED
    java.lang.IllegalArgumentException at DoublyLinkedListNodeTester0.java:13529

testers.DoublyLinkedListNodeTester0 > test300 FAILED
    java.lang.IllegalArgumentException at DoublyLinkedListNodeTester0.java:13640

testers.DoublyLinkedListNodeTester0 > test301 FAILED
    java.lang.IllegalArgumentException at DoublyLinkedListNodeTester0.java:13690

testers.DoublyLinkedListNodeTester0 > test302 FAILED
    java.lang.IllegalArgumentException at DoublyLinkedListNodeTester0.java:13751

testers.DoublyLinkedListNodeTester0 > test303 FAILED
    java.lang.IllegalArgumentException at DoublyLinkedListNodeTester0.java:13828

testers.DoublyLinkedListNodeTester0 > test304 FAILED
    java.lang.IllegalArgumentException at DoublyLinkedListNodeTester0.java:13905

testers.DoublyLinkedListNodeTester0 > test305 FAILED
    java.lang.IllegalArgumentException at DoublyLinkedListNodeTester0.java:13934

testers.DoublyLinkedListNodeTester0 > test306 FAILED
    java.lang.IllegalArgumentException at DoublyLinkedListNodeTester0.java:13975

testers.DoublyLinkedListNodeTester0 > test307 FAILED
    java.lang.IllegalArgumentException at DoublyLinkedListNodeTester0.java:14034

testers.DoublyLinkedListNodeTester0 > test308 FAILED
    java.lang.IllegalArgumentException at DoublyLinkedListNodeTester0.java:14081

testers.DoublyLinkedListNodeTester0 > test309 FAILED
    java.lang.IllegalArgumentException at DoublyLinkedListNodeTester0.java:14122

testers.DoublyLinkedListNodeTester0 > test310 FAILED
    java.lang.IllegalArgumentException at DoublyLinkedListNodeTester0.java:14218

testers.DoublyLinkedListNodeTester0 > test311 FAILED
    java.lang.IllegalArgumentException at DoublyLinkedListNodeTester0.java:14262

testers.DoublyLinkedListNodeTester0 > test312 FAILED
    java.lang.IllegalArgumentException at DoublyLinkedListNodeTester0.java:14284

testers.DoublyLinkedListNodeTester0 > test313 FAILED
    java.lang.IllegalArgumentException at DoublyLinkedListNodeTester0.java:14349

testers.DoublyLinkedListNodeTester0 > test314 FAILED
    java.lang.IllegalArgumentException at DoublyLinkedListNodeTester0.java:14401

testers.DoublyLinkedListNodeTester0 > test315 FAILED
    java.lang.IllegalArgumentException at DoublyLinkedListNodeTester0.java:14425

testers.DoublyLinkedListNodeTester0 > test316 FAILED
    java.lang.IllegalArgumentException at DoublyLinkedListNodeTester0.java:14457
Results: FAILURE (608 tests, 14 successes, 594 failures, 0 skipped)
:test FAILED
4 actionable tasks: 4 executed
