:clean

BUILD SUCCESSFUL in 2s
1 actionable task: 1 executed
:compileJava
:processResources NO-SOURCE
:classes
:compileTestJava
:processTestResources NO-SOURCE
:testClasses
:jar
:assemble
:test

jts.Envelope_ESTest STANDARD_OUT
    00:20:47.963 [Test worker] INFO  o.e.r.instrumentation.EvoClassLoader - Seeing class for first time: jts.Envelope_ESTest
    00:20:47.966 [Test worker] INFO  o.e.r.instrumentation.EvoClassLoader - Instrumenting class 'jts.Envelope_ESTest'.
    00:20:48.007 [Test worker] INFO  o.e.r.instrumentation.EvoClassLoader - Seeing class for first time: jts.Envelope_ESTest_scaffolding
    00:20:48.007 [Test worker] INFO  o.e.r.instrumentation.EvoClassLoader - Instrumenting class 'jts.Envelope_ESTest_scaffolding'.
    00:20:48.010 [Test worker] INFO  o.e.r.instrumentation.EvoClassLoader - Keeping class: jts.Envelope_ESTest_scaffolding
    00:20:48.010 [Test worker] INFO  o.e.r.instrumentation.EvoClassLoader - Keeping class: jts.Envelope_ESTest
    00:20:48.322 [Test worker] DEBUG o.e.runtime.sandbox.MSecurityManager - Adding privileged thread: "Reference Handler"
    00:20:48.323 [Test worker] DEBUG o.e.runtime.sandbox.MSecurityManager - Adding privileged thread: "Finalizer"
    00:20:48.324 [Test worker] DEBUG o.e.runtime.sandbox.MSecurityManager - Adding privileged thread: "Signal Dispatcher"
    00:20:48.324 [Test worker] DEBUG o.e.runtime.sandbox.MSecurityManager - Adding privileged thread: "Attach Listener"
    00:20:48.324 [Test worker] DEBUG o.e.runtime.sandbox.MSecurityManager - Adding privileged thread: "Java2D Disposer"
    00:20:48.324 [Test worker] DEBUG o.e.runtime.sandbox.MSecurityManager - Adding privileged thread: "AWT-Shutdown"
    00:20:48.325 [Test worker] DEBUG o.e.runtime.sandbox.MSecurityManager - Adding privileged thread: "AWT-Windows"
    00:20:48.325 [Test worker] DEBUG o.e.runtime.sandbox.MSecurityManager - Adding privileged thread: "main"
    00:20:48.325 [Test worker] DEBUG o.e.runtime.sandbox.MSecurityManager - Adding privileged thread: "Test worker"
    00:20:48.325 [Test worker] DEBUG o.e.runtime.sandbox.MSecurityManager - Adding privileged thread: "/127.0.0.1:56847 to /127.0.0.1:56846 workers Thread 2"
    00:20:48.325 [Test worker] DEBUG o.e.runtime.sandbox.MSecurityManager - Adding privileged thread: "/127.0.0.1:56847 to /127.0.0.1:56846 workers Thread 3"
    00:20:48.421 [Test worker] INFO  o.e.r.instrumentation.EvoClassLoader - Seeing class for first time: jts.Envelope
    00:20:48.421 [Test worker] INFO  o.e.r.instrumentation.EvoClassLoader - Instrumenting class 'jts.Envelope'.
    00:20:48.450 [Test worker] INFO  o.e.r.i.MethodCallReplacementClassAdapter - Adding mock interface to class jts/Envelope
    00:20:48.732 [Test worker] INFO  o.e.r.i.CreateClassResetClassAdapter - Creating brand-new static initializer in class jts/Envelope
    00:20:48.732 [Test worker] INFO  o.e.r.instrumentation.EvoClassLoader - Keeping class: jts.Envelope

jts.Envelope_ESTest > test0 FAILED
    java.lang.AssertionError at Envelope_ESTest.java:23

RegressionTest > RegressionTest0.test11 FAILED
    java.lang.AssertionError at RegressionTest0.java:134

RegressionTest > RegressionTest0.test17 FAILED
    java.lang.AssertionError at RegressionTest0.java:205

RegressionTest > RegressionTest0.test38 FAILED
    java.lang.AssertionError at RegressionTest0.java:471

RegressionTest > RegressionTest0.test47 FAILED
    java.lang.AssertionError at RegressionTest0.java:585

RegressionTest0 > test11 FAILED
    java.lang.AssertionError at RegressionTest0.java:134

RegressionTest0 > test17 FAILED
    java.lang.AssertionError at RegressionTest0.java:205

RegressionTest0 > test38 FAILED
    java.lang.AssertionError at RegressionTest0.java:471

RegressionTest0 > test47 FAILED
    java.lang.AssertionError at RegressionTest0.java:585
Results: FAILURE (114 tests, 105 successes, 9 failures, 0 skipped)
:test FAILED
4 actionable tasks: 4 executed
