:clean

BUILD SUCCESSFUL in 2s
1 actionable task: 1 executed
:compileJava
:processResources NO-SOURCE
:classes
:compileTestJava
:processTestResources NO-SOURCE
:testClasses
:jar
:assemble
:test

jts.Envelope_ESTest STANDARD_OUT
    00:17:06.765 [Test worker] INFO  o.e.r.instrumentation.EvoClassLoader - Seeing class for first time: jts.Envelope_ESTest
    00:17:06.770 [Test worker] INFO  o.e.r.instrumentation.EvoClassLoader - Instrumenting class 'jts.Envelope_ESTest'.
    00:17:06.807 [Test worker] INFO  o.e.r.instrumentation.EvoClassLoader - Seeing class for first time: jts.Envelope_ESTest_scaffolding
    00:17:06.807 [Test worker] INFO  o.e.r.instrumentation.EvoClassLoader - Instrumenting class 'jts.Envelope_ESTest_scaffolding'.
    00:17:06.810 [Test worker] INFO  o.e.r.instrumentation.EvoClassLoader - Keeping class: jts.Envelope_ESTest_scaffolding
    00:17:06.810 [Test worker] INFO  o.e.r.instrumentation.EvoClassLoader - Keeping class: jts.Envelope_ESTest
    00:17:07.153 [Test worker] DEBUG o.e.runtime.sandbox.MSecurityManager - Adding privileged thread: "Reference Handler"
    00:17:07.153 [Test worker] DEBUG o.e.runtime.sandbox.MSecurityManager - Adding privileged thread: "Finalizer"
    00:17:07.153 [Test worker] DEBUG o.e.runtime.sandbox.MSecurityManager - Adding privileged thread: "Signal Dispatcher"
    00:17:07.153 [Test worker] DEBUG o.e.runtime.sandbox.MSecurityManager - Adding privileged thread: "Attach Listener"
    00:17:07.153 [Test worker] DEBUG o.e.runtime.sandbox.MSecurityManager - Adding privileged thread: "Java2D Disposer"
    00:17:07.153 [Test worker] DEBUG o.e.runtime.sandbox.MSecurityManager - Adding privileged thread: "AWT-Shutdown"
    00:17:07.153 [Test worker] DEBUG o.e.runtime.sandbox.MSecurityManager - Adding privileged thread: "AWT-Windows"
    00:17:07.154 [Test worker] DEBUG o.e.runtime.sandbox.MSecurityManager - Adding privileged thread: "main"
    00:17:07.154 [Test worker] DEBUG o.e.runtime.sandbox.MSecurityManager - Adding privileged thread: "Test worker"
    00:17:07.154 [Test worker] DEBUG o.e.runtime.sandbox.MSecurityManager - Adding privileged thread: "/127.0.0.1:56597 to /127.0.0.1:56596 workers Thread 2"
    00:17:07.155 [Test worker] DEBUG o.e.runtime.sandbox.MSecurityManager - Adding privileged thread: "/127.0.0.1:56597 to /127.0.0.1:56596 workers Thread 3"
    00:17:07.248 [Test worker] INFO  o.e.r.instrumentation.EvoClassLoader - Seeing class for first time: jts.Envelope
    00:17:07.248 [Test worker] INFO  o.e.r.instrumentation.EvoClassLoader - Instrumenting class 'jts.Envelope'.
    00:17:07.282 [Test worker] INFO  o.e.r.i.MethodCallReplacementClassAdapter - Adding mock interface to class jts/Envelope
    00:17:07.567 [Test worker] INFO  o.e.r.i.CreateClassResetClassAdapter - Found static initializer in class jts/Envelope
    00:17:07.571 [Test worker] INFO  o.e.r.instrumentation.EvoClassLoader - Keeping class: jts.Envelope

jts.Envelope_ESTest > test7 FAILED
    java.lang.AssertionError at Envelope_ESTest.java:82

jts.Envelope_ESTest > test6 FAILED
    java.lang.AssertionError at Envelope_ESTest.java:74

jts.Envelope_ESTest > test9 FAILED
    java.lang.AssertionError at Envelope_ESTest.java:99

jts.Envelope_ESTest > test8 FAILED
    java.lang.AssertionError at Envelope_ESTest.java:88

jts.Envelope_ESTest > test0 FAILED
    java.lang.AssertionError at Envelope_ESTest.java:21

RegressionTest > RegressionTest0.test01 FAILED
    java.lang.AssertionError at RegressionTest0.java:15

RegressionTest > RegressionTest0.test02 FAILED
    java.lang.AssertionError at RegressionTest0.java:27

RegressionTest > RegressionTest0.test05 FAILED
    java.lang.AssertionError at RegressionTest0.java:62

RegressionTest > RegressionTest0.test08 FAILED
    java.lang.AssertionError at RegressionTest0.java:93

RegressionTest > RegressionTest0.test09 FAILED
    java.lang.AssertionError at RegressionTest0.java:110

RegressionTest > RegressionTest0.test11 FAILED
    java.lang.AssertionError at RegressionTest0.java:133

RegressionTest > RegressionTest0.test14 FAILED
    java.lang.AssertionError at RegressionTest0.java:158

RegressionTest > RegressionTest0.test16 FAILED
    java.lang.AssertionError at RegressionTest0.java:182

RegressionTest > RegressionTest0.test17 FAILED
    java.lang.AssertionError at RegressionTest0.java:195

RegressionTest > RegressionTest0.test18 FAILED
    java.lang.AssertionError at RegressionTest0.java:215

RegressionTest > RegressionTest0.test20 FAILED
    java.lang.AssertionError at RegressionTest0.java:241

RegressionTest > RegressionTest0.test21 FAILED
    java.lang.AssertionError at RegressionTest0.java:253

RegressionTest > RegressionTest0.test22 FAILED
    java.lang.AssertionError at RegressionTest0.java:271

RegressionTest > RegressionTest0.test23 FAILED
    java.lang.AssertionError at RegressionTest0.java:287

RegressionTest > RegressionTest0.test24 FAILED
    java.lang.AssertionError at RegressionTest0.java:301

RegressionTest > RegressionTest0.test27 FAILED
    java.lang.AssertionError at RegressionTest0.java:341

RegressionTest > RegressionTest0.test28 FAILED
    java.lang.AssertionError at RegressionTest0.java:354

RegressionTest > RegressionTest0.test34 FAILED
    java.lang.AssertionError at RegressionTest0.java:414

RegressionTest > RegressionTest0.test36 FAILED
    java.lang.AssertionError at RegressionTest0.java:440

RegressionTest > RegressionTest0.test38 FAILED
    java.lang.AssertionError at RegressionTest0.java:466

RegressionTest > RegressionTest0.test39 FAILED
    java.lang.AssertionError at RegressionTest0.java:481

RegressionTest > RegressionTest0.test41 FAILED
    java.lang.AssertionError at RegressionTest0.java:502

RegressionTest > RegressionTest0.test46 FAILED
    java.lang.AssertionError at RegressionTest0.java:560

RegressionTest > RegressionTest0.test47 FAILED
    java.lang.AssertionError at RegressionTest0.java:577

RegressionTest > RegressionTest0.test48 FAILED
    java.lang.AssertionError at RegressionTest0.java:594

RegressionTest > RegressionTest0.test49 FAILED
    java.lang.AssertionError at RegressionTest0.java:609

RegressionTest > RegressionTest0.test52 FAILED
    java.lang.AssertionError at RegressionTest0.java:643

RegressionTest0 > test01 FAILED
    java.lang.AssertionError at RegressionTest0.java:15

RegressionTest0 > test02 FAILED
    java.lang.AssertionError at RegressionTest0.java:27

RegressionTest0 > test05 FAILED
    java.lang.AssertionError at RegressionTest0.java:62

RegressionTest0 > test08 FAILED
    java.lang.AssertionError at RegressionTest0.java:93

RegressionTest0 > test09 FAILED
    java.lang.AssertionError at RegressionTest0.java:110

RegressionTest0 > test11 FAILED
    java.lang.AssertionError at RegressionTest0.java:133

RegressionTest0 > test14 FAILED
    java.lang.AssertionError at RegressionTest0.java:158

RegressionTest0 > test16 FAILED
    java.lang.AssertionError at RegressionTest0.java:182

RegressionTest0 > test17 FAILED
    java.lang.AssertionError at RegressionTest0.java:195

RegressionTest0 > test18 FAILED
    java.lang.AssertionError at RegressionTest0.java:215

RegressionTest0 > test20 FAILED
    java.lang.AssertionError at RegressionTest0.java:241

RegressionTest0 > test21 FAILED
    java.lang.AssertionError at RegressionTest0.java:253

RegressionTest0 > test22 FAILED
    java.lang.AssertionError at RegressionTest0.java:271

RegressionTest0 > test23 FAILED
    java.lang.AssertionError at RegressionTest0.java:287

RegressionTest0 > test24 FAILED
    java.lang.AssertionError at RegressionTest0.java:301

RegressionTest0 > test27 FAILED
    java.lang.AssertionError at RegressionTest0.java:341

RegressionTest0 > test28 FAILED
    java.lang.AssertionError at RegressionTest0.java:354

RegressionTest0 > test34 FAILED
    java.lang.AssertionError at RegressionTest0.java:414

RegressionTest0 > test36 FAILED
    java.lang.AssertionError at RegressionTest0.java:440

RegressionTest0 > test38 FAILED
    java.lang.AssertionError at RegressionTest0.java:466

RegressionTest0 > test39 FAILED
    java.lang.AssertionError at RegressionTest0.java:481

RegressionTest0 > test41 FAILED
    java.lang.AssertionError at RegressionTest0.java:502

RegressionTest0 > test46 FAILED
    java.lang.AssertionError at RegressionTest0.java:560

RegressionTest0 > test47 FAILED
    java.lang.AssertionError at RegressionTest0.java:577

RegressionTest0 > test48 FAILED
    java.lang.AssertionError at RegressionTest0.java:594

RegressionTest0 > test49 FAILED
    java.lang.AssertionError at RegressionTest0.java:609

RegressionTest0 > test52 FAILED
    java.lang.AssertionError at RegressionTest0.java:643
Results: FAILURE (114 tests, 55 successes, 59 failures, 0 skipped)
:test FAILED
4 actionable tasks: 4 executed
