:clean

BUILD SUCCESSFUL in 0s
1 actionable task: 1 executed
:compileJava
:processResources NO-SOURCE
:classes
:compileTestJava
:processTestResources NO-SOURCE
:testClasses
:jar
:assemble
:test

examples.MaxBag_ESTest STANDARD_OUT
    06:43:35.800 [Test worker] INFO  o.e.r.instrumentation.EvoClassLoader - Seeing class for first time: examples.MaxBag_ESTest
    06:43:35.802 [Test worker] INFO  o.e.r.instrumentation.EvoClassLoader - Instrumenting class 'examples.MaxBag_ESTest'.
    06:43:35.826 [Test worker] INFO  o.e.r.instrumentation.EvoClassLoader - Seeing class for first time: examples.MaxBag_ESTest_scaffolding
    06:43:35.826 [Test worker] INFO  o.e.r.instrumentation.EvoClassLoader - Instrumenting class 'examples.MaxBag_ESTest_scaffolding'.
    06:43:35.828 [Test worker] INFO  o.e.r.instrumentation.EvoClassLoader - Keeping class: examples.MaxBag_ESTest_scaffolding
    06:43:35.828 [Test worker] INFO  o.e.r.instrumentation.EvoClassLoader - Keeping class: examples.MaxBag_ESTest
    06:43:35.903 [Test worker] DEBUG o.e.runtime.sandbox.MSecurityManager - Adding privileged thread: "Reference Handler"
    06:43:35.903 [Test worker] DEBUG o.e.runtime.sandbox.MSecurityManager - Adding privileged thread: "Finalizer"
    06:43:35.904 [Test worker] DEBUG o.e.runtime.sandbox.MSecurityManager - Adding privileged thread: "Signal Dispatcher"
    06:43:35.904 [Test worker] DEBUG o.e.runtime.sandbox.MSecurityManager - Adding privileged thread: "Attach Listener"
    06:43:35.904 [Test worker] DEBUG o.e.runtime.sandbox.MSecurityManager - Adding privileged thread: "Java2D Disposer"
    06:43:35.904 [Test worker] DEBUG o.e.runtime.sandbox.MSecurityManager - Adding privileged thread: "AWT-Shutdown"
    06:43:35.904 [Test worker] DEBUG o.e.runtime.sandbox.MSecurityManager - Adding privileged thread: "AWT-Windows"
    06:43:35.904 [Test worker] DEBUG o.e.runtime.sandbox.MSecurityManager - Adding privileged thread: "main"
    06:43:35.904 [Test worker] DEBUG o.e.runtime.sandbox.MSecurityManager - Adding privileged thread: "Test worker"
    06:43:35.904 [Test worker] DEBUG o.e.runtime.sandbox.MSecurityManager - Adding privileged thread: "/127.0.0.1:58374 to /127.0.0.1:58373 workers Thread 2"
    06:43:35.904 [Test worker] DEBUG o.e.runtime.sandbox.MSecurityManager - Adding privileged thread: "/127.0.0.1:58374 to /127.0.0.1:58373 workers Thread 3"
    06:43:35.942 [Test worker] INFO  o.e.r.instrumentation.EvoClassLoader - Seeing class for first time: examples.MaxBag
    06:43:35.942 [Test worker] INFO  o.e.r.instrumentation.EvoClassLoader - Instrumenting class 'examples.MaxBag'.
    06:43:35.955 [Test worker] INFO  o.e.r.i.MethodCallReplacementClassAdapter - Adding mock interface to class examples/MaxBag
    06:43:36.078 [Test worker] INFO  o.e.r.i.CreateClassResetClassAdapter - Creating brand-new static initializer in class examples/MaxBag
    06:43:36.079 [Test worker] INFO  o.e.r.instrumentation.EvoClassLoader - Keeping class: examples.MaxBag
    06:43:36.079 [Test worker] INFO  o.e.r.instrumentation.EvoClassLoader - Seeing class for first time: examples._Type328393
    06:43:36.079 [Test worker] INFO  o.e.r.instrumentation.EvoClassLoader - Instrumenting class 'examples._Type328393'.
    06:43:36.080 [Test worker] INFO  o.e.r.i.MethodCallReplacementClassAdapter - Adding mock interface to class examples/_Type328393
    06:43:36.081 [Test worker] INFO  o.e.r.i.CreateClassResetClassAdapter - Creating brand-new static initializer in class examples/_Type328393
    06:43:36.081 [Test worker] INFO  o.e.r.instrumentation.EvoClassLoader - Keeping class: examples._Type328393

examples.MaxBag_ESTest > test00 FAILED
    java.lang.ArrayIndexOutOfBoundsException at MaxBag_ESTest.java:27

examples.MaxBag_ESTest > test11 FAILED
    java.lang.ArrayIndexOutOfBoundsException at MaxBag_ESTest.java:184

examples.MaxBag_ESTest > test10 FAILED
    java.lang.ArrayIndexOutOfBoundsException at MaxBag_ESTest.java:161

examples.MaxBag_ESTest > test15 FAILED
    java.lang.ArrayIndexOutOfBoundsException at MaxBag_ESTest.java:237

examples.MaxBag_ESTest > test03 FAILED
    java.lang.ArrayIndexOutOfBoundsException at MaxBag_ESTest.java:68

examples.MaxBag_ESTest > test14 FAILED
    java.lang.ArrayIndexOutOfBoundsException at MaxBag_ESTest.java:223

examples.MaxBag_ESTest > test02 FAILED
    java.lang.ArrayIndexOutOfBoundsException at MaxBag_ESTest.java:58

examples.MaxBag_ESTest > test09 FAILED
    java.lang.ArrayIndexOutOfBoundsException at MaxBag_ESTest.java:146

examples.MaxBag_ESTest > test17 FAILED
    java.lang.AssertionError at MaxBag_ESTest.java:264
Results: FAILURE (75 tests, 66 successes, 9 failures, 0 skipped)
:test FAILED
4 actionable tasks: 4 executed
