:clean

BUILD SUCCESSFUL in 0s
1 actionable task: 1 executed
:compileJava
:processResources NO-SOURCE
:classes
:compileTestJava
:processTestResources NO-SOURCE
:testClasses
:jar
:assemble
:test

examples.MaxBag_ESTest STANDARD_OUT
    06:44:40.816 [Test worker] INFO  o.e.r.instrumentation.EvoClassLoader - Seeing class for first time: examples.MaxBag_ESTest
    06:44:40.818 [Test worker] INFO  o.e.r.instrumentation.EvoClassLoader - Instrumenting class 'examples.MaxBag_ESTest'.
    06:44:40.841 [Test worker] INFO  o.e.r.instrumentation.EvoClassLoader - Seeing class for first time: examples.MaxBag_ESTest_scaffolding
    06:44:40.841 [Test worker] INFO  o.e.r.instrumentation.EvoClassLoader - Instrumenting class 'examples.MaxBag_ESTest_scaffolding'.
    06:44:40.843 [Test worker] INFO  o.e.r.instrumentation.EvoClassLoader - Keeping class: examples.MaxBag_ESTest_scaffolding
    06:44:40.843 [Test worker] INFO  o.e.r.instrumentation.EvoClassLoader - Keeping class: examples.MaxBag_ESTest
    06:44:40.917 [Test worker] DEBUG o.e.runtime.sandbox.MSecurityManager - Adding privileged thread: "Reference Handler"
    06:44:40.917 [Test worker] DEBUG o.e.runtime.sandbox.MSecurityManager - Adding privileged thread: "Finalizer"
    06:44:40.917 [Test worker] DEBUG o.e.runtime.sandbox.MSecurityManager - Adding privileged thread: "Signal Dispatcher"
    06:44:40.917 [Test worker] DEBUG o.e.runtime.sandbox.MSecurityManager - Adding privileged thread: "Attach Listener"
    06:44:40.917 [Test worker] DEBUG o.e.runtime.sandbox.MSecurityManager - Adding privileged thread: "Java2D Disposer"
    06:44:40.918 [Test worker] DEBUG o.e.runtime.sandbox.MSecurityManager - Adding privileged thread: "AWT-Shutdown"
    06:44:40.918 [Test worker] DEBUG o.e.runtime.sandbox.MSecurityManager - Adding privileged thread: "AWT-Windows"
    06:44:40.918 [Test worker] DEBUG o.e.runtime.sandbox.MSecurityManager - Adding privileged thread: "main"
    06:44:40.918 [Test worker] DEBUG o.e.runtime.sandbox.MSecurityManager - Adding privileged thread: "Test worker"
    06:44:40.918 [Test worker] DEBUG o.e.runtime.sandbox.MSecurityManager - Adding privileged thread: "/127.0.0.1:58522 to /127.0.0.1:58521 workers Thread 2"
    06:44:40.918 [Test worker] DEBUG o.e.runtime.sandbox.MSecurityManager - Adding privileged thread: "/127.0.0.1:58522 to /127.0.0.1:58521 workers Thread 3"
    06:44:40.956 [Test worker] INFO  o.e.r.instrumentation.EvoClassLoader - Seeing class for first time: examples.MaxBag
    06:44:40.956 [Test worker] INFO  o.e.r.instrumentation.EvoClassLoader - Instrumenting class 'examples.MaxBag'.
    06:44:40.968 [Test worker] INFO  o.e.r.i.MethodCallReplacementClassAdapter - Adding mock interface to class examples/MaxBag
    06:44:41.089 [Test worker] INFO  o.e.r.i.CreateClassResetClassAdapter - Found static initializer in class examples/MaxBag
    06:44:41.091 [Test worker] INFO  o.e.r.instrumentation.EvoClassLoader - Keeping class: examples.MaxBag
    06:44:41.091 [Test worker] INFO  o.e.r.instrumentation.EvoClassLoader - Seeing class for first time: examples._Type328393
    06:44:41.091 [Test worker] INFO  o.e.r.instrumentation.EvoClassLoader - Instrumenting class 'examples._Type328393'.
    06:44:41.092 [Test worker] INFO  o.e.r.i.MethodCallReplacementClassAdapter - Adding mock interface to class examples/_Type328393
    06:44:41.093 [Test worker] INFO  o.e.r.i.CreateClassResetClassAdapter - Creating brand-new static initializer in class examples/_Type328393
    06:44:41.093 [Test worker] INFO  o.e.r.instrumentation.EvoClassLoader - Keeping class: examples._Type328393

examples.MaxBag_ESTest > test01 FAILED
    java.lang.AssertionError at MaxBag_ESTest.java:47

examples.MaxBag_ESTest > test12 FAILED
    java.lang.AssertionError at MaxBag_ESTest.java:195

examples.MaxBag_ESTest > test11 FAILED
    java.lang.AssertionError at MaxBag_ESTest.java:186

examples.MaxBag_ESTest > test16 FAILED
    java.lang.AssertionError at MaxBag_ESTest.java:250

examples.MaxBag_ESTest > test15 FAILED
    java.lang.AssertionError at MaxBag_ESTest.java:240

examples.MaxBag_ESTest > test03 FAILED
    java.lang.AssertionError at MaxBag_ESTest.java:69

examples.MaxBag_ESTest > test14 FAILED
    java.lang.AssertionError at MaxBag_ESTest.java:229

examples.MaxBag_ESTest > test02 FAILED
    java.lang.AssertionError at MaxBag_ESTest.java:55

examples.MaxBag_ESTest > test09 FAILED
    java.lang.AssertionError at MaxBag_ESTest.java:153

examples.MaxBag_ESTest > test08 FAILED
    java.lang.AssertionError at MaxBag_ESTest.java:138

examples.MaxBag_ESTest > test07 FAILED
    java.lang.AssertionError at MaxBag_ESTest.java:120

examples.MaxBag_ESTest > test18 FAILED
    java.lang.AssertionError at MaxBag_ESTest.java:270

examples.MaxBag_ESTest > test06 FAILED
    java.lang.AssertionError at MaxBag_ESTest.java:111

examples.MaxBag_ESTest > test17 FAILED
    java.lang.AssertionError at MaxBag_ESTest.java:261
Results: FAILURE (75 tests, 61 successes, 14 failures, 0 skipped)
:test FAILED
4 actionable tasks: 4 executed
