:clean

BUILD SUCCESSFUL in 0s
1 actionable task: 1 executed
:compileJava
:processResources NO-SOURCE
:classes
:compileTestJava
:processTestResources NO-SOURCE
:testClasses
:jar
:assemble
:test

examples.MaxBag_ESTest STANDARD_OUT
    06:23:18.579 [Test worker] INFO  o.e.r.instrumentation.EvoClassLoader - Seeing class for first time: examples.MaxBag_ESTest
    06:23:18.581 [Test worker] INFO  o.e.r.instrumentation.EvoClassLoader - Instrumenting class 'examples.MaxBag_ESTest'.
    06:23:18.603 [Test worker] INFO  o.e.r.instrumentation.EvoClassLoader - Seeing class for first time: examples.MaxBag_ESTest_scaffolding
    06:23:18.603 [Test worker] INFO  o.e.r.instrumentation.EvoClassLoader - Instrumenting class 'examples.MaxBag_ESTest_scaffolding'.
    06:23:18.605 [Test worker] INFO  o.e.r.instrumentation.EvoClassLoader - Keeping class: examples.MaxBag_ESTest_scaffolding
    06:23:18.606 [Test worker] INFO  o.e.r.instrumentation.EvoClassLoader - Keeping class: examples.MaxBag_ESTest
    06:23:18.681 [Test worker] DEBUG o.e.runtime.sandbox.MSecurityManager - Adding privileged thread: "Reference Handler"
    06:23:18.681 [Test worker] DEBUG o.e.runtime.sandbox.MSecurityManager - Adding privileged thread: "Finalizer"
    06:23:18.681 [Test worker] DEBUG o.e.runtime.sandbox.MSecurityManager - Adding privileged thread: "Signal Dispatcher"
    06:23:18.681 [Test worker] DEBUG o.e.runtime.sandbox.MSecurityManager - Adding privileged thread: "Attach Listener"
    06:23:18.681 [Test worker] DEBUG o.e.runtime.sandbox.MSecurityManager - Adding privileged thread: "Java2D Disposer"
    06:23:18.681 [Test worker] DEBUG o.e.runtime.sandbox.MSecurityManager - Adding privileged thread: "AWT-Shutdown"
    06:23:18.681 [Test worker] DEBUG o.e.runtime.sandbox.MSecurityManager - Adding privileged thread: "AWT-Windows"
    06:23:18.681 [Test worker] DEBUG o.e.runtime.sandbox.MSecurityManager - Adding privileged thread: "main"
    06:23:18.681 [Test worker] DEBUG o.e.runtime.sandbox.MSecurityManager - Adding privileged thread: "Test worker"
    06:23:18.681 [Test worker] DEBUG o.e.runtime.sandbox.MSecurityManager - Adding privileged thread: "/127.0.0.1:57035 to /127.0.0.1:57034 workers Thread 2"
    06:23:18.681 [Test worker] DEBUG o.e.runtime.sandbox.MSecurityManager - Adding privileged thread: "/127.0.0.1:57035 to /127.0.0.1:57034 workers Thread 3"
    06:23:18.723 [Test worker] INFO  o.e.r.instrumentation.EvoClassLoader - Seeing class for first time: examples.MaxBag
    06:23:18.724 [Test worker] INFO  o.e.r.instrumentation.EvoClassLoader - Instrumenting class 'examples.MaxBag'.
    06:23:18.736 [Test worker] INFO  o.e.r.i.MethodCallReplacementClassAdapter - Adding mock interface to class examples/MaxBag
    06:23:18.857 [Test worker] INFO  o.e.r.i.CreateClassResetClassAdapter - Creating brand-new static initializer in class examples/MaxBag
    06:23:18.858 [Test worker] INFO  o.e.r.instrumentation.EvoClassLoader - Keeping class: examples.MaxBag
    06:23:18.858 [Test worker] INFO  o.e.r.instrumentation.EvoClassLoader - Seeing class for first time: examples._Type328393
    06:23:18.858 [Test worker] INFO  o.e.r.instrumentation.EvoClassLoader - Instrumenting class 'examples._Type328393'.
    06:23:18.859 [Test worker] INFO  o.e.r.i.MethodCallReplacementClassAdapter - Adding mock interface to class examples/_Type328393
    06:23:18.860 [Test worker] INFO  o.e.r.i.CreateClassResetClassAdapter - Creating brand-new static initializer in class examples/_Type328393
    06:23:18.860 [Test worker] INFO  o.e.r.instrumentation.EvoClassLoader - Keeping class: examples._Type328393

examples.MaxBag_ESTest > test12 FAILED
    java.lang.OutOfMemoryError at MaxBag_ESTest.java:192

examples.MaxBag_ESTest > test00 FAILED
    java.lang.OutOfMemoryError at MaxBag_ESTest.java:24

examples.MaxBag_ESTest > test11 FAILED
    java.lang.OutOfMemoryError

examples.MaxBag_ESTest > test10 FAILED
    java.lang.OutOfMemoryError

examples.MaxBag_ESTest > test15 FAILED
    java.lang.OutOfMemoryError

examples.MaxBag_ESTest > test03 FAILED
    java.lang.OutOfMemoryError

examples.MaxBag_ESTest > test14 FAILED
    java.lang.OutOfMemoryError

examples.MaxBag_ESTest > test02 FAILED
    java.lang.OutOfMemoryError

examples.MaxBag_ESTest > test09 FAILED
    java.lang.OutOfMemoryError

examples.MaxBag_ESTest > test06 FAILED
    java.lang.OutOfMemoryError

examples.MaxBag_ESTest > test17 STANDARD_OUT
    06:23:40.370 [Test worker] INFO  o.e.runtime.thread.ThreadStopper - Found new thread

examples.MaxBag_ESTest > test17 FAILED
    java.lang.OutOfMemoryError
Results: FAILURE (75 tests, 64 successes, 11 failures, 0 skipped)
:test FAILED
4 actionable tasks: 4 executed
