:clean

BUILD SUCCESSFUL in 3s
1 actionable task: 1 executed
:compileJava
:processResources NO-SOURCE
:classes
:compileTestJava
:processTestResources NO-SOURCE
:testClasses
:jar
:assemble
:test

examples.RingBuffer_ESTest STANDARD_OUT
    12:09:27.732 [Test worker] INFO  o.e.r.instrumentation.EvoClassLoader - Seeing class for first time: examples.RingBuffer_ESTest
    12:09:27.736 [Test worker] INFO  o.e.r.instrumentation.EvoClassLoader - Instrumenting class 'examples.RingBuffer_ESTest'.
    12:09:27.785 [Test worker] INFO  o.e.r.instrumentation.EvoClassLoader - Seeing class for first time: examples.RingBuffer_ESTest_scaffolding
    12:09:27.785 [Test worker] INFO  o.e.r.instrumentation.EvoClassLoader - Instrumenting class 'examples.RingBuffer_ESTest_scaffolding'.
    12:09:27.789 [Test worker] INFO  o.e.r.instrumentation.EvoClassLoader - Keeping class: examples.RingBuffer_ESTest_scaffolding
    12:09:27.789 [Test worker] INFO  o.e.r.instrumentation.EvoClassLoader - Keeping class: examples.RingBuffer_ESTest
    12:09:28.144 [Test worker] DEBUG o.e.runtime.sandbox.MSecurityManager - Adding privileged thread: "Reference Handler"
    12:09:28.145 [Test worker] DEBUG o.e.runtime.sandbox.MSecurityManager - Adding privileged thread: "Finalizer"
    12:09:28.146 [Test worker] DEBUG o.e.runtime.sandbox.MSecurityManager - Adding privileged thread: "Signal Dispatcher"
    12:09:28.146 [Test worker] DEBUG o.e.runtime.sandbox.MSecurityManager - Adding privileged thread: "Attach Listener"
    12:09:28.146 [Test worker] DEBUG o.e.runtime.sandbox.MSecurityManager - Adding privileged thread: "Java2D Disposer"
    12:09:28.146 [Test worker] DEBUG o.e.runtime.sandbox.MSecurityManager - Adding privileged thread: "AWT-Shutdown"
    12:09:28.146 [Test worker] DEBUG o.e.runtime.sandbox.MSecurityManager - Adding privileged thread: "AWT-Windows"
    12:09:28.146 [Test worker] DEBUG o.e.runtime.sandbox.MSecurityManager - Adding privileged thread: "main"
    12:09:28.146 [Test worker] DEBUG o.e.runtime.sandbox.MSecurityManager - Adding privileged thread: "Test worker"
    12:09:28.146 [Test worker] DEBUG o.e.runtime.sandbox.MSecurityManager - Adding privileged thread: "/127.0.0.1:64122 to /127.0.0.1:64121 workers Thread 2"
    12:09:28.147 [Test worker] DEBUG o.e.runtime.sandbox.MSecurityManager - Adding privileged thread: "/127.0.0.1:64122 to /127.0.0.1:64121 workers Thread 3"
    12:09:28.223 [Test worker] INFO  o.e.r.instrumentation.EvoClassLoader - Seeing class for first time: examples.RingBuffer
    12:09:28.224 [Test worker] INFO  o.e.r.instrumentation.EvoClassLoader - Instrumenting class 'examples.RingBuffer'.
    12:09:28.254 [Test worker] INFO  o.e.r.i.MethodCallReplacementClassAdapter - Adding mock interface to class examples/RingBuffer
    12:09:28.553 [Test worker] INFO  o.e.r.i.CreateClassResetClassAdapter - Creating brand-new static initializer in class examples/RingBuffer
    12:09:28.554 [Test worker] INFO  o.e.r.instrumentation.EvoClassLoader - Keeping class: examples.RingBuffer

examples.RingBuffer_ESTest > test18 FAILED
    java.lang.AssertionError at RingBuffer_ESTest.java:215

examples.RingBuffer_ESTest > test04 FAILED
    java.lang.AssertionError at RingBuffer_ESTest.java:61

examples.RingBuffer_ESTest > test15 STANDARD_OUT
    12:09:28.615 [Test worker] INFO  o.e.runtime.thread.ThreadStopper - Found new thread

examples.RingBuffer_ESTest > test02 STANDARD_OUT
    12:09:28.627 [Test worker] INFO  o.e.runtime.thread.ThreadStopper - Found new thread

examples.RingBuffer_ESTest > test01 FAILED
    java.lang.AssertionError at RingBuffer_ESTest.java:34

examples.RingBuffer_ESTest > test12 FAILED
    java.lang.AssertionError at RingBuffer_ESTest.java:151

examples.RingBuffer_ESTest > test10 FAILED
    java.lang.AssertionError at RingBuffer_ESTest.java:130

RegressionTest > RegressionTest0.test084 FAILED
    java.lang.AssertionError at RegressionTest0.java:1265

RegressionTest > RegressionTest0.test106 FAILED
    java.lang.AssertionError at RegressionTest0.java:1667

RegressionTest0 > test084 FAILED
    java.lang.AssertionError at RegressionTest0.java:1265

RegressionTest0 > test106 FAILED
    java.lang.AssertionError at RegressionTest0.java:1667
Results: FAILURE (564 tests, 555 successes, 9 failures, 0 skipped)
:test FAILED
4 actionable tasks: 4 executed
