:clean

BUILD SUCCESSFUL in 0s
1 actionable task: 1 executed
:compileJava
:processResources NO-SOURCE
:classes
:compileTestJava
:processTestResources NO-SOURCE
:testClasses
:jar
:assemble
:test

examples.MaxBag_ESTest STANDARD_OUT
    19:27:13.090 [Test worker] INFO  o.e.r.instrumentation.EvoClassLoader - Seeing class for first time: examples.MaxBag_ESTest
    19:27:13.092 [Test worker] INFO  o.e.r.instrumentation.EvoClassLoader - Instrumenting class 'examples.MaxBag_ESTest'.
    19:27:13.115 [Test worker] INFO  o.e.r.instrumentation.EvoClassLoader - Seeing class for first time: examples.MaxBag_ESTest_scaffolding
    19:27:13.116 [Test worker] INFO  o.e.r.instrumentation.EvoClassLoader - Instrumenting class 'examples.MaxBag_ESTest_scaffolding'.
    19:27:13.118 [Test worker] INFO  o.e.r.instrumentation.EvoClassLoader - Keeping class: examples.MaxBag_ESTest_scaffolding
    19:27:13.118 [Test worker] INFO  o.e.r.instrumentation.EvoClassLoader - Keeping class: examples.MaxBag_ESTest
    19:27:13.274 [Test worker] DEBUG o.e.runtime.sandbox.MSecurityManager - Adding privileged thread: "Reference Handler"
    19:27:13.274 [Test worker] DEBUG o.e.runtime.sandbox.MSecurityManager - Adding privileged thread: "Finalizer"
    19:27:13.274 [Test worker] DEBUG o.e.runtime.sandbox.MSecurityManager - Adding privileged thread: "Signal Dispatcher"
    19:27:13.274 [Test worker] DEBUG o.e.runtime.sandbox.MSecurityManager - Adding privileged thread: "Attach Listener"
    19:27:13.274 [Test worker] DEBUG o.e.runtime.sandbox.MSecurityManager - Adding privileged thread: "Java2D Disposer"
    19:27:13.274 [Test worker] DEBUG o.e.runtime.sandbox.MSecurityManager - Adding privileged thread: "AWT-Shutdown"
    19:27:13.274 [Test worker] DEBUG o.e.runtime.sandbox.MSecurityManager - Adding privileged thread: "AWT-Windows"
    19:27:13.274 [Test worker] DEBUG o.e.runtime.sandbox.MSecurityManager - Adding privileged thread: "main"
    19:27:13.274 [Test worker] DEBUG o.e.runtime.sandbox.MSecurityManager - Adding privileged thread: "Test worker"
    19:27:13.275 [Test worker] DEBUG o.e.runtime.sandbox.MSecurityManager - Adding privileged thread: "/127.0.0.1:51759 to /127.0.0.1:51758 workers Thread 2"
    19:27:13.275 [Test worker] DEBUG o.e.runtime.sandbox.MSecurityManager - Adding privileged thread: "/127.0.0.1:51759 to /127.0.0.1:51758 workers Thread 3"
    19:27:13.312 [Test worker] INFO  o.e.r.instrumentation.EvoClassLoader - Seeing class for first time: examples.MaxBag
    19:27:13.312 [Test worker] INFO  o.e.r.instrumentation.EvoClassLoader - Instrumenting class 'examples.MaxBag'.
    19:27:13.325 [Test worker] INFO  o.e.r.i.MethodCallReplacementClassAdapter - Adding mock interface to class examples/MaxBag
    19:27:13.443 [Test worker] INFO  o.e.r.i.CreateClassResetClassAdapter - Creating brand-new static initializer in class examples/MaxBag
    19:27:13.443 [Test worker] INFO  o.e.r.instrumentation.EvoClassLoader - Keeping class: examples.MaxBag
    19:27:13.444 [Test worker] INFO  o.e.r.instrumentation.EvoClassLoader - Seeing class for first time: examples._Type328393
    19:27:13.444 [Test worker] INFO  o.e.r.instrumentation.EvoClassLoader - Instrumenting class 'examples._Type328393'.
    19:27:13.445 [Test worker] INFO  o.e.r.i.MethodCallReplacementClassAdapter - Adding mock interface to class examples/_Type328393
    19:27:13.445 [Test worker] INFO  o.e.r.i.CreateClassResetClassAdapter - Creating brand-new static initializer in class examples/_Type328393
    19:27:13.445 [Test worker] INFO  o.e.r.instrumentation.EvoClassLoader - Keeping class: examples._Type328393

examples.MaxBag_ESTest > test12 FAILED
    java.lang.ArrayIndexOutOfBoundsException at MaxBag_ESTest.java:206

examples.MaxBag_ESTest > test00 FAILED
    java.lang.ArrayIndexOutOfBoundsException at MaxBag_ESTest.java:27

examples.MaxBag_ESTest > test05 FAILED
    java.lang.ArrayIndexOutOfBoundsException at MaxBag_ESTest.java:94

examples.MaxBag_ESTest > test03 FAILED
    java.lang.ArrayIndexOutOfBoundsException at MaxBag_ESTest.java:66

examples.MaxBag_ESTest > test18 FAILED
    java.lang.ArrayIndexOutOfBoundsException at MaxBag_ESTest.java:283

RegressionTest > RegressionTest0.test27 FAILED
    java.lang.ArrayIndexOutOfBoundsException at RegressionTest0.java:393

RegressionTest0 > test27 FAILED
    java.lang.ArrayIndexOutOfBoundsException at RegressionTest0.java:393
Results: FAILURE (332 tests, 325 successes, 7 failures, 0 skipped)
:test FAILED
4 actionable tasks: 4 executed
