:clean

BUILD SUCCESSFUL in 0s
1 actionable task: 1 executed
:compileJava
:processResources NO-SOURCE
:classes
:compileTestJava
:processTestResources NO-SOURCE
:testClasses
:jar
:assemble
:test

examples.MaxBag_ESTest STANDARD_OUT
    20:26:22.149 [Test worker] INFO  o.e.r.instrumentation.EvoClassLoader - Seeing class for first time: examples.MaxBag_ESTest
    20:26:22.151 [Test worker] INFO  o.e.r.instrumentation.EvoClassLoader - Instrumenting class 'examples.MaxBag_ESTest'.
    20:26:22.174 [Test worker] INFO  o.e.r.instrumentation.EvoClassLoader - Seeing class for first time: examples.MaxBag_ESTest_scaffolding
    20:26:22.174 [Test worker] INFO  o.e.r.instrumentation.EvoClassLoader - Instrumenting class 'examples.MaxBag_ESTest_scaffolding'.
    20:26:22.176 [Test worker] INFO  o.e.r.instrumentation.EvoClassLoader - Keeping class: examples.MaxBag_ESTest_scaffolding
    20:26:22.176 [Test worker] INFO  o.e.r.instrumentation.EvoClassLoader - Keeping class: examples.MaxBag_ESTest
    20:26:22.333 [Test worker] DEBUG o.e.runtime.sandbox.MSecurityManager - Adding privileged thread: "Reference Handler"
    20:26:22.333 [Test worker] DEBUG o.e.runtime.sandbox.MSecurityManager - Adding privileged thread: "Finalizer"
    20:26:22.334 [Test worker] DEBUG o.e.runtime.sandbox.MSecurityManager - Adding privileged thread: "Signal Dispatcher"
    20:26:22.334 [Test worker] DEBUG o.e.runtime.sandbox.MSecurityManager - Adding privileged thread: "Attach Listener"
    20:26:22.334 [Test worker] DEBUG o.e.runtime.sandbox.MSecurityManager - Adding privileged thread: "Java2D Disposer"
    20:26:22.334 [Test worker] DEBUG o.e.runtime.sandbox.MSecurityManager - Adding privileged thread: "AWT-Shutdown"
    20:26:22.334 [Test worker] DEBUG o.e.runtime.sandbox.MSecurityManager - Adding privileged thread: "AWT-Windows"
    20:26:22.334 [Test worker] DEBUG o.e.runtime.sandbox.MSecurityManager - Adding privileged thread: "main"
    20:26:22.334 [Test worker] DEBUG o.e.runtime.sandbox.MSecurityManager - Adding privileged thread: "Test worker"
    20:26:22.334 [Test worker] DEBUG o.e.runtime.sandbox.MSecurityManager - Adding privileged thread: "/127.0.0.1:62811 to /127.0.0.1:62810 workers Thread 2"
    20:26:22.334 [Test worker] DEBUG o.e.runtime.sandbox.MSecurityManager - Adding privileged thread: "/127.0.0.1:62811 to /127.0.0.1:62810 workers Thread 3"
    20:26:22.372 [Test worker] INFO  o.e.r.instrumentation.EvoClassLoader - Seeing class for first time: examples.MaxBag
    20:26:22.372 [Test worker] INFO  o.e.r.instrumentation.EvoClassLoader - Instrumenting class 'examples.MaxBag'.
    20:26:22.384 [Test worker] INFO  o.e.r.i.MethodCallReplacementClassAdapter - Adding mock interface to class examples/MaxBag
    20:26:22.505 [Test worker] INFO  o.e.r.i.CreateClassResetClassAdapter - Creating brand-new static initializer in class examples/MaxBag
    20:26:22.505 [Test worker] INFO  o.e.r.instrumentation.EvoClassLoader - Keeping class: examples.MaxBag
    20:26:22.506 [Test worker] INFO  o.e.r.instrumentation.EvoClassLoader - Seeing class for first time: examples._Type328393
    20:26:22.506 [Test worker] INFO  o.e.r.instrumentation.EvoClassLoader - Instrumenting class 'examples._Type328393'.
    20:26:22.507 [Test worker] INFO  o.e.r.i.MethodCallReplacementClassAdapter - Adding mock interface to class examples/_Type328393
    20:26:22.508 [Test worker] INFO  o.e.r.i.CreateClassResetClassAdapter - Creating brand-new static initializer in class examples/_Type328393
    20:26:22.508 [Test worker] INFO  o.e.r.instrumentation.EvoClassLoader - Keeping class: examples._Type328393

testers.MaxBagTester0 > test031 FAILED
    java.lang.ArrayIndexOutOfBoundsException at MaxBagTester0.java:372

testers.MaxBagTester0 > test049 FAILED
    java.lang.ArrayIndexOutOfBoundsException at MaxBagTester0.java:620

testers.MaxBagTester0 > test053 FAILED
    java.lang.ArrayIndexOutOfBoundsException at MaxBagTester0.java:674

testers.MaxBagTester0 > test073 FAILED
    java.lang.ArrayIndexOutOfBoundsException at MaxBagTester0.java:941

testers.MaxBagTester0 > test113 FAILED
    java.lang.ArrayIndexOutOfBoundsException at MaxBagTester0.java:1502

testers.MaxBagTester0 > test120 FAILED
    java.lang.ArrayIndexOutOfBoundsException at MaxBagTester0.java:1602

testers.MaxBagTester0 > test129 FAILED
    java.lang.ArrayIndexOutOfBoundsException at MaxBagTester0.java:1727

testers.MaxBagTester0 > test140 FAILED
    java.lang.ArrayIndexOutOfBoundsException at MaxBagTester0.java:1882

testers.MaxBagTester0 > test158 FAILED
    java.lang.ArrayIndexOutOfBoundsException at MaxBagTester0.java:2148

testers.MaxBagTester0 > test194 FAILED
    java.lang.ArrayIndexOutOfBoundsException at MaxBagTester0.java:2652

testers.MaxBagTester0 > test204 FAILED
    java.lang.ArrayIndexOutOfBoundsException at MaxBagTester0.java:2807

testers.MaxBagTester0 > test246 FAILED
    java.lang.ArrayIndexOutOfBoundsException at MaxBagTester0.java:3406
Results: FAILURE (332 tests, 320 successes, 12 failures, 0 skipped)
:test FAILED
4 actionable tasks: 4 executed
