:clean

BUILD SUCCESSFUL in 0s
1 actionable task: 1 executed
:compileJava
:processResources NO-SOURCE
:classes
:compileTestJava
:processTestResources NO-SOURCE
:testClasses
:jar
:assemble
:test

examples.MaxBag_ESTest STANDARD_OUT
    19:26:36.847 [Test worker] INFO  o.e.r.instrumentation.EvoClassLoader - Seeing class for first time: examples.MaxBag_ESTest
    19:26:36.849 [Test worker] INFO  o.e.r.instrumentation.EvoClassLoader - Instrumenting class 'examples.MaxBag_ESTest'.
    19:26:36.872 [Test worker] INFO  o.e.r.instrumentation.EvoClassLoader - Seeing class for first time: examples.MaxBag_ESTest_scaffolding
    19:26:36.872 [Test worker] INFO  o.e.r.instrumentation.EvoClassLoader - Instrumenting class 'examples.MaxBag_ESTest_scaffolding'.
    19:26:36.874 [Test worker] INFO  o.e.r.instrumentation.EvoClassLoader - Keeping class: examples.MaxBag_ESTest_scaffolding
    19:26:36.874 [Test worker] INFO  o.e.r.instrumentation.EvoClassLoader - Keeping class: examples.MaxBag_ESTest
    19:26:37.040 [Test worker] DEBUG o.e.runtime.sandbox.MSecurityManager - Adding privileged thread: "Reference Handler"
    19:26:37.040 [Test worker] DEBUG o.e.runtime.sandbox.MSecurityManager - Adding privileged thread: "Finalizer"
    19:26:37.040 [Test worker] DEBUG o.e.runtime.sandbox.MSecurityManager - Adding privileged thread: "Signal Dispatcher"
    19:26:37.040 [Test worker] DEBUG o.e.runtime.sandbox.MSecurityManager - Adding privileged thread: "Attach Listener"
    19:26:37.040 [Test worker] DEBUG o.e.runtime.sandbox.MSecurityManager - Adding privileged thread: "Java2D Disposer"
    19:26:37.040 [Test worker] DEBUG o.e.runtime.sandbox.MSecurityManager - Adding privileged thread: "AWT-Shutdown"
    19:26:37.040 [Test worker] DEBUG o.e.runtime.sandbox.MSecurityManager - Adding privileged thread: "AWT-Windows"
    19:26:37.040 [Test worker] DEBUG o.e.runtime.sandbox.MSecurityManager - Adding privileged thread: "main"
    19:26:37.040 [Test worker] DEBUG o.e.runtime.sandbox.MSecurityManager - Adding privileged thread: "Test worker"
    19:26:37.040 [Test worker] DEBUG o.e.runtime.sandbox.MSecurityManager - Adding privileged thread: "/127.0.0.1:60558 to /127.0.0.1:60557 workers Thread 2"
    19:26:37.040 [Test worker] DEBUG o.e.runtime.sandbox.MSecurityManager - Adding privileged thread: "/127.0.0.1:60558 to /127.0.0.1:60557 workers Thread 3"
    19:26:37.078 [Test worker] INFO  o.e.r.instrumentation.EvoClassLoader - Seeing class for first time: examples.MaxBag
    19:26:37.078 [Test worker] INFO  o.e.r.instrumentation.EvoClassLoader - Instrumenting class 'examples.MaxBag'.
    19:26:37.093 [Test worker] INFO  o.e.r.i.MethodCallReplacementClassAdapter - Adding mock interface to class examples/MaxBag
    19:26:37.215 [Test worker] INFO  o.e.r.i.CreateClassResetClassAdapter - Creating brand-new static initializer in class examples/MaxBag
    19:26:37.215 [Test worker] INFO  o.e.r.instrumentation.EvoClassLoader - Keeping class: examples.MaxBag
    19:26:37.216 [Test worker] INFO  o.e.r.instrumentation.EvoClassLoader - Seeing class for first time: examples._Type328393
    19:26:37.216 [Test worker] INFO  o.e.r.instrumentation.EvoClassLoader - Instrumenting class 'examples._Type328393'.
    19:26:37.217 [Test worker] INFO  o.e.r.i.MethodCallReplacementClassAdapter - Adding mock interface to class examples/_Type328393
    19:26:37.217 [Test worker] INFO  o.e.r.i.CreateClassResetClassAdapter - Creating brand-new static initializer in class examples/_Type328393
    19:26:37.217 [Test worker] INFO  o.e.r.instrumentation.EvoClassLoader - Keeping class: examples._Type328393

examples.MaxBag_ESTest > test05 FAILED
    java.lang.OutOfMemoryError at MaxBag_ESTest.java:91

examples.MaxBag_ESTest > test16 FAILED
    java.lang.OutOfMemoryError at MaxBag_ESTest.java:246

examples.MaxBag_ESTest > test14 STANDARD_OUT
    19:26:45.605 [Test worker] INFO  o.e.runtime.thread.ThreadStopper - Found new thread

examples.MaxBag_ESTest > test14 FAILED
    java.lang.OutOfMemoryError

examples.MaxBag_ESTest > test02 FAILED
    java.lang.OutOfMemoryError

examples.MaxBag_ESTest > test13 STANDARD_OUT
    19:26:47.573 [Test worker] INFO  o.e.runtime.thread.ThreadStopper - Found new thread

examples.MaxBag_ESTest > test08 STANDARD_OUT
    19:26:47.577 [Test worker] INFO  o.e.runtime.thread.ThreadStopper - Found new thread

examples.MaxBag_ESTest > test18 FAILED
    java.lang.OutOfMemoryError

examples.MaxBag_ESTest > test06 FAILED
    java.lang.OutOfMemoryError

examples.MaxBag_ESTest > test17 STANDARD_OUT
    19:26:52.803 [Test worker] INFO  o.e.runtime.thread.ThreadStopper - Found new thread

examples.MaxBag_ESTest > test17 FAILED
    java.lang.OutOfMemoryError
Results: FAILURE (332 tests, 325 successes, 7 failures, 0 skipped)
:test FAILED
4 actionable tasks: 4 executed
