:clean

BUILD SUCCESSFUL in 0s
1 actionable task: 1 executed
:compileJava
:processResources NO-SOURCE
:classes
:compileTestJava
:processTestResources NO-SOURCE
:testClasses
:jar
:assemble
:test

examples.MaxBag_ESTest STANDARD_OUT
    22:22:45.518 [Test worker] INFO  o.e.r.instrumentation.EvoClassLoader - Seeing class for first time: examples.MaxBag_ESTest
    22:22:45.520 [Test worker] INFO  o.e.r.instrumentation.EvoClassLoader - Instrumenting class 'examples.MaxBag_ESTest'.
    22:22:45.543 [Test worker] INFO  o.e.r.instrumentation.EvoClassLoader - Seeing class for first time: examples.MaxBag_ESTest_scaffolding
    22:22:45.543 [Test worker] INFO  o.e.r.instrumentation.EvoClassLoader - Instrumenting class 'examples.MaxBag_ESTest_scaffolding'.
    22:22:45.545 [Test worker] INFO  o.e.r.instrumentation.EvoClassLoader - Keeping class: examples.MaxBag_ESTest_scaffolding
    22:22:45.545 [Test worker] INFO  o.e.r.instrumentation.EvoClassLoader - Keeping class: examples.MaxBag_ESTest
    22:22:45.719 [Test worker] DEBUG o.e.runtime.sandbox.MSecurityManager - Adding privileged thread: "Reference Handler"
    22:22:45.719 [Test worker] DEBUG o.e.runtime.sandbox.MSecurityManager - Adding privileged thread: "Finalizer"
    22:22:45.719 [Test worker] DEBUG o.e.runtime.sandbox.MSecurityManager - Adding privileged thread: "Signal Dispatcher"
    22:22:45.720 [Test worker] DEBUG o.e.runtime.sandbox.MSecurityManager - Adding privileged thread: "Attach Listener"
    22:22:45.720 [Test worker] DEBUG o.e.runtime.sandbox.MSecurityManager - Adding privileged thread: "Java2D Disposer"
    22:22:45.720 [Test worker] DEBUG o.e.runtime.sandbox.MSecurityManager - Adding privileged thread: "AWT-Shutdown"
    22:22:45.720 [Test worker] DEBUG o.e.runtime.sandbox.MSecurityManager - Adding privileged thread: "AWT-Windows"
    22:22:45.720 [Test worker] DEBUG o.e.runtime.sandbox.MSecurityManager - Adding privileged thread: "main"
    22:22:45.720 [Test worker] DEBUG o.e.runtime.sandbox.MSecurityManager - Adding privileged thread: "Test worker"
    22:22:45.720 [Test worker] DEBUG o.e.runtime.sandbox.MSecurityManager - Adding privileged thread: "/127.0.0.1:53469 to /127.0.0.1:53468 workers Thread 2"
    22:22:45.720 [Test worker] DEBUG o.e.runtime.sandbox.MSecurityManager - Adding privileged thread: "/127.0.0.1:53469 to /127.0.0.1:53468 workers Thread 3"
    22:22:45.759 [Test worker] INFO  o.e.r.instrumentation.EvoClassLoader - Seeing class for first time: examples.MaxBag
    22:22:45.759 [Test worker] INFO  o.e.r.instrumentation.EvoClassLoader - Instrumenting class 'examples.MaxBag'.
    22:22:45.772 [Test worker] INFO  o.e.r.i.MethodCallReplacementClassAdapter - Adding mock interface to class examples/MaxBag
    22:22:45.893 [Test worker] INFO  o.e.r.i.CreateClassResetClassAdapter - Creating brand-new static initializer in class examples/MaxBag
    22:22:45.893 [Test worker] INFO  o.e.r.instrumentation.EvoClassLoader - Keeping class: examples.MaxBag
    22:22:45.894 [Test worker] INFO  o.e.r.instrumentation.EvoClassLoader - Seeing class for first time: examples._Type328393
    22:22:45.894 [Test worker] INFO  o.e.r.instrumentation.EvoClassLoader - Instrumenting class 'examples._Type328393'.
    22:22:45.895 [Test worker] INFO  o.e.r.i.MethodCallReplacementClassAdapter - Adding mock interface to class examples/_Type328393
    22:22:45.895 [Test worker] INFO  o.e.r.i.CreateClassResetClassAdapter - Creating brand-new static initializer in class examples/_Type328393
    22:22:45.896 [Test worker] INFO  o.e.r.instrumentation.EvoClassLoader - Keeping class: examples._Type328393

RegressionTest > RegressionTest0.test16 FAILED
    java.lang.ArrayIndexOutOfBoundsException at RegressionTest0.java:219

RegressionTest > RegressionTest0.test17 FAILED
    java.lang.ArrayIndexOutOfBoundsException at RegressionTest0.java:235

RegressionTest > RegressionTest0.test18 FAILED
    java.lang.ArrayIndexOutOfBoundsException at RegressionTest0.java:253

RegressionTest > RegressionTest0.test23 FAILED
    java.lang.ArrayIndexOutOfBoundsException at RegressionTest0.java:335

RegressionTest > RegressionTest0.test25 FAILED
    java.lang.ArrayIndexOutOfBoundsException at RegressionTest0.java:364

RegressionTest0 > test16 FAILED
    java.lang.ArrayIndexOutOfBoundsException at RegressionTest0.java:219

RegressionTest0 > test17 FAILED
    java.lang.ArrayIndexOutOfBoundsException at RegressionTest0.java:235

RegressionTest0 > test18 FAILED
    java.lang.ArrayIndexOutOfBoundsException at RegressionTest0.java:253

RegressionTest0 > test23 FAILED
    java.lang.ArrayIndexOutOfBoundsException at RegressionTest0.java:335

RegressionTest0 > test25 FAILED
    java.lang.ArrayIndexOutOfBoundsException at RegressionTest0.java:364
