:clean

BUILD SUCCESSFUL in 1s
1 actionable task: 1 executed
:compileJava
:processResources NO-SOURCE
:classes
:compileTestJava
:processTestResources NO-SOURCE
:testClasses
:jar
:assemble
:test

examples.Map_ESTest STANDARD_OUT
    02:05:51.398 [Test worker] INFO  o.e.r.instrumentation.EvoClassLoader - Seeing class for first time: examples.Map_ESTest
    02:05:51.403 [Test worker] INFO  o.e.r.instrumentation.EvoClassLoader - Instrumenting class 'examples.Map_ESTest'.
    02:05:51.458 [Test worker] INFO  o.e.r.instrumentation.EvoClassLoader - Seeing class for first time: examples.Map_ESTest_scaffolding
    02:05:51.458 [Test worker] INFO  o.e.r.instrumentation.EvoClassLoader - Instrumenting class 'examples.Map_ESTest_scaffolding'.
    02:05:51.463 [Test worker] INFO  o.e.r.instrumentation.EvoClassLoader - Keeping class: examples.Map_ESTest_scaffolding
    02:05:51.463 [Test worker] INFO  o.e.r.instrumentation.EvoClassLoader - Keeping class: examples.Map_ESTest
    02:05:51.826 [Test worker] DEBUG o.e.runtime.sandbox.MSecurityManager - Adding privileged thread: "Reference Handler"
    02:05:51.826 [Test worker] DEBUG o.e.runtime.sandbox.MSecurityManager - Adding privileged thread: "Finalizer"
    02:05:51.826 [Test worker] DEBUG o.e.runtime.sandbox.MSecurityManager - Adding privileged thread: "Signal Dispatcher"
    02:05:51.826 [Test worker] DEBUG o.e.runtime.sandbox.MSecurityManager - Adding privileged thread: "Attach Listener"
    02:05:51.827 [Test worker] DEBUG o.e.runtime.sandbox.MSecurityManager - Adding privileged thread: "Java2D Disposer"
    02:05:51.827 [Test worker] DEBUG o.e.runtime.sandbox.MSecurityManager - Adding privileged thread: "AWT-Shutdown"
    02:05:51.827 [Test worker] DEBUG o.e.runtime.sandbox.MSecurityManager - Adding privileged thread: "AWT-Windows"
    02:05:51.828 [Test worker] DEBUG o.e.runtime.sandbox.MSecurityManager - Adding privileged thread: "main"
    02:05:51.828 [Test worker] DEBUG o.e.runtime.sandbox.MSecurityManager - Adding privileged thread: "Test worker"
    02:05:51.828 [Test worker] DEBUG o.e.runtime.sandbox.MSecurityManager - Adding privileged thread: "/127.0.0.1:60636 to /127.0.0.1:60635 workers Thread 2"
    02:05:51.828 [Test worker] DEBUG o.e.runtime.sandbox.MSecurityManager - Adding privileged thread: "/127.0.0.1:60636 to /127.0.0.1:60635 workers Thread 3"
    02:05:51.916 [Test worker] INFO  o.e.r.instrumentation.EvoClassLoader - Seeing class for first time: examples.Map
    02:05:51.916 [Test worker] INFO  o.e.r.instrumentation.EvoClassLoader - Instrumenting class 'examples.Map'.
    02:05:51.949 [Test worker] INFO  o.e.r.i.MethodCallReplacementClassAdapter - Adding mock interface to class examples/Map
    02:05:52.225 [Test worker] INFO  o.e.r.i.CreateClassResetClassAdapter - Creating brand-new static initializer in class examples/Map
    02:05:52.225 [Test worker] INFO  o.e.r.instrumentation.EvoClassLoader - Keeping class: examples.Map

examples.Map_ESTest > test03 FAILED
    java.lang.IndexOutOfBoundsException at Map_ESTest.java:60

examples.Map_ESTest > test02 FAILED
    java.lang.IndexOutOfBoundsException at Map_ESTest.java:51

examples.Map_ESTest > test05 FAILED
    java.lang.IndexOutOfBoundsException at Map_ESTest.java:79

examples.Map_ESTest > test04 FAILED
    java.lang.IndexOutOfBoundsException at Map_ESTest.java:70

examples.Map_ESTest > test10 FAILED
    java.lang.IndexOutOfBoundsException at Map_ESTest.java:122

examples.Map_ESTest > test01 FAILED
    java.lang.IndexOutOfBoundsException at Map_ESTest.java:41

examples.Map_ESTest > test12 FAILED
    java.lang.IndexOutOfBoundsException at Map_ESTest.java:144

examples.Map_ESTest > test00 FAILED
    java.lang.IndexOutOfBoundsException at Map_ESTest.java:23

examples.Map_ESTest > test11 FAILED
    java.lang.IndexOutOfBoundsException at Map_ESTest.java:133

examples.Map_ESTest > test07 FAILED
    java.lang.IndexOutOfBoundsException at Map_ESTest.java:96

examples.Map_ESTest > test09 FAILED
    java.lang.IndexOutOfBoundsException at Map_ESTest.java:113

RegressionTest > RegressionTest0.test005 FAILED
    java.lang.IndexOutOfBoundsException at RegressionTest0.java:81

RegressionTest > RegressionTest0.test019 FAILED
    java.lang.IndexOutOfBoundsException at RegressionTest0.java:307

RegressionTest > RegressionTest0.test020 FAILED
    java.lang.IndexOutOfBoundsException at RegressionTest0.java:320

RegressionTest > RegressionTest0.test024 FAILED
    java.lang.IndexOutOfBoundsException at RegressionTest0.java:397

RegressionTest > RegressionTest0.test025 FAILED
    java.lang.IndexOutOfBoundsException at RegressionTest0.java:414

RegressionTest > RegressionTest0.test026 FAILED
    java.lang.IndexOutOfBoundsException at RegressionTest0.java:431

RegressionTest > RegressionTest0.test028 FAILED
    java.lang.IndexOutOfBoundsException at RegressionTest0.java:460

RegressionTest > RegressionTest0.test030 FAILED
    java.lang.IndexOutOfBoundsException at RegressionTest0.java:502

RegressionTest > RegressionTest0.test035 FAILED
    java.lang.IndexOutOfBoundsException at RegressionTest0.java:611

RegressionTest > RegressionTest0.test036 FAILED
    java.lang.IndexOutOfBoundsException at RegressionTest0.java:625

RegressionTest > RegressionTest0.test037 FAILED
    java.lang.IndexOutOfBoundsException at RegressionTest0.java:647

RegressionTest > RegressionTest0.test038 FAILED
    java.lang.IndexOutOfBoundsException at RegressionTest0.java:671

RegressionTest > RegressionTest0.test040 FAILED
    java.lang.IndexOutOfBoundsException at RegressionTest0.java:699

RegressionTest > RegressionTest0.test041 FAILED
    java.lang.IndexOutOfBoundsException at RegressionTest0.java:721

RegressionTest > RegressionTest0.test042 FAILED
    java.lang.IndexOutOfBoundsException at RegressionTest0.java:736

RegressionTest > RegressionTest0.test043 FAILED
    java.lang.IndexOutOfBoundsException at RegressionTest0.java:754

RegressionTest > RegressionTest0.test045 FAILED
    java.lang.IndexOutOfBoundsException at RegressionTest0.java:779

RegressionTest > RegressionTest0.test046 FAILED
    java.lang.IndexOutOfBoundsException at RegressionTest0.java:792

RegressionTest > RegressionTest0.test047 FAILED
    java.lang.IndexOutOfBoundsException at RegressionTest0.java:810

RegressionTest > RegressionTest0.test048 FAILED
    java.lang.IndexOutOfBoundsException at RegressionTest0.java:823

RegressionTest > RegressionTest0.test049 FAILED
    java.lang.IndexOutOfBoundsException at RegressionTest0.java:847

RegressionTest > RegressionTest0.test050 FAILED
    java.lang.IndexOutOfBoundsException at RegressionTest0.java:864

RegressionTest > RegressionTest0.test053 FAILED
    java.lang.IndexOutOfBoundsException at RegressionTest0.java:924

RegressionTest > RegressionTest0.test055 FAILED
    java.lang.IndexOutOfBoundsException at RegressionTest0.java:961

RegressionTest > RegressionTest0.test057 FAILED
    java.lang.IndexOutOfBoundsException at RegressionTest0.java:998

RegressionTest > RegressionTest0.test058 FAILED
    java.lang.IndexOutOfBoundsException at RegressionTest0.java:1018

RegressionTest > RegressionTest0.test060 FAILED
    java.lang.IndexOutOfBoundsException at RegressionTest0.java:1055

RegressionTest > RegressionTest0.test061 FAILED
    java.lang.IndexOutOfBoundsException at RegressionTest0.java:1071

RegressionTest > RegressionTest0.test063 FAILED
    java.lang.IndexOutOfBoundsException at RegressionTest0.java:1102

RegressionTest > RegressionTest0.test064 FAILED
    java.lang.IndexOutOfBoundsException at RegressionTest0.java:1126

RegressionTest > RegressionTest0.test065 FAILED
    java.lang.IndexOutOfBoundsException at RegressionTest0.java:1150

RegressionTest > RegressionTest0.test066 FAILED
    java.lang.IndexOutOfBoundsException at RegressionTest0.java:1173

RegressionTest > RegressionTest0.test067 FAILED
    java.lang.IndexOutOfBoundsException at RegressionTest0.java:1194

RegressionTest > RegressionTest0.test069 FAILED
    java.lang.IndexOutOfBoundsException at RegressionTest0.java:1227

RegressionTest > RegressionTest0.test070 FAILED
    java.lang.IndexOutOfBoundsException at RegressionTest0.java:1245

RegressionTest > RegressionTest0.test071 FAILED
    java.lang.IndexOutOfBoundsException at RegressionTest0.java:1267

RegressionTest > RegressionTest0.test073 FAILED
    java.lang.IndexOutOfBoundsException at RegressionTest0.java:1307

RegressionTest > RegressionTest0.test074 FAILED
    java.lang.IndexOutOfBoundsException at RegressionTest0.java:1328

RegressionTest > RegressionTest0.test075 FAILED
    java.lang.IndexOutOfBoundsException at RegressionTest0.java:1344

RegressionTest > RegressionTest0.test076 FAILED
    java.lang.IndexOutOfBoundsException at RegressionTest0.java:1363

RegressionTest > RegressionTest0.test079 FAILED
    java.lang.IndexOutOfBoundsException at RegressionTest0.java:1399

RegressionTest > RegressionTest0.test080 FAILED
    java.lang.IndexOutOfBoundsException at RegressionTest0.java:1416

RegressionTest > RegressionTest0.test081 FAILED
    java.lang.IndexOutOfBoundsException at RegressionTest0.java:1431

RegressionTest > RegressionTest0.test082 FAILED
    java.lang.IndexOutOfBoundsException at RegressionTest0.java:1452

RegressionTest > RegressionTest0.test083 FAILED
    java.lang.IndexOutOfBoundsException at RegressionTest0.java:1466

RegressionTest > RegressionTest0.test084 FAILED
    java.lang.IndexOutOfBoundsException at RegressionTest0.java:1489

RegressionTest > RegressionTest0.test085 FAILED
    java.lang.IndexOutOfBoundsException at RegressionTest0.java:1506

RegressionTest > RegressionTest0.test088 FAILED
    java.lang.IndexOutOfBoundsException at RegressionTest0.java:1547

RegressionTest > RegressionTest0.test089 FAILED
    java.lang.IndexOutOfBoundsException at RegressionTest0.java:1563

RegressionTest > RegressionTest0.test091 FAILED
    java.lang.IndexOutOfBoundsException at RegressionTest0.java:1607

RegressionTest > RegressionTest0.test092 FAILED
    java.lang.IndexOutOfBoundsException at RegressionTest0.java:1621

RegressionTest > RegressionTest0.test094 FAILED
    java.lang.IndexOutOfBoundsException at RegressionTest0.java:1651

RegressionTest > RegressionTest0.test096 FAILED
    java.lang.IndexOutOfBoundsException at RegressionTest0.java:1688

RegressionTest > RegressionTest0.test100 FAILED
    java.lang.IndexOutOfBoundsException at RegressionTest0.java:1738

RegressionTest > RegressionTest0.test101 FAILED
    java.lang.IndexOutOfBoundsException at RegressionTest0.java:1761

RegressionTest > RegressionTest0.test103 FAILED
    java.lang.IndexOutOfBoundsException at RegressionTest0.java:1804

RegressionTest > RegressionTest0.test105 FAILED
    java.lang.IndexOutOfBoundsException at RegressionTest0.java:1847

RegressionTest > RegressionTest0.test106 FAILED
    java.lang.IndexOutOfBoundsException at RegressionTest0.java:1874

RegressionTest > RegressionTest0.test107 FAILED
    java.lang.IndexOutOfBoundsException at RegressionTest0.java:1893

RegressionTest > RegressionTest0.test108 FAILED
    java.lang.IndexOutOfBoundsException at RegressionTest0.java:1912

RegressionTest > RegressionTest0.test109 FAILED
    java.lang.IndexOutOfBoundsException at RegressionTest0.java:1930

RegressionTest > RegressionTest0.test110 FAILED
    java.lang.IndexOutOfBoundsException at RegressionTest0.java:1948

RegressionTest > RegressionTest0.test111 FAILED
    java.lang.IndexOutOfBoundsException at RegressionTest0.java:1966

RegressionTest > RegressionTest0.test113 FAILED
    java.lang.IndexOutOfBoundsException at RegressionTest0.java:2009

RegressionTest > RegressionTest0.test114 FAILED
    java.lang.IndexOutOfBoundsException at RegressionTest0.java:2028

RegressionTest > RegressionTest0.test115 FAILED
    java.lang.IndexOutOfBoundsException at RegressionTest0.java:2053

RegressionTest > RegressionTest0.test116 FAILED
    java.lang.IndexOutOfBoundsException at RegressionTest0.java:2074

RegressionTest > RegressionTest0.test117 FAILED
    java.lang.IndexOutOfBoundsException at RegressionTest0.java:2092

RegressionTest0 > test005 FAILED
    java.lang.IndexOutOfBoundsException at RegressionTest0.java:81

RegressionTest0 > test019 FAILED
    java.lang.IndexOutOfBoundsException at RegressionTest0.java:307

RegressionTest0 > test020 FAILED
    java.lang.IndexOutOfBoundsException at RegressionTest0.java:320

RegressionTest0 > test024 FAILED
    java.lang.IndexOutOfBoundsException at RegressionTest0.java:397

RegressionTest0 > test025 FAILED
    java.lang.IndexOutOfBoundsException at RegressionTest0.java:414

RegressionTest0 > test026 FAILED
    java.lang.IndexOutOfBoundsException at RegressionTest0.java:431

RegressionTest0 > test028 FAILED
    java.lang.IndexOutOfBoundsException at RegressionTest0.java:460

RegressionTest0 > test030 FAILED
    java.lang.IndexOutOfBoundsException at RegressionTest0.java:502

RegressionTest0 > test035 FAILED
    java.lang.IndexOutOfBoundsException at RegressionTest0.java:611

RegressionTest0 > test036 FAILED
    java.lang.IndexOutOfBoundsException at RegressionTest0.java:625

RegressionTest0 > test037 FAILED
    java.lang.IndexOutOfBoundsException at RegressionTest0.java:647

RegressionTest0 > test038 FAILED
    java.lang.IndexOutOfBoundsException at RegressionTest0.java:671

RegressionTest0 > test040 FAILED
    java.lang.IndexOutOfBoundsException at RegressionTest0.java:699

RegressionTest0 > test041 FAILED
    java.lang.IndexOutOfBoundsException at RegressionTest0.java:721

RegressionTest0 > test042 FAILED
    java.lang.IndexOutOfBoundsException at RegressionTest0.java:736

RegressionTest0 > test043 FAILED
    java.lang.IndexOutOfBoundsException at RegressionTest0.java:754

RegressionTest0 > test045 FAILED
    java.lang.IndexOutOfBoundsException at RegressionTest0.java:779

RegressionTest0 > test046 FAILED
    java.lang.IndexOutOfBoundsException at RegressionTest0.java:792

RegressionTest0 > test047 FAILED
    java.lang.IndexOutOfBoundsException at RegressionTest0.java:810

RegressionTest0 > test048 FAILED
    java.lang.IndexOutOfBoundsException at RegressionTest0.java:823

RegressionTest0 > test049 FAILED
    java.lang.IndexOutOfBoundsException at RegressionTest0.java:847

RegressionTest0 > test050 FAILED
    java.lang.IndexOutOfBoundsException at RegressionTest0.java:864

RegressionTest0 > test053 FAILED
    java.lang.IndexOutOfBoundsException at RegressionTest0.java:924

RegressionTest0 > test055 FAILED
    java.lang.IndexOutOfBoundsException at RegressionTest0.java:961

RegressionTest0 > test057 FAILED
    java.lang.IndexOutOfBoundsException at RegressionTest0.java:998

RegressionTest0 > test058 FAILED
    java.lang.IndexOutOfBoundsException at RegressionTest0.java:1018

RegressionTest0 > test060 FAILED
    java.lang.IndexOutOfBoundsException at RegressionTest0.java:1055

RegressionTest0 > test061 FAILED
    java.lang.IndexOutOfBoundsException at RegressionTest0.java:1071

RegressionTest0 > test063 FAILED
    java.lang.IndexOutOfBoundsException at RegressionTest0.java:1102

RegressionTest0 > test064 FAILED
    java.lang.IndexOutOfBoundsException at RegressionTest0.java:1126

RegressionTest0 > test065 FAILED
    java.lang.IndexOutOfBoundsException at RegressionTest0.java:1150

RegressionTest0 > test066 FAILED
    java.lang.IndexOutOfBoundsException at RegressionTest0.java:1173

RegressionTest0 > test067 FAILED
    java.lang.IndexOutOfBoundsException at RegressionTest0.java:1194

RegressionTest0 > test069 FAILED
    java.lang.IndexOutOfBoundsException at RegressionTest0.java:1227

RegressionTest0 > test070 FAILED
    java.lang.IndexOutOfBoundsException at RegressionTest0.java:1245

RegressionTest0 > test071 FAILED
    java.lang.IndexOutOfBoundsException at RegressionTest0.java:1267

RegressionTest0 > test073 FAILED
    java.lang.IndexOutOfBoundsException at RegressionTest0.java:1307

RegressionTest0 > test074 FAILED
    java.lang.IndexOutOfBoundsException at RegressionTest0.java:1328

RegressionTest0 > test075 FAILED
    java.lang.IndexOutOfBoundsException at RegressionTest0.java:1344

RegressionTest0 > test076 FAILED
    java.lang.IndexOutOfBoundsException at RegressionTest0.java:1363

RegressionTest0 > test079 FAILED
    java.lang.IndexOutOfBoundsException at RegressionTest0.java:1399

RegressionTest0 > test080 FAILED
    java.lang.IndexOutOfBoundsException at RegressionTest0.java:1416

RegressionTest0 > test081 FAILED
    java.lang.IndexOutOfBoundsException at RegressionTest0.java:1431

RegressionTest0 > test082 FAILED
    java.lang.IndexOutOfBoundsException at RegressionTest0.java:1452

RegressionTest0 > test083 FAILED
    java.lang.IndexOutOfBoundsException at RegressionTest0.java:1466

RegressionTest0 > test084 FAILED
    java.lang.IndexOutOfBoundsException at RegressionTest0.java:1489

RegressionTest0 > test085 FAILED
    java.lang.IndexOutOfBoundsException at RegressionTest0.java:1506

RegressionTest0 > test088 FAILED
    java.lang.IndexOutOfBoundsException at RegressionTest0.java:1547

RegressionTest0 > test089 FAILED
    java.lang.IndexOutOfBoundsException at RegressionTest0.java:1563

RegressionTest0 > test091 FAILED
    java.lang.IndexOutOfBoundsException at RegressionTest0.java:1607

RegressionTest0 > test092 FAILED
    java.lang.IndexOutOfBoundsException at RegressionTest0.java:1621

RegressionTest0 > test094 FAILED
    java.lang.IndexOutOfBoundsException at RegressionTest0.java:1651

RegressionTest0 > test096 FAILED
    java.lang.IndexOutOfBoundsException at RegressionTest0.java:1688

RegressionTest0 > test100 FAILED
    java.lang.IndexOutOfBoundsException at RegressionTest0.java:1738

RegressionTest0 > test101 FAILED
    java.lang.IndexOutOfBoundsException at RegressionTest0.java:1761

RegressionTest0 > test103 FAILED
    java.lang.IndexOutOfBoundsException at RegressionTest0.java:1804

RegressionTest0 > test105 FAILED
    java.lang.IndexOutOfBoundsException at RegressionTest0.java:1847

RegressionTest0 > test106 FAILED
    java.lang.IndexOutOfBoundsException at RegressionTest0.java:1874

RegressionTest0 > test107 FAILED
    java.lang.IndexOutOfBoundsException at RegressionTest0.java:1893

RegressionTest0 > test108 FAILED
    java.lang.IndexOutOfBoundsException at RegressionTest0.java:1912

RegressionTest0 > test109 FAILED
    java.lang.IndexOutOfBoundsException at RegressionTest0.java:1930

RegressionTest0 > test110 FAILED
    java.lang.IndexOutOfBoundsException at RegressionTest0.java:1948

RegressionTest0 > test111 FAILED
    java.lang.IndexOutOfBoundsException at RegressionTest0.java:1966

RegressionTest0 > test113 FAILED
    java.lang.IndexOutOfBoundsException at RegressionTest0.java:2009

RegressionTest0 > test114 FAILED
    java.lang.IndexOutOfBoundsException at RegressionTest0.java:2028

RegressionTest0 > test115 FAILED
    java.lang.IndexOutOfBoundsException at RegressionTest0.java:2053

RegressionTest0 > test116 FAILED
    java.lang.IndexOutOfBoundsException at RegressionTest0.java:2074

RegressionTest0 > test117 FAILED
    java.lang.IndexOutOfBoundsException at RegressionTest0.java:2092

testers.MapTester0 > test005 FAILED
    java.lang.IndexOutOfBoundsException at MapTester0.java:79

testers.MapTester0 > test019 FAILED
    java.lang.IndexOutOfBoundsException at MapTester0.java:269

testers.MapTester0 > test020 FAILED
    java.lang.IndexOutOfBoundsException at MapTester0.java:279

testers.MapTester0 > test024 FAILED
    java.lang.IndexOutOfBoundsException at MapTester0.java:343

testers.MapTester0 > test025 FAILED
    java.lang.IndexOutOfBoundsException at MapTester0.java:356

testers.MapTester0 > test026 FAILED
    java.lang.IndexOutOfBoundsException at MapTester0.java:367

testers.MapTester0 > test028 FAILED
    java.lang.IndexOutOfBoundsException at MapTester0.java:392

testers.MapTester0 > test030 FAILED
    java.lang.IndexOutOfBoundsException at MapTester0.java:428

testers.MapTester0 > test035 FAILED
    java.lang.IndexOutOfBoundsException at MapTester0.java:513

testers.MapTester0 > test036 FAILED
    java.lang.IndexOutOfBoundsException at MapTester0.java:528

testers.MapTester0 > test037 FAILED
    java.lang.IndexOutOfBoundsException at MapTester0.java:547

testers.MapTester0 > test038 FAILED
    java.lang.IndexOutOfBoundsException at MapTester0.java:558

testers.MapTester0 > test039 FAILED
    java.lang.IndexOutOfBoundsException at MapTester0.java:576

testers.MapTester0 > test040 FAILED
    java.lang.IndexOutOfBoundsException at MapTester0.java:587

testers.MapTester0 > test042 FAILED
    java.lang.IndexOutOfBoundsException at MapTester0.java:606

testers.MapTester0 > test043 FAILED
    java.lang.IndexOutOfBoundsException at MapTester0.java:617

testers.MapTester0 > test044 FAILED
    java.lang.IndexOutOfBoundsException at MapTester0.java:636

testers.MapTester0 > test045 FAILED
    java.lang.IndexOutOfBoundsException at MapTester0.java:648

testers.MapTester0 > test048 FAILED
    java.lang.IndexOutOfBoundsException at MapTester0.java:696

testers.MapTester0 > test049 FAILED
    java.lang.IndexOutOfBoundsException at MapTester0.java:714

testers.MapTester0 > test050 FAILED
    java.lang.IndexOutOfBoundsException at MapTester0.java:731

testers.MapTester0 > test052 FAILED
    java.lang.IndexOutOfBoundsException at MapTester0.java:760

testers.MapTester0 > test054 FAILED
    java.lang.IndexOutOfBoundsException at MapTester0.java:780

testers.MapTester0 > test055 FAILED
    java.lang.IndexOutOfBoundsException at MapTester0.java:799

testers.MapTester0 > test056 FAILED
    java.lang.IndexOutOfBoundsException at MapTester0.java:818

testers.MapTester0 > test057 FAILED
    java.lang.IndexOutOfBoundsException at MapTester0.java:837

testers.MapTester0 > test058 FAILED
    java.lang.IndexOutOfBoundsException at MapTester0.java:849

testers.MapTester0 > test059 FAILED
    java.lang.IndexOutOfBoundsException at MapTester0.java:862

testers.MapTester0 > test060 FAILED
    java.lang.IndexOutOfBoundsException at MapTester0.java:882

testers.MapTester0 > test061 FAILED
    java.lang.IndexOutOfBoundsException at MapTester0.java:898

testers.MapTester0 > test063 FAILED
    java.lang.IndexOutOfBoundsException at MapTester0.java:921

testers.MapTester0 > test064 FAILED
    java.lang.IndexOutOfBoundsException at MapTester0.java:939

testers.MapTester0 > test067 FAILED
    java.lang.IndexOutOfBoundsException at MapTester0.java:987

testers.MapTester0 > test068 FAILED
    java.lang.IndexOutOfBoundsException at MapTester0.java:1009

testers.MapTester0 > test072 FAILED
    java.lang.IndexOutOfBoundsException at MapTester0.java:1047

testers.MapTester0 > test074 FAILED
    java.lang.IndexOutOfBoundsException at MapTester0.java:1083

testers.MapTester0 > test076 FAILED
    java.lang.IndexOutOfBoundsException at MapTester0.java:1115

testers.MapTester0 > test077 FAILED
    java.lang.IndexOutOfBoundsException at MapTester0.java:1136

testers.MapTester0 > test078 FAILED
    java.lang.IndexOutOfBoundsException at MapTester0.java:1149

testers.MapTester0 > test079 FAILED
    java.lang.IndexOutOfBoundsException at MapTester0.java:1166

testers.MapTester0 > test081 FAILED
    java.lang.IndexOutOfBoundsException at MapTester0.java:1196

testers.MapTester0 > test082 FAILED
    java.lang.IndexOutOfBoundsException at MapTester0.java:1211

testers.MapTester0 > test083 FAILED
    java.lang.IndexOutOfBoundsException at MapTester0.java:1229

testers.MapTester0 > test084 FAILED
    java.lang.IndexOutOfBoundsException at MapTester0.java:1242

testers.MapTester0 > test085 FAILED
    java.lang.IndexOutOfBoundsException at MapTester0.java:1255

testers.MapTester0 > test087 FAILED
    java.lang.IndexOutOfBoundsException at MapTester0.java:1274

testers.MapTester0 > test089 FAILED
    java.lang.IndexOutOfBoundsException at MapTester0.java:1302

testers.MapTester0 > test091 FAILED
    java.lang.IndexOutOfBoundsException at MapTester0.java:1333

testers.MapTester0 > test092 FAILED
    java.lang.IndexOutOfBoundsException at MapTester0.java:1347

testers.MapTester0 > test094 FAILED
    java.lang.IndexOutOfBoundsException at MapTester0.java:1376

testers.MapTester0 > test095 FAILED
    java.lang.IndexOutOfBoundsException at MapTester0.java:1398

testers.MapTester0 > test096 FAILED
    java.lang.IndexOutOfBoundsException at MapTester0.java:1409

testers.MapTester0 > test101 FAILED
    java.lang.IndexOutOfBoundsException at MapTester0.java:1490

testers.MapTester0 > test102 FAILED
    java.lang.IndexOutOfBoundsException at MapTester0.java:1508

testers.MapTester0 > test105 FAILED
    java.lang.IndexOutOfBoundsException at MapTester0.java:1556

testers.MapTester0 > test107 FAILED
    java.lang.IndexOutOfBoundsException at MapTester0.java:1589

testers.MapTester0 > test108 FAILED
    java.lang.IndexOutOfBoundsException at MapTester0.java:1601

testers.MapTester0 > test109 FAILED
    java.lang.IndexOutOfBoundsException at MapTester0.java:1613

testers.MapTester0 > test110 FAILED
    java.lang.IndexOutOfBoundsException at MapTester0.java:1627

testers.MapTester0 > test114 FAILED
    java.lang.IndexOutOfBoundsException at MapTester0.java:1660

testers.MapTester0 > test115 FAILED
    java.lang.IndexOutOfBoundsException at MapTester0.java:1676

testers.MapTester0 > test116 FAILED
    java.lang.IndexOutOfBoundsException at MapTester0.java:1695

testers.MapTester0 > test117 FAILED
    java.lang.IndexOutOfBoundsException at MapTester0.java:1713

testers.MapTester0 > test118 FAILED
    java.lang.IndexOutOfBoundsException at MapTester0.java:1724

testers.MapTester0 > test120 FAILED
    java.lang.IndexOutOfBoundsException at MapTester0.java:1745

testers.MapTester0 > test123 FAILED
    java.lang.IndexOutOfBoundsException at MapTester0.java:1787

testers.MapTester0 > test124 FAILED
    java.lang.IndexOutOfBoundsException at MapTester0.java:1798

testers.MapTester0 > test125 FAILED
    java.lang.IndexOutOfBoundsException at MapTester0.java:1818

testers.MapTester0 > test126 FAILED
    java.lang.IndexOutOfBoundsException at MapTester0.java:1832

testers.MapTester0 > test127 FAILED
    java.lang.IndexOutOfBoundsException at MapTester0.java:1844

testers.MapTester0 > test129 FAILED
    java.lang.IndexOutOfBoundsException at MapTester0.java:1879

testers.MapTester0 > test130 FAILED
    java.lang.IndexOutOfBoundsException at MapTester0.java:1897

testers.MapTester0 > test131 FAILED
    java.lang.IndexOutOfBoundsException at MapTester0.java:1912

testers.MapTester0 > test132 FAILED
    java.lang.IndexOutOfBoundsException at MapTester0.java:1923

testers.MapTester0 > test134 FAILED
    java.lang.IndexOutOfBoundsException at MapTester0.java:1954

testers.MapTester0 > test136 FAILED
    java.lang.IndexOutOfBoundsException at MapTester0.java:1975

testers.MapTester0 > test137 FAILED
    java.lang.IndexOutOfBoundsException at MapTester0.java:1988

testers.MapTester0 > test139 FAILED
    java.lang.IndexOutOfBoundsException at MapTester0.java:2027

testers.MapTester0 > test146 FAILED
    java.lang.IndexOutOfBoundsException at MapTester0.java:2124

testers.MapTester0 > test147 FAILED
    java.lang.IndexOutOfBoundsException at MapTester0.java:2140

testers.MapTester0 > test148 FAILED
    java.lang.IndexOutOfBoundsException at MapTester0.java:2154

testers.MapTester0 > test149 FAILED
    java.lang.IndexOutOfBoundsException at MapTester0.java:2164

testers.MapTester0 > test151 FAILED
    java.lang.IndexOutOfBoundsException at MapTester0.java:2191

testers.MapTester0 > test153 FAILED
    java.lang.IndexOutOfBoundsException at MapTester0.java:2214

testers.MapTester0 > test154 FAILED
    java.lang.IndexOutOfBoundsException at MapTester0.java:2229

testers.MapTester0 > test156 FAILED
    java.lang.IndexOutOfBoundsException at MapTester0.java:2247

testers.MapTester0 > test157 FAILED
    java.lang.IndexOutOfBoundsException at MapTester0.java:2260

testers.MapTester0 > test158 FAILED
    java.lang.IndexOutOfBoundsException at MapTester0.java:2275

testers.MapTester0 > test159 FAILED
    java.lang.IndexOutOfBoundsException at MapTester0.java:2290

testers.MapTester0 > test160 FAILED
    java.lang.IndexOutOfBoundsException at MapTester0.java:2309

testers.MapTester0 > test162 FAILED
    java.lang.IndexOutOfBoundsException at MapTester0.java:2343

testers.MapTester0 > test164 FAILED
    java.lang.IndexOutOfBoundsException at MapTester0.java:2378

testers.MapTester0 > test165 FAILED
    java.lang.IndexOutOfBoundsException at MapTester0.java:2394

testers.MapTester0 > test166 FAILED
    java.lang.IndexOutOfBoundsException at MapTester0.java:2407

testers.MapTester0 > test168 FAILED
    java.lang.IndexOutOfBoundsException at MapTester0.java:2426

testers.MapTester0 > test170 FAILED
    java.lang.IndexOutOfBoundsException at MapTester0.java:2460

testers.MapTester0 > test171 FAILED
    java.lang.IndexOutOfBoundsException at MapTester0.java:2473

testers.MapTester0 > test172 FAILED
    java.lang.IndexOutOfBoundsException at MapTester0.java:2486

testers.MapTester0 > test173 FAILED
    java.lang.IndexOutOfBoundsException at MapTester0.java:2499

testers.MapTester0 > test174 FAILED
    java.lang.IndexOutOfBoundsException at MapTester0.java:2512

testers.MapTester0 > test175 FAILED
    java.lang.IndexOutOfBoundsException at MapTester0.java:2524

testers.MapTester0 > test178 FAILED
    java.lang.IndexOutOfBoundsException at MapTester0.java:2576

testers.MapTester0 > test179 FAILED
    java.lang.IndexOutOfBoundsException at MapTester0.java:2590

testers.MapTester0 > test180 FAILED
    java.lang.IndexOutOfBoundsException at MapTester0.java:2604

testers.MapTester0 > test181 FAILED
    java.lang.IndexOutOfBoundsException at MapTester0.java:2616

testers.MapTester0 > test182 FAILED
    java.lang.IndexOutOfBoundsException at MapTester0.java:2629

testers.MapTester0 > test183 FAILED
    java.lang.IndexOutOfBoundsException at MapTester0.java:2643

testers.MapTester0 > test185 FAILED
    java.lang.IndexOutOfBoundsException at MapTester0.java:2676

testers.MapTester0 > test187 FAILED
    java.lang.IndexOutOfBoundsException at MapTester0.java:2712

testers.MapTester0 > test188 FAILED
    java.lang.IndexOutOfBoundsException at MapTester0.java:2724

testers.MapTester0 > test190 FAILED
    java.lang.IndexOutOfBoundsException at MapTester0.java:2752

testers.MapTester0 > test191 FAILED
    java.lang.IndexOutOfBoundsException at MapTester0.java:2765

testers.MapTester0 > test192 FAILED
    java.lang.IndexOutOfBoundsException at MapTester0.java:2782

testers.MapTester0 > test193 FAILED
    java.lang.IndexOutOfBoundsException at MapTester0.java:2801

testers.MapTester0 > test194 FAILED
    java.lang.IndexOutOfBoundsException at MapTester0.java:2820

testers.MapTester0 > test195 FAILED
    java.lang.IndexOutOfBoundsException at MapTester0.java:2841

testers.MapTester0 > test196 FAILED
    java.lang.IndexOutOfBoundsException at MapTester0.java:2855

testers.MapTester0 > test197 FAILED
    java.lang.IndexOutOfBoundsException at MapTester0.java:2866

testers.MapTester0 > test198 FAILED
    java.lang.IndexOutOfBoundsException at MapTester0.java:2882

testers.MapTester0 > test199 FAILED
    java.lang.IndexOutOfBoundsException at MapTester0.java:2894

testers.MapTester0 > test200 FAILED
    java.lang.IndexOutOfBoundsException at MapTester0.java:2911

testers.MapTester0 > test201 FAILED
    java.lang.IndexOutOfBoundsException at MapTester0.java:2927

testers.MapTester0 > test202 FAILED
    java.lang.IndexOutOfBoundsException at MapTester0.java:2941

testers.MapTester0 > test203 FAILED
    java.lang.IndexOutOfBoundsException at MapTester0.java:2960

testers.MapTester0 > test204 FAILED
    java.lang.IndexOutOfBoundsException at MapTester0.java:2982

testers.MapTester0 > test205 FAILED
    java.lang.IndexOutOfBoundsException at MapTester0.java:2992

testers.MapTester0 > test206 FAILED
    java.lang.IndexOutOfBoundsException at MapTester0.java:3005

testers.MapTester0 > test207 FAILED
    java.lang.IndexOutOfBoundsException at MapTester0.java:3017

testers.MapTester0 > test208 FAILED
    java.lang.IndexOutOfBoundsException at MapTester0.java:3032

testers.MapTester0 > test209 FAILED
    java.lang.IndexOutOfBoundsException at MapTester0.java:3045

testers.MapTester0 > test210 FAILED
    java.lang.IndexOutOfBoundsException at MapTester0.java:3057

testers.MapTester0 > test211 FAILED
    java.lang.IndexOutOfBoundsException at MapTester0.java:3070

testers.MapTester0 > test212 FAILED
    java.lang.IndexOutOfBoundsException at MapTester0.java:3082

testers.MapTester0 > test213 FAILED
    java.lang.IndexOutOfBoundsException at MapTester0.java:3093

testers.MapTester0 > test214 FAILED
    java.lang.IndexOutOfBoundsException at MapTester0.java:3107

testers.MapTester0 > test215 FAILED
    java.lang.IndexOutOfBoundsException at MapTester0.java:3119

testers.MapTester0 > test216 FAILED
    java.lang.IndexOutOfBoundsException at MapTester0.java:3132

testers.MapTester0 > test217 FAILED
    java.lang.IndexOutOfBoundsException at MapTester0.java:3147

testers.MapTester0 > test218 FAILED
    java.lang.IndexOutOfBoundsException at MapTester0.java:3162

testers.MapTester0 > test219 FAILED
    java.lang.IndexOutOfBoundsException at MapTester0.java:3175

testers.MapTester0 > test220 FAILED
    java.lang.IndexOutOfBoundsException at MapTester0.java:3194

testers.MapTester0 > test221 FAILED
    java.lang.IndexOutOfBoundsException at MapTester0.java:3211

testers.MapTester0 > test222 FAILED
    java.lang.IndexOutOfBoundsException at MapTester0.java:3226

testers.MapTester0 > test223 FAILED
    java.lang.IndexOutOfBoundsException at MapTester0.java:3237

testers.MapTester0 > test225 FAILED
    java.lang.IndexOutOfBoundsException at MapTester0.java:3258

testers.MapTester0 > test226 FAILED
    java.lang.IndexOutOfBoundsException at MapTester0.java:3271

testers.MapTester0 > test227 FAILED
    java.lang.IndexOutOfBoundsException at MapTester0.java:3286

testers.MapTester0 > test228 FAILED
    java.lang.IndexOutOfBoundsException at MapTester0.java:3299

testers.MapTester0 > test231 FAILED
    java.lang.IndexOutOfBoundsException at MapTester0.java:3344

testers.MapTester0 > test233 FAILED
    java.lang.IndexOutOfBoundsException at MapTester0.java:3372

testers.MapTester0 > test234 FAILED
    java.lang.IndexOutOfBoundsException at MapTester0.java:3392

testers.MapTester0 > test236 FAILED
    java.lang.IndexOutOfBoundsException at MapTester0.java:3414

testers.MapTester0 > test237 FAILED
    java.lang.IndexOutOfBoundsException at MapTester0.java:3426

testers.MapTester0 > test238 FAILED
    java.lang.IndexOutOfBoundsException at MapTester0.java:3439

testers.MapTester0 > test239 FAILED
    java.lang.IndexOutOfBoundsException at MapTester0.java:3452

testers.MapTester0 > test240 FAILED
    java.lang.IndexOutOfBoundsException at MapTester0.java:3470

testers.MapTester0 > test242 FAILED
    java.lang.IndexOutOfBoundsException at MapTester0.java:3498

testers.MapTester0 > test243 FAILED
    java.lang.IndexOutOfBoundsException at MapTester0.java:3517

testers.MapTester0 > test245 FAILED
    java.lang.IndexOutOfBoundsException at MapTester0.java:3543

testers.MapTester0 > test246 FAILED
    java.lang.IndexOutOfBoundsException at MapTester0.java:3562

testers.MapTester0 > test247 FAILED
    java.lang.IndexOutOfBoundsException at MapTester0.java:3573

testers.MapTester0 > test248 FAILED
    java.lang.IndexOutOfBoundsException at MapTester0.java:3588

testers.MapTester0 > test249 FAILED
    java.lang.IndexOutOfBoundsException at MapTester0.java:3613

testers.MapTester0 > test250 FAILED
    java.lang.IndexOutOfBoundsException at MapTester0.java:3629

testers.MapTester0 > test251 FAILED
    java.lang.IndexOutOfBoundsException at MapTester0.java:3638

testers.MapTester0 > test252 FAILED
    java.lang.IndexOutOfBoundsException at MapTester0.java:3652

testers.MapTester0 > test255 FAILED
    java.lang.IndexOutOfBoundsException at MapTester0.java:3689

testers.MapTester0 > test256 FAILED
    java.lang.IndexOutOfBoundsException at MapTester0.java:3706

testers.MapTester0 > test257 FAILED
    java.lang.IndexOutOfBoundsException at MapTester0.java:3721

testers.MapTester0 > test258 FAILED
    java.lang.IndexOutOfBoundsException at MapTester0.java:3739

testers.MapTester0 > test260 FAILED
    java.lang.IndexOutOfBoundsException at MapTester0.java:3761

testers.MapTester0 > test261 FAILED
    java.lang.IndexOutOfBoundsException at MapTester0.java:3773

testers.MapTester0 > test262 FAILED
    java.lang.IndexOutOfBoundsException at MapTester0.java:3784

testers.MapTester0 > test263 FAILED
    java.lang.IndexOutOfBoundsException at MapTester0.java:3797

testers.MapTester0 > test264 FAILED
    java.lang.IndexOutOfBoundsException at MapTester0.java:3810

testers.MapTester0 > test265 FAILED
    java.lang.IndexOutOfBoundsException at MapTester0.java:3823

testers.MapTester0 > test266 FAILED
    java.lang.IndexOutOfBoundsException at MapTester0.java:3844

testers.MapTester0 > test267 FAILED
    java.lang.IndexOutOfBoundsException at MapTester0.java:3855

testers.MapTester0 > test268 FAILED
    java.lang.IndexOutOfBoundsException at MapTester0.java:3873

testers.MapTester0 > test270 FAILED
    java.lang.IndexOutOfBoundsException at MapTester0.java:3893

testers.MapTester0 > test271 FAILED
    java.lang.IndexOutOfBoundsException at MapTester0.java:3908

testers.MapTester0 > test272 FAILED
    java.lang.IndexOutOfBoundsException at MapTester0.java:3922

testers.MapTester0 > test273 FAILED
    java.lang.IndexOutOfBoundsException at MapTester0.java:3935

testers.MapTester0 > test274 FAILED
    java.lang.IndexOutOfBoundsException at MapTester0.java:3953

testers.MapTester0 > test275 FAILED
    java.lang.IndexOutOfBoundsException at MapTester0.java:3967

testers.MapTester0 > test276 FAILED
    java.lang.IndexOutOfBoundsException at MapTester0.java:3981

testers.MapTester0 > test277 FAILED
    java.lang.IndexOutOfBoundsException at MapTester0.java:4002

testers.MapTester0 > test279 FAILED
    java.lang.IndexOutOfBoundsException at MapTester0.java:4023

testers.MapTester0 > test280 FAILED
    java.lang.IndexOutOfBoundsException at MapTester0.java:4037

testers.MapTester0 > test281 FAILED
    java.lang.IndexOutOfBoundsException at MapTester0.java:4050

testers.MapTester0 > test282 FAILED
    java.lang.IndexOutOfBoundsException at MapTester0.java:4071

testers.MapTester0 > test283 FAILED
    java.lang.IndexOutOfBoundsException at MapTester0.java:4084

testers.MapTester0 > test284 FAILED
    java.lang.IndexOutOfBoundsException at MapTester0.java:4099

testers.MapTester0 > test286 FAILED
    java.lang.IndexOutOfBoundsException at MapTester0.java:4128

testers.MapTester0 > test287 FAILED
    java.lang.IndexOutOfBoundsException at MapTester0.java:4141

testers.MapTester0 > test288 FAILED
    java.lang.IndexOutOfBoundsException at MapTester0.java:4157

testers.MapTester0 > test289 FAILED
    java.lang.IndexOutOfBoundsException at MapTester0.java:4169

testers.MapTester0 > test290 FAILED
    java.lang.IndexOutOfBoundsException at MapTester0.java:4184

testers.MapTester0 > test291 FAILED
    java.lang.IndexOutOfBoundsException at MapTester0.java:4196

testers.MapTester0 > test292 FAILED
    java.lang.IndexOutOfBoundsException at MapTester0.java:4214

testers.MapTester0 > test294 FAILED
    java.lang.IndexOutOfBoundsException at MapTester0.java:4237

testers.MapTester0 > test296 FAILED
    java.lang.IndexOutOfBoundsException at MapTester0.java:4260

testers.MapTester0 > test297 FAILED
    java.lang.IndexOutOfBoundsException at MapTester0.java:4275

testers.MapTester0 > test298 FAILED
    java.lang.IndexOutOfBoundsException at MapTester0.java:4288

testers.MapTester0 > test301 FAILED
    java.lang.IndexOutOfBoundsException at MapTester0.java:4320

testers.MapTester0 > test302 FAILED
    java.lang.IndexOutOfBoundsException at MapTester0.java:4333

testers.MapTester0 > test303 FAILED
    java.lang.IndexOutOfBoundsException at MapTester0.java:4343

testers.MapTester0 > test304 FAILED
    java.lang.IndexOutOfBoundsException at MapTester0.java:4354

testers.MapTester0 > test305 FAILED
    java.lang.IndexOutOfBoundsException at MapTester0.java:4366

testers.MapTester0 > test306 FAILED
    java.lang.IndexOutOfBoundsException at MapTester0.java:4379

testers.MapTester0 > test307 FAILED
    java.lang.IndexOutOfBoundsException at MapTester0.java:4394
Results: FAILURE (556 tests, 198 successes, 358 failures, 0 skipped)
:test FAILED
4 actionable tasks: 4 executed
