:clean

BUILD SUCCESSFUL in 2s
1 actionable task: 1 executed
:compileJava
:processResources NO-SOURCE
:classes
:compileTestJava
:processTestResources NO-SOURCE
:testClasses
:jar
:assemble
:test

examples.RingBuffer_ESTest STANDARD_OUT
    14:24:54.690 [Test worker] INFO  o.e.r.instrumentation.EvoClassLoader - Seeing class for first time: examples.RingBuffer_ESTest
    14:24:54.696 [Test worker] INFO  o.e.r.instrumentation.EvoClassLoader - Instrumenting class 'examples.RingBuffer_ESTest'.
    14:24:54.732 [Test worker] INFO  o.e.r.instrumentation.EvoClassLoader - Seeing class for first time: examples.RingBuffer_ESTest_scaffolding
    14:24:54.732 [Test worker] INFO  o.e.r.instrumentation.EvoClassLoader - Instrumenting class 'examples.RingBuffer_ESTest_scaffolding'.
    14:24:54.735 [Test worker] INFO  o.e.r.instrumentation.EvoClassLoader - Keeping class: examples.RingBuffer_ESTest_scaffolding
    14:24:54.736 [Test worker] INFO  o.e.r.instrumentation.EvoClassLoader - Keeping class: examples.RingBuffer_ESTest
    14:24:55.141 [Test worker] DEBUG o.e.runtime.sandbox.MSecurityManager - Adding privileged thread: "Reference Handler"
    14:24:55.141 [Test worker] DEBUG o.e.runtime.sandbox.MSecurityManager - Adding privileged thread: "Finalizer"
    14:24:55.141 [Test worker] DEBUG o.e.runtime.sandbox.MSecurityManager - Adding privileged thread: "Signal Dispatcher"
    14:24:55.142 [Test worker] DEBUG o.e.runtime.sandbox.MSecurityManager - Adding privileged thread: "Attach Listener"
    14:24:55.142 [Test worker] DEBUG o.e.runtime.sandbox.MSecurityManager - Adding privileged thread: "Java2D Disposer"
    14:24:55.142 [Test worker] DEBUG o.e.runtime.sandbox.MSecurityManager - Adding privileged thread: "AWT-Shutdown"
    14:24:55.142 [Test worker] DEBUG o.e.runtime.sandbox.MSecurityManager - Adding privileged thread: "AWT-Windows"
    14:24:55.142 [Test worker] DEBUG o.e.runtime.sandbox.MSecurityManager - Adding privileged thread: "main"
    14:24:55.142 [Test worker] DEBUG o.e.runtime.sandbox.MSecurityManager - Adding privileged thread: "Test worker"
    14:24:55.142 [Test worker] DEBUG o.e.runtime.sandbox.MSecurityManager - Adding privileged thread: "/127.0.0.1:62792 to /127.0.0.1:62791 workers Thread 2"
    14:24:55.142 [Test worker] DEBUG o.e.runtime.sandbox.MSecurityManager - Adding privileged thread: "/127.0.0.1:62792 to /127.0.0.1:62791 workers Thread 3"
    14:24:55.214 [Test worker] INFO  o.e.r.instrumentation.EvoClassLoader - Seeing class for first time: examples.RingBuffer
    14:24:55.215 [Test worker] INFO  o.e.r.instrumentation.EvoClassLoader - Instrumenting class 'examples.RingBuffer'.
    14:24:55.235 [Test worker] INFO  o.e.r.i.MethodCallReplacementClassAdapter - Adding mock interface to class examples/RingBuffer
    14:24:55.504 [Test worker] INFO  o.e.r.i.CreateClassResetClassAdapter - Creating brand-new static initializer in class examples/RingBuffer
    14:24:55.505 [Test worker] INFO  o.e.r.instrumentation.EvoClassLoader - Keeping class: examples.RingBuffer

examples.RingBuffer_ESTest > test08 FAILED
    org.evosuite.runtime.mock.java.lang.MockIllegalArgumentException

examples.RingBuffer_ESTest > test18 FAILED
    org.evosuite.runtime.mock.java.lang.MockIllegalArgumentException at RingBuffer_ESTest.java:220

examples.RingBuffer_ESTest > test04 FAILED
    org.evosuite.runtime.mock.java.lang.MockIllegalArgumentException at RingBuffer_ESTest.java:63

examples.RingBuffer_ESTest > test11 STANDARD_OUT
    14:24:55.616 [Test worker] INFO  o.e.runtime.thread.ThreadStopper - Found new thread

examples.RingBuffer_ESTest > test11 FAILED
    org.evosuite.runtime.mock.java.lang.MockIllegalArgumentException at RingBuffer_ESTest.java:142

examples.RingBuffer_ESTest > test01 FAILED
    org.evosuite.runtime.mock.java.lang.MockIllegalArgumentException

examples.RingBuffer_ESTest > test10 FAILED
    org.evosuite.runtime.mock.java.lang.MockIllegalArgumentException at RingBuffer_ESTest.java:124

RegressionTest > RegressionTest0.test003 FAILED
    java.lang.IllegalArgumentException at RegressionTest0.java:36

RegressionTest > RegressionTest0.test004 FAILED
    java.lang.IllegalArgumentException at RegressionTest0.java:52

RegressionTest > RegressionTest0.test005 FAILED
    java.lang.IllegalArgumentException at RegressionTest0.java:65

RegressionTest > RegressionTest0.test006 FAILED
    java.lang.IllegalArgumentException at RegressionTest0.java:81

RegressionTest > RegressionTest0.test007 FAILED
    java.lang.IllegalArgumentException at RegressionTest0.java:97

RegressionTest > RegressionTest0.test009 FAILED
    java.lang.IllegalArgumentException at RegressionTest0.java:127

RegressionTest > RegressionTest0.test011 FAILED
    java.lang.IllegalArgumentException at RegressionTest0.java:152

RegressionTest > RegressionTest0.test012 FAILED
    java.lang.IllegalArgumentException at RegressionTest0.java:168

RegressionTest > RegressionTest0.test014 FAILED
    java.lang.IllegalArgumentException at RegressionTest0.java:195

RegressionTest > RegressionTest0.test017 FAILED
    java.lang.IllegalArgumentException at RegressionTest0.java:226

RegressionTest > RegressionTest0.test018 FAILED
    java.lang.IllegalArgumentException at RegressionTest0.java:249

RegressionTest > RegressionTest0.test019 FAILED
    java.lang.IllegalArgumentException at RegressionTest0.java:263

RegressionTest > RegressionTest0.test020 FAILED
    java.lang.IllegalArgumentException at RegressionTest0.java:278

RegressionTest > RegressionTest0.test021 FAILED
    java.lang.IllegalArgumentException at RegressionTest0.java:301

RegressionTest > RegressionTest0.test022 FAILED
    java.lang.IllegalArgumentException at RegressionTest0.java:320

RegressionTest > RegressionTest0.test023 FAILED
    java.lang.IllegalArgumentException at RegressionTest0.java:341

RegressionTest > RegressionTest0.test024 FAILED
    java.lang.IllegalArgumentException at RegressionTest0.java:361

RegressionTest > RegressionTest0.test025 FAILED
    java.lang.IllegalArgumentException at RegressionTest0.java:378

RegressionTest > RegressionTest0.test027 FAILED
    java.lang.IllegalArgumentException at RegressionTest0.java:401

RegressionTest > RegressionTest0.test029 FAILED
    java.lang.IllegalArgumentException at RegressionTest0.java:432

RegressionTest > RegressionTest0.test030 FAILED
    java.lang.IllegalArgumentException at RegressionTest0.java:439

RegressionTest > RegressionTest0.test031 FAILED
    java.lang.IllegalArgumentException at RegressionTest0.java:456

RegressionTest > RegressionTest0.test033 FAILED
    java.lang.IllegalArgumentException at RegressionTest0.java:476

RegressionTest > RegressionTest0.test035 FAILED
    java.lang.IllegalArgumentException at RegressionTest0.java:508

RegressionTest > RegressionTest0.test036 FAILED
    java.lang.IllegalArgumentException at RegressionTest0.java:524

RegressionTest > RegressionTest0.test037 FAILED
    java.lang.IllegalArgumentException at RegressionTest0.java:542

RegressionTest > RegressionTest0.test038 FAILED
    java.lang.IllegalArgumentException at RegressionTest0.java:561

RegressionTest > RegressionTest0.test039 FAILED
    java.lang.IllegalArgumentException at RegressionTest0.java:575

RegressionTest > RegressionTest0.test040 FAILED
    java.lang.IllegalArgumentException at RegressionTest0.java:588

RegressionTest > RegressionTest0.test042 FAILED
    java.lang.IllegalArgumentException at RegressionTest0.java:626

RegressionTest > RegressionTest0.test043 FAILED
    java.lang.IllegalArgumentException at RegressionTest0.java:635

RegressionTest > RegressionTest0.test044 FAILED
    java.lang.IllegalArgumentException at RegressionTest0.java:650

RegressionTest > RegressionTest0.test045 FAILED
    java.lang.IllegalArgumentException at RegressionTest0.java:667

RegressionTest > RegressionTest0.test047 FAILED
    java.lang.IllegalArgumentException at RegressionTest0.java:694

RegressionTest > RegressionTest0.test050 FAILED
    java.lang.IllegalArgumentException at RegressionTest0.java:739

RegressionTest > RegressionTest0.test051 FAILED
    java.lang.IllegalArgumentException at RegressionTest0.java:754

RegressionTest > RegressionTest0.test053 FAILED
    java.lang.IllegalArgumentException at RegressionTest0.java:772

RegressionTest > RegressionTest0.test055 FAILED
    java.lang.IllegalArgumentException at RegressionTest0.java:794

RegressionTest > RegressionTest0.test057 FAILED
    java.lang.IllegalArgumentException at RegressionTest0.java:834

RegressionTest > RegressionTest0.test059 FAILED
    java.lang.IllegalArgumentException at RegressionTest0.java:872

RegressionTest > RegressionTest0.test060 FAILED
    java.lang.IllegalArgumentException at RegressionTest0.java:887

RegressionTest > RegressionTest0.test061 FAILED
    java.lang.IllegalArgumentException at RegressionTest0.java:902

RegressionTest > RegressionTest0.test062 FAILED
    java.lang.IllegalArgumentException at RegressionTest0.java:915

RegressionTest > RegressionTest0.test065 FAILED
    java.lang.IllegalArgumentException at RegressionTest0.java:954

RegressionTest > RegressionTest0.test066 FAILED
    java.lang.IllegalArgumentException at RegressionTest0.java:972

RegressionTest > RegressionTest0.test067 FAILED
    java.lang.IllegalArgumentException at RegressionTest0.java:991

RegressionTest > RegressionTest0.test068 FAILED
    java.lang.IllegalArgumentException at RegressionTest0.java:1015

RegressionTest > RegressionTest0.test070 FAILED
    java.lang.IllegalArgumentException at RegressionTest0.java:1050

RegressionTest > RegressionTest0.test071 FAILED
    java.lang.IllegalArgumentException at RegressionTest0.java:1064

RegressionTest > RegressionTest0.test074 FAILED
    java.lang.IllegalArgumentException at RegressionTest0.java:1100

RegressionTest > RegressionTest0.test075 FAILED
    java.lang.IllegalArgumentException at RegressionTest0.java:1115

RegressionTest > RegressionTest0.test076 FAILED
    java.lang.IllegalArgumentException at RegressionTest0.java:1137

RegressionTest > RegressionTest0.test077 FAILED
    java.lang.IllegalArgumentException at RegressionTest0.java:1153

RegressionTest > RegressionTest0.test079 FAILED
    java.lang.IllegalArgumentException at RegressionTest0.java:1183

RegressionTest > RegressionTest0.test081 FAILED
    java.lang.IllegalArgumentException at RegressionTest0.java:1216

RegressionTest > RegressionTest0.test083 FAILED
    java.lang.IllegalArgumentException at RegressionTest0.java:1262

RegressionTest > RegressionTest0.test086 FAILED
    java.lang.IllegalArgumentException at RegressionTest0.java:1291

RegressionTest > RegressionTest0.test087 FAILED
    java.lang.IllegalArgumentException at RegressionTest0.java:1311

RegressionTest > RegressionTest0.test089 FAILED
    java.lang.IllegalArgumentException at RegressionTest0.java:1342

RegressionTest > RegressionTest0.test090 FAILED
    java.lang.IllegalArgumentException at RegressionTest0.java:1363

RegressionTest > RegressionTest0.test091 FAILED
    java.lang.IllegalArgumentException at RegressionTest0.java:1380

RegressionTest > RegressionTest0.test093 FAILED
    java.lang.IllegalArgumentException at RegressionTest0.java:1407

RegressionTest > RegressionTest0.test095 FAILED
    java.lang.IllegalArgumentException at RegressionTest0.java:1438

RegressionTest > RegressionTest0.test096 FAILED
    java.lang.IllegalArgumentException at RegressionTest0.java:1456

RegressionTest > RegressionTest0.test097 FAILED
    java.lang.IllegalArgumentException at RegressionTest0.java:1471

RegressionTest > RegressionTest0.test098 FAILED
    java.lang.IllegalArgumentException at RegressionTest0.java:1492

RegressionTest > RegressionTest0.test099 FAILED
    java.lang.IllegalArgumentException at RegressionTest0.java:1509

RegressionTest > RegressionTest0.test100 FAILED
    java.lang.IllegalArgumentException at RegressionTest0.java:1530

RegressionTest > RegressionTest0.test101 FAILED
    java.lang.IllegalArgumentException at RegressionTest0.java:1550

RegressionTest > RegressionTest0.test102 FAILED
    java.lang.IllegalArgumentException at RegressionTest0.java:1568

RegressionTest > RegressionTest0.test103 FAILED
    java.lang.IllegalArgumentException at RegressionTest0.java:1594

RegressionTest > RegressionTest0.test104 FAILED
    java.lang.IllegalArgumentException at RegressionTest0.java:1609

RegressionTest > RegressionTest0.test106 FAILED
    java.lang.IllegalArgumentException at RegressionTest0.java:1639

RegressionTest > RegressionTest0.test107 FAILED
    java.lang.IllegalArgumentException at RegressionTest0.java:1663

RegressionTest > RegressionTest0.test108 FAILED
    java.lang.IllegalArgumentException at RegressionTest0.java:1680

RegressionTest > RegressionTest0.test109 FAILED
    java.lang.IllegalArgumentException at RegressionTest0.java:1698

RegressionTest > RegressionTest0.test110 FAILED
    java.lang.IllegalArgumentException at RegressionTest0.java:1712

RegressionTest > RegressionTest0.test112 FAILED
    java.lang.IllegalArgumentException at RegressionTest0.java:1745

RegressionTest > RegressionTest0.test114 FAILED
    java.lang.IllegalArgumentException at RegressionTest0.java:1767

RegressionTest > RegressionTest0.test116 FAILED
    java.lang.IllegalArgumentException at RegressionTest0.java:1788

RegressionTest > RegressionTest0.test117 FAILED
    java.lang.IllegalArgumentException at RegressionTest0.java:1799

RegressionTest > RegressionTest0.test118 FAILED
    java.lang.IllegalArgumentException at RegressionTest0.java:1815

RegressionTest > RegressionTest0.test119 FAILED
    java.lang.IllegalArgumentException at RegressionTest0.java:1832

RegressionTest > RegressionTest0.test120 FAILED
    java.lang.IllegalArgumentException at RegressionTest0.java:1848

RegressionTest > RegressionTest0.test122 FAILED
    java.lang.IllegalArgumentException at RegressionTest0.java:1879

RegressionTest > RegressionTest0.test124 FAILED
    java.lang.IllegalArgumentException at RegressionTest0.java:1900

RegressionTest0 > test003 FAILED
    java.lang.IllegalArgumentException at RegressionTest0.java:36

RegressionTest0 > test004 FAILED
    java.lang.IllegalArgumentException at RegressionTest0.java:52

RegressionTest0 > test005 FAILED
    java.lang.IllegalArgumentException at RegressionTest0.java:65

RegressionTest0 > test006 FAILED
    java.lang.IllegalArgumentException at RegressionTest0.java:81

RegressionTest0 > test007 FAILED
    java.lang.IllegalArgumentException at RegressionTest0.java:97

RegressionTest0 > test009 FAILED
    java.lang.IllegalArgumentException at RegressionTest0.java:127

RegressionTest0 > test011 FAILED
    java.lang.IllegalArgumentException at RegressionTest0.java:152

RegressionTest0 > test012 FAILED
    java.lang.IllegalArgumentException at RegressionTest0.java:168

RegressionTest0 > test014 FAILED
    java.lang.IllegalArgumentException at RegressionTest0.java:195

RegressionTest0 > test017 FAILED
    java.lang.IllegalArgumentException at RegressionTest0.java:226

RegressionTest0 > test018 FAILED
    java.lang.IllegalArgumentException at RegressionTest0.java:249

RegressionTest0 > test019 FAILED
    java.lang.IllegalArgumentException at RegressionTest0.java:263

RegressionTest0 > test020 FAILED
    java.lang.IllegalArgumentException at RegressionTest0.java:278

RegressionTest0 > test021 FAILED
    java.lang.IllegalArgumentException at RegressionTest0.java:301

RegressionTest0 > test022 FAILED
    java.lang.IllegalArgumentException at RegressionTest0.java:320

RegressionTest0 > test023 FAILED
    java.lang.IllegalArgumentException at RegressionTest0.java:341

RegressionTest0 > test024 FAILED
    java.lang.IllegalArgumentException at RegressionTest0.java:361

RegressionTest0 > test025 FAILED
    java.lang.IllegalArgumentException at RegressionTest0.java:378

RegressionTest0 > test027 FAILED
    java.lang.IllegalArgumentException at RegressionTest0.java:401

RegressionTest0 > test029 FAILED
    java.lang.IllegalArgumentException at RegressionTest0.java:432

RegressionTest0 > test030 FAILED
    java.lang.IllegalArgumentException at RegressionTest0.java:439

RegressionTest0 > test031 FAILED
    java.lang.IllegalArgumentException at RegressionTest0.java:456

RegressionTest0 > test033 FAILED
    java.lang.IllegalArgumentException at RegressionTest0.java:476

RegressionTest0 > test035 FAILED
    java.lang.IllegalArgumentException at RegressionTest0.java:508

RegressionTest0 > test036 FAILED
    java.lang.IllegalArgumentException at RegressionTest0.java:524

RegressionTest0 > test037 FAILED
    java.lang.IllegalArgumentException at RegressionTest0.java:542

RegressionTest0 > test038 FAILED
    java.lang.IllegalArgumentException at RegressionTest0.java:561

RegressionTest0 > test039 FAILED
    java.lang.IllegalArgumentException at RegressionTest0.java:575

RegressionTest0 > test040 FAILED
    java.lang.IllegalArgumentException at RegressionTest0.java:588

RegressionTest0 > test042 FAILED
    java.lang.IllegalArgumentException at RegressionTest0.java:626

RegressionTest0 > test043 FAILED
    java.lang.IllegalArgumentException at RegressionTest0.java:635

RegressionTest0 > test044 FAILED
    java.lang.IllegalArgumentException at RegressionTest0.java:650

RegressionTest0 > test045 FAILED
    java.lang.IllegalArgumentException at RegressionTest0.java:667

RegressionTest0 > test047 FAILED
    java.lang.IllegalArgumentException at RegressionTest0.java:694

RegressionTest0 > test050 FAILED
    java.lang.IllegalArgumentException at RegressionTest0.java:739

RegressionTest0 > test051 FAILED
    java.lang.IllegalArgumentException at RegressionTest0.java:754

RegressionTest0 > test053 FAILED
    java.lang.IllegalArgumentException at RegressionTest0.java:772

RegressionTest0 > test055 FAILED
    java.lang.IllegalArgumentException at RegressionTest0.java:794

RegressionTest0 > test057 FAILED
    java.lang.IllegalArgumentException at RegressionTest0.java:834

RegressionTest0 > test059 FAILED
    java.lang.IllegalArgumentException at RegressionTest0.java:872

RegressionTest0 > test060 FAILED
    java.lang.IllegalArgumentException at RegressionTest0.java:887

RegressionTest0 > test061 FAILED
    java.lang.IllegalArgumentException at RegressionTest0.java:902

RegressionTest0 > test062 FAILED
    java.lang.IllegalArgumentException at RegressionTest0.java:915

RegressionTest0 > test065 FAILED
    java.lang.IllegalArgumentException at RegressionTest0.java:954

RegressionTest0 > test066 FAILED
    java.lang.IllegalArgumentException at RegressionTest0.java:972

RegressionTest0 > test067 FAILED
    java.lang.IllegalArgumentException at RegressionTest0.java:991

RegressionTest0 > test068 FAILED
    java.lang.IllegalArgumentException at RegressionTest0.java:1015

RegressionTest0 > test070 FAILED
    java.lang.IllegalArgumentException at RegressionTest0.java:1050

RegressionTest0 > test071 FAILED
    java.lang.IllegalArgumentException at RegressionTest0.java:1064

RegressionTest0 > test074 FAILED
    java.lang.IllegalArgumentException at RegressionTest0.java:1100

RegressionTest0 > test075 FAILED
    java.lang.IllegalArgumentException at RegressionTest0.java:1115

RegressionTest0 > test076 FAILED
    java.lang.IllegalArgumentException at RegressionTest0.java:1137

RegressionTest0 > test077 FAILED
    java.lang.IllegalArgumentException at RegressionTest0.java:1153

RegressionTest0 > test079 FAILED
    java.lang.IllegalArgumentException at RegressionTest0.java:1183

RegressionTest0 > test081 FAILED
    java.lang.IllegalArgumentException at RegressionTest0.java:1216

RegressionTest0 > test083 FAILED
    java.lang.IllegalArgumentException at RegressionTest0.java:1262

RegressionTest0 > test086 FAILED
    java.lang.IllegalArgumentException at RegressionTest0.java:1291

RegressionTest0 > test087 FAILED
    java.lang.IllegalArgumentException at RegressionTest0.java:1311

RegressionTest0 > test089 FAILED
    java.lang.IllegalArgumentException at RegressionTest0.java:1342

RegressionTest0 > test090 FAILED
    java.lang.IllegalArgumentException at RegressionTest0.java:1363

RegressionTest0 > test091 FAILED
    java.lang.IllegalArgumentException at RegressionTest0.java:1380

RegressionTest0 > test093 FAILED
    java.lang.IllegalArgumentException at RegressionTest0.java:1407

RegressionTest0 > test095 FAILED
    java.lang.IllegalArgumentException at RegressionTest0.java:1438

RegressionTest0 > test096 FAILED
    java.lang.IllegalArgumentException at RegressionTest0.java:1456

RegressionTest0 > test097 FAILED
    java.lang.IllegalArgumentException at RegressionTest0.java:1471

RegressionTest0 > test098 FAILED
    java.lang.IllegalArgumentException at RegressionTest0.java:1492

RegressionTest0 > test099 FAILED
    java.lang.IllegalArgumentException at RegressionTest0.java:1509

RegressionTest0 > test100 FAILED
    java.lang.IllegalArgumentException at RegressionTest0.java:1530

RegressionTest0 > test101 FAILED
    java.lang.IllegalArgumentException at RegressionTest0.java:1550

RegressionTest0 > test102 FAILED
    java.lang.IllegalArgumentException at RegressionTest0.java:1568

RegressionTest0 > test103 FAILED
    java.lang.IllegalArgumentException at RegressionTest0.java:1594

RegressionTest0 > test104 FAILED
    java.lang.IllegalArgumentException at RegressionTest0.java:1609

RegressionTest0 > test106 FAILED
    java.lang.IllegalArgumentException at RegressionTest0.java:1639

RegressionTest0 > test107 FAILED
    java.lang.IllegalArgumentException at RegressionTest0.java:1663

RegressionTest0 > test108 FAILED
    java.lang.IllegalArgumentException at RegressionTest0.java:1680

RegressionTest0 > test109 FAILED
    java.lang.IllegalArgumentException at RegressionTest0.java:1698

RegressionTest0 > test110 FAILED
    java.lang.IllegalArgumentException at RegressionTest0.java:1712

RegressionTest0 > test112 FAILED
    java.lang.IllegalArgumentException at RegressionTest0.java:1745

RegressionTest0 > test114 FAILED
    java.lang.IllegalArgumentException at RegressionTest0.java:1767

RegressionTest0 > test116 FAILED
    java.lang.IllegalArgumentException at RegressionTest0.java:1788

RegressionTest0 > test117 FAILED
    java.lang.IllegalArgumentException at RegressionTest0.java:1799

RegressionTest0 > test118 FAILED
    java.lang.IllegalArgumentException at RegressionTest0.java:1815

RegressionTest0 > test119 FAILED
    java.lang.IllegalArgumentException at RegressionTest0.java:1832

RegressionTest0 > test120 FAILED
    java.lang.IllegalArgumentException at RegressionTest0.java:1848

RegressionTest0 > test122 FAILED
    java.lang.IllegalArgumentException at RegressionTest0.java:1879

RegressionTest0 > test124 FAILED
    java.lang.IllegalArgumentException at RegressionTest0.java:1900

testers.RingBufferTester0 > test005 FAILED
    java.lang.IllegalArgumentException at RingBufferTester0.java:65

testers.RingBufferTester0 > test061 FAILED
    java.lang.IllegalArgumentException at RingBufferTester0.java:825

testers.RingBufferTester0 > test096 FAILED
    java.lang.IllegalArgumentException at RingBufferTester0.java:1335

testers.RingBufferTester0 > test098 FAILED
    java.lang.IllegalArgumentException at RingBufferTester0.java:1356

testers.RingBufferTester0 > test117 FAILED
    java.lang.IllegalArgumentException at RingBufferTester0.java:1639

testers.RingBufferTester0 > test122 FAILED
    java.lang.IllegalArgumentException at RingBufferTester0.java:1714

testers.RingBufferTester0 > test171 FAILED
    java.lang.IllegalArgumentException at RingBufferTester0.java:2433

testers.RingBufferTester0 > test220 FAILED
    java.lang.IllegalArgumentException at RingBufferTester0.java:3119

testers.RingBufferTester0 > test254 FAILED
    java.lang.IllegalArgumentException at RingBufferTester0.java:3659

testers.RingBufferTester0 > test262 FAILED
    java.lang.IllegalArgumentException at RingBufferTester0.java:3766
Results: FAILURE (554 tests, 366 successes, 188 failures, 0 skipped)
:test FAILED
4 actionable tasks: 4 executed
