:clean

BUILD SUCCESSFUL in 0s
1 actionable task: 1 executed
:compileJava
:processResources NO-SOURCE
:classes
:compileTestJava
:processTestResources NO-SOURCE
:testClasses
:jar
:assemble
:test

examples.MaxBag_ESTest STANDARD_OUT
    15:54:23.671 [Test worker] INFO  o.e.r.instrumentation.EvoClassLoader - Seeing class for first time: examples.MaxBag_ESTest
    15:54:23.673 [Test worker] INFO  o.e.r.instrumentation.EvoClassLoader - Instrumenting class 'examples.MaxBag_ESTest'.
    15:54:23.696 [Test worker] INFO  o.e.r.instrumentation.EvoClassLoader - Seeing class for first time: examples.MaxBag_ESTest_scaffolding
    15:54:23.696 [Test worker] INFO  o.e.r.instrumentation.EvoClassLoader - Instrumenting class 'examples.MaxBag_ESTest_scaffolding'.
    15:54:23.698 [Test worker] INFO  o.e.r.instrumentation.EvoClassLoader - Keeping class: examples.MaxBag_ESTest_scaffolding
    15:54:23.698 [Test worker] INFO  o.e.r.instrumentation.EvoClassLoader - Keeping class: examples.MaxBag_ESTest
    15:54:23.974 [Test worker] DEBUG o.e.runtime.sandbox.MSecurityManager - Adding privileged thread: "Reference Handler"
    15:54:23.974 [Test worker] DEBUG o.e.runtime.sandbox.MSecurityManager - Adding privileged thread: "Finalizer"
    15:54:23.974 [Test worker] DEBUG o.e.runtime.sandbox.MSecurityManager - Adding privileged thread: "Signal Dispatcher"
    15:54:23.974 [Test worker] DEBUG o.e.runtime.sandbox.MSecurityManager - Adding privileged thread: "Attach Listener"
    15:54:23.974 [Test worker] DEBUG o.e.runtime.sandbox.MSecurityManager - Adding privileged thread: "Java2D Disposer"
    15:54:23.974 [Test worker] DEBUG o.e.runtime.sandbox.MSecurityManager - Adding privileged thread: "AWT-Shutdown"
    15:54:23.974 [Test worker] DEBUG o.e.runtime.sandbox.MSecurityManager - Adding privileged thread: "AWT-Windows"
    15:54:23.974 [Test worker] DEBUG o.e.runtime.sandbox.MSecurityManager - Adding privileged thread: "main"
    15:54:23.974 [Test worker] DEBUG o.e.runtime.sandbox.MSecurityManager - Adding privileged thread: "Test worker"
    15:54:23.974 [Test worker] DEBUG o.e.runtime.sandbox.MSecurityManager - Adding privileged thread: "/127.0.0.1:61732 to /127.0.0.1:61731 workers Thread 2"
    15:54:23.974 [Test worker] DEBUG o.e.runtime.sandbox.MSecurityManager - Adding privileged thread: "/127.0.0.1:61732 to /127.0.0.1:61731 workers Thread 3"
    15:54:24.012 [Test worker] INFO  o.e.r.instrumentation.EvoClassLoader - Seeing class for first time: examples.MaxBag
    15:54:24.012 [Test worker] INFO  o.e.r.instrumentation.EvoClassLoader - Instrumenting class 'examples.MaxBag'.
    15:54:24.025 [Test worker] INFO  o.e.r.i.MethodCallReplacementClassAdapter - Adding mock interface to class examples/MaxBag
    15:54:24.145 [Test worker] INFO  o.e.r.i.CreateClassResetClassAdapter - Creating brand-new static initializer in class examples/MaxBag
    15:54:24.146 [Test worker] INFO  o.e.r.instrumentation.EvoClassLoader - Keeping class: examples.MaxBag
    15:54:24.146 [Test worker] INFO  o.e.r.instrumentation.EvoClassLoader - Seeing class for first time: examples._Type328393
    15:54:24.146 [Test worker] INFO  o.e.r.instrumentation.EvoClassLoader - Instrumenting class 'examples._Type328393'.
    15:54:24.147 [Test worker] INFO  o.e.r.i.MethodCallReplacementClassAdapter - Adding mock interface to class examples/_Type328393
    15:54:24.148 [Test worker] INFO  o.e.r.i.CreateClassResetClassAdapter - Creating brand-new static initializer in class examples/_Type328393
    15:54:24.148 [Test worker] INFO  o.e.r.instrumentation.EvoClassLoader - Keeping class: examples._Type328393

examples.MaxBag_ESTest > test14 FAILED
    java.lang.ArithmeticException at MaxBag_ESTest.java:222

examples.MaxBag_ESTest > test08 FAILED
    java.lang.ArithmeticException at MaxBag_ESTest.java:141

RegressionTest > RegressionTest0.test04 FAILED
    java.lang.ArithmeticException at RegressionTest0.java:47

RegressionTest > RegressionTest0.test11 FAILED
    java.lang.ArrayIndexOutOfBoundsException at RegressionTest0.java:144

RegressionTest > RegressionTest0.test23 FAILED
    java.lang.ArithmeticException at RegressionTest0.java:336

RegressionTest > RegressionTest0.test25 FAILED
    java.lang.ArithmeticException at RegressionTest0.java:365

RegressionTest > RegressionTest0.test27 FAILED
    java.lang.ArithmeticException at RegressionTest0.java:394

RegressionTest > RegressionTest0.test28 FAILED
    java.lang.ArithmeticException at RegressionTest0.java:404

RegressionTest0 > test04 FAILED
    java.lang.ArithmeticException at RegressionTest0.java:47

RegressionTest0 > test11 FAILED
    java.lang.ArrayIndexOutOfBoundsException at RegressionTest0.java:144

RegressionTest0 > test23 FAILED
    java.lang.ArithmeticException at RegressionTest0.java:336

RegressionTest0 > test25 FAILED
    java.lang.ArithmeticException at RegressionTest0.java:365

RegressionTest0 > test27 FAILED
    java.lang.ArithmeticException at RegressionTest0.java:394

RegressionTest0 > test28 FAILED
    java.lang.ArithmeticException at RegressionTest0.java:404
Results: FAILURE (75 tests, 61 successes, 14 failures, 0 skipped)
:test FAILED
4 actionable tasks: 4 executed
