:clean

BUILD SUCCESSFUL in 0s
1 actionable task: 1 executed
:compileJava
:processResources NO-SOURCE
:classes
:compileTestJava
:processTestResources NO-SOURCE
:testClasses
:jar
:assemble
:test

examples.MaxBag_ESTest STANDARD_OUT
    15:49:00.880 [Test worker] INFO  o.e.r.instrumentation.EvoClassLoader - Seeing class for first time: examples.MaxBag_ESTest
    15:49:00.882 [Test worker] INFO  o.e.r.instrumentation.EvoClassLoader - Instrumenting class 'examples.MaxBag_ESTest'.
    15:49:00.904 [Test worker] INFO  o.e.r.instrumentation.EvoClassLoader - Seeing class for first time: examples.MaxBag_ESTest_scaffolding
    15:49:00.905 [Test worker] INFO  o.e.r.instrumentation.EvoClassLoader - Instrumenting class 'examples.MaxBag_ESTest_scaffolding'.
    15:49:00.907 [Test worker] INFO  o.e.r.instrumentation.EvoClassLoader - Keeping class: examples.MaxBag_ESTest_scaffolding
    15:49:00.907 [Test worker] INFO  o.e.r.instrumentation.EvoClassLoader - Keeping class: examples.MaxBag_ESTest
    15:49:01.182 [Test worker] DEBUG o.e.runtime.sandbox.MSecurityManager - Adding privileged thread: "Reference Handler"
    15:49:01.182 [Test worker] DEBUG o.e.runtime.sandbox.MSecurityManager - Adding privileged thread: "Finalizer"
    15:49:01.182 [Test worker] DEBUG o.e.runtime.sandbox.MSecurityManager - Adding privileged thread: "Signal Dispatcher"
    15:49:01.182 [Test worker] DEBUG o.e.runtime.sandbox.MSecurityManager - Adding privileged thread: "Attach Listener"
    15:49:01.182 [Test worker] DEBUG o.e.runtime.sandbox.MSecurityManager - Adding privileged thread: "Java2D Disposer"
    15:49:01.182 [Test worker] DEBUG o.e.runtime.sandbox.MSecurityManager - Adding privileged thread: "AWT-Shutdown"
    15:49:01.182 [Test worker] DEBUG o.e.runtime.sandbox.MSecurityManager - Adding privileged thread: "AWT-Windows"
    15:49:01.182 [Test worker] DEBUG o.e.runtime.sandbox.MSecurityManager - Adding privileged thread: "main"
    15:49:01.182 [Test worker] DEBUG o.e.runtime.sandbox.MSecurityManager - Adding privileged thread: "Test worker"
    15:49:01.182 [Test worker] DEBUG o.e.runtime.sandbox.MSecurityManager - Adding privileged thread: "/127.0.0.1:60970 to /127.0.0.1:60969 workers Thread 2"
    15:49:01.182 [Test worker] DEBUG o.e.runtime.sandbox.MSecurityManager - Adding privileged thread: "/127.0.0.1:60970 to /127.0.0.1:60969 workers Thread 3"
    15:49:01.219 [Test worker] INFO  o.e.r.instrumentation.EvoClassLoader - Seeing class for first time: examples.MaxBag
    15:49:01.219 [Test worker] INFO  o.e.r.instrumentation.EvoClassLoader - Instrumenting class 'examples.MaxBag'.
    15:49:01.232 [Test worker] INFO  o.e.r.i.MethodCallReplacementClassAdapter - Adding mock interface to class examples/MaxBag
    15:49:01.353 [Test worker] INFO  o.e.r.i.CreateClassResetClassAdapter - Creating brand-new static initializer in class examples/MaxBag
    15:49:01.354 [Test worker] INFO  o.e.r.instrumentation.EvoClassLoader - Keeping class: examples.MaxBag
    15:49:01.355 [Test worker] INFO  o.e.r.instrumentation.EvoClassLoader - Seeing class for first time: examples._Type328393
    15:49:01.355 [Test worker] INFO  o.e.r.instrumentation.EvoClassLoader - Instrumenting class 'examples._Type328393'.
    15:49:01.356 [Test worker] INFO  o.e.r.i.MethodCallReplacementClassAdapter - Adding mock interface to class examples/_Type328393
    15:49:01.357 [Test worker] INFO  o.e.r.i.CreateClassResetClassAdapter - Creating brand-new static initializer in class examples/_Type328393
    15:49:01.357 [Test worker] INFO  o.e.r.instrumentation.EvoClassLoader - Keeping class: examples._Type328393

examples.MaxBag_ESTest > test00 FAILED
    java.lang.NullPointerException at MaxBag_ESTest.java:26

examples.MaxBag_ESTest > test11 FAILED
    java.lang.NullPointerException at MaxBag_ESTest.java:191

examples.MaxBag_ESTest > test10 FAILED
    java.lang.NullPointerException at MaxBag_ESTest.java:173

examples.MaxBag_ESTest > test16 FAILED
    java.lang.NullPointerException at MaxBag_ESTest.java:248

examples.MaxBag_ESTest > test15 FAILED
    java.lang.NullPointerException at MaxBag_ESTest.java:234

examples.MaxBag_ESTest > test02 FAILED
    java.lang.NullPointerException at MaxBag_ESTest.java:49

examples.MaxBag_ESTest > test13 FAILED
    java.lang.NullPointerException at MaxBag_ESTest.java:213

examples.MaxBag_ESTest > test09 FAILED
    java.lang.NullPointerException at MaxBag_ESTest.java:158

RegressionTest > RegressionTest0.test09 FAILED
    java.lang.NullPointerException at RegressionTest0.java:116

RegressionTest > RegressionTest0.test11 FAILED
    java.lang.NullPointerException at RegressionTest0.java:143

RegressionTest > RegressionTest0.test16 FAILED
    java.lang.NullPointerException at RegressionTest0.java:219

RegressionTest > RegressionTest0.test17 FAILED
    java.lang.NullPointerException at RegressionTest0.java:235

RegressionTest > RegressionTest0.test18 FAILED
    java.lang.NullPointerException at RegressionTest0.java:253

RegressionTest > RegressionTest0.test19 FAILED
    java.lang.NullPointerException at RegressionTest0.java:266

RegressionTest > RegressionTest0.test23 FAILED
    java.lang.NullPointerException at RegressionTest0.java:335

RegressionTest > RegressionTest0.test25 FAILED
    java.lang.NullPointerException at RegressionTest0.java:364

RegressionTest > RegressionTest0.test27 FAILED
    java.lang.NullPointerException at RegressionTest0.java:394

RegressionTest0 > test09 FAILED
    java.lang.NullPointerException at RegressionTest0.java:116

RegressionTest0 > test11 FAILED
    java.lang.NullPointerException at RegressionTest0.java:143

RegressionTest0 > test16 FAILED
    java.lang.NullPointerException at RegressionTest0.java:219

RegressionTest0 > test17 FAILED
    java.lang.NullPointerException at RegressionTest0.java:235

RegressionTest0 > test18 FAILED
    java.lang.NullPointerException at RegressionTest0.java:253

RegressionTest0 > test19 FAILED
    java.lang.NullPointerException at RegressionTest0.java:266

RegressionTest0 > test23 FAILED
    java.lang.NullPointerException at RegressionTest0.java:335

RegressionTest0 > test25 FAILED
    java.lang.NullPointerException at RegressionTest0.java:364

RegressionTest0 > test27 FAILED
    java.lang.NullPointerException at RegressionTest0.java:394
Results: FAILURE (75 tests, 49 successes, 26 failures, 0 skipped)
:test FAILED
4 actionable tasks: 4 executed
