:clean

BUILD SUCCESSFUL in 0s
1 actionable task: 1 executed
:compileJava
:processResources NO-SOURCE
:classes
:compileTestJava
:processTestResources NO-SOURCE
:testClasses
:jar
:assemble
:test

DataStructures.QueueAr_ESTest STANDARD_OUT
    22:57:16.781 [Test worker] INFO  o.e.r.instrumentation.EvoClassLoader - Seeing class for first time: DataStructures.QueueAr_ESTest
    22:57:16.783 [Test worker] INFO  o.e.r.instrumentation.EvoClassLoader - Instrumenting class 'DataStructures.QueueAr_ESTest'.
    22:57:16.804 [Test worker] INFO  o.e.r.instrumentation.EvoClassLoader - Seeing class for first time: DataStructures.QueueAr_ESTest_scaffolding
    22:57:16.805 [Test worker] INFO  o.e.r.instrumentation.EvoClassLoader - Instrumenting class 'DataStructures.QueueAr_ESTest_scaffolding'.
    22:57:16.807 [Test worker] INFO  o.e.r.instrumentation.EvoClassLoader - Keeping class: DataStructures.QueueAr_ESTest_scaffolding
    22:57:16.807 [Test worker] INFO  o.e.r.instrumentation.EvoClassLoader - Keeping class: DataStructures.QueueAr_ESTest
    22:57:16.970 [Test worker] DEBUG o.e.runtime.sandbox.MSecurityManager - Adding privileged thread: "Reference Handler"
    22:57:16.970 [Test worker] DEBUG o.e.runtime.sandbox.MSecurityManager - Adding privileged thread: "Finalizer"
    22:57:16.970 [Test worker] DEBUG o.e.runtime.sandbox.MSecurityManager - Adding privileged thread: "Signal Dispatcher"
    22:57:16.970 [Test worker] DEBUG o.e.runtime.sandbox.MSecurityManager - Adding privileged thread: "Attach Listener"
    22:57:16.970 [Test worker] DEBUG o.e.runtime.sandbox.MSecurityManager - Adding privileged thread: "Java2D Disposer"
    22:57:16.970 [Test worker] DEBUG o.e.runtime.sandbox.MSecurityManager - Adding privileged thread: "AWT-Shutdown"
    22:57:16.970 [Test worker] DEBUG o.e.runtime.sandbox.MSecurityManager - Adding privileged thread: "AWT-Windows"
    22:57:16.970 [Test worker] DEBUG o.e.runtime.sandbox.MSecurityManager - Adding privileged thread: "main"
    22:57:16.970 [Test worker] DEBUG o.e.runtime.sandbox.MSecurityManager - Adding privileged thread: "Test worker"
    22:57:16.970 [Test worker] DEBUG o.e.runtime.sandbox.MSecurityManager - Adding privileged thread: "/127.0.0.1:59815 to /127.0.0.1:59814 workers Thread 2"
    22:57:16.970 [Test worker] DEBUG o.e.runtime.sandbox.MSecurityManager - Adding privileged thread: "/127.0.0.1:59815 to /127.0.0.1:59814 workers Thread 3"
    22:57:17.008 [Test worker] INFO  o.e.r.instrumentation.EvoClassLoader - Seeing class for first time: DataStructures.QueueAr
    22:57:17.008 [Test worker] INFO  o.e.r.instrumentation.EvoClassLoader - Instrumenting class 'DataStructures.QueueAr'.
    22:57:17.020 [Test worker] INFO  o.e.r.i.MethodCallReplacementClassAdapter - Adding mock interface to class DataStructures/QueueAr
    22:57:17.133 [Test worker] INFO  o.e.r.i.CreateClassResetClassAdapter - Creating brand-new static initializer in class DataStructures/QueueAr
    22:57:17.134 [Test worker] INFO  o.e.r.instrumentation.EvoClassLoader - Keeping class: DataStructures.QueueAr
    22:57:17.134 [Test worker] INFO  o.e.r.instrumentation.EvoClassLoader - Seeing class for first time: DataStructures.Overflow
    22:57:17.134 [Test worker] INFO  o.e.r.instrumentation.EvoClassLoader - Instrumenting class 'DataStructures.Overflow'.
    22:57:17.135 [Test worker] INFO  o.e.r.i.MethodCallReplacementClassAdapter - Adding mock interface to class DataStructures/Overflow
    22:57:17.135 [Test worker] INFO  o.e.r.i.CreateClassResetClassAdapter - Creating brand-new static initializer in class DataStructures/Overflow
    22:57:17.135 [Test worker] INFO  o.e.r.instrumentation.EvoClassLoader - Keeping class: DataStructures.Overflow

RegressionTest > RegressionTest0.test02 FAILED
    java.lang.IllegalArgumentException at RegressionTest0.java:32

RegressionTest > RegressionTest0.test03 FAILED
    java.lang.IllegalArgumentException at RegressionTest0.java:52

RegressionTest > RegressionTest0.test04 FAILED
    java.lang.IllegalArgumentException at RegressionTest0.java:68

RegressionTest > RegressionTest0.test05 FAILED
    java.lang.IllegalArgumentException at RegressionTest0.java:86

RegressionTest > RegressionTest0.test06 FAILED
    java.lang.IllegalArgumentException at RegressionTest0.java:106

RegressionTest > RegressionTest0.test07 FAILED
    java.lang.IllegalArgumentException at RegressionTest0.java:133

RegressionTest > RegressionTest0.test08 FAILED
    java.lang.IllegalArgumentException at RegressionTest0.java:146

RegressionTest > RegressionTest0.test09 FAILED
    java.lang.IllegalArgumentException at RegressionTest0.java:158

RegressionTest > RegressionTest0.test10 FAILED
    java.lang.IllegalArgumentException at RegressionTest0.java:181

RegressionTest > RegressionTest0.test12 FAILED
    java.lang.IllegalArgumentException at RegressionTest0.java:218

RegressionTest > RegressionTest0.test13 FAILED
    java.lang.IllegalArgumentException at RegressionTest0.java:248

RegressionTest > RegressionTest0.test14 FAILED
    java.lang.IllegalArgumentException at RegressionTest0.java:263

RegressionTest > RegressionTest0.test17 FAILED
    java.lang.IllegalArgumentException at RegressionTest0.java:300

RegressionTest > RegressionTest0.test18 FAILED
    java.lang.IllegalArgumentException at RegressionTest0.java:317

RegressionTest > RegressionTest0.test20 FAILED
    java.lang.IllegalArgumentException at RegressionTest0.java:338

RegressionTest > RegressionTest0.test21 FAILED
    java.lang.IllegalArgumentException at RegressionTest0.java:356

RegressionTest > RegressionTest0.test23 FAILED
    java.lang.IllegalArgumentException at RegressionTest0.java:384

RegressionTest > RegressionTest0.test25 FAILED
    java.lang.IllegalArgumentException at RegressionTest0.java:406

RegressionTest > RegressionTest0.test26 FAILED
    java.lang.IllegalArgumentException at RegressionTest0.java:424

RegressionTest > RegressionTest0.test29 FAILED
    java.lang.IllegalArgumentException at RegressionTest0.java:474

RegressionTest > RegressionTest0.test30 FAILED
    java.lang.IllegalArgumentException at RegressionTest0.java:491

RegressionTest > RegressionTest0.test32 FAILED
    java.lang.IllegalArgumentException at RegressionTest0.java:512

RegressionTest > RegressionTest0.test33 FAILED
    java.lang.IllegalArgumentException at RegressionTest0.java:529

RegressionTest > RegressionTest0.test34 FAILED
    java.lang.IllegalArgumentException at RegressionTest0.java:546

RegressionTest > RegressionTest0.test38 FAILED
    java.lang.IllegalArgumentException at RegressionTest0.java:603

RegressionTest > RegressionTest0.test40 FAILED
    java.lang.IllegalArgumentException at RegressionTest0.java:628

RegressionTest > RegressionTest0.test43 FAILED
    java.lang.IllegalArgumentException at RegressionTest0.java:668

RegressionTest > RegressionTest0.test45 FAILED
    java.lang.IllegalArgumentException at RegressionTest0.java:698

RegressionTest0 > test02 FAILED
    java.lang.IllegalArgumentException at RegressionTest0.java:32

RegressionTest0 > test03 FAILED
    java.lang.IllegalArgumentException at RegressionTest0.java:52

RegressionTest0 > test04 FAILED
    java.lang.IllegalArgumentException at RegressionTest0.java:68

RegressionTest0 > test05 FAILED
    java.lang.IllegalArgumentException at RegressionTest0.java:86

RegressionTest0 > test06 FAILED
    java.lang.IllegalArgumentException at RegressionTest0.java:106

RegressionTest0 > test07 FAILED
    java.lang.IllegalArgumentException at RegressionTest0.java:133

RegressionTest0 > test08 FAILED
    java.lang.IllegalArgumentException at RegressionTest0.java:146

RegressionTest0 > test09 FAILED
    java.lang.IllegalArgumentException at RegressionTest0.java:158

RegressionTest0 > test10 FAILED
    java.lang.IllegalArgumentException at RegressionTest0.java:181

RegressionTest0 > test12 FAILED
    java.lang.IllegalArgumentException at RegressionTest0.java:218

RegressionTest0 > test13 FAILED
    java.lang.IllegalArgumentException at RegressionTest0.java:248

RegressionTest0 > test14 FAILED
    java.lang.IllegalArgumentException at RegressionTest0.java:263

RegressionTest0 > test17 FAILED
    java.lang.IllegalArgumentException at RegressionTest0.java:300

RegressionTest0 > test18 FAILED
    java.lang.IllegalArgumentException at RegressionTest0.java:317

RegressionTest0 > test20 FAILED
    java.lang.IllegalArgumentException at RegressionTest0.java:338

RegressionTest0 > test21 FAILED
    java.lang.IllegalArgumentException at RegressionTest0.java:356

RegressionTest0 > test23 FAILED
    java.lang.IllegalArgumentException at RegressionTest0.java:384

RegressionTest0 > test25 FAILED
    java.lang.IllegalArgumentException at RegressionTest0.java:406

RegressionTest0 > test26 FAILED
    java.lang.IllegalArgumentException at RegressionTest0.java:424

RegressionTest0 > test29 FAILED
    java.lang.IllegalArgumentException at RegressionTest0.java:474

RegressionTest0 > test30 FAILED
    java.lang.IllegalArgumentException at RegressionTest0.java:491

RegressionTest0 > test32 FAILED
    java.lang.IllegalArgumentException at RegressionTest0.java:512

RegressionTest0 > test33 FAILED
    java.lang.IllegalArgumentException at RegressionTest0.java:529

RegressionTest0 > test34 FAILED
    java.lang.IllegalArgumentException at RegressionTest0.java:546

RegressionTest0 > test38 FAILED
    java.lang.IllegalArgumentException at RegressionTest0.java:603

RegressionTest0 > test40 FAILED
    java.lang.IllegalArgumentException at RegressionTest0.java:628

RegressionTest0 > test43 FAILED
    java.lang.IllegalArgumentException at RegressionTest0.java:668

RegressionTest0 > test45 FAILED
    java.lang.IllegalArgumentException at RegressionTest0.java:698

testers.QueueArTester0 > test087 FAILED
    java.lang.IllegalArgumentException at QueueArTester0.java:1143

testers.QueueArTester0 > test143 FAILED
    java.lang.IllegalArgumentException at QueueArTester0.java:1953
Results: FAILURE (343 tests, 285 successes, 58 failures, 0 skipped)
:test FAILED
4 actionable tasks: 4 executed
