:clean

BUILD SUCCESSFUL in 2s
1 actionable task: 1 executed
:compileJava
:processResources NO-SOURCE
:classes
:compileTestJava
:processTestResources NO-SOURCE
:testClasses
:jar
:assemble
:test

org.apache.commons.math3.util.MathUtilsNew_ESTest STANDARD_OUT
    03:09:05.730 [Test worker] INFO  o.e.r.instrumentation.EvoClassLoader - Seeing class for first time: org.apache.commons.math3.util.MathUtilsNew_ESTest
    03:09:05.735 [Test worker] INFO  o.e.r.instrumentation.EvoClassLoader - Instrumenting class 'org.apache.commons.math3.util.MathUtilsNew_ESTest'.
    03:09:05.797 [Test worker] INFO  o.e.r.instrumentation.EvoClassLoader - Seeing class for first time: org.apache.commons.math3.util.MathUtilsNew_ESTest_scaffolding
    03:09:05.798 [Test worker] INFO  o.e.r.instrumentation.EvoClassLoader - Instrumenting class 'org.apache.commons.math3.util.MathUtilsNew_ESTest_scaffolding'.
    03:09:05.807 [Test worker] INFO  o.e.r.instrumentation.EvoClassLoader - Keeping class: org.apache.commons.math3.util.MathUtilsNew_ESTest_scaffolding
    03:09:05.807 [Test worker] INFO  o.e.r.instrumentation.EvoClassLoader - Keeping class: org.apache.commons.math3.util.MathUtilsNew_ESTest
    03:09:06.222 [Test worker] DEBUG o.e.runtime.sandbox.MSecurityManager - Adding privileged thread: "Reference Handler"
    03:09:06.222 [Test worker] DEBUG o.e.runtime.sandbox.MSecurityManager - Adding privileged thread: "Finalizer"
    03:09:06.222 [Test worker] DEBUG o.e.runtime.sandbox.MSecurityManager - Adding privileged thread: "Signal Dispatcher"
    03:09:06.222 [Test worker] DEBUG o.e.runtime.sandbox.MSecurityManager - Adding privileged thread: "Attach Listener"
    03:09:06.222 [Test worker] DEBUG o.e.runtime.sandbox.MSecurityManager - Adding privileged thread: "Java2D Disposer"
    03:09:06.223 [Test worker] DEBUG o.e.runtime.sandbox.MSecurityManager - Adding privileged thread: "AWT-Shutdown"
    03:09:06.223 [Test worker] DEBUG o.e.runtime.sandbox.MSecurityManager - Adding privileged thread: "AWT-Windows"
    03:09:06.223 [Test worker] DEBUG o.e.runtime.sandbox.MSecurityManager - Adding privileged thread: "main"
    03:09:06.223 [Test worker] DEBUG o.e.runtime.sandbox.MSecurityManager - Adding privileged thread: "Test worker"
    03:09:06.223 [Test worker] DEBUG o.e.runtime.sandbox.MSecurityManager - Adding privileged thread: "/127.0.0.1:63454 to /127.0.0.1:63453 workers Thread 2"
    03:09:06.223 [Test worker] DEBUG o.e.runtime.sandbox.MSecurityManager - Adding privileged thread: "/127.0.0.1:63454 to /127.0.0.1:63453 workers Thread 3"
    03:09:06.333 [Test worker] INFO  o.e.r.instrumentation.EvoClassLoader - Seeing class for first time: org.apache.commons.math3.util.MathUtilsNew
    03:09:06.334 [Test worker] INFO  o.e.r.instrumentation.EvoClassLoader - Instrumenting class 'org.apache.commons.math3.util.MathUtilsNew'.
    03:09:06.368 [Test worker] INFO  o.e.r.i.MethodCallReplacementClassAdapter - Adding mock interface to class org/apache/commons/math3/util/MathUtilsNew
    03:09:06.694 [Test worker] INFO  o.e.r.i.CreateClassResetClassAdapter - Creating brand-new static initializer in class org/apache/commons/math3/util/MathUtilsNew
    03:09:06.694 [Test worker] INFO  o.e.r.instrumentation.EvoClassLoader - Keeping class: org.apache.commons.math3.util.MathUtilsNew
    03:09:06.695 [Test worker] INFO  o.e.r.instrumentation.EvoClassLoader - Seeing class for first time: org.apache.commons.math3.exception.util.Localizable
    03:09:06.695 [Test worker] INFO  o.e.r.instrumentation.EvoClassLoader - Instrumenting class 'org.apache.commons.math3.exception.util.Localizable'.
    03:09:06.698 [Test worker] INFO  o.e.r.instrumentation.EvoClassLoader - Defined package (3): package org.apache.commons.math3.exception.util, -505269952
    03:09:06.699 [Test worker] INFO  o.e.r.instrumentation.EvoClassLoader - Keeping class: org.apache.commons.math3.exception.util.Localizable
    03:09:06.699 [Test worker] INFO  o.e.r.instrumentation.EvoClassLoader - Seeing class for first time: org.apache.commons.math3.exception.MathArithmeticException
    03:09:06.699 [Test worker] INFO  o.e.r.instrumentation.EvoClassLoader - Instrumenting class 'org.apache.commons.math3.exception.MathArithmeticException'.
    03:09:06.702 [Test worker] INFO  o.e.r.i.MethodCallReplacementClassAdapter - Adding mock interface to class org/apache/commons/math3/exception/MathArithmeticException
    03:09:06.704 [Test worker] INFO  o.e.r.i.CreateClassResetClassAdapter - Creating brand-new static initializer in class org/apache/commons/math3/exception/MathArithmeticException
    03:09:06.706 [Test worker] INFO  o.e.r.instrumentation.EvoClassLoader - Defined package (3): package org.apache.commons.math3.exception, 1643916784
    03:09:06.707 [Test worker] INFO  o.e.r.instrumentation.EvoClassLoader - Seeing class for first time: org.apache.commons.math3.exception.util.ExceptionContextProvider
    03:09:06.707 [Test worker] INFO  o.e.r.instrumentation.EvoClassLoader - Instrumenting class 'org.apache.commons.math3.exception.util.ExceptionContextProvider'.
    03:09:06.714 [Test worker] INFO  o.e.r.instrumentation.EvoClassLoader - Keeping class: org.apache.commons.math3.exception.util.ExceptionContextProvider
    03:09:06.715 [Test worker] INFO  o.e.r.instrumentation.EvoClassLoader - Keeping class: org.apache.commons.math3.exception.MathArithmeticException
    03:09:06.715 [Test worker] INFO  o.e.r.instrumentation.EvoClassLoader - Seeing class for first time: org.apache.commons.math3.exception.util.LocalizedFormats
    03:09:06.716 [Test worker] INFO  o.e.r.instrumentation.EvoClassLoader - Instrumenting class 'org.apache.commons.math3.exception.util.LocalizedFormats'.
    03:09:06.722 [Test worker] INFO  o.e.r.i.MethodCallReplacementClassAdapter - Adding mock interface to class org/apache/commons/math3/exception/util/LocalizedFormats
    03:09:06.736 [Test worker] INFO  o.e.r.i.CreateClassResetClassAdapter - Found static initializer in class org/apache/commons/math3/exception/util/LocalizedFormats
    03:09:06.751 [Test worker] INFO  o.e.r.instrumentation.EvoClassLoader - Keeping class: org.apache.commons.math3.exception.util.LocalizedFormats
    03:09:06.759 [Test worker] INFO  o.e.r.instrumentation.EvoClassLoader - Seeing class for first time: org.apache.commons.math3.exception.util.ExceptionContext
    03:09:06.759 [Test worker] INFO  o.e.r.instrumentation.EvoClassLoader - Instrumenting class 'org.apache.commons.math3.exception.util.ExceptionContext'.
    03:09:06.763 [Test worker] INFO  o.e.r.i.MethodCallReplacementClassAdapter - Adding mock interface to class org/apache/commons/math3/exception/util/ExceptionContext
    03:09:06.770 [Test worker] INFO  o.e.r.i.CreateClassResetClassAdapter - Creating brand-new static initializer in class org/apache/commons/math3/exception/util/ExceptionContext
    03:09:06.770 [Test worker] INFO  o.e.r.instrumentation.EvoClassLoader - Keeping class: org.apache.commons.math3.exception.util.ExceptionContext
    03:09:06.772 [Test worker] INFO  o.e.r.instrumentation.EvoClassLoader - Seeing class for first time: org.apache.commons.math3.exception.util.ArgUtils
    03:09:06.772 [Test worker] INFO  o.e.r.instrumentation.EvoClassLoader - Instrumenting class 'org.apache.commons.math3.exception.util.ArgUtils'.
    03:09:06.777 [Test worker] INFO  o.e.r.i.MethodCallReplacementClassAdapter - Adding mock interface to class org/apache/commons/math3/exception/util/ArgUtils
    03:09:06.778 [Test worker] INFO  o.e.r.i.CreateClassResetClassAdapter - Creating brand-new static initializer in class org/apache/commons/math3/exception/util/ArgUtils
    03:09:06.778 [Test worker] INFO  o.e.r.instrumentation.EvoClassLoader - Keeping class: org.apache.commons.math3.exception.util.ArgUtils

org.apache.commons.math3.util.MathUtilsNew_ESTest > test6 FAILED
    org.apache.commons.math3.exception.MathArithmeticException

RegressionTest STANDARD_OUT
    03:09:06.872 [/127.0.0.1:63454 to /127.0.0.1:63453 workers Thread 2] INFO  o.e.r.instrumentation.EvoClassLoader - Seeing class for first time: assets/org/apache/commons/math3/exception/util/LocalizedFormats
    03:09:06.872 [/127.0.0.1:63454 to /127.0.0.1:63453 workers Thread 2] INFO  o.e.r.instrumentation.EvoClassLoader - Instrumenting class 'assets/org/apache/commons/math3/exception/util/LocalizedFormats'.
    03:09:06.872 [/127.0.0.1:63454 to /127.0.0.1:63453 workers Thread 2] INFO  o.e.r.instrumentation.EvoClassLoader - Error while loading class: java.lang.ClassNotFoundException: Class 'assets/org/apache/commons/math3/exception/util/LocalizedFormats.class' should be in target project, but could not be found!
    03:09:06.873 [/127.0.0.1:63454 to /127.0.0.1:63453 workers Thread 2] INFO  o.e.r.instrumentation.EvoClassLoader - Seeing class for first time: assets/org/apache/commons/math3/exception/util/LocalizedFormats_en
    03:09:06.873 [/127.0.0.1:63454 to /127.0.0.1:63453 workers Thread 2] INFO  o.e.r.instrumentation.EvoClassLoader - Instrumenting class 'assets/org/apache/commons/math3/exception/util/LocalizedFormats_en'.
    03:09:06.873 [/127.0.0.1:63454 to /127.0.0.1:63453 workers Thread 2] INFO  o.e.r.instrumentation.EvoClassLoader - Error while loading class: java.lang.ClassNotFoundException: Class 'assets/org/apache/commons/math3/exception/util/LocalizedFormats_en.class' should be in target project, but could not be found!
    03:09:06.873 [/127.0.0.1:63454 to /127.0.0.1:63453 workers Thread 2] INFO  o.e.r.instrumentation.EvoClassLoader - Seeing class for first time: assets/org/apache/commons/math3/exception/util/LocalizedFormats_en_US
    03:09:06.873 [/127.0.0.1:63454 to /127.0.0.1:63453 workers Thread 2] INFO  o.e.r.instrumentation.EvoClassLoader - Instrumenting class 'assets/org/apache/commons/math3/exception/util/LocalizedFormats_en_US'.
    03:09:06.873 [/127.0.0.1:63454 to /127.0.0.1:63453 workers Thread 2] INFO  o.e.r.instrumentation.EvoClassLoader - Error while loading class: java.lang.ClassNotFoundException: Class 'assets/org/apache/commons/math3/exception/util/LocalizedFormats_en_US.class' should be in target project, but could not be found!

RegressionTest > RegressionTest0.test02 FAILED
    org.apache.commons.math3.exception.MathArithmeticException at RegressionTest0.java:23

RegressionTest > RegressionTest0.test09 FAILED
    org.apache.commons.math3.exception.MathArithmeticException at RegressionTest0.java:79

RegressionTest > RegressionTest0.test14 FAILED
    org.apache.commons.math3.exception.MathArithmeticException at RegressionTest0.java:120

RegressionTest > RegressionTest0.test22 FAILED
    org.apache.commons.math3.exception.MathArithmeticException at RegressionTest0.java:184

RegressionTest > RegressionTest0.test27 FAILED
    org.apache.commons.math3.exception.MathArithmeticException at RegressionTest0.java:224

RegressionTest > RegressionTest0.test38 FAILED
    org.apache.commons.math3.exception.MathArithmeticException at RegressionTest0.java:312

RegressionTest > RegressionTest0.test45 FAILED
    org.apache.commons.math3.exception.MathArithmeticException at RegressionTest0.java:368

RegressionTest > RegressionTest0.test48 FAILED
    org.apache.commons.math3.exception.MathArithmeticException at RegressionTest0.java:392

RegressionTest > RegressionTest0.test50 FAILED
    org.apache.commons.math3.exception.MathArithmeticException at RegressionTest0.java:408

RegressionTest0 > test02 FAILED
    org.apache.commons.math3.exception.MathArithmeticException at RegressionTest0.java:23

RegressionTest0 > test09 FAILED
    org.apache.commons.math3.exception.MathArithmeticException at RegressionTest0.java:79

RegressionTest0 > test14 FAILED
    org.apache.commons.math3.exception.MathArithmeticException at RegressionTest0.java:120

RegressionTest0 > test22 FAILED
    org.apache.commons.math3.exception.MathArithmeticException at RegressionTest0.java:184

RegressionTest0 > test27 FAILED
    org.apache.commons.math3.exception.MathArithmeticException at RegressionTest0.java:224

RegressionTest0 > test38 FAILED
    org.apache.commons.math3.exception.MathArithmeticException at RegressionTest0.java:312

RegressionTest0 > test45 FAILED
    org.apache.commons.math3.exception.MathArithmeticException at RegressionTest0.java:368

RegressionTest0 > test48 FAILED
    org.apache.commons.math3.exception.MathArithmeticException at RegressionTest0.java:392

RegressionTest0 > test50 FAILED
    org.apache.commons.math3.exception.MathArithmeticException at RegressionTest0.java:408

testers.MathUtilsNewTester0 > test002 FAILED
    org.apache.commons.math3.exception.MathArithmeticException at MathUtilsNewTester0.java:24

testers.MathUtilsNewTester0 > test003 FAILED
    org.apache.commons.math3.exception.MathArithmeticException at MathUtilsNewTester0.java:31

testers.MathUtilsNewTester0 > test004 FAILED
    org.apache.commons.math3.exception.MathArithmeticException at MathUtilsNewTester0.java:38

testers.MathUtilsNewTester0 > test006 FAILED
    org.apache.commons.math3.exception.MathArithmeticException at MathUtilsNewTester0.java:52

testers.MathUtilsNewTester0 > test010 FAILED
    org.apache.commons.math3.exception.MathArithmeticException at MathUtilsNewTester0.java:80

testers.MathUtilsNewTester0 > test019 FAILED
    org.apache.commons.math3.exception.MathArithmeticException at MathUtilsNewTester0.java:144

testers.MathUtilsNewTester0 > test025 FAILED
    org.apache.commons.math3.exception.MathArithmeticException at MathUtilsNewTester0.java:186

testers.MathUtilsNewTester0 > test031 FAILED
    org.apache.commons.math3.exception.MathArithmeticException at MathUtilsNewTester0.java:228

testers.MathUtilsNewTester0 > test033 FAILED
    org.apache.commons.math3.exception.MathArithmeticException at MathUtilsNewTester0.java:242

testers.MathUtilsNewTester0 > test034 FAILED
    org.apache.commons.math3.exception.MathArithmeticException at MathUtilsNewTester0.java:249

testers.MathUtilsNewTester0 > test035 FAILED
    org.apache.commons.math3.exception.MathArithmeticException at MathUtilsNewTester0.java:256

testers.MathUtilsNewTester0 > test041 FAILED
    org.apache.commons.math3.exception.MathArithmeticException at MathUtilsNewTester0.java:298

testers.MathUtilsNewTester0 > test042 FAILED
    org.apache.commons.math3.exception.MathArithmeticException at MathUtilsNewTester0.java:305

testers.MathUtilsNewTester0 > test050 FAILED
    org.apache.commons.math3.exception.MathArithmeticException at MathUtilsNewTester0.java:361

testers.MathUtilsNewTester0 > test057 FAILED
    org.apache.commons.math3.exception.MathArithmeticException at MathUtilsNewTester0.java:410

testers.MathUtilsNewTester0 > test065 FAILED
    org.apache.commons.math3.exception.MathArithmeticException at MathUtilsNewTester0.java:466

testers.MathUtilsNewTester0 > test068 FAILED
    org.apache.commons.math3.exception.MathArithmeticException at MathUtilsNewTester0.java:487

testers.MathUtilsNewTester0 > test079 FAILED
    org.apache.commons.math3.exception.MathArithmeticException at MathUtilsNewTester0.java:564

testers.MathUtilsNewTester0 > test081 FAILED
    org.apache.commons.math3.exception.MathArithmeticException at MathUtilsNewTester0.java:578

testers.MathUtilsNewTester0 > test083 FAILED
    org.apache.commons.math3.exception.MathArithmeticException at MathUtilsNewTester0.java:592

testers.MathUtilsNewTester0 > test095 FAILED
    org.apache.commons.math3.exception.MathArithmeticException at MathUtilsNewTester0.java:676

testers.MathUtilsNewTester0 > test100 FAILED
    org.apache.commons.math3.exception.MathArithmeticException at MathUtilsNewTester0.java:711

testers.MathUtilsNewTester0 > test103 FAILED
    org.apache.commons.math3.exception.MathArithmeticException at MathUtilsNewTester0.java:732

testers.MathUtilsNewTester0 > test104 FAILED
    org.apache.commons.math3.exception.MathArithmeticException at MathUtilsNewTester0.java:739

testers.MathUtilsNewTester0 > test105 FAILED
    org.apache.commons.math3.exception.MathArithmeticException at MathUtilsNewTester0.java:746

testers.MathUtilsNewTester0 > test109 FAILED
    org.apache.commons.math3.exception.MathArithmeticException at MathUtilsNewTester0.java:774

testers.MathUtilsNewTester0 > test123 FAILED
    org.apache.commons.math3.exception.MathArithmeticException at MathUtilsNewTester0.java:872

testers.MathUtilsNewTester0 > test127 FAILED
    org.apache.commons.math3.exception.MathArithmeticException at MathUtilsNewTester0.java:900

testers.MathUtilsNewTester0 > test128 FAILED
    org.apache.commons.math3.exception.MathArithmeticException at MathUtilsNewTester0.java:907

testers.MathUtilsNewTester0 > test132 FAILED
    org.apache.commons.math3.exception.MathArithmeticException at MathUtilsNewTester0.java:935

testers.MathUtilsNewTester0 > test139 FAILED
    org.apache.commons.math3.exception.MathArithmeticException at MathUtilsNewTester0.java:984

testers.MathUtilsNewTester0 > test142 FAILED
    org.apache.commons.math3.exception.MathArithmeticException at MathUtilsNewTester0.java:1005

testers.MathUtilsNewTester0 > test143 FAILED
    org.apache.commons.math3.exception.MathArithmeticException at MathUtilsNewTester0.java:1012

testers.MathUtilsNewTester0 > test145 FAILED
    org.apache.commons.math3.exception.MathArithmeticException at MathUtilsNewTester0.java:1026

testers.MathUtilsNewTester0 > test147 FAILED
    org.apache.commons.math3.exception.MathArithmeticException at MathUtilsNewTester0.java:1040

testers.MathUtilsNewTester0 > test156 FAILED
    org.apache.commons.math3.exception.MathArithmeticException at MathUtilsNewTester0.java:1103

testers.MathUtilsNewTester0 > test159 FAILED
    org.apache.commons.math3.exception.MathArithmeticException at MathUtilsNewTester0.java:1124

testers.MathUtilsNewTester0 > test161 FAILED
    org.apache.commons.math3.exception.MathArithmeticException at MathUtilsNewTester0.java:1138

testers.MathUtilsNewTester0 > test171 FAILED
    org.apache.commons.math3.exception.MathArithmeticException at MathUtilsNewTester0.java:1208

testers.MathUtilsNewTester0 > test172 FAILED
    org.apache.commons.math3.exception.MathArithmeticException at MathUtilsNewTester0.java:1215

testers.MathUtilsNewTester0 > test176 FAILED
    org.apache.commons.math3.exception.MathArithmeticException at MathUtilsNewTester0.java:1243

testers.MathUtilsNewTester0 > test177 FAILED
    org.apache.commons.math3.exception.MathArithmeticException at MathUtilsNewTester0.java:1250

testers.MathUtilsNewTester0 > test180 FAILED
    org.apache.commons.math3.exception.MathArithmeticException at MathUtilsNewTester0.java:1271

testers.MathUtilsNewTester0 > test185 FAILED
    org.apache.commons.math3.exception.MathArithmeticException at MathUtilsNewTester0.java:1306

testers.MathUtilsNewTester0 > test191 FAILED
    org.apache.commons.math3.exception.MathArithmeticException at MathUtilsNewTester0.java:1348

testers.MathUtilsNewTester0 > test194 FAILED
    org.apache.commons.math3.exception.MathArithmeticException at MathUtilsNewTester0.java:1369

testers.MathUtilsNewTester0 > test197 FAILED
    org.apache.commons.math3.exception.MathArithmeticException at MathUtilsNewTester0.java:1390

testers.MathUtilsNewTester0 > test206 FAILED
    org.apache.commons.math3.exception.MathArithmeticException at MathUtilsNewTester0.java:1453

testers.MathUtilsNewTester0 > test208 FAILED
    org.apache.commons.math3.exception.MathArithmeticException at MathUtilsNewTester0.java:1467

testers.MathUtilsNewTester0 > test215 FAILED
    org.apache.commons.math3.exception.MathArithmeticException at MathUtilsNewTester0.java:1516

testers.MathUtilsNewTester0 > test216 FAILED
    org.apache.commons.math3.exception.MathArithmeticException at MathUtilsNewTester0.java:1523

testers.MathUtilsNewTester0 > test219 FAILED
    org.apache.commons.math3.exception.MathArithmeticException at MathUtilsNewTester0.java:1544

testers.MathUtilsNewTester0 > test224 FAILED
    org.apache.commons.math3.exception.MathArithmeticException at MathUtilsNewTester0.java:1579

testers.MathUtilsNewTester0 > test227 FAILED
    org.apache.commons.math3.exception.MathArithmeticException at MathUtilsNewTester0.java:1600

testers.MathUtilsNewTester0 > test230 FAILED
    org.apache.commons.math3.exception.MathArithmeticException at MathUtilsNewTester0.java:1621

testers.MathUtilsNewTester0 > test231 FAILED
    org.apache.commons.math3.exception.MathArithmeticException at MathUtilsNewTester0.java:1628

testers.MathUtilsNewTester0 > test243 FAILED
    org.apache.commons.math3.exception.MathArithmeticException at MathUtilsNewTester0.java:1712

testers.MathUtilsNewTester0 > test246 FAILED
    org.apache.commons.math3.exception.MathArithmeticException at MathUtilsNewTester0.java:1733

testers.MathUtilsNewTester0 > test251 FAILED
    org.apache.commons.math3.exception.MathArithmeticException at MathUtilsNewTester0.java:1768

testers.MathUtilsNewTester0 > test265 FAILED
    org.apache.commons.math3.exception.MathArithmeticException at MathUtilsNewTester0.java:1866

testers.MathUtilsNewTester0 > test266 FAILED
    org.apache.commons.math3.exception.MathArithmeticException at MathUtilsNewTester0.java:1873

testers.MathUtilsNewTester0 > test267 FAILED
    org.apache.commons.math3.exception.MathArithmeticException at MathUtilsNewTester0.java:1880

testers.MathUtilsNewTester0 > test273 FAILED
    org.apache.commons.math3.exception.MathArithmeticException at MathUtilsNewTester0.java:1922

testers.MathUtilsNewTester0 > test274 FAILED
    org.apache.commons.math3.exception.MathArithmeticException at MathUtilsNewTester0.java:1929

testers.MathUtilsNewTester0 > test275 FAILED
    org.apache.commons.math3.exception.MathArithmeticException at MathUtilsNewTester0.java:1936

testers.MathUtilsNewTester0 > test278 FAILED
    org.apache.commons.math3.exception.MathArithmeticException at MathUtilsNewTester0.java:1957

testers.MathUtilsNewTester0 > test279 FAILED
    org.apache.commons.math3.exception.MathArithmeticException at MathUtilsNewTester0.java:1964

testers.MathUtilsNewTester0 > test285 FAILED
    org.apache.commons.math3.exception.MathArithmeticException at MathUtilsNewTester0.java:2006

testers.MathUtilsNewTester0 > test290 FAILED
    org.apache.commons.math3.exception.MathArithmeticException at MathUtilsNewTester0.java:2041

testers.MathUtilsNewTester0 > test292 FAILED
    org.apache.commons.math3.exception.MathArithmeticException at MathUtilsNewTester0.java:2055

testers.MathUtilsNewTester0 > test294 FAILED
    org.apache.commons.math3.exception.MathArithmeticException at MathUtilsNewTester0.java:2069

testers.MathUtilsNewTester0 > test304 FAILED
    org.apache.commons.math3.exception.MathArithmeticException at MathUtilsNewTester0.java:2139

testers.MathUtilsNewTester0 > test306 FAILED
    org.apache.commons.math3.exception.MathArithmeticException at MathUtilsNewTester0.java:2153

testers.MathUtilsNewTester0 > test308 FAILED
    org.apache.commons.math3.exception.MathArithmeticException at MathUtilsNewTester0.java:2167

testers.MathUtilsNewTester0 > test313 FAILED
    org.apache.commons.math3.exception.MathArithmeticException at MathUtilsNewTester0.java:2202

testers.MathUtilsNewTester0 > test315 FAILED
    org.apache.commons.math3.exception.MathArithmeticException at MathUtilsNewTester0.java:2216

testers.MathUtilsNewTester0 > test322 FAILED
    org.apache.commons.math3.exception.MathArithmeticException at MathUtilsNewTester0.java:2265

testers.MathUtilsNewTester0 > test326 FAILED
    org.apache.commons.math3.exception.MathArithmeticException at MathUtilsNewTester0.java:2293

testers.MathUtilsNewTester0 > test330 FAILED
    org.apache.commons.math3.exception.MathArithmeticException at MathUtilsNewTester0.java:2321

testers.MathUtilsNewTester0 > test331 FAILED
    org.apache.commons.math3.exception.MathArithmeticException at MathUtilsNewTester0.java:2328

testers.MathUtilsNewTester0 > test334 FAILED
    org.apache.commons.math3.exception.MathArithmeticException at MathUtilsNewTester0.java:2349

testers.MathUtilsNewTester0 > test337 FAILED
    org.apache.commons.math3.exception.MathArithmeticException at MathUtilsNewTester0.java:2370

testers.MathUtilsNewTester0 > test338 FAILED
    org.apache.commons.math3.exception.MathArithmeticException at MathUtilsNewTester0.java:2377

testers.MathUtilsNewTester0 > test344 FAILED
    org.apache.commons.math3.exception.MathArithmeticException at MathUtilsNewTester0.java:2419

testers.MathUtilsNewTester0 > test350 FAILED
    org.apache.commons.math3.exception.MathArithmeticException at MathUtilsNewTester0.java:2461

testers.MathUtilsNewTester0 > test352 FAILED
    org.apache.commons.math3.exception.MathArithmeticException at MathUtilsNewTester0.java:2475

testers.MathUtilsNewTester0 > test353 FAILED
    org.apache.commons.math3.exception.MathArithmeticException at MathUtilsNewTester0.java:2482

testers.MathUtilsNewTester0 > test357 FAILED
    org.apache.commons.math3.exception.MathArithmeticException at MathUtilsNewTester0.java:2510

testers.MathUtilsNewTester0 > test362 FAILED
    org.apache.commons.math3.exception.MathArithmeticException at MathUtilsNewTester0.java:2545

testers.MathUtilsNewTester0 > test367 FAILED
    org.apache.commons.math3.exception.MathArithmeticException at MathUtilsNewTester0.java:2580

testers.MathUtilsNewTester0 > test368 FAILED
    org.apache.commons.math3.exception.MathArithmeticException at MathUtilsNewTester0.java:2587

testers.MathUtilsNewTester0 > test380 FAILED
    org.apache.commons.math3.exception.MathArithmeticException at MathUtilsNewTester0.java:2671

testers.MathUtilsNewTester0 > test382 FAILED
    org.apache.commons.math3.exception.MathArithmeticException at MathUtilsNewTester0.java:2685

testers.MathUtilsNewTester0 > test389 FAILED
    org.apache.commons.math3.exception.MathArithmeticException at MathUtilsNewTester0.java:2734

testers.MathUtilsNewTester0 > test396 FAILED
    org.apache.commons.math3.exception.MathArithmeticException at MathUtilsNewTester0.java:2783

testers.MathUtilsNewTester0 > test410 FAILED
    org.apache.commons.math3.exception.MathArithmeticException at MathUtilsNewTester0.java:2881

testers.MathUtilsNewTester0 > test411 FAILED
    org.apache.commons.math3.exception.MathArithmeticException at MathUtilsNewTester0.java:2888

testers.MathUtilsNewTester0 > test414 FAILED
    org.apache.commons.math3.exception.MathArithmeticException at MathUtilsNewTester0.java:2909

testers.MathUtilsNewTester0 > test418 FAILED
    org.apache.commons.math3.exception.MathArithmeticException at MathUtilsNewTester0.java:2937

testers.MathUtilsNewTester0 > test424 FAILED
    org.apache.commons.math3.exception.MathArithmeticException at MathUtilsNewTester0.java:2979

testers.MathUtilsNewTester0 > test427 FAILED
    org.apache.commons.math3.exception.MathArithmeticException at MathUtilsNewTester0.java:3000

testers.MathUtilsNewTester0 > test428 FAILED
    org.apache.commons.math3.exception.MathArithmeticException at MathUtilsNewTester0.java:3007

testers.MathUtilsNewTester0 > test434 FAILED
    org.apache.commons.math3.exception.MathArithmeticException at MathUtilsNewTester0.java:3049

testers.MathUtilsNewTester0 > test435 FAILED
    org.apache.commons.math3.exception.MathArithmeticException at MathUtilsNewTester0.java:3056

testers.MathUtilsNewTester0 > test437 FAILED
    org.apache.commons.math3.exception.MathArithmeticException at MathUtilsNewTester0.java:3070

testers.MathUtilsNewTester0 > test452 FAILED
    org.apache.commons.math3.exception.MathArithmeticException at MathUtilsNewTester0.java:3175

testers.MathUtilsNewTester0 > test455 FAILED
    org.apache.commons.math3.exception.MathArithmeticException at MathUtilsNewTester0.java:3196

testers.MathUtilsNewTester0 > test458 FAILED
    org.apache.commons.math3.exception.MathArithmeticException at MathUtilsNewTester0.java:3217

testers.MathUtilsNewTester0 > test461 FAILED
    org.apache.commons.math3.exception.MathArithmeticException at MathUtilsNewTester0.java:3238

testers.MathUtilsNewTester0 > test465 FAILED
    org.apache.commons.math3.exception.MathArithmeticException at MathUtilsNewTester0.java:3266

testers.MathUtilsNewTester0 > test468 FAILED
    org.apache.commons.math3.exception.MathArithmeticException at MathUtilsNewTester0.java:3287

testers.MathUtilsNewTester0 > test472 FAILED
    org.apache.commons.math3.exception.MathArithmeticException at MathUtilsNewTester0.java:3315

testers.MathUtilsNewTester0 > test475 FAILED
    org.apache.commons.math3.exception.MathArithmeticException at MathUtilsNewTester0.java:3336

testers.MathUtilsNewTester0 > test488 FAILED
    org.apache.commons.math3.exception.MathArithmeticException at MathUtilsNewTester0.java:3427

testers.MathUtilsNewTester0 > test494 FAILED
    org.apache.commons.math3.exception.MathArithmeticException at MathUtilsNewTester0.java:3469

testers.MathUtilsNewTester0 > test496 FAILED
    org.apache.commons.math3.exception.MathArithmeticException at MathUtilsNewTester0.java:3483
Results: FAILURE (607 tests, 472 successes, 135 failures, 0 skipped)
:test FAILED
4 actionable tasks: 4 executed
