:clean

BUILD SUCCESSFUL in 3s
1 actionable task: 1 executed
:compileJava
:processResources NO-SOURCE
:classes
:compileTestJava
:processTestResources NO-SOURCE
:testClasses
:jar
:assemble
:test

examples.RingBuffer_ESTest STANDARD_OUT
    14:39:08.427 [Test worker] INFO  o.e.r.instrumentation.EvoClassLoader - Seeing class for first time: examples.RingBuffer_ESTest
    14:39:08.432 [Test worker] INFO  o.e.r.instrumentation.EvoClassLoader - Instrumenting class 'examples.RingBuffer_ESTest'.
    14:39:08.475 [Test worker] INFO  o.e.r.instrumentation.EvoClassLoader - Seeing class for first time: examples.RingBuffer_ESTest_scaffolding
    14:39:08.475 [Test worker] INFO  o.e.r.instrumentation.EvoClassLoader - Instrumenting class 'examples.RingBuffer_ESTest_scaffolding'.
    14:39:08.479 [Test worker] INFO  o.e.r.instrumentation.EvoClassLoader - Keeping class: examples.RingBuffer_ESTest_scaffolding
    14:39:08.479 [Test worker] INFO  o.e.r.instrumentation.EvoClassLoader - Keeping class: examples.RingBuffer_ESTest
    14:39:08.860 [Test worker] DEBUG o.e.runtime.sandbox.MSecurityManager - Adding privileged thread: "Reference Handler"
    14:39:08.860 [Test worker] DEBUG o.e.runtime.sandbox.MSecurityManager - Adding privileged thread: "Finalizer"
    14:39:08.860 [Test worker] DEBUG o.e.runtime.sandbox.MSecurityManager - Adding privileged thread: "Signal Dispatcher"
    14:39:08.864 [Test worker] DEBUG o.e.runtime.sandbox.MSecurityManager - Adding privileged thread: "Attach Listener"
    14:39:08.866 [Test worker] DEBUG o.e.runtime.sandbox.MSecurityManager - Adding privileged thread: "Java2D Disposer"
    14:39:08.866 [Test worker] DEBUG o.e.runtime.sandbox.MSecurityManager - Adding privileged thread: "AWT-Shutdown"
    14:39:08.866 [Test worker] DEBUG o.e.runtime.sandbox.MSecurityManager - Adding privileged thread: "AWT-Windows"
    14:39:08.866 [Test worker] DEBUG o.e.runtime.sandbox.MSecurityManager - Adding privileged thread: "main"
    14:39:08.866 [Test worker] DEBUG o.e.runtime.sandbox.MSecurityManager - Adding privileged thread: "Test worker"
    14:39:08.866 [Test worker] DEBUG o.e.runtime.sandbox.MSecurityManager - Adding privileged thread: "/127.0.0.1:64334 to /127.0.0.1:64333 workers Thread 2"
    14:39:08.866 [Test worker] DEBUG o.e.runtime.sandbox.MSecurityManager - Adding privileged thread: "/127.0.0.1:64334 to /127.0.0.1:64333 workers Thread 3"
    14:39:08.955 [Test worker] INFO  o.e.r.instrumentation.EvoClassLoader - Seeing class for first time: examples.RingBuffer
    14:39:08.956 [Test worker] INFO  o.e.r.instrumentation.EvoClassLoader - Instrumenting class 'examples.RingBuffer'.
    14:39:08.975 [Test worker] INFO  o.e.r.i.MethodCallReplacementClassAdapter - Adding mock interface to class examples/RingBuffer
    14:39:09.216 [Test worker] INFO  o.e.r.i.CreateClassResetClassAdapter - Creating brand-new static initializer in class examples/RingBuffer
    14:39:09.217 [Test worker] INFO  o.e.r.instrumentation.EvoClassLoader - Keeping class: examples.RingBuffer

RegressionTest > RegressionTest0.test016 FAILED
    java.lang.AssertionError at RegressionTest0.java:216

RegressionTest > RegressionTest0.test026 FAILED
    java.lang.AssertionError at RegressionTest0.java:391

RegressionTest > RegressionTest0.test058 FAILED
    java.lang.AssertionError at RegressionTest0.java:862

RegressionTest > RegressionTest0.test069 FAILED
    java.lang.AssertionError at RegressionTest0.java:1040

RegressionTest > RegressionTest0.test094 FAILED
    java.lang.AssertionError at RegressionTest0.java:1428

RegressionTest0 > test016 FAILED
    java.lang.AssertionError at RegressionTest0.java:216

RegressionTest0 > test026 FAILED
    java.lang.AssertionError at RegressionTest0.java:391

RegressionTest0 > test058 FAILED
    java.lang.AssertionError at RegressionTest0.java:862

RegressionTest0 > test069 FAILED
    java.lang.AssertionError at RegressionTest0.java:1040

RegressionTest0 > test094 FAILED
    java.lang.AssertionError at RegressionTest0.java:1428

testers.RingBufferTester0 > test116 FAILED
    java.lang.AssertionError at RingBufferTester0.java:1629

testers.RingBufferTester0 > test123 FAILED
    java.lang.AssertionError at RingBufferTester0.java:1724

testers.RingBufferTester0 > test188 FAILED
    java.lang.AssertionError at RingBufferTester0.java:2691

testers.RingBufferTester0 > test219 FAILED
    java.lang.AssertionError at RingBufferTester0.java:3109
Results: FAILURE (554 tests, 540 successes, 14 failures, 0 skipped)
:test FAILED
4 actionable tasks: 4 executed
