:clean

BUILD SUCCESSFUL in 0s
1 actionable task: 1 executed
:compileJava
:processResources NO-SOURCE
:classes
:compileTestJava
:processTestResources NO-SOURCE
:testClasses
:jar
:assemble
:test

examples.MaxBag_ESTest STANDARD_OUT
    03:26:37.478 [Test worker] INFO  o.e.r.instrumentation.EvoClassLoader - Seeing class for first time: examples.MaxBag_ESTest
    03:26:37.480 [Test worker] INFO  o.e.r.instrumentation.EvoClassLoader - Instrumenting class 'examples.MaxBag_ESTest'.
    03:26:37.502 [Test worker] INFO  o.e.r.instrumentation.EvoClassLoader - Seeing class for first time: examples.MaxBag_ESTest_scaffolding
    03:26:37.503 [Test worker] INFO  o.e.r.instrumentation.EvoClassLoader - Instrumenting class 'examples.MaxBag_ESTest_scaffolding'.
    03:26:37.505 [Test worker] INFO  o.e.r.instrumentation.EvoClassLoader - Keeping class: examples.MaxBag_ESTest_scaffolding
    03:26:37.505 [Test worker] INFO  o.e.r.instrumentation.EvoClassLoader - Keeping class: examples.MaxBag_ESTest
    03:26:37.669 [Test worker] DEBUG o.e.runtime.sandbox.MSecurityManager - Adding privileged thread: "Reference Handler"
    03:26:37.669 [Test worker] DEBUG o.e.runtime.sandbox.MSecurityManager - Adding privileged thread: "Finalizer"
    03:26:37.669 [Test worker] DEBUG o.e.runtime.sandbox.MSecurityManager - Adding privileged thread: "Signal Dispatcher"
    03:26:37.669 [Test worker] DEBUG o.e.runtime.sandbox.MSecurityManager - Adding privileged thread: "Attach Listener"
    03:26:37.669 [Test worker] DEBUG o.e.runtime.sandbox.MSecurityManager - Adding privileged thread: "Java2D Disposer"
    03:26:37.669 [Test worker] DEBUG o.e.runtime.sandbox.MSecurityManager - Adding privileged thread: "AWT-Shutdown"
    03:26:37.670 [Test worker] DEBUG o.e.runtime.sandbox.MSecurityManager - Adding privileged thread: "AWT-Windows"
    03:26:37.670 [Test worker] DEBUG o.e.runtime.sandbox.MSecurityManager - Adding privileged thread: "main"
    03:26:37.670 [Test worker] DEBUG o.e.runtime.sandbox.MSecurityManager - Adding privileged thread: "Test worker"
    03:26:37.670 [Test worker] DEBUG o.e.runtime.sandbox.MSecurityManager - Adding privileged thread: "/127.0.0.1:53274 to /127.0.0.1:53273 workers Thread 2"
    03:26:37.670 [Test worker] DEBUG o.e.runtime.sandbox.MSecurityManager - Adding privileged thread: "/127.0.0.1:53274 to /127.0.0.1:53273 workers Thread 3"
    03:26:37.708 [Test worker] INFO  o.e.r.instrumentation.EvoClassLoader - Seeing class for first time: examples.MaxBag
    03:26:37.708 [Test worker] INFO  o.e.r.instrumentation.EvoClassLoader - Instrumenting class 'examples.MaxBag'.
    03:26:37.722 [Test worker] INFO  o.e.r.i.MethodCallReplacementClassAdapter - Adding mock interface to class examples/MaxBag
    03:26:37.846 [Test worker] INFO  o.e.r.i.CreateClassResetClassAdapter - Creating brand-new static initializer in class examples/MaxBag
    03:26:37.846 [Test worker] INFO  o.e.r.instrumentation.EvoClassLoader - Keeping class: examples.MaxBag
    03:26:37.847 [Test worker] INFO  o.e.r.instrumentation.EvoClassLoader - Seeing class for first time: examples._Type328393
    03:26:37.847 [Test worker] INFO  o.e.r.instrumentation.EvoClassLoader - Instrumenting class 'examples._Type328393'.
    03:26:37.849 [Test worker] INFO  o.e.r.i.MethodCallReplacementClassAdapter - Adding mock interface to class examples/_Type328393
    03:26:37.850 [Test worker] INFO  o.e.r.i.CreateClassResetClassAdapter - Creating brand-new static initializer in class examples/_Type328393
    03:26:37.850 [Test worker] INFO  o.e.r.instrumentation.EvoClassLoader - Keeping class: examples._Type328393

examples.MaxBag_ESTest > test16 FAILED
    java.lang.OutOfMemoryError at MaxBag_ESTest.java:249

examples.MaxBag_ESTest > test17 FAILED
    java.lang.OutOfMemoryError at MaxBag_ESTest.java:263

RegressionTest > RegressionTest0.test03 FAILED
    java.lang.OutOfMemoryError

RegressionTest > RegressionTest0.test06 FAILED
    java.lang.OutOfMemoryError

RegressionTest > RegressionTest0.test07 FAILED
    java.lang.OutOfMemoryError

RegressionTest > RegressionTest0.test08 FAILED
    java.lang.OutOfMemoryError

RegressionTest > RegressionTest0.test09 FAILED
    java.lang.OutOfMemoryError

RegressionTest > RegressionTest0.test10 FAILED
    java.lang.OutOfMemoryError

RegressionTest > RegressionTest0.test11 FAILED
    java.lang.OutOfMemoryError

RegressionTest > RegressionTest0.test12 FAILED
    java.lang.OutOfMemoryError

RegressionTest > RegressionTest0.test13 FAILED
    java.lang.OutOfMemoryError

RegressionTest > RegressionTest0.test14 FAILED
    java.lang.OutOfMemoryError

RegressionTest > RegressionTest0.test15 FAILED
    java.lang.OutOfMemoryError

RegressionTest > RegressionTest0.test16 FAILED
    java.lang.OutOfMemoryError

RegressionTest > RegressionTest0.test17 FAILED
    java.lang.OutOfMemoryError

RegressionTest > RegressionTest0.test18 FAILED
    java.lang.OutOfMemoryError

RegressionTest > RegressionTest0.test19 FAILED
    java.lang.OutOfMemoryError

RegressionTest > RegressionTest0.test20 FAILED
    java.lang.OutOfMemoryError

RegressionTest > RegressionTest0.test21 FAILED
    java.lang.OutOfMemoryError

RegressionTest > RegressionTest0.test22 FAILED
    java.lang.OutOfMemoryError

RegressionTest > RegressionTest0.test23 FAILED
    java.lang.OutOfMemoryError

RegressionTest > RegressionTest0.test24 FAILED
    java.lang.OutOfMemoryError

RegressionTest > RegressionTest0.test25 FAILED
    java.lang.OutOfMemoryError

RegressionTest > RegressionTest0.test26 FAILED
    java.lang.OutOfMemoryError

RegressionTest0 > test03 FAILED
    java.lang.OutOfMemoryError

RegressionTest0 > test06 FAILED
    java.lang.OutOfMemoryError

RegressionTest0 > test07 FAILED
    java.lang.OutOfMemoryError

RegressionTest0 > test08 FAILED
    java.lang.OutOfMemoryError

RegressionTest0 > test09 FAILED
    java.lang.OutOfMemoryError

RegressionTest0 > test10 FAILED
    java.lang.OutOfMemoryError

RegressionTest0 > test11 FAILED
    java.lang.OutOfMemoryError

RegressionTest0 > test12 FAILED
    java.lang.OutOfMemoryError

RegressionTest0 > test13 FAILED
    java.lang.OutOfMemoryError

RegressionTest0 > test14 FAILED
    java.lang.OutOfMemoryError

RegressionTest0 > test15 FAILED
    java.lang.OutOfMemoryError

RegressionTest0 > test16 FAILED
    java.lang.OutOfMemoryError

RegressionTest0 > test17 FAILED
    java.lang.OutOfMemoryError

RegressionTest0 > test18 FAILED
    java.lang.OutOfMemoryError

RegressionTest0 > test19 FAILED
    java.lang.OutOfMemoryError

RegressionTest0 > test20 FAILED
    java.lang.OutOfMemoryError

RegressionTest0 > test21 FAILED
    java.lang.OutOfMemoryError

RegressionTest0 > test22 FAILED
    java.lang.OutOfMemoryError

RegressionTest0 > test23 FAILED
    java.lang.OutOfMemoryError

RegressionTest0 > test24 FAILED
    java.lang.OutOfMemoryError

RegressionTest0 > test25 FAILED
    java.lang.OutOfMemoryError

RegressionTest0 > test26 FAILED
    java.lang.OutOfMemoryError
Results: FAILURE (75 tests, 29 successes, 46 failures, 0 skipped)
:test FAILED
4 actionable tasks: 4 executed
