:clean

BUILD SUCCESSFUL in 0s
1 actionable task: 1 executed
:compileJava
:processResources NO-SOURCE
:classes
:compileTestJava
:processTestResources NO-SOURCE
:testClasses
:jar
:assemble
:test

examples.MaxBag_ESTest STANDARD_OUT
    03:45:17.137 [Test worker] INFO  o.e.r.instrumentation.EvoClassLoader - Seeing class for first time: examples.MaxBag_ESTest
    03:45:17.139 [Test worker] INFO  o.e.r.instrumentation.EvoClassLoader - Instrumenting class 'examples.MaxBag_ESTest'.
    03:45:17.161 [Test worker] INFO  o.e.r.instrumentation.EvoClassLoader - Seeing class for first time: examples.MaxBag_ESTest_scaffolding
    03:45:17.162 [Test worker] INFO  o.e.r.instrumentation.EvoClassLoader - Instrumenting class 'examples.MaxBag_ESTest_scaffolding'.
    03:45:17.164 [Test worker] INFO  o.e.r.instrumentation.EvoClassLoader - Keeping class: examples.MaxBag_ESTest_scaffolding
    03:45:17.164 [Test worker] INFO  o.e.r.instrumentation.EvoClassLoader - Keeping class: examples.MaxBag_ESTest
    03:45:17.326 [Test worker] DEBUG o.e.runtime.sandbox.MSecurityManager - Adding privileged thread: "Reference Handler"
    03:45:17.326 [Test worker] DEBUG o.e.runtime.sandbox.MSecurityManager - Adding privileged thread: "Finalizer"
    03:45:17.326 [Test worker] DEBUG o.e.runtime.sandbox.MSecurityManager - Adding privileged thread: "Signal Dispatcher"
    03:45:17.326 [Test worker] DEBUG o.e.runtime.sandbox.MSecurityManager - Adding privileged thread: "Attach Listener"
    03:45:17.326 [Test worker] DEBUG o.e.runtime.sandbox.MSecurityManager - Adding privileged thread: "Java2D Disposer"
    03:45:17.327 [Test worker] DEBUG o.e.runtime.sandbox.MSecurityManager - Adding privileged thread: "AWT-Shutdown"
    03:45:17.327 [Test worker] DEBUG o.e.runtime.sandbox.MSecurityManager - Adding privileged thread: "AWT-Windows"
    03:45:17.327 [Test worker] DEBUG o.e.runtime.sandbox.MSecurityManager - Adding privileged thread: "main"
    03:45:17.327 [Test worker] DEBUG o.e.runtime.sandbox.MSecurityManager - Adding privileged thread: "Test worker"
    03:45:17.327 [Test worker] DEBUG o.e.runtime.sandbox.MSecurityManager - Adding privileged thread: "/127.0.0.1:53923 to /127.0.0.1:53922 workers Thread 2"
    03:45:17.327 [Test worker] DEBUG o.e.runtime.sandbox.MSecurityManager - Adding privileged thread: "/127.0.0.1:53923 to /127.0.0.1:53922 workers Thread 3"
    03:45:17.365 [Test worker] INFO  o.e.r.instrumentation.EvoClassLoader - Seeing class for first time: examples.MaxBag
    03:45:17.365 [Test worker] INFO  o.e.r.instrumentation.EvoClassLoader - Instrumenting class 'examples.MaxBag'.
    03:45:17.378 [Test worker] INFO  o.e.r.i.MethodCallReplacementClassAdapter - Adding mock interface to class examples/MaxBag
    03:45:17.501 [Test worker] INFO  o.e.r.i.CreateClassResetClassAdapter - Creating brand-new static initializer in class examples/MaxBag
    03:45:17.501 [Test worker] INFO  o.e.r.instrumentation.EvoClassLoader - Keeping class: examples.MaxBag
    03:45:17.502 [Test worker] INFO  o.e.r.instrumentation.EvoClassLoader - Seeing class for first time: examples._Type328393
    03:45:17.502 [Test worker] INFO  o.e.r.instrumentation.EvoClassLoader - Instrumenting class 'examples._Type328393'.
    03:45:17.503 [Test worker] INFO  o.e.r.i.MethodCallReplacementClassAdapter - Adding mock interface to class examples/_Type328393
    03:45:17.504 [Test worker] INFO  o.e.r.i.CreateClassResetClassAdapter - Creating brand-new static initializer in class examples/_Type328393
    03:45:17.504 [Test worker] INFO  o.e.r.instrumentation.EvoClassLoader - Keeping class: examples._Type328393

examples.MaxBag_ESTest > test16 FAILED
    java.lang.NullPointerException at MaxBag_ESTest.java:249

examples.MaxBag_ESTest > test17 FAILED
    java.lang.NullPointerException at MaxBag_ESTest.java:263

RegressionTest > RegressionTest0.test03 FAILED
    java.lang.NullPointerException at RegressionTest0.java:35

RegressionTest > RegressionTest0.test06 FAILED
    java.lang.NullPointerException at RegressionTest0.java:69

RegressionTest > RegressionTest0.test07 FAILED
    java.lang.NullPointerException at RegressionTest0.java:85

RegressionTest > RegressionTest0.test08 FAILED
    java.lang.NullPointerException at RegressionTest0.java:100

RegressionTest > RegressionTest0.test09 FAILED
    java.lang.NullPointerException at RegressionTest0.java:114

RegressionTest > RegressionTest0.test10 FAILED
    java.lang.NullPointerException at RegressionTest0.java:128

RegressionTest > RegressionTest0.test11 FAILED
    java.lang.NullPointerException at RegressionTest0.java:142

RegressionTest > RegressionTest0.test12 FAILED
    java.lang.NullPointerException at RegressionTest0.java:156

RegressionTest > RegressionTest0.test13 FAILED
    java.lang.NullPointerException at RegressionTest0.java:172

RegressionTest > RegressionTest0.test14 FAILED
    java.lang.NullPointerException at RegressionTest0.java:187

RegressionTest > RegressionTest0.test15 FAILED
    java.lang.NullPointerException at RegressionTest0.java:203

RegressionTest > RegressionTest0.test16 FAILED
    java.lang.NullPointerException at RegressionTest0.java:218

RegressionTest > RegressionTest0.test17 FAILED
    java.lang.NullPointerException at RegressionTest0.java:231

RegressionTest > RegressionTest0.test18 FAILED
    java.lang.NullPointerException at RegressionTest0.java:247

RegressionTest > RegressionTest0.test19 FAILED
    java.lang.NullPointerException at RegressionTest0.java:265

RegressionTest > RegressionTest0.test20 FAILED
    java.lang.NullPointerException at RegressionTest0.java:280

RegressionTest > RegressionTest0.test21 FAILED
    java.lang.NullPointerException at RegressionTest0.java:299

RegressionTest > RegressionTest0.test22 FAILED
    java.lang.NullPointerException at RegressionTest0.java:315

RegressionTest > RegressionTest0.test23 FAILED
    java.lang.NullPointerException at RegressionTest0.java:333

RegressionTest > RegressionTest0.test24 FAILED
    java.lang.NullPointerException at RegressionTest0.java:350

RegressionTest > RegressionTest0.test25 FAILED
    java.lang.NullPointerException at RegressionTest0.java:362

RegressionTest > RegressionTest0.test26 FAILED
    java.lang.NullPointerException at RegressionTest0.java:379

RegressionTest > RegressionTest0.test27 FAILED
    java.lang.NullPointerException at RegressionTest0.java:393

RegressionTest0 > test03 FAILED
    java.lang.NullPointerException at RegressionTest0.java:35

RegressionTest0 > test06 FAILED
    java.lang.NullPointerException at RegressionTest0.java:69

RegressionTest0 > test07 FAILED
    java.lang.NullPointerException at RegressionTest0.java:85

RegressionTest0 > test08 FAILED
    java.lang.NullPointerException at RegressionTest0.java:100

RegressionTest0 > test09 FAILED
    java.lang.NullPointerException at RegressionTest0.java:114

RegressionTest0 > test10 FAILED
    java.lang.NullPointerException at RegressionTest0.java:128

RegressionTest0 > test11 FAILED
    java.lang.NullPointerException at RegressionTest0.java:142

RegressionTest0 > test12 FAILED
    java.lang.NullPointerException at RegressionTest0.java:156

RegressionTest0 > test13 FAILED
    java.lang.NullPointerException at RegressionTest0.java:172

RegressionTest0 > test14 FAILED
    java.lang.NullPointerException at RegressionTest0.java:187

RegressionTest0 > test15 FAILED
    java.lang.NullPointerException at RegressionTest0.java:203

RegressionTest0 > test16 FAILED
    java.lang.NullPointerException at RegressionTest0.java:218

RegressionTest0 > test17 FAILED
    java.lang.NullPointerException at RegressionTest0.java:231

RegressionTest0 > test18 FAILED
    java.lang.NullPointerException at RegressionTest0.java:247

RegressionTest0 > test19 FAILED
    java.lang.NullPointerException at RegressionTest0.java:265

RegressionTest0 > test20 FAILED
    java.lang.NullPointerException at RegressionTest0.java:280

RegressionTest0 > test21 FAILED
    java.lang.NullPointerException at RegressionTest0.java:299

RegressionTest0 > test22 FAILED
    java.lang.NullPointerException at RegressionTest0.java:315

RegressionTest0 > test23 FAILED
    java.lang.NullPointerException at RegressionTest0.java:333

RegressionTest0 > test24 FAILED
    java.lang.NullPointerException at RegressionTest0.java:350

RegressionTest0 > test25 FAILED
    java.lang.NullPointerException at RegressionTest0.java:362

RegressionTest0 > test26 FAILED
    java.lang.NullPointerException at RegressionTest0.java:379

RegressionTest0 > test27 FAILED
    java.lang.NullPointerException at RegressionTest0.java:393
Results: FAILURE (75 tests, 27 successes, 48 failures, 0 skipped)
:test FAILED
4 actionable tasks: 4 executed
