:clean

BUILD SUCCESSFUL in 0s
1 actionable task: 1 executed
:compileJava
:processResources NO-SOURCE
:classes
:compileTestJava
:processTestResources NO-SOURCE
:testClasses
:jar
:assemble
:test

DataStructures.QueueAr_ESTest STANDARD_OUT
    22:59:50.834 [Test worker] INFO  o.e.r.instrumentation.EvoClassLoader - Seeing class for first time: DataStructures.QueueAr_ESTest
    22:59:50.836 [Test worker] INFO  o.e.r.instrumentation.EvoClassLoader - Instrumenting class 'DataStructures.QueueAr_ESTest'.
    22:59:50.861 [Test worker] INFO  o.e.r.instrumentation.EvoClassLoader - Seeing class for first time: DataStructures.QueueAr_ESTest_scaffolding
    22:59:50.861 [Test worker] INFO  o.e.r.instrumentation.EvoClassLoader - Instrumenting class 'DataStructures.QueueAr_ESTest_scaffolding'.
    22:59:50.863 [Test worker] INFO  o.e.r.instrumentation.EvoClassLoader - Keeping class: DataStructures.QueueAr_ESTest_scaffolding
    22:59:50.863 [Test worker] INFO  o.e.r.instrumentation.EvoClassLoader - Keeping class: DataStructures.QueueAr_ESTest
    22:59:51.023 [Test worker] DEBUG o.e.runtime.sandbox.MSecurityManager - Adding privileged thread: "Reference Handler"
    22:59:51.023 [Test worker] DEBUG o.e.runtime.sandbox.MSecurityManager - Adding privileged thread: "Finalizer"
    22:59:51.023 [Test worker] DEBUG o.e.runtime.sandbox.MSecurityManager - Adding privileged thread: "Signal Dispatcher"
    22:59:51.023 [Test worker] DEBUG o.e.runtime.sandbox.MSecurityManager - Adding privileged thread: "Attach Listener"
    22:59:51.023 [Test worker] DEBUG o.e.runtime.sandbox.MSecurityManager - Adding privileged thread: "Java2D Disposer"
    22:59:51.023 [Test worker] DEBUG o.e.runtime.sandbox.MSecurityManager - Adding privileged thread: "AWT-Shutdown"
    22:59:51.023 [Test worker] DEBUG o.e.runtime.sandbox.MSecurityManager - Adding privileged thread: "AWT-Windows"
    22:59:51.023 [Test worker] DEBUG o.e.runtime.sandbox.MSecurityManager - Adding privileged thread: "main"
    22:59:51.023 [Test worker] DEBUG o.e.runtime.sandbox.MSecurityManager - Adding privileged thread: "Test worker"
    22:59:51.023 [Test worker] DEBUG o.e.runtime.sandbox.MSecurityManager - Adding privileged thread: "/127.0.0.1:59374 to /127.0.0.1:59373 workers Thread 2"
    22:59:51.023 [Test worker] DEBUG o.e.runtime.sandbox.MSecurityManager - Adding privileged thread: "/127.0.0.1:59374 to /127.0.0.1:59373 workers Thread 3"
    22:59:51.064 [Test worker] INFO  o.e.r.instrumentation.EvoClassLoader - Seeing class for first time: DataStructures.QueueAr
    22:59:51.064 [Test worker] INFO  o.e.r.instrumentation.EvoClassLoader - Instrumenting class 'DataStructures.QueueAr'.
    22:59:51.076 [Test worker] INFO  o.e.r.i.MethodCallReplacementClassAdapter - Adding mock interface to class DataStructures/QueueAr
    22:59:51.196 [Test worker] INFO  o.e.r.i.CreateClassResetClassAdapter - Creating brand-new static initializer in class DataStructures/QueueAr
    22:59:51.197 [Test worker] INFO  o.e.r.instrumentation.EvoClassLoader - Keeping class: DataStructures.QueueAr
    22:59:51.197 [Test worker] INFO  o.e.r.instrumentation.EvoClassLoader - Seeing class for first time: DataStructures.Overflow
    22:59:51.197 [Test worker] INFO  o.e.r.instrumentation.EvoClassLoader - Instrumenting class 'DataStructures.Overflow'.
    22:59:51.198 [Test worker] INFO  o.e.r.i.MethodCallReplacementClassAdapter - Adding mock interface to class DataStructures/Overflow
    22:59:51.198 [Test worker] INFO  o.e.r.i.CreateClassResetClassAdapter - Creating brand-new static initializer in class DataStructures/Overflow
    22:59:51.198 [Test worker] INFO  o.e.r.instrumentation.EvoClassLoader - Keeping class: DataStructures.Overflow

DataStructures.QueueAr_ESTest > test01 FAILED
    java.lang.AssertionError at QueueAr_ESTest.java:35

RegressionTest > RegressionTest0.test02 FAILED
    java.lang.ArrayIndexOutOfBoundsException at RegressionTest0.java:33

RegressionTest > RegressionTest0.test03 FAILED
    java.lang.ArrayIndexOutOfBoundsException at RegressionTest0.java:53

RegressionTest > RegressionTest0.test04 FAILED
    java.lang.ArrayIndexOutOfBoundsException at RegressionTest0.java:69

RegressionTest > RegressionTest0.test05 FAILED
    java.lang.ArrayIndexOutOfBoundsException at RegressionTest0.java:91

RegressionTest > RegressionTest0.test06 FAILED
    java.lang.ArrayIndexOutOfBoundsException at RegressionTest0.java:115

RegressionTest > RegressionTest0.test09 FAILED
    java.lang.ArrayIndexOutOfBoundsException at RegressionTest0.java:163

RegressionTest > RegressionTest0.test10 FAILED
    java.lang.ArrayIndexOutOfBoundsException at RegressionTest0.java:183

RegressionTest > RegressionTest0.test12 FAILED
    java.lang.ArrayIndexOutOfBoundsException at RegressionTest0.java:220

RegressionTest > RegressionTest0.test13 FAILED
    java.lang.ArrayIndexOutOfBoundsException at RegressionTest0.java:249

RegressionTest > RegressionTest0.test14 FAILED
    java.lang.ArrayIndexOutOfBoundsException at RegressionTest0.java:265

RegressionTest > RegressionTest0.test17 FAILED
    java.lang.ArrayIndexOutOfBoundsException at RegressionTest0.java:304

RegressionTest > RegressionTest0.test18 FAILED
    java.lang.ArrayIndexOutOfBoundsException at RegressionTest0.java:319

RegressionTest > RegressionTest0.test20 FAILED
    java.lang.ArrayIndexOutOfBoundsException at RegressionTest0.java:340

RegressionTest > RegressionTest0.test21 FAILED
    java.lang.ArrayIndexOutOfBoundsException at RegressionTest0.java:357

RegressionTest > RegressionTest0.test23 FAILED
    java.lang.ArrayIndexOutOfBoundsException at RegressionTest0.java:386

RegressionTest > RegressionTest0.test25 FAILED
    java.lang.ArrayIndexOutOfBoundsException at RegressionTest0.java:408

RegressionTest > RegressionTest0.test26 FAILED
    java.lang.ArrayIndexOutOfBoundsException at RegressionTest0.java:427

RegressionTest > RegressionTest0.test29 FAILED
    java.lang.ArrayIndexOutOfBoundsException at RegressionTest0.java:476

RegressionTest > RegressionTest0.test30 FAILED
    java.lang.ArrayIndexOutOfBoundsException at RegressionTest0.java:492

RegressionTest > RegressionTest0.test32 FAILED
    java.lang.AssertionError at RegressionTest0.java:518

RegressionTest > RegressionTest0.test33 FAILED
    java.lang.ArrayIndexOutOfBoundsException at RegressionTest0.java:531

RegressionTest > RegressionTest0.test34 FAILED
    java.lang.ArrayIndexOutOfBoundsException at RegressionTest0.java:548

RegressionTest > RegressionTest0.test38 FAILED
    java.lang.AssertionError at RegressionTest0.java:608

RegressionTest > RegressionTest0.test40 FAILED
    java.lang.ArrayIndexOutOfBoundsException at RegressionTest0.java:632

RegressionTest > RegressionTest0.test43 FAILED
    java.lang.ArrayIndexOutOfBoundsException at RegressionTest0.java:669

RegressionTest > RegressionTest0.test45 FAILED
    java.lang.ArrayIndexOutOfBoundsException at RegressionTest0.java:704

RegressionTest0 > test02 FAILED
    java.lang.ArrayIndexOutOfBoundsException at RegressionTest0.java:33

RegressionTest0 > test03 FAILED
    java.lang.ArrayIndexOutOfBoundsException at RegressionTest0.java:53

RegressionTest0 > test04 FAILED
    java.lang.ArrayIndexOutOfBoundsException at RegressionTest0.java:69

RegressionTest0 > test05 FAILED
    java.lang.ArrayIndexOutOfBoundsException at RegressionTest0.java:91

RegressionTest0 > test06 FAILED
    java.lang.ArrayIndexOutOfBoundsException at RegressionTest0.java:115

RegressionTest0 > test09 FAILED
    java.lang.ArrayIndexOutOfBoundsException at RegressionTest0.java:163

RegressionTest0 > test10 FAILED
    java.lang.ArrayIndexOutOfBoundsException at RegressionTest0.java:183

RegressionTest0 > test12 FAILED
    java.lang.ArrayIndexOutOfBoundsException at RegressionTest0.java:220

RegressionTest0 > test13 FAILED
    java.lang.ArrayIndexOutOfBoundsException at RegressionTest0.java:249

RegressionTest0 > test14 FAILED
    java.lang.ArrayIndexOutOfBoundsException at RegressionTest0.java:265

RegressionTest0 > test17 FAILED
    java.lang.ArrayIndexOutOfBoundsException at RegressionTest0.java:304

RegressionTest0 > test18 FAILED
    java.lang.ArrayIndexOutOfBoundsException at RegressionTest0.java:319

RegressionTest0 > test20 FAILED
    java.lang.ArrayIndexOutOfBoundsException at RegressionTest0.java:340

RegressionTest0 > test21 FAILED
    java.lang.ArrayIndexOutOfBoundsException at RegressionTest0.java:357

RegressionTest0 > test23 FAILED
    java.lang.ArrayIndexOutOfBoundsException at RegressionTest0.java:386

RegressionTest0 > test25 FAILED
    java.lang.ArrayIndexOutOfBoundsException at RegressionTest0.java:408

RegressionTest0 > test26 FAILED
    java.lang.ArrayIndexOutOfBoundsException at RegressionTest0.java:427

RegressionTest0 > test29 FAILED
    java.lang.ArrayIndexOutOfBoundsException at RegressionTest0.java:476

RegressionTest0 > test30 FAILED
    java.lang.ArrayIndexOutOfBoundsException at RegressionTest0.java:492

RegressionTest0 > test32 FAILED
    java.lang.AssertionError at RegressionTest0.java:518

RegressionTest0 > test33 FAILED
    java.lang.ArrayIndexOutOfBoundsException at RegressionTest0.java:531

RegressionTest0 > test34 FAILED
    java.lang.ArrayIndexOutOfBoundsException at RegressionTest0.java:548

RegressionTest0 > test38 FAILED
    java.lang.AssertionError at RegressionTest0.java:608

RegressionTest0 > test40 FAILED
    java.lang.ArrayIndexOutOfBoundsException at RegressionTest0.java:632

RegressionTest0 > test43 FAILED
    java.lang.ArrayIndexOutOfBoundsException at RegressionTest0.java:669

RegressionTest0 > test45 FAILED
    java.lang.ArrayIndexOutOfBoundsException at RegressionTest0.java:704

testers.QueueArTester0 > test108 FAILED
    DataStructures.Overflow at QueueArTester0.java:1452

testers.QueueArTester0 > test143 FAILED
    java.lang.ArrayIndexOutOfBoundsException at QueueArTester0.java:1964
Results: FAILURE (343 tests, 288 successes, 55 failures, 0 skipped)
:test FAILED
4 actionable tasks: 4 executed
