:clean

BUILD SUCCESSFUL in 2s
1 actionable task: 1 executed
:compileJava
:processResources NO-SOURCE
:classes
:compileTestJava
:processTestResources NO-SOURCE
:testClasses
:jar
:assemble
:test

org.apache.commons.math3.util.MathUtilsNew_ESTest STANDARD_OUT
    03:46:26.212 [Test worker] INFO  o.e.r.instrumentation.EvoClassLoader - Seeing class for first time: org.apache.commons.math3.util.MathUtilsNew_ESTest
    03:46:26.218 [Test worker] INFO  o.e.r.instrumentation.EvoClassLoader - Instrumenting class 'org.apache.commons.math3.util.MathUtilsNew_ESTest'.
    03:46:26.263 [Test worker] INFO  o.e.r.instrumentation.EvoClassLoader - Seeing class for first time: org.apache.commons.math3.util.MathUtilsNew_ESTest_scaffolding
    03:46:26.263 [Test worker] INFO  o.e.r.instrumentation.EvoClassLoader - Instrumenting class 'org.apache.commons.math3.util.MathUtilsNew_ESTest_scaffolding'.
    03:46:26.268 [Test worker] INFO  o.e.r.instrumentation.EvoClassLoader - Keeping class: org.apache.commons.math3.util.MathUtilsNew_ESTest_scaffolding
    03:46:26.269 [Test worker] INFO  o.e.r.instrumentation.EvoClassLoader - Keeping class: org.apache.commons.math3.util.MathUtilsNew_ESTest
    03:46:26.646 [Test worker] DEBUG o.e.runtime.sandbox.MSecurityManager - Adding privileged thread: "Reference Handler"
    03:46:26.647 [Test worker] DEBUG o.e.runtime.sandbox.MSecurityManager - Adding privileged thread: "Finalizer"
    03:46:26.647 [Test worker] DEBUG o.e.runtime.sandbox.MSecurityManager - Adding privileged thread: "Signal Dispatcher"
    03:46:26.647 [Test worker] DEBUG o.e.runtime.sandbox.MSecurityManager - Adding privileged thread: "Attach Listener"
    03:46:26.647 [Test worker] DEBUG o.e.runtime.sandbox.MSecurityManager - Adding privileged thread: "Java2D Disposer"
    03:46:26.648 [Test worker] DEBUG o.e.runtime.sandbox.MSecurityManager - Adding privileged thread: "AWT-Shutdown"
    03:46:26.648 [Test worker] DEBUG o.e.runtime.sandbox.MSecurityManager - Adding privileged thread: "AWT-Windows"
    03:46:26.648 [Test worker] DEBUG o.e.runtime.sandbox.MSecurityManager - Adding privileged thread: "main"
    03:46:26.648 [Test worker] DEBUG o.e.runtime.sandbox.MSecurityManager - Adding privileged thread: "Test worker"
    03:46:26.648 [Test worker] DEBUG o.e.runtime.sandbox.MSecurityManager - Adding privileged thread: "/127.0.0.1:51256 to /127.0.0.1:51255 workers Thread 2"
    03:46:26.649 [Test worker] DEBUG o.e.runtime.sandbox.MSecurityManager - Adding privileged thread: "/127.0.0.1:51256 to /127.0.0.1:51255 workers Thread 3"
    03:46:26.742 [Test worker] INFO  o.e.r.instrumentation.EvoClassLoader - Seeing class for first time: org.apache.commons.math3.util.MathUtilsNew
    03:46:26.742 [Test worker] INFO  o.e.r.instrumentation.EvoClassLoader - Instrumenting class 'org.apache.commons.math3.util.MathUtilsNew'.
    03:46:26.778 [Test worker] INFO  o.e.r.i.MethodCallReplacementClassAdapter - Adding mock interface to class org/apache/commons/math3/util/MathUtilsNew
    03:46:27.048 [Test worker] INFO  o.e.r.i.CreateClassResetClassAdapter - Creating brand-new static initializer in class org/apache/commons/math3/util/MathUtilsNew
    03:46:27.049 [Test worker] INFO  o.e.r.instrumentation.EvoClassLoader - Keeping class: org.apache.commons.math3.util.MathUtilsNew
    03:46:27.049 [Test worker] INFO  o.e.r.instrumentation.EvoClassLoader - Seeing class for first time: org.apache.commons.math3.exception.util.Localizable
    03:46:27.050 [Test worker] INFO  o.e.r.instrumentation.EvoClassLoader - Instrumenting class 'org.apache.commons.math3.exception.util.Localizable'.
    03:46:27.055 [Test worker] INFO  o.e.r.instrumentation.EvoClassLoader - Defined package (3): package org.apache.commons.math3.exception.util, -505269952
    03:46:27.055 [Test worker] INFO  o.e.r.instrumentation.EvoClassLoader - Keeping class: org.apache.commons.math3.exception.util.Localizable
    03:46:27.055 [Test worker] INFO  o.e.r.instrumentation.EvoClassLoader - Seeing class for first time: org.apache.commons.math3.exception.MathArithmeticException
    03:46:27.055 [Test worker] INFO  o.e.r.instrumentation.EvoClassLoader - Instrumenting class 'org.apache.commons.math3.exception.MathArithmeticException'.
    03:46:27.058 [Test worker] INFO  o.e.r.i.MethodCallReplacementClassAdapter - Adding mock interface to class org/apache/commons/math3/exception/MathArithmeticException
    03:46:27.059 [Test worker] INFO  o.e.r.i.CreateClassResetClassAdapter - Creating brand-new static initializer in class org/apache/commons/math3/exception/MathArithmeticException
    03:46:27.062 [Test worker] INFO  o.e.r.instrumentation.EvoClassLoader - Defined package (3): package org.apache.commons.math3.exception, 1643916784
    03:46:27.062 [Test worker] INFO  o.e.r.instrumentation.EvoClassLoader - Seeing class for first time: org.apache.commons.math3.exception.util.ExceptionContextProvider
    03:46:27.062 [Test worker] INFO  o.e.r.instrumentation.EvoClassLoader - Instrumenting class 'org.apache.commons.math3.exception.util.ExceptionContextProvider'.
    03:46:27.065 [Test worker] INFO  o.e.r.instrumentation.EvoClassLoader - Keeping class: org.apache.commons.math3.exception.util.ExceptionContextProvider
    03:46:27.066 [Test worker] INFO  o.e.r.instrumentation.EvoClassLoader - Keeping class: org.apache.commons.math3.exception.MathArithmeticException
    03:46:27.067 [Test worker] INFO  o.e.r.instrumentation.EvoClassLoader - Seeing class for first time: org.apache.commons.math3.exception.util.LocalizedFormats
    03:46:27.067 [Test worker] INFO  o.e.r.instrumentation.EvoClassLoader - Instrumenting class 'org.apache.commons.math3.exception.util.LocalizedFormats'.
    03:46:27.073 [Test worker] INFO  o.e.r.i.MethodCallReplacementClassAdapter - Adding mock interface to class org/apache/commons/math3/exception/util/LocalizedFormats
    03:46:27.084 [Test worker] INFO  o.e.r.i.CreateClassResetClassAdapter - Found static initializer in class org/apache/commons/math3/exception/util/LocalizedFormats
    03:46:27.099 [Test worker] INFO  o.e.r.instrumentation.EvoClassLoader - Keeping class: org.apache.commons.math3.exception.util.LocalizedFormats
    03:46:27.107 [Test worker] INFO  o.e.r.instrumentation.EvoClassLoader - Seeing class for first time: org.apache.commons.math3.exception.util.ExceptionContext
    03:46:27.107 [Test worker] INFO  o.e.r.instrumentation.EvoClassLoader - Instrumenting class 'org.apache.commons.math3.exception.util.ExceptionContext'.
    03:46:27.111 [Test worker] INFO  o.e.r.i.MethodCallReplacementClassAdapter - Adding mock interface to class org/apache/commons/math3/exception/util/ExceptionContext
    03:46:27.117 [Test worker] INFO  o.e.r.i.CreateClassResetClassAdapter - Creating brand-new static initializer in class org/apache/commons/math3/exception/util/ExceptionContext
    03:46:27.118 [Test worker] INFO  o.e.r.instrumentation.EvoClassLoader - Keeping class: org.apache.commons.math3.exception.util.ExceptionContext
    03:46:27.120 [Test worker] INFO  o.e.r.instrumentation.EvoClassLoader - Seeing class for first time: org.apache.commons.math3.exception.util.ArgUtils
    03:46:27.121 [Test worker] INFO  o.e.r.instrumentation.EvoClassLoader - Instrumenting class 'org.apache.commons.math3.exception.util.ArgUtils'.
    03:46:27.124 [Test worker] INFO  o.e.r.i.MethodCallReplacementClassAdapter - Adding mock interface to class org/apache/commons/math3/exception/util/ArgUtils
    03:46:27.125 [Test worker] INFO  o.e.r.i.CreateClassResetClassAdapter - Creating brand-new static initializer in class org/apache/commons/math3/exception/util/ArgUtils
    03:46:27.126 [Test worker] INFO  o.e.r.instrumentation.EvoClassLoader - Keeping class: org.apache.commons.math3.exception.util.ArgUtils

org.apache.commons.math3.util.MathUtilsNew_ESTest > test2 FAILED
    java.lang.AssertionError at MathUtilsNew_ESTest.java:35

org.apache.commons.math3.util.MathUtilsNew_ESTest > test6 FAILED
    java.lang.AssertionError at MathUtilsNew_ESTest.java:66

RegressionTest > RegressionTest0.test02 FAILED
    java.lang.AssertionError at RegressionTest0.java:24

RegressionTest > RegressionTest0.test09 FAILED
    java.lang.AssertionError at RegressionTest0.java:80

RegressionTest > RegressionTest0.test14 FAILED
    java.lang.AssertionError at RegressionTest0.java:121

RegressionTest > RegressionTest0.test22 FAILED
    java.lang.AssertionError at RegressionTest0.java:185

RegressionTest > RegressionTest0.test27 FAILED
    java.lang.AssertionError at RegressionTest0.java:225

RegressionTest > RegressionTest0.test38 FAILED
    java.lang.AssertionError at RegressionTest0.java:313

RegressionTest > RegressionTest0.test45 FAILED
    java.lang.AssertionError at RegressionTest0.java:369

RegressionTest > RegressionTest0.test48 FAILED
    java.lang.AssertionError at RegressionTest0.java:393

RegressionTest > RegressionTest0.test50 FAILED
    java.lang.AssertionError at RegressionTest0.java:409

RegressionTest0 > test02 FAILED
    java.lang.AssertionError at RegressionTest0.java:24

RegressionTest0 > test09 FAILED
    java.lang.AssertionError at RegressionTest0.java:80

RegressionTest0 > test14 FAILED
    java.lang.AssertionError at RegressionTest0.java:121

RegressionTest0 > test22 FAILED
    java.lang.AssertionError at RegressionTest0.java:185

RegressionTest0 > test27 FAILED
    java.lang.AssertionError at RegressionTest0.java:225

RegressionTest0 > test38 FAILED
    java.lang.AssertionError at RegressionTest0.java:313

RegressionTest0 > test45 FAILED
    java.lang.AssertionError at RegressionTest0.java:369

RegressionTest0 > test48 FAILED
    java.lang.AssertionError at RegressionTest0.java:393

RegressionTest0 > test50 FAILED
    java.lang.AssertionError at RegressionTest0.java:409
Results: FAILURE (607 tests, 587 successes, 20 failures, 0 skipped)
:test FAILED
4 actionable tasks: 4 executed
