:clean

BUILD SUCCESSFUL in 3s
1 actionable task: 1 executed
:compileJava
:processResources NO-SOURCE
:classes
:compileTestJava
:processTestResources NO-SOURCE
:testClasses
:jar
:assemble
:test

examples.RingBuffer_ESTest STANDARD_OUT
    16:45:28.650 [Test worker] INFO  o.e.r.instrumentation.EvoClassLoader - Seeing class for first time: examples.RingBuffer_ESTest
    16:45:28.662 [Test worker] INFO  o.e.r.instrumentation.EvoClassLoader - Instrumenting class 'examples.RingBuffer_ESTest'.
    16:45:28.701 [Test worker] INFO  o.e.r.instrumentation.EvoClassLoader - Seeing class for first time: examples.RingBuffer_ESTest_scaffolding
    16:45:28.701 [Test worker] INFO  o.e.r.instrumentation.EvoClassLoader - Instrumenting class 'examples.RingBuffer_ESTest_scaffolding'.
    16:45:28.707 [Test worker] INFO  o.e.r.instrumentation.EvoClassLoader - Keeping class: examples.RingBuffer_ESTest_scaffolding
    16:45:28.707 [Test worker] INFO  o.e.r.instrumentation.EvoClassLoader - Keeping class: examples.RingBuffer_ESTest
    16:45:29.167 [Test worker] DEBUG o.e.runtime.sandbox.MSecurityManager - Adding privileged thread: "Reference Handler"
    16:45:29.167 [Test worker] DEBUG o.e.runtime.sandbox.MSecurityManager - Adding privileged thread: "Finalizer"
    16:45:29.167 [Test worker] DEBUG o.e.runtime.sandbox.MSecurityManager - Adding privileged thread: "Signal Dispatcher"
    16:45:29.168 [Test worker] DEBUG o.e.runtime.sandbox.MSecurityManager - Adding privileged thread: "Attach Listener"
    16:45:29.168 [Test worker] DEBUG o.e.runtime.sandbox.MSecurityManager - Adding privileged thread: "Java2D Disposer"
    16:45:29.168 [Test worker] DEBUG o.e.runtime.sandbox.MSecurityManager - Adding privileged thread: "AWT-Shutdown"
    16:45:29.168 [Test worker] DEBUG o.e.runtime.sandbox.MSecurityManager - Adding privileged thread: "AWT-Windows"
    16:45:29.168 [Test worker] DEBUG o.e.runtime.sandbox.MSecurityManager - Adding privileged thread: "main"
    16:45:29.168 [Test worker] DEBUG o.e.runtime.sandbox.MSecurityManager - Adding privileged thread: "Test worker"
    16:45:29.168 [Test worker] DEBUG o.e.runtime.sandbox.MSecurityManager - Adding privileged thread: "/127.0.0.1:61986 to /127.0.0.1:61983 workers Thread 2"
    16:45:29.168 [Test worker] DEBUG o.e.runtime.sandbox.MSecurityManager - Adding privileged thread: "/127.0.0.1:61986 to /127.0.0.1:61983 workers Thread 3"
    16:45:29.268 [Test worker] INFO  o.e.r.instrumentation.EvoClassLoader - Seeing class for first time: examples.RingBuffer
    16:45:29.268 [Test worker] INFO  o.e.r.instrumentation.EvoClassLoader - Instrumenting class 'examples.RingBuffer'.
    16:45:29.285 [Test worker] INFO  o.e.r.i.MethodCallReplacementClassAdapter - Adding mock interface to class examples/RingBuffer
    16:45:29.516 [Test worker] INFO  o.e.r.i.CreateClassResetClassAdapter - Creating brand-new static initializer in class examples/RingBuffer
    16:45:29.516 [Test worker] INFO  o.e.r.instrumentation.EvoClassLoader - Keeping class: examples.RingBuffer

examples.RingBuffer_ESTest > test08 FAILED
    java.lang.AssertionError at RingBuffer_ESTest.java:100

examples.RingBuffer_ESTest > test09 FAILED
    java.lang.AssertionError at RingBuffer_ESTest.java:118

examples.RingBuffer_ESTest > test06 FAILED
    java.lang.AssertionError at RingBuffer_ESTest.java:84

examples.RingBuffer_ESTest > test15 FAILED
    java.lang.AssertionError at RingBuffer_ESTest.java:200

examples.RingBuffer_ESTest > test05 FAILED
    java.lang.AssertionError at RingBuffer_ESTest.java:76

examples.RingBuffer_ESTest > test02 FAILED
    java.lang.ArrayIndexOutOfBoundsException at RingBuffer_ESTest.java:52

examples.RingBuffer_ESTest > test03 STANDARD_OUT
    16:45:29.606 [Test worker] INFO  o.e.runtime.thread.ThreadStopper - Found new thread

examples.RingBuffer_ESTest > test03 FAILED
    java.lang.AssertionError at RingBuffer_ESTest.java:60

examples.RingBuffer_ESTest > test11 FAILED
    java.lang.AssertionError at RingBuffer_ESTest.java:146

examples.RingBuffer_ESTest > test12 FAILED
    java.lang.AssertionError at RingBuffer_ESTest.java:156

examples.RingBuffer_ESTest > test10 FAILED
    java.lang.ArrayIndexOutOfBoundsException

RegressionTest > RegressionTest0.test03 FAILED
    java.lang.AssertionError at RegressionTest0.java:41

RegressionTest > RegressionTest0.test04 FAILED
    java.lang.AssertionError at RegressionTest0.java:56

RegressionTest > RegressionTest0.test05 FAILED
    java.lang.AssertionError at RegressionTest0.java:70

RegressionTest > RegressionTest0.test06 FAILED
    java.lang.ArrayIndexOutOfBoundsException

RegressionTest > RegressionTest0.test07 FAILED
    java.lang.AssertionError at RegressionTest0.java:102

RegressionTest > RegressionTest0.test08 FAILED
    java.lang.AssertionError at RegressionTest0.java:117

RegressionTest > RegressionTest0.test09 FAILED
    java.lang.AssertionError at RegressionTest0.java:133

RegressionTest > RegressionTest0.test11 FAILED
    java.lang.ArrayIndexOutOfBoundsException

RegressionTest > RegressionTest0.test12 FAILED
    java.lang.AssertionError at RegressionTest0.java:171

RegressionTest > RegressionTest0.test13 FAILED
    java.lang.AssertionError at RegressionTest0.java:184

RegressionTest > RegressionTest0.test17 FAILED
    java.lang.AssertionError at RegressionTest0.java:239

RegressionTest > RegressionTest0.test18 FAILED
    java.lang.ArrayIndexOutOfBoundsException

RegressionTest > RegressionTest0.test19 FAILED
    java.lang.AssertionError at RegressionTest0.java:268

RegressionTest > RegressionTest0.test20 FAILED
    java.lang.AssertionError at RegressionTest0.java:291

RegressionTest > RegressionTest0.test22 FAILED
    java.lang.AssertionError at RegressionTest0.java:319

RegressionTest > RegressionTest0.test23 FAILED
    java.lang.AssertionError at RegressionTest0.java:342

RegressionTest > RegressionTest0.test24 FAILED
    java.lang.ArrayIndexOutOfBoundsException

RegressionTest > RegressionTest0.test25 FAILED
    java.lang.AssertionError at RegressionTest0.java:378

RegressionTest > RegressionTest0.test26 FAILED
    java.lang.AssertionError at RegressionTest0.java:392

RegressionTest > RegressionTest0.test29 FAILED
    java.lang.AssertionError at RegressionTest0.java:424

RegressionTest > RegressionTest0.test31 FAILED
    java.lang.AssertionError at RegressionTest0.java:452

RegressionTest > RegressionTest0.test32 FAILED
    java.lang.AssertionError at RegressionTest0.java:467

RegressionTest > RegressionTest0.test34 FAILED
    java.lang.AssertionError at RegressionTest0.java:489

RegressionTest > RegressionTest0.test35 FAILED
    java.lang.AssertionError at RegressionTest0.java:504

RegressionTest > RegressionTest0.test36 FAILED
    java.lang.AssertionError at RegressionTest0.java:517

RegressionTest > RegressionTest0.test38 FAILED
    java.lang.AssertionError at RegressionTest0.java:539

RegressionTest > RegressionTest0.test40 FAILED
    java.lang.AssertionError at RegressionTest0.java:572

RegressionTest > RegressionTest0.test41 FAILED
    java.lang.AssertionError at RegressionTest0.java:590

RegressionTest > RegressionTest0.test42 FAILED
    java.lang.AssertionError at RegressionTest0.java:606

RegressionTest > RegressionTest0.test43 FAILED
    java.lang.AssertionError at RegressionTest0.java:623

RegressionTest > RegressionTest0.test44 FAILED
    java.lang.ArrayIndexOutOfBoundsException

RegressionTest > RegressionTest0.test45 FAILED
    java.lang.AssertionError at RegressionTest0.java:657

RegressionTest > RegressionTest0.test46 FAILED
    java.lang.AssertionError at RegressionTest0.java:677

RegressionTest > RegressionTest0.test47 FAILED
    java.lang.AssertionError at RegressionTest0.java:693

RegressionTest > RegressionTest0.test49 FAILED
    java.lang.AssertionError at RegressionTest0.java:722

RegressionTest > RegressionTest0.test50 FAILED
    java.lang.AssertionError at RegressionTest0.java:737

RegressionTest > RegressionTest0.test51 FAILED
    java.lang.ArrayIndexOutOfBoundsException

RegressionTest > RegressionTest0.test53 FAILED
    java.lang.AssertionError at RegressionTest0.java:781

RegressionTest > RegressionTest0.test54 FAILED
    java.lang.AssertionError at RegressionTest0.java:797

RegressionTest > RegressionTest0.test55 FAILED
    java.lang.AssertionError at RegressionTest0.java:814

RegressionTest > RegressionTest0.test56 FAILED
    java.lang.AssertionError at RegressionTest0.java:831

RegressionTest > RegressionTest0.test57 FAILED
    java.lang.AssertionError at RegressionTest0.java:846

RegressionTest > RegressionTest0.test59 FAILED
    java.lang.AssertionError at RegressionTest0.java:875

RegressionTest > RegressionTest0.test60 FAILED
    java.lang.AssertionError at RegressionTest0.java:890

RegressionTest > RegressionTest0.test62 FAILED
    java.lang.AssertionError at RegressionTest0.java:916

RegressionTest > RegressionTest0.test63 FAILED
    java.lang.AssertionError at RegressionTest0.java:929

RegressionTest > RegressionTest0.test65 FAILED
    java.lang.AssertionError at RegressionTest0.java:950

RegressionTest > RegressionTest0.test67 FAILED
    java.lang.AssertionError at RegressionTest0.java:975

RegressionTest > RegressionTest0.test68 FAILED
    java.lang.AssertionError at RegressionTest0.java:992

RegressionTest > RegressionTest0.test70 FAILED
    java.lang.AssertionError at RegressionTest0.java:1022

RegressionTest > RegressionTest0.test71 FAILED
    java.lang.ArrayIndexOutOfBoundsException

RegressionTest > RegressionTest0.test72 FAILED
    java.lang.AssertionError at RegressionTest0.java:1061

RegressionTest > RegressionTest0.test73 FAILED
    java.lang.AssertionError at RegressionTest0.java:1082

RegressionTest > RegressionTest0.test75 FAILED
    java.lang.AssertionError at RegressionTest0.java:1112

RegressionTest > RegressionTest0.test77 FAILED
    java.lang.AssertionError at RegressionTest0.java:1140

RegressionTest > RegressionTest0.test78 FAILED
    java.lang.AssertionError at RegressionTest0.java:1157

RegressionTest > RegressionTest0.test79 FAILED
    java.lang.AssertionError at RegressionTest0.java:1173

RegressionTest > RegressionTest0.test81 FAILED
    java.lang.AssertionError at RegressionTest0.java:1195

RegressionTest0 > test03 FAILED
    java.lang.AssertionError at RegressionTest0.java:41

RegressionTest0 > test04 FAILED
    java.lang.AssertionError at RegressionTest0.java:56

RegressionTest0 > test05 FAILED
    java.lang.AssertionError at RegressionTest0.java:70

RegressionTest0 > test06 FAILED
    java.lang.ArrayIndexOutOfBoundsException

RegressionTest0 > test07 FAILED
    java.lang.AssertionError at RegressionTest0.java:102

RegressionTest0 > test08 FAILED
    java.lang.AssertionError at RegressionTest0.java:117

RegressionTest0 > test09 FAILED
    java.lang.AssertionError at RegressionTest0.java:133

RegressionTest0 > test11 FAILED
    java.lang.ArrayIndexOutOfBoundsException

RegressionTest0 > test12 FAILED
    java.lang.AssertionError at RegressionTest0.java:171

RegressionTest0 > test13 FAILED
    java.lang.AssertionError at RegressionTest0.java:184

RegressionTest0 > test17 FAILED
    java.lang.AssertionError at RegressionTest0.java:239

RegressionTest0 > test18 FAILED
    java.lang.ArrayIndexOutOfBoundsException

RegressionTest0 > test19 FAILED
    java.lang.AssertionError at RegressionTest0.java:268

RegressionTest0 > test20 FAILED
    java.lang.AssertionError at RegressionTest0.java:291

RegressionTest0 > test22 FAILED
    java.lang.AssertionError at RegressionTest0.java:319

RegressionTest0 > test23 FAILED
    java.lang.AssertionError at RegressionTest0.java:342

RegressionTest0 > test24 FAILED
    java.lang.ArrayIndexOutOfBoundsException

RegressionTest0 > test25 FAILED
    java.lang.AssertionError at RegressionTest0.java:378

RegressionTest0 > test26 FAILED
    java.lang.AssertionError at RegressionTest0.java:392

RegressionTest0 > test29 FAILED
    java.lang.AssertionError at RegressionTest0.java:424

RegressionTest0 > test31 FAILED
    java.lang.AssertionError at RegressionTest0.java:452

RegressionTest0 > test32 FAILED
    java.lang.AssertionError at RegressionTest0.java:467

RegressionTest0 > test34 FAILED
    java.lang.AssertionError at RegressionTest0.java:489

RegressionTest0 > test35 FAILED
    java.lang.AssertionError at RegressionTest0.java:504

RegressionTest0 > test36 FAILED
    java.lang.AssertionError at RegressionTest0.java:517

RegressionTest0 > test38 FAILED
    java.lang.AssertionError at RegressionTest0.java:539

RegressionTest0 > test40 FAILED
    java.lang.AssertionError at RegressionTest0.java:572

RegressionTest0 > test41 FAILED
    java.lang.AssertionError at RegressionTest0.java:590

RegressionTest0 > test42 FAILED
    java.lang.AssertionError at RegressionTest0.java:606

RegressionTest0 > test43 FAILED
    java.lang.AssertionError at RegressionTest0.java:623

RegressionTest0 > test44 FAILED
    java.lang.ArrayIndexOutOfBoundsException

RegressionTest0 > test45 FAILED
    java.lang.AssertionError at RegressionTest0.java:657

RegressionTest0 > test46 FAILED
    java.lang.AssertionError at RegressionTest0.java:677

RegressionTest0 > test47 FAILED
    java.lang.AssertionError at RegressionTest0.java:693

RegressionTest0 > test49 FAILED
    java.lang.AssertionError at RegressionTest0.java:722

RegressionTest0 > test50 FAILED
    java.lang.AssertionError at RegressionTest0.java:737

RegressionTest0 > test51 FAILED
    java.lang.ArrayIndexOutOfBoundsException

RegressionTest0 > test53 FAILED
    java.lang.AssertionError at RegressionTest0.java:781

RegressionTest0 > test54 FAILED
    java.lang.AssertionError at RegressionTest0.java:797

RegressionTest0 > test55 FAILED
    java.lang.AssertionError at RegressionTest0.java:814

RegressionTest0 > test56 FAILED
    java.lang.AssertionError at RegressionTest0.java:831

RegressionTest0 > test57 FAILED
    java.lang.AssertionError at RegressionTest0.java:846

RegressionTest0 > test59 FAILED
    java.lang.AssertionError at RegressionTest0.java:875

RegressionTest0 > test60 FAILED
    java.lang.AssertionError at RegressionTest0.java:890

RegressionTest0 > test62 FAILED
    java.lang.AssertionError at RegressionTest0.java:916

RegressionTest0 > test63 FAILED
    java.lang.AssertionError at RegressionTest0.java:929

RegressionTest0 > test65 FAILED
    java.lang.AssertionError at RegressionTest0.java:950

RegressionTest0 > test67 FAILED
    java.lang.AssertionError at RegressionTest0.java:975

RegressionTest0 > test68 FAILED
    java.lang.AssertionError at RegressionTest0.java:992

RegressionTest0 > test70 FAILED
    java.lang.AssertionError at RegressionTest0.java:1022

RegressionTest0 > test71 FAILED
    java.lang.ArrayIndexOutOfBoundsException

RegressionTest0 > test72 FAILED
    java.lang.AssertionError at RegressionTest0.java:1061

RegressionTest0 > test73 FAILED
    java.lang.AssertionError at RegressionTest0.java:1082

RegressionTest0 > test75 FAILED
    java.lang.AssertionError at RegressionTest0.java:1112

RegressionTest0 > test77 FAILED
    java.lang.AssertionError at RegressionTest0.java:1140

RegressionTest0 > test78 FAILED
    java.lang.AssertionError at RegressionTest0.java:1157

RegressionTest0 > test79 FAILED
    java.lang.AssertionError at RegressionTest0.java:1173

RegressionTest0 > test81 FAILED
    java.lang.AssertionError at RegressionTest0.java:1195

testers.RingBufferTester0 > test004 FAILED
    java.lang.ArrayIndexOutOfBoundsException

testers.RingBufferTester0 > test006 FAILED
    java.lang.AssertionError at RingBufferTester0.java:76

testers.RingBufferTester0 > test007 FAILED
    java.lang.AssertionError at RingBufferTester0.java:91

testers.RingBufferTester0 > test009 FAILED
    java.lang.ArrayIndexOutOfBoundsException

testers.RingBufferTester0 > test011 FAILED
    java.lang.AssertionError at RingBufferTester0.java:142

testers.RingBufferTester0 > test014 FAILED
    java.lang.AssertionError at RingBufferTester0.java:182

testers.RingBufferTester0 > test015 FAILED
    java.lang.ArrayIndexOutOfBoundsException

testers.RingBufferTester0 > test016 FAILED
    java.lang.ArrayIndexOutOfBoundsException

testers.RingBufferTester0 > test018 FAILED
    java.lang.ArrayIndexOutOfBoundsException

testers.RingBufferTester0 > test022 FAILED
    java.lang.AssertionError at RingBufferTester0.java:304

testers.RingBufferTester0 > test025 FAILED
    java.lang.ArrayIndexOutOfBoundsException

testers.RingBufferTester0 > test029 FAILED
    java.lang.ArrayIndexOutOfBoundsException

testers.RingBufferTester0 > test031 FAILED
    java.lang.AssertionError at RingBufferTester0.java:436

testers.RingBufferTester0 > test033 FAILED
    java.lang.AssertionError at RingBufferTester0.java:465

testers.RingBufferTester0 > test036 FAILED
    java.lang.ArrayIndexOutOfBoundsException

testers.RingBufferTester0 > test043 FAILED
    java.lang.ArrayIndexOutOfBoundsException

testers.RingBufferTester0 > test050 FAILED
    java.lang.AssertionError at RingBufferTester0.java:676

testers.RingBufferTester0 > test051 FAILED
    java.lang.AssertionError at RingBufferTester0.java:693

testers.RingBufferTester0 > test056 FAILED
    java.lang.ArrayIndexOutOfBoundsException

testers.RingBufferTester0 > test059 FAILED
    java.lang.ArrayIndexOutOfBoundsException

testers.RingBufferTester0 > test061 FAILED
    java.lang.AssertionError at RingBufferTester0.java:829

testers.RingBufferTester0 > test062 FAILED
    java.lang.ArrayIndexOutOfBoundsException

testers.RingBufferTester0 > test065 FAILED
    java.lang.AssertionError at RingBufferTester0.java:889

testers.RingBufferTester0 > test066 FAILED
    java.lang.AssertionError at RingBufferTester0.java:908

testers.RingBufferTester0 > test069 FAILED
    java.lang.AssertionError at RingBufferTester0.java:947

testers.RingBufferTester0 > test073 FAILED
    java.lang.ArrayIndexOutOfBoundsException

testers.RingBufferTester0 > test074 FAILED
    java.lang.AssertionError at RingBufferTester0.java:1017

testers.RingBufferTester0 > test075 FAILED
    java.lang.ArrayIndexOutOfBoundsException

testers.RingBufferTester0 > test078 FAILED
    java.lang.ArrayIndexOutOfBoundsException

testers.RingBufferTester0 > test083 FAILED
    java.lang.AssertionError at RingBufferTester0.java:1141

testers.RingBufferTester0 > test088 FAILED
    java.lang.AssertionError at RingBufferTester0.java:1225

testers.RingBufferTester0 > test092 FAILED
    java.lang.AssertionError at RingBufferTester0.java:1286

testers.RingBufferTester0 > test095 FAILED
    java.lang.AssertionError at RingBufferTester0.java:1325

testers.RingBufferTester0 > test096 FAILED
    java.lang.AssertionError at RingBufferTester0.java:1339

testers.RingBufferTester0 > test100 FAILED
    java.lang.ArrayIndexOutOfBoundsException

testers.RingBufferTester0 > test103 FAILED
    java.lang.ArrayIndexOutOfBoundsException

testers.RingBufferTester0 > test104 FAILED
    java.lang.AssertionError at RingBufferTester0.java:1457

testers.RingBufferTester0 > test105 FAILED
    java.lang.ArrayIndexOutOfBoundsException

testers.RingBufferTester0 > test108 FAILED
    java.lang.ArrayIndexOutOfBoundsException

testers.RingBufferTester0 > test113 FAILED
    java.lang.AssertionError at RingBufferTester0.java:1590

testers.RingBufferTester0 > test115 FAILED
    java.lang.ArrayIndexOutOfBoundsException

testers.RingBufferTester0 > test117 FAILED
    java.lang.AssertionError at RingBufferTester0.java:1643

testers.RingBufferTester0 > test131 FAILED
    java.lang.AssertionError at RingBufferTester0.java:1832

testers.RingBufferTester0 > test133 FAILED
    java.lang.ArrayIndexOutOfBoundsException

testers.RingBufferTester0 > test135 FAILED
    java.lang.AssertionError at RingBufferTester0.java:1897

testers.RingBufferTester0 > test152 FAILED
    java.lang.ArrayIndexOutOfBoundsException

testers.RingBufferTester0 > test158 FAILED
    java.lang.ArrayIndexOutOfBoundsException

testers.RingBufferTester0 > test159 FAILED
    java.lang.AssertionError at RingBufferTester0.java:2262

testers.RingBufferTester0 > test165 FAILED
    java.lang.AssertionError at RingBufferTester0.java:2344

testers.RingBufferTester0 > test166 FAILED
    java.lang.ArrayIndexOutOfBoundsException

testers.RingBufferTester0 > test167 FAILED
    java.lang.ArrayIndexOutOfBoundsException

testers.RingBufferTester0 > test176 FAILED
    java.lang.ArrayIndexOutOfBoundsException

testers.RingBufferTester0 > test177 FAILED
    java.lang.AssertionError at RingBufferTester0.java:2539

testers.RingBufferTester0 > test180 FAILED
    java.lang.AssertionError at RingBufferTester0.java:2579

testers.RingBufferTester0 > test185 FAILED
    java.lang.ArrayIndexOutOfBoundsException

testers.RingBufferTester0 > test191 FAILED
    java.lang.AssertionError at RingBufferTester0.java:2737

testers.RingBufferTester0 > test193 FAILED
    java.lang.ArrayIndexOutOfBoundsException

testers.RingBufferTester0 > test215 FAILED
    java.lang.ArrayIndexOutOfBoundsException

testers.RingBufferTester0 > test216 FAILED
    java.lang.ArrayIndexOutOfBoundsException

testers.RingBufferTester0 > test218 FAILED
    java.lang.AssertionError at RingBufferTester0.java:3096

testers.RingBufferTester0 > test226 FAILED
    java.lang.ArrayIndexOutOfBoundsException

testers.RingBufferTester0 > test227 FAILED
    java.lang.ArrayIndexOutOfBoundsException

testers.RingBufferTester0 > test235 FAILED
    java.lang.AssertionError at RingBufferTester0.java:3344

testers.RingBufferTester0 > test246 FAILED
    java.lang.ArrayIndexOutOfBoundsException

testers.RingBufferTester0 > test247 FAILED
    java.lang.ArrayIndexOutOfBoundsException

testers.RingBufferTester0 > test249 FAILED
    java.lang.ArrayIndexOutOfBoundsException

testers.RingBufferTester0 > test250 FAILED
    java.lang.ArrayIndexOutOfBoundsException

testers.RingBufferTester0 > test252 FAILED
    java.lang.ArrayIndexOutOfBoundsException

testers.RingBufferTester0 > test253 FAILED
    java.lang.ArrayIndexOutOfBoundsException

testers.RingBufferTester0 > test265 FAILED
    java.lang.ArrayIndexOutOfBoundsException

testers.RingBufferTester0 > test266 FAILED
    java.lang.ArrayIndexOutOfBoundsException

testers.RingBufferTester0 > test269 FAILED
    java.lang.ArrayIndexOutOfBoundsException

testers.RingBufferTester0 > test272 FAILED
    java.lang.ArrayIndexOutOfBoundsException

testers.RingBufferTester0 > test273 FAILED
    java.lang.AssertionError at RingBufferTester0.java:3958

testers.RingBufferTester0 > test277 FAILED
    java.lang.ArrayIndexOutOfBoundsException

testers.RingBufferTester0 > test281 FAILED
    java.lang.ArrayIndexOutOfBoundsException

testers.RingBufferTester0 > test282 FAILED
    java.lang.ArrayIndexOutOfBoundsException

testers.RingBufferTester0 > test287 FAILED
    java.lang.ArrayIndexOutOfBoundsException
Results: FAILURE (465 tests, 261 successes, 204 failures, 0 skipped)
:test FAILED
4 actionable tasks: 4 executed
