:clean

BUILD SUCCESSFUL in 2s
1 actionable task: 1 executed
:compileJava
:processResources NO-SOURCE
:classes
:compileTestJava
:processTestResources NO-SOURCE
:testClasses
:jar
:assemble
:test

jts.MathUtil_ESTest STANDARD_OUT
    01:27:07.004 [Test worker] INFO  o.e.r.instrumentation.EvoClassLoader - Seeing class for first time: jts.MathUtil_ESTest
    01:27:07.009 [Test worker] INFO  o.e.r.instrumentation.EvoClassLoader - Instrumenting class 'jts.MathUtil_ESTest'.
    01:27:07.057 [Test worker] INFO  o.e.r.instrumentation.EvoClassLoader - Seeing class for first time: jts.MathUtil_ESTest_scaffolding
    01:27:07.058 [Test worker] INFO  o.e.r.instrumentation.EvoClassLoader - Instrumenting class 'jts.MathUtil_ESTest_scaffolding'.
    01:27:07.061 [Test worker] INFO  o.e.r.instrumentation.EvoClassLoader - Keeping class: jts.MathUtil_ESTest_scaffolding
    01:27:07.062 [Test worker] INFO  o.e.r.instrumentation.EvoClassLoader - Keeping class: jts.MathUtil_ESTest
    01:27:07.372 [Test worker] DEBUG o.e.runtime.sandbox.MSecurityManager - Adding privileged thread: "Reference Handler"
    01:27:07.373 [Test worker] DEBUG o.e.runtime.sandbox.MSecurityManager - Adding privileged thread: "Finalizer"
    01:27:07.373 [Test worker] DEBUG o.e.runtime.sandbox.MSecurityManager - Adding privileged thread: "Signal Dispatcher"
    01:27:07.373 [Test worker] DEBUG o.e.runtime.sandbox.MSecurityManager - Adding privileged thread: "Attach Listener"
    01:27:07.373 [Test worker] DEBUG o.e.runtime.sandbox.MSecurityManager - Adding privileged thread: "Java2D Disposer"
    01:27:07.373 [Test worker] DEBUG o.e.runtime.sandbox.MSecurityManager - Adding privileged thread: "AWT-Shutdown"
    01:27:07.373 [Test worker] DEBUG o.e.runtime.sandbox.MSecurityManager - Adding privileged thread: "AWT-Windows"
    01:27:07.373 [Test worker] DEBUG o.e.runtime.sandbox.MSecurityManager - Adding privileged thread: "main"
    01:27:07.373 [Test worker] DEBUG o.e.runtime.sandbox.MSecurityManager - Adding privileged thread: "Test worker"
    01:27:07.374 [Test worker] DEBUG o.e.runtime.sandbox.MSecurityManager - Adding privileged thread: "/127.0.0.1:61131 to /127.0.0.1:61130 workers Thread 2"
    01:27:07.374 [Test worker] DEBUG o.e.runtime.sandbox.MSecurityManager - Adding privileged thread: "/127.0.0.1:61131 to /127.0.0.1:61130 workers Thread 3"
    01:27:07.471 [Test worker] INFO  o.e.r.instrumentation.EvoClassLoader - Seeing class for first time: jts.MathUtil
    01:27:07.471 [Test worker] INFO  o.e.r.instrumentation.EvoClassLoader - Instrumenting class 'jts.MathUtil'.
    01:27:07.503 [Test worker] INFO  o.e.r.i.MethodCallReplacementClassAdapter - Adding mock interface to class jts/MathUtil
    01:27:07.771 [Test worker] INFO  o.e.r.i.CreateClassResetClassAdapter - Creating brand-new static initializer in class jts/MathUtil
    01:27:07.772 [Test worker] INFO  o.e.r.instrumentation.EvoClassLoader - Keeping class: jts.MathUtil

jts.MathUtil_ESTest > test0 STANDARD_OUT
    01:27:07.800 [Test worker] INFO  o.e.runtime.thread.ThreadStopper - Found new thread

RegressionTest > RegressionTest0.test03 FAILED
    java.lang.AssertionError at RegressionTest0.java:32

RegressionTest > RegressionTest0.test21 FAILED
    java.lang.AssertionError at RegressionTest0.java:177

RegressionTest > RegressionTest0.test22 FAILED
    java.lang.AssertionError at RegressionTest0.java:185

RegressionTest > RegressionTest0.test27 FAILED
    java.lang.AssertionError at RegressionTest0.java:225

RegressionTest > RegressionTest0.test46 FAILED
    java.lang.AssertionError at RegressionTest0.java:377

RegressionTest > RegressionTest0.test69 FAILED
    java.lang.AssertionError at RegressionTest0.java:561

RegressionTest > RegressionTest0.test75 FAILED
    java.lang.AssertionError at RegressionTest0.java:609

RegressionTest > RegressionTest0.test82 FAILED
    java.lang.AssertionError at RegressionTest0.java:665

RegressionTest0 > test03 FAILED
    java.lang.AssertionError at RegressionTest0.java:32

RegressionTest0 > test21 FAILED
    java.lang.AssertionError at RegressionTest0.java:177

RegressionTest0 > test22 FAILED
    java.lang.AssertionError at RegressionTest0.java:185

RegressionTest0 > test27 FAILED
    java.lang.AssertionError at RegressionTest0.java:225

RegressionTest0 > test46 FAILED
    java.lang.AssertionError at RegressionTest0.java:377

RegressionTest0 > test69 FAILED
    java.lang.AssertionError at RegressionTest0.java:561

RegressionTest0 > test75 FAILED
    java.lang.AssertionError at RegressionTest0.java:609

RegressionTest0 > test82 FAILED
    java.lang.AssertionError at RegressionTest0.java:665
Results: FAILURE (197 tests, 181 successes, 16 failures, 0 skipped)
:test FAILED
4 actionable tasks: 4 executed
