<!DOCTYPE html>
<html>
<head>
<meta http-equiv="Content-Type" content="text/html; charset=utf-8"/>
<meta http-equiv="x-ua-compatible" content="IE=edge"/>
<title>Test results - Class RegressionTest0</title>
<link href="../css/base-style.css" rel="stylesheet" type="text/css"/>
<link href="../css/style.css" rel="stylesheet" type="text/css"/>
<script src="../js/report.js" type="text/javascript"></script>
</head>
<body>
<div id="content">
<h1>Class RegressionTest0</h1>
<div class="breadcrumbs">
<a href="../index.html">all</a> &gt; 
<a href="../packages/default-package.html">default-package</a> &gt; RegressionTest0</div>
<div id="summary">
<table>
<tr>
<td>
<div class="summaryGroup">
<table>
<tr>
<td>
<div class="infoBox" id="tests">
<div class="counter">248</div>
<p>tests</p>
</div>
</td>
<td>
<div class="infoBox" id="failures">
<div class="counter">4</div>
<p>failures</p>
</div>
</td>
<td>
<div class="infoBox" id="ignored">
<div class="counter">0</div>
<p>ignored</p>
</div>
</td>
<td>
<div class="infoBox" id="duration">
<div class="counter">0.009s</div>
<p>duration</p>
</div>
</td>
</tr>
</table>
</div>
</td>
<td>
<div class="infoBox failures" id="successRate">
<div class="percent">98%</div>
<p>successful</p>
</div>
</td>
</tr>
</table>
</div>
<div id="tabs">
<ul class="tabLinks">
<li>
<a href="#tab0">Failed tests</a>
</li>
<li>
<a href="#tab1">Tests</a>
</li>
</ul>
<div id="tab0" class="tab">
<h2>Failed tests</h2>
<div class="test">
<a name="test076"></a>
<h3 class="failures">test076</h3>
<span class="code">
<pre>java.lang.AssertionError: 'null' != '' expected:&lt;null&gt; but was:&lt;&gt;
	at org.junit.Assert.fail(Assert.java:88)
	at org.junit.Assert.failNotEquals(Assert.java:834)
	at org.junit.Assert.assertEquals(Assert.java:118)
	at RegressionTest0.test076(RegressionTest0.java:1146)
	at sun.reflect.NativeMethodAccessorImpl.invoke0(Native Method)
	at sun.reflect.NativeMethodAccessorImpl.invoke(NativeMethodAccessorImpl.java:62)
	at sun.reflect.DelegatingMethodAccessorImpl.invoke(DelegatingMethodAccessorImpl.java:43)
	at java.lang.reflect.Method.invoke(Method.java:498)
	at org.junit.runners.model.FrameworkMethod$1.runReflectiveCall(FrameworkMethod.java:50)
	at org.junit.internal.runners.model.ReflectiveCallable.run(ReflectiveCallable.java:12)
	at org.junit.runners.model.FrameworkMethod.invokeExplosively(FrameworkMethod.java:47)
	at org.junit.internal.runners.statements.InvokeMethod.evaluate(InvokeMethod.java:17)
	at org.junit.runners.ParentRunner.runLeaf(ParentRunner.java:325)
	at org.junit.runners.BlockJUnit4ClassRunner.runChild(BlockJUnit4ClassRunner.java:78)
	at org.junit.runners.BlockJUnit4ClassRunner.runChild(BlockJUnit4ClassRunner.java:57)
	at org.junit.runners.ParentRunner$3.run(ParentRunner.java:290)
	at org.junit.runners.ParentRunner$1.schedule(ParentRunner.java:71)
	at org.junit.runners.ParentRunner.runChildren(ParentRunner.java:288)
	at org.junit.runners.ParentRunner.access$000(ParentRunner.java:58)
	at org.junit.runners.ParentRunner$2.evaluate(ParentRunner.java:268)
	at org.junit.runners.ParentRunner.run(ParentRunner.java:363)
	at org.gradle.api.internal.tasks.testing.junit.JUnitTestClassExecuter.runTestClass(JUnitTestClassExecuter.java:114)
	at org.gradle.api.internal.tasks.testing.junit.JUnitTestClassExecuter.execute(JUnitTestClassExecuter.java:57)
	at org.gradle.api.internal.tasks.testing.junit.JUnitTestClassProcessor.processTestClass(JUnitTestClassProcessor.java:66)
	at org.gradle.api.internal.tasks.testing.SuiteTestClassProcessor.processTestClass(SuiteTestClassProcessor.java:51)
	at sun.reflect.NativeMethodAccessorImpl.invoke0(Native Method)
	at sun.reflect.NativeMethodAccessorImpl.invoke(NativeMethodAccessorImpl.java:62)
	at sun.reflect.DelegatingMethodAccessorImpl.invoke(DelegatingMethodAccessorImpl.java:43)
	at java.lang.reflect.Method.invoke(Method.java:498)
	at org.gradle.internal.dispatch.ReflectionDispatch.dispatch(ReflectionDispatch.java:35)
	at org.gradle.internal.dispatch.ReflectionDispatch.dispatch(ReflectionDispatch.java:24)
	at org.gradle.internal.dispatch.ContextClassLoaderDispatch.dispatch(ContextClassLoaderDispatch.java:32)
	at org.gradle.internal.dispatch.ProxyDispatchAdapter$DispatchingInvocationHandler.invoke(ProxyDispatchAdapter.java:93)
	at com.sun.proxy.$Proxy1.processTestClass(Unknown Source)
	at org.gradle.api.internal.tasks.testing.worker.TestWorker.processTestClass(TestWorker.java:109)
	at sun.reflect.NativeMethodAccessorImpl.invoke0(Native Method)
	at sun.reflect.NativeMethodAccessorImpl.invoke(NativeMethodAccessorImpl.java:62)
	at sun.reflect.DelegatingMethodAccessorImpl.invoke(DelegatingMethodAccessorImpl.java:43)
	at java.lang.reflect.Method.invoke(Method.java:498)
	at org.gradle.internal.dispatch.ReflectionDispatch.dispatch(ReflectionDispatch.java:35)
	at org.gradle.internal.dispatch.ReflectionDispatch.dispatch(ReflectionDispatch.java:24)
	at org.gradle.internal.remote.internal.hub.MessageHubBackedObjectConnection$DispatchWrapper.dispatch(MessageHubBackedObjectConnection.java:146)
	at org.gradle.internal.remote.internal.hub.MessageHubBackedObjectConnection$DispatchWrapper.dispatch(MessageHubBackedObjectConnection.java:128)
	at org.gradle.internal.remote.internal.hub.MessageHub$Handler.run(MessageHub.java:404)
	at org.gradle.internal.concurrent.ExecutorPolicy$CatchAndRecordFailures.onExecute(ExecutorPolicy.java:63)
	at org.gradle.internal.concurrent.StoppableExecutorImpl$1.run(StoppableExecutorImpl.java:46)
	at java.util.concurrent.ThreadPoolExecutor.runWorker(ThreadPoolExecutor.java:1149)
	at java.util.concurrent.ThreadPoolExecutor$Worker.run(ThreadPoolExecutor.java:624)
	at org.gradle.internal.concurrent.ThreadFactoryImpl$ManagedThreadRunnable.run(ThreadFactoryImpl.java:55)
	at java.lang.Thread.run(Thread.java:748)
</pre>
</span>
</div>
<div class="test">
<a name="test076"></a>
<h3 class="failures">test076</h3>
<span class="code">
<pre>java.lang.AssertionError: 'null' != '' expected:&lt;null&gt; but was:&lt;&gt;
	at org.junit.Assert.fail(Assert.java:88)
	at org.junit.Assert.failNotEquals(Assert.java:834)
	at org.junit.Assert.assertEquals(Assert.java:118)
	at RegressionTest0.test076(RegressionTest0.java:1146)
	at sun.reflect.NativeMethodAccessorImpl.invoke0(Native Method)
	at sun.reflect.NativeMethodAccessorImpl.invoke(NativeMethodAccessorImpl.java:62)
	at sun.reflect.DelegatingMethodAccessorImpl.invoke(DelegatingMethodAccessorImpl.java:43)
	at java.lang.reflect.Method.invoke(Method.java:498)
	at org.junit.runners.model.FrameworkMethod$1.runReflectiveCall(FrameworkMethod.java:50)
	at org.junit.internal.runners.model.ReflectiveCallable.run(ReflectiveCallable.java:12)
	at org.junit.runners.model.FrameworkMethod.invokeExplosively(FrameworkMethod.java:47)
	at org.junit.internal.runners.statements.InvokeMethod.evaluate(InvokeMethod.java:17)
	at org.junit.runners.ParentRunner.runLeaf(ParentRunner.java:325)
	at org.junit.runners.BlockJUnit4ClassRunner.runChild(BlockJUnit4ClassRunner.java:78)
	at org.junit.runners.BlockJUnit4ClassRunner.runChild(BlockJUnit4ClassRunner.java:57)
	at org.junit.runners.ParentRunner$3.run(ParentRunner.java:290)
	at org.junit.runners.ParentRunner$1.schedule(ParentRunner.java:71)
	at org.junit.runners.ParentRunner.runChildren(ParentRunner.java:288)
	at org.junit.runners.ParentRunner.access$000(ParentRunner.java:58)
	at org.junit.runners.ParentRunner$2.evaluate(ParentRunner.java:268)
	at org.junit.runners.ParentRunner.run(ParentRunner.java:363)
	at org.junit.runners.Suite.runChild(Suite.java:128)
	at org.junit.runners.Suite.runChild(Suite.java:27)
	at org.junit.runners.ParentRunner$3.run(ParentRunner.java:290)
	at org.junit.runners.ParentRunner$1.schedule(ParentRunner.java:71)
	at org.junit.runners.ParentRunner.runChildren(ParentRunner.java:288)
	at org.junit.runners.ParentRunner.access$000(ParentRunner.java:58)
	at org.junit.runners.ParentRunner$2.evaluate(ParentRunner.java:268)
	at org.junit.runners.ParentRunner.run(ParentRunner.java:363)
	at org.gradle.api.internal.tasks.testing.junit.JUnitTestClassExecuter.runTestClass(JUnitTestClassExecuter.java:114)
	at org.gradle.api.internal.tasks.testing.junit.JUnitTestClassExecuter.execute(JUnitTestClassExecuter.java:57)
	at org.gradle.api.internal.tasks.testing.junit.JUnitTestClassProcessor.processTestClass(JUnitTestClassProcessor.java:66)
	at org.gradle.api.internal.tasks.testing.SuiteTestClassProcessor.processTestClass(SuiteTestClassProcessor.java:51)
	at sun.reflect.NativeMethodAccessorImpl.invoke0(Native Method)
	at sun.reflect.NativeMethodAccessorImpl.invoke(NativeMethodAccessorImpl.java:62)
	at sun.reflect.DelegatingMethodAccessorImpl.invoke(DelegatingMethodAccessorImpl.java:43)
	at java.lang.reflect.Method.invoke(Method.java:498)
	at org.gradle.internal.dispatch.ReflectionDispatch.dispatch(ReflectionDispatch.java:35)
	at org.gradle.internal.dispatch.ReflectionDispatch.dispatch(ReflectionDispatch.java:24)
	at org.gradle.internal.dispatch.ContextClassLoaderDispatch.dispatch(ContextClassLoaderDispatch.java:32)
	at org.gradle.internal.dispatch.ProxyDispatchAdapter$DispatchingInvocationHandler.invoke(ProxyDispatchAdapter.java:93)
	at com.sun.proxy.$Proxy1.processTestClass(Unknown Source)
	at org.gradle.api.internal.tasks.testing.worker.TestWorker.processTestClass(TestWorker.java:109)
	at sun.reflect.NativeMethodAccessorImpl.invoke0(Native Method)
	at sun.reflect.NativeMethodAccessorImpl.invoke(NativeMethodAccessorImpl.java:62)
	at sun.reflect.DelegatingMethodAccessorImpl.invoke(DelegatingMethodAccessorImpl.java:43)
	at java.lang.reflect.Method.invoke(Method.java:498)
	at org.gradle.internal.dispatch.ReflectionDispatch.dispatch(ReflectionDispatch.java:35)
	at org.gradle.internal.dispatch.ReflectionDispatch.dispatch(ReflectionDispatch.java:24)
	at org.gradle.internal.remote.internal.hub.MessageHubBackedObjectConnection$DispatchWrapper.dispatch(MessageHubBackedObjectConnection.java:146)
	at org.gradle.internal.remote.internal.hub.MessageHubBackedObjectConnection$DispatchWrapper.dispatch(MessageHubBackedObjectConnection.java:128)
	at org.gradle.internal.remote.internal.hub.MessageHub$Handler.run(MessageHub.java:404)
	at org.gradle.internal.concurrent.ExecutorPolicy$CatchAndRecordFailures.onExecute(ExecutorPolicy.java:63)
	at org.gradle.internal.concurrent.StoppableExecutorImpl$1.run(StoppableExecutorImpl.java:46)
	at java.util.concurrent.ThreadPoolExecutor.runWorker(ThreadPoolExecutor.java:1149)
	at java.util.concurrent.ThreadPoolExecutor$Worker.run(ThreadPoolExecutor.java:624)
	at org.gradle.internal.concurrent.ThreadFactoryImpl$ManagedThreadRunnable.run(ThreadFactoryImpl.java:55)
	at java.lang.Thread.run(Thread.java:748)
</pre>
</span>
</div>
<div class="test">
<a name="test086"></a>
<h3 class="failures">test086</h3>
<span class="code">
<pre>java.lang.AssertionError: 'null' != 'hi!' expected:&lt;null&gt; but was:&lt;hi!&gt;
	at org.junit.Assert.fail(Assert.java:88)
	at org.junit.Assert.failNotEquals(Assert.java:834)
	at org.junit.Assert.assertEquals(Assert.java:118)
	at RegressionTest0.test086(RegressionTest0.java:1301)
	at sun.reflect.NativeMethodAccessorImpl.invoke0(Native Method)
	at sun.reflect.NativeMethodAccessorImpl.invoke(NativeMethodAccessorImpl.java:62)
	at sun.reflect.DelegatingMethodAccessorImpl.invoke(DelegatingMethodAccessorImpl.java:43)
	at java.lang.reflect.Method.invoke(Method.java:498)
	at org.junit.runners.model.FrameworkMethod$1.runReflectiveCall(FrameworkMethod.java:50)
	at org.junit.internal.runners.model.ReflectiveCallable.run(ReflectiveCallable.java:12)
	at org.junit.runners.model.FrameworkMethod.invokeExplosively(FrameworkMethod.java:47)
	at org.junit.internal.runners.statements.InvokeMethod.evaluate(InvokeMethod.java:17)
	at org.junit.runners.ParentRunner.runLeaf(ParentRunner.java:325)
	at org.junit.runners.BlockJUnit4ClassRunner.runChild(BlockJUnit4ClassRunner.java:78)
	at org.junit.runners.BlockJUnit4ClassRunner.runChild(BlockJUnit4ClassRunner.java:57)
	at org.junit.runners.ParentRunner$3.run(ParentRunner.java:290)
	at org.junit.runners.ParentRunner$1.schedule(ParentRunner.java:71)
	at org.junit.runners.ParentRunner.runChildren(ParentRunner.java:288)
	at org.junit.runners.ParentRunner.access$000(ParentRunner.java:58)
	at org.junit.runners.ParentRunner$2.evaluate(ParentRunner.java:268)
	at org.junit.runners.ParentRunner.run(ParentRunner.java:363)
	at org.junit.runners.Suite.runChild(Suite.java:128)
	at org.junit.runners.Suite.runChild(Suite.java:27)
	at org.junit.runners.ParentRunner$3.run(ParentRunner.java:290)
	at org.junit.runners.ParentRunner$1.schedule(ParentRunner.java:71)
	at org.junit.runners.ParentRunner.runChildren(ParentRunner.java:288)
	at org.junit.runners.ParentRunner.access$000(ParentRunner.java:58)
	at org.junit.runners.ParentRunner$2.evaluate(ParentRunner.java:268)
	at org.junit.runners.ParentRunner.run(ParentRunner.java:363)
	at org.gradle.api.internal.tasks.testing.junit.JUnitTestClassExecuter.runTestClass(JUnitTestClassExecuter.java:114)
	at org.gradle.api.internal.tasks.testing.junit.JUnitTestClassExecuter.execute(JUnitTestClassExecuter.java:57)
	at org.gradle.api.internal.tasks.testing.junit.JUnitTestClassProcessor.processTestClass(JUnitTestClassProcessor.java:66)
	at org.gradle.api.internal.tasks.testing.SuiteTestClassProcessor.processTestClass(SuiteTestClassProcessor.java:51)
	at sun.reflect.NativeMethodAccessorImpl.invoke0(Native Method)
	at sun.reflect.NativeMethodAccessorImpl.invoke(NativeMethodAccessorImpl.java:62)
	at sun.reflect.DelegatingMethodAccessorImpl.invoke(DelegatingMethodAccessorImpl.java:43)
	at java.lang.reflect.Method.invoke(Method.java:498)
	at org.gradle.internal.dispatch.ReflectionDispatch.dispatch(ReflectionDispatch.java:35)
	at org.gradle.internal.dispatch.ReflectionDispatch.dispatch(ReflectionDispatch.java:24)
	at org.gradle.internal.dispatch.ContextClassLoaderDispatch.dispatch(ContextClassLoaderDispatch.java:32)
	at org.gradle.internal.dispatch.ProxyDispatchAdapter$DispatchingInvocationHandler.invoke(ProxyDispatchAdapter.java:93)
	at com.sun.proxy.$Proxy1.processTestClass(Unknown Source)
	at org.gradle.api.internal.tasks.testing.worker.TestWorker.processTestClass(TestWorker.java:109)
	at sun.reflect.NativeMethodAccessorImpl.invoke0(Native Method)
	at sun.reflect.NativeMethodAccessorImpl.invoke(NativeMethodAccessorImpl.java:62)
	at sun.reflect.DelegatingMethodAccessorImpl.invoke(DelegatingMethodAccessorImpl.java:43)
	at java.lang.reflect.Method.invoke(Method.java:498)
	at org.gradle.internal.dispatch.ReflectionDispatch.dispatch(ReflectionDispatch.java:35)
	at org.gradle.internal.dispatch.ReflectionDispatch.dispatch(ReflectionDispatch.java:24)
	at org.gradle.internal.remote.internal.hub.MessageHubBackedObjectConnection$DispatchWrapper.dispatch(MessageHubBackedObjectConnection.java:146)
	at org.gradle.internal.remote.internal.hub.MessageHubBackedObjectConnection$DispatchWrapper.dispatch(MessageHubBackedObjectConnection.java:128)
	at org.gradle.internal.remote.internal.hub.MessageHub$Handler.run(MessageHub.java:404)
	at org.gradle.internal.concurrent.ExecutorPolicy$CatchAndRecordFailures.onExecute(ExecutorPolicy.java:63)
	at org.gradle.internal.concurrent.StoppableExecutorImpl$1.run(StoppableExecutorImpl.java:46)
	at java.util.concurrent.ThreadPoolExecutor.runWorker(ThreadPoolExecutor.java:1149)
	at java.util.concurrent.ThreadPoolExecutor$Worker.run(ThreadPoolExecutor.java:624)
	at org.gradle.internal.concurrent.ThreadFactoryImpl$ManagedThreadRunnable.run(ThreadFactoryImpl.java:55)
	at java.lang.Thread.run(Thread.java:748)
</pre>
</span>
</div>
<div class="test">
<a name="test086"></a>
<h3 class="failures">test086</h3>
<span class="code">
<pre>java.lang.AssertionError: 'null' != 'hi!' expected:&lt;null&gt; but was:&lt;hi!&gt;
	at org.junit.Assert.fail(Assert.java:88)
	at org.junit.Assert.failNotEquals(Assert.java:834)
	at org.junit.Assert.assertEquals(Assert.java:118)
	at RegressionTest0.test086(RegressionTest0.java:1301)
	at sun.reflect.NativeMethodAccessorImpl.invoke0(Native Method)
	at sun.reflect.NativeMethodAccessorImpl.invoke(NativeMethodAccessorImpl.java:62)
	at sun.reflect.DelegatingMethodAccessorImpl.invoke(DelegatingMethodAccessorImpl.java:43)
	at java.lang.reflect.Method.invoke(Method.java:498)
	at org.junit.runners.model.FrameworkMethod$1.runReflectiveCall(FrameworkMethod.java:50)
	at org.junit.internal.runners.model.ReflectiveCallable.run(ReflectiveCallable.java:12)
	at org.junit.runners.model.FrameworkMethod.invokeExplosively(FrameworkMethod.java:47)
	at org.junit.internal.runners.statements.InvokeMethod.evaluate(InvokeMethod.java:17)
	at org.junit.runners.ParentRunner.runLeaf(ParentRunner.java:325)
	at org.junit.runners.BlockJUnit4ClassRunner.runChild(BlockJUnit4ClassRunner.java:78)
	at org.junit.runners.BlockJUnit4ClassRunner.runChild(BlockJUnit4ClassRunner.java:57)
	at org.junit.runners.ParentRunner$3.run(ParentRunner.java:290)
	at org.junit.runners.ParentRunner$1.schedule(ParentRunner.java:71)
	at org.junit.runners.ParentRunner.runChildren(ParentRunner.java:288)
	at org.junit.runners.ParentRunner.access$000(ParentRunner.java:58)
	at org.junit.runners.ParentRunner$2.evaluate(ParentRunner.java:268)
	at org.junit.runners.ParentRunner.run(ParentRunner.java:363)
	at org.gradle.api.internal.tasks.testing.junit.JUnitTestClassExecuter.runTestClass(JUnitTestClassExecuter.java:114)
	at org.gradle.api.internal.tasks.testing.junit.JUnitTestClassExecuter.execute(JUnitTestClassExecuter.java:57)
	at org.gradle.api.internal.tasks.testing.junit.JUnitTestClassProcessor.processTestClass(JUnitTestClassProcessor.java:66)
	at org.gradle.api.internal.tasks.testing.SuiteTestClassProcessor.processTestClass(SuiteTestClassProcessor.java:51)
	at sun.reflect.NativeMethodAccessorImpl.invoke0(Native Method)
	at sun.reflect.NativeMethodAccessorImpl.invoke(NativeMethodAccessorImpl.java:62)
	at sun.reflect.DelegatingMethodAccessorImpl.invoke(DelegatingMethodAccessorImpl.java:43)
	at java.lang.reflect.Method.invoke(Method.java:498)
	at org.gradle.internal.dispatch.ReflectionDispatch.dispatch(ReflectionDispatch.java:35)
	at org.gradle.internal.dispatch.ReflectionDispatch.dispatch(ReflectionDispatch.java:24)
	at org.gradle.internal.dispatch.ContextClassLoaderDispatch.dispatch(ContextClassLoaderDispatch.java:32)
	at org.gradle.internal.dispatch.ProxyDispatchAdapter$DispatchingInvocationHandler.invoke(ProxyDispatchAdapter.java:93)
	at com.sun.proxy.$Proxy1.processTestClass(Unknown Source)
	at org.gradle.api.internal.tasks.testing.worker.TestWorker.processTestClass(TestWorker.java:109)
	at sun.reflect.NativeMethodAccessorImpl.invoke0(Native Method)
	at sun.reflect.NativeMethodAccessorImpl.invoke(NativeMethodAccessorImpl.java:62)
	at sun.reflect.DelegatingMethodAccessorImpl.invoke(DelegatingMethodAccessorImpl.java:43)
	at java.lang.reflect.Method.invoke(Method.java:498)
	at org.gradle.internal.dispatch.ReflectionDispatch.dispatch(ReflectionDispatch.java:35)
	at org.gradle.internal.dispatch.ReflectionDispatch.dispatch(ReflectionDispatch.java:24)
	at org.gradle.internal.remote.internal.hub.MessageHubBackedObjectConnection$DispatchWrapper.dispatch(MessageHubBackedObjectConnection.java:146)
	at org.gradle.internal.remote.internal.hub.MessageHubBackedObjectConnection$DispatchWrapper.dispatch(MessageHubBackedObjectConnection.java:128)
	at org.gradle.internal.remote.internal.hub.MessageHub$Handler.run(MessageHub.java:404)
	at org.gradle.internal.concurrent.ExecutorPolicy$CatchAndRecordFailures.onExecute(ExecutorPolicy.java:63)
	at org.gradle.internal.concurrent.StoppableExecutorImpl$1.run(StoppableExecutorImpl.java:46)
	at java.util.concurrent.ThreadPoolExecutor.runWorker(ThreadPoolExecutor.java:1149)
	at java.util.concurrent.ThreadPoolExecutor$Worker.run(ThreadPoolExecutor.java:624)
	at org.gradle.internal.concurrent.ThreadFactoryImpl$ManagedThreadRunnable.run(ThreadFactoryImpl.java:55)
	at java.lang.Thread.run(Thread.java:748)
</pre>
</span>
</div>
</div>
<div id="tab1" class="tab">
<h2>Tests</h2>
<table>
<thead>
<tr>
<th>Test</th>
<th>Duration</th>
<th>Result</th>
</tr>
</thead>
<tr>
<td class="success">test001</td>
<td>0.002s</td>
<td class="success">passed</td>
</tr>
<tr>
<td class="success">test001</td>
<td>0s</td>
<td class="success">passed</td>
</tr>
<tr>
<td class="success">test002</td>
<td>0s</td>
<td class="success">passed</td>
</tr>
<tr>
<td class="success">test002</td>
<td>0s</td>
<td class="success">passed</td>
</tr>
<tr>
<td class="success">test003</td>
<td>0s</td>
<td class="success">passed</td>
</tr>
<tr>
<td class="success">test003</td>
<td>0s</td>
<td class="success">passed</td>
</tr>
<tr>
<td class="success">test004</td>
<td>0s</td>
<td class="success">passed</td>
</tr>
<tr>
<td class="success">test004</td>
<td>0s</td>
<td class="success">passed</td>
</tr>
<tr>
<td class="success">test005</td>
<td>0s</td>
<td class="success">passed</td>
</tr>
<tr>
<td class="success">test005</td>
<td>0s</td>
<td class="success">passed</td>
</tr>
<tr>
<td class="success">test006</td>
<td>0s</td>
<td class="success">passed</td>
</tr>
<tr>
<td class="success">test006</td>
<td>0.001s</td>
<td class="success">passed</td>
</tr>
<tr>
<td class="success">test007</td>
<td>0s</td>
<td class="success">passed</td>
</tr>
<tr>
<td class="success">test007</td>
<td>0s</td>
<td class="success">passed</td>
</tr>
<tr>
<td class="success">test008</td>
<td>0s</td>
<td class="success">passed</td>
</tr>
<tr>
<td class="success">test008</td>
<td>0s</td>
<td class="success">passed</td>
</tr>
<tr>
<td class="success">test009</td>
<td>0s</td>
<td class="success">passed</td>
</tr>
<tr>
<td class="success">test009</td>
<td>0s</td>
<td class="success">passed</td>
</tr>
<tr>
<td class="success">test010</td>
<td>0s</td>
<td class="success">passed</td>
</tr>
<tr>
<td class="success">test010</td>
<td>0s</td>
<td class="success">passed</td>
</tr>
<tr>
<td class="success">test011</td>
<td>0s</td>
<td class="success">passed</td>
</tr>
<tr>
<td class="success">test011</td>
<td>0s</td>
<td class="success">passed</td>
</tr>
<tr>
<td class="success">test012</td>
<td>0s</td>
<td class="success">passed</td>
</tr>
<tr>
<td class="success">test012</td>
<td>0s</td>
<td class="success">passed</td>
</tr>
<tr>
<td class="success">test013</td>
<td>0s</td>
<td class="success">passed</td>
</tr>
<tr>
<td class="success">test013</td>
<td>0s</td>
<td class="success">passed</td>
</tr>
<tr>
<td class="success">test014</td>
<td>0s</td>
<td class="success">passed</td>
</tr>
<tr>
<td class="success">test014</td>
<td>0s</td>
<td class="success">passed</td>
</tr>
<tr>
<td class="success">test015</td>
<td>0s</td>
<td class="success">passed</td>
</tr>
<tr>
<td class="success">test015</td>
<td>0s</td>
<td class="success">passed</td>
</tr>
<tr>
<td class="success">test016</td>
<td>0s</td>
<td class="success">passed</td>
</tr>
<tr>
<td class="success">test016</td>
<td>0s</td>
<td class="success">passed</td>
</tr>
<tr>
<td class="success">test017</td>
<td>0s</td>
<td class="success">passed</td>
</tr>
<tr>
<td class="success">test017</td>
<td>0s</td>
<td class="success">passed</td>
</tr>
<tr>
<td class="success">test018</td>
<td>0s</td>
<td class="success">passed</td>
</tr>
<tr>
<td class="success">test018</td>
<td>0s</td>
<td class="success">passed</td>
</tr>
<tr>
<td class="success">test019</td>
<td>0s</td>
<td class="success">passed</td>
</tr>
<tr>
<td class="success">test019</td>
<td>0s</td>
<td class="success">passed</td>
</tr>
<tr>
<td class="success">test020</td>
<td>0s</td>
<td class="success">passed</td>
</tr>
<tr>
<td class="success">test020</td>
<td>0s</td>
<td class="success">passed</td>
</tr>
<tr>
<td class="success">test021</td>
<td>0s</td>
<td class="success">passed</td>
</tr>
<tr>
<td class="success">test021</td>
<td>0s</td>
<td class="success">passed</td>
</tr>
<tr>
<td class="success">test022</td>
<td>0s</td>
<td class="success">passed</td>
</tr>
<tr>
<td class="success">test022</td>
<td>0s</td>
<td class="success">passed</td>
</tr>
<tr>
<td class="success">test023</td>
<td>0s</td>
<td class="success">passed</td>
</tr>
<tr>
<td class="success">test023</td>
<td>0s</td>
<td class="success">passed</td>
</tr>
<tr>
<td class="success">test024</td>
<td>0s</td>
<td class="success">passed</td>
</tr>
<tr>
<td class="success">test024</td>
<td>0s</td>
<td class="success">passed</td>
</tr>
<tr>
<td class="success">test025</td>
<td>0s</td>
<td class="success">passed</td>
</tr>
<tr>
<td class="success">test025</td>
<td>0s</td>
<td class="success">passed</td>
</tr>
<tr>
<td class="success">test026</td>
<td>0s</td>
<td class="success">passed</td>
</tr>
<tr>
<td class="success">test026</td>
<td>0s</td>
<td class="success">passed</td>
</tr>
<tr>
<td class="success">test027</td>
<td>0s</td>
<td class="success">passed</td>
</tr>
<tr>
<td class="success">test027</td>
<td>0s</td>
<td class="success">passed</td>
</tr>
<tr>
<td class="success">test028</td>
<td>0s</td>
<td class="success">passed</td>
</tr>
<tr>
<td class="success">test028</td>
<td>0s</td>
<td class="success">passed</td>
</tr>
<tr>
<td class="success">test029</td>
<td>0s</td>
<td class="success">passed</td>
</tr>
<tr>
<td class="success">test029</td>
<td>0s</td>
<td class="success">passed</td>
</tr>
<tr>
<td class="success">test030</td>
<td>0s</td>
<td class="success">passed</td>
</tr>
<tr>
<td class="success">test030</td>
<td>0s</td>
<td class="success">passed</td>
</tr>
<tr>
<td class="success">test031</td>
<td>0s</td>
<td class="success">passed</td>
</tr>
<tr>
<td class="success">test031</td>
<td>0s</td>
<td class="success">passed</td>
</tr>
<tr>
<td class="success">test032</td>
<td>0s</td>
<td class="success">passed</td>
</tr>
<tr>
<td class="success">test032</td>
<td>0.001s</td>
<td class="success">passed</td>
</tr>
<tr>
<td class="success">test033</td>
<td>0s</td>
<td class="success">passed</td>
</tr>
<tr>
<td class="success">test033</td>
<td>0s</td>
<td class="success">passed</td>
</tr>
<tr>
<td class="success">test034</td>
<td>0s</td>
<td class="success">passed</td>
</tr>
<tr>
<td class="success">test034</td>
<td>0s</td>
<td class="success">passed</td>
</tr>
<tr>
<td class="success">test035</td>
<td>0s</td>
<td class="success">passed</td>
</tr>
<tr>
<td class="success">test035</td>
<td>0s</td>
<td class="success">passed</td>
</tr>
<tr>
<td class="success">test036</td>
<td>0s</td>
<td class="success">passed</td>
</tr>
<tr>
<td class="success">test036</td>
<td>0s</td>
<td class="success">passed</td>
</tr>
<tr>
<td class="success">test037</td>
<td>0s</td>
<td class="success">passed</td>
</tr>
<tr>
<td class="success">test037</td>
<td>0s</td>
<td class="success">passed</td>
</tr>
<tr>
<td class="success">test038</td>
<td>0s</td>
<td class="success">passed</td>
</tr>
<tr>
<td class="success">test038</td>
<td>0s</td>
<td class="success">passed</td>
</tr>
<tr>
<td class="success">test039</td>
<td>0s</td>
<td class="success">passed</td>
</tr>
<tr>
<td class="success">test039</td>
<td>0s</td>
<td class="success">passed</td>
</tr>
<tr>
<td class="success">test040</td>
<td>0s</td>
<td class="success">passed</td>
</tr>
<tr>
<td class="success">test040</td>
<td>0s</td>
<td class="success">passed</td>
</tr>
<tr>
<td class="success">test041</td>
<td>0s</td>
<td class="success">passed</td>
</tr>
<tr>
<td class="success">test041</td>
<td>0s</td>
<td class="success">passed</td>
</tr>
<tr>
<td class="success">test042</td>
<td>0s</td>
<td class="success">passed</td>
</tr>
<tr>
<td class="success">test042</td>
<td>0s</td>
<td class="success">passed</td>
</tr>
<tr>
<td class="success">test043</td>
<td>0s</td>
<td class="success">passed</td>
</tr>
<tr>
<td class="success">test043</td>
<td>0s</td>
<td class="success">passed</td>
</tr>
<tr>
<td class="success">test044</td>
<td>0s</td>
<td class="success">passed</td>
</tr>
<tr>
<td class="success">test044</td>
<td>0s</td>
<td class="success">passed</td>
</tr>
<tr>
<td class="success">test045</td>
<td>0s</td>
<td class="success">passed</td>
</tr>
<tr>
<td class="success">test045</td>
<td>0s</td>
<td class="success">passed</td>
</tr>
<tr>
<td class="success">test046</td>
<td>0s</td>
<td class="success">passed</td>
</tr>
<tr>
<td class="success">test046</td>
<td>0s</td>
<td class="success">passed</td>
</tr>
<tr>
<td class="success">test047</td>
<td>0s</td>
<td class="success">passed</td>
</tr>
<tr>
<td class="success">test047</td>
<td>0s</td>
<td class="success">passed</td>
</tr>
<tr>
<td class="success">test048</td>
<td>0s</td>
<td class="success">passed</td>
</tr>
<tr>
<td class="success">test048</td>
<td>0s</td>
<td class="success">passed</td>
</tr>
<tr>
<td class="success">test049</td>
<td>0s</td>
<td class="success">passed</td>
</tr>
<tr>
<td class="success">test049</td>
<td>0s</td>
<td class="success">passed</td>
</tr>
<tr>
<td class="success">test050</td>
<td>0s</td>
<td class="success">passed</td>
</tr>
<tr>
<td class="success">test050</td>
<td>0s</td>
<td class="success">passed</td>
</tr>
<tr>
<td class="success">test051</td>
<td>0s</td>
<td class="success">passed</td>
</tr>
<tr>
<td class="success">test051</td>
<td>0.001s</td>
<td class="success">passed</td>
</tr>
<tr>
<td class="success">test052</td>
<td>0s</td>
<td class="success">passed</td>
</tr>
<tr>
<td class="success">test052</td>
<td>0s</td>
<td class="success">passed</td>
</tr>
<tr>
<td class="success">test053</td>
<td>0s</td>
<td class="success">passed</td>
</tr>
<tr>
<td class="success">test053</td>
<td>0s</td>
<td class="success">passed</td>
</tr>
<tr>
<td class="success">test054</td>
<td>0s</td>
<td class="success">passed</td>
</tr>
<tr>
<td class="success">test054</td>
<td>0s</td>
<td class="success">passed</td>
</tr>
<tr>
<td class="success">test055</td>
<td>0s</td>
<td class="success">passed</td>
</tr>
<tr>
<td class="success">test055</td>
<td>0s</td>
<td class="success">passed</td>
</tr>
<tr>
<td class="success">test056</td>
<td>0s</td>
<td class="success">passed</td>
</tr>
<tr>
<td class="success">test056</td>
<td>0s</td>
<td class="success">passed</td>
</tr>
<tr>
<td class="success">test057</td>
<td>0s</td>
<td class="success">passed</td>
</tr>
<tr>
<td class="success">test057</td>
<td>0s</td>
<td class="success">passed</td>
</tr>
<tr>
<td class="success">test058</td>
<td>0s</td>
<td class="success">passed</td>
</tr>
<tr>
<td class="success">test058</td>
<td>0s</td>
<td class="success">passed</td>
</tr>
<tr>
<td class="success">test059</td>
<td>0s</td>
<td class="success">passed</td>
</tr>
<tr>
<td class="success">test059</td>
<td>0s</td>
<td class="success">passed</td>
</tr>
<tr>
<td class="success">test060</td>
<td>0s</td>
<td class="success">passed</td>
</tr>
<tr>
<td class="success">test060</td>
<td>0s</td>
<td class="success">passed</td>
</tr>
<tr>
<td class="success">test061</td>
<td>0s</td>
<td class="success">passed</td>
</tr>
<tr>
<td class="success">test061</td>
<td>0s</td>
<td class="success">passed</td>
</tr>
<tr>
<td class="success">test062</td>
<td>0s</td>
<td class="success">passed</td>
</tr>
<tr>
<td class="success">test062</td>
<td>0s</td>
<td class="success">passed</td>
</tr>
<tr>
<td class="success">test063</td>
<td>0s</td>
<td class="success">passed</td>
</tr>
<tr>
<td class="success">test063</td>
<td>0s</td>
<td class="success">passed</td>
</tr>
<tr>
<td class="success">test064</td>
<td>0s</td>
<td class="success">passed</td>
</tr>
<tr>
<td class="success">test064</td>
<td>0s</td>
<td class="success">passed</td>
</tr>
<tr>
<td class="success">test065</td>
<td>0s</td>
<td class="success">passed</td>
</tr>
<tr>
<td class="success">test065</td>
<td>0.001s</td>
<td class="success">passed</td>
</tr>
<tr>
<td class="success">test066</td>
<td>0s</td>
<td class="success">passed</td>
</tr>
<tr>
<td class="success">test066</td>
<td>0s</td>
<td class="success">passed</td>
</tr>
<tr>
<td class="success">test067</td>
<td>0s</td>
<td class="success">passed</td>
</tr>
<tr>
<td class="success">test067</td>
<td>0s</td>
<td class="success">passed</td>
</tr>
<tr>
<td class="success">test068</td>
<td>0s</td>
<td class="success">passed</td>
</tr>
<tr>
<td class="success">test068</td>
<td>0s</td>
<td class="success">passed</td>
</tr>
<tr>
<td class="success">test069</td>
<td>0s</td>
<td class="success">passed</td>
</tr>
<tr>
<td class="success">test069</td>
<td>0s</td>
<td class="success">passed</td>
</tr>
<tr>
<td class="success">test070</td>
<td>0s</td>
<td class="success">passed</td>
</tr>
<tr>
<td class="success">test070</td>
<td>0s</td>
<td class="success">passed</td>
</tr>
<tr>
<td class="success">test071</td>
<td>0s</td>
<td class="success">passed</td>
</tr>
<tr>
<td class="success">test071</td>
<td>0s</td>
<td class="success">passed</td>
</tr>
<tr>
<td class="success">test072</td>
<td>0s</td>
<td class="success">passed</td>
</tr>
<tr>
<td class="success">test072</td>
<td>0s</td>
<td class="success">passed</td>
</tr>
<tr>
<td class="success">test073</td>
<td>0s</td>
<td class="success">passed</td>
</tr>
<tr>
<td class="success">test073</td>
<td>0s</td>
<td class="success">passed</td>
</tr>
<tr>
<td class="success">test074</td>
<td>0s</td>
<td class="success">passed</td>
</tr>
<tr>
<td class="success">test074</td>
<td>0s</td>
<td class="success">passed</td>
</tr>
<tr>
<td class="success">test075</td>
<td>0s</td>
<td class="success">passed</td>
</tr>
<tr>
<td class="success">test075</td>
<td>0s</td>
<td class="success">passed</td>
</tr>
<tr>
<td class="failures">test076</td>
<td>0s</td>
<td class="failures">failed</td>
</tr>
<tr>
<td class="failures">test076</td>
<td>0.002s</td>
<td class="failures">failed</td>
</tr>
<tr>
<td class="success">test077</td>
<td>0s</td>
<td class="success">passed</td>
</tr>
<tr>
<td class="success">test077</td>
<td>0s</td>
<td class="success">passed</td>
</tr>
<tr>
<td class="success">test078</td>
<td>0s</td>
<td class="success">passed</td>
</tr>
<tr>
<td class="success">test078</td>
<td>0s</td>
<td class="success">passed</td>
</tr>
<tr>
<td class="success">test079</td>
<td>0s</td>
<td class="success">passed</td>
</tr>
<tr>
<td class="success">test079</td>
<td>0s</td>
<td class="success">passed</td>
</tr>
<tr>
<td class="success">test080</td>
<td>0s</td>
<td class="success">passed</td>
</tr>
<tr>
<td class="success">test080</td>
<td>0s</td>
<td class="success">passed</td>
</tr>
<tr>
<td class="success">test081</td>
<td>0s</td>
<td class="success">passed</td>
</tr>
<tr>
<td class="success">test081</td>
<td>0s</td>
<td class="success">passed</td>
</tr>
<tr>
<td class="success">test082</td>
<td>0s</td>
<td class="success">passed</td>
</tr>
<tr>
<td class="success">test082</td>
<td>0s</td>
<td class="success">passed</td>
</tr>
<tr>
<td class="success">test083</td>
<td>0s</td>
<td class="success">passed</td>
</tr>
<tr>
<td class="success">test083</td>
<td>0s</td>
<td class="success">passed</td>
</tr>
<tr>
<td class="success">test084</td>
<td>0s</td>
<td class="success">passed</td>
</tr>
<tr>
<td class="success">test084</td>
<td>0s</td>
<td class="success">passed</td>
</tr>
<tr>
<td class="success">test085</td>
<td>0s</td>
<td class="success">passed</td>
</tr>
<tr>
<td class="success">test085</td>
<td>0s</td>
<td class="success">passed</td>
</tr>
<tr>
<td class="failures">test086</td>
<td>0s</td>
<td class="failures">failed</td>
</tr>
<tr>
<td class="failures">test086</td>
<td>0s</td>
<td class="failures">failed</td>
</tr>
<tr>
<td class="success">test087</td>
<td>0s</td>
<td class="success">passed</td>
</tr>
<tr>
<td class="success">test087</td>
<td>0s</td>
<td class="success">passed</td>
</tr>
<tr>
<td class="success">test088</td>
<td>0s</td>
<td class="success">passed</td>
</tr>
<tr>
<td class="success">test088</td>
<td>0s</td>
<td class="success">passed</td>
</tr>
<tr>
<td class="success">test089</td>
<td>0s</td>
<td class="success">passed</td>
</tr>
<tr>
<td class="success">test089</td>
<td>0s</td>
<td class="success">passed</td>
</tr>
<tr>
<td class="success">test090</td>
<td>0s</td>
<td class="success">passed</td>
</tr>
<tr>
<td class="success">test090</td>
<td>0s</td>
<td class="success">passed</td>
</tr>
<tr>
<td class="success">test091</td>
<td>0s</td>
<td class="success">passed</td>
</tr>
<tr>
<td class="success">test091</td>
<td>0s</td>
<td class="success">passed</td>
</tr>
<tr>
<td class="success">test092</td>
<td>0s</td>
<td class="success">passed</td>
</tr>
<tr>
<td class="success">test092</td>
<td>0s</td>
<td class="success">passed</td>
</tr>
<tr>
<td class="success">test093</td>
<td>0s</td>
<td class="success">passed</td>
</tr>
<tr>
<td class="success">test093</td>
<td>0s</td>
<td class="success">passed</td>
</tr>
<tr>
<td class="success">test094</td>
<td>0s</td>
<td class="success">passed</td>
</tr>
<tr>
<td class="success">test094</td>
<td>0s</td>
<td class="success">passed</td>
</tr>
<tr>
<td class="success">test095</td>
<td>0s</td>
<td class="success">passed</td>
</tr>
<tr>
<td class="success">test095</td>
<td>0s</td>
<td class="success">passed</td>
</tr>
<tr>
<td class="success">test096</td>
<td>0s</td>
<td class="success">passed</td>
</tr>
<tr>
<td class="success">test096</td>
<td>0s</td>
<td class="success">passed</td>
</tr>
<tr>
<td class="success">test097</td>
<td>0s</td>
<td class="success">passed</td>
</tr>
<tr>
<td class="success">test097</td>
<td>0s</td>
<td class="success">passed</td>
</tr>
<tr>
<td class="success">test098</td>
<td>0s</td>
<td class="success">passed</td>
</tr>
<tr>
<td class="success">test098</td>
<td>0s</td>
<td class="success">passed</td>
</tr>
<tr>
<td class="success">test099</td>
<td>0s</td>
<td class="success">passed</td>
</tr>
<tr>
<td class="success">test099</td>
<td>0s</td>
<td class="success">passed</td>
</tr>
<tr>
<td class="success">test100</td>
<td>0s</td>
<td class="success">passed</td>
</tr>
<tr>
<td class="success">test100</td>
<td>0s</td>
<td class="success">passed</td>
</tr>
<tr>
<td class="success">test101</td>
<td>0s</td>
<td class="success">passed</td>
</tr>
<tr>
<td class="success">test101</td>
<td>0s</td>
<td class="success">passed</td>
</tr>
<tr>
<td class="success">test102</td>
<td>0s</td>
<td class="success">passed</td>
</tr>
<tr>
<td class="success">test102</td>
<td>0s</td>
<td class="success">passed</td>
</tr>
<tr>
<td class="success">test103</td>
<td>0s</td>
<td class="success">passed</td>
</tr>
<tr>
<td class="success">test103</td>
<td>0s</td>
<td class="success">passed</td>
</tr>
<tr>
<td class="success">test104</td>
<td>0s</td>
<td class="success">passed</td>
</tr>
<tr>
<td class="success">test104</td>
<td>0s</td>
<td class="success">passed</td>
</tr>
<tr>
<td class="success">test105</td>
<td>0s</td>
<td class="success">passed</td>
</tr>
<tr>
<td class="success">test105</td>
<td>0s</td>
<td class="success">passed</td>
</tr>
<tr>
<td class="success">test106</td>
<td>0s</td>
<td class="success">passed</td>
</tr>
<tr>
<td class="success">test106</td>
<td>0s</td>
<td class="success">passed</td>
</tr>
<tr>
<td class="success">test107</td>
<td>0.001s</td>
<td class="success">passed</td>
</tr>
<tr>
<td class="success">test107</td>
<td>0s</td>
<td class="success">passed</td>
</tr>
<tr>
<td class="success">test108</td>
<td>0s</td>
<td class="success">passed</td>
</tr>
<tr>
<td class="success">test108</td>
<td>0s</td>
<td class="success">passed</td>
</tr>
<tr>
<td class="success">test109</td>
<td>0s</td>
<td class="success">passed</td>
</tr>
<tr>
<td class="success">test109</td>
<td>0s</td>
<td class="success">passed</td>
</tr>
<tr>
<td class="success">test110</td>
<td>0s</td>
<td class="success">passed</td>
</tr>
<tr>
<td class="success">test110</td>
<td>0s</td>
<td class="success">passed</td>
</tr>
<tr>
<td class="success">test111</td>
<td>0s</td>
<td class="success">passed</td>
</tr>
<tr>
<td class="success">test111</td>
<td>0s</td>
<td class="success">passed</td>
</tr>
<tr>
<td class="success">test112</td>
<td>0s</td>
<td class="success">passed</td>
</tr>
<tr>
<td class="success">test112</td>
<td>0s</td>
<td class="success">passed</td>
</tr>
<tr>
<td class="success">test113</td>
<td>0s</td>
<td class="success">passed</td>
</tr>
<tr>
<td class="success">test113</td>
<td>0s</td>
<td class="success">passed</td>
</tr>
<tr>
<td class="success">test114</td>
<td>0s</td>
<td class="success">passed</td>
</tr>
<tr>
<td class="success">test114</td>
<td>0s</td>
<td class="success">passed</td>
</tr>
<tr>
<td class="success">test115</td>
<td>0s</td>
<td class="success">passed</td>
</tr>
<tr>
<td class="success">test115</td>
<td>0s</td>
<td class="success">passed</td>
</tr>
<tr>
<td class="success">test116</td>
<td>0s</td>
<td class="success">passed</td>
</tr>
<tr>
<td class="success">test116</td>
<td>0s</td>
<td class="success">passed</td>
</tr>
<tr>
<td class="success">test117</td>
<td>0s</td>
<td class="success">passed</td>
</tr>
<tr>
<td class="success">test117</td>
<td>0s</td>
<td class="success">passed</td>
</tr>
<tr>
<td class="success">test118</td>
<td>0s</td>
<td class="success">passed</td>
</tr>
<tr>
<td class="success">test118</td>
<td>0s</td>
<td class="success">passed</td>
</tr>
<tr>
<td class="success">test119</td>
<td>0s</td>
<td class="success">passed</td>
</tr>
<tr>
<td class="success">test119</td>
<td>0s</td>
<td class="success">passed</td>
</tr>
<tr>
<td class="success">test120</td>
<td>0s</td>
<td class="success">passed</td>
</tr>
<tr>
<td class="success">test120</td>
<td>0s</td>
<td class="success">passed</td>
</tr>
<tr>
<td class="success">test121</td>
<td>0s</td>
<td class="success">passed</td>
</tr>
<tr>
<td class="success">test121</td>
<td>0s</td>
<td class="success">passed</td>
</tr>
<tr>
<td class="success">test122</td>
<td>0s</td>
<td class="success">passed</td>
</tr>
<tr>
<td class="success">test122</td>
<td>0s</td>
<td class="success">passed</td>
</tr>
<tr>
<td class="success">test123</td>
<td>0s</td>
<td class="success">passed</td>
</tr>
<tr>
<td class="success">test123</td>
<td>0s</td>
<td class="success">passed</td>
</tr>
<tr>
<td class="success">test124</td>
<td>0s</td>
<td class="success">passed</td>
</tr>
<tr>
<td class="success">test124</td>
<td>0s</td>
<td class="success">passed</td>
</tr>
</table>
</div>
</div>
<div id="footer">
<p>
<div>
<label class="hidden" id="label-for-line-wrapping-toggle" for="line-wrapping-toggle">Wrap lines
<input id="line-wrapping-toggle" type="checkbox" autocomplete="off"/>
</label>
</div>Generated by 
<a href="http://www.gradle.org">Gradle 4.0.1</a> at May 25, 2022 2:45:26 PM</p>
</div>
</div>
</body>
</html>
