<!DOCTYPE html>
<html>
<head>
<meta http-equiv="Content-Type" content="text/html; charset=utf-8"/>
<meta http-equiv="x-ua-compatible" content="IE=edge"/>
<title>Test results - Class lang3.BooleanUtils_ESTest</title>
<link href="../css/base-style.css" rel="stylesheet" type="text/css"/>
<link href="../css/style.css" rel="stylesheet" type="text/css"/>
<script src="../js/report.js" type="text/javascript"></script>
</head>
<body>
<div id="content">
<h1>Class lang3.BooleanUtils_ESTest</h1>
<div class="breadcrumbs">
<a href="../index.html">all</a> &gt; 
<a href="../packages/lang3.html">lang3</a> &gt; BooleanUtils_ESTest</div>
<div id="summary">
<table>
<tr>
<td>
<div class="summaryGroup">
<table>
<tr>
<td>
<div class="infoBox" id="tests">
<div class="counter">3</div>
<p>tests</p>
</div>
</td>
<td>
<div class="infoBox" id="failures">
<div class="counter">2</div>
<p>failures</p>
</div>
</td>
<td>
<div class="infoBox" id="ignored">
<div class="counter">0</div>
<p>ignored</p>
</div>
</td>
<td>
<div class="infoBox" id="duration">
<div class="counter">0.035s</div>
<p>duration</p>
</div>
</td>
</tr>
</table>
</div>
</td>
<td>
<div class="infoBox failures" id="successRate">
<div class="percent">33%</div>
<p>successful</p>
</div>
</td>
</tr>
</table>
</div>
<div id="tabs">
<ul class="tabLinks">
<li>
<a href="#tab0">Failed tests</a>
</li>
<li>
<a href="#tab1">Tests</a>
</li>
<li>
<a href="#tab2">Standard output</a>
</li>
</ul>
<div id="tab0" class="tab">
<h2>Failed tests</h2>
<div class="test">
<a name="test0"></a>
<h3 class="failures">test0</h3>
<span class="code">
<pre>java.lang.AssertionError: expected:&lt;-1&gt; but was:&lt;0&gt;
	at org.junit.Assert.fail(Assert.java:88)
	at org.junit.Assert.failNotEquals(Assert.java:834)
	at org.junit.Assert.assertEquals(Assert.java:645)
	at org.junit.Assert.assertEquals(Assert.java:631)
	at lang3.BooleanUtils_ESTest.test0(BooleanUtils_ESTest.java:22)
	at sun.reflect.NativeMethodAccessorImpl.invoke0(Native Method)
	at sun.reflect.NativeMethodAccessorImpl.invoke(NativeMethodAccessorImpl.java:62)
	at sun.reflect.DelegatingMethodAccessorImpl.invoke(DelegatingMethodAccessorImpl.java:43)
	at java.lang.reflect.Method.invoke(Method.java:498)
	at org.junit.runners.model.FrameworkMethod$1.runReflectiveCall(FrameworkMethod.java:50)
	at org.junit.internal.runners.model.ReflectiveCallable.run(ReflectiveCallable.java:12)
	at org.junit.runners.model.FrameworkMethod.invokeExplosively(FrameworkMethod.java:47)
	at org.junit.internal.runners.statements.InvokeMethod.evaluate(InvokeMethod.java:17)
	at org.junit.internal.runners.statements.FailOnTimeout$CallableStatement.call(FailOnTimeout.java:298)
	at org.junit.internal.runners.statements.FailOnTimeout$CallableStatement.call(FailOnTimeout.java:292)
	at java.util.concurrent.FutureTask.run(FutureTask.java:266)
	at java.lang.Thread.run(Thread.java:748)
</pre>
</span>
</div>
<div class="test">
<a name="test2"></a>
<h3 class="failures">test2</h3>
<span class="code">
<pre>java.lang.AssertionError: expected:&lt;1&gt; but was:&lt;0&gt;
	at org.junit.Assert.fail(Assert.java:88)
	at org.junit.Assert.failNotEquals(Assert.java:834)
	at org.junit.Assert.assertEquals(Assert.java:645)
	at org.junit.Assert.assertEquals(Assert.java:631)
	at lang3.BooleanUtils_ESTest.test2(BooleanUtils_ESTest.java:36)
	at sun.reflect.NativeMethodAccessorImpl.invoke0(Native Method)
	at sun.reflect.NativeMethodAccessorImpl.invoke(NativeMethodAccessorImpl.java:62)
	at sun.reflect.DelegatingMethodAccessorImpl.invoke(DelegatingMethodAccessorImpl.java:43)
	at java.lang.reflect.Method.invoke(Method.java:498)
	at org.junit.runners.model.FrameworkMethod$1.runReflectiveCall(FrameworkMethod.java:50)
	at org.junit.internal.runners.model.ReflectiveCallable.run(ReflectiveCallable.java:12)
	at org.junit.runners.model.FrameworkMethod.invokeExplosively(FrameworkMethod.java:47)
	at org.junit.internal.runners.statements.InvokeMethod.evaluate(InvokeMethod.java:17)
	at org.junit.internal.runners.statements.FailOnTimeout$CallableStatement.call(FailOnTimeout.java:298)
	at org.junit.internal.runners.statements.FailOnTimeout$CallableStatement.call(FailOnTimeout.java:292)
	at java.util.concurrent.FutureTask.run(FutureTask.java:266)
	at java.lang.Thread.run(Thread.java:748)
</pre>
</span>
</div>
</div>
<div id="tab1" class="tab">
<h2>Tests</h2>
<table>
<thead>
<tr>
<th>Test</th>
<th>Duration</th>
<th>Result</th>
</tr>
</thead>
<tr>
<td class="failures">test0</td>
<td>0.025s</td>
<td class="failures">failed</td>
</tr>
<tr>
<td class="success">test1</td>
<td>0.005s</td>
<td class="success">passed</td>
</tr>
<tr>
<td class="failures">test2</td>
<td>0.005s</td>
<td class="failures">failed</td>
</tr>
</table>
</div>
<div id="tab2" class="tab">
<h2>Standard output</h2>
<span class="code">
<pre>18:49:07.201 [Test worker] INFO  o.e.r.instrumentation.EvoClassLoader - Seeing class for first time: lang3.BooleanUtils_ESTest
18:49:07.204 [Test worker] INFO  o.e.r.instrumentation.EvoClassLoader - Instrumenting class 'lang3.BooleanUtils_ESTest'.
18:49:07.238 [Test worker] INFO  o.e.r.instrumentation.EvoClassLoader - Seeing class for first time: lang3.BooleanUtils_ESTest_scaffolding
18:49:07.238 [Test worker] INFO  o.e.r.instrumentation.EvoClassLoader - Instrumenting class 'lang3.BooleanUtils_ESTest_scaffolding'.
18:49:07.242 [Test worker] INFO  o.e.r.instrumentation.EvoClassLoader - Keeping class: lang3.BooleanUtils_ESTest_scaffolding
18:49:07.244 [Test worker] INFO  o.e.r.instrumentation.EvoClassLoader - Keeping class: lang3.BooleanUtils_ESTest
18:49:07.625 [Test worker] DEBUG o.e.runtime.sandbox.MSecurityManager - Adding privileged thread: &quot;Reference Handler&quot;
18:49:07.626 [Test worker] DEBUG o.e.runtime.sandbox.MSecurityManager - Adding privileged thread: &quot;Finalizer&quot;
18:49:07.626 [Test worker] DEBUG o.e.runtime.sandbox.MSecurityManager - Adding privileged thread: &quot;Signal Dispatcher&quot;
18:49:07.626 [Test worker] DEBUG o.e.runtime.sandbox.MSecurityManager - Adding privileged thread: &quot;Attach Listener&quot;
18:49:07.626 [Test worker] DEBUG o.e.runtime.sandbox.MSecurityManager - Adding privileged thread: &quot;Java2D Disposer&quot;
18:49:07.626 [Test worker] DEBUG o.e.runtime.sandbox.MSecurityManager - Adding privileged thread: &quot;AWT-Shutdown&quot;
18:49:07.626 [Test worker] DEBUG o.e.runtime.sandbox.MSecurityManager - Adding privileged thread: &quot;AWT-Windows&quot;
18:49:07.626 [Test worker] DEBUG o.e.runtime.sandbox.MSecurityManager - Adding privileged thread: &quot;main&quot;
18:49:07.627 [Test worker] DEBUG o.e.runtime.sandbox.MSecurityManager - Adding privileged thread: &quot;Test worker&quot;
18:49:07.627 [Test worker] DEBUG o.e.runtime.sandbox.MSecurityManager - Adding privileged thread: &quot;/127.0.0.1:65175 to /127.0.0.1:65174 workers Thread 2&quot;
18:49:07.627 [Test worker] DEBUG o.e.runtime.sandbox.MSecurityManager - Adding privileged thread: &quot;/127.0.0.1:65175 to /127.0.0.1:65174 workers Thread 3&quot;
18:49:07.721 [Test worker] INFO  o.e.r.instrumentation.EvoClassLoader - Seeing class for first time: lang3.BooleanUtils
18:49:07.721 [Test worker] INFO  o.e.r.instrumentation.EvoClassLoader - Instrumenting class 'lang3.BooleanUtils'.
18:49:07.747 [Test worker] INFO  o.e.r.i.MethodCallReplacementClassAdapter - Adding mock interface to class lang3/BooleanUtils
18:49:08.055 [Test worker] INFO  o.e.r.i.CreateClassResetClassAdapter - Creating brand-new static initializer in class lang3/BooleanUtils
18:49:08.055 [Test worker] INFO  o.e.r.instrumentation.EvoClassLoader - Keeping class: lang3.BooleanUtils
</pre>
</span>
</div>
</div>
<div id="footer">
<p>
<div>
<label class="hidden" id="label-for-line-wrapping-toggle" for="line-wrapping-toggle">Wrap lines
<input id="line-wrapping-toggle" type="checkbox" autocomplete="off"/>
</label>
</div>Generated by 
<a href="http://www.gradle.org">Gradle 4.0.1</a> at May 24, 2022 6:49:08 PM</p>
</div>
</div>
</body>
</html>
