:clean

BUILD SUCCESSFUL in 3s
1 actionable task: 1 executed
:compileJava
:processResources NO-SOURCE
:classes
:compileTestJava
:processTestResources NO-SOURCE
:testClasses
:jar
:assemble
:test

examples.Structure_ESTest STANDARD_OUT
    16:27:51.219 [Test worker] INFO  o.e.r.instrumentation.EvoClassLoader - Seeing class for first time: examples.Structure_ESTest
    16:27:51.225 [Test worker] INFO  o.e.r.instrumentation.EvoClassLoader - Instrumenting class 'examples.Structure_ESTest'.
    16:27:51.260 [Test worker] INFO  o.e.r.instrumentation.EvoClassLoader - Seeing class for first time: examples.Structure_ESTest_scaffolding
    16:27:51.261 [Test worker] INFO  o.e.r.instrumentation.EvoClassLoader - Instrumenting class 'examples.Structure_ESTest_scaffolding'.
    16:27:51.266 [Test worker] INFO  o.e.r.instrumentation.EvoClassLoader - Keeping class: examples.Structure_ESTest_scaffolding
    16:27:51.267 [Test worker] INFO  o.e.r.instrumentation.EvoClassLoader - Keeping class: examples.Structure_ESTest
    16:27:51.592 [Test worker] DEBUG o.e.runtime.sandbox.MSecurityManager - Adding privileged thread: "Reference Handler"
    16:27:51.592 [Test worker] DEBUG o.e.runtime.sandbox.MSecurityManager - Adding privileged thread: "Finalizer"
    16:27:51.592 [Test worker] DEBUG o.e.runtime.sandbox.MSecurityManager - Adding privileged thread: "Signal Dispatcher"
    16:27:51.592 [Test worker] DEBUG o.e.runtime.sandbox.MSecurityManager - Adding privileged thread: "Attach Listener"
    16:27:51.593 [Test worker] DEBUG o.e.runtime.sandbox.MSecurityManager - Adding privileged thread: "Java2D Disposer"
    16:27:51.593 [Test worker] DEBUG o.e.runtime.sandbox.MSecurityManager - Adding privileged thread: "AWT-Shutdown"
    16:27:51.593 [Test worker] DEBUG o.e.runtime.sandbox.MSecurityManager - Adding privileged thread: "AWT-Windows"
    16:27:51.593 [Test worker] DEBUG o.e.runtime.sandbox.MSecurityManager - Adding privileged thread: "main"
    16:27:51.593 [Test worker] DEBUG o.e.runtime.sandbox.MSecurityManager - Adding privileged thread: "Test worker"
    16:27:51.593 [Test worker] DEBUG o.e.runtime.sandbox.MSecurityManager - Adding privileged thread: "/127.0.0.1:60005 to /127.0.0.1:59999 workers Thread 2"
    16:27:51.593 [Test worker] DEBUG o.e.runtime.sandbox.MSecurityManager - Adding privileged thread: "/127.0.0.1:60005 to /127.0.0.1:59999 workers Thread 3"
    16:27:51.679 [Test worker] INFO  o.e.r.instrumentation.EvoClassLoader - Seeing class for first time: examples.Structure
    16:27:51.679 [Test worker] INFO  o.e.r.instrumentation.EvoClassLoader - Instrumenting class 'examples.Structure'.
    16:27:51.712 [Test worker] INFO  o.e.r.i.MethodCallReplacementClassAdapter - Adding mock interface to class examples/Structure
    16:27:52.038 [Test worker] INFO  o.e.r.i.CreateClassResetClassAdapter - Creating brand-new static initializer in class examples/Structure
    16:27:52.039 [Test worker] INFO  o.e.r.instrumentation.EvoClassLoader - Keeping class: examples.Structure

examples.Structure_ESTest > test2 FAILED
    java.lang.AssertionError at Structure_ESTest.java:39

RegressionTest > RegressionTest0.test02 FAILED
    java.lang.AssertionError at RegressionTest0.java:26

RegressionTest > RegressionTest0.test17 FAILED
    java.lang.AssertionError at RegressionTest0.java:187

RegressionTest > RegressionTest0.test26 FAILED
    java.lang.AssertionError at RegressionTest0.java:298

RegressionTest > RegressionTest0.test49 FAILED
    java.lang.AssertionError at RegressionTest0.java:593

RegressionTest0 > test02 FAILED
    java.lang.AssertionError at RegressionTest0.java:26

RegressionTest0 > test17 FAILED
    java.lang.AssertionError at RegressionTest0.java:187

RegressionTest0 > test26 FAILED
    java.lang.AssertionError at RegressionTest0.java:298

RegressionTest0 > test49 FAILED
    java.lang.AssertionError at RegressionTest0.java:593
Results: FAILURE (374 tests, 365 successes, 9 failures, 0 skipped)
:test FAILED
4 actionable tasks: 4 executed
