:clean

BUILD SUCCESSFUL in 2s
1 actionable task: 1 executed
:compileJava
:processResources NO-SOURCE
:classes
:compileTestJava
:processTestResources NO-SOURCE
:testClasses
:jar
:assemble
:test

math.IntMath_ESTest STANDARD_OUT
    22:24:27.863 [Test worker] INFO  o.e.r.instrumentation.EvoClassLoader - Seeing class for first time: math.IntMath_ESTest
    22:24:27.866 [Test worker] INFO  o.e.r.instrumentation.EvoClassLoader - Instrumenting class 'math.IntMath_ESTest'.
    22:24:27.905 [Test worker] INFO  o.e.r.instrumentation.EvoClassLoader - Seeing class for first time: math.IntMath_ESTest_scaffolding
    22:24:27.905 [Test worker] INFO  o.e.r.instrumentation.EvoClassLoader - Instrumenting class 'math.IntMath_ESTest_scaffolding'.
    22:24:27.907 [Test worker] INFO  o.e.r.instrumentation.EvoClassLoader - Keeping class: math.IntMath_ESTest_scaffolding
    22:24:27.908 [Test worker] INFO  o.e.r.instrumentation.EvoClassLoader - Keeping class: math.IntMath_ESTest
    22:24:28.290 [Test worker] DEBUG o.e.runtime.sandbox.MSecurityManager - Adding privileged thread: "Reference Handler"
    22:24:28.290 [Test worker] DEBUG o.e.runtime.sandbox.MSecurityManager - Adding privileged thread: "Finalizer"
    22:24:28.290 [Test worker] DEBUG o.e.runtime.sandbox.MSecurityManager - Adding privileged thread: "Signal Dispatcher"
    22:24:28.290 [Test worker] DEBUG o.e.runtime.sandbox.MSecurityManager - Adding privileged thread: "Attach Listener"
    22:24:28.290 [Test worker] DEBUG o.e.runtime.sandbox.MSecurityManager - Adding privileged thread: "Java2D Disposer"
    22:24:28.290 [Test worker] DEBUG o.e.runtime.sandbox.MSecurityManager - Adding privileged thread: "AWT-Shutdown"
    22:24:28.290 [Test worker] DEBUG o.e.runtime.sandbox.MSecurityManager - Adding privileged thread: "AWT-Windows"
    22:24:28.291 [Test worker] DEBUG o.e.runtime.sandbox.MSecurityManager - Adding privileged thread: "main"
    22:24:28.291 [Test worker] DEBUG o.e.runtime.sandbox.MSecurityManager - Adding privileged thread: "Test worker"
    22:24:28.291 [Test worker] DEBUG o.e.runtime.sandbox.MSecurityManager - Adding privileged thread: "/127.0.0.1:58964 to /127.0.0.1:58963 workers Thread 2"
    22:24:28.291 [Test worker] DEBUG o.e.runtime.sandbox.MSecurityManager - Adding privileged thread: "/127.0.0.1:58964 to /127.0.0.1:58963 workers Thread 3"
    22:24:28.392 [Test worker] INFO  o.e.r.instrumentation.EvoClassLoader - Seeing class for first time: math.IntMath
    22:24:28.392 [Test worker] INFO  o.e.r.instrumentation.EvoClassLoader - Instrumenting class 'math.IntMath'.
    22:24:28.422 [Test worker] INFO  o.e.r.i.MethodCallReplacementClassAdapter - Adding mock interface to class math/IntMath
    22:24:28.672 [Test worker] INFO  o.e.r.i.CreateClassResetClassAdapter - Creating brand-new static initializer in class math/IntMath
    22:24:28.673 [Test worker] INFO  o.e.r.instrumentation.EvoClassLoader - Keeping class: math.IntMath

math.IntMath_ESTest > test0 FAILED
    java.lang.AssertionError at IntMath_ESTest.java:23

math.IntMath_ESTest > test3 FAILED
    java.lang.AssertionError at IntMath_ESTest.java:53

RegressionTest > RegressionTest0.test03 FAILED
    java.lang.AssertionError at RegressionTest0.java:46

RegressionTest > RegressionTest0.test04 FAILED
    java.lang.AssertionError at RegressionTest0.java:62

RegressionTest > RegressionTest0.test05 FAILED
    java.lang.AssertionError at RegressionTest0.java:72

RegressionTest > RegressionTest0.test07 FAILED
    java.lang.AssertionError at RegressionTest0.java:95

RegressionTest > RegressionTest0.test08 FAILED
    java.lang.AssertionError at RegressionTest0.java:108

RegressionTest > RegressionTest0.test10 FAILED
    java.lang.AssertionError at RegressionTest0.java:139

RegressionTest > RegressionTest0.test11 FAILED
    java.lang.AssertionError at RegressionTest0.java:149

RegressionTest > RegressionTest0.test12 FAILED
    java.lang.AssertionError at RegressionTest0.java:167

RegressionTest > RegressionTest0.test15 FAILED
    java.lang.AssertionError at RegressionTest0.java:209

RegressionTest > RegressionTest0.test16 FAILED
    java.lang.AssertionError at RegressionTest0.java:226

RegressionTest > RegressionTest0.test17 FAILED
    java.lang.AssertionError at RegressionTest0.java:238

RegressionTest > RegressionTest0.test19 FAILED
    java.lang.AssertionError at RegressionTest0.java:266

RegressionTest > RegressionTest0.test20 FAILED
    java.lang.AssertionError at RegressionTest0.java:280

RegressionTest > RegressionTest0.test21 FAILED
    java.lang.AssertionError at RegressionTest0.java:291

RegressionTest > RegressionTest0.test22 FAILED
    java.lang.AssertionError at RegressionTest0.java:304

RegressionTest > RegressionTest0.test23 FAILED
    java.lang.AssertionError at RegressionTest0.java:322

RegressionTest > RegressionTest0.test24 FAILED
    java.lang.AssertionError at RegressionTest0.java:335

RegressionTest > RegressionTest0.test25 FAILED
    java.lang.AssertionError at RegressionTest0.java:350

RegressionTest > RegressionTest0.test26 FAILED
    java.lang.AssertionError at RegressionTest0.java:366

RegressionTest > RegressionTest0.test27 FAILED
    java.lang.AssertionError at RegressionTest0.java:381

RegressionTest > RegressionTest0.test28 FAILED
    java.lang.AssertionError at RegressionTest0.java:394

RegressionTest > RegressionTest0.test29 FAILED
    java.lang.AssertionError at RegressionTest0.java:406

RegressionTest > RegressionTest0.test31 FAILED
    java.lang.AssertionError at RegressionTest0.java:438

RegressionTest > RegressionTest0.test32 FAILED
    java.lang.AssertionError at RegressionTest0.java:453

RegressionTest > RegressionTest0.test33 FAILED
    java.lang.AssertionError at RegressionTest0.java:476

RegressionTest > RegressionTest0.test34 FAILED
    java.lang.AssertionError at RegressionTest0.java:496

RegressionTest > RegressionTest0.test35 FAILED
    java.lang.AssertionError at RegressionTest0.java:513

RegressionTest > RegressionTest0.test36 FAILED
    java.lang.AssertionError at RegressionTest0.java:524

RegressionTest > RegressionTest0.test37 FAILED
    java.lang.AssertionError at RegressionTest0.java:536

RegressionTest > RegressionTest0.test38 FAILED
    java.lang.AssertionError at RegressionTest0.java:551

RegressionTest > RegressionTest0.test39 FAILED
    java.lang.AssertionError at RegressionTest0.java:569

RegressionTest > RegressionTest0.test40 FAILED
    java.lang.AssertionError at RegressionTest0.java:587

RegressionTest > RegressionTest0.test41 FAILED
    java.lang.AssertionError at RegressionTest0.java:604

RegressionTest > RegressionTest0.test42 FAILED
    java.lang.AssertionError at RegressionTest0.java:620

RegressionTest > RegressionTest0.test43 FAILED
    java.lang.AssertionError at RegressionTest0.java:635

RegressionTest > RegressionTest0.test44 FAILED
    java.lang.AssertionError at RegressionTest0.java:651

RegressionTest > RegressionTest0.test45 FAILED
    java.lang.AssertionError at RegressionTest0.java:668

RegressionTest > RegressionTest0.test46 FAILED
    java.lang.AssertionError at RegressionTest0.java:688

RegressionTest > RegressionTest0.test47 FAILED
    java.lang.AssertionError at RegressionTest0.java:699

RegressionTest > RegressionTest0.test48 FAILED
    java.lang.AssertionError at RegressionTest0.java:714

RegressionTest > RegressionTest0.test49 FAILED
    java.lang.AssertionError at RegressionTest0.java:733

RegressionTest > RegressionTest0.test50 FAILED
    java.lang.AssertionError at RegressionTest0.java:748

RegressionTest > RegressionTest0.test51 FAILED
    java.lang.AssertionError at RegressionTest0.java:763

RegressionTest > RegressionTest0.test52 FAILED
    java.lang.AssertionError at RegressionTest0.java:779

RegressionTest > RegressionTest0.test53 FAILED
    java.lang.AssertionError at RegressionTest0.java:796

RegressionTest > RegressionTest0.test54 FAILED
    java.lang.AssertionError at RegressionTest0.java:808

RegressionTest > RegressionTest0.test55 FAILED
    java.lang.AssertionError at RegressionTest0.java:819

RegressionTest > RegressionTest0.test56 FAILED
    java.lang.AssertionError at RegressionTest0.java:832

RegressionTest > RegressionTest0.test58 FAILED
    java.lang.AssertionError at RegressionTest0.java:858

RegressionTest > RegressionTest0.test59 FAILED
    java.lang.AssertionError at RegressionTest0.java:875

RegressionTest > RegressionTest0.test60 FAILED
    java.lang.AssertionError at RegressionTest0.java:897

RegressionTest > RegressionTest0.test61 FAILED
    java.lang.AssertionError at RegressionTest0.java:917

RegressionTest0 > test03 FAILED
    java.lang.AssertionError at RegressionTest0.java:46

RegressionTest0 > test04 FAILED
    java.lang.AssertionError at RegressionTest0.java:62

RegressionTest0 > test05 FAILED
    java.lang.AssertionError at RegressionTest0.java:72

RegressionTest0 > test07 FAILED
    java.lang.AssertionError at RegressionTest0.java:95

RegressionTest0 > test08 FAILED
    java.lang.AssertionError at RegressionTest0.java:108

RegressionTest0 > test10 FAILED
    java.lang.AssertionError at RegressionTest0.java:139

RegressionTest0 > test11 FAILED
    java.lang.AssertionError at RegressionTest0.java:149

RegressionTest0 > test12 FAILED
    java.lang.AssertionError at RegressionTest0.java:167

RegressionTest0 > test15 FAILED
    java.lang.AssertionError at RegressionTest0.java:209

RegressionTest0 > test16 FAILED
    java.lang.AssertionError at RegressionTest0.java:226

RegressionTest0 > test17 FAILED
    java.lang.AssertionError at RegressionTest0.java:238

RegressionTest0 > test19 FAILED
    java.lang.AssertionError at RegressionTest0.java:266

RegressionTest0 > test20 FAILED
    java.lang.AssertionError at RegressionTest0.java:280

RegressionTest0 > test21 FAILED
    java.lang.AssertionError at RegressionTest0.java:291

RegressionTest0 > test22 FAILED
    java.lang.AssertionError at RegressionTest0.java:304

RegressionTest0 > test23 FAILED
    java.lang.AssertionError at RegressionTest0.java:322

RegressionTest0 > test24 FAILED
    java.lang.AssertionError at RegressionTest0.java:335

RegressionTest0 > test25 FAILED
    java.lang.AssertionError at RegressionTest0.java:350

RegressionTest0 > test26 FAILED
    java.lang.AssertionError at RegressionTest0.java:366

RegressionTest0 > test27 FAILED
    java.lang.AssertionError at RegressionTest0.java:381

RegressionTest0 > test28 FAILED
    java.lang.AssertionError at RegressionTest0.java:394

RegressionTest0 > test29 FAILED
    java.lang.AssertionError at RegressionTest0.java:406

RegressionTest0 > test31 FAILED
    java.lang.AssertionError at RegressionTest0.java:438

RegressionTest0 > test32 FAILED
    java.lang.AssertionError at RegressionTest0.java:453

RegressionTest0 > test33 FAILED
    java.lang.AssertionError at RegressionTest0.java:476

RegressionTest0 > test34 FAILED
    java.lang.AssertionError at RegressionTest0.java:496

RegressionTest0 > test35 FAILED
    java.lang.AssertionError at RegressionTest0.java:513

RegressionTest0 > test36 FAILED
    java.lang.AssertionError at RegressionTest0.java:524

RegressionTest0 > test37 FAILED
    java.lang.AssertionError at RegressionTest0.java:536

RegressionTest0 > test38 FAILED
    java.lang.AssertionError at RegressionTest0.java:551

RegressionTest0 > test39 FAILED
    java.lang.AssertionError at RegressionTest0.java:569

RegressionTest0 > test40 FAILED
    java.lang.AssertionError at RegressionTest0.java:587

RegressionTest0 > test41 FAILED
    java.lang.AssertionError at RegressionTest0.java:604

RegressionTest0 > test42 FAILED
    java.lang.AssertionError at RegressionTest0.java:620

RegressionTest0 > test43 FAILED
    java.lang.AssertionError at RegressionTest0.java:635

RegressionTest0 > test44 FAILED
    java.lang.AssertionError at RegressionTest0.java:651

RegressionTest0 > test45 FAILED
    java.lang.AssertionError at RegressionTest0.java:668

RegressionTest0 > test46 FAILED
    java.lang.AssertionError at RegressionTest0.java:688

RegressionTest0 > test47 FAILED
    java.lang.AssertionError at RegressionTest0.java:699

RegressionTest0 > test48 FAILED
    java.lang.AssertionError at RegressionTest0.java:714

RegressionTest0 > test49 FAILED
    java.lang.AssertionError at RegressionTest0.java:733

RegressionTest0 > test50 FAILED
    java.lang.AssertionError at RegressionTest0.java:748

RegressionTest0 > test51 FAILED
    java.lang.AssertionError at RegressionTest0.java:763

RegressionTest0 > test52 FAILED
    java.lang.AssertionError at RegressionTest0.java:779

RegressionTest0 > test53 FAILED
    java.lang.AssertionError at RegressionTest0.java:796

RegressionTest0 > test54 FAILED
    java.lang.AssertionError at RegressionTest0.java:808

RegressionTest0 > test55 FAILED
    java.lang.AssertionError at RegressionTest0.java:819

RegressionTest0 > test56 FAILED
    java.lang.AssertionError at RegressionTest0.java:832

RegressionTest0 > test58 FAILED
    java.lang.AssertionError at RegressionTest0.java:858

RegressionTest0 > test59 FAILED
    java.lang.AssertionError at RegressionTest0.java:875

RegressionTest0 > test60 FAILED
    java.lang.AssertionError at RegressionTest0.java:897

RegressionTest0 > test61 FAILED
    java.lang.AssertionError at RegressionTest0.java:917
Results: FAILURE (455 tests, 349 successes, 106 failures, 0 skipped)
:test FAILED
4 actionable tasks: 4 executed
