:clean

BUILD SUCCESSFUL in 3s
1 actionable task: 1 executed
:compileJava
:processResources NO-SOURCE
:classes
:compileTestJava
:processTestResources NO-SOURCE
:testClasses
:jar
:assemble
:test

DataStructures.StackAr_ESTest STANDARD_OUT
    15:03:41.899 [Test worker] INFO  o.e.r.instrumentation.EvoClassLoader - Seeing class for first time: DataStructures.StackAr_ESTest
    15:03:41.904 [Test worker] INFO  o.e.r.instrumentation.EvoClassLoader - Instrumenting class 'DataStructures.StackAr_ESTest'.
    15:03:41.956 [Test worker] INFO  o.e.r.instrumentation.EvoClassLoader - Seeing class for first time: DataStructures.StackAr_ESTest_scaffolding
    15:03:41.956 [Test worker] INFO  o.e.r.instrumentation.EvoClassLoader - Instrumenting class 'DataStructures.StackAr_ESTest_scaffolding'.
    15:03:41.959 [Test worker] INFO  o.e.r.instrumentation.EvoClassLoader - Keeping class: DataStructures.StackAr_ESTest_scaffolding
    15:03:41.959 [Test worker] INFO  o.e.r.instrumentation.EvoClassLoader - Keeping class: DataStructures.StackAr_ESTest
    15:03:42.313 [Test worker] DEBUG o.e.runtime.sandbox.MSecurityManager - Adding privileged thread: "Reference Handler"
    15:03:42.314 [Test worker] DEBUG o.e.runtime.sandbox.MSecurityManager - Adding privileged thread: "Finalizer"
    15:03:42.314 [Test worker] DEBUG o.e.runtime.sandbox.MSecurityManager - Adding privileged thread: "Signal Dispatcher"
    15:03:42.314 [Test worker] DEBUG o.e.runtime.sandbox.MSecurityManager - Adding privileged thread: "Attach Listener"
    15:03:42.314 [Test worker] DEBUG o.e.runtime.sandbox.MSecurityManager - Adding privileged thread: "Java2D Disposer"
    15:03:42.314 [Test worker] DEBUG o.e.runtime.sandbox.MSecurityManager - Adding privileged thread: "AWT-Shutdown"
    15:03:42.314 [Test worker] DEBUG o.e.runtime.sandbox.MSecurityManager - Adding privileged thread: "AWT-Windows"
    15:03:42.314 [Test worker] DEBUG o.e.runtime.sandbox.MSecurityManager - Adding privileged thread: "main"
    15:03:42.314 [Test worker] DEBUG o.e.runtime.sandbox.MSecurityManager - Adding privileged thread: "Test worker"
    15:03:42.314 [Test worker] DEBUG o.e.runtime.sandbox.MSecurityManager - Adding privileged thread: "/127.0.0.1:50869 to /127.0.0.1:50868 workers Thread 2"
    15:03:42.314 [Test worker] DEBUG o.e.runtime.sandbox.MSecurityManager - Adding privileged thread: "/127.0.0.1:50869 to /127.0.0.1:50868 workers Thread 3"
    15:03:42.397 [Test worker] INFO  o.e.r.instrumentation.EvoClassLoader - Seeing class for first time: DataStructures.StackAr
    15:03:42.397 [Test worker] INFO  o.e.r.instrumentation.EvoClassLoader - Instrumenting class 'DataStructures.StackAr'.
    15:03:42.461 [Test worker] INFO  o.e.r.i.MethodCallReplacementClassAdapter - Adding mock interface to class DataStructures/StackAr
    15:03:42.690 [Test worker] INFO  o.e.r.i.CreateClassResetClassAdapter - Creating brand-new static initializer in class DataStructures/StackAr
    15:03:42.691 [Test worker] INFO  o.e.r.i.CreateClassResetClassAdapter - Adding bytecode for initializing field DEFAULT_CAPACITY
    15:03:42.693 [Test worker] INFO  o.e.r.instrumentation.EvoClassLoader - Keeping class: DataStructures.StackAr
    15:03:42.694 [Test worker] INFO  o.e.r.instrumentation.EvoClassLoader - Seeing class for first time: DataStructures.Underflow
    15:03:42.695 [Test worker] INFO  o.e.r.instrumentation.EvoClassLoader - Instrumenting class 'DataStructures.Underflow'.
    15:03:42.696 [Test worker] INFO  o.e.r.i.MethodCallReplacementClassAdapter - Adding mock interface to class DataStructures/Underflow
    15:03:42.697 [Test worker] INFO  o.e.r.i.CreateClassResetClassAdapter - Creating brand-new static initializer in class DataStructures/Underflow
    15:03:42.698 [Test worker] INFO  o.e.r.instrumentation.EvoClassLoader - Keeping class: DataStructures.Underflow
    15:03:42.698 [Test worker] INFO  o.e.r.instrumentation.EvoClassLoader - Seeing class for first time: DataStructures.Overflow
    15:03:42.698 [Test worker] INFO  o.e.r.instrumentation.EvoClassLoader - Instrumenting class 'DataStructures.Overflow'.
    15:03:42.700 [Test worker] INFO  o.e.r.i.MethodCallReplacementClassAdapter - Adding mock interface to class DataStructures/Overflow
    15:03:42.700 [Test worker] INFO  o.e.r.i.CreateClassResetClassAdapter - Creating brand-new static initializer in class DataStructures/Overflow
    15:03:42.700 [Test worker] INFO  o.e.r.instrumentation.EvoClassLoader - Keeping class: DataStructures.Overflow

DataStructures.StackAr_ESTest > test07 FAILED
    java.lang.AssertionError at StackAr_ESTest.java:89

DataStructures.StackAr_ESTest > test06 FAILED
    java.lang.AssertionError at StackAr_ESTest.java:77

DataStructures.StackAr_ESTest > test09 FAILED
    java.lang.AssertionError at StackAr_ESTest.java:110

DataStructures.StackAr_ESTest > test08 FAILED
    java.lang.AssertionError at StackAr_ESTest.java:97

DataStructures.StackAr_ESTest > test12 FAILED
    java.lang.AssertionError at StackAr_ESTest.java:147

DataStructures.StackAr_ESTest > test11 STANDARD_OUT
    15:03:42.767 [Test worker] INFO  o.e.runtime.thread.ThreadStopper - Found new thread

DataStructures.StackAr_ESTest > test11 FAILED
    java.lang.AssertionError at StackAr_ESTest.java:137

DataStructures.StackAr_ESTest > test02 FAILED
    java.lang.AssertionError at StackAr_ESTest.java:38

DataStructures.StackAr_ESTest > test05 FAILED
    java.lang.AssertionError at StackAr_ESTest.java:71

DataStructures.StackAr_ESTest > test04 FAILED
    java.lang.AssertionError at StackAr_ESTest.java:64

RegressionTest > RegressionTest0.test01 FAILED
    java.lang.AssertionError at RegressionTest0.java:18

RegressionTest > RegressionTest0.test02 FAILED
    java.lang.AssertionError at RegressionTest0.java:32

RegressionTest > RegressionTest0.test08 FAILED
    java.lang.AssertionError at RegressionTest0.java:96

RegressionTest > RegressionTest0.test10 FAILED
    java.lang.AssertionError at RegressionTest0.java:123

RegressionTest > RegressionTest0.test12 FAILED
    java.lang.AssertionError at RegressionTest0.java:144

RegressionTest > RegressionTest0.test14 FAILED
    java.lang.AssertionError at RegressionTest0.java:167

RegressionTest > RegressionTest0.test17 FAILED
    java.lang.AssertionError at RegressionTest0.java:211

RegressionTest > RegressionTest0.test18 FAILED
    java.lang.AssertionError at RegressionTest0.java:222

RegressionTest > RegressionTest0.test19 FAILED
    java.lang.AssertionError at RegressionTest0.java:232

RegressionTest > RegressionTest0.test21 FAILED
    java.lang.AssertionError at RegressionTest0.java:254

RegressionTest > RegressionTest0.test24 FAILED
    java.lang.AssertionError at RegressionTest0.java:303

RegressionTest > RegressionTest0.test26 FAILED
    java.lang.AssertionError at RegressionTest0.java:323

RegressionTest > RegressionTest0.test27 FAILED
    java.lang.AssertionError at RegressionTest0.java:336

RegressionTest > RegressionTest0.test28 FAILED
    java.lang.AssertionError at RegressionTest0.java:348

RegressionTest > RegressionTest0.test29 FAILED
    java.lang.AssertionError at RegressionTest0.java:362

RegressionTest > RegressionTest0.test30 FAILED
    java.lang.AssertionError at RegressionTest0.java:380

RegressionTest > RegressionTest0.test32 FAILED
    java.lang.AssertionError at RegressionTest0.java:407

RegressionTest0 > test01 FAILED
    java.lang.AssertionError at RegressionTest0.java:18

RegressionTest0 > test02 FAILED
    java.lang.AssertionError at RegressionTest0.java:32

RegressionTest0 > test08 FAILED
    java.lang.AssertionError at RegressionTest0.java:96

RegressionTest0 > test10 FAILED
    java.lang.AssertionError at RegressionTest0.java:123

RegressionTest0 > test12 FAILED
    java.lang.AssertionError at RegressionTest0.java:144

RegressionTest0 > test14 FAILED
    java.lang.AssertionError at RegressionTest0.java:167

RegressionTest0 > test17 FAILED
    java.lang.AssertionError at RegressionTest0.java:211

RegressionTest0 > test18 FAILED
    java.lang.AssertionError at RegressionTest0.java:222

RegressionTest0 > test19 FAILED
    java.lang.AssertionError at RegressionTest0.java:232

RegressionTest0 > test21 FAILED
    java.lang.AssertionError at RegressionTest0.java:254

RegressionTest0 > test24 FAILED
    java.lang.AssertionError at RegressionTest0.java:303

RegressionTest0 > test26 FAILED
    java.lang.AssertionError at RegressionTest0.java:323

RegressionTest0 > test27 FAILED
    java.lang.AssertionError at RegressionTest0.java:336

RegressionTest0 > test28 FAILED
    java.lang.AssertionError at RegressionTest0.java:348

RegressionTest0 > test29 FAILED
    java.lang.AssertionError at RegressionTest0.java:362

RegressionTest0 > test30 FAILED
    java.lang.AssertionError at RegressionTest0.java:380

RegressionTest0 > test32 FAILED
    java.lang.AssertionError at RegressionTest0.java:407

testers.StackArTester0 > test001 FAILED
    java.lang.AssertionError at StackArTester0.java:20

testers.StackArTester0 > test016 FAILED
    java.lang.AssertionError at StackArTester0.java:200

testers.StackArTester0 > test019 FAILED
    java.lang.AssertionError at StackArTester0.java:240

testers.StackArTester0 > test021 FAILED
    java.lang.AssertionError at StackArTester0.java:266

testers.StackArTester0 > test022 FAILED
    java.lang.ArrayIndexOutOfBoundsException at StackArTester0.java:280

testers.StackArTester0 > test024 FAILED
    java.lang.ArrayIndexOutOfBoundsException at StackArTester0.java:300

testers.StackArTester0 > test027 FAILED
    java.lang.AssertionError at StackArTester0.java:349

testers.StackArTester0 > test028 FAILED
    java.lang.AssertionError at StackArTester0.java:366

testers.StackArTester0 > test031 FAILED
    java.lang.AssertionError at StackArTester0.java:400

testers.StackArTester0 > test032 FAILED
    java.lang.AssertionError at StackArTester0.java:415

testers.StackArTester0 > test035 FAILED
    java.lang.ArrayIndexOutOfBoundsException at StackArTester0.java:446

testers.StackArTester0 > test040 FAILED
    java.lang.ArrayIndexOutOfBoundsException at StackArTester0.java:509

testers.StackArTester0 > test041 FAILED
    java.lang.ArrayIndexOutOfBoundsException at StackArTester0.java:526

testers.StackArTester0 > test045 FAILED
    java.lang.AssertionError at StackArTester0.java:581

testers.StackArTester0 > test046 FAILED
    java.lang.ArrayIndexOutOfBoundsException at StackArTester0.java:597

testers.StackArTester0 > test053 FAILED
    java.lang.AssertionError at StackArTester0.java:696

testers.StackArTester0 > test064 FAILED
    java.lang.AssertionError at StackArTester0.java:835

testers.StackArTester0 > test073 FAILED
    java.lang.ArrayIndexOutOfBoundsException at StackArTester0.java:962

testers.StackArTester0 > test082 FAILED
    java.lang.ArrayIndexOutOfBoundsException at StackArTester0.java:1093

testers.StackArTester0 > test096 FAILED
    java.lang.AssertionError at StackArTester0.java:1292

testers.StackArTester0 > test097 FAILED
    DataStructures.Overflow at StackArTester0.java:1312

testers.StackArTester0 > test099 FAILED
    java.lang.AssertionError at StackArTester0.java:1337

testers.StackArTester0 > test103 FAILED
    java.lang.AssertionError at StackArTester0.java:1385

testers.StackArTester0 > test111 FAILED
    java.lang.AssertionError at StackArTester0.java:1492

testers.StackArTester0 > test114 FAILED
    java.lang.ArrayIndexOutOfBoundsException at StackArTester0.java:1522

testers.StackArTester0 > test122 FAILED
    java.lang.ArrayIndexOutOfBoundsException at StackArTester0.java:1630

testers.StackArTester0 > test125 FAILED
    java.lang.ArrayIndexOutOfBoundsException at StackArTester0.java:1679

testers.StackArTester0 > test129 FAILED
    java.lang.ArrayIndexOutOfBoundsException at StackArTester0.java:1745

testers.StackArTester0 > test131 FAILED
    java.lang.AssertionError at StackArTester0.java:1776

testers.StackArTester0 > test136 FAILED
    java.lang.ArrayIndexOutOfBoundsException at StackArTester0.java:1862

testers.StackArTester0 > test144 FAILED
    java.lang.AssertionError at StackArTester0.java:1991

testers.StackArTester0 > test148 FAILED
    java.lang.AssertionError at StackArTester0.java:2040

testers.StackArTester0 > test150 FAILED
    java.lang.AssertionError at StackArTester0.java:2085

testers.StackArTester0 > test151 FAILED
    java.lang.AssertionError at StackArTester0.java:2102

testers.StackArTester0 > test153 FAILED
    java.lang.ArrayIndexOutOfBoundsException at StackArTester0.java:2130

testers.StackArTester0 > test171 FAILED
    java.lang.ArrayIndexOutOfBoundsException at StackArTester0.java:2408

testers.StackArTester0 > test176 FAILED
    java.lang.ArrayIndexOutOfBoundsException at StackArTester0.java:2492

testers.StackArTester0 > test185 FAILED
    java.lang.AssertionError at StackArTester0.java:2622

testers.StackArTester0 > test206 FAILED
    java.lang.ArrayIndexOutOfBoundsException at StackArTester0.java:2925

testers.StackArTester0 > test209 FAILED
    java.lang.ArrayIndexOutOfBoundsException at StackArTester0.java:2967

testers.StackArTester0 > test210 FAILED
    java.lang.ArrayIndexOutOfBoundsException at StackArTester0.java:2986

testers.StackArTester0 > test216 FAILED
    java.lang.ArrayIndexOutOfBoundsException at StackArTester0.java:3069

testers.StackArTester0 > test244 FAILED
    java.lang.ArrayIndexOutOfBoundsException at StackArTester0.java:3502

testers.StackArTester0 > test251 FAILED
    java.lang.ArrayIndexOutOfBoundsException at StackArTester0.java:3609

testers.StackArTester0 > test252 FAILED
    java.lang.ArrayIndexOutOfBoundsException at StackArTester0.java:3637
Results: FAILURE (346 tests, 258 successes, 88 failures, 0 skipped)
:test FAILED
4 actionable tasks: 4 executed
