:clean

BUILD SUCCESSFUL in 3s
1 actionable task: 1 executed
:compileJava
:processResources NO-SOURCE
:classes
:compileTestJava
:processTestResources NO-SOURCE
:testClasses
:jar
:assemble
:test

DataStructures.StackAr_ESTest STANDARD_OUT
    15:02:43.890 [Test worker] INFO  o.e.r.instrumentation.EvoClassLoader - Seeing class for first time: DataStructures.StackAr_ESTest
    15:02:43.893 [Test worker] INFO  o.e.r.instrumentation.EvoClassLoader - Instrumenting class 'DataStructures.StackAr_ESTest'.
    15:02:43.938 [Test worker] INFO  o.e.r.instrumentation.EvoClassLoader - Seeing class for first time: DataStructures.StackAr_ESTest_scaffolding
    15:02:43.938 [Test worker] INFO  o.e.r.instrumentation.EvoClassLoader - Instrumenting class 'DataStructures.StackAr_ESTest_scaffolding'.
    15:02:43.941 [Test worker] INFO  o.e.r.instrumentation.EvoClassLoader - Keeping class: DataStructures.StackAr_ESTest_scaffolding
    15:02:43.941 [Test worker] INFO  o.e.r.instrumentation.EvoClassLoader - Keeping class: DataStructures.StackAr_ESTest
    15:02:44.256 [Test worker] DEBUG o.e.runtime.sandbox.MSecurityManager - Adding privileged thread: "Reference Handler"
    15:02:44.257 [Test worker] DEBUG o.e.runtime.sandbox.MSecurityManager - Adding privileged thread: "Finalizer"
    15:02:44.257 [Test worker] DEBUG o.e.runtime.sandbox.MSecurityManager - Adding privileged thread: "Signal Dispatcher"
    15:02:44.257 [Test worker] DEBUG o.e.runtime.sandbox.MSecurityManager - Adding privileged thread: "Attach Listener"
    15:02:44.257 [Test worker] DEBUG o.e.runtime.sandbox.MSecurityManager - Adding privileged thread: "Java2D Disposer"
    15:02:44.257 [Test worker] DEBUG o.e.runtime.sandbox.MSecurityManager - Adding privileged thread: "AWT-Shutdown"
    15:02:44.257 [Test worker] DEBUG o.e.runtime.sandbox.MSecurityManager - Adding privileged thread: "AWT-Windows"
    15:02:44.257 [Test worker] DEBUG o.e.runtime.sandbox.MSecurityManager - Adding privileged thread: "main"
    15:02:44.257 [Test worker] DEBUG o.e.runtime.sandbox.MSecurityManager - Adding privileged thread: "Test worker"
    15:02:44.257 [Test worker] DEBUG o.e.runtime.sandbox.MSecurityManager - Adding privileged thread: "/127.0.0.1:50773 to /127.0.0.1:50772 workers Thread 2"
    15:02:44.258 [Test worker] DEBUG o.e.runtime.sandbox.MSecurityManager - Adding privileged thread: "/127.0.0.1:50773 to /127.0.0.1:50772 workers Thread 3"
    15:02:44.329 [Test worker] INFO  o.e.r.instrumentation.EvoClassLoader - Seeing class for first time: DataStructures.StackAr
    15:02:44.330 [Test worker] INFO  o.e.r.instrumentation.EvoClassLoader - Instrumenting class 'DataStructures.StackAr'.
    15:02:44.356 [Test worker] INFO  o.e.r.i.MethodCallReplacementClassAdapter - Adding mock interface to class DataStructures/StackAr
    15:02:44.576 [Test worker] INFO  o.e.r.i.CreateClassResetClassAdapter - Creating brand-new static initializer in class DataStructures/StackAr
    15:02:44.577 [Test worker] INFO  o.e.r.i.CreateClassResetClassAdapter - Adding bytecode for initializing field DEFAULT_CAPACITY
    15:02:44.578 [Test worker] INFO  o.e.r.instrumentation.EvoClassLoader - Keeping class: DataStructures.StackAr
    15:02:44.578 [Test worker] INFO  o.e.r.instrumentation.EvoClassLoader - Seeing class for first time: DataStructures.Underflow
    15:02:44.578 [Test worker] INFO  o.e.r.instrumentation.EvoClassLoader - Instrumenting class 'DataStructures.Underflow'.
    15:02:44.579 [Test worker] INFO  o.e.r.i.MethodCallReplacementClassAdapter - Adding mock interface to class DataStructures/Underflow
    15:02:44.580 [Test worker] INFO  o.e.r.i.CreateClassResetClassAdapter - Creating brand-new static initializer in class DataStructures/Underflow
    15:02:44.580 [Test worker] INFO  o.e.r.instrumentation.EvoClassLoader - Keeping class: DataStructures.Underflow
    15:02:44.581 [Test worker] INFO  o.e.r.instrumentation.EvoClassLoader - Seeing class for first time: DataStructures.Overflow
    15:02:44.581 [Test worker] INFO  o.e.r.instrumentation.EvoClassLoader - Instrumenting class 'DataStructures.Overflow'.
    15:02:44.582 [Test worker] INFO  o.e.r.i.MethodCallReplacementClassAdapter - Adding mock interface to class DataStructures/Overflow
    15:02:44.582 [Test worker] INFO  o.e.r.i.CreateClassResetClassAdapter - Creating brand-new static initializer in class DataStructures/Overflow
    15:02:44.582 [Test worker] INFO  o.e.r.instrumentation.EvoClassLoader - Keeping class: DataStructures.Overflow

DataStructures.StackAr_ESTest > test06 FAILED
    java.lang.NullPointerException at StackAr_ESTest.java:80

DataStructures.StackAr_ESTest > test09 FAILED
    java.lang.NullPointerException at StackAr_ESTest.java:112

DataStructures.StackAr_ESTest > test01 FAILED
    java.lang.NullPointerException at StackAr_ESTest.java:30

DataStructures.StackAr_ESTest > test12 FAILED
    java.lang.NullPointerException at StackAr_ESTest.java:143

DataStructures.StackAr_ESTest > test00 FAILED
    java.lang.NullPointerException at StackAr_ESTest.java:22

DataStructures.StackAr_ESTest > test03 FAILED
    java.lang.AssertionError at StackAr_ESTest.java:50

DataStructures.StackAr_ESTest > test02 FAILED
    java.lang.NullPointerException at StackAr_ESTest.java:40

DataStructures.StackAr_ESTest > test05 FAILED
    java.lang.NullPointerException at StackAr_ESTest.java:70

DataStructures.StackAr_ESTest > test04 FAILED
    java.lang.NullPointerException at StackAr_ESTest.java:63

RegressionTest > RegressionTest0.test02 FAILED
    java.lang.NullPointerException at RegressionTest0.java:30

RegressionTest > RegressionTest0.test03 FAILED
    java.lang.AssertionError at RegressionTest0.java:44

RegressionTest > RegressionTest0.test04 FAILED
    java.lang.NullPointerException at RegressionTest0.java:55

RegressionTest > RegressionTest0.test06 FAILED
    java.lang.NullPointerException at RegressionTest0.java:72

RegressionTest > RegressionTest0.test08 FAILED
    java.lang.NullPointerException at RegressionTest0.java:93

RegressionTest > RegressionTest0.test09 FAILED
    java.lang.NullPointerException at RegressionTest0.java:104

RegressionTest > RegressionTest0.test10 FAILED
    java.lang.NullPointerException at RegressionTest0.java:121

RegressionTest > RegressionTest0.test11 FAILED
    java.lang.NullPointerException at RegressionTest0.java:131

RegressionTest > RegressionTest0.test13 FAILED
    java.lang.NullPointerException at RegressionTest0.java:153

RegressionTest > RegressionTest0.test14 FAILED
    java.lang.NullPointerException at RegressionTest0.java:165

RegressionTest > RegressionTest0.test15 FAILED
    java.lang.NullPointerException at RegressionTest0.java:177

RegressionTest > RegressionTest0.test16 FAILED
    java.lang.NullPointerException at RegressionTest0.java:190

RegressionTest > RegressionTest0.test17 FAILED
    java.lang.NullPointerException at RegressionTest0.java:209

RegressionTest > RegressionTest0.test21 FAILED
    java.lang.NullPointerException at RegressionTest0.java:250

RegressionTest > RegressionTest0.test22 FAILED
    java.lang.NullPointerException at RegressionTest0.java:265

RegressionTest > RegressionTest0.test23 FAILED
    java.lang.NullPointerException at RegressionTest0.java:281

RegressionTest > RegressionTest0.test24 FAILED
    java.lang.NullPointerException at RegressionTest0.java:302

RegressionTest > RegressionTest0.test27 FAILED
    java.lang.NullPointerException at RegressionTest0.java:335

RegressionTest > RegressionTest0.test28 FAILED
    java.lang.NullPointerException at RegressionTest0.java:345

RegressionTest > RegressionTest0.test29 FAILED
    java.lang.NullPointerException at RegressionTest0.java:360

RegressionTest > RegressionTest0.test30 FAILED
    java.lang.NullPointerException at RegressionTest0.java:373

RegressionTest > RegressionTest0.test33 FAILED
    java.lang.NullPointerException at RegressionTest0.java:421

RegressionTest > RegressionTest0.test34 FAILED
    java.lang.NullPointerException at RegressionTest0.java:433

RegressionTest > RegressionTest0.test36 FAILED
    java.lang.NullPointerException at RegressionTest0.java:455

RegressionTest > RegressionTest0.test37 FAILED
    java.lang.NullPointerException at RegressionTest0.java:466

RegressionTest0 > test02 FAILED
    java.lang.NullPointerException at RegressionTest0.java:30

RegressionTest0 > test03 FAILED
    java.lang.AssertionError at RegressionTest0.java:44

RegressionTest0 > test04 FAILED
    java.lang.NullPointerException at RegressionTest0.java:55

RegressionTest0 > test06 FAILED
    java.lang.NullPointerException at RegressionTest0.java:72

RegressionTest0 > test08 FAILED
    java.lang.NullPointerException at RegressionTest0.java:93

RegressionTest0 > test09 FAILED
    java.lang.NullPointerException at RegressionTest0.java:104

RegressionTest0 > test10 FAILED
    java.lang.NullPointerException at RegressionTest0.java:121

RegressionTest0 > test11 FAILED
    java.lang.NullPointerException at RegressionTest0.java:131

RegressionTest0 > test13 FAILED
    java.lang.NullPointerException at RegressionTest0.java:153

RegressionTest0 > test14 FAILED
    java.lang.NullPointerException at RegressionTest0.java:165

RegressionTest0 > test15 FAILED
    java.lang.NullPointerException at RegressionTest0.java:177

RegressionTest0 > test16 FAILED
    java.lang.NullPointerException at RegressionTest0.java:190

RegressionTest0 > test17 FAILED
    java.lang.NullPointerException at RegressionTest0.java:209

RegressionTest0 > test21 FAILED
    java.lang.NullPointerException at RegressionTest0.java:250

RegressionTest0 > test22 FAILED
    java.lang.NullPointerException at RegressionTest0.java:265

RegressionTest0 > test23 FAILED
    java.lang.NullPointerException at RegressionTest0.java:281

RegressionTest0 > test24 FAILED
    java.lang.NullPointerException at RegressionTest0.java:302

RegressionTest0 > test27 FAILED
    java.lang.NullPointerException at RegressionTest0.java:335

RegressionTest0 > test28 FAILED
    java.lang.NullPointerException at RegressionTest0.java:345

RegressionTest0 > test29 FAILED
    java.lang.NullPointerException at RegressionTest0.java:360

RegressionTest0 > test30 FAILED
    java.lang.NullPointerException at RegressionTest0.java:373

RegressionTest0 > test33 FAILED
    java.lang.NullPointerException at RegressionTest0.java:421

RegressionTest0 > test34 FAILED
    java.lang.NullPointerException at RegressionTest0.java:433

RegressionTest0 > test36 FAILED
    java.lang.NullPointerException at RegressionTest0.java:455

RegressionTest0 > test37 FAILED
    java.lang.NullPointerException at RegressionTest0.java:466

testers.StackArTester0 > test002 FAILED
    java.lang.NullPointerException at StackArTester0.java:32

testers.StackArTester0 > test003 FAILED
    java.lang.NullPointerException at StackArTester0.java:41

testers.StackArTester0 > test004 FAILED
    java.lang.NullPointerException at StackArTester0.java:50

testers.StackArTester0 > test005 FAILED
    java.lang.AssertionError at StackArTester0.java:63

testers.StackArTester0 > test006 FAILED
    java.lang.AssertionError at StackArTester0.java:76

testers.StackArTester0 > test007 FAILED
    java.lang.NullPointerException at StackArTester0.java:87

testers.StackArTester0 > test008 FAILED
    java.lang.NullPointerException at StackArTester0.java:100

testers.StackArTester0 > test009 FAILED
    java.lang.NullPointerException at StackArTester0.java:110

testers.StackArTester0 > test010 FAILED
    java.lang.NullPointerException at StackArTester0.java:122

testers.StackArTester0 > test011 FAILED
    java.lang.NullPointerException at StackArTester0.java:138

testers.StackArTester0 > test012 FAILED
    java.lang.AssertionError at StackArTester0.java:151

testers.StackArTester0 > test013 FAILED
    java.lang.AssertionError at StackArTester0.java:164

testers.StackArTester0 > test014 FAILED
    java.lang.NullPointerException at StackArTester0.java:175

testers.StackArTester0 > test015 FAILED
    java.lang.NullPointerException at StackArTester0.java:187

testers.StackArTester0 > test017 FAILED
    java.lang.AssertionError at StackArTester0.java:213

testers.StackArTester0 > test018 FAILED
    java.lang.NullPointerException at StackArTester0.java:224

testers.StackArTester0 > test019 FAILED
    java.lang.NullPointerException at StackArTester0.java:235

testers.StackArTester0 > test021 FAILED
    java.lang.NullPointerException at StackArTester0.java:259

testers.StackArTester0 > test022 FAILED
    java.lang.NullPointerException at StackArTester0.java:277

testers.StackArTester0 > test024 FAILED
    java.lang.NullPointerException at StackArTester0.java:301

testers.StackArTester0 > test026 FAILED
    java.lang.NullPointerException at StackArTester0.java:325

testers.StackArTester0 > test027 FAILED
    java.lang.NullPointerException at StackArTester0.java:343

testers.StackArTester0 > test028 FAILED
    java.lang.NullPointerException at StackArTester0.java:361

testers.StackArTester0 > test030 FAILED
    java.lang.NullPointerException at StackArTester0.java:384

testers.StackArTester0 > test031 FAILED
    java.lang.NullPointerException at StackArTester0.java:396

testers.StackArTester0 > test035 FAILED
    java.lang.NullPointerException at StackArTester0.java:443

testers.StackArTester0 > test037 FAILED
    java.lang.NullPointerException at StackArTester0.java:468

testers.StackArTester0 > test038 FAILED
    java.lang.NullPointerException at StackArTester0.java:480

testers.StackArTester0 > test039 FAILED
    java.lang.NullPointerException at StackArTester0.java:490

testers.StackArTester0 > test041 FAILED
    java.lang.NullPointerException at StackArTester0.java:520

testers.StackArTester0 > test042 FAILED
    java.lang.AssertionError at StackArTester0.java:540

testers.StackArTester0 > test043 FAILED
    java.lang.NullPointerException at StackArTester0.java:551

testers.StackArTester0 > test046 FAILED
    java.lang.NullPointerException at StackArTester0.java:593

testers.StackArTester0 > test047 FAILED
    java.lang.NullPointerException at StackArTester0.java:609

testers.StackArTester0 > test049 FAILED
    java.lang.NullPointerException at StackArTester0.java:638

testers.StackArTester0 > test050 FAILED
    java.lang.NullPointerException at StackArTester0.java:650

testers.StackArTester0 > test051 FAILED
    java.lang.AssertionError at StackArTester0.java:664

testers.StackArTester0 > test052 FAILED
    java.lang.NullPointerException at StackArTester0.java:676

testers.StackArTester0 > test054 FAILED
    java.lang.NullPointerException at StackArTester0.java:707

testers.StackArTester0 > test055 FAILED
    java.lang.NullPointerException at StackArTester0.java:717

testers.StackArTester0 > test056 FAILED
    java.lang.NullPointerException at StackArTester0.java:728

testers.StackArTester0 > test057 FAILED
    java.lang.NullPointerException at StackArTester0.java:746

testers.StackArTester0 > test059 FAILED
    java.lang.NullPointerException at StackArTester0.java:770

testers.StackArTester0 > test060 FAILED
    java.lang.NullPointerException at StackArTester0.java:786

testers.StackArTester0 > test061 FAILED
    java.lang.NullPointerException at StackArTester0.java:794

testers.StackArTester0 > test062 FAILED
    java.lang.NullPointerException at StackArTester0.java:805

testers.StackArTester0 > test065 FAILED
    java.lang.NullPointerException at StackArTester0.java:847

testers.StackArTester0 > test066 FAILED
    java.lang.NullPointerException at StackArTester0.java:857

testers.StackArTester0 > test067 FAILED
    java.lang.NullPointerException at StackArTester0.java:872

testers.StackArTester0 > test068 FAILED
    java.lang.NullPointerException at StackArTester0.java:888

testers.StackArTester0 > test069 FAILED
    java.lang.NullPointerException at StackArTester0.java:900

testers.StackArTester0 > test070 FAILED
    java.lang.NullPointerException at StackArTester0.java:910

testers.StackArTester0 > test071 FAILED
    java.lang.NullPointerException at StackArTester0.java:931

testers.StackArTester0 > test072 FAILED
    java.lang.AssertionError at StackArTester0.java:951

testers.StackArTester0 > test073 FAILED
    java.lang.NullPointerException at StackArTester0.java:963

testers.StackArTester0 > test074 FAILED
    java.lang.NullPointerException at StackArTester0.java:979

testers.StackArTester0 > test075 FAILED
    java.lang.NullPointerException at StackArTester0.java:992

testers.StackArTester0 > test076 FAILED
    java.lang.NullPointerException at StackArTester0.java:1003

testers.StackArTester0 > test077 FAILED
    java.lang.NullPointerException at StackArTester0.java:1013

testers.StackArTester0 > test078 FAILED
    java.lang.NullPointerException at StackArTester0.java:1035

testers.StackArTester0 > test079 FAILED
    java.lang.NullPointerException at StackArTester0.java:1050

testers.StackArTester0 > test080 FAILED
    java.lang.NullPointerException at StackArTester0.java:1059

testers.StackArTester0 > test081 FAILED
    java.lang.NullPointerException at StackArTester0.java:1074

testers.StackArTester0 > test082 FAILED
    java.lang.NullPointerException at StackArTester0.java:1091

testers.StackArTester0 > test083 FAILED
    java.lang.NullPointerException at StackArTester0.java:1108

testers.StackArTester0 > test084 FAILED
    java.lang.NullPointerException at StackArTester0.java:1123

testers.StackArTester0 > test085 FAILED
    java.lang.NullPointerException at StackArTester0.java:1135

testers.StackArTester0 > test086 FAILED
    java.lang.NullPointerException at StackArTester0.java:1149

testers.StackArTester0 > test087 FAILED
    java.lang.NullPointerException at StackArTester0.java:1162

testers.StackArTester0 > test088 FAILED
    java.lang.NullPointerException at StackArTester0.java:1174

testers.StackArTester0 > test089 FAILED
    java.lang.NullPointerException at StackArTester0.java:1190

testers.StackArTester0 > test090 FAILED
    java.lang.NullPointerException at StackArTester0.java:1207

testers.StackArTester0 > test091 FAILED
    java.lang.NullPointerException at StackArTester0.java:1216

testers.StackArTester0 > test092 FAILED
    java.lang.NullPointerException at StackArTester0.java:1228

testers.StackArTester0 > test093 FAILED
    java.lang.NullPointerException at StackArTester0.java:1247

testers.StackArTester0 > test094 FAILED
    java.lang.NullPointerException at StackArTester0.java:1257

testers.StackArTester0 > test095 FAILED
    java.lang.NullPointerException at StackArTester0.java:1271

testers.StackArTester0 > test097 FAILED
    java.lang.NullPointerException at StackArTester0.java:1307

testers.StackArTester0 > test098 FAILED
    java.lang.NullPointerException at StackArTester0.java:1322

testers.StackArTester0 > test100 FAILED
    java.lang.NullPointerException at StackArTester0.java:1349

testers.StackArTester0 > test101 FAILED
    java.lang.NullPointerException at StackArTester0.java:1362

testers.StackArTester0 > test102 FAILED
    java.lang.NullPointerException at StackArTester0.java:1372

testers.StackArTester0 > test103 FAILED
    java.lang.NullPointerException at StackArTester0.java:1381

testers.StackArTester0 > test104 FAILED
    java.lang.NullPointerException at StackArTester0.java:1396

testers.StackArTester0 > test105 FAILED
    java.lang.NullPointerException at StackArTester0.java:1411

testers.StackArTester0 > test106 FAILED
    java.lang.NullPointerException at StackArTester0.java:1419

testers.StackArTester0 > test107 FAILED
    java.lang.NullPointerException at StackArTester0.java:1432

testers.StackArTester0 > test108 FAILED
    java.lang.NullPointerException at StackArTester0.java:1445

testers.StackArTester0 > test109 FAILED
    java.lang.NullPointerException at StackArTester0.java:1459

testers.StackArTester0 > test110 FAILED
    java.lang.NullPointerException at StackArTester0.java:1473

testers.StackArTester0 > test112 FAILED
    java.lang.NullPointerException at StackArTester0.java:1504

testers.StackArTester0 > test113 FAILED
    java.lang.NullPointerException at StackArTester0.java:1514

testers.StackArTester0 > test114 FAILED
    java.lang.NullPointerException at StackArTester0.java:1522

testers.StackArTester0 > test115 FAILED
    java.lang.NullPointerException at StackArTester0.java:1531

testers.StackArTester0 > test116 FAILED
    java.lang.NullPointerException at StackArTester0.java:1549

testers.StackArTester0 > test117 FAILED
    java.lang.NullPointerException at StackArTester0.java:1563

testers.StackArTester0 > test118 FAILED
    java.lang.NullPointerException at StackArTester0.java:1573

testers.StackArTester0 > test119 FAILED
    java.lang.NullPointerException at StackArTester0.java:1582

testers.StackArTester0 > test120 FAILED
    java.lang.NullPointerException at StackArTester0.java:1592

testers.StackArTester0 > test121 FAILED
    java.lang.NullPointerException at StackArTester0.java:1613

testers.StackArTester0 > test122 FAILED
    java.lang.NullPointerException at StackArTester0.java:1632

testers.StackArTester0 > test123 FAILED
    java.lang.NullPointerException at StackArTester0.java:1650

testers.StackArTester0 > test124 FAILED
    java.lang.NullPointerException at StackArTester0.java:1662

testers.StackArTester0 > test125 FAILED
    java.lang.NullPointerException at StackArTester0.java:1679

testers.StackArTester0 > test126 FAILED
    java.lang.NullPointerException at StackArTester0.java:1689

testers.StackArTester0 > test127 FAILED
    java.lang.NullPointerException at StackArTester0.java:1712

testers.StackArTester0 > test128 FAILED
    java.lang.NullPointerException at StackArTester0.java:1727

testers.StackArTester0 > test129 FAILED
    java.lang.NullPointerException at StackArTester0.java:1744

testers.StackArTester0 > test130 FAILED
    java.lang.NullPointerException at StackArTester0.java:1755

testers.StackArTester0 > test132 FAILED
    java.lang.NullPointerException at StackArTester0.java:1788

testers.StackArTester0 > test133 FAILED
    java.lang.NullPointerException at StackArTester0.java:1806

testers.StackArTester0 > test134 FAILED
    java.lang.NullPointerException at StackArTester0.java:1818

testers.StackArTester0 > test135 FAILED
    java.lang.NullPointerException at StackArTester0.java:1830

testers.StackArTester0 > test136 FAILED
    java.lang.NullPointerException at StackArTester0.java:1850

testers.StackArTester0 > test137 FAILED
    java.lang.NullPointerException at StackArTester0.java:1874

testers.StackArTester0 > test138 FAILED
    java.lang.NullPointerException at StackArTester0.java:1893

testers.StackArTester0 > test139 FAILED
    java.lang.NullPointerException at StackArTester0.java:1911

testers.StackArTester0 > test140 FAILED
    java.lang.NullPointerException at StackArTester0.java:1924

testers.StackArTester0 > test141 FAILED
    java.lang.NullPointerException at StackArTester0.java:1936

testers.StackArTester0 > test142 FAILED
    java.lang.NullPointerException at StackArTester0.java:1946

testers.StackArTester0 > test143 FAILED
    java.lang.NullPointerException at StackArTester0.java:1973

testers.StackArTester0 > test145 FAILED
    java.lang.NullPointerException at StackArTester0.java:2003

testers.StackArTester0 > test146 FAILED
    java.lang.NullPointerException at StackArTester0.java:2013

testers.StackArTester0 > test147 FAILED
    java.lang.AssertionError at StackArTester0.java:2026

testers.StackArTester0 > test149 FAILED
    java.lang.NullPointerException at StackArTester0.java:2054

testers.StackArTester0 > test150 FAILED
    java.lang.NullPointerException at StackArTester0.java:2072

testers.StackArTester0 > test152 FAILED
    java.lang.NullPointerException at StackArTester0.java:2113

testers.StackArTester0 > test153 FAILED
    java.lang.NullPointerException at StackArTester0.java:2130

testers.StackArTester0 > test154 FAILED
    java.lang.NullPointerException at StackArTester0.java:2139

testers.StackArTester0 > test155 FAILED
    java.lang.NullPointerException at StackArTester0.java:2150

testers.StackArTester0 > test156 FAILED
    java.lang.NullPointerException at StackArTester0.java:2169

testers.StackArTester0 > test157 FAILED
    java.lang.NullPointerException at StackArTester0.java:2178

testers.StackArTester0 > test158 FAILED
    java.lang.NullPointerException at StackArTester0.java:2200

testers.StackArTester0 > test159 FAILED
    java.lang.NullPointerException at StackArTester0.java:2211

testers.StackArTester0 > test160 FAILED
    java.lang.NullPointerException at StackArTester0.java:2230

testers.StackArTester0 > test161 FAILED
    java.lang.NullPointerException at StackArTester0.java:2247

testers.StackArTester0 > test162 FAILED
    java.lang.NullPointerException at StackArTester0.java:2263

testers.StackArTester0 > test163 FAILED
    java.lang.NullPointerException at StackArTester0.java:2282

testers.StackArTester0 > test164 FAILED
    java.lang.NullPointerException at StackArTester0.java:2311

testers.StackArTester0 > test165 FAILED
    java.lang.NullPointerException at StackArTester0.java:2330

testers.StackArTester0 > test166 FAILED
    java.lang.NullPointerException at StackArTester0.java:2343

testers.StackArTester0 > test168 FAILED
    java.lang.NullPointerException at StackArTester0.java:2363

testers.StackArTester0 > test169 FAILED
    java.lang.NullPointerException at StackArTester0.java:2376

testers.StackArTester0 > test170 FAILED
    java.lang.NullPointerException at StackArTester0.java:2397

testers.StackArTester0 > test171 FAILED
    java.lang.NullPointerException at StackArTester0.java:2406

testers.StackArTester0 > test172 FAILED
    java.lang.NullPointerException at StackArTester0.java:2417

testers.StackArTester0 > test173 FAILED
    java.lang.NullPointerException at StackArTester0.java:2437

testers.StackArTester0 > test174 FAILED
    java.lang.NullPointerException at StackArTester0.java:2467

testers.StackArTester0 > test175 FAILED
    java.lang.NullPointerException at StackArTester0.java:2477

testers.StackArTester0 > test176 FAILED
    java.lang.NullPointerException at StackArTester0.java:2490

testers.StackArTester0 > test177 FAILED
    java.lang.NullPointerException at StackArTester0.java:2513

testers.StackArTester0 > test178 FAILED
    java.lang.NullPointerException at StackArTester0.java:2529

testers.StackArTester0 > test179 FAILED
    java.lang.NullPointerException at StackArTester0.java:2540

testers.StackArTester0 > test180 FAILED
    java.lang.NullPointerException at StackArTester0.java:2548

testers.StackArTester0 > test181 FAILED
    java.lang.NullPointerException at StackArTester0.java:2566

testers.StackArTester0 > test182 FAILED
    java.lang.NullPointerException at StackArTester0.java:2579

testers.StackArTester0 > test183 FAILED
    java.lang.AssertionError at StackArTester0.java:2595

testers.StackArTester0 > test184 FAILED
    java.lang.NullPointerException at StackArTester0.java:2607

testers.StackArTester0 > test185 FAILED
    java.lang.NullPointerException at StackArTester0.java:2617

testers.StackArTester0 > test186 FAILED
    java.lang.NullPointerException at StackArTester0.java:2634

testers.StackArTester0 > test188 FAILED
    java.lang.NullPointerException at StackArTester0.java:2653

testers.StackArTester0 > test189 FAILED
    java.lang.NullPointerException at StackArTester0.java:2666

testers.StackArTester0 > test190 FAILED
    java.lang.NullPointerException at StackArTester0.java:2682

testers.StackArTester0 > test191 FAILED
    java.lang.NullPointerException at StackArTester0.java:2695

testers.StackArTester0 > test192 FAILED
    java.lang.NullPointerException at StackArTester0.java:2705

testers.StackArTester0 > test193 FAILED
    java.lang.NullPointerException at StackArTester0.java:2724

testers.StackArTester0 > test194 FAILED
    java.lang.NullPointerException at StackArTester0.java:2743

testers.StackArTester0 > test195 FAILED
    java.lang.NullPointerException at StackArTester0.java:2753

testers.StackArTester0 > test196 FAILED
    java.lang.NullPointerException at StackArTester0.java:2766

testers.StackArTester0 > test197 FAILED
    java.lang.NullPointerException at StackArTester0.java:2779

testers.StackArTester0 > test198 FAILED
    java.lang.NullPointerException at StackArTester0.java:2799

testers.StackArTester0 > test199 FAILED
    java.lang.NullPointerException at StackArTester0.java:2813

testers.StackArTester0 > test200 FAILED
    java.lang.NullPointerException at StackArTester0.java:2828

testers.StackArTester0 > test201 FAILED
    java.lang.NullPointerException at StackArTester0.java:2841

testers.StackArTester0 > test202 FAILED
    java.lang.NullPointerException at StackArTester0.java:2867

testers.StackArTester0 > test203 FAILED
    java.lang.NullPointerException at StackArTester0.java:2879

testers.StackArTester0 > test204 FAILED
    java.lang.NullPointerException at StackArTester0.java:2893

testers.StackArTester0 > test205 FAILED
    java.lang.NullPointerException at StackArTester0.java:2913

testers.StackArTester0 > test206 FAILED
    java.lang.NullPointerException at StackArTester0.java:2926

testers.StackArTester0 > test207 FAILED
    java.lang.NullPointerException at StackArTester0.java:2941

testers.StackArTester0 > test208 FAILED
    java.lang.NullPointerException at StackArTester0.java:2952

testers.StackArTester0 > test209 FAILED
    java.lang.NullPointerException at StackArTester0.java:2965

testers.StackArTester0 > test210 FAILED
    java.lang.NullPointerException at StackArTester0.java:2978

testers.StackArTester0 > test211 FAILED
    java.lang.NullPointerException at StackArTester0.java:2995

testers.StackArTester0 > test212 FAILED
    java.lang.NullPointerException at StackArTester0.java:3009

testers.StackArTester0 > test213 FAILED
    java.lang.NullPointerException at StackArTester0.java:3023

testers.StackArTester0 > test214 FAILED
    java.lang.NullPointerException at StackArTester0.java:3035

testers.StackArTester0 > test215 FAILED
    java.lang.NullPointerException at StackArTester0.java:3050

testers.StackArTester0 > test216 FAILED
    java.lang.NullPointerException at StackArTester0.java:3065

testers.StackArTester0 > test217 FAILED
    java.lang.NullPointerException at StackArTester0.java:3081

testers.StackArTester0 > test218 FAILED
    java.lang.NullPointerException at StackArTester0.java:3102

testers.StackArTester0 > test219 FAILED
    java.lang.NullPointerException at StackArTester0.java:3121

testers.StackArTester0 > test220 FAILED
    java.lang.NullPointerException at StackArTester0.java:3134

testers.StackArTester0 > test221 FAILED
    java.lang.NullPointerException at StackArTester0.java:3152

testers.StackArTester0 > test222 FAILED
    java.lang.NullPointerException at StackArTester0.java:3173

testers.StackArTester0 > test223 FAILED
    java.lang.NullPointerException at StackArTester0.java:3183

testers.StackArTester0 > test224 FAILED
    java.lang.NullPointerException at StackArTester0.java:3198

testers.StackArTester0 > test225 FAILED
    java.lang.NullPointerException at StackArTester0.java:3218

testers.StackArTester0 > test226 FAILED
    java.lang.NullPointerException at StackArTester0.java:3232

testers.StackArTester0 > test227 FAILED
    java.lang.NullPointerException at StackArTester0.java:3244

testers.StackArTester0 > test228 FAILED
    java.lang.NullPointerException at StackArTester0.java:3262

testers.StackArTester0 > test229 FAILED
    java.lang.NullPointerException at StackArTester0.java:3279

testers.StackArTester0 > test230 FAILED
    java.lang.NullPointerException at StackArTester0.java:3291

testers.StackArTester0 > test231 FAILED
    java.lang.NullPointerException at StackArTester0.java:3302

testers.StackArTester0 > test232 FAILED
    java.lang.NullPointerException at StackArTester0.java:3318

testers.StackArTester0 > test233 FAILED
    java.lang.NullPointerException at StackArTester0.java:3339

testers.StackArTester0 > test235 FAILED
    java.lang.NullPointerException at StackArTester0.java:3365

testers.StackArTester0 > test236 FAILED
    java.lang.NullPointerException at StackArTester0.java:3384

testers.StackArTester0 > test237 FAILED
    java.lang.NullPointerException at StackArTester0.java:3399

testers.StackArTester0 > test238 FAILED
    java.lang.NullPointerException at StackArTester0.java:3416

testers.StackArTester0 > test239 FAILED
    java.lang.NullPointerException at StackArTester0.java:3433

testers.StackArTester0 > test240 FAILED
    java.lang.NullPointerException at StackArTester0.java:3447

testers.StackArTester0 > test241 FAILED
    java.lang.NullPointerException at StackArTester0.java:3461

testers.StackArTester0 > test242 FAILED
    java.lang.NullPointerException at StackArTester0.java:3473

testers.StackArTester0 > test243 FAILED
    java.lang.NullPointerException at StackArTester0.java:3486

testers.StackArTester0 > test244 FAILED
    java.lang.NullPointerException at StackArTester0.java:3503

testers.StackArTester0 > test245 FAILED
    java.lang.NullPointerException at StackArTester0.java:3512

testers.StackArTester0 > test246 FAILED
    java.lang.NullPointerException at StackArTester0.java:3538

testers.StackArTester0 > test247 FAILED
    java.lang.NullPointerException at StackArTester0.java:3552

testers.StackArTester0 > test249 FAILED
    java.lang.NullPointerException at StackArTester0.java:3582

testers.StackArTester0 > test250 FAILED
    java.lang.NullPointerException at StackArTester0.java:3595

testers.StackArTester0 > test251 FAILED
    java.lang.NullPointerException at StackArTester0.java:3610

testers.StackArTester0 > test252 FAILED
    java.lang.NullPointerException at StackArTester0.java:3629

testers.StackArTester0 > test254 FAILED
    java.lang.NullPointerException at StackArTester0.java:3661

testers.StackArTester0 > test255 FAILED
    java.lang.NullPointerException at StackArTester0.java:3687

testers.StackArTester0 > test257 FAILED
    java.lang.NullPointerException at StackArTester0.java:3705

testers.StackArTester0 > test258 FAILED
    java.lang.NullPointerException at StackArTester0.java:3717

testers.StackArTester0 > test259 FAILED
    java.lang.NullPointerException at StackArTester0.java:3730
Results: FAILURE (346 tests, 59 successes, 287 failures, 0 skipped)
:test FAILED
4 actionable tasks: 4 executed
