:clean

BUILD SUCCESSFUL in 3s
1 actionable task: 1 executed
:compileJava
:processResources NO-SOURCE
:classes
:compileTestJava
:processTestResources NO-SOURCE
:testClasses
:jar
:assemble
:test

examples.RingBuffer_ESTest STANDARD_OUT
    13:19:30.663 [Test worker] INFO  o.e.r.instrumentation.EvoClassLoader - Seeing class for first time: examples.RingBuffer_ESTest
    13:19:30.667 [Test worker] INFO  o.e.r.instrumentation.EvoClassLoader - Instrumenting class 'examples.RingBuffer_ESTest'.
    13:19:30.699 [Test worker] INFO  o.e.r.instrumentation.EvoClassLoader - Seeing class for first time: examples.RingBuffer_ESTest_scaffolding
    13:19:30.700 [Test worker] INFO  o.e.r.instrumentation.EvoClassLoader - Instrumenting class 'examples.RingBuffer_ESTest_scaffolding'.
    13:19:30.703 [Test worker] INFO  o.e.r.instrumentation.EvoClassLoader - Keeping class: examples.RingBuffer_ESTest_scaffolding
    13:19:30.703 [Test worker] INFO  o.e.r.instrumentation.EvoClassLoader - Keeping class: examples.RingBuffer_ESTest
    13:19:31.136 [Test worker] DEBUG o.e.runtime.sandbox.MSecurityManager - Adding privileged thread: "Reference Handler"
    13:19:31.137 [Test worker] DEBUG o.e.runtime.sandbox.MSecurityManager - Adding privileged thread: "Finalizer"
    13:19:31.137 [Test worker] DEBUG o.e.runtime.sandbox.MSecurityManager - Adding privileged thread: "Signal Dispatcher"
    13:19:31.137 [Test worker] DEBUG o.e.runtime.sandbox.MSecurityManager - Adding privileged thread: "Attach Listener"
    13:19:31.137 [Test worker] DEBUG o.e.runtime.sandbox.MSecurityManager - Adding privileged thread: "Java2D Disposer"
    13:19:31.137 [Test worker] DEBUG o.e.runtime.sandbox.MSecurityManager - Adding privileged thread: "AWT-Shutdown"
    13:19:31.138 [Test worker] DEBUG o.e.runtime.sandbox.MSecurityManager - Adding privileged thread: "AWT-Windows"
    13:19:31.138 [Test worker] DEBUG o.e.runtime.sandbox.MSecurityManager - Adding privileged thread: "main"
    13:19:31.138 [Test worker] DEBUG o.e.runtime.sandbox.MSecurityManager - Adding privileged thread: "Test worker"
    13:19:31.138 [Test worker] DEBUG o.e.runtime.sandbox.MSecurityManager - Adding privileged thread: "/127.0.0.1:55884 to /127.0.0.1:55883 workers Thread 2"
    13:19:31.138 [Test worker] DEBUG o.e.runtime.sandbox.MSecurityManager - Adding privileged thread: "/127.0.0.1:55884 to /127.0.0.1:55883 workers Thread 3"
    13:19:31.204 [Test worker] INFO  o.e.r.instrumentation.EvoClassLoader - Seeing class for first time: examples.RingBuffer
    13:19:31.204 [Test worker] INFO  o.e.r.instrumentation.EvoClassLoader - Instrumenting class 'examples.RingBuffer'.
    13:19:31.226 [Test worker] INFO  o.e.r.i.MethodCallReplacementClassAdapter - Adding mock interface to class examples/RingBuffer
    13:19:31.511 [Test worker] INFO  o.e.r.i.CreateClassResetClassAdapter - Creating brand-new static initializer in class examples/RingBuffer
    13:19:31.512 [Test worker] INFO  o.e.r.instrumentation.EvoClassLoader - Keeping class: examples.RingBuffer

examples.RingBuffer_ESTest > test18 FAILED
    java.lang.AssertionError at RingBuffer_ESTest.java:215

examples.RingBuffer_ESTest > test04 STANDARD_OUT
    13:19:31.577 [Test worker] INFO  o.e.runtime.thread.ThreadStopper - Found new thread

examples.RingBuffer_ESTest > test04 FAILED
    java.lang.AssertionError at RingBuffer_ESTest.java:61

examples.RingBuffer_ESTest > test02 STANDARD_OUT
    13:19:31.586 [Test worker] INFO  o.e.runtime.thread.ThreadStopper - Found new thread

examples.RingBuffer_ESTest > test02 FAILED
    java.lang.AssertionError at RingBuffer_ESTest.java:44

examples.RingBuffer_ESTest > test00 FAILED
    java.lang.AssertionError at RingBuffer_ESTest.java:26

examples.RingBuffer_ESTest > test11 FAILED
    java.lang.AssertionError at RingBuffer_ESTest.java:141

examples.RingBuffer_ESTest > test01 FAILED
    java.lang.AssertionError at RingBuffer_ESTest.java:34

examples.RingBuffer_ESTest > test12 FAILED
    java.lang.AssertionError at RingBuffer_ESTest.java:151

examples.RingBuffer_ESTest > test10 FAILED
    java.lang.AssertionError at RingBuffer_ESTest.java:130

RegressionTest > RegressionTest0.test084 FAILED
    java.lang.AssertionError at RegressionTest0.java:1265

RegressionTest > RegressionTest0.test106 FAILED
    java.lang.AssertionError at RegressionTest0.java:1667

RegressionTest0 > test084 FAILED
    java.lang.AssertionError at RegressionTest0.java:1265

RegressionTest0 > test106 FAILED
    java.lang.AssertionError at RegressionTest0.java:1667
Results: FAILURE (564 tests, 552 successes, 12 failures, 0 skipped)
:test FAILED
4 actionable tasks: 4 executed
