:clean

BUILD SUCCESSFUL in 3s
1 actionable task: 1 executed
:compileJava
:processResources NO-SOURCE
:classes
:compileTestJava
:processTestResources NO-SOURCE
:testClasses
:jar
:assemble
:test

examples.RingBuffer_ESTest STANDARD_OUT
    13:15:04.228 [Test worker] INFO  o.e.r.instrumentation.EvoClassLoader - Seeing class for first time: examples.RingBuffer_ESTest
    13:15:04.233 [Test worker] INFO  o.e.r.instrumentation.EvoClassLoader - Instrumenting class 'examples.RingBuffer_ESTest'.
    13:15:04.272 [Test worker] INFO  o.e.r.instrumentation.EvoClassLoader - Seeing class for first time: examples.RingBuffer_ESTest_scaffolding
    13:15:04.273 [Test worker] INFO  o.e.r.instrumentation.EvoClassLoader - Instrumenting class 'examples.RingBuffer_ESTest_scaffolding'.
    13:15:04.278 [Test worker] INFO  o.e.r.instrumentation.EvoClassLoader - Keeping class: examples.RingBuffer_ESTest_scaffolding
    13:15:04.279 [Test worker] INFO  o.e.r.instrumentation.EvoClassLoader - Keeping class: examples.RingBuffer_ESTest
    13:15:04.591 [Test worker] DEBUG o.e.runtime.sandbox.MSecurityManager - Adding privileged thread: "Reference Handler"
    13:15:04.591 [Test worker] DEBUG o.e.runtime.sandbox.MSecurityManager - Adding privileged thread: "Finalizer"
    13:15:04.593 [Test worker] DEBUG o.e.runtime.sandbox.MSecurityManager - Adding privileged thread: "Signal Dispatcher"
    13:15:04.593 [Test worker] DEBUG o.e.runtime.sandbox.MSecurityManager - Adding privileged thread: "Attach Listener"
    13:15:04.593 [Test worker] DEBUG o.e.runtime.sandbox.MSecurityManager - Adding privileged thread: "Java2D Disposer"
    13:15:04.593 [Test worker] DEBUG o.e.runtime.sandbox.MSecurityManager - Adding privileged thread: "AWT-Shutdown"
    13:15:04.594 [Test worker] DEBUG o.e.runtime.sandbox.MSecurityManager - Adding privileged thread: "AWT-Windows"
    13:15:04.594 [Test worker] DEBUG o.e.runtime.sandbox.MSecurityManager - Adding privileged thread: "main"
    13:15:04.594 [Test worker] DEBUG o.e.runtime.sandbox.MSecurityManager - Adding privileged thread: "Test worker"
    13:15:04.594 [Test worker] DEBUG o.e.runtime.sandbox.MSecurityManager - Adding privileged thread: "/127.0.0.1:55432 to /127.0.0.1:55431 workers Thread 2"
    13:15:04.594 [Test worker] DEBUG o.e.runtime.sandbox.MSecurityManager - Adding privileged thread: "/127.0.0.1:55432 to /127.0.0.1:55431 workers Thread 3"
    13:15:04.652 [Test worker] INFO  o.e.r.instrumentation.EvoClassLoader - Seeing class for first time: examples.RingBuffer
    13:15:04.652 [Test worker] INFO  o.e.r.instrumentation.EvoClassLoader - Instrumenting class 'examples.RingBuffer'.
    13:15:04.681 [Test worker] INFO  o.e.r.i.MethodCallReplacementClassAdapter - Adding mock interface to class examples/RingBuffer
    13:15:04.961 [Test worker] INFO  o.e.r.i.CreateClassResetClassAdapter - Creating brand-new static initializer in class examples/RingBuffer
    13:15:04.962 [Test worker] INFO  o.e.r.instrumentation.EvoClassLoader - Keeping class: examples.RingBuffer

examples.RingBuffer_ESTest > test08 STANDARD_OUT
    13:15:04.996 [Test worker] INFO  o.e.runtime.thread.ThreadStopper - Found new thread

examples.RingBuffer_ESTest > test09 STANDARD_OUT
    13:15:05.008 [Test worker] INFO  o.e.runtime.thread.ThreadStopper - Found new thread

examples.RingBuffer_ESTest > test18 FAILED
    java.lang.AssertionError at RingBuffer_ESTest.java:215

examples.RingBuffer_ESTest > test04 FAILED
    java.lang.AssertionError at RingBuffer_ESTest.java:61

examples.RingBuffer_ESTest > test01 FAILED
    java.lang.AssertionError at RingBuffer_ESTest.java:34

examples.RingBuffer_ESTest > test12 FAILED
    java.lang.AssertionError at RingBuffer_ESTest.java:151

examples.RingBuffer_ESTest > test10 FAILED
    java.lang.AssertionError at RingBuffer_ESTest.java:130

RegressionTest > RegressionTest0.test084 FAILED
    java.lang.AssertionError at RegressionTest0.java:1265

RegressionTest > RegressionTest0.test106 FAILED
    java.lang.AssertionError at RegressionTest0.java:1667

RegressionTest0 > test084 FAILED
    java.lang.AssertionError at RegressionTest0.java:1265

RegressionTest0 > test106 FAILED
    java.lang.AssertionError at RegressionTest0.java:1667
Results: FAILURE (564 tests, 555 successes, 9 failures, 0 skipped)
:test FAILED
4 actionable tasks: 4 executed
