:clean

BUILD SUCCESSFUL in 3s
1 actionable task: 1 executed
:compileJava
:processResources NO-SOURCE
:classes
:compileTestJava
:processTestResources NO-SOURCE
:testClasses
:jar
:assemble
:test

examples.Structure_ESTest STANDARD_OUT
    16:37:21.918 [Test worker] INFO  o.e.r.instrumentation.EvoClassLoader - Seeing class for first time: examples.Structure_ESTest
    16:37:21.921 [Test worker] INFO  o.e.r.instrumentation.EvoClassLoader - Instrumenting class 'examples.Structure_ESTest'.
    16:37:21.955 [Test worker] INFO  o.e.r.instrumentation.EvoClassLoader - Seeing class for first time: examples.Structure_ESTest_scaffolding
    16:37:21.955 [Test worker] INFO  o.e.r.instrumentation.EvoClassLoader - Instrumenting class 'examples.Structure_ESTest_scaffolding'.
    16:37:21.958 [Test worker] INFO  o.e.r.instrumentation.EvoClassLoader - Keeping class: examples.Structure_ESTest_scaffolding
    16:37:21.958 [Test worker] INFO  o.e.r.instrumentation.EvoClassLoader - Keeping class: examples.Structure_ESTest
    16:37:22.299 [Test worker] DEBUG o.e.runtime.sandbox.MSecurityManager - Adding privileged thread: "Reference Handler"
    16:37:22.299 [Test worker] DEBUG o.e.runtime.sandbox.MSecurityManager - Adding privileged thread: "Finalizer"
    16:37:22.299 [Test worker] DEBUG o.e.runtime.sandbox.MSecurityManager - Adding privileged thread: "Signal Dispatcher"
    16:37:22.299 [Test worker] DEBUG o.e.runtime.sandbox.MSecurityManager - Adding privileged thread: "Attach Listener"
    16:37:22.299 [Test worker] DEBUG o.e.runtime.sandbox.MSecurityManager - Adding privileged thread: "Java2D Disposer"
    16:37:22.299 [Test worker] DEBUG o.e.runtime.sandbox.MSecurityManager - Adding privileged thread: "AWT-Shutdown"
    16:37:22.299 [Test worker] DEBUG o.e.runtime.sandbox.MSecurityManager - Adding privileged thread: "AWT-Windows"
    16:37:22.299 [Test worker] DEBUG o.e.runtime.sandbox.MSecurityManager - Adding privileged thread: "main"
    16:37:22.300 [Test worker] DEBUG o.e.runtime.sandbox.MSecurityManager - Adding privileged thread: "Test worker"
    16:37:22.300 [Test worker] DEBUG o.e.runtime.sandbox.MSecurityManager - Adding privileged thread: "/127.0.0.1:60988 to /127.0.0.1:60987 workers Thread 2"
    16:37:22.300 [Test worker] DEBUG o.e.runtime.sandbox.MSecurityManager - Adding privileged thread: "/127.0.0.1:60988 to /127.0.0.1:60987 workers Thread 3"
    16:37:22.414 [Test worker] INFO  o.e.r.instrumentation.EvoClassLoader - Seeing class for first time: examples.Structure
    16:37:22.414 [Test worker] INFO  o.e.r.instrumentation.EvoClassLoader - Instrumenting class 'examples.Structure'.
    16:37:22.456 [Test worker] INFO  o.e.r.i.MethodCallReplacementClassAdapter - Adding mock interface to class examples/Structure
    16:37:22.727 [Test worker] INFO  o.e.r.i.CreateClassResetClassAdapter - Creating brand-new static initializer in class examples/Structure
    16:37:22.728 [Test worker] INFO  o.e.r.instrumentation.EvoClassLoader - Keeping class: examples.Structure

examples.Structure_ESTest > test2 FAILED
    java.lang.AssertionError at Structure_ESTest.java:39

examples.Structure_ESTest > test3 FAILED
    java.lang.AssertionError at Structure_ESTest.java:46

examples.Structure_ESTest > test4 FAILED
    java.lang.AssertionError at Structure_ESTest.java:53

examples.Structure_ESTest > test0 FAILED
    java.lang.AssertionError at Structure_ESTest.java:21

examples.Structure_ESTest > test1 FAILED
    java.lang.AssertionError at Structure_ESTest.java:32

RegressionTest > RegressionTest0.test02 FAILED
    java.lang.AssertionError at RegressionTest0.java:26

RegressionTest > RegressionTest0.test04 FAILED
    java.lang.AssertionError at RegressionTest0.java:46

RegressionTest > RegressionTest0.test06 FAILED
    java.lang.AssertionError at RegressionTest0.java:69

RegressionTest > RegressionTest0.test07 FAILED
    java.lang.AssertionError at RegressionTest0.java:84

RegressionTest > RegressionTest0.test17 FAILED
    java.lang.AssertionError at RegressionTest0.java:187

RegressionTest > RegressionTest0.test23 FAILED
    java.lang.AssertionError at RegressionTest0.java:255

RegressionTest > RegressionTest0.test24 FAILED
    java.lang.AssertionError at RegressionTest0.java:270

RegressionTest > RegressionTest0.test25 FAILED
    java.lang.AssertionError at RegressionTest0.java:288

RegressionTest > RegressionTest0.test26 FAILED
    java.lang.AssertionError at RegressionTest0.java:298

RegressionTest > RegressionTest0.test30 FAILED
    java.lang.AssertionError at RegressionTest0.java:339

RegressionTest > RegressionTest0.test31 FAILED
    java.lang.AssertionError at RegressionTest0.java:355

RegressionTest > RegressionTest0.test36 FAILED
    java.lang.AssertionError at RegressionTest0.java:404

RegressionTest > RegressionTest0.test37 FAILED
    java.lang.AssertionError at RegressionTest0.java:421

RegressionTest > RegressionTest0.test38 FAILED
    java.lang.AssertionError at RegressionTest0.java:442

RegressionTest > RegressionTest0.test39 FAILED
    java.lang.AssertionError at RegressionTest0.java:460

RegressionTest > RegressionTest0.test40 FAILED
    java.lang.AssertionError at RegressionTest0.java:475

RegressionTest > RegressionTest0.test43 FAILED
    java.lang.AssertionError at RegressionTest0.java:511

RegressionTest > RegressionTest0.test44 FAILED
    java.lang.AssertionError at RegressionTest0.java:525

RegressionTest > RegressionTest0.test47 FAILED
    java.lang.AssertionError at RegressionTest0.java:567

RegressionTest > RegressionTest0.test49 FAILED
    java.lang.AssertionError at RegressionTest0.java:593

RegressionTest0 > test02 FAILED
    java.lang.AssertionError at RegressionTest0.java:26

RegressionTest0 > test04 FAILED
    java.lang.AssertionError at RegressionTest0.java:46

RegressionTest0 > test06 FAILED
    java.lang.AssertionError at RegressionTest0.java:69

RegressionTest0 > test07 FAILED
    java.lang.AssertionError at RegressionTest0.java:84

RegressionTest0 > test17 FAILED
    java.lang.AssertionError at RegressionTest0.java:187

RegressionTest0 > test23 FAILED
    java.lang.AssertionError at RegressionTest0.java:255

RegressionTest0 > test24 FAILED
    java.lang.AssertionError at RegressionTest0.java:270

RegressionTest0 > test25 FAILED
    java.lang.AssertionError at RegressionTest0.java:288

RegressionTest0 > test26 FAILED
    java.lang.AssertionError at RegressionTest0.java:298

RegressionTest0 > test30 FAILED
    java.lang.AssertionError at RegressionTest0.java:339

RegressionTest0 > test31 FAILED
    java.lang.AssertionError at RegressionTest0.java:355

RegressionTest0 > test36 FAILED
    java.lang.AssertionError at RegressionTest0.java:404

RegressionTest0 > test37 FAILED
    java.lang.AssertionError at RegressionTest0.java:421

RegressionTest0 > test38 FAILED
    java.lang.AssertionError at RegressionTest0.java:442

RegressionTest0 > test39 FAILED
    java.lang.AssertionError at RegressionTest0.java:460

RegressionTest0 > test40 FAILED
    java.lang.AssertionError at RegressionTest0.java:475

RegressionTest0 > test43 FAILED
    java.lang.AssertionError at RegressionTest0.java:511

RegressionTest0 > test44 FAILED
    java.lang.AssertionError at RegressionTest0.java:525

RegressionTest0 > test47 FAILED
    java.lang.AssertionError at RegressionTest0.java:567

RegressionTest0 > test49 FAILED
    java.lang.AssertionError at RegressionTest0.java:593
Results: FAILURE (374 tests, 329 successes, 45 failures, 0 skipped)
:test FAILED
4 actionable tasks: 4 executed
