:clean

BUILD SUCCESSFUL in 2s
1 actionable task: 1 executed
:compileJava
:processResources NO-SOURCE
:classes
:compileTestJava
:processTestResources NO-SOURCE
:testClasses
:jar
:assemble
:test

org.apache.commons.math3.util.MathUtilsNew_ESTest STANDARD_OUT
    03:36:56.629 [Test worker] INFO  o.e.r.instrumentation.EvoClassLoader - Seeing class for first time: org.apache.commons.math3.util.MathUtilsNew_ESTest
    03:36:56.633 [Test worker] INFO  o.e.r.instrumentation.EvoClassLoader - Instrumenting class 'org.apache.commons.math3.util.MathUtilsNew_ESTest'.
    03:36:56.689 [Test worker] INFO  o.e.r.instrumentation.EvoClassLoader - Seeing class for first time: org.apache.commons.math3.util.MathUtilsNew_ESTest_scaffolding
    03:36:56.689 [Test worker] INFO  o.e.r.instrumentation.EvoClassLoader - Instrumenting class 'org.apache.commons.math3.util.MathUtilsNew_ESTest_scaffolding'.
    03:36:56.695 [Test worker] INFO  o.e.r.instrumentation.EvoClassLoader - Keeping class: org.apache.commons.math3.util.MathUtilsNew_ESTest_scaffolding
    03:36:56.696 [Test worker] INFO  o.e.r.instrumentation.EvoClassLoader - Keeping class: org.apache.commons.math3.util.MathUtilsNew_ESTest
    03:36:57.074 [Test worker] DEBUG o.e.runtime.sandbox.MSecurityManager - Adding privileged thread: "Reference Handler"
    03:36:57.075 [Test worker] DEBUG o.e.runtime.sandbox.MSecurityManager - Adding privileged thread: "Finalizer"
    03:36:57.075 [Test worker] DEBUG o.e.runtime.sandbox.MSecurityManager - Adding privileged thread: "Signal Dispatcher"
    03:36:57.075 [Test worker] DEBUG o.e.runtime.sandbox.MSecurityManager - Adding privileged thread: "Attach Listener"
    03:36:57.075 [Test worker] DEBUG o.e.runtime.sandbox.MSecurityManager - Adding privileged thread: "Java2D Disposer"
    03:36:57.075 [Test worker] DEBUG o.e.runtime.sandbox.MSecurityManager - Adding privileged thread: "AWT-Shutdown"
    03:36:57.075 [Test worker] DEBUG o.e.runtime.sandbox.MSecurityManager - Adding privileged thread: "AWT-Windows"
    03:36:57.075 [Test worker] DEBUG o.e.runtime.sandbox.MSecurityManager - Adding privileged thread: "main"
    03:36:57.075 [Test worker] DEBUG o.e.runtime.sandbox.MSecurityManager - Adding privileged thread: "Test worker"
    03:36:57.075 [Test worker] DEBUG o.e.runtime.sandbox.MSecurityManager - Adding privileged thread: "/127.0.0.1:54377 to /127.0.0.1:54376 workers Thread 2"
    03:36:57.075 [Test worker] DEBUG o.e.runtime.sandbox.MSecurityManager - Adding privileged thread: "/127.0.0.1:54377 to /127.0.0.1:54376 workers Thread 3"
    03:36:57.172 [Test worker] INFO  o.e.r.instrumentation.EvoClassLoader - Seeing class for first time: org.apache.commons.math3.util.MathUtilsNew
    03:36:57.173 [Test worker] INFO  o.e.r.instrumentation.EvoClassLoader - Instrumenting class 'org.apache.commons.math3.util.MathUtilsNew'.
    03:36:57.209 [Test worker] INFO  o.e.r.i.MethodCallReplacementClassAdapter - Adding mock interface to class org/apache/commons/math3/util/MathUtilsNew
    03:36:57.532 [Test worker] INFO  o.e.r.i.CreateClassResetClassAdapter - Creating brand-new static initializer in class org/apache/commons/math3/util/MathUtilsNew
    03:36:57.533 [Test worker] INFO  o.e.r.instrumentation.EvoClassLoader - Keeping class: org.apache.commons.math3.util.MathUtilsNew
    03:36:57.534 [Test worker] INFO  o.e.r.instrumentation.EvoClassLoader - Seeing class for first time: org.apache.commons.math3.exception.util.Localizable
    03:36:57.534 [Test worker] INFO  o.e.r.instrumentation.EvoClassLoader - Instrumenting class 'org.apache.commons.math3.exception.util.Localizable'.
    03:36:57.537 [Test worker] INFO  o.e.r.instrumentation.EvoClassLoader - Defined package (3): package org.apache.commons.math3.exception.util, -505269952
    03:36:57.538 [Test worker] INFO  o.e.r.instrumentation.EvoClassLoader - Keeping class: org.apache.commons.math3.exception.util.Localizable
    03:36:57.538 [Test worker] INFO  o.e.r.instrumentation.EvoClassLoader - Seeing class for first time: org.apache.commons.math3.exception.MathArithmeticException
    03:36:57.538 [Test worker] INFO  o.e.r.instrumentation.EvoClassLoader - Instrumenting class 'org.apache.commons.math3.exception.MathArithmeticException'.
    03:36:57.541 [Test worker] INFO  o.e.r.i.MethodCallReplacementClassAdapter - Adding mock interface to class org/apache/commons/math3/exception/MathArithmeticException
    03:36:57.543 [Test worker] INFO  o.e.r.i.CreateClassResetClassAdapter - Creating brand-new static initializer in class org/apache/commons/math3/exception/MathArithmeticException
    03:36:57.547 [Test worker] INFO  o.e.r.instrumentation.EvoClassLoader - Defined package (3): package org.apache.commons.math3.exception, 1643916784
    03:36:57.547 [Test worker] INFO  o.e.r.instrumentation.EvoClassLoader - Seeing class for first time: org.apache.commons.math3.exception.util.ExceptionContextProvider
    03:36:57.547 [Test worker] INFO  o.e.r.instrumentation.EvoClassLoader - Instrumenting class 'org.apache.commons.math3.exception.util.ExceptionContextProvider'.
    03:36:57.550 [Test worker] INFO  o.e.r.instrumentation.EvoClassLoader - Keeping class: org.apache.commons.math3.exception.util.ExceptionContextProvider
    03:36:57.550 [Test worker] INFO  o.e.r.instrumentation.EvoClassLoader - Keeping class: org.apache.commons.math3.exception.MathArithmeticException
    03:36:57.551 [Test worker] INFO  o.e.r.instrumentation.EvoClassLoader - Seeing class for first time: org.apache.commons.math3.exception.util.LocalizedFormats
    03:36:57.551 [Test worker] INFO  o.e.r.instrumentation.EvoClassLoader - Instrumenting class 'org.apache.commons.math3.exception.util.LocalizedFormats'.
    03:36:57.559 [Test worker] INFO  o.e.r.i.MethodCallReplacementClassAdapter - Adding mock interface to class org/apache/commons/math3/exception/util/LocalizedFormats
    03:36:57.570 [Test worker] INFO  o.e.r.i.CreateClassResetClassAdapter - Found static initializer in class org/apache/commons/math3/exception/util/LocalizedFormats
    03:36:57.589 [Test worker] INFO  o.e.r.instrumentation.EvoClassLoader - Keeping class: org.apache.commons.math3.exception.util.LocalizedFormats
    03:36:57.596 [Test worker] INFO  o.e.r.instrumentation.EvoClassLoader - Seeing class for first time: org.apache.commons.math3.exception.util.ExceptionContext
    03:36:57.596 [Test worker] INFO  o.e.r.instrumentation.EvoClassLoader - Instrumenting class 'org.apache.commons.math3.exception.util.ExceptionContext'.
    03:36:57.599 [Test worker] INFO  o.e.r.i.MethodCallReplacementClassAdapter - Adding mock interface to class org/apache/commons/math3/exception/util/ExceptionContext
    03:36:57.602 [Test worker] INFO  o.e.r.i.CreateClassResetClassAdapter - Creating brand-new static initializer in class org/apache/commons/math3/exception/util/ExceptionContext
    03:36:57.603 [Test worker] INFO  o.e.r.instrumentation.EvoClassLoader - Keeping class: org.apache.commons.math3.exception.util.ExceptionContext
    03:36:57.607 [Test worker] INFO  o.e.r.instrumentation.EvoClassLoader - Seeing class for first time: org.apache.commons.math3.exception.util.ArgUtils
    03:36:57.607 [Test worker] INFO  o.e.r.instrumentation.EvoClassLoader - Instrumenting class 'org.apache.commons.math3.exception.util.ArgUtils'.
    03:36:57.612 [Test worker] INFO  o.e.r.i.MethodCallReplacementClassAdapter - Adding mock interface to class org/apache/commons/math3/exception/util/ArgUtils
    03:36:57.613 [Test worker] INFO  o.e.r.i.CreateClassResetClassAdapter - Creating brand-new static initializer in class org/apache/commons/math3/exception/util/ArgUtils
    03:36:57.614 [Test worker] INFO  o.e.r.instrumentation.EvoClassLoader - Keeping class: org.apache.commons.math3.exception.util.ArgUtils

org.apache.commons.math3.util.MathUtilsNew_ESTest > test4 FAILED
    java.lang.AssertionError at MathUtilsNew_ESTest.java:54

org.apache.commons.math3.util.MathUtilsNew_ESTest > test1 FAILED
    java.lang.AssertionError at MathUtilsNew_ESTest.java:28

RegressionTest > RegressionTest0.test03 FAILED
    java.lang.AssertionError at RegressionTest0.java:32

RegressionTest > RegressionTest0.test06 FAILED
    java.lang.AssertionError at RegressionTest0.java:56

RegressionTest > RegressionTest0.test08 FAILED
    java.lang.AssertionError at RegressionTest0.java:72

RegressionTest > RegressionTest0.test11 FAILED
    java.lang.AssertionError at RegressionTest0.java:96

RegressionTest > RegressionTest0.test13 FAILED
    java.lang.AssertionError at RegressionTest0.java:113

RegressionTest > RegressionTest0.test16 FAILED
    java.lang.AssertionError at RegressionTest0.java:137

RegressionTest > RegressionTest0.test18 FAILED
    java.lang.AssertionError at RegressionTest0.java:153

RegressionTest > RegressionTest0.test19 FAILED
    java.lang.AssertionError at RegressionTest0.java:161

RegressionTest > RegressionTest0.test23 FAILED
    java.lang.AssertionError at RegressionTest0.java:193

RegressionTest > RegressionTest0.test24 FAILED
    java.lang.AssertionError at RegressionTest0.java:201

RegressionTest > RegressionTest0.test25 FAILED
    java.lang.AssertionError at RegressionTest0.java:209

RegressionTest > RegressionTest0.test26 FAILED
    java.lang.AssertionError at RegressionTest0.java:217

RegressionTest > RegressionTest0.test29 FAILED
    java.lang.AssertionError at RegressionTest0.java:241

RegressionTest > RegressionTest0.test30 FAILED
    java.lang.AssertionError at RegressionTest0.java:249

RegressionTest > RegressionTest0.test32 FAILED
    java.lang.AssertionError at RegressionTest0.java:265

RegressionTest > RegressionTest0.test34 FAILED
    java.lang.AssertionError at RegressionTest0.java:281

RegressionTest > RegressionTest0.test36 FAILED
    java.lang.AssertionError at RegressionTest0.java:297

RegressionTest > RegressionTest0.test37 FAILED
    java.lang.AssertionError at RegressionTest0.java:305

RegressionTest > RegressionTest0.test39 FAILED
    java.lang.AssertionError at RegressionTest0.java:321

RegressionTest > RegressionTest0.test42 FAILED
    java.lang.AssertionError at RegressionTest0.java:345

RegressionTest > RegressionTest0.test43 FAILED
    java.lang.AssertionError at RegressionTest0.java:353

RegressionTest > RegressionTest0.test44 FAILED
    java.lang.AssertionError at RegressionTest0.java:361

RegressionTest0 > test03 FAILED
    java.lang.AssertionError at RegressionTest0.java:32

RegressionTest0 > test06 FAILED
    java.lang.AssertionError at RegressionTest0.java:56

RegressionTest0 > test08 FAILED
    java.lang.AssertionError at RegressionTest0.java:72

RegressionTest0 > test11 FAILED
    java.lang.AssertionError at RegressionTest0.java:96

RegressionTest0 > test13 FAILED
    java.lang.AssertionError at RegressionTest0.java:113

RegressionTest0 > test16 FAILED
    java.lang.AssertionError at RegressionTest0.java:137

RegressionTest0 > test18 FAILED
    java.lang.AssertionError at RegressionTest0.java:153

RegressionTest0 > test19 FAILED
    java.lang.AssertionError at RegressionTest0.java:161

RegressionTest0 > test23 FAILED
    java.lang.AssertionError at RegressionTest0.java:193

RegressionTest0 > test24 FAILED
    java.lang.AssertionError at RegressionTest0.java:201

RegressionTest0 > test25 FAILED
    java.lang.AssertionError at RegressionTest0.java:209

RegressionTest0 > test26 FAILED
    java.lang.AssertionError at RegressionTest0.java:217

RegressionTest0 > test29 FAILED
    java.lang.AssertionError at RegressionTest0.java:241

RegressionTest0 > test30 FAILED
    java.lang.AssertionError at RegressionTest0.java:249

RegressionTest0 > test32 FAILED
    java.lang.AssertionError at RegressionTest0.java:265

RegressionTest0 > test34 FAILED
    java.lang.AssertionError at RegressionTest0.java:281

RegressionTest0 > test36 FAILED
    java.lang.AssertionError at RegressionTest0.java:297

RegressionTest0 > test37 FAILED
    java.lang.AssertionError at RegressionTest0.java:305

RegressionTest0 > test39 FAILED
    java.lang.AssertionError at RegressionTest0.java:321

RegressionTest0 > test42 FAILED
    java.lang.AssertionError at RegressionTest0.java:345

RegressionTest0 > test43 FAILED
    java.lang.AssertionError at RegressionTest0.java:353

RegressionTest0 > test44 FAILED
    java.lang.AssertionError at RegressionTest0.java:361
Results: FAILURE (607 tests, 561 successes, 46 failures, 0 skipped)
:test FAILED
4 actionable tasks: 4 executed
