:clean

BUILD SUCCESSFUL in 1s
1 actionable task: 1 executed
:compileJava
:processResources NO-SOURCE
:classes
:compileTestJava
:processTestResources NO-SOURCE
:testClasses
:jar
:assemble
:test

examples.MaxBag_ESTest STANDARD_OUT
    09:58:25.085 [Test worker] INFO  o.e.r.instrumentation.EvoClassLoader - Seeing class for first time: examples.MaxBag_ESTest
    09:58:25.087 [Test worker] INFO  o.e.r.instrumentation.EvoClassLoader - Instrumenting class 'examples.MaxBag_ESTest'.
    09:58:25.110 [Test worker] INFO  o.e.r.instrumentation.EvoClassLoader - Seeing class for first time: examples.MaxBag_ESTest_scaffolding
    09:58:25.110 [Test worker] INFO  o.e.r.instrumentation.EvoClassLoader - Instrumenting class 'examples.MaxBag_ESTest_scaffolding'.
    09:58:25.112 [Test worker] INFO  o.e.r.instrumentation.EvoClassLoader - Keeping class: examples.MaxBag_ESTest_scaffolding
    09:58:25.112 [Test worker] INFO  o.e.r.instrumentation.EvoClassLoader - Keeping class: examples.MaxBag_ESTest
    09:58:25.382 [Test worker] DEBUG o.e.runtime.sandbox.MSecurityManager - Adding privileged thread: "Reference Handler"
    09:58:25.382 [Test worker] DEBUG o.e.runtime.sandbox.MSecurityManager - Adding privileged thread: "Finalizer"
    09:58:25.382 [Test worker] DEBUG o.e.runtime.sandbox.MSecurityManager - Adding privileged thread: "Signal Dispatcher"
    09:58:25.382 [Test worker] DEBUG o.e.runtime.sandbox.MSecurityManager - Adding privileged thread: "Attach Listener"
    09:58:25.382 [Test worker] DEBUG o.e.runtime.sandbox.MSecurityManager - Adding privileged thread: "Java2D Disposer"
    09:58:25.382 [Test worker] DEBUG o.e.runtime.sandbox.MSecurityManager - Adding privileged thread: "AWT-Shutdown"
    09:58:25.383 [Test worker] DEBUG o.e.runtime.sandbox.MSecurityManager - Adding privileged thread: "AWT-Windows"
    09:58:25.383 [Test worker] DEBUG o.e.runtime.sandbox.MSecurityManager - Adding privileged thread: "main"
    09:58:25.383 [Test worker] DEBUG o.e.runtime.sandbox.MSecurityManager - Adding privileged thread: "Test worker"
    09:58:25.383 [Test worker] DEBUG o.e.runtime.sandbox.MSecurityManager - Adding privileged thread: "/127.0.0.1:58512 to /127.0.0.1:58511 workers Thread 2"
    09:58:25.383 [Test worker] DEBUG o.e.runtime.sandbox.MSecurityManager - Adding privileged thread: "/127.0.0.1:58512 to /127.0.0.1:58511 workers Thread 3"
    09:58:25.421 [Test worker] INFO  o.e.r.instrumentation.EvoClassLoader - Seeing class for first time: examples.MaxBag
    09:58:25.421 [Test worker] INFO  o.e.r.instrumentation.EvoClassLoader - Instrumenting class 'examples.MaxBag'.
    09:58:25.434 [Test worker] INFO  o.e.r.i.MethodCallReplacementClassAdapter - Adding mock interface to class examples/MaxBag
    09:58:25.555 [Test worker] INFO  o.e.r.i.CreateClassResetClassAdapter - Creating brand-new static initializer in class examples/MaxBag
    09:58:25.556 [Test worker] INFO  o.e.r.instrumentation.EvoClassLoader - Keeping class: examples.MaxBag
    09:58:25.557 [Test worker] INFO  o.e.r.instrumentation.EvoClassLoader - Seeing class for first time: examples._Type328393
    09:58:25.557 [Test worker] INFO  o.e.r.instrumentation.EvoClassLoader - Instrumenting class 'examples._Type328393'.
    09:58:25.558 [Test worker] INFO  o.e.r.i.MethodCallReplacementClassAdapter - Adding mock interface to class examples/_Type328393
    09:58:25.559 [Test worker] INFO  o.e.r.i.CreateClassResetClassAdapter - Creating brand-new static initializer in class examples/_Type328393
    09:58:25.559 [Test worker] INFO  o.e.r.instrumentation.EvoClassLoader - Keeping class: examples._Type328393

examples.MaxBag_ESTest > test14 FAILED
    java.lang.ArithmeticException at MaxBag_ESTest.java:222

examples.MaxBag_ESTest > test08 FAILED
    java.lang.ArithmeticException at MaxBag_ESTest.java:141

RegressionTest > RegressionTest0.test04 FAILED
    java.lang.ArithmeticException at RegressionTest0.java:47

RegressionTest > RegressionTest0.test23 FAILED
    java.lang.ArithmeticException at RegressionTest0.java:336

RegressionTest > RegressionTest0.test25 FAILED
    java.lang.ArithmeticException at RegressionTest0.java:365

RegressionTest > RegressionTest0.test27 FAILED
    java.lang.ArithmeticException at RegressionTest0.java:394

RegressionTest > RegressionTest0.test28 FAILED
    java.lang.ArithmeticException at RegressionTest0.java:404

RegressionTest0 > test04 FAILED
    java.lang.ArithmeticException at RegressionTest0.java:47

RegressionTest0 > test23 FAILED
    java.lang.ArithmeticException at RegressionTest0.java:336

RegressionTest0 > test25 FAILED
    java.lang.ArithmeticException at RegressionTest0.java:365

RegressionTest0 > test27 FAILED
    java.lang.ArithmeticException at RegressionTest0.java:394

RegressionTest0 > test28 FAILED
    java.lang.ArithmeticException at RegressionTest0.java:404
Results: FAILURE (75 tests, 63 successes, 12 failures, 0 skipped)
:test FAILED
4 actionable tasks: 4 executed
