:clean

BUILD SUCCESSFUL in 1s
1 actionable task: 1 executed
:compileJava
:processResources NO-SOURCE
:classes
:compileTestJava
:processTestResources NO-SOURCE
:testClasses
:jar
:assemble
:test

examples.MaxBag_ESTest STANDARD_OUT
    09:51:25.018 [Test worker] INFO  o.e.r.instrumentation.EvoClassLoader - Seeing class for first time: examples.MaxBag_ESTest
    09:51:25.020 [Test worker] INFO  o.e.r.instrumentation.EvoClassLoader - Instrumenting class 'examples.MaxBag_ESTest'.
    09:51:25.045 [Test worker] INFO  o.e.r.instrumentation.EvoClassLoader - Seeing class for first time: examples.MaxBag_ESTest_scaffolding
    09:51:25.045 [Test worker] INFO  o.e.r.instrumentation.EvoClassLoader - Instrumenting class 'examples.MaxBag_ESTest_scaffolding'.
    09:51:25.047 [Test worker] INFO  o.e.r.instrumentation.EvoClassLoader - Keeping class: examples.MaxBag_ESTest_scaffolding
    09:51:25.047 [Test worker] INFO  o.e.r.instrumentation.EvoClassLoader - Keeping class: examples.MaxBag_ESTest
    09:51:25.330 [Test worker] DEBUG o.e.runtime.sandbox.MSecurityManager - Adding privileged thread: "Reference Handler"
    09:51:25.330 [Test worker] DEBUG o.e.runtime.sandbox.MSecurityManager - Adding privileged thread: "Finalizer"
    09:51:25.330 [Test worker] DEBUG o.e.runtime.sandbox.MSecurityManager - Adding privileged thread: "Signal Dispatcher"
    09:51:25.330 [Test worker] DEBUG o.e.runtime.sandbox.MSecurityManager - Adding privileged thread: "Attach Listener"
    09:51:25.330 [Test worker] DEBUG o.e.runtime.sandbox.MSecurityManager - Adding privileged thread: "Java2D Disposer"
    09:51:25.330 [Test worker] DEBUG o.e.runtime.sandbox.MSecurityManager - Adding privileged thread: "AWT-Shutdown"
    09:51:25.330 [Test worker] DEBUG o.e.runtime.sandbox.MSecurityManager - Adding privileged thread: "AWT-Windows"
    09:51:25.330 [Test worker] DEBUG o.e.runtime.sandbox.MSecurityManager - Adding privileged thread: "main"
    09:51:25.330 [Test worker] DEBUG o.e.runtime.sandbox.MSecurityManager - Adding privileged thread: "Test worker"
    09:51:25.330 [Test worker] DEBUG o.e.runtime.sandbox.MSecurityManager - Adding privileged thread: "/127.0.0.1:57502 to /127.0.0.1:57501 workers Thread 2"
    09:51:25.331 [Test worker] DEBUG o.e.runtime.sandbox.MSecurityManager - Adding privileged thread: "/127.0.0.1:57502 to /127.0.0.1:57501 workers Thread 3"
    09:51:25.368 [Test worker] INFO  o.e.r.instrumentation.EvoClassLoader - Seeing class for first time: examples.MaxBag
    09:51:25.369 [Test worker] INFO  o.e.r.instrumentation.EvoClassLoader - Instrumenting class 'examples.MaxBag'.
    09:51:25.382 [Test worker] INFO  o.e.r.i.MethodCallReplacementClassAdapter - Adding mock interface to class examples/MaxBag
    09:51:25.502 [Test worker] INFO  o.e.r.i.CreateClassResetClassAdapter - Creating brand-new static initializer in class examples/MaxBag
    09:51:25.502 [Test worker] INFO  o.e.r.instrumentation.EvoClassLoader - Keeping class: examples.MaxBag
    09:51:25.503 [Test worker] INFO  o.e.r.instrumentation.EvoClassLoader - Seeing class for first time: examples._Type328393
    09:51:25.503 [Test worker] INFO  o.e.r.instrumentation.EvoClassLoader - Instrumenting class 'examples._Type328393'.
    09:51:25.504 [Test worker] INFO  o.e.r.i.MethodCallReplacementClassAdapter - Adding mock interface to class examples/_Type328393
    09:51:25.505 [Test worker] INFO  o.e.r.i.CreateClassResetClassAdapter - Creating brand-new static initializer in class examples/_Type328393
    09:51:25.505 [Test worker] INFO  o.e.r.instrumentation.EvoClassLoader - Keeping class: examples._Type328393

examples.MaxBag_ESTest > test11 FAILED
    java.lang.NullPointerException at MaxBag_ESTest.java:191

examples.MaxBag_ESTest > test10 FAILED
    java.lang.NullPointerException at MaxBag_ESTest.java:177

examples.MaxBag_ESTest > test16 FAILED
    java.lang.NullPointerException at MaxBag_ESTest.java:249

examples.MaxBag_ESTest > test09 FAILED
    java.lang.NullPointerException at MaxBag_ESTest.java:158

RegressionTest > RegressionTest0.test09 FAILED
    java.lang.NullPointerException at RegressionTest0.java:116

RegressionTest > RegressionTest0.test11 FAILED
    java.lang.NullPointerException at RegressionTest0.java:143

RegressionTest > RegressionTest0.test16 FAILED
    java.lang.NullPointerException at RegressionTest0.java:219

RegressionTest > RegressionTest0.test17 FAILED
    java.lang.NullPointerException at RegressionTest0.java:235

RegressionTest > RegressionTest0.test18 FAILED
    java.lang.NullPointerException at RegressionTest0.java:253

RegressionTest > RegressionTest0.test19 FAILED
    java.lang.NullPointerException at RegressionTest0.java:266

RegressionTest > RegressionTest0.test23 FAILED
    java.lang.NullPointerException at RegressionTest0.java:335

RegressionTest > RegressionTest0.test25 FAILED
    java.lang.NullPointerException at RegressionTest0.java:364

RegressionTest0 > test09 FAILED
    java.lang.NullPointerException at RegressionTest0.java:116

RegressionTest0 > test11 FAILED
    java.lang.NullPointerException at RegressionTest0.java:143

RegressionTest0 > test16 FAILED
    java.lang.NullPointerException at RegressionTest0.java:219

RegressionTest0 > test17 FAILED
    java.lang.NullPointerException at RegressionTest0.java:235

RegressionTest0 > test18 FAILED
    java.lang.NullPointerException at RegressionTest0.java:253

RegressionTest0 > test19 FAILED
    java.lang.NullPointerException at RegressionTest0.java:266

RegressionTest0 > test23 FAILED
    java.lang.NullPointerException at RegressionTest0.java:335

RegressionTest0 > test25 FAILED
    java.lang.NullPointerException at RegressionTest0.java:364
Results: FAILURE (75 tests, 55 successes, 20 failures, 0 skipped)
:test FAILED
4 actionable tasks: 4 executed
