:clean

BUILD SUCCESSFUL in 2s
1 actionable task: 1 executed
:compileJava
:processResources NO-SOURCE
:classes
:compileTestJava
:processTestResources NO-SOURCE
:testClasses
:jar
:assemble
:test

examples.Polyupdate_ESTest STANDARD_OUT
    08:45:38.611 [Test worker] INFO  o.e.r.instrumentation.EvoClassLoader - Seeing class for first time: examples.Polyupdate_ESTest
    08:45:38.619 [Test worker] INFO  o.e.r.instrumentation.EvoClassLoader - Instrumenting class 'examples.Polyupdate_ESTest'.
    08:45:38.678 [Test worker] INFO  o.e.r.instrumentation.EvoClassLoader - Seeing class for first time: examples.Polyupdate_ESTest_scaffolding
    08:45:38.678 [Test worker] INFO  o.e.r.instrumentation.EvoClassLoader - Instrumenting class 'examples.Polyupdate_ESTest_scaffolding'.
    08:45:38.681 [Test worker] INFO  o.e.r.instrumentation.EvoClassLoader - Keeping class: examples.Polyupdate_ESTest_scaffolding
    08:45:38.682 [Test worker] INFO  o.e.r.instrumentation.EvoClassLoader - Keeping class: examples.Polyupdate_ESTest
    08:45:38.844 [Test worker] DEBUG o.e.runtime.sandbox.MSecurityManager - Adding privileged thread: "Reference Handler"
    08:45:38.844 [Test worker] DEBUG o.e.runtime.sandbox.MSecurityManager - Adding privileged thread: "Finalizer"
    08:45:38.844 [Test worker] DEBUG o.e.runtime.sandbox.MSecurityManager - Adding privileged thread: "Signal Dispatcher"
    08:45:38.844 [Test worker] DEBUG o.e.runtime.sandbox.MSecurityManager - Adding privileged thread: "Attach Listener"
    08:45:38.844 [Test worker] DEBUG o.e.runtime.sandbox.MSecurityManager - Adding privileged thread: "Java2D Disposer"
    08:45:38.844 [Test worker] DEBUG o.e.runtime.sandbox.MSecurityManager - Adding privileged thread: "AWT-Shutdown"
    08:45:38.845 [Test worker] DEBUG o.e.runtime.sandbox.MSecurityManager - Adding privileged thread: "AWT-Windows"
    08:45:38.845 [Test worker] DEBUG o.e.runtime.sandbox.MSecurityManager - Adding privileged thread: "main"
    08:45:38.845 [Test worker] DEBUG o.e.runtime.sandbox.MSecurityManager - Adding privileged thread: "Test worker"
    08:45:38.845 [Test worker] DEBUG o.e.runtime.sandbox.MSecurityManager - Adding privileged thread: "/127.0.0.1:54957 to /127.0.0.1:54956 workers Thread 2"
    08:45:38.845 [Test worker] DEBUG o.e.runtime.sandbox.MSecurityManager - Adding privileged thread: "/127.0.0.1:54957 to /127.0.0.1:54956 workers Thread 3"
    08:45:38.942 [Test worker] INFO  o.e.r.instrumentation.EvoClassLoader - Seeing class for first time: examples.Polyupdate
    08:45:38.942 [Test worker] INFO  o.e.r.instrumentation.EvoClassLoader - Instrumenting class 'examples.Polyupdate'.
    08:45:38.974 [Test worker] INFO  o.e.r.i.MethodCallReplacementClassAdapter - Adding mock interface to class examples/Polyupdate
    08:45:39.259 [Test worker] INFO  o.e.r.i.CreateClassResetClassAdapter - Creating brand-new static initializer in class examples/Polyupdate
    08:45:39.260 [Test worker] INFO  o.e.r.instrumentation.EvoClassLoader - Keeping class: examples.Polyupdate

examples.Polyupdate_ESTest > test08 FAILED
    java.lang.AssertionError at Polyupdate_ESTest.java:98

testers.PolyupdateTester0 > test021 FAILED
    java.lang.ArithmeticException at PolyupdateTester0.java:237

testers.PolyupdateTester0 > test029 FAILED
    java.lang.ArithmeticException at PolyupdateTester0.java:343

testers.PolyupdateTester0 > test051 FAILED
    java.lang.ArithmeticException at PolyupdateTester0.java:616

testers.PolyupdateTester0 > test063 FAILED
    java.lang.ArithmeticException at PolyupdateTester0.java:781

testers.PolyupdateTester0 > test064 FAILED
    java.lang.ArithmeticException at PolyupdateTester0.java:795

testers.PolyupdateTester0 > test104 FAILED
    java.lang.ArithmeticException at PolyupdateTester0.java:1309

testers.PolyupdateTester0 > test150 FAILED
    java.lang.ArithmeticException at PolyupdateTester0.java:1930

testers.PolyupdateTester0 > test153 FAILED
    java.lang.ArithmeticException at PolyupdateTester0.java:1969

testers.PolyupdateTester0 > test163 FAILED
    java.lang.ArithmeticException at PolyupdateTester0.java:2103

testers.PolyupdateTester0 > test164 FAILED
    java.lang.ArithmeticException at PolyupdateTester0.java:2116

testers.PolyupdateTester0 > test172 FAILED
    java.lang.ArithmeticException at PolyupdateTester0.java:2224

testers.PolyupdateTester0 > test178 FAILED
    java.lang.ArithmeticException at PolyupdateTester0.java:2309

testers.PolyupdateTester0 > test182 FAILED
    java.lang.ArithmeticException at PolyupdateTester0.java:2369

testers.PolyupdateTester0 > test190 FAILED
    java.lang.ArithmeticException at PolyupdateTester0.java:2476

testers.PolyupdateTester0 > test206 FAILED
    java.lang.ArithmeticException at PolyupdateTester0.java:2696

testers.PolyupdateTester0 > test216 FAILED
    java.lang.ArithmeticException at PolyupdateTester0.java:2832

testers.PolyupdateTester0 > test225 FAILED
    java.lang.ArithmeticException at PolyupdateTester0.java:2954

testers.PolyupdateTester0 > test228 FAILED
    java.lang.ArithmeticException at PolyupdateTester0.java:2996

testers.PolyupdateTester0 > test229 FAILED
    java.lang.ArithmeticException at PolyupdateTester0.java:3011

testers.PolyupdateTester0 > test271 FAILED
    java.lang.ArithmeticException at PolyupdateTester0.java:3589
Results: FAILURE (282 tests, 261 successes, 21 failures, 0 skipped)
:test FAILED
4 actionable tasks: 4 executed
