:clean

BUILD SUCCESSFUL in 0s
1 actionable task: 1 executed
:compileJava
:processResources NO-SOURCE
:classes
:compileTestJava
:processTestResources NO-SOURCE
:testClasses
:jar
:assemble
:test

examples.MaxBag_ESTest STANDARD_OUT
    17:17:01.808 [Test worker] INFO  o.e.r.instrumentation.EvoClassLoader - Seeing class for first time: examples.MaxBag_ESTest
    17:17:01.811 [Test worker] INFO  o.e.r.instrumentation.EvoClassLoader - Instrumenting class 'examples.MaxBag_ESTest'.
    17:17:01.834 [Test worker] INFO  o.e.r.instrumentation.EvoClassLoader - Seeing class for first time: examples.MaxBag_ESTest_scaffolding
    17:17:01.834 [Test worker] INFO  o.e.r.instrumentation.EvoClassLoader - Instrumenting class 'examples.MaxBag_ESTest_scaffolding'.
    17:17:01.836 [Test worker] INFO  o.e.r.instrumentation.EvoClassLoader - Keeping class: examples.MaxBag_ESTest_scaffolding
    17:17:01.837 [Test worker] INFO  o.e.r.instrumentation.EvoClassLoader - Keeping class: examples.MaxBag_ESTest
    17:17:02.004 [Test worker] DEBUG o.e.runtime.sandbox.MSecurityManager - Adding privileged thread: "Reference Handler"
    17:17:02.004 [Test worker] DEBUG o.e.runtime.sandbox.MSecurityManager - Adding privileged thread: "Finalizer"
    17:17:02.004 [Test worker] DEBUG o.e.runtime.sandbox.MSecurityManager - Adding privileged thread: "Signal Dispatcher"
    17:17:02.004 [Test worker] DEBUG o.e.runtime.sandbox.MSecurityManager - Adding privileged thread: "Attach Listener"
    17:17:02.004 [Test worker] DEBUG o.e.runtime.sandbox.MSecurityManager - Adding privileged thread: "Java2D Disposer"
    17:17:02.004 [Test worker] DEBUG o.e.runtime.sandbox.MSecurityManager - Adding privileged thread: "AWT-Shutdown"
    17:17:02.004 [Test worker] DEBUG o.e.runtime.sandbox.MSecurityManager - Adding privileged thread: "AWT-Windows"
    17:17:02.004 [Test worker] DEBUG o.e.runtime.sandbox.MSecurityManager - Adding privileged thread: "main"
    17:17:02.005 [Test worker] DEBUG o.e.runtime.sandbox.MSecurityManager - Adding privileged thread: "Test worker"
    17:17:02.005 [Test worker] DEBUG o.e.runtime.sandbox.MSecurityManager - Adding privileged thread: "/127.0.0.1:55496 to /127.0.0.1:55495 workers Thread 2"
    17:17:02.005 [Test worker] DEBUG o.e.runtime.sandbox.MSecurityManager - Adding privileged thread: "/127.0.0.1:55496 to /127.0.0.1:55495 workers Thread 3"
    17:17:02.047 [Test worker] INFO  o.e.r.instrumentation.EvoClassLoader - Seeing class for first time: examples.MaxBag
    17:17:02.047 [Test worker] INFO  o.e.r.instrumentation.EvoClassLoader - Instrumenting class 'examples.MaxBag'.
    17:17:02.060 [Test worker] INFO  o.e.r.i.MethodCallReplacementClassAdapter - Adding mock interface to class examples/MaxBag
    17:17:02.184 [Test worker] INFO  o.e.r.i.CreateClassResetClassAdapter - Creating brand-new static initializer in class examples/MaxBag
    17:17:02.185 [Test worker] INFO  o.e.r.instrumentation.EvoClassLoader - Keeping class: examples.MaxBag
    17:17:02.185 [Test worker] INFO  o.e.r.instrumentation.EvoClassLoader - Seeing class for first time: examples._Type328393
    17:17:02.185 [Test worker] INFO  o.e.r.instrumentation.EvoClassLoader - Instrumenting class 'examples._Type328393'.
    17:17:02.186 [Test worker] INFO  o.e.r.i.MethodCallReplacementClassAdapter - Adding mock interface to class examples/_Type328393
    17:17:02.187 [Test worker] INFO  o.e.r.i.CreateClassResetClassAdapter - Creating brand-new static initializer in class examples/_Type328393
    17:17:02.187 [Test worker] INFO  o.e.r.instrumentation.EvoClassLoader - Keeping class: examples._Type328393

examples.MaxBag_ESTest > test10 FAILED
    java.lang.ArrayIndexOutOfBoundsException at MaxBag_ESTest.java:181

examples.MaxBag_ESTest > test15 FAILED
    java.lang.AssertionError at MaxBag_ESTest.java:239

examples.MaxBag_ESTest > test09 FAILED
    java.lang.ArrayIndexOutOfBoundsException at MaxBag_ESTest.java:169

testers.MaxBagTester0 > test057 FAILED
    java.lang.ArrayIndexOutOfBoundsException at MaxBagTester0.java:724

testers.MaxBagTester0 > test067 FAILED
    java.lang.ArrayIndexOutOfBoundsException at MaxBagTester0.java:859

testers.MaxBagTester0 > test121 FAILED
    java.lang.ArrayIndexOutOfBoundsException at MaxBagTester0.java:1614

testers.MaxBagTester0 > test143 FAILED
    java.lang.ArrayIndexOutOfBoundsException at MaxBagTester0.java:1922

testers.MaxBagTester0 > test165 FAILED
    java.lang.ArrayIndexOutOfBoundsException at MaxBagTester0.java:2248

testers.MaxBagTester0 > test169 FAILED
    java.lang.ArrayIndexOutOfBoundsException at MaxBagTester0.java:2307

testers.MaxBagTester0 > test171 FAILED
    java.lang.ArrayIndexOutOfBoundsException at MaxBagTester0.java:2334

testers.MaxBagTester0 > test173 FAILED
    java.lang.ArrayIndexOutOfBoundsException at MaxBagTester0.java:2362

testers.MaxBagTester0 > test191 FAILED
    java.lang.ArrayIndexOutOfBoundsException at MaxBagTester0.java:2610

testers.MaxBagTester0 > test196 FAILED
    java.lang.ArrayIndexOutOfBoundsException at MaxBagTester0.java:2685

testers.MaxBagTester0 > test214 FAILED
    java.lang.ArrayIndexOutOfBoundsException at MaxBagTester0.java:2954

testers.MaxBagTester0 > test228 FAILED
    java.lang.ArrayIndexOutOfBoundsException at MaxBagTester0.java:3153
Results: FAILURE (332 tests, 317 successes, 15 failures, 0 skipped)
:test FAILED
4 actionable tasks: 4 executed
