:clean

BUILD SUCCESSFUL in 0s
1 actionable task: 1 executed
:compileJava
:processResources NO-SOURCE
:classes
:compileTestJava
:processTestResources NO-SOURCE
:testClasses
:jar
:assemble
:test

examples.MaxBag_ESTest STANDARD_OUT
    17:14:20.672 [Test worker] INFO  o.e.r.instrumentation.EvoClassLoader - Seeing class for first time: examples.MaxBag_ESTest
    17:14:20.674 [Test worker] INFO  o.e.r.instrumentation.EvoClassLoader - Instrumenting class 'examples.MaxBag_ESTest'.
    17:14:20.697 [Test worker] INFO  o.e.r.instrumentation.EvoClassLoader - Seeing class for first time: examples.MaxBag_ESTest_scaffolding
    17:14:20.697 [Test worker] INFO  o.e.r.instrumentation.EvoClassLoader - Instrumenting class 'examples.MaxBag_ESTest_scaffolding'.
    17:14:20.699 [Test worker] INFO  o.e.r.instrumentation.EvoClassLoader - Keeping class: examples.MaxBag_ESTest_scaffolding
    17:14:20.699 [Test worker] INFO  o.e.r.instrumentation.EvoClassLoader - Keeping class: examples.MaxBag_ESTest
    17:14:20.856 [Test worker] DEBUG o.e.runtime.sandbox.MSecurityManager - Adding privileged thread: "Reference Handler"
    17:14:20.856 [Test worker] DEBUG o.e.runtime.sandbox.MSecurityManager - Adding privileged thread: "Finalizer"
    17:14:20.857 [Test worker] DEBUG o.e.runtime.sandbox.MSecurityManager - Adding privileged thread: "Signal Dispatcher"
    17:14:20.857 [Test worker] DEBUG o.e.runtime.sandbox.MSecurityManager - Adding privileged thread: "Attach Listener"
    17:14:20.857 [Test worker] DEBUG o.e.runtime.sandbox.MSecurityManager - Adding privileged thread: "Java2D Disposer"
    17:14:20.857 [Test worker] DEBUG o.e.runtime.sandbox.MSecurityManager - Adding privileged thread: "AWT-Shutdown"
    17:14:20.857 [Test worker] DEBUG o.e.runtime.sandbox.MSecurityManager - Adding privileged thread: "AWT-Windows"
    17:14:20.857 [Test worker] DEBUG o.e.runtime.sandbox.MSecurityManager - Adding privileged thread: "main"
    17:14:20.857 [Test worker] DEBUG o.e.runtime.sandbox.MSecurityManager - Adding privileged thread: "Test worker"
    17:14:20.857 [Test worker] DEBUG o.e.runtime.sandbox.MSecurityManager - Adding privileged thread: "/127.0.0.1:63176 to /127.0.0.1:63175 workers Thread 2"
    17:14:20.857 [Test worker] DEBUG o.e.runtime.sandbox.MSecurityManager - Adding privileged thread: "/127.0.0.1:63176 to /127.0.0.1:63175 workers Thread 3"
    17:14:20.894 [Test worker] INFO  o.e.r.instrumentation.EvoClassLoader - Seeing class for first time: examples.MaxBag
    17:14:20.894 [Test worker] INFO  o.e.r.instrumentation.EvoClassLoader - Instrumenting class 'examples.MaxBag'.
    17:14:20.907 [Test worker] INFO  o.e.r.i.MethodCallReplacementClassAdapter - Adding mock interface to class examples/MaxBag
    17:14:21.026 [Test worker] INFO  o.e.r.i.CreateClassResetClassAdapter - Creating brand-new static initializer in class examples/MaxBag
    17:14:21.027 [Test worker] INFO  o.e.r.instrumentation.EvoClassLoader - Keeping class: examples.MaxBag
    17:14:21.027 [Test worker] INFO  o.e.r.instrumentation.EvoClassLoader - Seeing class for first time: examples._Type328393
    17:14:21.028 [Test worker] INFO  o.e.r.instrumentation.EvoClassLoader - Instrumenting class 'examples._Type328393'.
    17:14:21.028 [Test worker] INFO  o.e.r.i.MethodCallReplacementClassAdapter - Adding mock interface to class examples/_Type328393
    17:14:21.029 [Test worker] INFO  o.e.r.i.CreateClassResetClassAdapter - Creating brand-new static initializer in class examples/_Type328393
    17:14:21.029 [Test worker] INFO  o.e.r.instrumentation.EvoClassLoader - Keeping class: examples._Type328393

examples.MaxBag_ESTest > test12 FAILED
    java.lang.ArrayIndexOutOfBoundsException at MaxBag_ESTest.java:207

examples.MaxBag_ESTest > test11 FAILED
    java.lang.NullPointerException at MaxBag_ESTest.java:195

examples.MaxBag_ESTest > test18 FAILED
    java.lang.NullPointerException at MaxBag_ESTest.java:285

examples.MaxBag_ESTest > test06 FAILED
    java.lang.NullPointerException at MaxBag_ESTest.java:114

RegressionTest > RegressionTest0.test09 FAILED
    java.lang.ArrayIndexOutOfBoundsException at RegressionTest0.java:116

RegressionTest > RegressionTest0.test11 FAILED
    java.lang.ArrayIndexOutOfBoundsException at RegressionTest0.java:143

RegressionTest > RegressionTest0.test19 FAILED
    java.lang.ArrayIndexOutOfBoundsException at RegressionTest0.java:266

RegressionTest0 > test09 FAILED
    java.lang.ArrayIndexOutOfBoundsException at RegressionTest0.java:116

RegressionTest0 > test11 FAILED
    java.lang.ArrayIndexOutOfBoundsException at RegressionTest0.java:143

RegressionTest0 > test19 FAILED
    java.lang.ArrayIndexOutOfBoundsException at RegressionTest0.java:266

testers.MaxBagTester0 > test089 FAILED
    java.lang.NullPointerException at MaxBagTester0.java:1174

testers.MaxBagTester0 > test101 FAILED
    java.lang.NullPointerException at MaxBagTester0.java:1337

testers.MaxBagTester0 > test129 FAILED
    java.lang.NullPointerException at MaxBagTester0.java:1726

testers.MaxBagTester0 > test155 FAILED
    java.lang.NullPointerException at MaxBagTester0.java:2106

testers.MaxBagTester0 > test185 FAILED
    java.lang.NullPointerException at MaxBagTester0.java:2518

testers.MaxBagTester0 > test215 FAILED
    java.lang.NullPointerException at MaxBagTester0.java:2970

testers.MaxBagTester0 > test219 FAILED
    java.lang.NullPointerException at MaxBagTester0.java:3023
Results: FAILURE (332 tests, 315 successes, 17 failures, 0 skipped)
:test FAILED
4 actionable tasks: 4 executed
