:clean

BUILD SUCCESSFUL in 2s
1 actionable task: 1 executed
:compileJava
:processResources NO-SOURCE
:classes
:compileTestJava
:processTestResources NO-SOURCE
:testClasses
:jar
:assemble
:test

math.IntMath_ESTest STANDARD_OUT
    22:02:00.513 [Test worker] INFO  o.e.r.instrumentation.EvoClassLoader - Seeing class for first time: math.IntMath_ESTest
    22:02:00.519 [Test worker] INFO  o.e.r.instrumentation.EvoClassLoader - Instrumenting class 'math.IntMath_ESTest'.
    22:02:00.565 [Test worker] INFO  o.e.r.instrumentation.EvoClassLoader - Seeing class for first time: math.IntMath_ESTest_scaffolding
    22:02:00.565 [Test worker] INFO  o.e.r.instrumentation.EvoClassLoader - Instrumenting class 'math.IntMath_ESTest_scaffolding'.
    22:02:00.569 [Test worker] INFO  o.e.r.instrumentation.EvoClassLoader - Keeping class: math.IntMath_ESTest_scaffolding
    22:02:00.569 [Test worker] INFO  o.e.r.instrumentation.EvoClassLoader - Keeping class: math.IntMath_ESTest
    22:02:00.961 [Test worker] DEBUG o.e.runtime.sandbox.MSecurityManager - Adding privileged thread: "Reference Handler"
    22:02:00.961 [Test worker] DEBUG o.e.runtime.sandbox.MSecurityManager - Adding privileged thread: "Finalizer"
    22:02:00.961 [Test worker] DEBUG o.e.runtime.sandbox.MSecurityManager - Adding privileged thread: "Signal Dispatcher"
    22:02:00.961 [Test worker] DEBUG o.e.runtime.sandbox.MSecurityManager - Adding privileged thread: "Attach Listener"
    22:02:00.961 [Test worker] DEBUG o.e.runtime.sandbox.MSecurityManager - Adding privileged thread: "Java2D Disposer"
    22:02:00.961 [Test worker] DEBUG o.e.runtime.sandbox.MSecurityManager - Adding privileged thread: "AWT-Shutdown"
    22:02:00.961 [Test worker] DEBUG o.e.runtime.sandbox.MSecurityManager - Adding privileged thread: "AWT-Windows"
    22:02:00.961 [Test worker] DEBUG o.e.runtime.sandbox.MSecurityManager - Adding privileged thread: "main"
    22:02:00.962 [Test worker] DEBUG o.e.runtime.sandbox.MSecurityManager - Adding privileged thread: "Test worker"
    22:02:00.962 [Test worker] DEBUG o.e.runtime.sandbox.MSecurityManager - Adding privileged thread: "/127.0.0.1:56032 to /127.0.0.1:56031 workers Thread 2"
    22:02:00.962 [Test worker] DEBUG o.e.runtime.sandbox.MSecurityManager - Adding privileged thread: "/127.0.0.1:56032 to /127.0.0.1:56031 workers Thread 3"
    22:02:01.054 [Test worker] INFO  o.e.r.instrumentation.EvoClassLoader - Seeing class for first time: math.IntMath
    22:02:01.054 [Test worker] INFO  o.e.r.instrumentation.EvoClassLoader - Instrumenting class 'math.IntMath'.
    22:02:01.085 [Test worker] INFO  o.e.r.i.MethodCallReplacementClassAdapter - Adding mock interface to class math/IntMath
    22:02:01.383 [Test worker] INFO  o.e.r.i.CreateClassResetClassAdapter - Found static initializer in class math/IntMath
    22:02:01.386 [Test worker] INFO  o.e.r.instrumentation.EvoClassLoader - Keeping class: math.IntMath

math.IntMath_ESTest > test0 FAILED
    java.lang.AssertionError at IntMath_ESTest.java:22

math.IntMath_ESTest > test2 FAILED
    java.lang.AssertionError at IntMath_ESTest.java:45

math.IntMath_ESTest > test3 FAILED
    java.lang.AssertionError at IntMath_ESTest.java:52

RegressionTest > RegressionTest0.test03 FAILED
    java.lang.AssertionError at RegressionTest0.java:38

RegressionTest > RegressionTest0.test04 FAILED
    java.lang.AssertionError at RegressionTest0.java:54

RegressionTest > RegressionTest0.test05 FAILED
    java.lang.AssertionError at RegressionTest0.java:70

RegressionTest > RegressionTest0.test06 FAILED
    java.lang.AssertionError at RegressionTest0.java:81

RegressionTest > RegressionTest0.test07 FAILED
    java.lang.AssertionError at RegressionTest0.java:92

RegressionTest > RegressionTest0.test08 FAILED
    java.lang.AssertionError at RegressionTest0.java:105

RegressionTest > RegressionTest0.test09 FAILED
    java.lang.AssertionError at RegressionTest0.java:118

RegressionTest > RegressionTest0.test10 FAILED
    java.lang.AssertionError at RegressionTest0.java:131

RegressionTest > RegressionTest0.test11 FAILED
    java.lang.AssertionError at RegressionTest0.java:147

RegressionTest > RegressionTest0.test12 FAILED
    java.lang.AssertionError at RegressionTest0.java:158

RegressionTest > RegressionTest0.test13 FAILED
    java.lang.AssertionError at RegressionTest0.java:176

RegressionTest > RegressionTest0.test15 FAILED
    java.lang.AssertionError at RegressionTest0.java:205

RegressionTest > RegressionTest0.test16 FAILED
    java.lang.AssertionError at RegressionTest0.java:220

RegressionTest > RegressionTest0.test17 FAILED
    java.lang.AssertionError at RegressionTest0.java:235

RegressionTest > RegressionTest0.test18 FAILED
    java.lang.AssertionError at RegressionTest0.java:248

RegressionTest > RegressionTest0.test19 FAILED
    java.lang.AssertionError at RegressionTest0.java:263

RegressionTest > RegressionTest0.test20 FAILED
    java.lang.AssertionError at RegressionTest0.java:276

RegressionTest > RegressionTest0.test21 FAILED
    java.lang.AssertionError at RegressionTest0.java:289

RegressionTest > RegressionTest0.test22 FAILED
    java.lang.AssertionError at RegressionTest0.java:300

RegressionTest > RegressionTest0.test23 FAILED
    java.lang.AssertionError at RegressionTest0.java:315

RegressionTest > RegressionTest0.test24 FAILED
    java.lang.AssertionError at RegressionTest0.java:332

RegressionTest > RegressionTest0.test25 FAILED
    java.lang.AssertionError at RegressionTest0.java:345

RegressionTest > RegressionTest0.test26 FAILED
    java.lang.AssertionError at RegressionTest0.java:362

RegressionTest > RegressionTest0.test27 FAILED
    java.lang.AssertionError at RegressionTest0.java:377

RegressionTest > RegressionTest0.test28 FAILED
    java.lang.AssertionError at RegressionTest0.java:390

RegressionTest > RegressionTest0.test29 FAILED
    java.lang.AssertionError at RegressionTest0.java:403

RegressionTest > RegressionTest0.test30 FAILED
    java.lang.AssertionError at RegressionTest0.java:416

RegressionTest > RegressionTest0.test31 FAILED
    java.lang.AssertionError at RegressionTest0.java:434

RegressionTest > RegressionTest0.test32 FAILED
    java.lang.AssertionError at RegressionTest0.java:449

RegressionTest > RegressionTest0.test33 FAILED
    java.lang.AssertionError at RegressionTest0.java:464

RegressionTest > RegressionTest0.test34 FAILED
    java.lang.AssertionError at RegressionTest0.java:488

RegressionTest > RegressionTest0.test35 FAILED
    java.lang.AssertionError at RegressionTest0.java:504

RegressionTest > RegressionTest0.test36 FAILED
    java.lang.AssertionError at RegressionTest0.java:522

RegressionTest > RegressionTest0.test37 FAILED
    java.lang.AssertionError at RegressionTest0.java:533

RegressionTest > RegressionTest0.test38 FAILED
    java.lang.AssertionError at RegressionTest0.java:546

RegressionTest > RegressionTest0.test39 FAILED
    java.lang.AssertionError at RegressionTest0.java:563

RegressionTest > RegressionTest0.test40 FAILED
    java.lang.AssertionError at RegressionTest0.java:582

RegressionTest > RegressionTest0.test41 FAILED
    java.lang.AssertionError at RegressionTest0.java:599

RegressionTest > RegressionTest0.test42 FAILED
    java.lang.AssertionError at RegressionTest0.java:616

RegressionTest > RegressionTest0.test43 FAILED
    java.lang.AssertionError at RegressionTest0.java:631

RegressionTest > RegressionTest0.test44 FAILED
    java.lang.AssertionError at RegressionTest0.java:646

RegressionTest > RegressionTest0.test45 FAILED
    java.lang.AssertionError at RegressionTest0.java:663

RegressionTest > RegressionTest0.test46 FAILED
    java.lang.AssertionError at RegressionTest0.java:680

RegressionTest > RegressionTest0.test47 FAILED
    java.lang.AssertionError at RegressionTest0.java:696

RegressionTest > RegressionTest0.test48 FAILED
    java.lang.AssertionError at RegressionTest0.java:709

RegressionTest > RegressionTest0.test49 FAILED
    java.lang.AssertionError at RegressionTest0.java:726

RegressionTest > RegressionTest0.test50 FAILED
    java.lang.AssertionError at RegressionTest0.java:743

RegressionTest > RegressionTest0.test51 FAILED
    java.lang.AssertionError at RegressionTest0.java:760

RegressionTest > RegressionTest0.test52 FAILED
    java.lang.AssertionError at RegressionTest0.java:773

RegressionTest > RegressionTest0.test53 FAILED
    java.lang.AssertionError at RegressionTest0.java:792

RegressionTest > RegressionTest0.test54 FAILED
    java.lang.AssertionError at RegressionTest0.java:807

RegressionTest > RegressionTest0.test55 FAILED
    java.lang.AssertionError at RegressionTest0.java:816

RegressionTest > RegressionTest0.test56 FAILED
    java.lang.AssertionError at RegressionTest0.java:829

RegressionTest > RegressionTest0.test57 FAILED
    java.lang.AssertionError at RegressionTest0.java:842

RegressionTest > RegressionTest0.test58 FAILED
    java.lang.AssertionError at RegressionTest0.java:853

RegressionTest > RegressionTest0.test59 FAILED
    java.lang.AssertionError at RegressionTest0.java:870

RegressionTest > RegressionTest0.test60 FAILED
    java.lang.AssertionError at RegressionTest0.java:887

RegressionTest > RegressionTest0.test61 FAILED
    java.lang.AssertionError at RegressionTest0.java:907

RegressionTest0 > test03 FAILED
    java.lang.AssertionError at RegressionTest0.java:38

RegressionTest0 > test04 FAILED
    java.lang.AssertionError at RegressionTest0.java:54

RegressionTest0 > test05 FAILED
    java.lang.AssertionError at RegressionTest0.java:70

RegressionTest0 > test06 FAILED
    java.lang.AssertionError at RegressionTest0.java:81

RegressionTest0 > test07 FAILED
    java.lang.AssertionError at RegressionTest0.java:92

RegressionTest0 > test08 FAILED
    java.lang.AssertionError at RegressionTest0.java:105

RegressionTest0 > test09 FAILED
    java.lang.AssertionError at RegressionTest0.java:118

RegressionTest0 > test10 FAILED
    java.lang.AssertionError at RegressionTest0.java:131

RegressionTest0 > test11 FAILED
    java.lang.AssertionError at RegressionTest0.java:147

RegressionTest0 > test12 FAILED
    java.lang.AssertionError at RegressionTest0.java:158

RegressionTest0 > test13 FAILED
    java.lang.AssertionError at RegressionTest0.java:176

RegressionTest0 > test15 FAILED
    java.lang.AssertionError at RegressionTest0.java:205

RegressionTest0 > test16 FAILED
    java.lang.AssertionError at RegressionTest0.java:220

RegressionTest0 > test17 FAILED
    java.lang.AssertionError at RegressionTest0.java:235

RegressionTest0 > test18 FAILED
    java.lang.AssertionError at RegressionTest0.java:248

RegressionTest0 > test19 FAILED
    java.lang.AssertionError at RegressionTest0.java:263

RegressionTest0 > test20 FAILED
    java.lang.AssertionError at RegressionTest0.java:276

RegressionTest0 > test21 FAILED
    java.lang.AssertionError at RegressionTest0.java:289

RegressionTest0 > test22 FAILED
    java.lang.AssertionError at RegressionTest0.java:300

RegressionTest0 > test23 FAILED
    java.lang.AssertionError at RegressionTest0.java:315

RegressionTest0 > test24 FAILED
    java.lang.AssertionError at RegressionTest0.java:332

RegressionTest0 > test25 FAILED
    java.lang.AssertionError at RegressionTest0.java:345

RegressionTest0 > test26 FAILED
    java.lang.AssertionError at RegressionTest0.java:362

RegressionTest0 > test27 FAILED
    java.lang.AssertionError at RegressionTest0.java:377

RegressionTest0 > test28 FAILED
    java.lang.AssertionError at RegressionTest0.java:390

RegressionTest0 > test29 FAILED
    java.lang.AssertionError at RegressionTest0.java:403

RegressionTest0 > test30 FAILED
    java.lang.AssertionError at RegressionTest0.java:416

RegressionTest0 > test31 FAILED
    java.lang.AssertionError at RegressionTest0.java:434

RegressionTest0 > test32 FAILED
    java.lang.AssertionError at RegressionTest0.java:449

RegressionTest0 > test33 FAILED
    java.lang.AssertionError at RegressionTest0.java:464

RegressionTest0 > test34 FAILED
    java.lang.AssertionError at RegressionTest0.java:488

RegressionTest0 > test35 FAILED
    java.lang.AssertionError at RegressionTest0.java:504

RegressionTest0 > test36 FAILED
    java.lang.AssertionError at RegressionTest0.java:522

RegressionTest0 > test37 FAILED
    java.lang.AssertionError at RegressionTest0.java:533

RegressionTest0 > test38 FAILED
    java.lang.AssertionError at RegressionTest0.java:546

RegressionTest0 > test39 FAILED
    java.lang.AssertionError at RegressionTest0.java:563

RegressionTest0 > test40 FAILED
    java.lang.AssertionError at RegressionTest0.java:582

RegressionTest0 > test41 FAILED
    java.lang.AssertionError at RegressionTest0.java:599

RegressionTest0 > test42 FAILED
    java.lang.AssertionError at RegressionTest0.java:616

RegressionTest0 > test43 FAILED
    java.lang.AssertionError at RegressionTest0.java:631

RegressionTest0 > test44 FAILED
    java.lang.AssertionError at RegressionTest0.java:646

RegressionTest0 > test45 FAILED
    java.lang.AssertionError at RegressionTest0.java:663

RegressionTest0 > test46 FAILED
    java.lang.AssertionError at RegressionTest0.java:680

RegressionTest0 > test47 FAILED
    java.lang.AssertionError at RegressionTest0.java:696

RegressionTest0 > test48 FAILED
    java.lang.AssertionError at RegressionTest0.java:709

RegressionTest0 > test49 FAILED
    java.lang.AssertionError at RegressionTest0.java:726

RegressionTest0 > test50 FAILED
    java.lang.AssertionError at RegressionTest0.java:743

RegressionTest0 > test51 FAILED
    java.lang.AssertionError at RegressionTest0.java:760

RegressionTest0 > test52 FAILED
    java.lang.AssertionError at RegressionTest0.java:773

RegressionTest0 > test53 FAILED
    java.lang.AssertionError at RegressionTest0.java:792

RegressionTest0 > test54 FAILED
    java.lang.AssertionError at RegressionTest0.java:807

RegressionTest0 > test55 FAILED
    java.lang.AssertionError at RegressionTest0.java:816

RegressionTest0 > test56 FAILED
    java.lang.AssertionError at RegressionTest0.java:829

RegressionTest0 > test57 FAILED
    java.lang.AssertionError at RegressionTest0.java:842

RegressionTest0 > test58 FAILED
    java.lang.AssertionError at RegressionTest0.java:853

RegressionTest0 > test59 FAILED
    java.lang.AssertionError at RegressionTest0.java:870

RegressionTest0 > test60 FAILED
    java.lang.AssertionError at RegressionTest0.java:887

RegressionTest0 > test61 FAILED
    java.lang.AssertionError at RegressionTest0.java:907

testers.IntMathTester0 > test002 FAILED
    java.lang.AssertionError at IntMathTester0.java:25

testers.IntMathTester0 > test003 FAILED
    java.lang.AssertionError at IntMathTester0.java:34

testers.IntMathTester0 > test004 FAILED
    java.lang.AssertionError at IntMathTester0.java:44

testers.IntMathTester0 > test005 FAILED
    java.lang.AssertionError at IntMathTester0.java:55

testers.IntMathTester0 > test006 FAILED
    java.lang.AssertionError at IntMathTester0.java:72

testers.IntMathTester0 > test007 FAILED
    java.lang.AssertionError at IntMathTester0.java:81

testers.IntMathTester0 > test008 FAILED
    java.lang.AssertionError at IntMathTester0.java:92

testers.IntMathTester0 > test009 FAILED
    java.lang.AssertionError at IntMathTester0.java:109

testers.IntMathTester0 > test010 FAILED
    java.lang.AssertionError at IntMathTester0.java:118

testers.IntMathTester0 > test011 FAILED
    java.lang.AssertionError at IntMathTester0.java:135

testers.IntMathTester0 > test012 FAILED
    java.lang.AssertionError at IntMathTester0.java:150

testers.IntMathTester0 > test013 FAILED
    java.lang.AssertionError at IntMathTester0.java:163

testers.IntMathTester0 > test014 FAILED
    java.lang.AssertionError at IntMathTester0.java:179

testers.IntMathTester0 > test016 FAILED
    java.lang.AssertionError at IntMathTester0.java:199

testers.IntMathTester0 > test017 FAILED
    java.lang.AssertionError at IntMathTester0.java:218

testers.IntMathTester0 > test018 FAILED
    java.lang.AssertionError at IntMathTester0.java:230

testers.IntMathTester0 > test019 FAILED
    java.lang.AssertionError at IntMathTester0.java:246

testers.IntMathTester0 > test020 FAILED
    java.lang.AssertionError at IntMathTester0.java:259

testers.IntMathTester0 > test021 FAILED
    java.lang.AssertionError at IntMathTester0.java:277

testers.IntMathTester0 > test022 FAILED
    java.lang.AssertionError at IntMathTester0.java:288

testers.IntMathTester0 > test023 FAILED
    java.lang.AssertionError at IntMathTester0.java:303

testers.IntMathTester0 > test024 FAILED
    java.lang.AssertionError at IntMathTester0.java:323

testers.IntMathTester0 > test025 FAILED
    java.lang.AssertionError at IntMathTester0.java:338

testers.IntMathTester0 > test026 FAILED
    java.lang.AssertionError at IntMathTester0.java:348

testers.IntMathTester0 > test027 FAILED
    java.lang.AssertionError at IntMathTester0.java:360

testers.IntMathTester0 > test028 FAILED
    java.lang.AssertionError at IntMathTester0.java:372

testers.IntMathTester0 > test029 FAILED
    java.lang.AssertionError at IntMathTester0.java:392

testers.IntMathTester0 > test030 FAILED
    java.lang.AssertionError at IntMathTester0.java:401

testers.IntMathTester0 > test031 FAILED
    java.lang.AssertionError at IntMathTester0.java:419

testers.IntMathTester0 > test032 FAILED
    java.lang.AssertionError at IntMathTester0.java:435

testers.IntMathTester0 > test033 FAILED
    java.lang.AssertionError at IntMathTester0.java:452

testers.IntMathTester0 > test034 FAILED
    java.lang.AssertionError at IntMathTester0.java:462

testers.IntMathTester0 > test035 FAILED
    java.lang.AssertionError at IntMathTester0.java:477

testers.IntMathTester0 > test036 FAILED
    java.lang.AssertionError at IntMathTester0.java:498

testers.IntMathTester0 > test037 FAILED
    java.lang.AssertionError at IntMathTester0.java:515

testers.IntMathTester0 > test038 FAILED
    java.lang.AssertionError at IntMathTester0.java:525

testers.IntMathTester0 > test039 FAILED
    java.lang.AssertionError at IntMathTester0.java:535

testers.IntMathTester0 > test040 FAILED
    java.lang.AssertionError at IntMathTester0.java:545

testers.IntMathTester0 > test041 FAILED
    java.lang.AssertionError at IntMathTester0.java:561

testers.IntMathTester0 > test042 FAILED
    java.lang.AssertionError at IntMathTester0.java:575

testers.IntMathTester0 > test043 FAILED
    java.lang.AssertionError at IntMathTester0.java:585

testers.IntMathTester0 > test044 FAILED
    java.lang.AssertionError at IntMathTester0.java:603

testers.IntMathTester0 > test045 FAILED
    java.lang.AssertionError at IntMathTester0.java:615

testers.IntMathTester0 > test046 FAILED
    java.lang.AssertionError at IntMathTester0.java:626

testers.IntMathTester0 > test047 FAILED
    java.lang.AssertionError at IntMathTester0.java:643

testers.IntMathTester0 > test048 FAILED
    java.lang.AssertionError at IntMathTester0.java:659

testers.IntMathTester0 > test049 FAILED
    java.lang.AssertionError at IntMathTester0.java:679

testers.IntMathTester0 > test050 FAILED
    java.lang.AssertionError at IntMathTester0.java:700

testers.IntMathTester0 > test051 FAILED
    java.lang.AssertionError at IntMathTester0.java:720

testers.IntMathTester0 > test052 FAILED
    java.lang.AssertionError at IntMathTester0.java:735

testers.IntMathTester0 > test053 FAILED
    java.lang.AssertionError at IntMathTester0.java:747

testers.IntMathTester0 > test054 FAILED
    java.lang.AssertionError at IntMathTester0.java:768

testers.IntMathTester0 > test055 FAILED
    java.lang.AssertionError at IntMathTester0.java:779

testers.IntMathTester0 > test056 FAILED
    java.lang.AssertionError at IntMathTester0.java:794

testers.IntMathTester0 > test057 FAILED
    java.lang.AssertionError at IntMathTester0.java:805

testers.IntMathTester0 > test058 FAILED
    java.lang.AssertionError at IntMathTester0.java:815

testers.IntMathTester0 > test059 FAILED
    java.lang.AssertionError at IntMathTester0.java:836

testers.IntMathTester0 > test060 FAILED
    java.lang.AssertionError at IntMathTester0.java:853

testers.IntMathTester0 > test061 FAILED
    java.lang.AssertionError at IntMathTester0.java:868

testers.IntMathTester0 > test062 FAILED
    java.lang.AssertionError at IntMathTester0.java:885

testers.IntMathTester0 > test063 FAILED
    java.lang.AssertionError at IntMathTester0.java:903

testers.IntMathTester0 > test064 FAILED
    java.lang.AssertionError at IntMathTester0.java:919

testers.IntMathTester0 > test065 FAILED
    java.lang.AssertionError at IntMathTester0.java:938

testers.IntMathTester0 > test066 FAILED
    java.lang.AssertionError at IntMathTester0.java:954

testers.IntMathTester0 > test067 FAILED
    java.lang.AssertionError at IntMathTester0.java:966

testers.IntMathTester0 > test068 FAILED
    java.lang.AssertionError at IntMathTester0.java:976

testers.IntMathTester0 > test069 FAILED
    java.lang.AssertionError at IntMathTester0.java:992

testers.IntMathTester0 > test070 FAILED
    java.lang.AssertionError at IntMathTester0.java:1007

testers.IntMathTester0 > test071 FAILED
    java.lang.AssertionError at IntMathTester0.java:1017

testers.IntMathTester0 > test072 FAILED
    java.lang.AssertionError at IntMathTester0.java:1038

testers.IntMathTester0 > test073 FAILED
    java.lang.AssertionError at IntMathTester0.java:1054

testers.IntMathTester0 > test074 FAILED
    java.lang.AssertionError at IntMathTester0.java:1072

testers.IntMathTester0 > test075 FAILED
    java.lang.AssertionError at IntMathTester0.java:1087

testers.IntMathTester0 > test076 FAILED
    java.lang.AssertionError at IntMathTester0.java:1108

testers.IntMathTester0 > test077 FAILED
    java.lang.AssertionError at IntMathTester0.java:1124

testers.IntMathTester0 > test078 FAILED
    java.lang.AssertionError at IntMathTester0.java:1139

testers.IntMathTester0 > test079 FAILED
    java.lang.AssertionError at IntMathTester0.java:1153

testers.IntMathTester0 > test080 FAILED
    java.lang.AssertionError at IntMathTester0.java:1167

testers.IntMathTester0 > test081 FAILED
    java.lang.AssertionError at IntMathTester0.java:1178

testers.IntMathTester0 > test082 FAILED
    java.lang.AssertionError at IntMathTester0.java:1189

testers.IntMathTester0 > test083 FAILED
    java.lang.AssertionError at IntMathTester0.java:1206

testers.IntMathTester0 > test085 FAILED
    java.lang.AssertionError at IntMathTester0.java:1236

testers.IntMathTester0 > test086 FAILED
    java.lang.AssertionError at IntMathTester0.java:1252

testers.IntMathTester0 > test087 FAILED
    java.lang.AssertionError at IntMathTester0.java:1262

testers.IntMathTester0 > test088 FAILED
    java.lang.AssertionError at IntMathTester0.java:1274

testers.IntMathTester0 > test089 FAILED
    java.lang.AssertionError at IntMathTester0.java:1284

testers.IntMathTester0 > test090 FAILED
    java.lang.AssertionError at IntMathTester0.java:1302

testers.IntMathTester0 > test091 FAILED
    java.lang.AssertionError at IntMathTester0.java:1319

testers.IntMathTester0 > test092 FAILED
    java.lang.AssertionError at IntMathTester0.java:1335

testers.IntMathTester0 > test093 FAILED
    java.lang.AssertionError at IntMathTester0.java:1354

testers.IntMathTester0 > test094 FAILED
    java.lang.AssertionError at IntMathTester0.java:1366

testers.IntMathTester0 > test095 FAILED
    java.lang.AssertionError at IntMathTester0.java:1388

testers.IntMathTester0 > test096 FAILED
    java.lang.AssertionError at IntMathTester0.java:1403

testers.IntMathTester0 > test097 FAILED
    java.lang.AssertionError at IntMathTester0.java:1419

testers.IntMathTester0 > test098 FAILED
    java.lang.AssertionError at IntMathTester0.java:1429

testers.IntMathTester0 > test099 FAILED
    java.lang.AssertionError at IntMathTester0.java:1442

testers.IntMathTester0 > test100 FAILED
    java.lang.AssertionError at IntMathTester0.java:1455

testers.IntMathTester0 > test101 FAILED
    java.lang.AssertionError at IntMathTester0.java:1466

testers.IntMathTester0 > test102 FAILED
    java.lang.AssertionError at IntMathTester0.java:1486

testers.IntMathTester0 > test103 FAILED
    java.lang.AssertionError at IntMathTester0.java:1497

testers.IntMathTester0 > test104 FAILED
    java.lang.AssertionError at IntMathTester0.java:1516

testers.IntMathTester0 > test105 FAILED
    java.lang.AssertionError at IntMathTester0.java:1528

testers.IntMathTester0 > test106 FAILED
    java.lang.AssertionError at IntMathTester0.java:1543

testers.IntMathTester0 > test107 FAILED
    java.lang.AssertionError at IntMathTester0.java:1563

testers.IntMathTester0 > test108 FAILED
    java.lang.AssertionError at IntMathTester0.java:1575

testers.IntMathTester0 > test109 FAILED
    java.lang.AssertionError at IntMathTester0.java:1596

testers.IntMathTester0 > test110 FAILED
    java.lang.AssertionError at IntMathTester0.java:1617

testers.IntMathTester0 > test111 FAILED
    java.lang.AssertionError at IntMathTester0.java:1634

testers.IntMathTester0 > test112 FAILED
    java.lang.AssertionError at IntMathTester0.java:1649

testers.IntMathTester0 > test113 FAILED
    java.lang.AssertionError at IntMathTester0.java:1662

testers.IntMathTester0 > test114 FAILED
    java.lang.AssertionError at IntMathTester0.java:1681

testers.IntMathTester0 > test115 FAILED
    java.lang.AssertionError at IntMathTester0.java:1696

testers.IntMathTester0 > test116 FAILED
    java.lang.AssertionError at IntMathTester0.java:1714

testers.IntMathTester0 > test117 FAILED
    java.lang.AssertionError at IntMathTester0.java:1729

testers.IntMathTester0 > test118 FAILED
    java.lang.AssertionError at IntMathTester0.java:1746

testers.IntMathTester0 > test119 FAILED
    java.lang.AssertionError at IntMathTester0.java:1763

testers.IntMathTester0 > test120 FAILED
    java.lang.AssertionError at IntMathTester0.java:1773

testers.IntMathTester0 > test121 FAILED
    java.lang.AssertionError at IntMathTester0.java:1784

testers.IntMathTester0 > test122 FAILED
    java.lang.AssertionError at IntMathTester0.java:1795

testers.IntMathTester0 > test123 FAILED
    java.lang.AssertionError at IntMathTester0.java:1808

testers.IntMathTester0 > test124 FAILED
    java.lang.AssertionError at IntMathTester0.java:1818

testers.IntMathTester0 > test125 FAILED
    java.lang.AssertionError at IntMathTester0.java:1834

testers.IntMathTester0 > test126 FAILED
    java.lang.AssertionError at IntMathTester0.java:1852

testers.IntMathTester0 > test127 FAILED
    java.lang.AssertionError at IntMathTester0.java:1862

testers.IntMathTester0 > test128 FAILED
    java.lang.AssertionError at IntMathTester0.java:1882

testers.IntMathTester0 > test129 FAILED
    java.lang.AssertionError at IntMathTester0.java:1897

testers.IntMathTester0 > test130 FAILED
    java.lang.AssertionError at IntMathTester0.java:1908

testers.IntMathTester0 > test131 FAILED
    java.lang.AssertionError at IntMathTester0.java:1921

testers.IntMathTester0 > test132 FAILED
    java.lang.AssertionError at IntMathTester0.java:1934

testers.IntMathTester0 > test133 FAILED
    java.lang.AssertionError at IntMathTester0.java:1952

testers.IntMathTester0 > test134 FAILED
    java.lang.AssertionError at IntMathTester0.java:1968

testers.IntMathTester0 > test135 FAILED
    java.lang.AssertionError at IntMathTester0.java:1986

testers.IntMathTester0 > test136 FAILED
    java.lang.AssertionError at IntMathTester0.java:1997

testers.IntMathTester0 > test137 FAILED
    java.lang.AssertionError at IntMathTester0.java:2008

testers.IntMathTester0 > test138 FAILED
    java.lang.AssertionError at IntMathTester0.java:2021

testers.IntMathTester0 > test139 FAILED
    java.lang.AssertionError at IntMathTester0.java:2037

testers.IntMathTester0 > test140 FAILED
    java.lang.AssertionError at IntMathTester0.java:2051

testers.IntMathTester0 > test141 FAILED
    java.lang.AssertionError at IntMathTester0.java:2064

testers.IntMathTester0 > test142 FAILED
    java.lang.AssertionError at IntMathTester0.java:2080

testers.IntMathTester0 > test143 FAILED
    java.lang.AssertionError at IntMathTester0.java:2093

testers.IntMathTester0 > test144 FAILED
    java.lang.AssertionError at IntMathTester0.java:2109

testers.IntMathTester0 > test145 FAILED
    java.lang.AssertionError at IntMathTester0.java:2122

testers.IntMathTester0 > test146 FAILED
    java.lang.AssertionError at IntMathTester0.java:2141

testers.IntMathTester0 > test147 FAILED
    java.lang.AssertionError at IntMathTester0.java:2157

testers.IntMathTester0 > test148 FAILED
    java.lang.AssertionError at IntMathTester0.java:2175

testers.IntMathTester0 > test149 FAILED
    java.lang.AssertionError at IntMathTester0.java:2191

testers.IntMathTester0 > test150 FAILED
    java.lang.AssertionError at IntMathTester0.java:2210

testers.IntMathTester0 > test151 FAILED
    java.lang.AssertionError at IntMathTester0.java:2224

testers.IntMathTester0 > test152 FAILED
    java.lang.AssertionError at IntMathTester0.java:2241

testers.IntMathTester0 > test153 FAILED
    java.lang.AssertionError at IntMathTester0.java:2257

testers.IntMathTester0 > test154 FAILED
    java.lang.AssertionError at IntMathTester0.java:2273

testers.IntMathTester0 > test155 FAILED
    java.lang.AssertionError at IntMathTester0.java:2290

testers.IntMathTester0 > test156 FAILED
    java.lang.AssertionError at IntMathTester0.java:2307

testers.IntMathTester0 > test157 FAILED
    java.lang.AssertionError at IntMathTester0.java:2325

testers.IntMathTester0 > test158 FAILED
    java.lang.AssertionError at IntMathTester0.java:2346

testers.IntMathTester0 > test159 FAILED
    java.lang.AssertionError at IntMathTester0.java:2358

testers.IntMathTester0 > test160 FAILED
    java.lang.AssertionError at IntMathTester0.java:2374

testers.IntMathTester0 > test161 FAILED
    java.lang.AssertionError at IntMathTester0.java:2391

testers.IntMathTester0 > test162 FAILED
    java.lang.AssertionError at IntMathTester0.java:2406

testers.IntMathTester0 > test163 FAILED
    java.lang.AssertionError at IntMathTester0.java:2418

testers.IntMathTester0 > test164 FAILED
    java.lang.AssertionError at IntMathTester0.java:2439

testers.IntMathTester0 > test165 FAILED
    java.lang.AssertionError at IntMathTester0.java:2450

testers.IntMathTester0 > test166 FAILED
    java.lang.AssertionError at IntMathTester0.java:2460

testers.IntMathTester0 > test167 FAILED
    java.lang.AssertionError at IntMathTester0.java:2472

testers.IntMathTester0 > test168 FAILED
    java.lang.AssertionError at IntMathTester0.java:2490

testers.IntMathTester0 > test169 FAILED
    java.lang.AssertionError at IntMathTester0.java:2502

testers.IntMathTester0 > test170 FAILED
    java.lang.AssertionError at IntMathTester0.java:2519

testers.IntMathTester0 > test171 FAILED
    java.lang.AssertionError at IntMathTester0.java:2536

testers.IntMathTester0 > test172 FAILED
    java.lang.AssertionError at IntMathTester0.java:2553

testers.IntMathTester0 > test173 FAILED
    java.lang.AssertionError at IntMathTester0.java:2571

testers.IntMathTester0 > test174 FAILED
    java.lang.AssertionError at IntMathTester0.java:2585

testers.IntMathTester0 > test175 FAILED
    java.lang.AssertionError at IntMathTester0.java:2606

testers.IntMathTester0 > test176 FAILED
    java.lang.AssertionError at IntMathTester0.java:2627

testers.IntMathTester0 > test177 FAILED
    java.lang.AssertionError at IntMathTester0.java:2638

testers.IntMathTester0 > test178 FAILED
    java.lang.AssertionError at IntMathTester0.java:2650

testers.IntMathTester0 > test179 FAILED
    java.lang.AssertionError at IntMathTester0.java:2670

testers.IntMathTester0 > test180 FAILED
    java.lang.AssertionError at IntMathTester0.java:2689

testers.IntMathTester0 > test181 FAILED
    java.lang.AssertionError at IntMathTester0.java:2702

testers.IntMathTester0 > test182 FAILED
    java.lang.AssertionError at IntMathTester0.java:2713

testers.IntMathTester0 > test183 FAILED
    java.lang.AssertionError at IntMathTester0.java:2725

testers.IntMathTester0 > test184 FAILED
    java.lang.AssertionError at IntMathTester0.java:2738

testers.IntMathTester0 > test185 FAILED
    java.lang.AssertionError at IntMathTester0.java:2757

testers.IntMathTester0 > test186 FAILED
    java.lang.AssertionError at IntMathTester0.java:2772

testers.IntMathTester0 > test187 FAILED
    java.lang.AssertionError at IntMathTester0.java:2782

testers.IntMathTester0 > test188 FAILED
    java.lang.AssertionError at IntMathTester0.java:2802

testers.IntMathTester0 > test189 FAILED
    java.lang.AssertionError at IntMathTester0.java:2818

testers.IntMathTester0 > test190 FAILED
    java.lang.AssertionError at IntMathTester0.java:2837

testers.IntMathTester0 > test191 FAILED
    java.lang.AssertionError at IntMathTester0.java:2851

testers.IntMathTester0 > test192 FAILED
    java.lang.AssertionError at IntMathTester0.java:2867

testers.IntMathTester0 > test193 FAILED
    java.lang.AssertionError at IntMathTester0.java:2880

testers.IntMathTester0 > test194 FAILED
    java.lang.AssertionError at IntMathTester0.java:2895

testers.IntMathTester0 > test195 FAILED
    java.lang.AssertionError at IntMathTester0.java:2911

testers.IntMathTester0 > test196 FAILED
    java.lang.AssertionError at IntMathTester0.java:2931

testers.IntMathTester0 > test197 FAILED
    java.lang.AssertionError at IntMathTester0.java:2952

testers.IntMathTester0 > test198 FAILED
    java.lang.AssertionError at IntMathTester0.java:2965

testers.IntMathTester0 > test199 FAILED
    java.lang.AssertionError at IntMathTester0.java:2988

testers.IntMathTester0 > test200 FAILED
    java.lang.AssertionError at IntMathTester0.java:2998

testers.IntMathTester0 > test201 FAILED
    java.lang.AssertionError at IntMathTester0.java:3011

testers.IntMathTester0 > test202 FAILED
    java.lang.AssertionError at IntMathTester0.java:3027

testers.IntMathTester0 > test203 FAILED
    java.lang.AssertionError at IntMathTester0.java:3041

testers.IntMathTester0 > test204 FAILED
    java.lang.AssertionError at IntMathTester0.java:3052

testers.IntMathTester0 > test205 FAILED
    java.lang.AssertionError at IntMathTester0.java:3063

testers.IntMathTester0 > test206 FAILED
    java.lang.AssertionError at IntMathTester0.java:3075

testers.IntMathTester0 > test207 FAILED
    java.lang.AssertionError at IntMathTester0.java:3092

testers.IntMathTester0 > test208 FAILED
    java.lang.AssertionError at IntMathTester0.java:3109

testers.IntMathTester0 > test209 FAILED
    java.lang.AssertionError at IntMathTester0.java:3122

testers.IntMathTester0 > test210 FAILED
    java.lang.AssertionError at IntMathTester0.java:3133

testers.IntMathTester0 > test211 FAILED
    java.lang.AssertionError at IntMathTester0.java:3148

testers.IntMathTester0 > test212 FAILED
    java.lang.AssertionError at IntMathTester0.java:3165

testers.IntMathTester0 > test213 FAILED
    java.lang.AssertionError at IntMathTester0.java:3185

testers.IntMathTester0 > test214 FAILED
    java.lang.AssertionError at IntMathTester0.java:3195

testers.IntMathTester0 > test215 FAILED
    java.lang.AssertionError at IntMathTester0.java:3205

testers.IntMathTester0 > test216 FAILED
    java.lang.AssertionError at IntMathTester0.java:3215

testers.IntMathTester0 > test217 FAILED
    java.lang.AssertionError at IntMathTester0.java:3225

testers.IntMathTester0 > test218 FAILED
    java.lang.AssertionError at IntMathTester0.java:3241

testers.IntMathTester0 > test219 FAILED
    java.lang.AssertionError at IntMathTester0.java:3253

testers.IntMathTester0 > test220 FAILED
    java.lang.AssertionError at IntMathTester0.java:3270

testers.IntMathTester0 > test221 FAILED
    java.lang.AssertionError at IntMathTester0.java:3281

testers.IntMathTester0 > test222 FAILED
    java.lang.AssertionError at IntMathTester0.java:3300

testers.IntMathTester0 > test223 FAILED
    java.lang.AssertionError at IntMathTester0.java:3313

testers.IntMathTester0 > test224 FAILED
    java.lang.AssertionError at IntMathTester0.java:3332

testers.IntMathTester0 > test225 FAILED
    java.lang.AssertionError at IntMathTester0.java:3344

testers.IntMathTester0 > test226 FAILED
    java.lang.AssertionError at IntMathTester0.java:3357

testers.IntMathTester0 > test227 FAILED
    java.lang.AssertionError at IntMathTester0.java:3369

testers.IntMathTester0 > test228 FAILED
    java.lang.AssertionError at IntMathTester0.java:3382

testers.IntMathTester0 > test229 FAILED
    java.lang.AssertionError at IntMathTester0.java:3395

testers.IntMathTester0 > test230 FAILED
    java.lang.AssertionError at IntMathTester0.java:3406

testers.IntMathTester0 > test231 FAILED
    java.lang.AssertionError at IntMathTester0.java:3424

testers.IntMathTester0 > test232 FAILED
    java.lang.AssertionError at IntMathTester0.java:3437

testers.IntMathTester0 > test233 FAILED
    java.lang.AssertionError at IntMathTester0.java:3455

testers.IntMathTester0 > test234 FAILED
    java.lang.AssertionError at IntMathTester0.java:3464

testers.IntMathTester0 > test235 FAILED
    java.lang.AssertionError at IntMathTester0.java:3477

testers.IntMathTester0 > test236 FAILED
    java.lang.AssertionError at IntMathTester0.java:3493

testers.IntMathTester0 > test237 FAILED
    java.lang.AssertionError at IntMathTester0.java:3508

testers.IntMathTester0 > test238 FAILED
    java.lang.AssertionError at IntMathTester0.java:3527

testers.IntMathTester0 > test239 FAILED
    java.lang.AssertionError at IntMathTester0.java:3541

testers.IntMathTester0 > test240 FAILED
    java.lang.AssertionError at IntMathTester0.java:3554

testers.IntMathTester0 > test241 FAILED
    java.lang.AssertionError at IntMathTester0.java:3571

testers.IntMathTester0 > test242 FAILED
    java.lang.AssertionError at IntMathTester0.java:3587

testers.IntMathTester0 > test243 FAILED
    java.lang.AssertionError at IntMathTester0.java:3607

testers.IntMathTester0 > test244 FAILED
    java.lang.AssertionError at IntMathTester0.java:3625

testers.IntMathTester0 > test245 FAILED
    java.lang.AssertionError at IntMathTester0.java:3638

testers.IntMathTester0 > test246 FAILED
    java.lang.AssertionError at IntMathTester0.java:3655

testers.IntMathTester0 > test247 FAILED
    java.lang.AssertionError at IntMathTester0.java:3673

testers.IntMathTester0 > test248 FAILED
    java.lang.AssertionError at IntMathTester0.java:3689

testers.IntMathTester0 > test249 FAILED
    java.lang.AssertionError at IntMathTester0.java:3705

testers.IntMathTester0 > test250 FAILED
    java.lang.AssertionError at IntMathTester0.java:3718

testers.IntMathTester0 > test251 FAILED
    java.lang.AssertionError at IntMathTester0.java:3731

testers.IntMathTester0 > test252 FAILED
    java.lang.AssertionError at IntMathTester0.java:3744

testers.IntMathTester0 > test253 FAILED
    java.lang.AssertionError at IntMathTester0.java:3755

testers.IntMathTester0 > test254 FAILED
    java.lang.AssertionError at IntMathTester0.java:3770

testers.IntMathTester0 > test255 FAILED
    java.lang.AssertionError at IntMathTester0.java:3783

testers.IntMathTester0 > test256 FAILED
    java.lang.AssertionError at IntMathTester0.java:3796

testers.IntMathTester0 > test257 FAILED
    java.lang.AssertionError at IntMathTester0.java:3807

testers.IntMathTester0 > test258 FAILED
    java.lang.AssertionError at IntMathTester0.java:3828

testers.IntMathTester0 > test259 FAILED
    java.lang.AssertionError at IntMathTester0.java:3838

testers.IntMathTester0 > test260 FAILED
    java.lang.AssertionError at IntMathTester0.java:3847

testers.IntMathTester0 > test261 FAILED
    java.lang.AssertionError at IntMathTester0.java:3863

testers.IntMathTester0 > test262 FAILED
    java.lang.AssertionError at IntMathTester0.java:3873

testers.IntMathTester0 > test263 FAILED
    java.lang.AssertionError at IntMathTester0.java:3885

testers.IntMathTester0 > test264 FAILED
    java.lang.AssertionError at IntMathTester0.java:3901

testers.IntMathTester0 > test265 FAILED
    java.lang.AssertionError at IntMathTester0.java:3919

testers.IntMathTester0 > test266 FAILED
    java.lang.AssertionError at IntMathTester0.java:3933

testers.IntMathTester0 > test267 FAILED
    java.lang.AssertionError at IntMathTester0.java:3943

testers.IntMathTester0 > test268 FAILED
    java.lang.AssertionError at IntMathTester0.java:3963

testers.IntMathTester0 > test269 FAILED
    java.lang.AssertionError at IntMathTester0.java:3976

testers.IntMathTester0 > test270 FAILED
    java.lang.AssertionError at IntMathTester0.java:3988

testers.IntMathTester0 > test271 FAILED
    java.lang.AssertionError at IntMathTester0.java:4001

testers.IntMathTester0 > test272 FAILED
    java.lang.AssertionError at IntMathTester0.java:4014

testers.IntMathTester0 > test273 FAILED
    java.lang.AssertionError at IntMathTester0.java:4029

testers.IntMathTester0 > test274 FAILED
    java.lang.AssertionError at IntMathTester0.java:4049

testers.IntMathTester0 > test275 FAILED
    java.lang.AssertionError at IntMathTester0.java:4060

testers.IntMathTester0 > test276 FAILED
    java.lang.AssertionError at IntMathTester0.java:4071

testers.IntMathTester0 > test277 FAILED
    java.lang.AssertionError at IntMathTester0.java:4081

testers.IntMathTester0 > test278 FAILED
    java.lang.AssertionError at IntMathTester0.java:4095

testers.IntMathTester0 > test279 FAILED
    java.lang.AssertionError at IntMathTester0.java:4110

testers.IntMathTester0 > test280 FAILED
    java.lang.AssertionError at IntMathTester0.java:4123

testers.IntMathTester0 > test281 FAILED
    java.lang.AssertionError at IntMathTester0.java:4137

testers.IntMathTester0 > test282 FAILED
    java.lang.AssertionError at IntMathTester0.java:4152

testers.IntMathTester0 > test283 FAILED
    java.lang.AssertionError at IntMathTester0.java:4165

testers.IntMathTester0 > test284 FAILED
    java.lang.AssertionError at IntMathTester0.java:4181

testers.IntMathTester0 > test285 FAILED
    java.lang.AssertionError at IntMathTester0.java:4191

testers.IntMathTester0 > test286 FAILED
    java.lang.AssertionError at IntMathTester0.java:4205

testers.IntMathTester0 > test287 FAILED
    java.lang.AssertionError at IntMathTester0.java:4216

testers.IntMathTester0 > test288 FAILED
    java.lang.AssertionError at IntMathTester0.java:4233

testers.IntMathTester0 > test289 FAILED
    java.lang.AssertionError at IntMathTester0.java:4247

testers.IntMathTester0 > test290 FAILED
    java.lang.AssertionError at IntMathTester0.java:4262

testers.IntMathTester0 > test291 FAILED
    java.lang.AssertionError at IntMathTester0.java:4273

testers.IntMathTester0 > test292 FAILED
    java.lang.AssertionError at IntMathTester0.java:4286

testers.IntMathTester0 > test293 FAILED
    java.lang.AssertionError at IntMathTester0.java:4301

testers.IntMathTester0 > test294 FAILED
    java.lang.AssertionError at IntMathTester0.java:4316

testers.IntMathTester0 > test295 FAILED
    java.lang.AssertionError at IntMathTester0.java:4329

testers.IntMathTester0 > test296 FAILED
    java.lang.AssertionError at IntMathTester0.java:4342

testers.IntMathTester0 > test297 FAILED
    java.lang.AssertionError at IntMathTester0.java:4356

testers.IntMathTester0 > test298 FAILED
    java.lang.AssertionError at IntMathTester0.java:4367

testers.IntMathTester0 > test299 FAILED
    java.lang.AssertionError at IntMathTester0.java:4388

testers.IntMathTester0 > test300 FAILED
    java.lang.AssertionError at IntMathTester0.java:4401

testers.IntMathTester0 > test301 FAILED
    java.lang.AssertionError at IntMathTester0.java:4423

testers.IntMathTester0 > test302 FAILED
    java.lang.AssertionError at IntMathTester0.java:4445

testers.IntMathTester0 > test303 FAILED
    java.lang.AssertionError at IntMathTester0.java:4462

testers.IntMathTester0 > test304 FAILED
    java.lang.AssertionError at IntMathTester0.java:4480

testers.IntMathTester0 > test305 FAILED
    java.lang.AssertionError at IntMathTester0.java:4491

testers.IntMathTester0 > test306 FAILED
    java.lang.AssertionError at IntMathTester0.java:4504

testers.IntMathTester0 > test307 FAILED
    java.lang.AssertionError at IntMathTester0.java:4525

testers.IntMathTester0 > test308 FAILED
    java.lang.AssertionError at IntMathTester0.java:4539

testers.IntMathTester0 > test309 FAILED
    java.lang.AssertionError at IntMathTester0.java:4551

testers.IntMathTester0 > test310 FAILED
    java.lang.AssertionError at IntMathTester0.java:4567

testers.IntMathTester0 > test311 FAILED
    java.lang.AssertionError at IntMathTester0.java:4580

testers.IntMathTester0 > test312 FAILED
    java.lang.AssertionError at IntMathTester0.java:4589

testers.IntMathTester0 > test313 FAILED
    java.lang.AssertionError at IntMathTester0.java:4599

testers.IntMathTester0 > test314 FAILED
    java.lang.AssertionError at IntMathTester0.java:4610

testers.IntMathTester0 > test315 FAILED
    java.lang.AssertionError at IntMathTester0.java:4621

testers.IntMathTester0 > test316 FAILED
    java.lang.AssertionError at IntMathTester0.java:4636

testers.IntMathTester0 > test317 FAILED
    java.lang.AssertionError at IntMathTester0.java:4650

testers.IntMathTester0 > test318 FAILED
    java.lang.AssertionError at IntMathTester0.java:4671

testers.IntMathTester0 > test319 FAILED
    java.lang.AssertionError at IntMathTester0.java:4682

testers.IntMathTester0 > test320 FAILED
    java.lang.AssertionError at IntMathTester0.java:4698

testers.IntMathTester0 > test321 FAILED
    java.lang.AssertionError at IntMathTester0.java:4711

testers.IntMathTester0 > test322 FAILED
    java.lang.AssertionError at IntMathTester0.java:4725

testers.IntMathTester0 > test323 FAILED
    java.lang.AssertionError at IntMathTester0.java:4742

testers.IntMathTester0 > test324 FAILED
    java.lang.AssertionError at IntMathTester0.java:4764

testers.IntMathTester0 > test325 FAILED
    java.lang.AssertionError at IntMathTester0.java:4780

testers.IntMathTester0 > test326 FAILED
    java.lang.AssertionError at IntMathTester0.java:4790

testers.IntMathTester0 > test327 FAILED
    java.lang.AssertionError at IntMathTester0.java:4803

testers.IntMathTester0 > test328 FAILED
    java.lang.AssertionError at IntMathTester0.java:4814
Results: FAILURE (455 tests, 11 successes, 444 failures, 0 skipped)
:test FAILED
4 actionable tasks: 4 executed
