:clean

BUILD SUCCESSFUL in 0s
1 actionable task: 1 executed
:compileJava
:processResources NO-SOURCE
:classes
:compileTestJava
:processTestResources NO-SOURCE
:testClasses
:jar
:assemble
:test

examples.MaxBag_ESTest STANDARD_OUT
    13:58:37.803 [Test worker] INFO  o.e.r.instrumentation.EvoClassLoader - Seeing class for first time: examples.MaxBag_ESTest
    13:58:37.805 [Test worker] INFO  o.e.r.instrumentation.EvoClassLoader - Instrumenting class 'examples.MaxBag_ESTest'.
    13:58:37.828 [Test worker] INFO  o.e.r.instrumentation.EvoClassLoader - Seeing class for first time: examples.MaxBag_ESTest_scaffolding
    13:58:37.828 [Test worker] INFO  o.e.r.instrumentation.EvoClassLoader - Instrumenting class 'examples.MaxBag_ESTest_scaffolding'.
    13:58:37.830 [Test worker] INFO  o.e.r.instrumentation.EvoClassLoader - Keeping class: examples.MaxBag_ESTest_scaffolding
    13:58:37.830 [Test worker] INFO  o.e.r.instrumentation.EvoClassLoader - Keeping class: examples.MaxBag_ESTest
    13:58:37.966 [Test worker] DEBUG o.e.runtime.sandbox.MSecurityManager - Adding privileged thread: "Reference Handler"
    13:58:37.966 [Test worker] DEBUG o.e.runtime.sandbox.MSecurityManager - Adding privileged thread: "Finalizer"
    13:58:37.966 [Test worker] DEBUG o.e.runtime.sandbox.MSecurityManager - Adding privileged thread: "Signal Dispatcher"
    13:58:37.966 [Test worker] DEBUG o.e.runtime.sandbox.MSecurityManager - Adding privileged thread: "Attach Listener"
    13:58:37.966 [Test worker] DEBUG o.e.runtime.sandbox.MSecurityManager - Adding privileged thread: "Java2D Disposer"
    13:58:37.966 [Test worker] DEBUG o.e.runtime.sandbox.MSecurityManager - Adding privileged thread: "AWT-Shutdown"
    13:58:37.966 [Test worker] DEBUG o.e.runtime.sandbox.MSecurityManager - Adding privileged thread: "AWT-Windows"
    13:58:37.966 [Test worker] DEBUG o.e.runtime.sandbox.MSecurityManager - Adding privileged thread: "main"
    13:58:37.966 [Test worker] DEBUG o.e.runtime.sandbox.MSecurityManager - Adding privileged thread: "Test worker"
    13:58:37.966 [Test worker] DEBUG o.e.runtime.sandbox.MSecurityManager - Adding privileged thread: "/127.0.0.1:63883 to /127.0.0.1:63882 workers Thread 2"
    13:58:37.966 [Test worker] DEBUG o.e.runtime.sandbox.MSecurityManager - Adding privileged thread: "/127.0.0.1:63883 to /127.0.0.1:63882 workers Thread 3"
    13:58:38.003 [Test worker] INFO  o.e.r.instrumentation.EvoClassLoader - Seeing class for first time: examples.MaxBag
    13:58:38.003 [Test worker] INFO  o.e.r.instrumentation.EvoClassLoader - Instrumenting class 'examples.MaxBag'.
    13:58:38.016 [Test worker] INFO  o.e.r.i.MethodCallReplacementClassAdapter - Adding mock interface to class examples/MaxBag
    13:58:38.137 [Test worker] INFO  o.e.r.i.CreateClassResetClassAdapter - Creating brand-new static initializer in class examples/MaxBag
    13:58:38.138 [Test worker] INFO  o.e.r.instrumentation.EvoClassLoader - Keeping class: examples.MaxBag
    13:58:38.138 [Test worker] INFO  o.e.r.instrumentation.EvoClassLoader - Seeing class for first time: examples._Type328393
    13:58:38.138 [Test worker] INFO  o.e.r.instrumentation.EvoClassLoader - Instrumenting class 'examples._Type328393'.
    13:58:38.139 [Test worker] INFO  o.e.r.i.MethodCallReplacementClassAdapter - Adding mock interface to class examples/_Type328393
    13:58:38.140 [Test worker] INFO  o.e.r.i.CreateClassResetClassAdapter - Creating brand-new static initializer in class examples/_Type328393
    13:58:38.140 [Test worker] INFO  o.e.r.instrumentation.EvoClassLoader - Keeping class: examples._Type328393

examples.MaxBag_ESTest > test14 FAILED
    java.lang.ArithmeticException at MaxBag_ESTest.java:222

examples.MaxBag_ESTest > test08 FAILED
    java.lang.ArithmeticException at MaxBag_ESTest.java:141

RegressionTest > RegressionTest0.test04 FAILED
    java.lang.ArithmeticException at RegressionTest0.java:47

RegressionTest > RegressionTest0.test11 FAILED
    java.lang.ArrayIndexOutOfBoundsException at RegressionTest0.java:144

RegressionTest > RegressionTest0.test23 FAILED
    java.lang.ArithmeticException at RegressionTest0.java:336

RegressionTest > RegressionTest0.test25 FAILED
    java.lang.ArithmeticException at RegressionTest0.java:365

RegressionTest > RegressionTest0.test27 FAILED
    java.lang.ArithmeticException at RegressionTest0.java:394

RegressionTest > RegressionTest0.test28 FAILED
    java.lang.ArithmeticException at RegressionTest0.java:404

RegressionTest0 > test04 FAILED
    java.lang.ArithmeticException at RegressionTest0.java:47

RegressionTest0 > test11 FAILED
    java.lang.ArrayIndexOutOfBoundsException at RegressionTest0.java:144

RegressionTest0 > test23 FAILED
    java.lang.ArithmeticException at RegressionTest0.java:336

RegressionTest0 > test25 FAILED
    java.lang.ArithmeticException at RegressionTest0.java:365

RegressionTest0 > test27 FAILED
    java.lang.ArithmeticException at RegressionTest0.java:394

RegressionTest0 > test28 FAILED
    java.lang.ArithmeticException at RegressionTest0.java:404
Results: FAILURE (75 tests, 61 successes, 14 failures, 0 skipped)
:test FAILED
4 actionable tasks: 4 executed
