:clean

BUILD SUCCESSFUL in 2s
1 actionable task: 1 executed
:compileJava
:processResources NO-SOURCE
:classes
:compileTestJava
:processTestResources NO-SOURCE
:testClasses
:jar
:assemble
:test

org.apache.commons.math3.util.MathUtilsNew_ESTest STANDARD_OUT
    02:49:11.958 [Test worker] INFO  o.e.r.instrumentation.EvoClassLoader - Seeing class for first time: org.apache.commons.math3.util.MathUtilsNew_ESTest
    02:49:11.963 [Test worker] INFO  o.e.r.instrumentation.EvoClassLoader - Instrumenting class 'org.apache.commons.math3.util.MathUtilsNew_ESTest'.
    02:49:12.010 [Test worker] INFO  o.e.r.instrumentation.EvoClassLoader - Seeing class for first time: org.apache.commons.math3.util.MathUtilsNew_ESTest_scaffolding
    02:49:12.011 [Test worker] INFO  o.e.r.instrumentation.EvoClassLoader - Instrumenting class 'org.apache.commons.math3.util.MathUtilsNew_ESTest_scaffolding'.
    02:49:12.015 [Test worker] INFO  o.e.r.instrumentation.EvoClassLoader - Keeping class: org.apache.commons.math3.util.MathUtilsNew_ESTest_scaffolding
    02:49:12.016 [Test worker] INFO  o.e.r.instrumentation.EvoClassLoader - Keeping class: org.apache.commons.math3.util.MathUtilsNew_ESTest
    02:49:12.418 [Test worker] DEBUG o.e.runtime.sandbox.MSecurityManager - Adding privileged thread: "Reference Handler"
    02:49:12.418 [Test worker] DEBUG o.e.runtime.sandbox.MSecurityManager - Adding privileged thread: "Finalizer"
    02:49:12.418 [Test worker] DEBUG o.e.runtime.sandbox.MSecurityManager - Adding privileged thread: "Signal Dispatcher"
    02:49:12.418 [Test worker] DEBUG o.e.runtime.sandbox.MSecurityManager - Adding privileged thread: "Attach Listener"
    02:49:12.419 [Test worker] DEBUG o.e.runtime.sandbox.MSecurityManager - Adding privileged thread: "Java2D Disposer"
    02:49:12.419 [Test worker] DEBUG o.e.runtime.sandbox.MSecurityManager - Adding privileged thread: "AWT-Shutdown"
    02:49:12.419 [Test worker] DEBUG o.e.runtime.sandbox.MSecurityManager - Adding privileged thread: "AWT-Windows"
    02:49:12.419 [Test worker] DEBUG o.e.runtime.sandbox.MSecurityManager - Adding privileged thread: "main"
    02:49:12.419 [Test worker] DEBUG o.e.runtime.sandbox.MSecurityManager - Adding privileged thread: "Test worker"
    02:49:12.419 [Test worker] DEBUG o.e.runtime.sandbox.MSecurityManager - Adding privileged thread: "/127.0.0.1:58781 to /127.0.0.1:58780 workers Thread 2"
    02:49:12.419 [Test worker] DEBUG o.e.runtime.sandbox.MSecurityManager - Adding privileged thread: "/127.0.0.1:58781 to /127.0.0.1:58780 workers Thread 3"
    02:49:12.528 [Test worker] INFO  o.e.r.instrumentation.EvoClassLoader - Seeing class for first time: org.apache.commons.math3.util.MathUtilsNew
    02:49:12.529 [Test worker] INFO  o.e.r.instrumentation.EvoClassLoader - Instrumenting class 'org.apache.commons.math3.util.MathUtilsNew'.
    02:49:12.562 [Test worker] INFO  o.e.r.i.MethodCallReplacementClassAdapter - Adding mock interface to class org/apache/commons/math3/util/MathUtilsNew
    02:49:12.876 [Test worker] INFO  o.e.r.i.CreateClassResetClassAdapter - Creating brand-new static initializer in class org/apache/commons/math3/util/MathUtilsNew
    02:49:12.876 [Test worker] INFO  o.e.r.instrumentation.EvoClassLoader - Keeping class: org.apache.commons.math3.util.MathUtilsNew
    02:49:12.877 [Test worker] INFO  o.e.r.instrumentation.EvoClassLoader - Seeing class for first time: org.apache.commons.math3.exception.util.Localizable
    02:49:12.877 [Test worker] INFO  o.e.r.instrumentation.EvoClassLoader - Instrumenting class 'org.apache.commons.math3.exception.util.Localizable'.
    02:49:12.881 [Test worker] INFO  o.e.r.instrumentation.EvoClassLoader - Defined package (3): package org.apache.commons.math3.exception.util, -505269952
    02:49:12.881 [Test worker] INFO  o.e.r.instrumentation.EvoClassLoader - Keeping class: org.apache.commons.math3.exception.util.Localizable
    02:49:12.882 [Test worker] INFO  o.e.r.instrumentation.EvoClassLoader - Seeing class for first time: org.apache.commons.math3.exception.MathArithmeticException
    02:49:12.882 [Test worker] INFO  o.e.r.instrumentation.EvoClassLoader - Instrumenting class 'org.apache.commons.math3.exception.MathArithmeticException'.
    02:49:12.886 [Test worker] INFO  o.e.r.i.MethodCallReplacementClassAdapter - Adding mock interface to class org/apache/commons/math3/exception/MathArithmeticException
    02:49:12.887 [Test worker] INFO  o.e.r.i.CreateClassResetClassAdapter - Creating brand-new static initializer in class org/apache/commons/math3/exception/MathArithmeticException
    02:49:12.890 [Test worker] INFO  o.e.r.instrumentation.EvoClassLoader - Defined package (3): package org.apache.commons.math3.exception, 1643916784
    02:49:12.890 [Test worker] INFO  o.e.r.instrumentation.EvoClassLoader - Seeing class for first time: org.apache.commons.math3.exception.util.ExceptionContextProvider
    02:49:12.891 [Test worker] INFO  o.e.r.instrumentation.EvoClassLoader - Instrumenting class 'org.apache.commons.math3.exception.util.ExceptionContextProvider'.
    02:49:12.893 [Test worker] INFO  o.e.r.instrumentation.EvoClassLoader - Keeping class: org.apache.commons.math3.exception.util.ExceptionContextProvider
    02:49:12.894 [Test worker] INFO  o.e.r.instrumentation.EvoClassLoader - Keeping class: org.apache.commons.math3.exception.MathArithmeticException
    02:49:12.895 [Test worker] INFO  o.e.r.instrumentation.EvoClassLoader - Seeing class for first time: org.apache.commons.math3.exception.util.LocalizedFormats
    02:49:12.895 [Test worker] INFO  o.e.r.instrumentation.EvoClassLoader - Instrumenting class 'org.apache.commons.math3.exception.util.LocalizedFormats'.
    02:49:12.904 [Test worker] INFO  o.e.r.i.MethodCallReplacementClassAdapter - Adding mock interface to class org/apache/commons/math3/exception/util/LocalizedFormats
    02:49:12.914 [Test worker] INFO  o.e.r.i.CreateClassResetClassAdapter - Found static initializer in class org/apache/commons/math3/exception/util/LocalizedFormats
    02:49:12.932 [Test worker] INFO  o.e.r.instrumentation.EvoClassLoader - Keeping class: org.apache.commons.math3.exception.util.LocalizedFormats
    02:49:12.941 [Test worker] INFO  o.e.r.instrumentation.EvoClassLoader - Seeing class for first time: org.apache.commons.math3.exception.util.ExceptionContext
    02:49:12.941 [Test worker] INFO  o.e.r.instrumentation.EvoClassLoader - Instrumenting class 'org.apache.commons.math3.exception.util.ExceptionContext'.
    02:49:12.946 [Test worker] INFO  o.e.r.i.MethodCallReplacementClassAdapter - Adding mock interface to class org/apache/commons/math3/exception/util/ExceptionContext
    02:49:12.952 [Test worker] INFO  o.e.r.i.CreateClassResetClassAdapter - Creating brand-new static initializer in class org/apache/commons/math3/exception/util/ExceptionContext
    02:49:12.953 [Test worker] INFO  o.e.r.instrumentation.EvoClassLoader - Keeping class: org.apache.commons.math3.exception.util.ExceptionContext
    02:49:12.955 [Test worker] INFO  o.e.r.instrumentation.EvoClassLoader - Seeing class for first time: org.apache.commons.math3.exception.util.ArgUtils
    02:49:12.956 [Test worker] INFO  o.e.r.instrumentation.EvoClassLoader - Instrumenting class 'org.apache.commons.math3.exception.util.ArgUtils'.
    02:49:12.958 [Test worker] INFO  o.e.r.i.MethodCallReplacementClassAdapter - Adding mock interface to class org/apache/commons/math3/exception/util/ArgUtils
    02:49:12.960 [Test worker] INFO  o.e.r.i.CreateClassResetClassAdapter - Creating brand-new static initializer in class org/apache/commons/math3/exception/util/ArgUtils
    02:49:12.960 [Test worker] INFO  o.e.r.instrumentation.EvoClassLoader - Keeping class: org.apache.commons.math3.exception.util.ArgUtils

org.apache.commons.math3.util.MathUtilsNew_ESTest > test1 FAILED
    java.lang.AssertionError at MathUtilsNew_ESTest.java:28

RegressionTest > RegressionTest0.test11 FAILED
    java.lang.AssertionError at RegressionTest0.java:96

RegressionTest > RegressionTest0.test13 FAILED
    java.lang.AssertionError at RegressionTest0.java:113

RegressionTest > RegressionTest0.test16 FAILED
    java.lang.AssertionError at RegressionTest0.java:137

RegressionTest > RegressionTest0.test18 FAILED
    java.lang.AssertionError at RegressionTest0.java:153

RegressionTest > RegressionTest0.test19 FAILED
    java.lang.AssertionError at RegressionTest0.java:161

RegressionTest > RegressionTest0.test23 FAILED
    java.lang.AssertionError at RegressionTest0.java:193

RegressionTest > RegressionTest0.test24 FAILED
    java.lang.AssertionError at RegressionTest0.java:201

RegressionTest > RegressionTest0.test25 FAILED
    java.lang.AssertionError at RegressionTest0.java:209

RegressionTest > RegressionTest0.test29 FAILED
    java.lang.AssertionError at RegressionTest0.java:241

RegressionTest > RegressionTest0.test32 FAILED
    java.lang.AssertionError at RegressionTest0.java:265

RegressionTest > RegressionTest0.test34 FAILED
    java.lang.AssertionError at RegressionTest0.java:281

RegressionTest > RegressionTest0.test36 FAILED
    java.lang.AssertionError at RegressionTest0.java:297

RegressionTest > RegressionTest0.test37 FAILED
    java.lang.AssertionError at RegressionTest0.java:305

RegressionTest > RegressionTest0.test42 FAILED
    java.lang.AssertionError at RegressionTest0.java:345

RegressionTest > RegressionTest0.test43 FAILED
    java.lang.AssertionError at RegressionTest0.java:353

RegressionTest0 > test11 FAILED
    java.lang.AssertionError at RegressionTest0.java:96

RegressionTest0 > test13 FAILED
    java.lang.AssertionError at RegressionTest0.java:113

RegressionTest0 > test16 FAILED
    java.lang.AssertionError at RegressionTest0.java:137

RegressionTest0 > test18 FAILED
    java.lang.AssertionError at RegressionTest0.java:153

RegressionTest0 > test19 FAILED
    java.lang.AssertionError at RegressionTest0.java:161

RegressionTest0 > test23 FAILED
    java.lang.AssertionError at RegressionTest0.java:193

RegressionTest0 > test24 FAILED
    java.lang.AssertionError at RegressionTest0.java:201

RegressionTest0 > test25 FAILED
    java.lang.AssertionError at RegressionTest0.java:209

RegressionTest0 > test29 FAILED
    java.lang.AssertionError at RegressionTest0.java:241

RegressionTest0 > test32 FAILED
    java.lang.AssertionError at RegressionTest0.java:265

RegressionTest0 > test34 FAILED
    java.lang.AssertionError at RegressionTest0.java:281

RegressionTest0 > test36 FAILED
    java.lang.AssertionError at RegressionTest0.java:297

RegressionTest0 > test37 FAILED
    java.lang.AssertionError at RegressionTest0.java:305

RegressionTest0 > test42 FAILED
    java.lang.AssertionError at RegressionTest0.java:345

RegressionTest0 > test43 FAILED
    java.lang.AssertionError at RegressionTest0.java:353
Results: FAILURE (607 tests, 576 successes, 31 failures, 0 skipped)
:test FAILED
4 actionable tasks: 4 executed
