:clean

BUILD SUCCESSFUL in 3s
1 actionable task: 1 executed
:compileJava
:processResources NO-SOURCE
:classes
:compileTestJava
:processTestResources NO-SOURCE
:testClasses
:jar
:assemble
:test

examples.Structure_ESTest STANDARD_OUT
    17:01:16.627 [Test worker] INFO  o.e.r.instrumentation.EvoClassLoader - Seeing class for first time: examples.Structure_ESTest
    17:01:16.631 [Test worker] INFO  o.e.r.instrumentation.EvoClassLoader - Instrumenting class 'examples.Structure_ESTest'.
    17:01:16.668 [Test worker] INFO  o.e.r.instrumentation.EvoClassLoader - Seeing class for first time: examples.Structure_ESTest_scaffolding
    17:01:16.668 [Test worker] INFO  o.e.r.instrumentation.EvoClassLoader - Instrumenting class 'examples.Structure_ESTest_scaffolding'.
    17:01:16.671 [Test worker] INFO  o.e.r.instrumentation.EvoClassLoader - Keeping class: examples.Structure_ESTest_scaffolding
    17:01:16.672 [Test worker] INFO  o.e.r.instrumentation.EvoClassLoader - Keeping class: examples.Structure_ESTest
    17:01:17.016 [Test worker] DEBUG o.e.runtime.sandbox.MSecurityManager - Adding privileged thread: "Reference Handler"
    17:01:17.016 [Test worker] DEBUG o.e.runtime.sandbox.MSecurityManager - Adding privileged thread: "Finalizer"
    17:01:17.016 [Test worker] DEBUG o.e.runtime.sandbox.MSecurityManager - Adding privileged thread: "Signal Dispatcher"
    17:01:17.017 [Test worker] DEBUG o.e.runtime.sandbox.MSecurityManager - Adding privileged thread: "Attach Listener"
    17:01:17.017 [Test worker] DEBUG o.e.runtime.sandbox.MSecurityManager - Adding privileged thread: "Java2D Disposer"
    17:01:17.017 [Test worker] DEBUG o.e.runtime.sandbox.MSecurityManager - Adding privileged thread: "AWT-Shutdown"
    17:01:17.017 [Test worker] DEBUG o.e.runtime.sandbox.MSecurityManager - Adding privileged thread: "AWT-Windows"
    17:01:17.017 [Test worker] DEBUG o.e.runtime.sandbox.MSecurityManager - Adding privileged thread: "main"
    17:01:17.017 [Test worker] DEBUG o.e.runtime.sandbox.MSecurityManager - Adding privileged thread: "Test worker"
    17:01:17.017 [Test worker] DEBUG o.e.runtime.sandbox.MSecurityManager - Adding privileged thread: "/127.0.0.1:63704 to /127.0.0.1:63703 workers Thread 2"
    17:01:17.017 [Test worker] DEBUG o.e.runtime.sandbox.MSecurityManager - Adding privileged thread: "/127.0.0.1:63704 to /127.0.0.1:63703 workers Thread 3"
    17:01:17.081 [Test worker] INFO  o.e.r.instrumentation.EvoClassLoader - Seeing class for first time: examples.Structure
    17:01:17.082 [Test worker] INFO  o.e.r.instrumentation.EvoClassLoader - Instrumenting class 'examples.Structure'.
    17:01:17.098 [Test worker] INFO  o.e.r.i.MethodCallReplacementClassAdapter - Adding mock interface to class examples/Structure
    17:01:17.336 [Test worker] INFO  o.e.r.i.CreateClassResetClassAdapter - Creating brand-new static initializer in class examples/Structure
    17:01:17.337 [Test worker] INFO  o.e.r.instrumentation.EvoClassLoader - Keeping class: examples.Structure

examples.Structure_ESTest > test2 FAILED
    java.lang.AssertionError at Structure_ESTest.java:40

examples.Structure_ESTest > test3 FAILED
    java.lang.AssertionError at Structure_ESTest.java:47

RegressionTest > RegressionTest0.test07 FAILED
    java.lang.AssertionError at RegressionTest0.java:84

RegressionTest > RegressionTest0.test23 FAILED
    java.lang.AssertionError at RegressionTest0.java:255

RegressionTest > RegressionTest0.test24 FAILED
    java.lang.AssertionError at RegressionTest0.java:270

RegressionTest > RegressionTest0.test25 FAILED
    java.lang.AssertionError at RegressionTest0.java:288

RegressionTest > RegressionTest0.test31 FAILED
    java.lang.AssertionError at RegressionTest0.java:355

RegressionTest > RegressionTest0.test36 FAILED
    java.lang.AssertionError at RegressionTest0.java:404

RegressionTest > RegressionTest0.test37 FAILED
    java.lang.AssertionError at RegressionTest0.java:421

RegressionTest > RegressionTest0.test38 FAILED
    java.lang.AssertionError at RegressionTest0.java:442

RegressionTest > RegressionTest0.test39 FAILED
    java.lang.AssertionError at RegressionTest0.java:460

RegressionTest > RegressionTest0.test40 FAILED
    java.lang.AssertionError at RegressionTest0.java:475

RegressionTest > RegressionTest0.test43 FAILED
    java.lang.AssertionError at RegressionTest0.java:511

RegressionTest > RegressionTest0.test47 FAILED
    java.lang.AssertionError at RegressionTest0.java:567

RegressionTest0 > test07 FAILED
    java.lang.AssertionError at RegressionTest0.java:84

RegressionTest0 > test23 FAILED
    java.lang.AssertionError at RegressionTest0.java:255

RegressionTest0 > test24 FAILED
    java.lang.AssertionError at RegressionTest0.java:270

RegressionTest0 > test25 FAILED
    java.lang.AssertionError at RegressionTest0.java:288

RegressionTest0 > test31 FAILED
    java.lang.AssertionError at RegressionTest0.java:355

RegressionTest0 > test36 FAILED
    java.lang.AssertionError at RegressionTest0.java:404

RegressionTest0 > test37 FAILED
    java.lang.AssertionError at RegressionTest0.java:421

RegressionTest0 > test38 FAILED
    java.lang.AssertionError at RegressionTest0.java:442

RegressionTest0 > test39 FAILED
    java.lang.AssertionError at RegressionTest0.java:460

RegressionTest0 > test40 FAILED
    java.lang.AssertionError at RegressionTest0.java:475

RegressionTest0 > test43 FAILED
    java.lang.AssertionError at RegressionTest0.java:511

RegressionTest0 > test47 FAILED
    java.lang.AssertionError at RegressionTest0.java:567
Results: FAILURE (373 tests, 347 successes, 26 failures, 0 skipped)
:test FAILED
4 actionable tasks: 4 executed
