:clean

BUILD SUCCESSFUL in 2s
1 actionable task: 1 executed
:compileJava
:processResources NO-SOURCE
:classes
:compileTestJava
:processTestResources NO-SOURCE
:testClasses
:jar
:assemble
:test

examples.SimpleMethods_ESTest STANDARD_OUT
    18:02:15.770 [Test worker] INFO  o.e.r.instrumentation.EvoClassLoader - Seeing class for first time: examples.SimpleMethods_ESTest
    18:02:15.776 [Test worker] INFO  o.e.r.instrumentation.EvoClassLoader - Instrumenting class 'examples.SimpleMethods_ESTest'.
    18:02:15.807 [Test worker] INFO  o.e.r.instrumentation.EvoClassLoader - Seeing class for first time: examples.SimpleMethods_ESTest_scaffolding
    18:02:15.807 [Test worker] INFO  o.e.r.instrumentation.EvoClassLoader - Instrumenting class 'examples.SimpleMethods_ESTest_scaffolding'.
    18:02:15.811 [Test worker] INFO  o.e.r.instrumentation.EvoClassLoader - Keeping class: examples.SimpleMethods_ESTest_scaffolding
    18:02:15.811 [Test worker] INFO  o.e.r.instrumentation.EvoClassLoader - Keeping class: examples.SimpleMethods_ESTest
    18:02:16.158 [Test worker] DEBUG o.e.runtime.sandbox.MSecurityManager - Adding privileged thread: "Reference Handler"
    18:02:16.159 [Test worker] DEBUG o.e.runtime.sandbox.MSecurityManager - Adding privileged thread: "Finalizer"
    18:02:16.159 [Test worker] DEBUG o.e.runtime.sandbox.MSecurityManager - Adding privileged thread: "Signal Dispatcher"
    18:02:16.159 [Test worker] DEBUG o.e.runtime.sandbox.MSecurityManager - Adding privileged thread: "Attach Listener"
    18:02:16.159 [Test worker] DEBUG o.e.runtime.sandbox.MSecurityManager - Adding privileged thread: "Java2D Disposer"
    18:02:16.159 [Test worker] DEBUG o.e.runtime.sandbox.MSecurityManager - Adding privileged thread: "AWT-Shutdown"
    18:02:16.159 [Test worker] DEBUG o.e.runtime.sandbox.MSecurityManager - Adding privileged thread: "AWT-Windows"
    18:02:16.160 [Test worker] DEBUG o.e.runtime.sandbox.MSecurityManager - Adding privileged thread: "main"
    18:02:16.160 [Test worker] DEBUG o.e.runtime.sandbox.MSecurityManager - Adding privileged thread: "Test worker"
    18:02:16.160 [Test worker] DEBUG o.e.runtime.sandbox.MSecurityManager - Adding privileged thread: "/127.0.0.1:54422 to /127.0.0.1:54421 workers Thread 2"
    18:02:16.160 [Test worker] DEBUG o.e.runtime.sandbox.MSecurityManager - Adding privileged thread: "/127.0.0.1:54422 to /127.0.0.1:54421 workers Thread 3"
    18:02:16.244 [Test worker] INFO  o.e.r.instrumentation.EvoClassLoader - Seeing class for first time: examples.SimpleMethods
    18:02:16.244 [Test worker] INFO  o.e.r.instrumentation.EvoClassLoader - Instrumenting class 'examples.SimpleMethods'.
    18:02:16.268 [Test worker] INFO  o.e.r.i.MethodCallReplacementClassAdapter - Adding mock interface to class examples/SimpleMethods
    18:02:16.534 [Test worker] INFO  o.e.r.i.CreateClassResetClassAdapter - Found static initializer in class examples/SimpleMethods
    18:02:16.537 [Test worker] INFO  o.e.r.instrumentation.EvoClassLoader - Keeping class: examples.SimpleMethods

examples.SimpleMethods_ESTest > test1 FAILED
    java.lang.AssertionError at SimpleMethods_ESTest.java:30

examples.SimpleMethods_ESTest > test0 STANDARD_OUT
    18:02:16.590 [Test worker] INFO  o.e.runtime.thread.ThreadStopper - Found new thread

examples.SimpleMethods_ESTest > test0 FAILED
    java.lang.AssertionError at SimpleMethods_ESTest.java:23

RegressionTest > RegressionTest0.test003 FAILED
    java.lang.AssertionError at RegressionTest0.java:36

RegressionTest > RegressionTest0.test004 FAILED
    java.lang.AssertionError at RegressionTest0.java:51

RegressionTest > RegressionTest0.test005 FAILED
    java.lang.AssertionError at RegressionTest0.java:74

RegressionTest > RegressionTest0.test006 FAILED
    java.lang.AssertionError at RegressionTest0.java:89

RegressionTest > RegressionTest0.test007 FAILED
    java.lang.AssertionError at RegressionTest0.java:112

RegressionTest > RegressionTest0.test008 FAILED
    java.lang.AssertionError at RegressionTest0.java:127

RegressionTest > RegressionTest0.test009 FAILED
    java.lang.AssertionError at RegressionTest0.java:150

RegressionTest > RegressionTest0.test010 FAILED
    java.lang.AssertionError at RegressionTest0.java:197

RegressionTest > RegressionTest0.test011 FAILED
    java.lang.AssertionError at RegressionTest0.java:244

RegressionTest > RegressionTest0.test012 FAILED
    java.lang.AssertionError at RegressionTest0.java:323

RegressionTest > RegressionTest0.test013 FAILED
    java.lang.AssertionError at RegressionTest0.java:378

RegressionTest > RegressionTest0.test014 FAILED
    java.lang.AssertionError at RegressionTest0.java:457

RegressionTest > RegressionTest0.test015 FAILED
    java.lang.AssertionError at RegressionTest0.java:510

RegressionTest > RegressionTest0.test016 FAILED
    java.lang.AssertionError at RegressionTest0.java:549

RegressionTest > RegressionTest0.test017 FAILED
    java.lang.AssertionError at RegressionTest0.java:628

RegressionTest > RegressionTest0.test018 FAILED
    java.lang.AssertionError at RegressionTest0.java:667

RegressionTest > RegressionTest0.test019 FAILED
    java.lang.AssertionError at RegressionTest0.java:698

RegressionTest > RegressionTest0.test020 FAILED
    java.lang.AssertionError at RegressionTest0.java:761

RegressionTest > RegressionTest0.test021 FAILED
    java.lang.AssertionError at RegressionTest0.java:832

RegressionTest > RegressionTest0.test022 FAILED
    java.lang.AssertionError at RegressionTest0.java:885

RegressionTest > RegressionTest0.test023 FAILED
    java.lang.AssertionError at RegressionTest0.java:956

RegressionTest > RegressionTest0.test024 FAILED
    java.lang.AssertionError at RegressionTest0.java:996

RegressionTest > RegressionTest0.test025 FAILED
    java.lang.AssertionError at RegressionTest0.java:1036

RegressionTest > RegressionTest0.test026 FAILED
    java.lang.AssertionError at RegressionTest0.java:1091

RegressionTest > RegressionTest0.test027 FAILED
    java.lang.AssertionError at RegressionTest0.java:1149

RegressionTest > RegressionTest0.test028 FAILED
    java.lang.AssertionError at RegressionTest0.java:1197

RegressionTest > RegressionTest0.test029 FAILED
    java.lang.AssertionError at RegressionTest0.java:1228

RegressionTest > RegressionTest0.test030 FAILED
    java.lang.AssertionError at RegressionTest0.java:1291

RegressionTest > RegressionTest0.test031 FAILED
    java.lang.AssertionError at RegressionTest0.java:1371

RegressionTest > RegressionTest0.test032 FAILED
    java.lang.AssertionError at RegressionTest0.java:1443

RegressionTest > RegressionTest0.test033 FAILED
    java.lang.AssertionError at RegressionTest0.java:1506

RegressionTest > RegressionTest0.test034 FAILED
    java.lang.AssertionError at RegressionTest0.java:1537

RegressionTest > RegressionTest0.test035 FAILED
    java.lang.AssertionError at RegressionTest0.java:1568

RegressionTest > RegressionTest0.test036 FAILED
    java.lang.AssertionError at RegressionTest0.java:1600

RegressionTest > RegressionTest0.test037 FAILED
    java.lang.AssertionError at RegressionTest0.java:1672

RegressionTest > RegressionTest0.test038 FAILED
    java.lang.AssertionError at RegressionTest0.java:1719

RegressionTest > RegressionTest0.test039 FAILED
    java.lang.AssertionError at RegressionTest0.java:1792

RegressionTest > RegressionTest0.test040 FAILED
    java.lang.AssertionError at RegressionTest0.java:1855

RegressionTest > RegressionTest0.test041 FAILED
    java.lang.AssertionError at RegressionTest0.java:1918

RegressionTest > RegressionTest0.test042 FAILED
    java.lang.AssertionError at RegressionTest0.java:1991

RegressionTest > RegressionTest0.test043 FAILED
    java.lang.AssertionError at RegressionTest0.java:2070

RegressionTest > RegressionTest0.test044 FAILED
    java.lang.AssertionError at RegressionTest0.java:2103

RegressionTest > RegressionTest0.test045 FAILED
    java.lang.AssertionError at RegressionTest0.java:2182

RegressionTest > RegressionTest0.test046 FAILED
    java.lang.AssertionError at RegressionTest0.java:2262

RegressionTest > RegressionTest0.test047 FAILED
    java.lang.AssertionError at RegressionTest0.java:2304

RegressionTest > RegressionTest0.test048 FAILED
    java.lang.AssertionError at RegressionTest0.java:2353

RegressionTest > RegressionTest0.test049 FAILED
    java.lang.AssertionError at RegressionTest0.java:2418

RegressionTest > RegressionTest0.test050 FAILED
    java.lang.AssertionError at RegressionTest0.java:2467

RegressionTest > RegressionTest0.test051 FAILED
    java.lang.AssertionError at RegressionTest0.java:2530

RegressionTest > RegressionTest0.test052 FAILED
    java.lang.AssertionError at RegressionTest0.java:2577

RegressionTest > RegressionTest0.test053 FAILED
    java.lang.AssertionError at RegressionTest0.java:2625

RegressionTest > RegressionTest0.test054 FAILED
    java.lang.AssertionError at RegressionTest0.java:2673

RegressionTest > RegressionTest0.test055 FAILED
    java.lang.AssertionError at RegressionTest0.java:2752

RegressionTest > RegressionTest0.test056 FAILED
    java.lang.AssertionError at RegressionTest0.java:2831

RegressionTest > RegressionTest0.test057 FAILED
    java.lang.AssertionError at RegressionTest0.java:2894

RegressionTest > RegressionTest0.test058 FAILED
    java.lang.AssertionError at RegressionTest0.java:2965

RegressionTest > RegressionTest0.test059 FAILED
    java.lang.AssertionError at RegressionTest0.java:3020

RegressionTest > RegressionTest0.test060 FAILED
    java.lang.AssertionError at RegressionTest0.java:3067

RegressionTest > RegressionTest0.test061 FAILED
    java.lang.AssertionError at RegressionTest0.java:3130

RegressionTest > RegressionTest0.test062 FAILED
    java.lang.AssertionError at RegressionTest0.java:3201

RegressionTest > RegressionTest0.test063 FAILED
    java.lang.AssertionError at RegressionTest0.java:3272

RegressionTest > RegressionTest0.test064 FAILED
    java.lang.AssertionError at RegressionTest0.java:3327

RegressionTest > RegressionTest0.test065 FAILED
    java.lang.AssertionError at RegressionTest0.java:3398

RegressionTest > RegressionTest0.test066 FAILED
    java.lang.AssertionError at RegressionTest0.java:3438

RegressionTest > RegressionTest0.test067 FAILED
    java.lang.AssertionError at RegressionTest0.java:3494

RegressionTest > RegressionTest0.test068 FAILED
    java.lang.AssertionError at RegressionTest0.java:3541

RegressionTest > RegressionTest0.test069 FAILED
    java.lang.AssertionError at RegressionTest0.java:3604

RegressionTest > RegressionTest0.test070 FAILED
    java.lang.AssertionError at RegressionTest0.java:3667

RegressionTest > RegressionTest0.test071 FAILED
    java.lang.AssertionError at RegressionTest0.java:3746

RegressionTest > RegressionTest0.test072 FAILED
    java.lang.AssertionError at RegressionTest0.java:3803

RegressionTest > RegressionTest0.test073 FAILED
    java.lang.AssertionError at RegressionTest0.java:3882

RegressionTest > RegressionTest0.test074 FAILED
    java.lang.AssertionError at RegressionTest0.java:3945

RegressionTest > RegressionTest0.test075 FAILED
    java.lang.AssertionError at RegressionTest0.java:4016

RegressionTest > RegressionTest0.test076 FAILED
    java.lang.AssertionError at RegressionTest0.java:4073

RegressionTest > RegressionTest0.test077 FAILED
    java.lang.AssertionError at RegressionTest0.java:4152

RegressionTest > RegressionTest0.test078 FAILED
    java.lang.AssertionError at RegressionTest0.java:4231

RegressionTest > RegressionTest0.test079 FAILED
    java.lang.AssertionError at RegressionTest0.java:4303

RegressionTest > RegressionTest0.test080 FAILED
    java.lang.AssertionError at RegressionTest0.java:4345

RegressionTest > RegressionTest0.test081 FAILED
    java.lang.AssertionError at RegressionTest0.java:4425

RegressionTest > RegressionTest0.test082 FAILED
    java.lang.AssertionError at RegressionTest0.java:4472

RegressionTest > RegressionTest0.test083 FAILED
    java.lang.AssertionError at RegressionTest0.java:4522

RegressionTest > RegressionTest0.test084 FAILED
    java.lang.AssertionError at RegressionTest0.java:4593

RegressionTest > RegressionTest0.test085 FAILED
    java.lang.AssertionError at RegressionTest0.java:4658

RegressionTest > RegressionTest0.test086 FAILED
    java.lang.AssertionError at RegressionTest0.java:4729

RegressionTest > RegressionTest0.test087 FAILED
    java.lang.AssertionError at RegressionTest0.java:4785

RegressionTest > RegressionTest0.test088 FAILED
    java.lang.AssertionError at RegressionTest0.java:4825

RegressionTest > RegressionTest0.test089 FAILED
    java.lang.AssertionError at RegressionTest0.java:4888

RegressionTest > RegressionTest0.test090 FAILED
    java.lang.AssertionError at RegressionTest0.java:4935

RegressionTest > RegressionTest0.test091 FAILED
    java.lang.AssertionError at RegressionTest0.java:5007

RegressionTest > RegressionTest0.test092 FAILED
    java.lang.AssertionError at RegressionTest0.java:5062

RegressionTest > RegressionTest0.test093 FAILED
    java.lang.AssertionError at RegressionTest0.java:5126

RegressionTest > RegressionTest0.test094 FAILED
    java.lang.AssertionError at RegressionTest0.java:5189

RegressionTest > RegressionTest0.test095 FAILED
    java.lang.AssertionError at RegressionTest0.java:5259

RegressionTest > RegressionTest0.test096 FAILED
    java.lang.AssertionError at RegressionTest0.java:5305

RegressionTest > RegressionTest0.test097 FAILED
    java.lang.AssertionError at RegressionTest0.java:5385

RegressionTest > RegressionTest0.test098 FAILED
    java.lang.AssertionError at RegressionTest0.java:5433

RegressionTest > RegressionTest0.test099 FAILED
    java.lang.AssertionError at RegressionTest0.java:5504

RegressionTest > RegressionTest0.test100 FAILED
    java.lang.AssertionError at RegressionTest0.java:5584

RegressionTest > RegressionTest0.test101 FAILED
    java.lang.AssertionError at RegressionTest0.java:5638

RegressionTest > RegressionTest0.test102 FAILED
    java.lang.AssertionError at RegressionTest0.java:5664

RegressionTest > RegressionTest0.test103 FAILED
    java.lang.AssertionError at RegressionTest0.java:5719

RegressionTest > RegressionTest0.test104 FAILED
    java.lang.AssertionError at RegressionTest0.java:5797

RegressionTest > RegressionTest0.test105 FAILED
    java.lang.AssertionError at RegressionTest0.java:5860

RegressionTest > RegressionTest0.test106 FAILED
    java.lang.AssertionError at RegressionTest0.java:5915

RegressionTest > RegressionTest0.test107 FAILED
    java.lang.AssertionError at RegressionTest0.java:5946

RegressionTest > RegressionTest0.test108 FAILED
    java.lang.AssertionError at RegressionTest0.java:6025

RegressionTest > RegressionTest0.test109 FAILED
    java.lang.AssertionError at RegressionTest0.java:6080

RegressionTest > RegressionTest0.test110 FAILED
    java.lang.AssertionError at RegressionTest0.java:6151

RegressionTest > RegressionTest0.test111 FAILED
    java.lang.AssertionError at RegressionTest0.java:6204

RegressionTest > RegressionTest0.test112 FAILED
    java.lang.AssertionError at RegressionTest0.java:6278

RegressionTest > RegressionTest0.test113 FAILED
    java.lang.AssertionError at RegressionTest0.java:6338

RegressionTest > RegressionTest0.test114 FAILED
    java.lang.AssertionError at RegressionTest0.java:6412

RegressionTest > RegressionTest0.test115 FAILED
    java.lang.AssertionError at RegressionTest0.java:6444

RegressionTest > RegressionTest0.test116 FAILED
    java.lang.AssertionError at RegressionTest0.java:6493

RegressionTest > RegressionTest0.test117 FAILED
    java.lang.AssertionError at RegressionTest0.java:6540

RegressionTest > RegressionTest0.test118 FAILED
    java.lang.AssertionError at RegressionTest0.java:6613

RegressionTest > RegressionTest0.test119 FAILED
    java.lang.AssertionError at RegressionTest0.java:6682

RegressionTest > RegressionTest0.test120 FAILED
    java.lang.AssertionError at RegressionTest0.java:6738

RegressionTest > RegressionTest0.test121 FAILED
    java.lang.AssertionError at RegressionTest0.java:6784

RegressionTest0 > test003 FAILED
    java.lang.AssertionError at RegressionTest0.java:36

RegressionTest0 > test004 FAILED
    java.lang.AssertionError at RegressionTest0.java:51

RegressionTest0 > test005 FAILED
    java.lang.AssertionError at RegressionTest0.java:74

RegressionTest0 > test006 FAILED
    java.lang.AssertionError at RegressionTest0.java:89

RegressionTest0 > test007 FAILED
    java.lang.AssertionError at RegressionTest0.java:112

RegressionTest0 > test008 FAILED
    java.lang.AssertionError at RegressionTest0.java:127

RegressionTest0 > test009 FAILED
    java.lang.AssertionError at RegressionTest0.java:150

RegressionTest0 > test010 FAILED
    java.lang.AssertionError at RegressionTest0.java:197

RegressionTest0 > test011 FAILED
    java.lang.AssertionError at RegressionTest0.java:244

RegressionTest0 > test012 FAILED
    java.lang.AssertionError at RegressionTest0.java:323

RegressionTest0 > test013 FAILED
    java.lang.AssertionError at RegressionTest0.java:378

RegressionTest0 > test014 FAILED
    java.lang.AssertionError at RegressionTest0.java:457

RegressionTest0 > test015 FAILED
    java.lang.AssertionError at RegressionTest0.java:510

RegressionTest0 > test016 FAILED
    java.lang.AssertionError at RegressionTest0.java:549

RegressionTest0 > test017 FAILED
    java.lang.AssertionError at RegressionTest0.java:628

RegressionTest0 > test018 FAILED
    java.lang.AssertionError at RegressionTest0.java:667

RegressionTest0 > test019 FAILED
    java.lang.AssertionError at RegressionTest0.java:698

RegressionTest0 > test020 FAILED
    java.lang.AssertionError at RegressionTest0.java:761

RegressionTest0 > test021 FAILED
    java.lang.AssertionError at RegressionTest0.java:832

RegressionTest0 > test022 FAILED
    java.lang.AssertionError at RegressionTest0.java:885

RegressionTest0 > test023 FAILED
    java.lang.AssertionError at RegressionTest0.java:956

RegressionTest0 > test024 FAILED
    java.lang.AssertionError at RegressionTest0.java:996

RegressionTest0 > test025 FAILED
    java.lang.AssertionError at RegressionTest0.java:1036

RegressionTest0 > test026 FAILED
    java.lang.AssertionError at RegressionTest0.java:1091

RegressionTest0 > test027 FAILED
    java.lang.AssertionError at RegressionTest0.java:1149

RegressionTest0 > test028 FAILED
    java.lang.AssertionError at RegressionTest0.java:1197

RegressionTest0 > test029 FAILED
    java.lang.AssertionError at RegressionTest0.java:1228

RegressionTest0 > test030 FAILED
    java.lang.AssertionError at RegressionTest0.java:1291

RegressionTest0 > test031 FAILED
    java.lang.AssertionError at RegressionTest0.java:1371

RegressionTest0 > test032 FAILED
    java.lang.AssertionError at RegressionTest0.java:1443

RegressionTest0 > test033 FAILED
    java.lang.AssertionError at RegressionTest0.java:1506

RegressionTest0 > test034 FAILED
    java.lang.AssertionError at RegressionTest0.java:1537

RegressionTest0 > test035 FAILED
    java.lang.AssertionError at RegressionTest0.java:1568

RegressionTest0 > test036 FAILED
    java.lang.AssertionError at RegressionTest0.java:1600

RegressionTest0 > test037 FAILED
    java.lang.AssertionError at RegressionTest0.java:1672

RegressionTest0 > test038 FAILED
    java.lang.AssertionError at RegressionTest0.java:1719

RegressionTest0 > test039 FAILED
    java.lang.AssertionError at RegressionTest0.java:1792

RegressionTest0 > test040 FAILED
    java.lang.AssertionError at RegressionTest0.java:1855

RegressionTest0 > test041 FAILED
    java.lang.AssertionError at RegressionTest0.java:1918

RegressionTest0 > test042 FAILED
    java.lang.AssertionError at RegressionTest0.java:1991

RegressionTest0 > test043 FAILED
    java.lang.AssertionError at RegressionTest0.java:2070

RegressionTest0 > test044 FAILED
    java.lang.AssertionError at RegressionTest0.java:2103

RegressionTest0 > test045 FAILED
    java.lang.AssertionError at RegressionTest0.java:2182

RegressionTest0 > test046 FAILED
    java.lang.AssertionError at RegressionTest0.java:2262

RegressionTest0 > test047 FAILED
    java.lang.AssertionError at RegressionTest0.java:2304

RegressionTest0 > test048 FAILED
    java.lang.AssertionError at RegressionTest0.java:2353

RegressionTest0 > test049 FAILED
    java.lang.AssertionError at RegressionTest0.java:2418

RegressionTest0 > test050 FAILED
    java.lang.AssertionError at RegressionTest0.java:2467

RegressionTest0 > test051 FAILED
    java.lang.AssertionError at RegressionTest0.java:2530

RegressionTest0 > test052 FAILED
    java.lang.AssertionError at RegressionTest0.java:2577

RegressionTest0 > test053 FAILED
    java.lang.AssertionError at RegressionTest0.java:2625

RegressionTest0 > test054 FAILED
    java.lang.AssertionError at RegressionTest0.java:2673

RegressionTest0 > test055 FAILED
    java.lang.AssertionError at RegressionTest0.java:2752

RegressionTest0 > test056 FAILED
    java.lang.AssertionError at RegressionTest0.java:2831

RegressionTest0 > test057 FAILED
    java.lang.AssertionError at RegressionTest0.java:2894

RegressionTest0 > test058 FAILED
    java.lang.AssertionError at RegressionTest0.java:2965

RegressionTest0 > test059 FAILED
    java.lang.AssertionError at RegressionTest0.java:3020

RegressionTest0 > test060 FAILED
    java.lang.AssertionError at RegressionTest0.java:3067

RegressionTest0 > test061 FAILED
    java.lang.AssertionError at RegressionTest0.java:3130

RegressionTest0 > test062 FAILED
    java.lang.AssertionError at RegressionTest0.java:3201

RegressionTest0 > test063 FAILED
    java.lang.AssertionError at RegressionTest0.java:3272

RegressionTest0 > test064 FAILED
    java.lang.AssertionError at RegressionTest0.java:3327

RegressionTest0 > test065 FAILED
    java.lang.AssertionError at RegressionTest0.java:3398

RegressionTest0 > test066 FAILED
    java.lang.AssertionError at RegressionTest0.java:3438

RegressionTest0 > test067 FAILED
    java.lang.AssertionError at RegressionTest0.java:3494

RegressionTest0 > test068 FAILED
    java.lang.AssertionError at RegressionTest0.java:3541

RegressionTest0 > test069 FAILED
    java.lang.AssertionError at RegressionTest0.java:3604

RegressionTest0 > test070 FAILED
    java.lang.AssertionError at RegressionTest0.java:3667

RegressionTest0 > test071 FAILED
    java.lang.AssertionError at RegressionTest0.java:3746

RegressionTest0 > test072 FAILED
    java.lang.AssertionError at RegressionTest0.java:3803

RegressionTest0 > test073 FAILED
    java.lang.AssertionError at RegressionTest0.java:3882

RegressionTest0 > test074 FAILED
    java.lang.AssertionError at RegressionTest0.java:3945

RegressionTest0 > test075 FAILED
    java.lang.AssertionError at RegressionTest0.java:4016

RegressionTest0 > test076 FAILED
    java.lang.AssertionError at RegressionTest0.java:4073

RegressionTest0 > test077 FAILED
    java.lang.AssertionError at RegressionTest0.java:4152

RegressionTest0 > test078 FAILED
    java.lang.AssertionError at RegressionTest0.java:4231

RegressionTest0 > test079 FAILED
    java.lang.AssertionError at RegressionTest0.java:4303

RegressionTest0 > test080 FAILED
    java.lang.AssertionError at RegressionTest0.java:4345

RegressionTest0 > test081 FAILED
    java.lang.AssertionError at RegressionTest0.java:4425

RegressionTest0 > test082 FAILED
    java.lang.AssertionError at RegressionTest0.java:4472

RegressionTest0 > test083 FAILED
    java.lang.AssertionError at RegressionTest0.java:4522

RegressionTest0 > test084 FAILED
    java.lang.AssertionError at RegressionTest0.java:4593

RegressionTest0 > test085 FAILED
    java.lang.AssertionError at RegressionTest0.java:4658

RegressionTest0 > test086 FAILED
    java.lang.AssertionError at RegressionTest0.java:4729

RegressionTest0 > test087 FAILED
    java.lang.AssertionError at RegressionTest0.java:4785

RegressionTest0 > test088 FAILED
    java.lang.AssertionError at RegressionTest0.java:4825

RegressionTest0 > test089 FAILED
    java.lang.AssertionError at RegressionTest0.java:4888

RegressionTest0 > test090 FAILED
    java.lang.AssertionError at RegressionTest0.java:4935

RegressionTest0 > test091 FAILED
    java.lang.AssertionError at RegressionTest0.java:5007

RegressionTest0 > test092 FAILED
    java.lang.AssertionError at RegressionTest0.java:5062

RegressionTest0 > test093 FAILED
    java.lang.AssertionError at RegressionTest0.java:5126

RegressionTest0 > test094 FAILED
    java.lang.AssertionError at RegressionTest0.java:5189

RegressionTest0 > test095 FAILED
    java.lang.AssertionError at RegressionTest0.java:5259

RegressionTest0 > test096 FAILED
    java.lang.AssertionError at RegressionTest0.java:5305

RegressionTest0 > test097 FAILED
    java.lang.AssertionError at RegressionTest0.java:5385

RegressionTest0 > test098 FAILED
    java.lang.AssertionError at RegressionTest0.java:5433

RegressionTest0 > test099 FAILED
    java.lang.AssertionError at RegressionTest0.java:5504

RegressionTest0 > test100 FAILED
    java.lang.AssertionError at RegressionTest0.java:5584

RegressionTest0 > test101 FAILED
    java.lang.AssertionError at RegressionTest0.java:5638

RegressionTest0 > test102 FAILED
    java.lang.AssertionError at RegressionTest0.java:5664

RegressionTest0 > test103 FAILED
    java.lang.AssertionError at RegressionTest0.java:5719

RegressionTest0 > test104 FAILED
    java.lang.AssertionError at RegressionTest0.java:5797

RegressionTest0 > test105 FAILED
    java.lang.AssertionError at RegressionTest0.java:5860

RegressionTest0 > test106 FAILED
    java.lang.AssertionError at RegressionTest0.java:5915

RegressionTest0 > test107 FAILED
    java.lang.AssertionError at RegressionTest0.java:5946

RegressionTest0 > test108 FAILED
    java.lang.AssertionError at RegressionTest0.java:6025

RegressionTest0 > test109 FAILED
    java.lang.AssertionError at RegressionTest0.java:6080

RegressionTest0 > test110 FAILED
    java.lang.AssertionError at RegressionTest0.java:6151

RegressionTest0 > test111 FAILED
    java.lang.AssertionError at RegressionTest0.java:6204

RegressionTest0 > test112 FAILED
    java.lang.AssertionError at RegressionTest0.java:6278

RegressionTest0 > test113 FAILED
    java.lang.AssertionError at RegressionTest0.java:6338

RegressionTest0 > test114 FAILED
    java.lang.AssertionError at RegressionTest0.java:6412

RegressionTest0 > test115 FAILED
    java.lang.AssertionError at RegressionTest0.java:6444

RegressionTest0 > test116 FAILED
    java.lang.AssertionError at RegressionTest0.java:6493

RegressionTest0 > test117 FAILED
    java.lang.AssertionError at RegressionTest0.java:6540

RegressionTest0 > test118 FAILED
    java.lang.AssertionError at RegressionTest0.java:6613

RegressionTest0 > test119 FAILED
    java.lang.AssertionError at RegressionTest0.java:6682

RegressionTest0 > test120 FAILED
    java.lang.AssertionError at RegressionTest0.java:6738

RegressionTest0 > test121 FAILED
    java.lang.AssertionError at RegressionTest0.java:6784

testers.SimpleMethodsTester0 > test003 FAILED
    java.lang.AssertionError at SimpleMethodsTester0.java:36

testers.SimpleMethodsTester0 > test004 FAILED
    java.lang.AssertionError at SimpleMethodsTester0.java:52

testers.SimpleMethodsTester0 > test005 FAILED
    java.lang.AssertionError at SimpleMethodsTester0.java:68

testers.SimpleMethodsTester0 > test006 FAILED
    java.lang.AssertionError at SimpleMethodsTester0.java:80

testers.SimpleMethodsTester0 > test007 FAILED
    java.lang.AssertionError at SimpleMethodsTester0.java:96

testers.SimpleMethodsTester0 > test008 FAILED
    java.lang.AssertionError at SimpleMethodsTester0.java:108

testers.SimpleMethodsTester0 > test009 FAILED
    java.lang.AssertionError at SimpleMethodsTester0.java:124

testers.SimpleMethodsTester0 > test010 FAILED
    java.lang.AssertionError at SimpleMethodsTester0.java:146

testers.SimpleMethodsTester0 > test011 FAILED
    java.lang.AssertionError at SimpleMethodsTester0.java:168

testers.SimpleMethodsTester0 > test012 FAILED
    java.lang.AssertionError at SimpleMethodsTester0.java:200

testers.SimpleMethodsTester0 > test013 FAILED
    java.lang.AssertionError at SimpleMethodsTester0.java:232

testers.SimpleMethodsTester0 > test014 FAILED
    java.lang.AssertionError at SimpleMethodsTester0.java:254

testers.SimpleMethodsTester0 > test015 FAILED
    java.lang.AssertionError at SimpleMethodsTester0.java:280

testers.SimpleMethodsTester0 > test016 FAILED
    java.lang.AssertionError at SimpleMethodsTester0.java:312

testers.SimpleMethodsTester0 > test017 FAILED
    java.lang.AssertionError at SimpleMethodsTester0.java:344

testers.SimpleMethodsTester0 > test018 FAILED
    java.lang.AssertionError at SimpleMethodsTester0.java:370

testers.SimpleMethodsTester0 > test019 FAILED
    java.lang.AssertionError at SimpleMethodsTester0.java:390

testers.SimpleMethodsTester0 > test020 FAILED
    java.lang.AssertionError at SimpleMethodsTester0.java:404

testers.SimpleMethodsTester0 > test021 FAILED
    java.lang.AssertionError at SimpleMethodsTester0.java:426

testers.SimpleMethodsTester0 > test022 FAILED
    java.lang.AssertionError at SimpleMethodsTester0.java:446

testers.SimpleMethodsTester0 > test023 FAILED
    java.lang.AssertionError at SimpleMethodsTester0.java:478

testers.SimpleMethodsTester0 > test024 FAILED
    java.lang.AssertionError at SimpleMethodsTester0.java:498

testers.SimpleMethodsTester0 > test025 FAILED
    java.lang.AssertionError at SimpleMethodsTester0.java:518

testers.SimpleMethodsTester0 > test026 FAILED
    java.lang.AssertionError at SimpleMethodsTester0.java:544

testers.SimpleMethodsTester0 > test027 FAILED
    java.lang.AssertionError at SimpleMethodsTester0.java:570

testers.SimpleMethodsTester0 > test028 FAILED
    java.lang.AssertionError at SimpleMethodsTester0.java:596

testers.SimpleMethodsTester0 > test029 FAILED
    java.lang.AssertionError at SimpleMethodsTester0.java:628

testers.SimpleMethodsTester0 > test030 FAILED
    java.lang.AssertionError at SimpleMethodsTester0.java:650

testers.SimpleMethodsTester0 > test031 FAILED
    java.lang.AssertionError at SimpleMethodsTester0.java:670

testers.SimpleMethodsTester0 > test032 FAILED
    java.lang.AssertionError at SimpleMethodsTester0.java:690

testers.SimpleMethodsTester0 > test033 FAILED
    java.lang.AssertionError at SimpleMethodsTester0.java:710

testers.SimpleMethodsTester0 > test034 FAILED
    java.lang.AssertionError at SimpleMethodsTester0.java:738

testers.SimpleMethodsTester0 > test035 FAILED
    java.lang.AssertionError at SimpleMethodsTester0.java:764

testers.SimpleMethodsTester0 > test036 FAILED
    java.lang.AssertionError at SimpleMethodsTester0.java:790

testers.SimpleMethodsTester0 > test037 FAILED
    java.lang.AssertionError at SimpleMethodsTester0.java:824

testers.SimpleMethodsTester0 > test038 FAILED
    java.lang.AssertionError at SimpleMethodsTester0.java:860

testers.SimpleMethodsTester0 > test039 FAILED
    java.lang.AssertionError at SimpleMethodsTester0.java:890

testers.SimpleMethodsTester0 > test040 FAILED
    java.lang.AssertionError at SimpleMethodsTester0.java:910

testers.SimpleMethodsTester0 > test041 FAILED
    java.lang.AssertionError at SimpleMethodsTester0.java:932

testers.SimpleMethodsTester0 > test042 FAILED
    java.lang.AssertionError at SimpleMethodsTester0.java:961

testers.SimpleMethodsTester0 > test043 FAILED
    java.lang.AssertionError at SimpleMethodsTester0.java:982

testers.SimpleMethodsTester0 > test044 FAILED
    java.lang.AssertionError at SimpleMethodsTester0.java:1024

testers.SimpleMethodsTester0 > test045 FAILED
    java.lang.AssertionError at SimpleMethodsTester0.java:1054

testers.SimpleMethodsTester0 > test046 FAILED
    java.lang.AssertionError at SimpleMethodsTester0.java:1078

testers.SimpleMethodsTester0 > test047 FAILED
    java.lang.AssertionError at SimpleMethodsTester0.java:1110

testers.SimpleMethodsTester0 > test048 FAILED
    java.lang.AssertionError at SimpleMethodsTester0.java:1134

testers.SimpleMethodsTester0 > test049 FAILED
    java.lang.AssertionError at SimpleMethodsTester0.java:1170

testers.SimpleMethodsTester0 > test050 FAILED
    java.lang.AssertionError at SimpleMethodsTester0.java:1198

testers.SimpleMethodsTester0 > test051 FAILED
    java.lang.AssertionError at SimpleMethodsTester0.java:1224

testers.SimpleMethodsTester0 > test052 FAILED
    java.lang.AssertionError at SimpleMethodsTester0.java:1262

testers.SimpleMethodsTester0 > test053 FAILED
    java.lang.AssertionError at SimpleMethodsTester0.java:1291

testers.SimpleMethodsTester0 > test054 FAILED
    java.lang.AssertionError at SimpleMethodsTester0.java:1320

testers.SimpleMethodsTester0 > test055 FAILED
    java.lang.AssertionError at SimpleMethodsTester0.java:1352

testers.SimpleMethodsTester0 > test056 FAILED
    java.lang.AssertionError at SimpleMethodsTester0.java:1392

testers.SimpleMethodsTester0 > test057 FAILED
    java.lang.AssertionError at SimpleMethodsTester0.java:1420

testers.SimpleMethodsTester0 > test058 FAILED
    java.lang.AssertionError at SimpleMethodsTester0.java:1457

testers.SimpleMethodsTester0 > test059 FAILED
    java.lang.AssertionError at SimpleMethodsTester0.java:1478

testers.SimpleMethodsTester0 > test060 FAILED
    java.lang.AssertionError at SimpleMethodsTester0.java:1516

testers.SimpleMethodsTester0 > test061 FAILED
    java.lang.AssertionError at SimpleMethodsTester0.java:1549

testers.SimpleMethodsTester0 > test062 FAILED
    java.lang.AssertionError at SimpleMethodsTester0.java:1578

testers.SimpleMethodsTester0 > test063 FAILED
    java.lang.AssertionError at SimpleMethodsTester0.java:1612

testers.SimpleMethodsTester0 > test064 FAILED
    java.lang.AssertionError at SimpleMethodsTester0.java:1640

testers.SimpleMethodsTester0 > test065 FAILED
    java.lang.AssertionError at SimpleMethodsTester0.java:1682

testers.SimpleMethodsTester0 > test066 FAILED
    java.lang.AssertionError at SimpleMethodsTester0.java:1716

testers.SimpleMethodsTester0 > test067 FAILED
    java.lang.AssertionError at SimpleMethodsTester0.java:1756

testers.SimpleMethodsTester0 > test068 FAILED
    java.lang.AssertionError at SimpleMethodsTester0.java:1798

testers.SimpleMethodsTester0 > test069 FAILED
    java.lang.AssertionError at SimpleMethodsTester0.java:1824

testers.SimpleMethodsTester0 > test070 FAILED
    java.lang.AssertionError at SimpleMethodsTester0.java:1854

testers.SimpleMethodsTester0 > test071 FAILED
    java.lang.AssertionError at SimpleMethodsTester0.java:1882

testers.SimpleMethodsTester0 > test072 FAILED
    java.lang.AssertionError at SimpleMethodsTester0.java:1918

testers.SimpleMethodsTester0 > test073 FAILED
    java.lang.AssertionError at SimpleMethodsTester0.java:1960

testers.SimpleMethodsTester0 > test074 FAILED
    java.lang.AssertionError at SimpleMethodsTester0.java:1982

testers.SimpleMethodsTester0 > test075 FAILED
    java.lang.AssertionError at SimpleMethodsTester0.java:2014

testers.SimpleMethodsTester0 > test076 FAILED
    java.lang.AssertionError at SimpleMethodsTester0.java:2052

testers.SimpleMethodsTester0 > test077 FAILED
    java.lang.AssertionError at SimpleMethodsTester0.java:2081

testers.SimpleMethodsTester0 > test078 FAILED
    java.lang.AssertionError at SimpleMethodsTester0.java:2112

testers.SimpleMethodsTester0 > test079 FAILED
    java.lang.AssertionError at SimpleMethodsTester0.java:2142

testers.SimpleMethodsTester0 > test080 FAILED
    java.lang.AssertionError at SimpleMethodsTester0.java:2170

testers.SimpleMethodsTester0 > test081 FAILED
    java.lang.AssertionError at SimpleMethodsTester0.java:2202

testers.SimpleMethodsTester0 > test082 FAILED
    java.lang.AssertionError at SimpleMethodsTester0.java:2241

testers.SimpleMethodsTester0 > test083 FAILED
    java.lang.AssertionError at SimpleMethodsTester0.java:2285

testers.SimpleMethodsTester0 > test084 FAILED
    java.lang.AssertionError at SimpleMethodsTester0.java:2328

testers.SimpleMethodsTester0 > test085 FAILED
    java.lang.AssertionError at SimpleMethodsTester0.java:2350

testers.SimpleMethodsTester0 > test086 FAILED
    java.lang.AssertionError at SimpleMethodsTester0.java:2382

testers.SimpleMethodsTester0 > test087 FAILED
    java.lang.AssertionError at SimpleMethodsTester0.java:2416

testers.SimpleMethodsTester0 > test088 FAILED
    java.lang.AssertionError at SimpleMethodsTester0.java:2448

testers.SimpleMethodsTester0 > test089 FAILED
    java.lang.AssertionError at SimpleMethodsTester0.java:2488

testers.SimpleMethodsTester0 > test090 FAILED
    java.lang.AssertionError at SimpleMethodsTester0.java:2518

testers.SimpleMethodsTester0 > test091 FAILED
    java.lang.AssertionError at SimpleMethodsTester0.java:2547

testers.SimpleMethodsTester0 > test092 FAILED
    java.lang.AssertionError at SimpleMethodsTester0.java:2578

testers.SimpleMethodsTester0 > test093 FAILED
    java.lang.AssertionError at SimpleMethodsTester0.java:2608

testers.SimpleMethodsTester0 > test094 FAILED
    java.lang.AssertionError at SimpleMethodsTester0.java:2638

testers.SimpleMethodsTester0 > test095 FAILED
    java.lang.AssertionError at SimpleMethodsTester0.java:2660

testers.SimpleMethodsTester0 > test096 FAILED
    java.lang.AssertionError at SimpleMethodsTester0.java:2692

testers.SimpleMethodsTester0 > test097 FAILED
    java.lang.AssertionError at SimpleMethodsTester0.java:2724

testers.SimpleMethodsTester0 > test098 FAILED
    java.lang.AssertionError at SimpleMethodsTester0.java:2756

testers.SimpleMethodsTester0 > test099 FAILED
    java.lang.AssertionError at SimpleMethodsTester0.java:2792

testers.SimpleMethodsTester0 > test100 FAILED
    java.lang.AssertionError at SimpleMethodsTester0.java:2827

testers.SimpleMethodsTester0 > test101 FAILED
    java.lang.AssertionError at SimpleMethodsTester0.java:2858

testers.SimpleMethodsTester0 > test102 FAILED
    java.lang.AssertionError at SimpleMethodsTester0.java:2890

testers.SimpleMethodsTester0 > test103 FAILED
    java.lang.AssertionError at SimpleMethodsTester0.java:2914

testers.SimpleMethodsTester0 > test104 FAILED
    java.lang.AssertionError at SimpleMethodsTester0.java:2926

testers.SimpleMethodsTester0 > test105 FAILED
    java.lang.AssertionError at SimpleMethodsTester0.java:2948

testers.SimpleMethodsTester0 > test106 FAILED
    java.lang.AssertionError at SimpleMethodsTester0.java:2980

testers.SimpleMethodsTester0 > test107 FAILED
    java.lang.AssertionError at SimpleMethodsTester0.java:3012

testers.SimpleMethodsTester0 > test108 FAILED
    java.lang.AssertionError at SimpleMethodsTester0.java:3046

testers.SimpleMethodsTester0 > test109 FAILED
    java.lang.AssertionError at SimpleMethodsTester0.java:3090

testers.SimpleMethodsTester0 > test110 FAILED
    java.lang.AssertionError at SimpleMethodsTester0.java:3118

testers.SimpleMethodsTester0 > test111 FAILED
    java.lang.AssertionError at SimpleMethodsTester0.java:3146

testers.SimpleMethodsTester0 > test112 FAILED
    java.lang.AssertionError at SimpleMethodsTester0.java:3180

testers.SimpleMethodsTester0 > test113 FAILED
    java.lang.AssertionError at SimpleMethodsTester0.java:3218

testers.SimpleMethodsTester0 > test114 FAILED
    java.lang.AssertionError at SimpleMethodsTester0.java:3240

testers.SimpleMethodsTester0 > test115 FAILED
    java.lang.AssertionError at SimpleMethodsTester0.java:3270

testers.SimpleMethodsTester0 > test116 FAILED
    java.lang.AssertionError at SimpleMethodsTester0.java:3302

testers.SimpleMethodsTester0 > test117 FAILED
    java.lang.AssertionError at SimpleMethodsTester0.java:3336

testers.SimpleMethodsTester0 > test118 FAILED
    java.lang.AssertionError at SimpleMethodsTester0.java:3368

testers.SimpleMethodsTester0 > test119 FAILED
    java.lang.AssertionError at SimpleMethodsTester0.java:3398

testers.SimpleMethodsTester0 > test120 FAILED
    java.lang.AssertionError at SimpleMethodsTester0.java:3432

testers.SimpleMethodsTester0 > test121 FAILED
    java.lang.AssertionError at SimpleMethodsTester0.java:3458

testers.SimpleMethodsTester0 > test122 FAILED
    java.lang.AssertionError at SimpleMethodsTester0.java:3498

testers.SimpleMethodsTester0 > test123 FAILED
    java.lang.AssertionError at SimpleMethodsTester0.java:3538

testers.SimpleMethodsTester0 > test124 FAILED
    java.lang.AssertionError at SimpleMethodsTester0.java:3568

testers.SimpleMethodsTester0 > test125 FAILED
    java.lang.AssertionError at SimpleMethodsTester0.java:3604

testers.SimpleMethodsTester0 > test126 FAILED
    java.lang.AssertionError at SimpleMethodsTester0.java:3626

testers.SimpleMethodsTester0 > test127 FAILED
    java.lang.AssertionError at SimpleMethodsTester0.java:3660

testers.SimpleMethodsTester0 > test128 FAILED
    java.lang.AssertionError at SimpleMethodsTester0.java:3704

testers.SimpleMethodsTester0 > test129 FAILED
    java.lang.AssertionError at SimpleMethodsTester0.java:3734

testers.SimpleMethodsTester0 > test130 FAILED
    java.lang.AssertionError at SimpleMethodsTester0.java:3756

testers.SimpleMethodsTester0 > test131 FAILED
    java.lang.AssertionError at SimpleMethodsTester0.java:3794

testers.SimpleMethodsTester0 > test132 FAILED
    java.lang.AssertionError at SimpleMethodsTester0.java:3828

testers.SimpleMethodsTester0 > test133 FAILED
    java.lang.AssertionError at SimpleMethodsTester0.java:3852

testers.SimpleMethodsTester0 > test134 FAILED
    java.lang.AssertionError at SimpleMethodsTester0.java:3889

testers.SimpleMethodsTester0 > test135 FAILED
    java.lang.AssertionError at SimpleMethodsTester0.java:3923

testers.SimpleMethodsTester0 > test136 FAILED
    java.lang.AssertionError at SimpleMethodsTester0.java:3955

testers.SimpleMethodsTester0 > test137 FAILED
    java.lang.AssertionError at SimpleMethodsTester0.java:3987

testers.SimpleMethodsTester0 > test138 FAILED
    java.lang.AssertionError at SimpleMethodsTester0.java:4025

testers.SimpleMethodsTester0 > test139 FAILED
    java.lang.AssertionError at SimpleMethodsTester0.java:4057

testers.SimpleMethodsTester0 > test140 FAILED
    java.lang.AssertionError at SimpleMethodsTester0.java:4077

testers.SimpleMethodsTester0 > test141 FAILED
    java.lang.AssertionError at SimpleMethodsTester0.java:4089

testers.SimpleMethodsTester0 > test142 FAILED
    java.lang.AssertionError at SimpleMethodsTester0.java:4121

testers.SimpleMethodsTester0 > test143 FAILED
    java.lang.AssertionError at SimpleMethodsTester0.java:4153

testers.SimpleMethodsTester0 > test144 FAILED
    java.lang.AssertionError at SimpleMethodsTester0.java:4186

testers.SimpleMethodsTester0 > test145 FAILED
    java.lang.AssertionError at SimpleMethodsTester0.java:4209

testers.SimpleMethodsTester0 > test146 FAILED
    java.lang.AssertionError at SimpleMethodsTester0.java:4233

testers.SimpleMethodsTester0 > test147 FAILED
    java.lang.AssertionError at SimpleMethodsTester0.java:4265

testers.SimpleMethodsTester0 > test148 FAILED
    java.lang.AssertionError at SimpleMethodsTester0.java:4303

testers.SimpleMethodsTester0 > test149 FAILED
    java.lang.AssertionError at SimpleMethodsTester0.java:4339

testers.SimpleMethodsTester0 > test150 FAILED
    java.lang.AssertionError at SimpleMethodsTester0.java:4379

testers.SimpleMethodsTester0 > test151 FAILED
    java.lang.AssertionError at SimpleMethodsTester0.java:4412

testers.SimpleMethodsTester0 > test152 FAILED
    java.lang.AssertionError at SimpleMethodsTester0.java:4445

testers.SimpleMethodsTester0 > test153 FAILED
    java.lang.AssertionError at SimpleMethodsTester0.java:4485

testers.SimpleMethodsTester0 > test154 FAILED
    java.lang.AssertionError at SimpleMethodsTester0.java:4517

testers.SimpleMethodsTester0 > test155 FAILED
    java.lang.AssertionError at SimpleMethodsTester0.java:4555

testers.SimpleMethodsTester0 > test156 FAILED
    java.lang.AssertionError at SimpleMethodsTester0.java:4595

testers.SimpleMethodsTester0 > test157 FAILED
    java.lang.AssertionError at SimpleMethodsTester0.java:4629

testers.SimpleMethodsTester0 > test158 FAILED
    java.lang.AssertionError at SimpleMethodsTester0.java:4645

testers.SimpleMethodsTester0 > test159 FAILED
    java.lang.AssertionError at SimpleMethodsTester0.java:4671

testers.SimpleMethodsTester0 > test160 FAILED
    java.lang.AssertionError at SimpleMethodsTester0.java:4703

testers.SimpleMethodsTester0 > test161 FAILED
    java.lang.AssertionError at SimpleMethodsTester0.java:4743

testers.SimpleMethodsTester0 > test162 FAILED
    java.lang.AssertionError at SimpleMethodsTester0.java:4773

testers.SimpleMethodsTester0 > test163 FAILED
    java.lang.AssertionError at SimpleMethodsTester0.java:4807

testers.SimpleMethodsTester0 > test164 FAILED
    java.lang.AssertionError at SimpleMethodsTester0.java:4843

testers.SimpleMethodsTester0 > test165 FAILED
    java.lang.AssertionError at SimpleMethodsTester0.java:4879

testers.SimpleMethodsTester0 > test166 FAILED
    java.lang.AssertionError at SimpleMethodsTester0.java:4918

testers.SimpleMethodsTester0 > test167 FAILED
    java.lang.AssertionError at SimpleMethodsTester0.java:4951

testers.SimpleMethodsTester0 > test168 FAILED
    java.lang.AssertionError at SimpleMethodsTester0.java:4983

testers.SimpleMethodsTester0 > test169 FAILED
    java.lang.AssertionError at SimpleMethodsTester0.java:5015

testers.SimpleMethodsTester0 > test170 FAILED
    java.lang.AssertionError at SimpleMethodsTester0.java:5053

testers.SimpleMethodsTester0 > test171 FAILED
    java.lang.AssertionError at SimpleMethodsTester0.java:5083

testers.SimpleMethodsTester0 > test172 FAILED
    java.lang.AssertionError at SimpleMethodsTester0.java:5096

testers.SimpleMethodsTester0 > test173 FAILED
    java.lang.AssertionError at SimpleMethodsTester0.java:5119

testers.SimpleMethodsTester0 > test174 FAILED
    java.lang.AssertionError at SimpleMethodsTester0.java:5155

testers.SimpleMethodsTester0 > test175 FAILED
    java.lang.AssertionError at SimpleMethodsTester0.java:5183

testers.SimpleMethodsTester0 > test176 FAILED
    java.lang.AssertionError at SimpleMethodsTester0.java:5215

testers.SimpleMethodsTester0 > test177 FAILED
    java.lang.AssertionError at SimpleMethodsTester0.java:5245

testers.SimpleMethodsTester0 > test178 FAILED
    java.lang.AssertionError at SimpleMethodsTester0.java:5269

testers.SimpleMethodsTester0 > test179 FAILED
    java.lang.AssertionError at SimpleMethodsTester0.java:5307

testers.SimpleMethodsTester0 > test180 FAILED
    java.lang.AssertionError at SimpleMethodsTester0.java:5349

testers.SimpleMethodsTester0 > test181 FAILED
    java.lang.AssertionError at SimpleMethodsTester0.java:5384

testers.SimpleMethodsTester0 > test182 FAILED
    java.lang.AssertionError at SimpleMethodsTester0.java:5414

testers.SimpleMethodsTester0 > test183 FAILED
    java.lang.AssertionError at SimpleMethodsTester0.java:5448

testers.SimpleMethodsTester0 > test184 FAILED
    java.lang.AssertionError at SimpleMethodsTester0.java:5484

testers.SimpleMethodsTester0 > test185 FAILED
    java.lang.AssertionError at SimpleMethodsTester0.java:5512

testers.SimpleMethodsTester0 > test186 FAILED
    java.lang.AssertionError at SimpleMethodsTester0.java:5554

testers.SimpleMethodsTester0 > test187 FAILED
    java.lang.AssertionError at SimpleMethodsTester0.java:5580

testers.SimpleMethodsTester0 > test188 FAILED
    java.lang.AssertionError at SimpleMethodsTester0.java:5618

testers.SimpleMethodsTester0 > test189 FAILED
    java.lang.AssertionError at SimpleMethodsTester0.java:5647

testers.SimpleMethodsTester0 > test190 FAILED
    java.lang.AssertionError at SimpleMethodsTester0.java:5676

testers.SimpleMethodsTester0 > test191 FAILED
    java.lang.AssertionError at SimpleMethodsTester0.java:5702

testers.SimpleMethodsTester0 > test192 FAILED
    java.lang.AssertionError at SimpleMethodsTester0.java:5740

testers.SimpleMethodsTester0 > test193 FAILED
    java.lang.AssertionError at SimpleMethodsTester0.java:5768

testers.SimpleMethodsTester0 > test194 FAILED
    java.lang.AssertionError at SimpleMethodsTester0.java:5802

testers.SimpleMethodsTester0 > test195 FAILED
    java.lang.AssertionError at SimpleMethodsTester0.java:5834

testers.SimpleMethodsTester0 > test196 FAILED
    java.lang.AssertionError at SimpleMethodsTester0.java:5874

testers.SimpleMethodsTester0 > test197 FAILED
    java.lang.AssertionError at SimpleMethodsTester0.java:5908

testers.SimpleMethodsTester0 > test198 FAILED
    java.lang.AssertionError at SimpleMethodsTester0.java:5940

testers.SimpleMethodsTester0 > test199 FAILED
    java.lang.AssertionError at SimpleMethodsTester0.java:5978

testers.SimpleMethodsTester0 > test200 FAILED
    java.lang.AssertionError at SimpleMethodsTester0.java:6020

testers.SimpleMethodsTester0 > test201 FAILED
    java.lang.AssertionError at SimpleMethodsTester0.java:6055

testers.SimpleMethodsTester0 > test202 FAILED
    java.lang.AssertionError at SimpleMethodsTester0.java:6099

testers.SimpleMethodsTester0 > test203 FAILED
    java.lang.AssertionError at SimpleMethodsTester0.java:6121

testers.SimpleMethodsTester0 > test204 FAILED
    java.lang.AssertionError at SimpleMethodsTester0.java:6153

testers.SimpleMethodsTester0 > test205 FAILED
    java.lang.AssertionError at SimpleMethodsTester0.java:6179

testers.SimpleMethodsTester0 > test206 FAILED
    java.lang.AssertionError at SimpleMethodsTester0.java:6213

testers.SimpleMethodsTester0 > test207 FAILED
    java.lang.AssertionError at SimpleMethodsTester0.java:6249

testers.SimpleMethodsTester0 > test208 FAILED
    java.lang.AssertionError at SimpleMethodsTester0.java:6289

testers.SimpleMethodsTester0 > test209 FAILED
    java.lang.AssertionError at SimpleMethodsTester0.java:6320

testers.SimpleMethodsTester0 > test210 FAILED
    java.lang.AssertionError at SimpleMethodsTester0.java:6351

testers.SimpleMethodsTester0 > test211 FAILED
    java.lang.AssertionError at SimpleMethodsTester0.java:6390

testers.SimpleMethodsTester0 > test212 FAILED
    java.lang.AssertionError at SimpleMethodsTester0.java:6414

testers.SimpleMethodsTester0 > test213 FAILED
    java.lang.AssertionError at SimpleMethodsTester0.java:6458

testers.SimpleMethodsTester0 > test214 FAILED
    java.lang.AssertionError at SimpleMethodsTester0.java:6487

testers.SimpleMethodsTester0 > test215 FAILED
    java.lang.AssertionError at SimpleMethodsTester0.java:6526

testers.SimpleMethodsTester0 > test216 FAILED
    java.lang.AssertionError at SimpleMethodsTester0.java:6566

testers.SimpleMethodsTester0 > test217 FAILED
    java.lang.AssertionError at SimpleMethodsTester0.java:6608

testers.SimpleMethodsTester0 > test218 FAILED
    java.lang.AssertionError at SimpleMethodsTester0.java:6644

testers.SimpleMethodsTester0 > test219 FAILED
    java.lang.AssertionError at SimpleMethodsTester0.java:6676

testers.SimpleMethodsTester0 > test220 FAILED
    java.lang.AssertionError at SimpleMethodsTester0.java:6691

testers.SimpleMethodsTester0 > test221 FAILED
    java.lang.AssertionError at SimpleMethodsTester0.java:6722

testers.SimpleMethodsTester0 > test222 FAILED
    java.lang.AssertionError at SimpleMethodsTester0.java:6762

testers.SimpleMethodsTester0 > test223 FAILED
    java.lang.AssertionError at SimpleMethodsTester0.java:6792

testers.SimpleMethodsTester0 > test224 FAILED
    java.lang.AssertionError at SimpleMethodsTester0.java:6830

testers.SimpleMethodsTester0 > test225 FAILED
    java.lang.AssertionError at SimpleMethodsTester0.java:6864

testers.SimpleMethodsTester0 > test226 FAILED
    java.lang.AssertionError at SimpleMethodsTester0.java:6896

testers.SimpleMethodsTester0 > test227 FAILED
    java.lang.AssertionError at SimpleMethodsTester0.java:6932

testers.SimpleMethodsTester0 > test228 FAILED
    java.lang.AssertionError at SimpleMethodsTester0.java:6976

testers.SimpleMethodsTester0 > test229 FAILED
    java.lang.AssertionError at SimpleMethodsTester0.java:7004

testers.SimpleMethodsTester0 > test230 FAILED
    java.lang.AssertionError at SimpleMethodsTester0.java:7046

testers.SimpleMethodsTester0 > test231 FAILED
    java.lang.AssertionError at SimpleMethodsTester0.java:7080

testers.SimpleMethodsTester0 > test232 FAILED
    java.lang.AssertionError at SimpleMethodsTester0.java:7116

testers.SimpleMethodsTester0 > test233 FAILED
    java.lang.AssertionError at SimpleMethodsTester0.java:7152

testers.SimpleMethodsTester0 > test234 FAILED
    java.lang.AssertionError at SimpleMethodsTester0.java:7188

testers.SimpleMethodsTester0 > test235 FAILED
    java.lang.AssertionError at SimpleMethodsTester0.java:7218

testers.SimpleMethodsTester0 > test236 FAILED
    java.lang.AssertionError at SimpleMethodsTester0.java:7256

testers.SimpleMethodsTester0 > test237 FAILED
    java.lang.AssertionError at SimpleMethodsTester0.java:7278

testers.SimpleMethodsTester0 > test238 FAILED
    java.lang.AssertionError at SimpleMethodsTester0.java:7308

testers.SimpleMethodsTester0 > test239 FAILED
    java.lang.AssertionError at SimpleMethodsTester0.java:7348

testers.SimpleMethodsTester0 > test240 FAILED
    java.lang.AssertionError at SimpleMethodsTester0.java:7382

testers.SimpleMethodsTester0 > test241 FAILED
    java.lang.AssertionError at SimpleMethodsTester0.java:7414

testers.SimpleMethodsTester0 > test242 FAILED
    java.lang.AssertionError at SimpleMethodsTester0.java:7456

testers.SimpleMethodsTester0 > test243 FAILED
    java.lang.AssertionError at SimpleMethodsTester0.java:7486

testers.SimpleMethodsTester0 > test244 FAILED
    java.lang.AssertionError at SimpleMethodsTester0.java:7521

testers.SimpleMethodsTester0 > test245 FAILED
    java.lang.AssertionError at SimpleMethodsTester0.java:7560

testers.SimpleMethodsTester0 > test246 FAILED
    java.lang.AssertionError at SimpleMethodsTester0.java:7592

testers.SimpleMethodsTester0 > test247 FAILED
    java.lang.AssertionError at SimpleMethodsTester0.java:7638

testers.SimpleMethodsTester0 > test248 FAILED
    java.lang.AssertionError at SimpleMethodsTester0.java:7678

testers.SimpleMethodsTester0 > test249 FAILED
    java.lang.AssertionError at SimpleMethodsTester0.java:7715

testers.SimpleMethodsTester0 > test250 FAILED
    java.lang.AssertionError at SimpleMethodsTester0.java:7733

testers.SimpleMethodsTester0 > test251 FAILED
    java.lang.AssertionError at SimpleMethodsTester0.java:7761

testers.SimpleMethodsTester0 > test252 FAILED
    java.lang.AssertionError at SimpleMethodsTester0.java:7799

testers.SimpleMethodsTester0 > test253 FAILED
    java.lang.AssertionError at SimpleMethodsTester0.java:7833

testers.SimpleMethodsTester0 > test254 FAILED
    java.lang.AssertionError at SimpleMethodsTester0.java:7853

testers.SimpleMethodsTester0 > test255 FAILED
    java.lang.AssertionError at SimpleMethodsTester0.java:7889

testers.SimpleMethodsTester0 > test256 FAILED
    java.lang.AssertionError at SimpleMethodsTester0.java:7923

testers.SimpleMethodsTester0 > test257 FAILED
    java.lang.AssertionError at SimpleMethodsTester0.java:7941

testers.SimpleMethodsTester0 > test258 FAILED
    java.lang.AssertionError at SimpleMethodsTester0.java:7979

testers.SimpleMethodsTester0 > test259 FAILED
    java.lang.AssertionError at SimpleMethodsTester0.java:8006

testers.SimpleMethodsTester0 > test260 FAILED
    java.lang.AssertionError at SimpleMethodsTester0.java:8036

testers.SimpleMethodsTester0 > test261 FAILED
    java.lang.AssertionError at SimpleMethodsTester0.java:8070

testers.SimpleMethodsTester0 > test262 FAILED
    java.lang.AssertionError at SimpleMethodsTester0.java:8096

testers.SimpleMethodsTester0 > test263 FAILED
    java.lang.AssertionError at SimpleMethodsTester0.java:8124

testers.SimpleMethodsTester0 > test264 FAILED
    java.lang.AssertionError at SimpleMethodsTester0.java:8157

testers.SimpleMethodsTester0 > test265 FAILED
    java.lang.AssertionError at SimpleMethodsTester0.java:8191

testers.SimpleMethodsTester0 > test266 FAILED
    java.lang.AssertionError at SimpleMethodsTester0.java:8229

testers.SimpleMethodsTester0 > test267 FAILED
    java.lang.AssertionError at SimpleMethodsTester0.java:8255

testers.SimpleMethodsTester0 > test268 FAILED
    java.lang.AssertionError at SimpleMethodsTester0.java:8279

testers.SimpleMethodsTester0 > test269 FAILED
    java.lang.AssertionError at SimpleMethodsTester0.java:8310

testers.SimpleMethodsTester0 > test270 FAILED
    java.lang.AssertionError at SimpleMethodsTester0.java:8351

testers.SimpleMethodsTester0 > test271 FAILED
    java.lang.AssertionError at SimpleMethodsTester0.java:8381

testers.SimpleMethodsTester0 > test272 FAILED
    java.lang.AssertionError at SimpleMethodsTester0.java:8412

testers.SimpleMethodsTester0 > test273 FAILED
    java.lang.AssertionError at SimpleMethodsTester0.java:8450

testers.SimpleMethodsTester0 > test274 FAILED
    java.lang.AssertionError at SimpleMethodsTester0.java:8495

testers.SimpleMethodsTester0 > test275 FAILED
    java.lang.AssertionError at SimpleMethodsTester0.java:8527

testers.SimpleMethodsTester0 > test276 FAILED
    java.lang.AssertionError at SimpleMethodsTester0.java:8559

testers.SimpleMethodsTester0 > test277 FAILED
    java.lang.AssertionError at SimpleMethodsTester0.java:8580

testers.SimpleMethodsTester0 > test278 FAILED
    java.lang.AssertionError at SimpleMethodsTester0.java:8616

testers.SimpleMethodsTester0 > test279 FAILED
    java.lang.AssertionError at SimpleMethodsTester0.java:8646

testers.SimpleMethodsTester0 > test280 FAILED
    java.lang.AssertionError at SimpleMethodsTester0.java:8671

testers.SimpleMethodsTester0 > test281 FAILED
    java.lang.AssertionError at SimpleMethodsTester0.java:8705

testers.SimpleMethodsTester0 > test282 FAILED
    java.lang.AssertionError at SimpleMethodsTester0.java:8746

testers.SimpleMethodsTester0 > test283 FAILED
    java.lang.AssertionError at SimpleMethodsTester0.java:8773

testers.SimpleMethodsTester0 > test284 FAILED
    java.lang.AssertionError at SimpleMethodsTester0.java:8804

testers.SimpleMethodsTester0 > test285 FAILED
    java.lang.AssertionError at SimpleMethodsTester0.java:8830

testers.SimpleMethodsTester0 > test286 FAILED
    java.lang.AssertionError at SimpleMethodsTester0.java:8866

testers.SimpleMethodsTester0 > test287 FAILED
    java.lang.AssertionError at SimpleMethodsTester0.java:8900

testers.SimpleMethodsTester0 > test288 FAILED
    java.lang.AssertionError at SimpleMethodsTester0.java:8942

testers.SimpleMethodsTester0 > test289 FAILED
    java.lang.AssertionError at SimpleMethodsTester0.java:8981

testers.SimpleMethodsTester0 > test290 FAILED
    java.lang.AssertionError at SimpleMethodsTester0.java:9023

testers.SimpleMethodsTester0 > test291 FAILED
    java.lang.AssertionError at SimpleMethodsTester0.java:9059

testers.SimpleMethodsTester0 > test292 FAILED
    java.lang.AssertionError at SimpleMethodsTester0.java:9099

testers.SimpleMethodsTester0 > test293 FAILED
    java.lang.AssertionError at SimpleMethodsTester0.java:9130

testers.SimpleMethodsTester0 > test294 FAILED
    java.lang.AssertionError at SimpleMethodsTester0.java:9166

testers.SimpleMethodsTester0 > test295 FAILED
    java.lang.AssertionError at SimpleMethodsTester0.java:9207

testers.SimpleMethodsTester0 > test296 FAILED
    java.lang.AssertionError at SimpleMethodsTester0.java:9247

testers.SimpleMethodsTester0 > test297 FAILED
    java.lang.AssertionError at SimpleMethodsTester0.java:9269

testers.SimpleMethodsTester0 > test298 FAILED
    java.lang.AssertionError at SimpleMethodsTester0.java:9315

testers.SimpleMethodsTester0 > test299 FAILED
    java.lang.AssertionError at SimpleMethodsTester0.java:9354

testers.SimpleMethodsTester0 > test300 FAILED
    java.lang.AssertionError at SimpleMethodsTester0.java:9386

testers.SimpleMethodsTester0 > test301 FAILED
    java.lang.AssertionError at SimpleMethodsTester0.java:9426

testers.SimpleMethodsTester0 > test302 FAILED
    java.lang.AssertionError at SimpleMethodsTester0.java:9438

testers.SimpleMethodsTester0 > test303 FAILED
    java.lang.AssertionError at SimpleMethodsTester0.java:9467

testers.SimpleMethodsTester0 > test304 FAILED
    java.lang.AssertionError at SimpleMethodsTester0.java:9501

testers.SimpleMethodsTester0 > test305 FAILED
    java.lang.AssertionError at SimpleMethodsTester0.java:9535

testers.SimpleMethodsTester0 > test306 FAILED
    java.lang.AssertionError at SimpleMethodsTester0.java:9571

testers.SimpleMethodsTester0 > test307 FAILED
    java.lang.AssertionError at SimpleMethodsTester0.java:9611

testers.SimpleMethodsTester0 > test308 FAILED
    java.lang.AssertionError at SimpleMethodsTester0.java:9652

testers.SimpleMethodsTester0 > test309 FAILED
    java.lang.AssertionError at SimpleMethodsTester0.java:9687

testers.SimpleMethodsTester0 > test310 FAILED
    java.lang.AssertionError at SimpleMethodsTester0.java:9715

testers.SimpleMethodsTester0 > test311 FAILED
    java.lang.AssertionError at SimpleMethodsTester0.java:9757

testers.SimpleMethodsTester0 > test312 FAILED
    java.lang.AssertionError at SimpleMethodsTester0.java:9789

testers.SimpleMethodsTester0 > test313 FAILED
    java.lang.AssertionError at SimpleMethodsTester0.java:9824
Results: FAILURE (557 tests, 6 successes, 551 failures, 0 skipped)
:test FAILED
4 actionable tasks: 4 executed
