Starting a Gradle Daemon, 62 busy Daemons could not be reused, use --status for details
:clean

BUILD SUCCESSFUL in 3s
1 actionable task: 1 executed
:compileJava
:processResources NO-SOURCE
:classes
:compileTestJava
:processTestResources NO-SOURCE
:testClasses
:jar
:assemble
:test

examples.MaxBag_ESTest STANDARD_OUT
    21:15:32.522 [Test worker] INFO  o.e.r.instrumentation.EvoClassLoader - Seeing class for first time: examples.MaxBag_ESTest
    21:15:32.524 [Test worker] INFO  o.e.r.instrumentation.EvoClassLoader - Instrumenting class 'examples.MaxBag_ESTest'.
    21:15:32.548 [Test worker] INFO  o.e.r.instrumentation.EvoClassLoader - Seeing class for first time: examples.MaxBag_ESTest_scaffolding
    21:15:32.548 [Test worker] INFO  o.e.r.instrumentation.EvoClassLoader - Instrumenting class 'examples.MaxBag_ESTest_scaffolding'.
    21:15:32.550 [Test worker] INFO  o.e.r.instrumentation.EvoClassLoader - Keeping class: examples.MaxBag_ESTest_scaffolding
    21:15:32.550 [Test worker] INFO  o.e.r.instrumentation.EvoClassLoader - Keeping class: examples.MaxBag_ESTest
    21:15:32.726 [Test worker] DEBUG o.e.runtime.sandbox.MSecurityManager - Adding privileged thread: "Reference Handler"
    21:15:32.726 [Test worker] DEBUG o.e.runtime.sandbox.MSecurityManager - Adding privileged thread: "Finalizer"
    21:15:32.726 [Test worker] DEBUG o.e.runtime.sandbox.MSecurityManager - Adding privileged thread: "Signal Dispatcher"
    21:15:32.726 [Test worker] DEBUG o.e.runtime.sandbox.MSecurityManager - Adding privileged thread: "Attach Listener"
    21:15:32.726 [Test worker] DEBUG o.e.runtime.sandbox.MSecurityManager - Adding privileged thread: "Java2D Disposer"
    21:15:32.726 [Test worker] DEBUG o.e.runtime.sandbox.MSecurityManager - Adding privileged thread: "AWT-Shutdown"
    21:15:32.726 [Test worker] DEBUG o.e.runtime.sandbox.MSecurityManager - Adding privileged thread: "AWT-Windows"
    21:15:32.726 [Test worker] DEBUG o.e.runtime.sandbox.MSecurityManager - Adding privileged thread: "main"
    21:15:32.726 [Test worker] DEBUG o.e.runtime.sandbox.MSecurityManager - Adding privileged thread: "Test worker"
    21:15:32.726 [Test worker] DEBUG o.e.runtime.sandbox.MSecurityManager - Adding privileged thread: "/127.0.0.1:62700 to /127.0.0.1:62699 workers Thread 2"
    21:15:32.727 [Test worker] DEBUG o.e.runtime.sandbox.MSecurityManager - Adding privileged thread: "/127.0.0.1:62700 to /127.0.0.1:62699 workers Thread 3"
    21:15:32.764 [Test worker] INFO  o.e.r.instrumentation.EvoClassLoader - Seeing class for first time: examples.MaxBag
    21:15:32.764 [Test worker] INFO  o.e.r.instrumentation.EvoClassLoader - Instrumenting class 'examples.MaxBag'.
    21:15:32.777 [Test worker] INFO  o.e.r.i.MethodCallReplacementClassAdapter - Adding mock interface to class examples/MaxBag
    21:15:32.897 [Test worker] INFO  o.e.r.i.CreateClassResetClassAdapter - Creating brand-new static initializer in class examples/MaxBag
    21:15:32.898 [Test worker] INFO  o.e.r.instrumentation.EvoClassLoader - Keeping class: examples.MaxBag
    21:15:32.898 [Test worker] INFO  o.e.r.instrumentation.EvoClassLoader - Seeing class for first time: examples._Type328393
    21:15:32.899 [Test worker] INFO  o.e.r.instrumentation.EvoClassLoader - Instrumenting class 'examples._Type328393'.
    21:15:32.899 [Test worker] INFO  o.e.r.i.MethodCallReplacementClassAdapter - Adding mock interface to class examples/_Type328393
    21:15:32.900 [Test worker] INFO  o.e.r.i.CreateClassResetClassAdapter - Creating brand-new static initializer in class examples/_Type328393
    21:15:32.900 [Test worker] INFO  o.e.r.instrumentation.EvoClassLoader - Keeping class: examples._Type328393

examples.MaxBag_ESTest > test01 FAILED
    java.lang.OutOfMemoryError at MaxBag_ESTest.java:46

examples.MaxBag_ESTest > test10 FAILED
    java.lang.OutOfMemoryError at MaxBag_ESTest.java:177

examples.MaxBag_ESTest > test15 FAILED
    java.lang.OutOfMemoryError

examples.MaxBag_ESTest > test09 FAILED
    java.lang.OutOfMemoryError

examples.MaxBag_ESTest > test08 STANDARD_OUT
    21:15:43.071 [Test worker] INFO  o.e.runtime.thread.ThreadStopper - Found new thread

examples.MaxBag_ESTest > test07 STANDARD_OUT
    21:15:43.075 [Test worker] INFO  o.e.runtime.thread.ThreadStopper - Found new thread

examples.MaxBag_ESTest > test06 FAILED
    java.lang.OutOfMemoryError

RegressionTest > RegressionTest0.test05 FAILED
    java.lang.OutOfMemoryError

RegressionTest > RegressionTest0.test10 FAILED
    java.lang.OutOfMemoryError

RegressionTest > RegressionTest0.test28 FAILED
    java.lang.OutOfMemoryError

RegressionTest0 > test05 FAILED
    java.lang.OutOfMemoryError

RegressionTest0 > test10 FAILED
    java.lang.OutOfMemoryError

RegressionTest0 > test28 FAILED
    java.lang.OutOfMemoryError

testers.MaxBagTester0 > test004 FAILED
    java.lang.OutOfMemoryError

testers.MaxBagTester0 > test005 FAILED
    java.lang.OutOfMemoryError

testers.MaxBagTester0 > test008 FAILED
    java.lang.OutOfMemoryError

testers.MaxBagTester0 > test010 FAILED
    java.lang.OutOfMemoryError

testers.MaxBagTester0 > test018 FAILED
    java.lang.OutOfMemoryError

testers.MaxBagTester0 > test020 FAILED
    java.lang.OutOfMemoryError

testers.MaxBagTester0 > test021 FAILED
    java.lang.OutOfMemoryError

testers.MaxBagTester0 > test026 FAILED
    java.lang.OutOfMemoryError

testers.MaxBagTester0 > test027 FAILED
    java.lang.OutOfMemoryError

testers.MaxBagTester0 > test030 FAILED
    java.lang.OutOfMemoryError

testers.MaxBagTester0 > test035 FAILED
    java.lang.OutOfMemoryError

testers.MaxBagTester0 > test037 FAILED
    java.lang.OutOfMemoryError

testers.MaxBagTester0 > test038 FAILED
    java.lang.OutOfMemoryError

testers.MaxBagTester0 > test040 FAILED
    java.lang.OutOfMemoryError

testers.MaxBagTester0 > test046 FAILED
    java.lang.OutOfMemoryError

testers.MaxBagTester0 > test051 FAILED
    java.lang.OutOfMemoryError

testers.MaxBagTester0 > test056 FAILED
    java.lang.OutOfMemoryError

testers.MaxBagTester0 > test057 FAILED
    java.lang.OutOfMemoryError

testers.MaxBagTester0 > test058 FAILED
    java.lang.OutOfMemoryError

testers.MaxBagTester0 > test059 FAILED
    java.lang.OutOfMemoryError

testers.MaxBagTester0 > test063 FAILED
    java.lang.OutOfMemoryError

testers.MaxBagTester0 > test064 FAILED
    java.lang.OutOfMemoryError

testers.MaxBagTester0 > test065 FAILED
    java.lang.OutOfMemoryError

testers.MaxBagTester0 > test067 FAILED
    java.lang.OutOfMemoryError

testers.MaxBagTester0 > test071 FAILED
    java.lang.OutOfMemoryError

testers.MaxBagTester0 > test072 FAILED
    java.lang.OutOfMemoryError

testers.MaxBagTester0 > test074 FAILED
    java.lang.OutOfMemoryError

testers.MaxBagTester0 > test076 FAILED
    java.lang.OutOfMemoryError

testers.MaxBagTester0 > test077 FAILED
    java.lang.OutOfMemoryError

testers.MaxBagTester0 > test078 FAILED
    java.lang.OutOfMemoryError

testers.MaxBagTester0 > test079 FAILED
    java.lang.OutOfMemoryError

testers.MaxBagTester0 > test083 FAILED
    java.lang.OutOfMemoryError

testers.MaxBagTester0 > test085 FAILED
    java.lang.OutOfMemoryError

testers.MaxBagTester0 > test086 FAILED
    java.lang.OutOfMemoryError

testers.MaxBagTester0 > test090 FAILED
    java.lang.OutOfMemoryError

testers.MaxBagTester0 > test092 FAILED
    java.lang.OutOfMemoryError

testers.MaxBagTester0 > test093 FAILED
    java.lang.OutOfMemoryError

testers.MaxBagTester0 > test095 FAILED
    java.lang.OutOfMemoryError

testers.MaxBagTester0 > test096 FAILED
    java.lang.OutOfMemoryError

testers.MaxBagTester0 > test098 FAILED
    java.lang.OutOfMemoryError

testers.MaxBagTester0 > test099 FAILED
    java.lang.OutOfMemoryError

testers.MaxBagTester0 > test102 FAILED
    java.lang.OutOfMemoryError

testers.MaxBagTester0 > test106 FAILED
    java.lang.OutOfMemoryError

testers.MaxBagTester0 > test107 FAILED
    java.lang.OutOfMemoryError

testers.MaxBagTester0 > test108 FAILED
    java.lang.OutOfMemoryError

testers.MaxBagTester0 > test111 FAILED
    java.lang.OutOfMemoryError

testers.MaxBagTester0 > test112 FAILED
    java.lang.OutOfMemoryError

testers.MaxBagTester0 > test114 FAILED
    java.lang.OutOfMemoryError

testers.MaxBagTester0 > test118 FAILED
    java.lang.OutOfMemoryError

testers.MaxBagTester0 > test119 FAILED
    java.lang.OutOfMemoryError

testers.MaxBagTester0 > test121 FAILED
    java.lang.OutOfMemoryError

testers.MaxBagTester0 > test122 FAILED
    java.lang.OutOfMemoryError

testers.MaxBagTester0 > test124 FAILED
    java.lang.OutOfMemoryError

testers.MaxBagTester0 > test126 FAILED
    java.lang.OutOfMemoryError

testers.MaxBagTester0 > test127 FAILED
    java.lang.OutOfMemoryError

testers.MaxBagTester0 > test130 FAILED
    java.lang.OutOfMemoryError

testers.MaxBagTester0 > test132 FAILED
    java.lang.OutOfMemoryError
