:clean

BUILD SUCCESSFUL in 0s
1 actionable task: 1 executed
:compileJava
:processResources NO-SOURCE
:classes
:compileTestJava
:processTestResources NO-SOURCE
:testClasses
:jar
:assemble
:test

examples.MaxBag_ESTest STANDARD_OUT
    20:42:37.113 [Test worker] INFO  o.e.r.instrumentation.EvoClassLoader - Seeing class for first time: examples.MaxBag_ESTest
    20:42:37.115 [Test worker] INFO  o.e.r.instrumentation.EvoClassLoader - Instrumenting class 'examples.MaxBag_ESTest'.
    20:42:37.138 [Test worker] INFO  o.e.r.instrumentation.EvoClassLoader - Seeing class for first time: examples.MaxBag_ESTest_scaffolding
    20:42:37.138 [Test worker] INFO  o.e.r.instrumentation.EvoClassLoader - Instrumenting class 'examples.MaxBag_ESTest_scaffolding'.
    20:42:37.140 [Test worker] INFO  o.e.r.instrumentation.EvoClassLoader - Keeping class: examples.MaxBag_ESTest_scaffolding
    20:42:37.141 [Test worker] INFO  o.e.r.instrumentation.EvoClassLoader - Keeping class: examples.MaxBag_ESTest
    20:42:37.299 [Test worker] DEBUG o.e.runtime.sandbox.MSecurityManager - Adding privileged thread: "Reference Handler"
    20:42:37.299 [Test worker] DEBUG o.e.runtime.sandbox.MSecurityManager - Adding privileged thread: "Finalizer"
    20:42:37.299 [Test worker] DEBUG o.e.runtime.sandbox.MSecurityManager - Adding privileged thread: "Signal Dispatcher"
    20:42:37.299 [Test worker] DEBUG o.e.runtime.sandbox.MSecurityManager - Adding privileged thread: "Attach Listener"
    20:42:37.299 [Test worker] DEBUG o.e.runtime.sandbox.MSecurityManager - Adding privileged thread: "Java2D Disposer"
    20:42:37.299 [Test worker] DEBUG o.e.runtime.sandbox.MSecurityManager - Adding privileged thread: "AWT-Shutdown"
    20:42:37.299 [Test worker] DEBUG o.e.runtime.sandbox.MSecurityManager - Adding privileged thread: "AWT-Windows"
    20:42:37.299 [Test worker] DEBUG o.e.runtime.sandbox.MSecurityManager - Adding privileged thread: "main"
    20:42:37.299 [Test worker] DEBUG o.e.runtime.sandbox.MSecurityManager - Adding privileged thread: "Test worker"
    20:42:37.299 [Test worker] DEBUG o.e.runtime.sandbox.MSecurityManager - Adding privileged thread: "/127.0.0.1:49275 to /127.0.0.1:49274 workers Thread 2"
    20:42:37.299 [Test worker] DEBUG o.e.runtime.sandbox.MSecurityManager - Adding privileged thread: "/127.0.0.1:49275 to /127.0.0.1:49274 workers Thread 3"
    20:42:37.337 [Test worker] INFO  o.e.r.instrumentation.EvoClassLoader - Seeing class for first time: examples.MaxBag
    20:42:37.337 [Test worker] INFO  o.e.r.instrumentation.EvoClassLoader - Instrumenting class 'examples.MaxBag'.
    20:42:37.350 [Test worker] INFO  o.e.r.i.MethodCallReplacementClassAdapter - Adding mock interface to class examples/MaxBag
    20:42:37.469 [Test worker] INFO  o.e.r.i.CreateClassResetClassAdapter - Creating brand-new static initializer in class examples/MaxBag
    20:42:37.470 [Test worker] INFO  o.e.r.instrumentation.EvoClassLoader - Keeping class: examples.MaxBag
    20:42:37.470 [Test worker] INFO  o.e.r.instrumentation.EvoClassLoader - Seeing class for first time: examples._Type328393
    20:42:37.470 [Test worker] INFO  o.e.r.instrumentation.EvoClassLoader - Instrumenting class 'examples._Type328393'.
    20:42:37.471 [Test worker] INFO  o.e.r.i.MethodCallReplacementClassAdapter - Adding mock interface to class examples/_Type328393
    20:42:37.472 [Test worker] INFO  o.e.r.i.CreateClassResetClassAdapter - Creating brand-new static initializer in class examples/_Type328393
    20:42:37.473 [Test worker] INFO  o.e.r.instrumentation.EvoClassLoader - Keeping class: examples._Type328393

examples.MaxBag_ESTest > test11 FAILED
    java.lang.OutOfMemoryError at MaxBag_ESTest.java:192

examples.MaxBag_ESTest > test17 FAILED
    java.lang.OutOfMemoryError at MaxBag_ESTest.java:271

RegressionTest > RegressionTest0.test03 FAILED
    java.lang.OutOfMemoryError

RegressionTest > RegressionTest0.test06 FAILED
    java.lang.OutOfMemoryError

RegressionTest > RegressionTest0.test07 FAILED
    java.lang.OutOfMemoryError

RegressionTest > RegressionTest0.test08 FAILED
    java.lang.OutOfMemoryError

RegressionTest > RegressionTest0.test09 FAILED
    java.lang.OutOfMemoryError

RegressionTest > RegressionTest0.test10 FAILED
    java.lang.OutOfMemoryError

RegressionTest > RegressionTest0.test11 FAILED
    java.lang.OutOfMemoryError

RegressionTest > RegressionTest0.test12 FAILED
    java.lang.OutOfMemoryError

RegressionTest > RegressionTest0.test13 FAILED
    java.lang.OutOfMemoryError

RegressionTest > RegressionTest0.test14 FAILED
    java.lang.OutOfMemoryError

RegressionTest > RegressionTest0.test15 FAILED
    java.lang.OutOfMemoryError

RegressionTest > RegressionTest0.test16 FAILED
    java.lang.OutOfMemoryError

RegressionTest > RegressionTest0.test17 FAILED
    java.lang.OutOfMemoryError

RegressionTest > RegressionTest0.test18 FAILED
    java.lang.OutOfMemoryError

RegressionTest > RegressionTest0.test19 FAILED
    java.lang.OutOfMemoryError

RegressionTest > RegressionTest0.test20 FAILED
    java.lang.OutOfMemoryError

RegressionTest > RegressionTest0.test21 FAILED
    java.lang.OutOfMemoryError

RegressionTest > RegressionTest0.test22 FAILED
    java.lang.OutOfMemoryError

RegressionTest > RegressionTest0.test23 FAILED
    java.lang.OutOfMemoryError

RegressionTest > RegressionTest0.test24 FAILED
    java.lang.OutOfMemoryError

RegressionTest > RegressionTest0.test25 FAILED
    java.lang.OutOfMemoryError

RegressionTest > RegressionTest0.test26 FAILED
    java.lang.OutOfMemoryError

RegressionTest0 > test03 FAILED
    java.lang.OutOfMemoryError

RegressionTest0 > test06 FAILED
    java.lang.OutOfMemoryError

RegressionTest0 > test07 FAILED
    java.lang.OutOfMemoryError

RegressionTest0 > test08 FAILED
    java.lang.OutOfMemoryError

RegressionTest0 > test09 FAILED
    java.lang.OutOfMemoryError

RegressionTest0 > test10 FAILED
    java.lang.OutOfMemoryError

RegressionTest0 > test11 FAILED
    java.lang.OutOfMemoryError

RegressionTest0 > test12 FAILED
    java.lang.OutOfMemoryError

RegressionTest0 > test13 FAILED
    java.lang.OutOfMemoryError

RegressionTest0 > test14 FAILED
    java.lang.OutOfMemoryError

RegressionTest0 > test15 FAILED
    java.lang.OutOfMemoryError

RegressionTest0 > test16 FAILED
    java.lang.OutOfMemoryError

RegressionTest0 > test17 FAILED
    java.lang.OutOfMemoryError

RegressionTest0 > test18 FAILED
    java.lang.OutOfMemoryError

RegressionTest0 > test19 FAILED
    java.lang.OutOfMemoryError

RegressionTest0 > test20 FAILED
    java.lang.OutOfMemoryError

RegressionTest0 > test21 FAILED
    java.lang.OutOfMemoryError

RegressionTest0 > test22 FAILED
    java.lang.OutOfMemoryError

RegressionTest0 > test23 FAILED
    java.lang.OutOfMemoryError

RegressionTest0 > test24 FAILED
    java.lang.OutOfMemoryError

RegressionTest0 > test25 FAILED
    java.lang.OutOfMemoryError

RegressionTest0 > test26 FAILED
    java.lang.OutOfMemoryError

testers.MaxBagTester0 > test006 FAILED
    java.lang.OutOfMemoryError

testers.MaxBagTester0 > test013 FAILED
    java.lang.OutOfMemoryError

testers.MaxBagTester0 > test015 FAILED
    java.lang.OutOfMemoryError

testers.MaxBagTester0 > test022 FAILED
    java.lang.OutOfMemoryError

testers.MaxBagTester0 > test029 FAILED
    java.lang.OutOfMemoryError

testers.MaxBagTester0 > test031 FAILED
    java.lang.OutOfMemoryError

testers.MaxBagTester0 > test032 FAILED
    java.lang.OutOfMemoryError

testers.MaxBagTester0 > test039 FAILED
    java.lang.OutOfMemoryError

testers.MaxBagTester0 > test041 FAILED
    java.lang.OutOfMemoryError

testers.MaxBagTester0 > test044 FAILED
    java.lang.OutOfMemoryError

testers.MaxBagTester0 > test045 FAILED
    java.lang.OutOfMemoryError

testers.MaxBagTester0 > test049 FAILED
    java.lang.OutOfMemoryError

testers.MaxBagTester0 > test050 FAILED
    java.lang.OutOfMemoryError

testers.MaxBagTester0 > test053 FAILED
    java.lang.OutOfMemoryError

testers.MaxBagTester0 > test055 FAILED
    java.lang.OutOfMemoryError

testers.MaxBagTester0 > test061 FAILED
    java.lang.OutOfMemoryError

testers.MaxBagTester0 > test068 FAILED
    java.lang.OutOfMemoryError

testers.MaxBagTester0 > test070 FAILED
    java.lang.OutOfMemoryError

testers.MaxBagTester0 > test073 FAILED
    java.lang.OutOfMemoryError

testers.MaxBagTester0 > test084 FAILED
    java.lang.OutOfMemoryError

testers.MaxBagTester0 > test089 FAILED
    java.lang.OutOfMemoryError

testers.MaxBagTester0 > test094 FAILED
    java.lang.OutOfMemoryError

testers.MaxBagTester0 > test101 FAILED
    java.lang.OutOfMemoryError

testers.MaxBagTester0 > test104 FAILED
    java.lang.OutOfMemoryError

testers.MaxBagTester0 > test105 FAILED
    java.lang.OutOfMemoryError
