:clean

BUILD SUCCESSFUL in 0s
1 actionable task: 1 executed
:compileJava
:processResources NO-SOURCE
:classes
:compileTestJava
:processTestResources NO-SOURCE
:testClasses
:jar
:assemble
:test

examples.MaxBag_ESTest STANDARD_OUT
    11:20:27.860 [Test worker] INFO  o.e.r.instrumentation.EvoClassLoader - Seeing class for first time: examples.MaxBag_ESTest
    11:20:27.862 [Test worker] INFO  o.e.r.instrumentation.EvoClassLoader - Instrumenting class 'examples.MaxBag_ESTest'.
    11:20:27.886 [Test worker] INFO  o.e.r.instrumentation.EvoClassLoader - Seeing class for first time: examples.MaxBag_ESTest_scaffolding
    11:20:27.886 [Test worker] INFO  o.e.r.instrumentation.EvoClassLoader - Instrumenting class 'examples.MaxBag_ESTest_scaffolding'.
    11:20:27.888 [Test worker] INFO  o.e.r.instrumentation.EvoClassLoader - Keeping class: examples.MaxBag_ESTest_scaffolding
    11:20:27.888 [Test worker] INFO  o.e.r.instrumentation.EvoClassLoader - Keeping class: examples.MaxBag_ESTest
    11:20:28.158 [Test worker] DEBUG o.e.runtime.sandbox.MSecurityManager - Adding privileged thread: "Reference Handler"
    11:20:28.158 [Test worker] DEBUG o.e.runtime.sandbox.MSecurityManager - Adding privileged thread: "Finalizer"
    11:20:28.158 [Test worker] DEBUG o.e.runtime.sandbox.MSecurityManager - Adding privileged thread: "Signal Dispatcher"
    11:20:28.158 [Test worker] DEBUG o.e.runtime.sandbox.MSecurityManager - Adding privileged thread: "Attach Listener"
    11:20:28.158 [Test worker] DEBUG o.e.runtime.sandbox.MSecurityManager - Adding privileged thread: "Java2D Disposer"
    11:20:28.158 [Test worker] DEBUG o.e.runtime.sandbox.MSecurityManager - Adding privileged thread: "AWT-Shutdown"
    11:20:28.159 [Test worker] DEBUG o.e.runtime.sandbox.MSecurityManager - Adding privileged thread: "AWT-Windows"
    11:20:28.159 [Test worker] DEBUG o.e.runtime.sandbox.MSecurityManager - Adding privileged thread: "main"
    11:20:28.159 [Test worker] DEBUG o.e.runtime.sandbox.MSecurityManager - Adding privileged thread: "Test worker"
    11:20:28.159 [Test worker] DEBUG o.e.runtime.sandbox.MSecurityManager - Adding privileged thread: "/127.0.0.1:62171 to /127.0.0.1:62170 workers Thread 2"
    11:20:28.159 [Test worker] DEBUG o.e.runtime.sandbox.MSecurityManager - Adding privileged thread: "/127.0.0.1:62171 to /127.0.0.1:62170 workers Thread 3"
    11:20:28.202 [Test worker] INFO  o.e.r.instrumentation.EvoClassLoader - Seeing class for first time: examples.MaxBag
    11:20:28.202 [Test worker] INFO  o.e.r.instrumentation.EvoClassLoader - Instrumenting class 'examples.MaxBag'.
    11:20:28.215 [Test worker] INFO  o.e.r.i.MethodCallReplacementClassAdapter - Adding mock interface to class examples/MaxBag
    11:20:28.339 [Test worker] INFO  o.e.r.i.CreateClassResetClassAdapter - Creating brand-new static initializer in class examples/MaxBag
    11:20:28.340 [Test worker] INFO  o.e.r.instrumentation.EvoClassLoader - Keeping class: examples.MaxBag
    11:20:28.340 [Test worker] INFO  o.e.r.instrumentation.EvoClassLoader - Seeing class for first time: examples._Type328393
    11:20:28.340 [Test worker] INFO  o.e.r.instrumentation.EvoClassLoader - Instrumenting class 'examples._Type328393'.
    11:20:28.341 [Test worker] INFO  o.e.r.i.MethodCallReplacementClassAdapter - Adding mock interface to class examples/_Type328393
    11:20:28.342 [Test worker] INFO  o.e.r.i.CreateClassResetClassAdapter - Creating brand-new static initializer in class examples/_Type328393
    11:20:28.342 [Test worker] INFO  o.e.r.instrumentation.EvoClassLoader - Keeping class: examples._Type328393

examples.MaxBag_ESTest > test12 FAILED
    java.lang.ArrayIndexOutOfBoundsException at MaxBag_ESTest.java:202

examples.MaxBag_ESTest > test11 FAILED
    java.lang.ArrayIndexOutOfBoundsException at MaxBag_ESTest.java:191

examples.MaxBag_ESTest > test16 FAILED
    java.lang.ArrayIndexOutOfBoundsException at MaxBag_ESTest.java:249

examples.MaxBag_ESTest > test13 FAILED
    java.lang.ArrayIndexOutOfBoundsException at MaxBag_ESTest.java:213

examples.MaxBag_ESTest > test09 FAILED
    java.lang.ArrayIndexOutOfBoundsException at MaxBag_ESTest.java:160

RegressionTest > RegressionTest0.test09 FAILED
    java.lang.ArrayIndexOutOfBoundsException at RegressionTest0.java:116

RegressionTest > RegressionTest0.test11 FAILED
    java.lang.ArrayIndexOutOfBoundsException at RegressionTest0.java:143

RegressionTest > RegressionTest0.test19 FAILED
    java.lang.ArrayIndexOutOfBoundsException at RegressionTest0.java:266

RegressionTest0 > test09 FAILED
    java.lang.ArrayIndexOutOfBoundsException at RegressionTest0.java:116

RegressionTest0 > test11 FAILED
    java.lang.ArrayIndexOutOfBoundsException at RegressionTest0.java:143

RegressionTest0 > test19 FAILED
    java.lang.ArrayIndexOutOfBoundsException at RegressionTest0.java:266
Results: FAILURE (75 tests, 64 successes, 11 failures, 0 skipped)
:test FAILED
4 actionable tasks: 4 executed
