:clean

BUILD SUCCESSFUL in 0s
1 actionable task: 1 executed
:compileJava
:processResources NO-SOURCE
:classes
:compileTestJava
:processTestResources NO-SOURCE
:testClasses
:jar
:assemble
:test

examples.MaxBag_ESTest STANDARD_OUT
    11:28:48.033 [Test worker] INFO  o.e.r.instrumentation.EvoClassLoader - Seeing class for first time: examples.MaxBag_ESTest
    11:28:48.036 [Test worker] INFO  o.e.r.instrumentation.EvoClassLoader - Instrumenting class 'examples.MaxBag_ESTest'.
    11:28:48.058 [Test worker] INFO  o.e.r.instrumentation.EvoClassLoader - Seeing class for first time: examples.MaxBag_ESTest_scaffolding
    11:28:48.058 [Test worker] INFO  o.e.r.instrumentation.EvoClassLoader - Instrumenting class 'examples.MaxBag_ESTest_scaffolding'.
    11:28:48.060 [Test worker] INFO  o.e.r.instrumentation.EvoClassLoader - Keeping class: examples.MaxBag_ESTest_scaffolding
    11:28:48.060 [Test worker] INFO  o.e.r.instrumentation.EvoClassLoader - Keeping class: examples.MaxBag_ESTest
    11:28:48.335 [Test worker] DEBUG o.e.runtime.sandbox.MSecurityManager - Adding privileged thread: "Reference Handler"
    11:28:48.336 [Test worker] DEBUG o.e.runtime.sandbox.MSecurityManager - Adding privileged thread: "Finalizer"
    11:28:48.336 [Test worker] DEBUG o.e.runtime.sandbox.MSecurityManager - Adding privileged thread: "Signal Dispatcher"
    11:28:48.336 [Test worker] DEBUG o.e.runtime.sandbox.MSecurityManager - Adding privileged thread: "Attach Listener"
    11:28:48.336 [Test worker] DEBUG o.e.runtime.sandbox.MSecurityManager - Adding privileged thread: "Java2D Disposer"
    11:28:48.336 [Test worker] DEBUG o.e.runtime.sandbox.MSecurityManager - Adding privileged thread: "AWT-Shutdown"
    11:28:48.336 [Test worker] DEBUG o.e.runtime.sandbox.MSecurityManager - Adding privileged thread: "AWT-Windows"
    11:28:48.336 [Test worker] DEBUG o.e.runtime.sandbox.MSecurityManager - Adding privileged thread: "main"
    11:28:48.336 [Test worker] DEBUG o.e.runtime.sandbox.MSecurityManager - Adding privileged thread: "Test worker"
    11:28:48.336 [Test worker] DEBUG o.e.runtime.sandbox.MSecurityManager - Adding privileged thread: "/127.0.0.1:62766 to /127.0.0.1:62765 workers Thread 2"
    11:28:48.336 [Test worker] DEBUG o.e.runtime.sandbox.MSecurityManager - Adding privileged thread: "/127.0.0.1:62766 to /127.0.0.1:62765 workers Thread 3"
    11:28:48.376 [Test worker] INFO  o.e.r.instrumentation.EvoClassLoader - Seeing class for first time: examples.MaxBag
    11:28:48.376 [Test worker] INFO  o.e.r.instrumentation.EvoClassLoader - Instrumenting class 'examples.MaxBag'.
    11:28:48.391 [Test worker] INFO  o.e.r.i.MethodCallReplacementClassAdapter - Adding mock interface to class examples/MaxBag
    11:28:48.514 [Test worker] INFO  o.e.r.i.CreateClassResetClassAdapter - Creating brand-new static initializer in class examples/MaxBag
    11:28:48.514 [Test worker] INFO  o.e.r.instrumentation.EvoClassLoader - Keeping class: examples.MaxBag
    11:28:48.515 [Test worker] INFO  o.e.r.instrumentation.EvoClassLoader - Seeing class for first time: examples._Type328393
    11:28:48.515 [Test worker] INFO  o.e.r.instrumentation.EvoClassLoader - Instrumenting class 'examples._Type328393'.
    11:28:48.516 [Test worker] INFO  o.e.r.i.MethodCallReplacementClassAdapter - Adding mock interface to class examples/_Type328393
    11:28:48.517 [Test worker] INFO  o.e.r.i.CreateClassResetClassAdapter - Creating brand-new static initializer in class examples/_Type328393
    11:28:48.517 [Test worker] INFO  o.e.r.instrumentation.EvoClassLoader - Keeping class: examples._Type328393

examples.MaxBag_ESTest > test01 FAILED
    java.lang.OutOfMemoryError at MaxBag_ESTest.java:36

examples.MaxBag_ESTest > test11 FAILED
    java.lang.OutOfMemoryError at MaxBag_ESTest.java:190

examples.MaxBag_ESTest > test10 FAILED
    java.lang.OutOfMemoryError

examples.MaxBag_ESTest > test16 FAILED
    java.lang.OutOfMemoryError

examples.MaxBag_ESTest > test04 STANDARD_OUT
    11:28:58.362 [Test worker] INFO  o.e.runtime.thread.ThreadStopper - Found new thread

examples.MaxBag_ESTest > test15 FAILED
    java.lang.OutOfMemoryError

examples.MaxBag_ESTest > test03 STANDARD_OUT
    11:29:01.648 [Test worker] INFO  o.e.runtime.thread.ThreadStopper - Found new thread

examples.MaxBag_ESTest > test03 FAILED
    java.lang.OutOfMemoryError

examples.MaxBag_ESTest > test02 STANDARD_OUT
    11:29:01.651 [Test worker] INFO  o.e.runtime.thread.ThreadStopper - Found new thread

examples.MaxBag_ESTest > test13 FAILED
    java.lang.OutOfMemoryError

examples.MaxBag_ESTest > test09 FAILED
    java.lang.OutOfMemoryError

examples.MaxBag_ESTest > test08 STANDARD_OUT
    11:29:04.358 [Test worker] INFO  o.e.runtime.thread.ThreadStopper - Found new thread

examples.MaxBag_ESTest > test06 STANDARD_OUT
    11:29:04.363 [Test worker] INFO  o.e.runtime.thread.ThreadStopper - Found new thread

examples.MaxBag_ESTest > test17 STANDARD_OUT
    11:29:04.364 [Test worker] INFO  o.e.runtime.thread.ThreadStopper - Found new thread

RegressionTest > RegressionTest0.test03 FAILED
    java.lang.OutOfMemoryError

RegressionTest > RegressionTest0.test06 FAILED
    java.lang.OutOfMemoryError

RegressionTest > RegressionTest0.test07 FAILED
    java.lang.OutOfMemoryError

RegressionTest > RegressionTest0.test08 FAILED
    java.lang.OutOfMemoryError

RegressionTest > RegressionTest0.test09 FAILED
    java.lang.OutOfMemoryError

RegressionTest > RegressionTest0.test10 FAILED
    java.lang.OutOfMemoryError

RegressionTest > RegressionTest0.test11 FAILED
    java.lang.OutOfMemoryError

RegressionTest > RegressionTest0.test12 FAILED
    java.lang.OutOfMemoryError

RegressionTest > RegressionTest0.test13 FAILED
    java.lang.OutOfMemoryError

RegressionTest > RegressionTest0.test14 FAILED
    java.lang.OutOfMemoryError

RegressionTest > RegressionTest0.test15 FAILED
    java.lang.OutOfMemoryError

RegressionTest > RegressionTest0.test16 FAILED
    java.lang.OutOfMemoryError

RegressionTest > RegressionTest0.test17 FAILED
    java.lang.OutOfMemoryError

RegressionTest > RegressionTest0.test18 FAILED
    java.lang.OutOfMemoryError

RegressionTest > RegressionTest0.test19 FAILED
    java.lang.OutOfMemoryError

RegressionTest > RegressionTest0.test20 FAILED
    java.lang.OutOfMemoryError

RegressionTest > RegressionTest0.test21 FAILED
    java.lang.OutOfMemoryError

RegressionTest > RegressionTest0.test22 FAILED
    java.lang.OutOfMemoryError

RegressionTest > RegressionTest0.test23 FAILED
    java.lang.OutOfMemoryError

RegressionTest > RegressionTest0.test24 FAILED
    java.lang.OutOfMemoryError

RegressionTest > RegressionTest0.test25 FAILED
    java.lang.OutOfMemoryError

RegressionTest > RegressionTest0.test26 FAILED
    java.lang.OutOfMemoryError

RegressionTest > RegressionTest0.test27 FAILED
    java.lang.OutOfMemoryError

RegressionTest0 > test03 FAILED
    java.lang.OutOfMemoryError

RegressionTest0 > test06 FAILED
    java.lang.OutOfMemoryError

RegressionTest0 > test07 FAILED
    java.lang.OutOfMemoryError

RegressionTest0 > test08 FAILED
    java.lang.OutOfMemoryError

RegressionTest0 > test09 FAILED
    java.lang.OutOfMemoryError

RegressionTest0 > test10 FAILED
    java.lang.OutOfMemoryError

RegressionTest0 > test11 FAILED
    java.lang.OutOfMemoryError

RegressionTest0 > test12 FAILED
    java.lang.OutOfMemoryError

RegressionTest0 > test13 FAILED
    java.lang.OutOfMemoryError

RegressionTest0 > test14 FAILED
    java.lang.OutOfMemoryError

RegressionTest0 > test15 FAILED
    java.lang.OutOfMemoryError

RegressionTest0 > test16 FAILED
    java.lang.OutOfMemoryError

RegressionTest0 > test17 FAILED
    java.lang.OutOfMemoryError

RegressionTest0 > test18 FAILED
    java.lang.OutOfMemoryError

RegressionTest0 > test19 FAILED
    java.lang.OutOfMemoryError

RegressionTest0 > test20 FAILED
    java.lang.OutOfMemoryError

RegressionTest0 > test21 FAILED
    java.lang.OutOfMemoryError

RegressionTest0 > test22 FAILED
    java.lang.OutOfMemoryError

RegressionTest0 > test23 FAILED
    java.lang.OutOfMemoryError

RegressionTest0 > test24 FAILED
    java.lang.OutOfMemoryError

RegressionTest0 > test25 FAILED
    java.lang.OutOfMemoryError

RegressionTest0 > test26 FAILED
    java.lang.OutOfMemoryError

RegressionTest0 > test27 FAILED
    java.lang.OutOfMemoryError
Results: FAILURE (75 tests, 21 successes, 54 failures, 0 skipped)
:test FAILED
4 actionable tasks: 4 executed
