:clean

BUILD SUCCESSFUL in 0s
1 actionable task: 1 executed
:compileJava
:processResources NO-SOURCE
:classes
:compileTestJava
:processTestResources NO-SOURCE
:testClasses
:jar
:assemble
:test

examples.MaxBag_ESTest STANDARD_OUT
    04:11:15.916 [Test worker] INFO  o.e.r.instrumentation.EvoClassLoader - Seeing class for first time: examples.MaxBag_ESTest
    04:11:15.918 [Test worker] INFO  o.e.r.instrumentation.EvoClassLoader - Instrumenting class 'examples.MaxBag_ESTest'.
    04:11:15.940 [Test worker] INFO  o.e.r.instrumentation.EvoClassLoader - Seeing class for first time: examples.MaxBag_ESTest_scaffolding
    04:11:15.940 [Test worker] INFO  o.e.r.instrumentation.EvoClassLoader - Instrumenting class 'examples.MaxBag_ESTest_scaffolding'.
    04:11:15.942 [Test worker] INFO  o.e.r.instrumentation.EvoClassLoader - Keeping class: examples.MaxBag_ESTest_scaffolding
    04:11:15.942 [Test worker] INFO  o.e.r.instrumentation.EvoClassLoader - Keeping class: examples.MaxBag_ESTest
    04:11:16.103 [Test worker] DEBUG o.e.runtime.sandbox.MSecurityManager - Adding privileged thread: "Reference Handler"
    04:11:16.103 [Test worker] DEBUG o.e.runtime.sandbox.MSecurityManager - Adding privileged thread: "Finalizer"
    04:11:16.103 [Test worker] DEBUG o.e.runtime.sandbox.MSecurityManager - Adding privileged thread: "Signal Dispatcher"
    04:11:16.103 [Test worker] DEBUG o.e.runtime.sandbox.MSecurityManager - Adding privileged thread: "Attach Listener"
    04:11:16.103 [Test worker] DEBUG o.e.runtime.sandbox.MSecurityManager - Adding privileged thread: "Java2D Disposer"
    04:11:16.103 [Test worker] DEBUG o.e.runtime.sandbox.MSecurityManager - Adding privileged thread: "AWT-Shutdown"
    04:11:16.103 [Test worker] DEBUG o.e.runtime.sandbox.MSecurityManager - Adding privileged thread: "AWT-Windows"
    04:11:16.103 [Test worker] DEBUG o.e.runtime.sandbox.MSecurityManager - Adding privileged thread: "main"
    04:11:16.103 [Test worker] DEBUG o.e.runtime.sandbox.MSecurityManager - Adding privileged thread: "Test worker"
    04:11:16.103 [Test worker] DEBUG o.e.runtime.sandbox.MSecurityManager - Adding privileged thread: "/127.0.0.1:56368 to /127.0.0.1:56367 workers Thread 2"
    04:11:16.103 [Test worker] DEBUG o.e.runtime.sandbox.MSecurityManager - Adding privileged thread: "/127.0.0.1:56368 to /127.0.0.1:56367 workers Thread 3"
    04:11:16.143 [Test worker] INFO  o.e.r.instrumentation.EvoClassLoader - Seeing class for first time: examples.MaxBag
    04:11:16.143 [Test worker] INFO  o.e.r.instrumentation.EvoClassLoader - Instrumenting class 'examples.MaxBag'.
    04:11:16.157 [Test worker] INFO  o.e.r.i.MethodCallReplacementClassAdapter - Adding mock interface to class examples/MaxBag
    04:11:16.279 [Test worker] INFO  o.e.r.i.CreateClassResetClassAdapter - Creating brand-new static initializer in class examples/MaxBag
    04:11:16.280 [Test worker] INFO  o.e.r.instrumentation.EvoClassLoader - Keeping class: examples.MaxBag
    04:11:16.280 [Test worker] INFO  o.e.r.instrumentation.EvoClassLoader - Seeing class for first time: examples._Type328393
    04:11:16.280 [Test worker] INFO  o.e.r.instrumentation.EvoClassLoader - Instrumenting class 'examples._Type328393'.
    04:11:16.281 [Test worker] INFO  o.e.r.i.MethodCallReplacementClassAdapter - Adding mock interface to class examples/_Type328393
    04:11:16.282 [Test worker] INFO  o.e.r.i.CreateClassResetClassAdapter - Creating brand-new static initializer in class examples/_Type328393
    04:11:16.282 [Test worker] INFO  o.e.r.instrumentation.EvoClassLoader - Keeping class: examples._Type328393

examples.MaxBag_ESTest > test12 FAILED
    java.lang.OutOfMemoryError at MaxBag_ESTest.java:192

examples.MaxBag_ESTest > test00 FAILED
    java.lang.OutOfMemoryError at MaxBag_ESTest.java:24

examples.MaxBag_ESTest > test11 FAILED
    java.lang.OutOfMemoryError

examples.MaxBag_ESTest > test10 FAILED
    java.lang.OutOfMemoryError

examples.MaxBag_ESTest > test16 FAILED
    java.lang.OutOfMemoryError

examples.MaxBag_ESTest > test15 FAILED
    java.lang.OutOfMemoryError

examples.MaxBag_ESTest > test03 FAILED
    java.lang.OutOfMemoryError

examples.MaxBag_ESTest > test14 STANDARD_OUT
    04:11:34.469 [Test worker] INFO  o.e.runtime.thread.ThreadStopper - Found new thread

examples.MaxBag_ESTest > test14 FAILED
    java.lang.OutOfMemoryError

examples.MaxBag_ESTest > test02 FAILED
    java.lang.OutOfMemoryError

examples.MaxBag_ESTest > test09 FAILED
    java.lang.OutOfMemoryError

examples.MaxBag_ESTest > test06 FAILED
    java.lang.OutOfMemoryError

examples.MaxBag_ESTest > test17 FAILED
    java.lang.OutOfMemoryError

RegressionTest > RegressionTest0.test03 FAILED
    java.lang.OutOfMemoryError

RegressionTest > RegressionTest0.test06 FAILED
    java.lang.OutOfMemoryError

RegressionTest > RegressionTest0.test07 FAILED
    java.lang.OutOfMemoryError

RegressionTest > RegressionTest0.test08 FAILED
    java.lang.OutOfMemoryError

RegressionTest > RegressionTest0.test09 FAILED
    java.lang.OutOfMemoryError

RegressionTest > RegressionTest0.test10 FAILED
    java.lang.OutOfMemoryError

RegressionTest > RegressionTest0.test11 FAILED
    java.lang.OutOfMemoryError

RegressionTest > RegressionTest0.test12 FAILED
    java.lang.OutOfMemoryError

RegressionTest > RegressionTest0.test13 FAILED
    java.lang.OutOfMemoryError

RegressionTest > RegressionTest0.test14 FAILED
    java.lang.OutOfMemoryError

RegressionTest > RegressionTest0.test15 FAILED
    java.lang.OutOfMemoryError

RegressionTest > RegressionTest0.test16 FAILED
    java.lang.OutOfMemoryError

RegressionTest > RegressionTest0.test17 FAILED
    java.lang.OutOfMemoryError

RegressionTest > RegressionTest0.test18 FAILED
    java.lang.OutOfMemoryError

RegressionTest > RegressionTest0.test19 FAILED
    java.lang.OutOfMemoryError

RegressionTest > RegressionTest0.test20 FAILED
    java.lang.OutOfMemoryError

RegressionTest > RegressionTest0.test21 FAILED
    java.lang.OutOfMemoryError

RegressionTest > RegressionTest0.test22 FAILED
    java.lang.OutOfMemoryError

RegressionTest > RegressionTest0.test23 FAILED
    java.lang.OutOfMemoryError

RegressionTest > RegressionTest0.test24 FAILED
    java.lang.OutOfMemoryError

RegressionTest > RegressionTest0.test25 FAILED
    java.lang.OutOfMemoryError

RegressionTest > RegressionTest0.test26 FAILED
    java.lang.OutOfMemoryError

RegressionTest > RegressionTest0.test27 FAILED
    java.lang.OutOfMemoryError

RegressionTest0 > test03 FAILED
    java.lang.OutOfMemoryError

RegressionTest0 > test06 FAILED
    java.lang.OutOfMemoryError

RegressionTest0 > test07 FAILED
    java.lang.OutOfMemoryError

RegressionTest0 > test08 FAILED
    java.lang.OutOfMemoryError

RegressionTest0 > test09 FAILED
    java.lang.OutOfMemoryError

RegressionTest0 > test10 FAILED
    java.lang.OutOfMemoryError

RegressionTest0 > test11 FAILED
    java.lang.OutOfMemoryError

RegressionTest0 > test12 FAILED
    java.lang.OutOfMemoryError

RegressionTest0 > test13 FAILED
    java.lang.OutOfMemoryError

RegressionTest0 > test14 FAILED
    java.lang.OutOfMemoryError

RegressionTest0 > test15 FAILED
    java.lang.OutOfMemoryError

RegressionTest0 > test16 FAILED
    java.lang.OutOfMemoryError

RegressionTest0 > test17 FAILED
    java.lang.OutOfMemoryError

RegressionTest0 > test18 FAILED
    java.lang.OutOfMemoryError

RegressionTest0 > test19 FAILED
    java.lang.OutOfMemoryError

RegressionTest0 > test20 FAILED
    java.lang.OutOfMemoryError

RegressionTest0 > test21 FAILED
    java.lang.OutOfMemoryError

RegressionTest0 > test22 FAILED
    java.lang.OutOfMemoryError

RegressionTest0 > test23 FAILED
    java.lang.OutOfMemoryError

RegressionTest0 > test24 FAILED
    java.lang.OutOfMemoryError

RegressionTest0 > test25 FAILED
    java.lang.OutOfMemoryError

RegressionTest0 > test26 FAILED
    java.lang.OutOfMemoryError

RegressionTest0 > test27 FAILED
    java.lang.OutOfMemoryError
Results: FAILURE (75 tests, 17 successes, 58 failures, 0 skipped)
:test FAILED
4 actionable tasks: 4 executed
