:clean

BUILD SUCCESSFUL in 1s
1 actionable task: 1 executed
:compileJava
:processResources NO-SOURCE
:classes
:compileTestJava
:processTestResources NO-SOURCE
:testClasses
:jar
:assemble
:test

jts.MathUtil_ESTest STANDARD_OUT
    01:26:04.266 [Test worker] INFO  o.e.r.instrumentation.EvoClassLoader - Seeing class for first time: jts.MathUtil_ESTest
    01:26:04.276 [Test worker] INFO  o.e.r.instrumentation.EvoClassLoader - Instrumenting class 'jts.MathUtil_ESTest'.
    01:26:04.321 [Test worker] INFO  o.e.r.instrumentation.EvoClassLoader - Seeing class for first time: jts.MathUtil_ESTest_scaffolding
    01:26:04.322 [Test worker] INFO  o.e.r.instrumentation.EvoClassLoader - Instrumenting class 'jts.MathUtil_ESTest_scaffolding'.
    01:26:04.327 [Test worker] INFO  o.e.r.instrumentation.EvoClassLoader - Keeping class: jts.MathUtil_ESTest_scaffolding
    01:26:04.327 [Test worker] INFO  o.e.r.instrumentation.EvoClassLoader - Keeping class: jts.MathUtil_ESTest
    01:26:04.636 [Test worker] DEBUG o.e.runtime.sandbox.MSecurityManager - Adding privileged thread: "Reference Handler"
    01:26:04.636 [Test worker] DEBUG o.e.runtime.sandbox.MSecurityManager - Adding privileged thread: "Finalizer"
    01:26:04.636 [Test worker] DEBUG o.e.runtime.sandbox.MSecurityManager - Adding privileged thread: "Signal Dispatcher"
    01:26:04.637 [Test worker] DEBUG o.e.runtime.sandbox.MSecurityManager - Adding privileged thread: "Attach Listener"
    01:26:04.637 [Test worker] DEBUG o.e.runtime.sandbox.MSecurityManager - Adding privileged thread: "Java2D Disposer"
    01:26:04.637 [Test worker] DEBUG o.e.runtime.sandbox.MSecurityManager - Adding privileged thread: "AWT-Shutdown"
    01:26:04.637 [Test worker] DEBUG o.e.runtime.sandbox.MSecurityManager - Adding privileged thread: "AWT-Windows"
    01:26:04.637 [Test worker] DEBUG o.e.runtime.sandbox.MSecurityManager - Adding privileged thread: "main"
    01:26:04.637 [Test worker] DEBUG o.e.runtime.sandbox.MSecurityManager - Adding privileged thread: "Test worker"
    01:26:04.637 [Test worker] DEBUG o.e.runtime.sandbox.MSecurityManager - Adding privileged thread: "/127.0.0.1:61065 to /127.0.0.1:61064 workers Thread 2"
    01:26:04.637 [Test worker] DEBUG o.e.runtime.sandbox.MSecurityManager - Adding privileged thread: "/127.0.0.1:61065 to /127.0.0.1:61064 workers Thread 3"
    01:26:04.718 [Test worker] INFO  o.e.r.instrumentation.EvoClassLoader - Seeing class for first time: jts.MathUtil
    01:26:04.718 [Test worker] INFO  o.e.r.instrumentation.EvoClassLoader - Instrumenting class 'jts.MathUtil'.
    01:26:04.748 [Test worker] INFO  o.e.r.i.MethodCallReplacementClassAdapter - Adding mock interface to class jts/MathUtil
    01:26:05.042 [Test worker] INFO  o.e.r.i.CreateClassResetClassAdapter - Creating brand-new static initializer in class jts/MathUtil
    01:26:05.044 [Test worker] INFO  o.e.r.instrumentation.EvoClassLoader - Keeping class: jts.MathUtil

jts.MathUtil_ESTest > test0 FAILED
    java.lang.AssertionError at MathUtil_ESTest.java:21

jts.MathUtil_ESTest > test4 STANDARD_OUT
    01:26:05.088 [Test worker] INFO  o.e.runtime.thread.ThreadStopper - Found new thread

jts.MathUtil_ESTest > test3 FAILED
    java.lang.AssertionError at MathUtil_ESTest.java:39

RegressionTest > RegressionTest0.test05 FAILED
    java.lang.AssertionError at RegressionTest0.java:48

RegressionTest > RegressionTest0.test08 FAILED
    java.lang.AssertionError at RegressionTest0.java:72

RegressionTest > RegressionTest0.test17 FAILED
    java.lang.AssertionError at RegressionTest0.java:145

RegressionTest > RegressionTest0.test24 FAILED
    java.lang.AssertionError at RegressionTest0.java:201

RegressionTest > RegressionTest0.test31 FAILED
    java.lang.AssertionError at RegressionTest0.java:257

RegressionTest > RegressionTest0.test36 FAILED
    java.lang.AssertionError at RegressionTest0.java:297

RegressionTest > RegressionTest0.test51 FAILED
    java.lang.AssertionError at RegressionTest0.java:417

RegressionTest > RegressionTest0.test53 FAILED
    java.lang.AssertionError at RegressionTest0.java:433

RegressionTest > RegressionTest0.test55 FAILED
    java.lang.AssertionError at RegressionTest0.java:449

RegressionTest > RegressionTest0.test64 FAILED
    java.lang.AssertionError at RegressionTest0.java:521

RegressionTest > RegressionTest0.test71 FAILED
    java.lang.AssertionError at RegressionTest0.java:577

RegressionTest > RegressionTest0.test73 FAILED
    java.lang.AssertionError at RegressionTest0.java:593

RegressionTest > RegressionTest0.test77 FAILED
    java.lang.AssertionError at RegressionTest0.java:625

RegressionTest > RegressionTest0.test85 FAILED
    java.lang.AssertionError at RegressionTest0.java:689

RegressionTest > RegressionTest0.test87 FAILED
    java.lang.AssertionError at RegressionTest0.java:705

RegressionTest > RegressionTest0.test95 FAILED
    java.lang.AssertionError at RegressionTest0.java:769

RegressionTest0 > test05 FAILED
    java.lang.AssertionError at RegressionTest0.java:48

RegressionTest0 > test08 FAILED
    java.lang.AssertionError at RegressionTest0.java:72

RegressionTest0 > test17 FAILED
    java.lang.AssertionError at RegressionTest0.java:145

RegressionTest0 > test24 FAILED
    java.lang.AssertionError at RegressionTest0.java:201

RegressionTest0 > test31 FAILED
    java.lang.AssertionError at RegressionTest0.java:257

RegressionTest0 > test36 FAILED
    java.lang.AssertionError at RegressionTest0.java:297

RegressionTest0 > test51 FAILED
    java.lang.AssertionError at RegressionTest0.java:417

RegressionTest0 > test53 FAILED
    java.lang.AssertionError at RegressionTest0.java:433

RegressionTest0 > test55 FAILED
    java.lang.AssertionError at RegressionTest0.java:449

RegressionTest0 > test64 FAILED
    java.lang.AssertionError at RegressionTest0.java:521

RegressionTest0 > test71 FAILED
    java.lang.AssertionError at RegressionTest0.java:577

RegressionTest0 > test73 FAILED
    java.lang.AssertionError at RegressionTest0.java:593

RegressionTest0 > test77 FAILED
    java.lang.AssertionError at RegressionTest0.java:625

RegressionTest0 > test85 FAILED
    java.lang.AssertionError at RegressionTest0.java:689

RegressionTest0 > test87 FAILED
    java.lang.AssertionError at RegressionTest0.java:705

RegressionTest0 > test95 FAILED
    java.lang.AssertionError at RegressionTest0.java:769
Results: FAILURE (197 tests, 163 successes, 34 failures, 0 skipped)
:test FAILED
4 actionable tasks: 4 executed
