:clean

BUILD SUCCESSFUL in 2s
1 actionable task: 1 executed
:compileJava
:processResources NO-SOURCE
:classes
:compileTestJava
:processTestResources NO-SOURCE
:testClasses
:jar
:assemble
:test

math.IntMath_ESTest STANDARD_OUT
    22:11:55.498 [Test worker] INFO  o.e.r.instrumentation.EvoClassLoader - Seeing class for first time: math.IntMath_ESTest
    22:11:55.504 [Test worker] INFO  o.e.r.instrumentation.EvoClassLoader - Instrumenting class 'math.IntMath_ESTest'.
    22:11:55.567 [Test worker] INFO  o.e.r.instrumentation.EvoClassLoader - Seeing class for first time: math.IntMath_ESTest_scaffolding
    22:11:55.568 [Test worker] INFO  o.e.r.instrumentation.EvoClassLoader - Instrumenting class 'math.IntMath_ESTest_scaffolding'.
    22:11:55.576 [Test worker] INFO  o.e.r.instrumentation.EvoClassLoader - Keeping class: math.IntMath_ESTest_scaffolding
    22:11:55.576 [Test worker] INFO  o.e.r.instrumentation.EvoClassLoader - Keeping class: math.IntMath_ESTest
    22:11:55.978 [Test worker] DEBUG o.e.runtime.sandbox.MSecurityManager - Adding privileged thread: "Reference Handler"
    22:11:55.978 [Test worker] DEBUG o.e.runtime.sandbox.MSecurityManager - Adding privileged thread: "Finalizer"
    22:11:55.979 [Test worker] DEBUG o.e.runtime.sandbox.MSecurityManager - Adding privileged thread: "Signal Dispatcher"
    22:11:55.979 [Test worker] DEBUG o.e.runtime.sandbox.MSecurityManager - Adding privileged thread: "Attach Listener"
    22:11:55.979 [Test worker] DEBUG o.e.runtime.sandbox.MSecurityManager - Adding privileged thread: "Java2D Disposer"
    22:11:55.979 [Test worker] DEBUG o.e.runtime.sandbox.MSecurityManager - Adding privileged thread: "AWT-Shutdown"
    22:11:55.979 [Test worker] DEBUG o.e.runtime.sandbox.MSecurityManager - Adding privileged thread: "AWT-Windows"
    22:11:55.979 [Test worker] DEBUG o.e.runtime.sandbox.MSecurityManager - Adding privileged thread: "main"
    22:11:55.979 [Test worker] DEBUG o.e.runtime.sandbox.MSecurityManager - Adding privileged thread: "Test worker"
    22:11:55.980 [Test worker] DEBUG o.e.runtime.sandbox.MSecurityManager - Adding privileged thread: "/127.0.0.1:54607 to /127.0.0.1:54606 workers Thread 2"
    22:11:55.980 [Test worker] DEBUG o.e.runtime.sandbox.MSecurityManager - Adding privileged thread: "/127.0.0.1:54607 to /127.0.0.1:54606 workers Thread 3"
    22:11:56.070 [Test worker] INFO  o.e.r.instrumentation.EvoClassLoader - Seeing class for first time: math.IntMath
    22:11:56.070 [Test worker] INFO  o.e.r.instrumentation.EvoClassLoader - Instrumenting class 'math.IntMath'.
    22:11:56.101 [Test worker] INFO  o.e.r.i.MethodCallReplacementClassAdapter - Adding mock interface to class math/IntMath
    22:11:56.398 [Test worker] INFO  o.e.r.i.CreateClassResetClassAdapter - Creating brand-new static initializer in class math/IntMath
    22:11:56.399 [Test worker] INFO  o.e.r.instrumentation.EvoClassLoader - Keeping class: math.IntMath

math.IntMath_ESTest > test3 FAILED
    java.lang.AssertionError at IntMath_ESTest.java:53

RegressionTest > RegressionTest0.test03 FAILED
    java.lang.AssertionError at RegressionTest0.java:46

RegressionTest > RegressionTest0.test07 FAILED
    java.lang.AssertionError at RegressionTest0.java:96

RegressionTest > RegressionTest0.test08 FAILED
    java.lang.AssertionError at RegressionTest0.java:108

RegressionTest > RegressionTest0.test11 FAILED
    java.lang.AssertionError at RegressionTest0.java:149

RegressionTest > RegressionTest0.test12 FAILED
    java.lang.AssertionError at RegressionTest0.java:167

RegressionTest > RegressionTest0.test15 FAILED
    java.lang.AssertionError at RegressionTest0.java:210

RegressionTest > RegressionTest0.test16 FAILED
    java.lang.AssertionError at RegressionTest0.java:226

RegressionTest > RegressionTest0.test17 FAILED
    java.lang.AssertionError at RegressionTest0.java:238

RegressionTest > RegressionTest0.test21 FAILED
    java.lang.AssertionError at RegressionTest0.java:291

RegressionTest > RegressionTest0.test22 FAILED
    java.lang.AssertionError at RegressionTest0.java:304

RegressionTest > RegressionTest0.test23 FAILED
    java.lang.AssertionError at RegressionTest0.java:322

RegressionTest > RegressionTest0.test24 FAILED
    java.lang.AssertionError at RegressionTest0.java:335

RegressionTest > RegressionTest0.test25 FAILED
    java.lang.AssertionError at RegressionTest0.java:351

RegressionTest > RegressionTest0.test26 FAILED
    java.lang.AssertionError at RegressionTest0.java:368

RegressionTest > RegressionTest0.test27 FAILED
    java.lang.AssertionError at RegressionTest0.java:382

RegressionTest > RegressionTest0.test29 FAILED
    java.lang.AssertionError at RegressionTest0.java:406

RegressionTest > RegressionTest0.test31 FAILED
    java.lang.AssertionError at RegressionTest0.java:438

RegressionTest > RegressionTest0.test33 FAILED
    java.lang.AssertionError at RegressionTest0.java:476

RegressionTest > RegressionTest0.test34 FAILED
    java.lang.AssertionError at RegressionTest0.java:496

RegressionTest > RegressionTest0.test35 FAILED
    java.lang.AssertionError at RegressionTest0.java:513

RegressionTest > RegressionTest0.test36 FAILED
    java.lang.AssertionError at RegressionTest0.java:524

RegressionTest > RegressionTest0.test37 FAILED
    java.lang.AssertionError at RegressionTest0.java:536

RegressionTest > RegressionTest0.test38 FAILED
    java.lang.AssertionError at RegressionTest0.java:551

RegressionTest > RegressionTest0.test39 FAILED
    java.lang.AssertionError at RegressionTest0.java:570

RegressionTest > RegressionTest0.test40 FAILED
    java.lang.AssertionError at RegressionTest0.java:588

RegressionTest > RegressionTest0.test41 FAILED
    java.lang.AssertionError at RegressionTest0.java:604

RegressionTest > RegressionTest0.test42 FAILED
    java.lang.AssertionError at RegressionTest0.java:620

RegressionTest > RegressionTest0.test43 FAILED
    java.lang.AssertionError at RegressionTest0.java:635

RegressionTest > RegressionTest0.test44 FAILED
    java.lang.AssertionError at RegressionTest0.java:651

RegressionTest > RegressionTest0.test45 FAILED
    java.lang.AssertionError at RegressionTest0.java:669

RegressionTest > RegressionTest0.test47 FAILED
    java.lang.AssertionError at RegressionTest0.java:699

RegressionTest > RegressionTest0.test48 FAILED
    java.lang.AssertionError at RegressionTest0.java:714

RegressionTest > RegressionTest0.test49 FAILED
    java.lang.AssertionError at RegressionTest0.java:733

RegressionTest > RegressionTest0.test50 FAILED
    java.lang.AssertionError at RegressionTest0.java:748

RegressionTest > RegressionTest0.test51 FAILED
    java.lang.AssertionError at RegressionTest0.java:763

RegressionTest > RegressionTest0.test52 FAILED
    java.lang.AssertionError at RegressionTest0.java:779

RegressionTest > RegressionTest0.test53 FAILED
    java.lang.AssertionError at RegressionTest0.java:796

RegressionTest > RegressionTest0.test55 FAILED
    java.lang.AssertionError at RegressionTest0.java:819

RegressionTest > RegressionTest0.test56 FAILED
    java.lang.AssertionError at RegressionTest0.java:832

RegressionTest > RegressionTest0.test58 FAILED
    java.lang.AssertionError at RegressionTest0.java:858

RegressionTest > RegressionTest0.test59 FAILED
    java.lang.AssertionError at RegressionTest0.java:875

RegressionTest > RegressionTest0.test60 FAILED
    java.lang.AssertionError at RegressionTest0.java:897

RegressionTest > RegressionTest0.test61 FAILED
    java.lang.AssertionError at RegressionTest0.java:917

RegressionTest0 > test03 FAILED
    java.lang.AssertionError at RegressionTest0.java:46

RegressionTest0 > test07 FAILED
    java.lang.AssertionError at RegressionTest0.java:96

RegressionTest0 > test08 FAILED
    java.lang.AssertionError at RegressionTest0.java:108

RegressionTest0 > test11 FAILED
    java.lang.AssertionError at RegressionTest0.java:149

RegressionTest0 > test12 FAILED
    java.lang.AssertionError at RegressionTest0.java:167

RegressionTest0 > test15 FAILED
    java.lang.AssertionError at RegressionTest0.java:210

RegressionTest0 > test16 FAILED
    java.lang.AssertionError at RegressionTest0.java:226

RegressionTest0 > test17 FAILED
    java.lang.AssertionError at RegressionTest0.java:238

RegressionTest0 > test21 FAILED
    java.lang.AssertionError at RegressionTest0.java:291

RegressionTest0 > test22 FAILED
    java.lang.AssertionError at RegressionTest0.java:304

RegressionTest0 > test23 FAILED
    java.lang.AssertionError at RegressionTest0.java:322

RegressionTest0 > test24 FAILED
    java.lang.AssertionError at RegressionTest0.java:335

RegressionTest0 > test25 FAILED
    java.lang.AssertionError at RegressionTest0.java:351

RegressionTest0 > test26 FAILED
    java.lang.AssertionError at RegressionTest0.java:368

RegressionTest0 > test27 FAILED
    java.lang.AssertionError at RegressionTest0.java:382

RegressionTest0 > test29 FAILED
    java.lang.AssertionError at RegressionTest0.java:406

RegressionTest0 > test31 FAILED
    java.lang.AssertionError at RegressionTest0.java:438

RegressionTest0 > test33 FAILED
    java.lang.AssertionError at RegressionTest0.java:476

RegressionTest0 > test34 FAILED
    java.lang.AssertionError at RegressionTest0.java:496

RegressionTest0 > test35 FAILED
    java.lang.AssertionError at RegressionTest0.java:513

RegressionTest0 > test36 FAILED
    java.lang.AssertionError at RegressionTest0.java:524

RegressionTest0 > test37 FAILED
    java.lang.AssertionError at RegressionTest0.java:536

RegressionTest0 > test38 FAILED
    java.lang.AssertionError at RegressionTest0.java:551

RegressionTest0 > test39 FAILED
    java.lang.AssertionError at RegressionTest0.java:570

RegressionTest0 > test40 FAILED
    java.lang.AssertionError at RegressionTest0.java:588

RegressionTest0 > test41 FAILED
    java.lang.AssertionError at RegressionTest0.java:604

RegressionTest0 > test42 FAILED
    java.lang.AssertionError at RegressionTest0.java:620

RegressionTest0 > test43 FAILED
    java.lang.AssertionError at RegressionTest0.java:635

RegressionTest0 > test44 FAILED
    java.lang.AssertionError at RegressionTest0.java:651

RegressionTest0 > test45 FAILED
    java.lang.AssertionError at RegressionTest0.java:669

RegressionTest0 > test47 FAILED
    java.lang.AssertionError at RegressionTest0.java:699

RegressionTest0 > test48 FAILED
    java.lang.AssertionError at RegressionTest0.java:714

RegressionTest0 > test49 FAILED
    java.lang.AssertionError at RegressionTest0.java:733

RegressionTest0 > test50 FAILED
    java.lang.AssertionError at RegressionTest0.java:748

RegressionTest0 > test51 FAILED
    java.lang.AssertionError at RegressionTest0.java:763

RegressionTest0 > test52 FAILED
    java.lang.AssertionError at RegressionTest0.java:779

RegressionTest0 > test53 FAILED
    java.lang.AssertionError at RegressionTest0.java:796

RegressionTest0 > test55 FAILED
    java.lang.AssertionError at RegressionTest0.java:819

RegressionTest0 > test56 FAILED
    java.lang.AssertionError at RegressionTest0.java:832

RegressionTest0 > test58 FAILED
    java.lang.AssertionError at RegressionTest0.java:858

RegressionTest0 > test59 FAILED
    java.lang.AssertionError at RegressionTest0.java:875

RegressionTest0 > test60 FAILED
    java.lang.AssertionError at RegressionTest0.java:897

RegressionTest0 > test61 FAILED
    java.lang.AssertionError at RegressionTest0.java:917
Results: FAILURE (455 tests, 368 successes, 87 failures, 0 skipped)
:test FAILED
4 actionable tasks: 4 executed
