:clean

BUILD SUCCESSFUL in 3s
1 actionable task: 1 executed
:compileJava
:processResources NO-SOURCE
:classes
:compileTestJava
:processTestResources NO-SOURCE
:testClasses
:jar
:assemble
:test

examples.RingBuffer_ESTest STANDARD_OUT
    15:01:41.297 [Test worker] INFO  o.e.r.instrumentation.EvoClassLoader - Seeing class for first time: examples.RingBuffer_ESTest
    15:01:41.301 [Test worker] INFO  o.e.r.instrumentation.EvoClassLoader - Instrumenting class 'examples.RingBuffer_ESTest'.
    15:01:41.353 [Test worker] INFO  o.e.r.instrumentation.EvoClassLoader - Seeing class for first time: examples.RingBuffer_ESTest_scaffolding
    15:01:41.354 [Test worker] INFO  o.e.r.instrumentation.EvoClassLoader - Instrumenting class 'examples.RingBuffer_ESTest_scaffolding'.
    15:01:41.361 [Test worker] INFO  o.e.r.instrumentation.EvoClassLoader - Keeping class: examples.RingBuffer_ESTest_scaffolding
    15:01:41.361 [Test worker] INFO  o.e.r.instrumentation.EvoClassLoader - Keeping class: examples.RingBuffer_ESTest
    15:01:41.727 [Test worker] DEBUG o.e.runtime.sandbox.MSecurityManager - Adding privileged thread: "Reference Handler"
    15:01:41.727 [Test worker] DEBUG o.e.runtime.sandbox.MSecurityManager - Adding privileged thread: "Finalizer"
    15:01:41.727 [Test worker] DEBUG o.e.runtime.sandbox.MSecurityManager - Adding privileged thread: "Signal Dispatcher"
    15:01:41.727 [Test worker] DEBUG o.e.runtime.sandbox.MSecurityManager - Adding privileged thread: "Attach Listener"
    15:01:41.727 [Test worker] DEBUG o.e.runtime.sandbox.MSecurityManager - Adding privileged thread: "Java2D Disposer"
    15:01:41.728 [Test worker] DEBUG o.e.runtime.sandbox.MSecurityManager - Adding privileged thread: "AWT-Shutdown"
    15:01:41.728 [Test worker] DEBUG o.e.runtime.sandbox.MSecurityManager - Adding privileged thread: "AWT-Windows"
    15:01:41.728 [Test worker] DEBUG o.e.runtime.sandbox.MSecurityManager - Adding privileged thread: "main"
    15:01:41.728 [Test worker] DEBUG o.e.runtime.sandbox.MSecurityManager - Adding privileged thread: "Test worker"
    15:01:41.728 [Test worker] DEBUG o.e.runtime.sandbox.MSecurityManager - Adding privileged thread: "/127.0.0.1:50664 to /127.0.0.1:50663 workers Thread 2"
    15:01:41.728 [Test worker] DEBUG o.e.runtime.sandbox.MSecurityManager - Adding privileged thread: "/127.0.0.1:50664 to /127.0.0.1:50663 workers Thread 3"
    15:01:41.814 [Test worker] INFO  o.e.r.instrumentation.EvoClassLoader - Seeing class for first time: examples.RingBuffer
    15:01:41.814 [Test worker] INFO  o.e.r.instrumentation.EvoClassLoader - Instrumenting class 'examples.RingBuffer'.
    15:01:41.845 [Test worker] INFO  o.e.r.i.MethodCallReplacementClassAdapter - Adding mock interface to class examples/RingBuffer
    15:01:42.141 [Test worker] INFO  o.e.r.i.CreateClassResetClassAdapter - Found static initializer in class examples/RingBuffer
    15:01:42.144 [Test worker] INFO  o.e.r.instrumentation.EvoClassLoader - Keeping class: examples.RingBuffer

examples.RingBuffer_ESTest > test09 FAILED
    java.lang.AssertionError at RingBuffer_ESTest.java:110

examples.RingBuffer_ESTest > test06 FAILED
    java.lang.AssertionError at RingBuffer_ESTest.java:85

examples.RingBuffer_ESTest > test18 STANDARD_OUT
    15:01:42.204 [Test worker] INFO  o.e.runtime.thread.ThreadStopper - Found new thread

examples.RingBuffer_ESTest > test16 FAILED
    java.lang.AssertionError at RingBuffer_ESTest.java:198

examples.RingBuffer_ESTest > test02 FAILED
    java.lang.AssertionError at RingBuffer_ESTest.java:49

examples.RingBuffer_ESTest > test00 FAILED
    java.lang.AssertionError at RingBuffer_ESTest.java:23

examples.RingBuffer_ESTest > test01 FAILED
    java.lang.AssertionError at RingBuffer_ESTest.java:36

examples.RingBuffer_ESTest > test12 FAILED
    java.lang.AssertionError at RingBuffer_ESTest.java:153

RegressionTest > RegressionTest0.test43 FAILED
    java.lang.AssertionError at RegressionTest0.java:620

RegressionTest0 > test43 FAILED
    java.lang.AssertionError at RegressionTest0.java:620

testers.RingBufferTester0 > test101 FAILED
    java.lang.AssertionError at RingBufferTester0.java:1403

testers.RingBufferTester0 > test103 FAILED
    java.lang.AssertionError at RingBufferTester0.java:1435

testers.RingBufferTester0 > test104 FAILED
    java.lang.AssertionError at RingBufferTester0.java:1453

testers.RingBufferTester0 > test111 FAILED
    java.lang.AssertionError at RingBufferTester0.java:1558

testers.RingBufferTester0 > test121 FAILED
    java.lang.AssertionError at RingBufferTester0.java:1704

testers.RingBufferTester0 > test136 FAILED
    java.lang.AssertionError at RingBufferTester0.java:1918

testers.RingBufferTester0 > test139 FAILED
    java.lang.AssertionError at RingBufferTester0.java:1961

testers.RingBufferTester0 > test146 FAILED
    java.lang.AssertionError at RingBufferTester0.java:2064

testers.RingBufferTester0 > test173 FAILED
    java.lang.AssertionError at RingBufferTester0.java:2469

testers.RingBufferTester0 > test227 FAILED
    java.lang.AssertionError at RingBufferTester0.java:3223

testers.RingBufferTester0 > test233 FAILED
    java.lang.AssertionError at RingBufferTester0.java:3308

testers.RingBufferTester0 > test242 FAILED
    java.lang.AssertionError at RingBufferTester0.java:3456

testers.RingBufferTester0 > test246 FAILED
    java.lang.AssertionError at RingBufferTester0.java:3518

testers.RingBufferTester0 > test247 FAILED
    java.lang.AssertionError at RingBufferTester0.java:3533

testers.RingBufferTester0 > test253 FAILED
    java.lang.AssertionError at RingBufferTester0.java:3651

testers.RingBufferTester0 > test271 FAILED
    java.lang.AssertionError at RingBufferTester0.java:3921

testers.RingBufferTester0 > test286 FAILED
    java.lang.AssertionError at RingBufferTester0.java:4165

testers.RingBufferTester0 > test287 FAILED
    java.lang.AssertionError at RingBufferTester0.java:4185
Results: FAILURE (426 tests, 399 successes, 27 failures, 0 skipped)
:test FAILED
4 actionable tasks: 4 executed
