:clean

BUILD SUCCESSFUL in 1s
1 actionable task: 1 executed
:compileJava
:processResources NO-SOURCE
:classes
:compileTestJava
:processTestResources NO-SOURCE
:testClasses
:jar
:assemble
:test

jts.Envelope_ESTest STANDARD_OUT
    00:22:23.318 [Test worker] INFO  o.e.r.instrumentation.EvoClassLoader - Seeing class for first time: jts.Envelope_ESTest
    00:22:23.322 [Test worker] INFO  o.e.r.instrumentation.EvoClassLoader - Instrumenting class 'jts.Envelope_ESTest'.
    00:22:23.380 [Test worker] INFO  o.e.r.instrumentation.EvoClassLoader - Seeing class for first time: jts.Envelope_ESTest_scaffolding
    00:22:23.380 [Test worker] INFO  o.e.r.instrumentation.EvoClassLoader - Instrumenting class 'jts.Envelope_ESTest_scaffolding'.
    00:22:23.384 [Test worker] INFO  o.e.r.instrumentation.EvoClassLoader - Keeping class: jts.Envelope_ESTest_scaffolding
    00:22:23.386 [Test worker] INFO  o.e.r.instrumentation.EvoClassLoader - Keeping class: jts.Envelope_ESTest
    00:22:23.697 [Test worker] DEBUG o.e.runtime.sandbox.MSecurityManager - Adding privileged thread: "Reference Handler"
    00:22:23.698 [Test worker] DEBUG o.e.runtime.sandbox.MSecurityManager - Adding privileged thread: "Finalizer"
    00:22:23.698 [Test worker] DEBUG o.e.runtime.sandbox.MSecurityManager - Adding privileged thread: "Signal Dispatcher"
    00:22:23.698 [Test worker] DEBUG o.e.runtime.sandbox.MSecurityManager - Adding privileged thread: "Attach Listener"
    00:22:23.698 [Test worker] DEBUG o.e.runtime.sandbox.MSecurityManager - Adding privileged thread: "Java2D Disposer"
    00:22:23.698 [Test worker] DEBUG o.e.runtime.sandbox.MSecurityManager - Adding privileged thread: "AWT-Shutdown"
    00:22:23.698 [Test worker] DEBUG o.e.runtime.sandbox.MSecurityManager - Adding privileged thread: "AWT-Windows"
    00:22:23.698 [Test worker] DEBUG o.e.runtime.sandbox.MSecurityManager - Adding privileged thread: "main"
    00:22:23.698 [Test worker] DEBUG o.e.runtime.sandbox.MSecurityManager - Adding privileged thread: "Test worker"
    00:22:23.698 [Test worker] DEBUG o.e.runtime.sandbox.MSecurityManager - Adding privileged thread: "/127.0.0.1:56945 to /127.0.0.1:56944 workers Thread 2"
    00:22:23.698 [Test worker] DEBUG o.e.runtime.sandbox.MSecurityManager - Adding privileged thread: "/127.0.0.1:56945 to /127.0.0.1:56944 workers Thread 3"
    00:22:23.777 [Test worker] INFO  o.e.r.instrumentation.EvoClassLoader - Seeing class for first time: jts.Envelope
    00:22:23.777 [Test worker] INFO  o.e.r.instrumentation.EvoClassLoader - Instrumenting class 'jts.Envelope'.
    00:22:23.796 [Test worker] INFO  o.e.r.i.MethodCallReplacementClassAdapter - Adding mock interface to class jts/Envelope
    00:22:24.058 [Test worker] INFO  o.e.r.i.CreateClassResetClassAdapter - Creating brand-new static initializer in class jts/Envelope
    00:22:24.059 [Test worker] INFO  o.e.r.instrumentation.EvoClassLoader - Keeping class: jts.Envelope

jts.Envelope_ESTest > test0 FAILED
    java.lang.AssertionError at Envelope_ESTest.java:23

RegressionTest > RegressionTest0.test05 FAILED
    java.lang.AssertionError at RegressionTest0.java:65

RegressionTest > RegressionTest0.test09 FAILED
    java.lang.AssertionError at RegressionTest0.java:114

RegressionTest > RegressionTest0.test11 FAILED
    java.lang.AssertionError at RegressionTest0.java:134

RegressionTest > RegressionTest0.test17 FAILED
    java.lang.AssertionError at RegressionTest0.java:205

RegressionTest > RegressionTest0.test20 FAILED
    java.lang.AssertionError at RegressionTest0.java:244

RegressionTest > RegressionTest0.test23 FAILED
    java.lang.AssertionError at RegressionTest0.java:293

RegressionTest > RegressionTest0.test27 FAILED
    java.lang.AssertionError at RegressionTest0.java:344

RegressionTest > RegressionTest0.test38 FAILED
    java.lang.AssertionError at RegressionTest0.java:471

RegressionTest > RegressionTest0.test39 FAILED
    java.lang.AssertionError at RegressionTest0.java:485

RegressionTest > RegressionTest0.test47 FAILED
    java.lang.AssertionError at RegressionTest0.java:585

RegressionTest > RegressionTest0.test49 FAILED
    java.lang.AssertionError at RegressionTest0.java:614

RegressionTest0 > test05 FAILED
    java.lang.AssertionError at RegressionTest0.java:65

RegressionTest0 > test09 FAILED
    java.lang.AssertionError at RegressionTest0.java:114

RegressionTest0 > test11 FAILED
    java.lang.AssertionError at RegressionTest0.java:134

RegressionTest0 > test17 FAILED
    java.lang.AssertionError at RegressionTest0.java:205

RegressionTest0 > test20 FAILED
    java.lang.AssertionError at RegressionTest0.java:244

RegressionTest0 > test23 FAILED
    java.lang.AssertionError at RegressionTest0.java:293

RegressionTest0 > test27 FAILED
    java.lang.AssertionError at RegressionTest0.java:344

RegressionTest0 > test38 FAILED
    java.lang.AssertionError at RegressionTest0.java:471

RegressionTest0 > test39 FAILED
    java.lang.AssertionError at RegressionTest0.java:485

RegressionTest0 > test47 FAILED
    java.lang.AssertionError at RegressionTest0.java:585

RegressionTest0 > test49 FAILED
    java.lang.AssertionError at RegressionTest0.java:614
Results: FAILURE (114 tests, 91 successes, 23 failures, 0 skipped)
:test FAILED
4 actionable tasks: 4 executed
