:clean

BUILD SUCCESSFUL in 0s
1 actionable task: 1 executed
:compileJava
:processResources NO-SOURCE
:classes
:compileTestJava
:processTestResources NO-SOURCE
:testClasses
:jar
:assemble
:test

examples.MaxBag_ESTest STANDARD_OUT
    10:46:54.010 [Test worker] INFO  o.e.r.instrumentation.EvoClassLoader - Seeing class for first time: examples.MaxBag_ESTest
    10:46:54.013 [Test worker] INFO  o.e.r.instrumentation.EvoClassLoader - Instrumenting class 'examples.MaxBag_ESTest'.
    10:46:54.035 [Test worker] INFO  o.e.r.instrumentation.EvoClassLoader - Seeing class for first time: examples.MaxBag_ESTest_scaffolding
    10:46:54.035 [Test worker] INFO  o.e.r.instrumentation.EvoClassLoader - Instrumenting class 'examples.MaxBag_ESTest_scaffolding'.
    10:46:54.037 [Test worker] INFO  o.e.r.instrumentation.EvoClassLoader - Keeping class: examples.MaxBag_ESTest_scaffolding
    10:46:54.038 [Test worker] INFO  o.e.r.instrumentation.EvoClassLoader - Keeping class: examples.MaxBag_ESTest
    10:46:54.314 [Test worker] DEBUG o.e.runtime.sandbox.MSecurityManager - Adding privileged thread: "Reference Handler"
    10:46:54.314 [Test worker] DEBUG o.e.runtime.sandbox.MSecurityManager - Adding privileged thread: "Finalizer"
    10:46:54.314 [Test worker] DEBUG o.e.runtime.sandbox.MSecurityManager - Adding privileged thread: "Signal Dispatcher"
    10:46:54.314 [Test worker] DEBUG o.e.runtime.sandbox.MSecurityManager - Adding privileged thread: "Attach Listener"
    10:46:54.314 [Test worker] DEBUG o.e.runtime.sandbox.MSecurityManager - Adding privileged thread: "Java2D Disposer"
    10:46:54.314 [Test worker] DEBUG o.e.runtime.sandbox.MSecurityManager - Adding privileged thread: "AWT-Shutdown"
    10:46:54.314 [Test worker] DEBUG o.e.runtime.sandbox.MSecurityManager - Adding privileged thread: "AWT-Windows"
    10:46:54.314 [Test worker] DEBUG o.e.runtime.sandbox.MSecurityManager - Adding privileged thread: "main"
    10:46:54.314 [Test worker] DEBUG o.e.runtime.sandbox.MSecurityManager - Adding privileged thread: "Test worker"
    10:46:54.314 [Test worker] DEBUG o.e.runtime.sandbox.MSecurityManager - Adding privileged thread: "/127.0.0.1:64637 to /127.0.0.1:64636 workers Thread 2"
    10:46:54.314 [Test worker] DEBUG o.e.runtime.sandbox.MSecurityManager - Adding privileged thread: "/127.0.0.1:64637 to /127.0.0.1:64636 workers Thread 3"
    10:46:54.352 [Test worker] INFO  o.e.r.instrumentation.EvoClassLoader - Seeing class for first time: examples.MaxBag
    10:46:54.352 [Test worker] INFO  o.e.r.instrumentation.EvoClassLoader - Instrumenting class 'examples.MaxBag'.
    10:46:54.365 [Test worker] INFO  o.e.r.i.MethodCallReplacementClassAdapter - Adding mock interface to class examples/MaxBag
    10:46:54.486 [Test worker] INFO  o.e.r.i.CreateClassResetClassAdapter - Creating brand-new static initializer in class examples/MaxBag
    10:46:54.486 [Test worker] INFO  o.e.r.instrumentation.EvoClassLoader - Keeping class: examples.MaxBag
    10:46:54.487 [Test worker] INFO  o.e.r.instrumentation.EvoClassLoader - Seeing class for first time: examples._Type328393
    10:46:54.487 [Test worker] INFO  o.e.r.instrumentation.EvoClassLoader - Instrumenting class 'examples._Type328393'.
    10:46:54.488 [Test worker] INFO  o.e.r.i.MethodCallReplacementClassAdapter - Adding mock interface to class examples/_Type328393
    10:46:54.489 [Test worker] INFO  o.e.r.i.CreateClassResetClassAdapter - Creating brand-new static initializer in class examples/_Type328393
    10:46:54.489 [Test worker] INFO  o.e.r.instrumentation.EvoClassLoader - Keeping class: examples._Type328393

examples.MaxBag_ESTest > test01 FAILED
    java.lang.ArrayIndexOutOfBoundsException at MaxBag_ESTest.java:36

examples.MaxBag_ESTest > test15 FAILED
    java.lang.ArrayIndexOutOfBoundsException at MaxBag_ESTest.java:233

examples.MaxBag_ESTest > test03 FAILED
    java.lang.ArrayIndexOutOfBoundsException at MaxBag_ESTest.java:58

examples.MaxBag_ESTest > test13 FAILED
    java.lang.ArrayIndexOutOfBoundsException at MaxBag_ESTest.java:212

RegressionTest > RegressionTest0.test27 FAILED
    java.lang.ArrayIndexOutOfBoundsException at RegressionTest0.java:393

RegressionTest0 > test27 FAILED
    java.lang.ArrayIndexOutOfBoundsException at RegressionTest0.java:393
Results: FAILURE (75 tests, 69 successes, 6 failures, 0 skipped)
:test FAILED
4 actionable tasks: 4 executed
