:clean

BUILD SUCCESSFUL in 0s
1 actionable task: 1 executed
:compileJava
:processResources NO-SOURCE
:classes
:compileTestJava
:processTestResources NO-SOURCE
:testClasses
:jar
:assemble
:test

examples.MaxBag_ESTest STANDARD_OUT
    10:47:35.489 [Test worker] INFO  o.e.r.instrumentation.EvoClassLoader - Seeing class for first time: examples.MaxBag_ESTest
    10:47:35.491 [Test worker] INFO  o.e.r.instrumentation.EvoClassLoader - Instrumenting class 'examples.MaxBag_ESTest'.
    10:47:35.515 [Test worker] INFO  o.e.r.instrumentation.EvoClassLoader - Seeing class for first time: examples.MaxBag_ESTest_scaffolding
    10:47:35.515 [Test worker] INFO  o.e.r.instrumentation.EvoClassLoader - Instrumenting class 'examples.MaxBag_ESTest_scaffolding'.
    10:47:35.517 [Test worker] INFO  o.e.r.instrumentation.EvoClassLoader - Keeping class: examples.MaxBag_ESTest_scaffolding
    10:47:35.518 [Test worker] INFO  o.e.r.instrumentation.EvoClassLoader - Keeping class: examples.MaxBag_ESTest
    10:47:35.794 [Test worker] DEBUG o.e.runtime.sandbox.MSecurityManager - Adding privileged thread: "Reference Handler"
    10:47:35.794 [Test worker] DEBUG o.e.runtime.sandbox.MSecurityManager - Adding privileged thread: "Finalizer"
    10:47:35.794 [Test worker] DEBUG o.e.runtime.sandbox.MSecurityManager - Adding privileged thread: "Signal Dispatcher"
    10:47:35.794 [Test worker] DEBUG o.e.runtime.sandbox.MSecurityManager - Adding privileged thread: "Attach Listener"
    10:47:35.794 [Test worker] DEBUG o.e.runtime.sandbox.MSecurityManager - Adding privileged thread: "Java2D Disposer"
    10:47:35.794 [Test worker] DEBUG o.e.runtime.sandbox.MSecurityManager - Adding privileged thread: "AWT-Shutdown"
    10:47:35.794 [Test worker] DEBUG o.e.runtime.sandbox.MSecurityManager - Adding privileged thread: "AWT-Windows"
    10:47:35.794 [Test worker] DEBUG o.e.runtime.sandbox.MSecurityManager - Adding privileged thread: "main"
    10:47:35.794 [Test worker] DEBUG o.e.runtime.sandbox.MSecurityManager - Adding privileged thread: "Test worker"
    10:47:35.794 [Test worker] DEBUG o.e.runtime.sandbox.MSecurityManager - Adding privileged thread: "/127.0.0.1:64701 to /127.0.0.1:64700 workers Thread 2"
    10:47:35.794 [Test worker] DEBUG o.e.runtime.sandbox.MSecurityManager - Adding privileged thread: "/127.0.0.1:64701 to /127.0.0.1:64700 workers Thread 3"
    10:47:35.832 [Test worker] INFO  o.e.r.instrumentation.EvoClassLoader - Seeing class for first time: examples.MaxBag
    10:47:35.832 [Test worker] INFO  o.e.r.instrumentation.EvoClassLoader - Instrumenting class 'examples.MaxBag'.
    10:47:35.845 [Test worker] INFO  o.e.r.i.MethodCallReplacementClassAdapter - Adding mock interface to class examples/MaxBag
    10:47:35.970 [Test worker] INFO  o.e.r.i.CreateClassResetClassAdapter - Creating brand-new static initializer in class examples/MaxBag
    10:47:35.970 [Test worker] INFO  o.e.r.instrumentation.EvoClassLoader - Keeping class: examples.MaxBag
    10:47:35.971 [Test worker] INFO  o.e.r.instrumentation.EvoClassLoader - Seeing class for first time: examples._Type328393
    10:47:35.971 [Test worker] INFO  o.e.r.instrumentation.EvoClassLoader - Instrumenting class 'examples._Type328393'.
    10:47:35.972 [Test worker] INFO  o.e.r.i.MethodCallReplacementClassAdapter - Adding mock interface to class examples/_Type328393
    10:47:35.973 [Test worker] INFO  o.e.r.i.CreateClassResetClassAdapter - Creating brand-new static initializer in class examples/_Type328393
    10:47:35.973 [Test worker] INFO  o.e.r.instrumentation.EvoClassLoader - Keeping class: examples._Type328393

examples.MaxBag_ESTest > test01 FAILED
    java.lang.OutOfMemoryError at MaxBag_ESTest.java:36

examples.MaxBag_ESTest > test11 FAILED
    java.lang.OutOfMemoryError at MaxBag_ESTest.java:190

examples.MaxBag_ESTest > test10 FAILED
    java.lang.OutOfMemoryError

examples.MaxBag_ESTest > test16 FAILED
    java.lang.OutOfMemoryError

examples.MaxBag_ESTest > test04 STANDARD_OUT
    10:47:45.802 [Test worker] INFO  o.e.runtime.thread.ThreadStopper - Found new thread

examples.MaxBag_ESTest > test15 STANDARD_OUT
    10:47:47.487 [Test worker] INFO  o.e.runtime.thread.ThreadStopper - Found new thread

examples.MaxBag_ESTest > test15 FAILED
    java.lang.OutOfMemoryError

examples.MaxBag_ESTest > test03 FAILED
    java.lang.OutOfMemoryError

examples.MaxBag_ESTest > test13 FAILED
    java.lang.OutOfMemoryError

examples.MaxBag_ESTest > test09 STANDARD_OUT
    10:47:51.722 [Test worker] INFO  o.e.runtime.thread.ThreadStopper - Found new thread

examples.MaxBag_ESTest > test09 FAILED
    java.lang.OutOfMemoryError

examples.MaxBag_ESTest > test08 STANDARD_OUT
    10:47:51.723 [Test worker] INFO  o.e.runtime.thread.ThreadStopper - Found new thread

examples.MaxBag_ESTest > test06 STANDARD_OUT
    10:47:51.728 [Test worker] INFO  o.e.runtime.thread.ThreadStopper - Found new thread

RegressionTest > RegressionTest0.test03 FAILED
    java.lang.OutOfMemoryError

RegressionTest > RegressionTest0.test06 FAILED
    java.lang.OutOfMemoryError

RegressionTest > RegressionTest0.test07 FAILED
    java.lang.OutOfMemoryError

RegressionTest > RegressionTest0.test08 FAILED
    java.lang.OutOfMemoryError

RegressionTest > RegressionTest0.test09 FAILED
    java.lang.OutOfMemoryError

RegressionTest > RegressionTest0.test10 FAILED
    java.lang.OutOfMemoryError

RegressionTest > RegressionTest0.test11 FAILED
    java.lang.OutOfMemoryError

RegressionTest > RegressionTest0.test12 FAILED
    java.lang.OutOfMemoryError

RegressionTest > RegressionTest0.test13 FAILED
    java.lang.OutOfMemoryError

RegressionTest > RegressionTest0.test14 FAILED
    java.lang.OutOfMemoryError

RegressionTest > RegressionTest0.test15 FAILED
    java.lang.OutOfMemoryError

RegressionTest > RegressionTest0.test16 FAILED
    java.lang.OutOfMemoryError

RegressionTest > RegressionTest0.test17 FAILED
    java.lang.OutOfMemoryError

RegressionTest > RegressionTest0.test18 FAILED
    java.lang.OutOfMemoryError

RegressionTest > RegressionTest0.test19 FAILED
    java.lang.OutOfMemoryError

RegressionTest > RegressionTest0.test20 FAILED
    java.lang.OutOfMemoryError

RegressionTest > RegressionTest0.test21 FAILED
    java.lang.OutOfMemoryError

RegressionTest > RegressionTest0.test22 FAILED
    java.lang.OutOfMemoryError

RegressionTest > RegressionTest0.test23 FAILED
    java.lang.OutOfMemoryError

RegressionTest > RegressionTest0.test24 FAILED
    java.lang.OutOfMemoryError

RegressionTest > RegressionTest0.test25 FAILED
    java.lang.OutOfMemoryError

RegressionTest > RegressionTest0.test26 FAILED
    java.lang.OutOfMemoryError

RegressionTest > RegressionTest0.test27 FAILED
    java.lang.OutOfMemoryError

RegressionTest0 > test03 FAILED
    java.lang.OutOfMemoryError

RegressionTest0 > test06 FAILED
    java.lang.OutOfMemoryError

RegressionTest0 > test07 FAILED
    java.lang.OutOfMemoryError

RegressionTest0 > test08 FAILED
    java.lang.OutOfMemoryError

RegressionTest0 > test09 FAILED
    java.lang.OutOfMemoryError

RegressionTest0 > test10 FAILED
    java.lang.OutOfMemoryError

RegressionTest0 > test11 FAILED
    java.lang.OutOfMemoryError

RegressionTest0 > test12 FAILED
    java.lang.OutOfMemoryError

RegressionTest0 > test13 FAILED
    java.lang.OutOfMemoryError

RegressionTest0 > test14 FAILED
    java.lang.OutOfMemoryError

RegressionTest0 > test15 FAILED
    java.lang.OutOfMemoryError

RegressionTest0 > test16 FAILED
    java.lang.OutOfMemoryError

RegressionTest0 > test17 FAILED
    java.lang.OutOfMemoryError

RegressionTest0 > test18 FAILED
    java.lang.OutOfMemoryError

RegressionTest0 > test19 FAILED
    java.lang.OutOfMemoryError

RegressionTest0 > test20 FAILED
    java.lang.OutOfMemoryError

RegressionTest0 > test21 FAILED
    java.lang.OutOfMemoryError

RegressionTest0 > test22 FAILED
    java.lang.OutOfMemoryError

RegressionTest0 > test23 FAILED
    java.lang.OutOfMemoryError

RegressionTest0 > test24 FAILED
    java.lang.OutOfMemoryError

RegressionTest0 > test25 FAILED
    java.lang.OutOfMemoryError

RegressionTest0 > test26 FAILED
    java.lang.OutOfMemoryError

RegressionTest0 > test27 FAILED
    java.lang.OutOfMemoryError
Results: FAILURE (75 tests, 21 successes, 54 failures, 0 skipped)
:test FAILED
4 actionable tasks: 4 executed
