:clean

BUILD SUCCESSFUL in 0s
1 actionable task: 1 executed
:compileJava
:processResources NO-SOURCE
:classes
:compileTestJava
:processTestResources NO-SOURCE
:testClasses
:jar
:assemble
:test

examples.MaxBag_ESTest STANDARD_OUT
    10:46:46.296 [Test worker] INFO  o.e.r.instrumentation.EvoClassLoader - Seeing class for first time: examples.MaxBag_ESTest
    10:46:46.298 [Test worker] INFO  o.e.r.instrumentation.EvoClassLoader - Instrumenting class 'examples.MaxBag_ESTest'.
    10:46:46.320 [Test worker] INFO  o.e.r.instrumentation.EvoClassLoader - Seeing class for first time: examples.MaxBag_ESTest_scaffolding
    10:46:46.320 [Test worker] INFO  o.e.r.instrumentation.EvoClassLoader - Instrumenting class 'examples.MaxBag_ESTest_scaffolding'.
    10:46:46.322 [Test worker] INFO  o.e.r.instrumentation.EvoClassLoader - Keeping class: examples.MaxBag_ESTest_scaffolding
    10:46:46.323 [Test worker] INFO  o.e.r.instrumentation.EvoClassLoader - Keeping class: examples.MaxBag_ESTest
    10:46:46.592 [Test worker] DEBUG o.e.runtime.sandbox.MSecurityManager - Adding privileged thread: "Reference Handler"
    10:46:46.592 [Test worker] DEBUG o.e.runtime.sandbox.MSecurityManager - Adding privileged thread: "Finalizer"
    10:46:46.592 [Test worker] DEBUG o.e.runtime.sandbox.MSecurityManager - Adding privileged thread: "Signal Dispatcher"
    10:46:46.592 [Test worker] DEBUG o.e.runtime.sandbox.MSecurityManager - Adding privileged thread: "Attach Listener"
    10:46:46.592 [Test worker] DEBUG o.e.runtime.sandbox.MSecurityManager - Adding privileged thread: "Java2D Disposer"
    10:46:46.592 [Test worker] DEBUG o.e.runtime.sandbox.MSecurityManager - Adding privileged thread: "AWT-Shutdown"
    10:46:46.592 [Test worker] DEBUG o.e.runtime.sandbox.MSecurityManager - Adding privileged thread: "AWT-Windows"
    10:46:46.592 [Test worker] DEBUG o.e.runtime.sandbox.MSecurityManager - Adding privileged thread: "main"
    10:46:46.592 [Test worker] DEBUG o.e.runtime.sandbox.MSecurityManager - Adding privileged thread: "Test worker"
    10:46:46.592 [Test worker] DEBUG o.e.runtime.sandbox.MSecurityManager - Adding privileged thread: "/127.0.0.1:64619 to /127.0.0.1:64618 workers Thread 2"
    10:46:46.592 [Test worker] DEBUG o.e.runtime.sandbox.MSecurityManager - Adding privileged thread: "/127.0.0.1:64619 to /127.0.0.1:64618 workers Thread 3"
    10:46:46.630 [Test worker] INFO  o.e.r.instrumentation.EvoClassLoader - Seeing class for first time: examples.MaxBag
    10:46:46.631 [Test worker] INFO  o.e.r.instrumentation.EvoClassLoader - Instrumenting class 'examples.MaxBag'.
    10:46:46.644 [Test worker] INFO  o.e.r.i.MethodCallReplacementClassAdapter - Adding mock interface to class examples/MaxBag
    10:46:46.764 [Test worker] INFO  o.e.r.i.CreateClassResetClassAdapter - Creating brand-new static initializer in class examples/MaxBag
    10:46:46.764 [Test worker] INFO  o.e.r.instrumentation.EvoClassLoader - Keeping class: examples.MaxBag
    10:46:46.765 [Test worker] INFO  o.e.r.instrumentation.EvoClassLoader - Seeing class for first time: examples._Type328393
    10:46:46.765 [Test worker] INFO  o.e.r.instrumentation.EvoClassLoader - Instrumenting class 'examples._Type328393'.
    10:46:46.766 [Test worker] INFO  o.e.r.i.MethodCallReplacementClassAdapter - Adding mock interface to class examples/_Type328393
    10:46:46.767 [Test worker] INFO  o.e.r.i.CreateClassResetClassAdapter - Creating brand-new static initializer in class examples/_Type328393
    10:46:46.767 [Test worker] INFO  o.e.r.instrumentation.EvoClassLoader - Keeping class: examples._Type328393

examples.MaxBag_ESTest > test13 FAILED
    java.lang.ArrayIndexOutOfBoundsException at MaxBag_ESTest.java:213

RegressionTest > RegressionTest0.test09 FAILED
    java.lang.ArrayIndexOutOfBoundsException at RegressionTest0.java:116

RegressionTest > RegressionTest0.test11 FAILED
    java.lang.ArrayIndexOutOfBoundsException at RegressionTest0.java:143

RegressionTest > RegressionTest0.test19 FAILED
    java.lang.ArrayIndexOutOfBoundsException at RegressionTest0.java:266

RegressionTest0 > test09 FAILED
    java.lang.ArrayIndexOutOfBoundsException at RegressionTest0.java:116

RegressionTest0 > test11 FAILED
    java.lang.ArrayIndexOutOfBoundsException at RegressionTest0.java:143

RegressionTest0 > test19 FAILED
    java.lang.ArrayIndexOutOfBoundsException at RegressionTest0.java:266
Results: FAILURE (75 tests, 68 successes, 7 failures, 0 skipped)
:test FAILED
4 actionable tasks: 4 executed
