:clean

BUILD SUCCESSFUL in 2s
1 actionable task: 1 executed
:compileJava
:processResources NO-SOURCE
:classes
:compileTestJava
:processTestResources NO-SOURCE
:testClasses
:jar
:assemble
:test

org.apache.commons.math3.util.MathUtilsNew_ESTest STANDARD_OUT
    04:26:09.932 [Test worker] INFO  o.e.r.instrumentation.EvoClassLoader - Seeing class for first time: org.apache.commons.math3.util.MathUtilsNew_ESTest
    04:26:09.940 [Test worker] INFO  o.e.r.instrumentation.EvoClassLoader - Instrumenting class 'org.apache.commons.math3.util.MathUtilsNew_ESTest'.
    04:26:09.977 [Test worker] INFO  o.e.r.instrumentation.EvoClassLoader - Seeing class for first time: org.apache.commons.math3.util.MathUtilsNew_ESTest_scaffolding
    04:26:09.977 [Test worker] INFO  o.e.r.instrumentation.EvoClassLoader - Instrumenting class 'org.apache.commons.math3.util.MathUtilsNew_ESTest_scaffolding'.
    04:26:09.982 [Test worker] INFO  o.e.r.instrumentation.EvoClassLoader - Keeping class: org.apache.commons.math3.util.MathUtilsNew_ESTest_scaffolding
    04:26:09.982 [Test worker] INFO  o.e.r.instrumentation.EvoClassLoader - Keeping class: org.apache.commons.math3.util.MathUtilsNew_ESTest
    04:26:10.358 [Test worker] DEBUG o.e.runtime.sandbox.MSecurityManager - Adding privileged thread: "Reference Handler"
    04:26:10.358 [Test worker] DEBUG o.e.runtime.sandbox.MSecurityManager - Adding privileged thread: "Finalizer"
    04:26:10.358 [Test worker] DEBUG o.e.runtime.sandbox.MSecurityManager - Adding privileged thread: "Signal Dispatcher"
    04:26:10.358 [Test worker] DEBUG o.e.runtime.sandbox.MSecurityManager - Adding privileged thread: "Attach Listener"
    04:26:10.358 [Test worker] DEBUG o.e.runtime.sandbox.MSecurityManager - Adding privileged thread: "Java2D Disposer"
    04:26:10.358 [Test worker] DEBUG o.e.runtime.sandbox.MSecurityManager - Adding privileged thread: "AWT-Shutdown"
    04:26:10.358 [Test worker] DEBUG o.e.runtime.sandbox.MSecurityManager - Adding privileged thread: "AWT-Windows"
    04:26:10.358 [Test worker] DEBUG o.e.runtime.sandbox.MSecurityManager - Adding privileged thread: "main"
    04:26:10.358 [Test worker] DEBUG o.e.runtime.sandbox.MSecurityManager - Adding privileged thread: "Test worker"
    04:26:10.359 [Test worker] DEBUG o.e.runtime.sandbox.MSecurityManager - Adding privileged thread: "/127.0.0.1:64175 to /127.0.0.1:64174 workers Thread 2"
    04:26:10.359 [Test worker] DEBUG o.e.runtime.sandbox.MSecurityManager - Adding privileged thread: "/127.0.0.1:64175 to /127.0.0.1:64174 workers Thread 3"
    04:26:10.477 [Test worker] INFO  o.e.r.instrumentation.EvoClassLoader - Seeing class for first time: org.apache.commons.math3.util.MathUtilsNew
    04:26:10.477 [Test worker] INFO  o.e.r.instrumentation.EvoClassLoader - Instrumenting class 'org.apache.commons.math3.util.MathUtilsNew'.
    04:26:10.509 [Test worker] INFO  o.e.r.i.MethodCallReplacementClassAdapter - Adding mock interface to class org/apache/commons/math3/util/MathUtilsNew
    04:26:10.825 [Test worker] INFO  o.e.r.i.CreateClassResetClassAdapter - Creating brand-new static initializer in class org/apache/commons/math3/util/MathUtilsNew
    04:26:10.826 [Test worker] INFO  o.e.r.instrumentation.EvoClassLoader - Keeping class: org.apache.commons.math3.util.MathUtilsNew
    04:26:10.826 [Test worker] INFO  o.e.r.instrumentation.EvoClassLoader - Seeing class for first time: org.apache.commons.math3.exception.util.Localizable
    04:26:10.826 [Test worker] INFO  o.e.r.instrumentation.EvoClassLoader - Instrumenting class 'org.apache.commons.math3.exception.util.Localizable'.
    04:26:10.830 [Test worker] INFO  o.e.r.instrumentation.EvoClassLoader - Defined package (3): package org.apache.commons.math3.exception.util, -505269952
    04:26:10.830 [Test worker] INFO  o.e.r.instrumentation.EvoClassLoader - Keeping class: org.apache.commons.math3.exception.util.Localizable
    04:26:10.830 [Test worker] INFO  o.e.r.instrumentation.EvoClassLoader - Seeing class for first time: org.apache.commons.math3.exception.MathArithmeticException
    04:26:10.830 [Test worker] INFO  o.e.r.instrumentation.EvoClassLoader - Instrumenting class 'org.apache.commons.math3.exception.MathArithmeticException'.
    04:26:10.833 [Test worker] INFO  o.e.r.i.MethodCallReplacementClassAdapter - Adding mock interface to class org/apache/commons/math3/exception/MathArithmeticException
    04:26:10.835 [Test worker] INFO  o.e.r.i.CreateClassResetClassAdapter - Creating brand-new static initializer in class org/apache/commons/math3/exception/MathArithmeticException
    04:26:10.842 [Test worker] INFO  o.e.r.instrumentation.EvoClassLoader - Defined package (3): package org.apache.commons.math3.exception, 1643916784
    04:26:10.843 [Test worker] INFO  o.e.r.instrumentation.EvoClassLoader - Seeing class for first time: org.apache.commons.math3.exception.util.ExceptionContextProvider
    04:26:10.844 [Test worker] INFO  o.e.r.instrumentation.EvoClassLoader - Instrumenting class 'org.apache.commons.math3.exception.util.ExceptionContextProvider'.
    04:26:10.848 [Test worker] INFO  o.e.r.instrumentation.EvoClassLoader - Keeping class: org.apache.commons.math3.exception.util.ExceptionContextProvider
    04:26:10.849 [Test worker] INFO  o.e.r.instrumentation.EvoClassLoader - Keeping class: org.apache.commons.math3.exception.MathArithmeticException
    04:26:10.850 [Test worker] INFO  o.e.r.instrumentation.EvoClassLoader - Seeing class for first time: org.apache.commons.math3.exception.util.LocalizedFormats
    04:26:10.850 [Test worker] INFO  o.e.r.instrumentation.EvoClassLoader - Instrumenting class 'org.apache.commons.math3.exception.util.LocalizedFormats'.
    04:26:10.856 [Test worker] INFO  o.e.r.i.MethodCallReplacementClassAdapter - Adding mock interface to class org/apache/commons/math3/exception/util/LocalizedFormats
    04:26:10.865 [Test worker] INFO  o.e.r.i.CreateClassResetClassAdapter - Found static initializer in class org/apache/commons/math3/exception/util/LocalizedFormats
    04:26:10.884 [Test worker] INFO  o.e.r.instrumentation.EvoClassLoader - Keeping class: org.apache.commons.math3.exception.util.LocalizedFormats
    04:26:10.893 [Test worker] INFO  o.e.r.instrumentation.EvoClassLoader - Seeing class for first time: org.apache.commons.math3.exception.util.ExceptionContext
    04:26:10.893 [Test worker] INFO  o.e.r.instrumentation.EvoClassLoader - Instrumenting class 'org.apache.commons.math3.exception.util.ExceptionContext'.
    04:26:10.897 [Test worker] INFO  o.e.r.i.MethodCallReplacementClassAdapter - Adding mock interface to class org/apache/commons/math3/exception/util/ExceptionContext
    04:26:10.901 [Test worker] INFO  o.e.r.i.CreateClassResetClassAdapter - Creating brand-new static initializer in class org/apache/commons/math3/exception/util/ExceptionContext
    04:26:10.902 [Test worker] INFO  o.e.r.instrumentation.EvoClassLoader - Keeping class: org.apache.commons.math3.exception.util.ExceptionContext
    04:26:10.903 [Test worker] INFO  o.e.r.instrumentation.EvoClassLoader - Seeing class for first time: org.apache.commons.math3.exception.util.ArgUtils
    04:26:10.903 [Test worker] INFO  o.e.r.instrumentation.EvoClassLoader - Instrumenting class 'org.apache.commons.math3.exception.util.ArgUtils'.
    04:26:10.906 [Test worker] INFO  o.e.r.i.MethodCallReplacementClassAdapter - Adding mock interface to class org/apache/commons/math3/exception/util/ArgUtils
    04:26:10.907 [Test worker] INFO  o.e.r.i.CreateClassResetClassAdapter - Creating brand-new static initializer in class org/apache/commons/math3/exception/util/ArgUtils
    04:26:10.907 [Test worker] INFO  o.e.r.instrumentation.EvoClassLoader - Keeping class: org.apache.commons.math3.exception.util.ArgUtils

org.apache.commons.math3.util.MathUtilsNew_ESTest > test2 FAILED
    java.lang.AssertionError at MathUtilsNew_ESTest.java:35

RegressionTest > RegressionTest0.test02 FAILED
    java.lang.AssertionError at RegressionTest0.java:24

RegressionTest > RegressionTest0.test09 FAILED
    java.lang.AssertionError at RegressionTest0.java:80

RegressionTest > RegressionTest0.test14 FAILED
    java.lang.AssertionError at RegressionTest0.java:121

RegressionTest > RegressionTest0.test22 FAILED
    java.lang.AssertionError at RegressionTest0.java:185

RegressionTest > RegressionTest0.test38 FAILED
    java.lang.AssertionError at RegressionTest0.java:313

RegressionTest > RegressionTest0.test45 FAILED
    java.lang.AssertionError at RegressionTest0.java:369

RegressionTest > RegressionTest0.test48 FAILED
    java.lang.AssertionError at RegressionTest0.java:393

RegressionTest0 > test02 FAILED
    java.lang.AssertionError at RegressionTest0.java:24

RegressionTest0 > test09 FAILED
    java.lang.AssertionError at RegressionTest0.java:80

RegressionTest0 > test14 FAILED
    java.lang.AssertionError at RegressionTest0.java:121

RegressionTest0 > test22 FAILED
    java.lang.AssertionError at RegressionTest0.java:185

RegressionTest0 > test38 FAILED
    java.lang.AssertionError at RegressionTest0.java:313

RegressionTest0 > test45 FAILED
    java.lang.AssertionError at RegressionTest0.java:369

RegressionTest0 > test48 FAILED
    java.lang.AssertionError at RegressionTest0.java:393
Results: FAILURE (607 tests, 592 successes, 15 failures, 0 skipped)
:test FAILED
4 actionable tasks: 4 executed
