:clean

BUILD SUCCESSFUL in 1s
1 actionable task: 1 executed
:compileJava
:processResources NO-SOURCE
:classes
:compileTestJava
:processTestResources NO-SOURCE
:testClasses
:jar
:assemble
:test

jts.MathUtil_ESTest STANDARD_OUT
    01:37:23.892 [Test worker] INFO  o.e.r.instrumentation.EvoClassLoader - Seeing class for first time: jts.MathUtil_ESTest
    01:37:23.902 [Test worker] INFO  o.e.r.instrumentation.EvoClassLoader - Instrumenting class 'jts.MathUtil_ESTest'.
    01:37:23.942 [Test worker] INFO  o.e.r.instrumentation.EvoClassLoader - Seeing class for first time: jts.MathUtil_ESTest_scaffolding
    01:37:23.943 [Test worker] INFO  o.e.r.instrumentation.EvoClassLoader - Instrumenting class 'jts.MathUtil_ESTest_scaffolding'.
    01:37:23.946 [Test worker] INFO  o.e.r.instrumentation.EvoClassLoader - Keeping class: jts.MathUtil_ESTest_scaffolding
    01:37:23.947 [Test worker] INFO  o.e.r.instrumentation.EvoClassLoader - Keeping class: jts.MathUtil_ESTest
    01:37:24.277 [Test worker] DEBUG o.e.runtime.sandbox.MSecurityManager - Adding privileged thread: "Reference Handler"
    01:37:24.278 [Test worker] DEBUG o.e.runtime.sandbox.MSecurityManager - Adding privileged thread: "Finalizer"
    01:37:24.278 [Test worker] DEBUG o.e.runtime.sandbox.MSecurityManager - Adding privileged thread: "Signal Dispatcher"
    01:37:24.278 [Test worker] DEBUG o.e.runtime.sandbox.MSecurityManager - Adding privileged thread: "Attach Listener"
    01:37:24.278 [Test worker] DEBUG o.e.runtime.sandbox.MSecurityManager - Adding privileged thread: "Java2D Disposer"
    01:37:24.278 [Test worker] DEBUG o.e.runtime.sandbox.MSecurityManager - Adding privileged thread: "AWT-Shutdown"
    01:37:24.278 [Test worker] DEBUG o.e.runtime.sandbox.MSecurityManager - Adding privileged thread: "AWT-Windows"
    01:37:24.278 [Test worker] DEBUG o.e.runtime.sandbox.MSecurityManager - Adding privileged thread: "main"
    01:37:24.279 [Test worker] DEBUG o.e.runtime.sandbox.MSecurityManager - Adding privileged thread: "Test worker"
    01:37:24.279 [Test worker] DEBUG o.e.runtime.sandbox.MSecurityManager - Adding privileged thread: "/127.0.0.1:61795 to /127.0.0.1:61794 workers Thread 2"
    01:37:24.279 [Test worker] DEBUG o.e.runtime.sandbox.MSecurityManager - Adding privileged thread: "/127.0.0.1:61795 to /127.0.0.1:61794 workers Thread 3"
    01:37:24.367 [Test worker] INFO  o.e.r.instrumentation.EvoClassLoader - Seeing class for first time: jts.MathUtil
    01:37:24.367 [Test worker] INFO  o.e.r.instrumentation.EvoClassLoader - Instrumenting class 'jts.MathUtil'.
    01:37:24.398 [Test worker] INFO  o.e.r.i.MethodCallReplacementClassAdapter - Adding mock interface to class jts/MathUtil
    01:37:24.701 [Test worker] INFO  o.e.r.i.CreateClassResetClassAdapter - Creating brand-new static initializer in class jts/MathUtil
    01:37:24.702 [Test worker] INFO  o.e.r.instrumentation.EvoClassLoader - Keeping class: jts.MathUtil

jts.MathUtil_ESTest > test0 FAILED
    java.lang.AssertionError at MathUtil_ESTest.java:21

jts.MathUtil_ESTest > test3 FAILED
    java.lang.AssertionError at MathUtil_ESTest.java:39

RegressionTest > RegressionTest0.test05 FAILED
    java.lang.AssertionError at RegressionTest0.java:48

RegressionTest > RegressionTest0.test08 FAILED
    java.lang.AssertionError at RegressionTest0.java:72

RegressionTest > RegressionTest0.test17 FAILED
    java.lang.AssertionError at RegressionTest0.java:145

RegressionTest > RegressionTest0.test24 FAILED
    java.lang.AssertionError at RegressionTest0.java:201

RegressionTest > RegressionTest0.test31 FAILED
    java.lang.AssertionError at RegressionTest0.java:257

RegressionTest > RegressionTest0.test36 FAILED
    java.lang.AssertionError at RegressionTest0.java:297

RegressionTest > RegressionTest0.test51 FAILED
    java.lang.AssertionError at RegressionTest0.java:417

RegressionTest > RegressionTest0.test53 FAILED
    java.lang.AssertionError at RegressionTest0.java:433

RegressionTest > RegressionTest0.test55 FAILED
    java.lang.AssertionError at RegressionTest0.java:449

RegressionTest > RegressionTest0.test64 FAILED
    java.lang.AssertionError at RegressionTest0.java:521

RegressionTest > RegressionTest0.test71 FAILED
    java.lang.AssertionError at RegressionTest0.java:577

RegressionTest > RegressionTest0.test73 FAILED
    java.lang.AssertionError at RegressionTest0.java:593

RegressionTest > RegressionTest0.test77 FAILED
    java.lang.AssertionError at RegressionTest0.java:625

RegressionTest > RegressionTest0.test85 FAILED
    java.lang.AssertionError at RegressionTest0.java:689

RegressionTest > RegressionTest0.test87 FAILED
    java.lang.AssertionError at RegressionTest0.java:705

RegressionTest > RegressionTest0.test95 FAILED
    java.lang.AssertionError at RegressionTest0.java:769

RegressionTest0 > test05 FAILED
    java.lang.AssertionError at RegressionTest0.java:48

RegressionTest0 > test08 FAILED
    java.lang.AssertionError at RegressionTest0.java:72

RegressionTest0 > test17 FAILED
    java.lang.AssertionError at RegressionTest0.java:145

RegressionTest0 > test24 FAILED
    java.lang.AssertionError at RegressionTest0.java:201

RegressionTest0 > test31 FAILED
    java.lang.AssertionError at RegressionTest0.java:257

RegressionTest0 > test36 FAILED
    java.lang.AssertionError at RegressionTest0.java:297

RegressionTest0 > test51 FAILED
    java.lang.AssertionError at RegressionTest0.java:417

RegressionTest0 > test53 FAILED
    java.lang.AssertionError at RegressionTest0.java:433

RegressionTest0 > test55 FAILED
    java.lang.AssertionError at RegressionTest0.java:449

RegressionTest0 > test64 FAILED
    java.lang.AssertionError at RegressionTest0.java:521

RegressionTest0 > test71 FAILED
    java.lang.AssertionError at RegressionTest0.java:577

RegressionTest0 > test73 FAILED
    java.lang.AssertionError at RegressionTest0.java:593

RegressionTest0 > test77 FAILED
    java.lang.AssertionError at RegressionTest0.java:625

RegressionTest0 > test85 FAILED
    java.lang.AssertionError at RegressionTest0.java:689

RegressionTest0 > test87 FAILED
    java.lang.AssertionError at RegressionTest0.java:705

RegressionTest0 > test95 FAILED
    java.lang.AssertionError at RegressionTest0.java:769
Results: FAILURE (197 tests, 163 successes, 34 failures, 0 skipped)
:test FAILED
4 actionable tasks: 4 executed
