:clean

BUILD SUCCESSFUL in 3s
1 actionable task: 1 executed
:compileJava
:processResources NO-SOURCE
:classes
:compileTestJava
:processTestResources NO-SOURCE
:testClasses
:jar
:assemble
:test

examples.Polyupdate_ESTest STANDARD_OUT
    09:35:47.235 [Test worker] INFO  o.e.r.instrumentation.EvoClassLoader - Seeing class for first time: examples.Polyupdate_ESTest
    09:35:47.238 [Test worker] INFO  o.e.r.instrumentation.EvoClassLoader - Instrumenting class 'examples.Polyupdate_ESTest'.
    09:35:47.279 [Test worker] INFO  o.e.r.instrumentation.EvoClassLoader - Seeing class for first time: examples.Polyupdate_ESTest_scaffolding
    09:35:47.279 [Test worker] INFO  o.e.r.instrumentation.EvoClassLoader - Instrumenting class 'examples.Polyupdate_ESTest_scaffolding'.
    09:35:47.283 [Test worker] INFO  o.e.r.instrumentation.EvoClassLoader - Keeping class: examples.Polyupdate_ESTest_scaffolding
    09:35:47.283 [Test worker] INFO  o.e.r.instrumentation.EvoClassLoader - Keeping class: examples.Polyupdate_ESTest
    09:35:47.665 [Test worker] DEBUG o.e.runtime.sandbox.MSecurityManager - Adding privileged thread: "Reference Handler"
    09:35:47.665 [Test worker] DEBUG o.e.runtime.sandbox.MSecurityManager - Adding privileged thread: "Finalizer"
    09:35:47.665 [Test worker] DEBUG o.e.runtime.sandbox.MSecurityManager - Adding privileged thread: "Signal Dispatcher"
    09:35:47.665 [Test worker] DEBUG o.e.runtime.sandbox.MSecurityManager - Adding privileged thread: "Attach Listener"
    09:35:47.665 [Test worker] DEBUG o.e.runtime.sandbox.MSecurityManager - Adding privileged thread: "Java2D Disposer"
    09:35:47.665 [Test worker] DEBUG o.e.runtime.sandbox.MSecurityManager - Adding privileged thread: "AWT-Shutdown"
    09:35:47.665 [Test worker] DEBUG o.e.runtime.sandbox.MSecurityManager - Adding privileged thread: "AWT-Windows"
    09:35:47.665 [Test worker] DEBUG o.e.runtime.sandbox.MSecurityManager - Adding privileged thread: "main"
    09:35:47.665 [Test worker] DEBUG o.e.runtime.sandbox.MSecurityManager - Adding privileged thread: "Test worker"
    09:35:47.666 [Test worker] DEBUG o.e.runtime.sandbox.MSecurityManager - Adding privileged thread: "/127.0.0.1:51210 to /127.0.0.1:51209 workers Thread 2"
    09:35:47.666 [Test worker] DEBUG o.e.runtime.sandbox.MSecurityManager - Adding privileged thread: "/127.0.0.1:51210 to /127.0.0.1:51209 workers Thread 3"
    09:35:47.741 [Test worker] INFO  o.e.r.instrumentation.EvoClassLoader - Seeing class for first time: examples.Polyupdate
    09:35:47.741 [Test worker] INFO  o.e.r.instrumentation.EvoClassLoader - Instrumenting class 'examples.Polyupdate'.
    09:35:47.768 [Test worker] INFO  o.e.r.i.MethodCallReplacementClassAdapter - Adding mock interface to class examples/Polyupdate
    09:35:48.004 [Test worker] INFO  o.e.r.i.CreateClassResetClassAdapter - Creating brand-new static initializer in class examples/Polyupdate
    09:35:48.004 [Test worker] INFO  o.e.r.instrumentation.EvoClassLoader - Keeping class: examples.Polyupdate

examples.Polyupdate_ESTest > test09 FAILED
    java.lang.AssertionError at Polyupdate_ESTest.java:109

examples.Polyupdate_ESTest > test08 FAILED
    java.lang.AssertionError at Polyupdate_ESTest.java:101

examples.Polyupdate_ESTest > test07 FAILED
    java.lang.AssertionError at Polyupdate_ESTest.java:92

examples.Polyupdate_ESTest > test06 FAILED
    java.lang.AssertionError at Polyupdate_ESTest.java:83

examples.Polyupdate_ESTest > test00 FAILED
    java.lang.AssertionError at Polyupdate_ESTest.java:26

examples.Polyupdate_ESTest > test04 FAILED
    java.lang.AssertionError at Polyupdate_ESTest.java:58

RegressionTest > RegressionTest0.test08 FAILED
    java.lang.AssertionError at RegressionTest0.java:102

RegressionTest > RegressionTest0.test14 FAILED
    java.lang.AssertionError at RegressionTest0.java:184

RegressionTest > RegressionTest0.test28 FAILED
    java.lang.AssertionError at RegressionTest0.java:367

RegressionTest > RegressionTest0.test30 FAILED
    java.lang.AssertionError at RegressionTest0.java:398

RegressionTest > RegressionTest0.test41 FAILED
    java.lang.AssertionError at RegressionTest0.java:561

RegressionTest > RegressionTest0.test50 FAILED
    java.lang.AssertionError at RegressionTest0.java:680

RegressionTest > RegressionTest0.test54 FAILED
    java.lang.AssertionError at RegressionTest0.java:736

RegressionTest0 > test08 FAILED
    java.lang.AssertionError at RegressionTest0.java:102

RegressionTest0 > test14 FAILED
    java.lang.AssertionError at RegressionTest0.java:184

RegressionTest0 > test28 FAILED
    java.lang.AssertionError at RegressionTest0.java:367

RegressionTest0 > test30 FAILED
    java.lang.AssertionError at RegressionTest0.java:398

RegressionTest0 > test41 FAILED
    java.lang.AssertionError at RegressionTest0.java:561

RegressionTest0 > test50 FAILED
    java.lang.AssertionError at RegressionTest0.java:680

RegressionTest0 > test54 FAILED
    java.lang.AssertionError at RegressionTest0.java:736
Results: FAILURE (394 tests, 374 successes, 20 failures, 0 skipped)
:test FAILED
4 actionable tasks: 4 executed
