:clean

BUILD SUCCESSFUL in 0s
1 actionable task: 1 executed
:compileJava
:processResources NO-SOURCE
:classes
:compileTestJava
:processTestResources NO-SOURCE
:testClasses
:jar
:assemble
:test

examples.MaxBag_ESTest STANDARD_OUT
    18:52:12.583 [Test worker] INFO  o.e.r.instrumentation.EvoClassLoader - Seeing class for first time: examples.MaxBag_ESTest
    18:52:12.585 [Test worker] INFO  o.e.r.instrumentation.EvoClassLoader - Instrumenting class 'examples.MaxBag_ESTest'.
    18:52:12.608 [Test worker] INFO  o.e.r.instrumentation.EvoClassLoader - Seeing class for first time: examples.MaxBag_ESTest_scaffolding
    18:52:12.609 [Test worker] INFO  o.e.r.instrumentation.EvoClassLoader - Instrumenting class 'examples.MaxBag_ESTest_scaffolding'.
    18:52:12.610 [Test worker] INFO  o.e.r.instrumentation.EvoClassLoader - Keeping class: examples.MaxBag_ESTest_scaffolding
    18:52:12.611 [Test worker] INFO  o.e.r.instrumentation.EvoClassLoader - Keeping class: examples.MaxBag_ESTest
    18:52:12.775 [Test worker] DEBUG o.e.runtime.sandbox.MSecurityManager - Adding privileged thread: "Reference Handler"
    18:52:12.776 [Test worker] DEBUG o.e.runtime.sandbox.MSecurityManager - Adding privileged thread: "Finalizer"
    18:52:12.776 [Test worker] DEBUG o.e.runtime.sandbox.MSecurityManager - Adding privileged thread: "Signal Dispatcher"
    18:52:12.776 [Test worker] DEBUG o.e.runtime.sandbox.MSecurityManager - Adding privileged thread: "Attach Listener"
    18:52:12.776 [Test worker] DEBUG o.e.runtime.sandbox.MSecurityManager - Adding privileged thread: "Java2D Disposer"
    18:52:12.776 [Test worker] DEBUG o.e.runtime.sandbox.MSecurityManager - Adding privileged thread: "AWT-Shutdown"
    18:52:12.776 [Test worker] DEBUG o.e.runtime.sandbox.MSecurityManager - Adding privileged thread: "AWT-Windows"
    18:52:12.776 [Test worker] DEBUG o.e.runtime.sandbox.MSecurityManager - Adding privileged thread: "main"
    18:52:12.776 [Test worker] DEBUG o.e.runtime.sandbox.MSecurityManager - Adding privileged thread: "Test worker"
    18:52:12.776 [Test worker] DEBUG o.e.runtime.sandbox.MSecurityManager - Adding privileged thread: "/127.0.0.1:61840 to /127.0.0.1:61839 workers Thread 2"
    18:52:12.776 [Test worker] DEBUG o.e.runtime.sandbox.MSecurityManager - Adding privileged thread: "/127.0.0.1:61840 to /127.0.0.1:61839 workers Thread 3"
    18:52:12.814 [Test worker] INFO  o.e.r.instrumentation.EvoClassLoader - Seeing class for first time: examples.MaxBag
    18:52:12.814 [Test worker] INFO  o.e.r.instrumentation.EvoClassLoader - Instrumenting class 'examples.MaxBag'.
    18:52:12.827 [Test worker] INFO  o.e.r.i.MethodCallReplacementClassAdapter - Adding mock interface to class examples/MaxBag
    18:52:12.946 [Test worker] INFO  o.e.r.i.CreateClassResetClassAdapter - Creating brand-new static initializer in class examples/MaxBag
    18:52:12.946 [Test worker] INFO  o.e.r.instrumentation.EvoClassLoader - Keeping class: examples.MaxBag
    18:52:12.947 [Test worker] INFO  o.e.r.instrumentation.EvoClassLoader - Seeing class for first time: examples._Type328393
    18:52:12.947 [Test worker] INFO  o.e.r.instrumentation.EvoClassLoader - Instrumenting class 'examples._Type328393'.
    18:52:12.948 [Test worker] INFO  o.e.r.i.MethodCallReplacementClassAdapter - Adding mock interface to class examples/_Type328393
    18:52:12.948 [Test worker] INFO  o.e.r.i.CreateClassResetClassAdapter - Creating brand-new static initializer in class examples/_Type328393
    18:52:12.949 [Test worker] INFO  o.e.r.instrumentation.EvoClassLoader - Keeping class: examples._Type328393

examples.MaxBag_ESTest > test00 FAILED
    java.lang.OutOfMemoryError at MaxBag_ESTest.java:32

examples.MaxBag_ESTest > test11 FAILED
    java.lang.OutOfMemoryError at MaxBag_ESTest.java:194

examples.MaxBag_ESTest > test10 FAILED
    java.lang.OutOfMemoryError

examples.MaxBag_ESTest > test15 FAILED
    java.lang.OutOfMemoryError

examples.MaxBag_ESTest > test14 STANDARD_OUT
    18:52:23.178 [Test worker] INFO  o.e.runtime.thread.ThreadStopper - Found new thread

examples.MaxBag_ESTest > test02 STANDARD_OUT
    18:52:23.179 [Test worker] INFO  o.e.runtime.thread.ThreadStopper - Found new thread

examples.MaxBag_ESTest > test09 FAILED
    java.lang.OutOfMemoryError

examples.MaxBag_ESTest > test18 FAILED
    java.lang.OutOfMemoryError

RegressionTest > RegressionTest0.test16 FAILED
    java.lang.OutOfMemoryError

RegressionTest > RegressionTest0.test17 FAILED
    java.lang.OutOfMemoryError

RegressionTest > RegressionTest0.test18 FAILED
    java.lang.OutOfMemoryError

RegressionTest > RegressionTest0.test23 FAILED
    java.lang.OutOfMemoryError

RegressionTest > RegressionTest0.test25 FAILED
    java.lang.OutOfMemoryError

RegressionTest0 > test16 FAILED
    java.lang.OutOfMemoryError

RegressionTest0 > test17 FAILED
    java.lang.OutOfMemoryError

RegressionTest0 > test18 FAILED
    java.lang.OutOfMemoryError

RegressionTest0 > test23 FAILED
    java.lang.OutOfMemoryError

RegressionTest0 > test25 FAILED
    java.lang.OutOfMemoryError

testers.MaxBagTester0 > test031 FAILED
    java.lang.OutOfMemoryError

testers.MaxBagTester0 > test037 FAILED
    java.lang.OutOfMemoryError

testers.MaxBagTester0 > test046 FAILED
    java.lang.OutOfMemoryError

testers.MaxBagTester0 > test049 FAILED
    java.lang.OutOfMemoryError

testers.MaxBagTester0 > test053 FAILED
    java.lang.OutOfMemoryError

testers.MaxBagTester0 > test058 FAILED
    java.lang.OutOfMemoryError

testers.MaxBagTester0 > test071 FAILED
    java.lang.OutOfMemoryError

testers.MaxBagTester0 > test073 FAILED
    java.lang.OutOfMemoryError

testers.MaxBagTester0 > test076 FAILED
    java.lang.OutOfMemoryError

testers.MaxBagTester0 > test077 FAILED
    java.lang.OutOfMemoryError

testers.MaxBagTester0 > test078 FAILED
    java.lang.OutOfMemoryError

testers.MaxBagTester0 > test083 FAILED
    java.lang.OutOfMemoryError

testers.MaxBagTester0 > test093 FAILED
    java.lang.OutOfMemoryError

testers.MaxBagTester0 > test098 FAILED
    java.lang.OutOfMemoryError

testers.MaxBagTester0 > test101 FAILED
    java.lang.OutOfMemoryError

testers.MaxBagTester0 > test106 FAILED
    java.lang.OutOfMemoryError

testers.MaxBagTester0 > test108 FAILED
    java.lang.OutOfMemoryError

testers.MaxBagTester0 > test112 FAILED
    java.lang.OutOfMemoryError

testers.MaxBagTester0 > test113 FAILED
    java.lang.OutOfMemoryError

testers.MaxBagTester0 > test114 FAILED
    java.lang.OutOfMemoryError

testers.MaxBagTester0 > test118 FAILED
    java.lang.OutOfMemoryError

testers.MaxBagTester0 > test120 FAILED
    java.lang.OutOfMemoryError

testers.MaxBagTester0 > test122 FAILED
    java.lang.OutOfMemoryError

testers.MaxBagTester0 > test126 FAILED
    java.lang.OutOfMemoryError

testers.MaxBagTester0 > test129 FAILED
    java.lang.OutOfMemoryError

testers.MaxBagTester0 > test130 FAILED
    java.lang.OutOfMemoryError

testers.MaxBagTester0 > test132 FAILED
    java.lang.OutOfMemoryError

testers.MaxBagTester0 > test139 FAILED
    java.lang.OutOfMemoryError

testers.MaxBagTester0 > test140 FAILED
    java.lang.OutOfMemoryError

testers.MaxBagTester0 > test144 FAILED
    java.lang.OutOfMemoryError

testers.MaxBagTester0 > test151 FAILED
    java.lang.OutOfMemoryError

testers.MaxBagTester0 > test152 FAILED
    java.lang.OutOfMemoryError

testers.MaxBagTester0 > test156 FAILED
    java.lang.OutOfMemoryError

testers.MaxBagTester0 > test158 FAILED
    java.lang.OutOfMemoryError

testers.MaxBagTester0 > test161 FAILED
    java.lang.OutOfMemoryError

testers.MaxBagTester0 > test169 FAILED
    java.lang.OutOfMemoryError

testers.MaxBagTester0 > test178 FAILED
    java.lang.OutOfMemoryError

testers.MaxBagTester0 > test181 FAILED
    java.lang.OutOfMemoryError

testers.MaxBagTester0 > test187 FAILED
    java.lang.OutOfMemoryError

testers.MaxBagTester0 > test189 FAILED
    java.lang.OutOfMemoryError

testers.MaxBagTester0 > test190 FAILED
    java.lang.OutOfMemoryError

testers.MaxBagTester0 > test191 FAILED
    java.lang.OutOfMemoryError

testers.MaxBagTester0 > test194 FAILED
    java.lang.OutOfMemoryError

testers.MaxBagTester0 > test197 FAILED
    java.lang.OutOfMemoryError

testers.MaxBagTester0 > test204 FAILED
    java.lang.OutOfMemoryError

testers.MaxBagTester0 > test206 FAILED
    java.lang.OutOfMemoryError

testers.MaxBagTester0 > test209 FAILED
    java.lang.OutOfMemoryError

testers.MaxBagTester0 > test210 FAILED
    java.lang.OutOfMemoryError

testers.MaxBagTester0 > test211 FAILED
    java.lang.OutOfMemoryError

testers.MaxBagTester0 > test214 FAILED
    java.lang.OutOfMemoryError

testers.MaxBagTester0 > test228 FAILED
    java.lang.OutOfMemoryError

testers.MaxBagTester0 > test232 FAILED
    java.lang.OutOfMemoryError

testers.MaxBagTester0 > test241 FAILED
    java.lang.OutOfMemoryError

testers.MaxBagTester0 > test246 FAILED
    java.lang.OutOfMemoryError

testers.MaxBagTester0 > test247 FAILED
    java.lang.OutOfMemoryError
