:clean

BUILD SUCCESSFUL in 1s
1 actionable task: 1 executed
:compileJava
:processResources NO-SOURCE
:classes
:compileTestJava
:processTestResources NO-SOURCE
:testClasses
:jar
:assemble
:test

jts.MathUtil_ESTest STANDARD_OUT
    01:31:12.902 [Test worker] INFO  o.e.r.instrumentation.EvoClassLoader - Seeing class for first time: jts.MathUtil_ESTest
    01:31:12.905 [Test worker] INFO  o.e.r.instrumentation.EvoClassLoader - Instrumenting class 'jts.MathUtil_ESTest'.
    01:31:12.942 [Test worker] INFO  o.e.r.instrumentation.EvoClassLoader - Seeing class for first time: jts.MathUtil_ESTest_scaffolding
    01:31:12.942 [Test worker] INFO  o.e.r.instrumentation.EvoClassLoader - Instrumenting class 'jts.MathUtil_ESTest_scaffolding'.
    01:31:12.945 [Test worker] INFO  o.e.r.instrumentation.EvoClassLoader - Keeping class: jts.MathUtil_ESTest_scaffolding
    01:31:12.945 [Test worker] INFO  o.e.r.instrumentation.EvoClassLoader - Keeping class: jts.MathUtil_ESTest
    01:31:13.229 [Test worker] DEBUG o.e.runtime.sandbox.MSecurityManager - Adding privileged thread: "Reference Handler"
    01:31:13.229 [Test worker] DEBUG o.e.runtime.sandbox.MSecurityManager - Adding privileged thread: "Finalizer"
    01:31:13.229 [Test worker] DEBUG o.e.runtime.sandbox.MSecurityManager - Adding privileged thread: "Signal Dispatcher"
    01:31:13.229 [Test worker] DEBUG o.e.runtime.sandbox.MSecurityManager - Adding privileged thread: "Attach Listener"
    01:31:13.229 [Test worker] DEBUG o.e.runtime.sandbox.MSecurityManager - Adding privileged thread: "Java2D Disposer"
    01:31:13.229 [Test worker] DEBUG o.e.runtime.sandbox.MSecurityManager - Adding privileged thread: "AWT-Shutdown"
    01:31:13.229 [Test worker] DEBUG o.e.runtime.sandbox.MSecurityManager - Adding privileged thread: "AWT-Windows"
    01:31:13.230 [Test worker] DEBUG o.e.runtime.sandbox.MSecurityManager - Adding privileged thread: "main"
    01:31:13.230 [Test worker] DEBUG o.e.runtime.sandbox.MSecurityManager - Adding privileged thread: "Test worker"
    01:31:13.230 [Test worker] DEBUG o.e.runtime.sandbox.MSecurityManager - Adding privileged thread: "/127.0.0.1:61395 to /127.0.0.1:61394 workers Thread 2"
    01:31:13.230 [Test worker] DEBUG o.e.runtime.sandbox.MSecurityManager - Adding privileged thread: "/127.0.0.1:61395 to /127.0.0.1:61394 workers Thread 3"
    01:31:13.322 [Test worker] INFO  o.e.r.instrumentation.EvoClassLoader - Seeing class for first time: jts.MathUtil
    01:31:13.322 [Test worker] INFO  o.e.r.instrumentation.EvoClassLoader - Instrumenting class 'jts.MathUtil'.
    01:31:13.352 [Test worker] INFO  o.e.r.i.MethodCallReplacementClassAdapter - Adding mock interface to class jts/MathUtil
    01:31:13.594 [Test worker] INFO  o.e.r.i.CreateClassResetClassAdapter - Creating brand-new static initializer in class jts/MathUtil
    01:31:13.595 [Test worker] INFO  o.e.r.instrumentation.EvoClassLoader - Keeping class: jts.MathUtil

jts.MathUtil_ESTest > test1 FAILED
    java.lang.AssertionError at MathUtil_ESTest.java:27

RegressionTest > RegressionTest0.test03 FAILED
    java.lang.AssertionError at RegressionTest0.java:32

RegressionTest > RegressionTest0.test06 FAILED
    java.lang.AssertionError at RegressionTest0.java:56

RegressionTest > RegressionTest0.test13 FAILED
    java.lang.AssertionError at RegressionTest0.java:113

RegressionTest > RegressionTest0.test19 FAILED
    java.lang.AssertionError at RegressionTest0.java:161

RegressionTest > RegressionTest0.test21 FAILED
    java.lang.AssertionError at RegressionTest0.java:177

RegressionTest > RegressionTest0.test22 FAILED
    java.lang.AssertionError at RegressionTest0.java:185

RegressionTest > RegressionTest0.test25 FAILED
    java.lang.AssertionError at RegressionTest0.java:209

RegressionTest > RegressionTest0.test26 FAILED
    java.lang.AssertionError at RegressionTest0.java:217

RegressionTest > RegressionTest0.test27 FAILED
    java.lang.AssertionError at RegressionTest0.java:225

RegressionTest > RegressionTest0.test30 FAILED
    java.lang.AssertionError at RegressionTest0.java:249

RegressionTest > RegressionTest0.test35 FAILED
    java.lang.AssertionError at RegressionTest0.java:289

RegressionTest > RegressionTest0.test39 FAILED
    java.lang.AssertionError at RegressionTest0.java:321

RegressionTest > RegressionTest0.test44 FAILED
    java.lang.AssertionError at RegressionTest0.java:361

RegressionTest > RegressionTest0.test46 FAILED
    java.lang.AssertionError at RegressionTest0.java:377

RegressionTest > RegressionTest0.test47 FAILED
    java.lang.AssertionError at RegressionTest0.java:385

RegressionTest > RegressionTest0.test49 FAILED
    java.lang.AssertionError at RegressionTest0.java:401

RegressionTest > RegressionTest0.test54 FAILED
    java.lang.AssertionError at RegressionTest0.java:441

RegressionTest > RegressionTest0.test63 FAILED
    java.lang.AssertionError at RegressionTest0.java:513

RegressionTest > RegressionTest0.test67 FAILED
    java.lang.AssertionError at RegressionTest0.java:545

RegressionTest > RegressionTest0.test68 FAILED
    java.lang.AssertionError at RegressionTest0.java:553

RegressionTest > RegressionTest0.test69 FAILED
    java.lang.AssertionError at RegressionTest0.java:561

RegressionTest > RegressionTest0.test70 FAILED
    java.lang.AssertionError at RegressionTest0.java:569

RegressionTest > RegressionTest0.test72 FAILED
    java.lang.AssertionError at RegressionTest0.java:585

RegressionTest > RegressionTest0.test74 FAILED
    java.lang.AssertionError at RegressionTest0.java:601

RegressionTest > RegressionTest0.test75 FAILED
    java.lang.AssertionError at RegressionTest0.java:609

RegressionTest > RegressionTest0.test79 FAILED
    java.lang.AssertionError at RegressionTest0.java:641

RegressionTest > RegressionTest0.test81 FAILED
    java.lang.AssertionError at RegressionTest0.java:657

RegressionTest > RegressionTest0.test82 FAILED
    java.lang.AssertionError at RegressionTest0.java:665

RegressionTest > RegressionTest0.test86 FAILED
    java.lang.AssertionError at RegressionTest0.java:697

RegressionTest > RegressionTest0.test93 FAILED
    java.lang.AssertionError at RegressionTest0.java:753

RegressionTest > RegressionTest0.test94 FAILED
    java.lang.AssertionError at RegressionTest0.java:761

RegressionTest0 > test03 FAILED
    java.lang.AssertionError at RegressionTest0.java:32

RegressionTest0 > test06 FAILED
    java.lang.AssertionError at RegressionTest0.java:56

RegressionTest0 > test13 FAILED
    java.lang.AssertionError at RegressionTest0.java:113

RegressionTest0 > test19 FAILED
    java.lang.AssertionError at RegressionTest0.java:161

RegressionTest0 > test21 FAILED
    java.lang.AssertionError at RegressionTest0.java:177

RegressionTest0 > test22 FAILED
    java.lang.AssertionError at RegressionTest0.java:185

RegressionTest0 > test25 FAILED
    java.lang.AssertionError at RegressionTest0.java:209

RegressionTest0 > test26 FAILED
    java.lang.AssertionError at RegressionTest0.java:217

RegressionTest0 > test27 FAILED
    java.lang.AssertionError at RegressionTest0.java:225

RegressionTest0 > test30 FAILED
    java.lang.AssertionError at RegressionTest0.java:249

RegressionTest0 > test35 FAILED
    java.lang.AssertionError at RegressionTest0.java:289

RegressionTest0 > test39 FAILED
    java.lang.AssertionError at RegressionTest0.java:321

RegressionTest0 > test44 FAILED
    java.lang.AssertionError at RegressionTest0.java:361

RegressionTest0 > test46 FAILED
    java.lang.AssertionError at RegressionTest0.java:377

RegressionTest0 > test47 FAILED
    java.lang.AssertionError at RegressionTest0.java:385

RegressionTest0 > test49 FAILED
    java.lang.AssertionError at RegressionTest0.java:401

RegressionTest0 > test54 FAILED
    java.lang.AssertionError at RegressionTest0.java:441

RegressionTest0 > test63 FAILED
    java.lang.AssertionError at RegressionTest0.java:513

RegressionTest0 > test67 FAILED
    java.lang.AssertionError at RegressionTest0.java:545

RegressionTest0 > test68 FAILED
    java.lang.AssertionError at RegressionTest0.java:553

RegressionTest0 > test69 FAILED
    java.lang.AssertionError at RegressionTest0.java:561

RegressionTest0 > test70 FAILED
    java.lang.AssertionError at RegressionTest0.java:569

RegressionTest0 > test72 FAILED
    java.lang.AssertionError at RegressionTest0.java:585

RegressionTest0 > test74 FAILED
    java.lang.AssertionError at RegressionTest0.java:601

RegressionTest0 > test75 FAILED
    java.lang.AssertionError at RegressionTest0.java:609

RegressionTest0 > test79 FAILED
    java.lang.AssertionError at RegressionTest0.java:641

RegressionTest0 > test81 FAILED
    java.lang.AssertionError at RegressionTest0.java:657

RegressionTest0 > test82 FAILED
    java.lang.AssertionError at RegressionTest0.java:665

RegressionTest0 > test86 FAILED
    java.lang.AssertionError at RegressionTest0.java:697

RegressionTest0 > test93 FAILED
    java.lang.AssertionError at RegressionTest0.java:753

RegressionTest0 > test94 FAILED
    java.lang.AssertionError at RegressionTest0.java:761
Results: FAILURE (197 tests, 134 successes, 63 failures, 0 skipped)
:test FAILED
4 actionable tasks: 4 executed
