:clean

BUILD SUCCESSFUL in 2s
1 actionable task: 1 executed
:compileJava
:processResources NO-SOURCE
:classes
:compileTestJava
:processTestResources NO-SOURCE
:testClasses
:jar
:assemble
:test

org.apache.commons.math3.util.ArithmeticUtilsNew_ESTest STANDARD_OUT
    15:47:18.995 [Test worker] INFO  o.e.r.instrumentation.EvoClassLoader - Seeing class for first time: org.apache.commons.math3.util.ArithmeticUtilsNew_ESTest
    15:47:19.001 [Test worker] INFO  o.e.r.instrumentation.EvoClassLoader - Instrumenting class 'org.apache.commons.math3.util.ArithmeticUtilsNew_ESTest'.
    15:47:19.060 [Test worker] INFO  o.e.r.instrumentation.EvoClassLoader - Seeing class for first time: org.apache.commons.math3.util.ArithmeticUtilsNew_ESTest_scaffolding
    15:47:19.061 [Test worker] INFO  o.e.r.instrumentation.EvoClassLoader - Instrumenting class 'org.apache.commons.math3.util.ArithmeticUtilsNew_ESTest_scaffolding'.
    15:47:19.067 [Test worker] INFO  o.e.r.instrumentation.EvoClassLoader - Keeping class: org.apache.commons.math3.util.ArithmeticUtilsNew_ESTest_scaffolding
    15:47:19.067 [Test worker] INFO  o.e.r.instrumentation.EvoClassLoader - Keeping class: org.apache.commons.math3.util.ArithmeticUtilsNew_ESTest
    15:47:19.477 [Test worker] DEBUG o.e.runtime.sandbox.MSecurityManager - Adding privileged thread: "Reference Handler"
    15:47:19.477 [Test worker] DEBUG o.e.runtime.sandbox.MSecurityManager - Adding privileged thread: "Finalizer"
    15:47:19.478 [Test worker] DEBUG o.e.runtime.sandbox.MSecurityManager - Adding privileged thread: "Signal Dispatcher"
    15:47:19.478 [Test worker] DEBUG o.e.runtime.sandbox.MSecurityManager - Adding privileged thread: "Attach Listener"
    15:47:19.478 [Test worker] DEBUG o.e.runtime.sandbox.MSecurityManager - Adding privileged thread: "Java2D Disposer"
    15:47:19.478 [Test worker] DEBUG o.e.runtime.sandbox.MSecurityManager - Adding privileged thread: "AWT-Shutdown"
    15:47:19.478 [Test worker] DEBUG o.e.runtime.sandbox.MSecurityManager - Adding privileged thread: "AWT-Windows"
    15:47:19.479 [Test worker] DEBUG o.e.runtime.sandbox.MSecurityManager - Adding privileged thread: "main"
    15:47:19.479 [Test worker] DEBUG o.e.runtime.sandbox.MSecurityManager - Adding privileged thread: "Test worker"
    15:47:19.479 [Test worker] DEBUG o.e.runtime.sandbox.MSecurityManager - Adding privileged thread: "/127.0.0.1:58806 to /127.0.0.1:58805 workers Thread 2"
    15:47:19.480 [Test worker] DEBUG o.e.runtime.sandbox.MSecurityManager - Adding privileged thread: "/127.0.0.1:58806 to /127.0.0.1:58805 workers Thread 3"
    15:47:19.588 [Test worker] INFO  o.e.r.instrumentation.EvoClassLoader - Seeing class for first time: org.apache.commons.math3.exception.util.ExceptionContextProvider
    15:47:19.588 [Test worker] INFO  o.e.r.instrumentation.EvoClassLoader - Instrumenting class 'org.apache.commons.math3.exception.util.ExceptionContextProvider'.
    15:47:19.789 [Test worker] INFO  o.e.r.instrumentation.EvoClassLoader - Defined package (3): package org.apache.commons.math3.exception.util, -505269952
    15:47:19.789 [Test worker] INFO  o.e.r.instrumentation.EvoClassLoader - Keeping class: org.apache.commons.math3.exception.util.ExceptionContextProvider
    15:47:19.791 [Test worker] INFO  o.e.r.instrumentation.EvoClassLoader - Seeing class for first time: org.apache.commons.math3.exception.util.LocalizedFormats
    15:47:19.791 [Test worker] INFO  o.e.r.instrumentation.EvoClassLoader - Instrumenting class 'org.apache.commons.math3.exception.util.LocalizedFormats'.
    15:47:19.801 [Test worker] INFO  o.e.r.i.MethodCallReplacementClassAdapter - Adding mock interface to class org/apache/commons/math3/exception/util/LocalizedFormats
    15:47:19.959 [Test worker] INFO  o.e.r.i.CreateClassResetClassAdapter - Found static initializer in class org/apache/commons/math3/exception/util/LocalizedFormats
    15:47:19.979 [Test worker] INFO  o.e.r.instrumentation.EvoClassLoader - Seeing class for first time: org.apache.commons.math3.exception.util.Localizable
    15:47:19.979 [Test worker] INFO  o.e.r.instrumentation.EvoClassLoader - Instrumenting class 'org.apache.commons.math3.exception.util.Localizable'.
    15:47:19.982 [Test worker] INFO  o.e.r.instrumentation.EvoClassLoader - Keeping class: org.apache.commons.math3.exception.util.Localizable
    15:47:19.982 [Test worker] INFO  o.e.r.instrumentation.EvoClassLoader - Keeping class: org.apache.commons.math3.exception.util.LocalizedFormats
    15:47:19.992 [Test worker] INFO  o.e.r.instrumentation.EvoClassLoader - Seeing class for first time: org.apache.commons.math3.util.ArithmeticUtilsNew
    15:47:19.992 [Test worker] INFO  o.e.r.instrumentation.EvoClassLoader - Instrumenting class 'org.apache.commons.math3.util.ArithmeticUtilsNew'.
    15:47:19.996 [Test worker] INFO  o.e.r.i.MethodCallReplacementClassAdapter - Adding mock interface to class org/apache/commons/math3/util/ArithmeticUtilsNew
    15:47:19.998 [Test worker] INFO  o.e.r.i.CreateClassResetClassAdapter - Creating brand-new static initializer in class org/apache/commons/math3/util/ArithmeticUtilsNew
    15:47:19.998 [Test worker] INFO  o.e.r.instrumentation.EvoClassLoader - Keeping class: org.apache.commons.math3.util.ArithmeticUtilsNew
    15:47:19.999 [Test worker] INFO  o.e.r.instrumentation.EvoClassLoader - Seeing class for first time: org.apache.commons.math3.exception.MathArithmeticException
    15:47:19.999 [Test worker] INFO  o.e.r.instrumentation.EvoClassLoader - Instrumenting class 'org.apache.commons.math3.exception.MathArithmeticException'.
    15:47:20.001 [Test worker] INFO  o.e.r.i.MethodCallReplacementClassAdapter - Adding mock interface to class org/apache/commons/math3/exception/MathArithmeticException
    15:47:20.003 [Test worker] INFO  o.e.r.i.CreateClassResetClassAdapter - Creating brand-new static initializer in class org/apache/commons/math3/exception/MathArithmeticException
    15:47:20.005 [Test worker] INFO  o.e.r.instrumentation.EvoClassLoader - Defined package (3): package org.apache.commons.math3.exception, 1643916784
    15:47:20.006 [Test worker] INFO  o.e.r.instrumentation.EvoClassLoader - Keeping class: org.apache.commons.math3.exception.MathArithmeticException
    15:47:20.006 [Test worker] INFO  o.e.r.instrumentation.EvoClassLoader - Seeing class for first time: org.apache.commons.math3.exception.util.ExceptionContext
    15:47:20.006 [Test worker] INFO  o.e.r.instrumentation.EvoClassLoader - Instrumenting class 'org.apache.commons.math3.exception.util.ExceptionContext'.
    15:47:20.010 [Test worker] INFO  o.e.r.i.MethodCallReplacementClassAdapter - Adding mock interface to class org/apache/commons/math3/exception/util/ExceptionContext
    15:47:20.013 [Test worker] INFO  o.e.r.i.CreateClassResetClassAdapter - Creating brand-new static initializer in class org/apache/commons/math3/exception/util/ExceptionContext
    15:47:20.014 [Test worker] INFO  o.e.r.instrumentation.EvoClassLoader - Keeping class: org.apache.commons.math3.exception.util.ExceptionContext
    15:47:20.017 [Test worker] INFO  o.e.r.instrumentation.EvoClassLoader - Seeing class for first time: org.apache.commons.math3.exception.util.ArgUtils
    15:47:20.017 [Test worker] INFO  o.e.r.instrumentation.EvoClassLoader - Instrumenting class 'org.apache.commons.math3.exception.util.ArgUtils'.
    15:47:20.021 [Test worker] INFO  o.e.r.i.MethodCallReplacementClassAdapter - Adding mock interface to class org/apache/commons/math3/exception/util/ArgUtils
    15:47:20.023 [Test worker] INFO  o.e.r.i.CreateClassResetClassAdapter - Creating brand-new static initializer in class org/apache/commons/math3/exception/util/ArgUtils
    15:47:20.024 [Test worker] INFO  o.e.r.instrumentation.EvoClassLoader - Keeping class: org.apache.commons.math3.exception.util.ArgUtils

org.apache.commons.math3.util.ArithmeticUtilsNew_ESTest > test1 FAILED
    java.lang.AssertionError at ArithmeticUtilsNew_ESTest.java:30

org.apache.commons.math3.util.ArithmeticUtilsNew_ESTest > test0 FAILED
    java.lang.AssertionError at ArithmeticUtilsNew_ESTest.java:23

org.apache.commons.math3.util.ArithmeticUtilsNew_ESTest > test6 FAILED
    java.lang.AssertionError at ArithmeticUtilsNew_ESTest.java:81

org.apache.commons.math3.util.ArithmeticUtilsNew_ESTest > test8 FAILED
    java.lang.AssertionError at ArithmeticUtilsNew_ESTest.java:103

org.apache.commons.math3.util.ArithmeticUtilsNew_ESTest > test4 FAILED
    java.lang.AssertionError at ArithmeticUtilsNew_ESTest.java:59

RegressionTest > RegressionTest0.test02 FAILED
    java.lang.AssertionError at RegressionTest0.java:26

RegressionTest > RegressionTest0.test03 FAILED
    java.lang.AssertionError at RegressionTest0.java:38

RegressionTest > RegressionTest0.test04 FAILED
    java.lang.AssertionError at RegressionTest0.java:52

RegressionTest > RegressionTest0.test05 FAILED
    java.lang.AssertionError at RegressionTest0.java:65

RegressionTest > RegressionTest0.test06 FAILED
    java.lang.AssertionError at RegressionTest0.java:76

RegressionTest > RegressionTest0.test08 FAILED
    java.lang.AssertionError at RegressionTest0.java:98

RegressionTest > RegressionTest0.test09 FAILED
    java.lang.AssertionError at RegressionTest0.java:112

RegressionTest > RegressionTest0.test10 FAILED
    java.lang.AssertionError at RegressionTest0.java:124

RegressionTest > RegressionTest0.test11 FAILED
    java.lang.AssertionError at RegressionTest0.java:138

RegressionTest > RegressionTest0.test12 FAILED
    java.lang.AssertionError at RegressionTest0.java:155

RegressionTest > RegressionTest0.test13 FAILED
    java.lang.AssertionError at RegressionTest0.java:172

RegressionTest > RegressionTest0.test14 FAILED
    java.lang.AssertionError at RegressionTest0.java:190

RegressionTest > RegressionTest0.test15 FAILED
    java.lang.AssertionError at RegressionTest0.java:208

RegressionTest > RegressionTest0.test16 FAILED
    java.lang.AssertionError at RegressionTest0.java:223

RegressionTest > RegressionTest0.test17 FAILED
    java.lang.AssertionError at RegressionTest0.java:236

RegressionTest > RegressionTest0.test18 FAILED
    java.lang.AssertionError at RegressionTest0.java:249

RegressionTest > RegressionTest0.test19 FAILED
    java.lang.AssertionError at RegressionTest0.java:261

RegressionTest > RegressionTest0.test20 FAILED
    java.lang.AssertionError at RegressionTest0.java:274

RegressionTest > RegressionTest0.test21 FAILED
    java.lang.AssertionError at RegressionTest0.java:289

RegressionTest > RegressionTest0.test22 FAILED
    java.lang.AssertionError at RegressionTest0.java:303

RegressionTest > RegressionTest0.test23 FAILED
    java.lang.AssertionError at RegressionTest0.java:317

RegressionTest > RegressionTest0.test24 FAILED
    java.lang.AssertionError at RegressionTest0.java:333

RegressionTest > RegressionTest0.test25 FAILED
    java.lang.AssertionError at RegressionTest0.java:348

RegressionTest > RegressionTest0.test26 FAILED
    java.lang.AssertionError at RegressionTest0.java:364

RegressionTest > RegressionTest0.test27 FAILED
    java.lang.AssertionError at RegressionTest0.java:379

RegressionTest > RegressionTest0.test28 FAILED
    java.lang.AssertionError at RegressionTest0.java:392

RegressionTest > RegressionTest0.test29 FAILED
    java.lang.AssertionError at RegressionTest0.java:409

RegressionTest > RegressionTest0.test30 FAILED
    java.lang.AssertionError at RegressionTest0.java:424

RegressionTest > RegressionTest0.test31 FAILED
    java.lang.AssertionError at RegressionTest0.java:436

RegressionTest0 > test02 FAILED
    java.lang.AssertionError at RegressionTest0.java:26

RegressionTest0 > test03 FAILED
    java.lang.AssertionError at RegressionTest0.java:38

RegressionTest0 > test04 FAILED
    java.lang.AssertionError at RegressionTest0.java:52

RegressionTest0 > test05 FAILED
    java.lang.AssertionError at RegressionTest0.java:65

RegressionTest0 > test06 FAILED
    java.lang.AssertionError at RegressionTest0.java:76

RegressionTest0 > test08 FAILED
    java.lang.AssertionError at RegressionTest0.java:98

RegressionTest0 > test09 FAILED
    java.lang.AssertionError at RegressionTest0.java:112

RegressionTest0 > test10 FAILED
    java.lang.AssertionError at RegressionTest0.java:124

RegressionTest0 > test11 FAILED
    java.lang.AssertionError at RegressionTest0.java:138

RegressionTest0 > test12 FAILED
    java.lang.AssertionError at RegressionTest0.java:155

RegressionTest0 > test13 FAILED
    java.lang.AssertionError at RegressionTest0.java:172

RegressionTest0 > test14 FAILED
    java.lang.AssertionError at RegressionTest0.java:190

RegressionTest0 > test15 FAILED
    java.lang.AssertionError at RegressionTest0.java:208

RegressionTest0 > test16 FAILED
    java.lang.AssertionError at RegressionTest0.java:223

RegressionTest0 > test17 FAILED
    java.lang.AssertionError at RegressionTest0.java:236

RegressionTest0 > test18 FAILED
    java.lang.AssertionError at RegressionTest0.java:249

RegressionTest0 > test19 FAILED
    java.lang.AssertionError at RegressionTest0.java:261

RegressionTest0 > test20 FAILED
    java.lang.AssertionError at RegressionTest0.java:274

RegressionTest0 > test21 FAILED
    java.lang.AssertionError at RegressionTest0.java:289

RegressionTest0 > test22 FAILED
    java.lang.AssertionError at RegressionTest0.java:303

RegressionTest0 > test23 FAILED
    java.lang.AssertionError at RegressionTest0.java:317

RegressionTest0 > test24 FAILED
    java.lang.AssertionError at RegressionTest0.java:333

RegressionTest0 > test25 FAILED
    java.lang.AssertionError at RegressionTest0.java:348

RegressionTest0 > test26 FAILED
    java.lang.AssertionError at RegressionTest0.java:364

RegressionTest0 > test27 FAILED
    java.lang.AssertionError at RegressionTest0.java:379

RegressionTest0 > test28 FAILED
    java.lang.AssertionError at RegressionTest0.java:392

RegressionTest0 > test29 FAILED
    java.lang.AssertionError at RegressionTest0.java:409

RegressionTest0 > test30 FAILED
    java.lang.AssertionError at RegressionTest0.java:424

RegressionTest0 > test31 FAILED
    java.lang.AssertionError at RegressionTest0.java:436
Results: FAILURE (342 tests, 279 successes, 63 failures, 0 skipped)
:test FAILED
4 actionable tasks: 4 executed
