:clean

BUILD SUCCESSFUL in 3s
1 actionable task: 1 executed
:compileJava
:processResources NO-SOURCE
:classes
:compileTestJava
:processTestResources NO-SOURCE
:testClasses
:jar
:assemble
:test

examples.Structure_ESTest STANDARD_OUT
    16:30:46.455 [Test worker] INFO  o.e.r.instrumentation.EvoClassLoader - Seeing class for first time: examples.Structure_ESTest
    16:30:46.458 [Test worker] INFO  o.e.r.instrumentation.EvoClassLoader - Instrumenting class 'examples.Structure_ESTest'.
    16:30:46.523 [Test worker] INFO  o.e.r.instrumentation.EvoClassLoader - Seeing class for first time: examples.Structure_ESTest_scaffolding
    16:30:46.523 [Test worker] INFO  o.e.r.instrumentation.EvoClassLoader - Instrumenting class 'examples.Structure_ESTest_scaffolding'.
    16:30:46.529 [Test worker] INFO  o.e.r.instrumentation.EvoClassLoader - Keeping class: examples.Structure_ESTest_scaffolding
    16:30:46.529 [Test worker] INFO  o.e.r.instrumentation.EvoClassLoader - Keeping class: examples.Structure_ESTest
    16:30:46.898 [Test worker] DEBUG o.e.runtime.sandbox.MSecurityManager - Adding privileged thread: "Reference Handler"
    16:30:46.898 [Test worker] DEBUG o.e.runtime.sandbox.MSecurityManager - Adding privileged thread: "Finalizer"
    16:30:46.898 [Test worker] DEBUG o.e.runtime.sandbox.MSecurityManager - Adding privileged thread: "Signal Dispatcher"
    16:30:46.898 [Test worker] DEBUG o.e.runtime.sandbox.MSecurityManager - Adding privileged thread: "Attach Listener"
    16:30:46.899 [Test worker] DEBUG o.e.runtime.sandbox.MSecurityManager - Adding privileged thread: "Java2D Disposer"
    16:30:46.899 [Test worker] DEBUG o.e.runtime.sandbox.MSecurityManager - Adding privileged thread: "AWT-Shutdown"
    16:30:46.899 [Test worker] DEBUG o.e.runtime.sandbox.MSecurityManager - Adding privileged thread: "AWT-Windows"
    16:30:46.900 [Test worker] DEBUG o.e.runtime.sandbox.MSecurityManager - Adding privileged thread: "main"
    16:30:46.900 [Test worker] DEBUG o.e.runtime.sandbox.MSecurityManager - Adding privileged thread: "Test worker"
    16:30:46.901 [Test worker] DEBUG o.e.runtime.sandbox.MSecurityManager - Adding privileged thread: "/127.0.0.1:60315 to /127.0.0.1:60314 workers Thread 2"
    16:30:46.901 [Test worker] DEBUG o.e.runtime.sandbox.MSecurityManager - Adding privileged thread: "/127.0.0.1:60315 to /127.0.0.1:60314 workers Thread 3"
    16:30:47.003 [Test worker] INFO  o.e.r.instrumentation.EvoClassLoader - Seeing class for first time: examples.Structure
    16:30:47.003 [Test worker] INFO  o.e.r.instrumentation.EvoClassLoader - Instrumenting class 'examples.Structure'.
    16:30:47.025 [Test worker] INFO  o.e.r.i.MethodCallReplacementClassAdapter - Adding mock interface to class examples/Structure
    16:30:47.292 [Test worker] INFO  o.e.r.i.CreateClassResetClassAdapter - Creating brand-new static initializer in class examples/Structure
    16:30:47.293 [Test worker] INFO  o.e.r.instrumentation.EvoClassLoader - Keeping class: examples.Structure

examples.Structure_ESTest > test2 FAILED
    java.lang.AssertionError at Structure_ESTest.java:39

examples.Structure_ESTest > test4 STANDARD_OUT
    16:30:47.324 [Test worker] INFO  o.e.runtime.thread.ThreadStopper - Found new thread

examples.Structure_ESTest > test1 STANDARD_OUT
    16:30:47.329 [Test worker] INFO  o.e.runtime.thread.ThreadStopper - Found new thread

RegressionTest > RegressionTest0.test02 FAILED
    java.lang.AssertionError at RegressionTest0.java:26

RegressionTest > RegressionTest0.test17 FAILED
    java.lang.AssertionError at RegressionTest0.java:187

RegressionTest > RegressionTest0.test26 FAILED
    java.lang.AssertionError at RegressionTest0.java:298

RegressionTest > RegressionTest0.test49 FAILED
    java.lang.AssertionError at RegressionTest0.java:593

RegressionTest0 > test02 FAILED
    java.lang.AssertionError at RegressionTest0.java:26

RegressionTest0 > test17 FAILED
    java.lang.AssertionError at RegressionTest0.java:187

RegressionTest0 > test26 FAILED
    java.lang.AssertionError at RegressionTest0.java:298

RegressionTest0 > test49 FAILED
    java.lang.AssertionError at RegressionTest0.java:593
Results: FAILURE (374 tests, 365 successes, 9 failures, 0 skipped)
:test FAILED
4 actionable tasks: 4 executed
