:clean

BUILD SUCCESSFUL in 1s
1 actionable task: 1 executed
:compileJava
:processResources NO-SOURCE
:classes
:compileTestJava
:processTestResources NO-SOURCE
:testClasses
:jar
:assemble
:test

examples.MaxBag_ESTest STANDARD_OUT
    15:14:00.645 [Test worker] INFO  o.e.r.instrumentation.EvoClassLoader - Seeing class for first time: examples.MaxBag_ESTest
    15:14:00.647 [Test worker] INFO  o.e.r.instrumentation.EvoClassLoader - Instrumenting class 'examples.MaxBag_ESTest'.
    15:14:00.670 [Test worker] INFO  o.e.r.instrumentation.EvoClassLoader - Seeing class for first time: examples.MaxBag_ESTest_scaffolding
    15:14:00.670 [Test worker] INFO  o.e.r.instrumentation.EvoClassLoader - Instrumenting class 'examples.MaxBag_ESTest_scaffolding'.
    15:14:00.673 [Test worker] INFO  o.e.r.instrumentation.EvoClassLoader - Keeping class: examples.MaxBag_ESTest_scaffolding
    15:14:00.673 [Test worker] INFO  o.e.r.instrumentation.EvoClassLoader - Keeping class: examples.MaxBag_ESTest
    15:14:00.952 [Test worker] DEBUG o.e.runtime.sandbox.MSecurityManager - Adding privileged thread: "Reference Handler"
    15:14:00.952 [Test worker] DEBUG o.e.runtime.sandbox.MSecurityManager - Adding privileged thread: "Finalizer"
    15:14:00.952 [Test worker] DEBUG o.e.runtime.sandbox.MSecurityManager - Adding privileged thread: "Signal Dispatcher"
    15:14:00.952 [Test worker] DEBUG o.e.runtime.sandbox.MSecurityManager - Adding privileged thread: "Attach Listener"
    15:14:00.952 [Test worker] DEBUG o.e.runtime.sandbox.MSecurityManager - Adding privileged thread: "Java2D Disposer"
    15:14:00.952 [Test worker] DEBUG o.e.runtime.sandbox.MSecurityManager - Adding privileged thread: "AWT-Shutdown"
    15:14:00.952 [Test worker] DEBUG o.e.runtime.sandbox.MSecurityManager - Adding privileged thread: "AWT-Windows"
    15:14:00.952 [Test worker] DEBUG o.e.runtime.sandbox.MSecurityManager - Adding privileged thread: "main"
    15:14:00.952 [Test worker] DEBUG o.e.runtime.sandbox.MSecurityManager - Adding privileged thread: "Test worker"
    15:14:00.953 [Test worker] DEBUG o.e.runtime.sandbox.MSecurityManager - Adding privileged thread: "/127.0.0.1:56657 to /127.0.0.1:56656 workers Thread 2"
    15:14:00.953 [Test worker] DEBUG o.e.runtime.sandbox.MSecurityManager - Adding privileged thread: "/127.0.0.1:56657 to /127.0.0.1:56656 workers Thread 3"
    15:14:00.991 [Test worker] INFO  o.e.r.instrumentation.EvoClassLoader - Seeing class for first time: examples.MaxBag
    15:14:00.991 [Test worker] INFO  o.e.r.instrumentation.EvoClassLoader - Instrumenting class 'examples.MaxBag'.
    15:14:01.004 [Test worker] INFO  o.e.r.i.MethodCallReplacementClassAdapter - Adding mock interface to class examples/MaxBag
    15:14:01.127 [Test worker] INFO  o.e.r.i.CreateClassResetClassAdapter - Creating brand-new static initializer in class examples/MaxBag
    15:14:01.128 [Test worker] INFO  o.e.r.instrumentation.EvoClassLoader - Keeping class: examples.MaxBag
    15:14:01.128 [Test worker] INFO  o.e.r.instrumentation.EvoClassLoader - Seeing class for first time: examples._Type328393
    15:14:01.129 [Test worker] INFO  o.e.r.instrumentation.EvoClassLoader - Instrumenting class 'examples._Type328393'.
    15:14:01.130 [Test worker] INFO  o.e.r.i.MethodCallReplacementClassAdapter - Adding mock interface to class examples/_Type328393
    15:14:01.130 [Test worker] INFO  o.e.r.i.CreateClassResetClassAdapter - Creating brand-new static initializer in class examples/_Type328393
    15:14:01.131 [Test worker] INFO  o.e.r.instrumentation.EvoClassLoader - Keeping class: examples._Type328393

examples.MaxBag_ESTest > test11 FAILED
    java.lang.ArrayIndexOutOfBoundsException at MaxBag_ESTest.java:191

examples.MaxBag_ESTest > test10 FAILED
    java.lang.AssertionError at MaxBag_ESTest.java:179

examples.MaxBag_ESTest > test16 FAILED
    java.lang.ArrayIndexOutOfBoundsException at MaxBag_ESTest.java:249

examples.MaxBag_ESTest > test13 FAILED
    java.lang.ArrayIndexOutOfBoundsException at MaxBag_ESTest.java:213

examples.MaxBag_ESTest > test09 FAILED
    java.lang.AssertionError at MaxBag_ESTest.java:161

RegressionTest > RegressionTest0.test09 FAILED
    java.lang.ArrayIndexOutOfBoundsException at RegressionTest0.java:116

RegressionTest > RegressionTest0.test11 FAILED
    java.lang.ArrayIndexOutOfBoundsException at RegressionTest0.java:143

RegressionTest > RegressionTest0.test19 FAILED
    java.lang.ArrayIndexOutOfBoundsException at RegressionTest0.java:266

RegressionTest0 > test09 FAILED
    java.lang.ArrayIndexOutOfBoundsException at RegressionTest0.java:116

RegressionTest0 > test11 FAILED
    java.lang.ArrayIndexOutOfBoundsException at RegressionTest0.java:143

RegressionTest0 > test19 FAILED
    java.lang.ArrayIndexOutOfBoundsException at RegressionTest0.java:266
Results: FAILURE (75 tests, 64 successes, 11 failures, 0 skipped)
:test FAILED
4 actionable tasks: 4 executed
