:clean

BUILD SUCCESSFUL in 2s
1 actionable task: 1 executed
:compileJava
:processResources NO-SOURCE
:classes
:compileTestJava
:processTestResources NO-SOURCE
:testClasses
:jar
:assemble
:test

org.nibor.autolink.internal.Scanners_ESTest STANDARD_OUT
    09:27:48.594 [Test worker] INFO  o.e.r.instrumentation.EvoClassLoader - Seeing class for first time: org.nibor.autolink.internal.Scanners_ESTest
    09:27:48.599 [Test worker] INFO  o.e.r.instrumentation.EvoClassLoader - Instrumenting class 'org.nibor.autolink.internal.Scanners_ESTest'.
    09:27:48.654 [Test worker] INFO  o.e.r.instrumentation.EvoClassLoader - Seeing class for first time: org.nibor.autolink.internal.Scanners_ESTest_scaffolding
    09:27:48.654 [Test worker] INFO  o.e.r.instrumentation.EvoClassLoader - Instrumenting class 'org.nibor.autolink.internal.Scanners_ESTest_scaffolding'.
    09:27:48.659 [Test worker] INFO  o.e.r.instrumentation.EvoClassLoader - Keeping class: org.nibor.autolink.internal.Scanners_ESTest_scaffolding
    09:27:48.660 [Test worker] INFO  o.e.r.instrumentation.EvoClassLoader - Keeping class: org.nibor.autolink.internal.Scanners_ESTest
    09:27:49.248 [Test worker] DEBUG o.e.runtime.sandbox.MSecurityManager - Adding privileged thread: "Reference Handler"
    09:27:49.248 [Test worker] DEBUG o.e.runtime.sandbox.MSecurityManager - Adding privileged thread: "Finalizer"
    09:27:49.249 [Test worker] DEBUG o.e.runtime.sandbox.MSecurityManager - Adding privileged thread: "Signal Dispatcher"
    09:27:49.249 [Test worker] DEBUG o.e.runtime.sandbox.MSecurityManager - Adding privileged thread: "Attach Listener"
    09:27:49.249 [Test worker] DEBUG o.e.runtime.sandbox.MSecurityManager - Adding privileged thread: "Java2D Disposer"
    09:27:49.250 [Test worker] DEBUG o.e.runtime.sandbox.MSecurityManager - Adding privileged thread: "AWT-Shutdown"
    09:27:49.251 [Test worker] DEBUG o.e.runtime.sandbox.MSecurityManager - Adding privileged thread: "AWT-Windows"
    09:27:49.251 [Test worker] DEBUG o.e.runtime.sandbox.MSecurityManager - Adding privileged thread: "main"
    09:27:49.252 [Test worker] DEBUG o.e.runtime.sandbox.MSecurityManager - Adding privileged thread: "Test worker"
    09:27:49.253 [Test worker] DEBUG o.e.runtime.sandbox.MSecurityManager - Adding privileged thread: "/127.0.0.1:64191 to /127.0.0.1:64190 workers Thread 2"
    09:27:49.254 [Test worker] DEBUG o.e.runtime.sandbox.MSecurityManager - Adding privileged thread: "/127.0.0.1:64191 to /127.0.0.1:64190 workers Thread 3"
    09:27:49.378 [Test worker] INFO  o.e.r.instrumentation.EvoClassLoader - Seeing class for first time: org.nibor.autolink.internal.Scanners
    09:27:49.380 [Test worker] INFO  o.e.r.instrumentation.EvoClassLoader - Instrumenting class 'org.nibor.autolink.internal.Scanners'.
    09:27:49.420 [Test worker] INFO  o.e.r.i.MethodCallReplacementClassAdapter - Adding mock interface to class org/nibor/autolink/internal/Scanners
    09:27:49.751 [Test worker] INFO  o.e.r.i.CreateClassResetClassAdapter - Creating brand-new static initializer in class org/nibor/autolink/internal/Scanners
    09:27:49.751 [Test worker] INFO  o.e.r.instrumentation.EvoClassLoader - Keeping class: org.nibor.autolink.internal.Scanners

org.nibor.autolink.internal.Scanners_ESTest > test26 STANDARD_OUT
    09:27:49.819 [Test worker] INFO  o.e.runtime.thread.ThreadStopper - Found new thread

org.nibor.autolink.internal.Scanners_ESTest > test34 STANDARD_OUT
    09:27:49.833 [Test worker] INFO  o.e.runtime.thread.ThreadStopper - Found new thread

org.nibor.autolink.internal.Scanners_ESTest > test08 FAILED
    java.lang.AssertionError at Scanners_ESTest.java:80

org.nibor.autolink.internal.Scanners_ESTest > test42 STANDARD_OUT
    09:27:49.898 [Test worker] INFO  o.e.runtime.thread.ThreadStopper - Found new thread

org.nibor.autolink.internal.Scanners_ESTest > test10 FAILED
    java.lang.AssertionError at Scanners_ESTest.java:107

org.nibor.autolink.internal.Scanners_ESTest > test53 STANDARD_OUT
    09:27:49.935 [Test worker] INFO  o.e.runtime.thread.ThreadStopper - Found new thread

org.nibor.autolink.internal.Scanners_ESTest > test58 STANDARD_OUT
    09:27:49.948 [Test worker] INFO  o.e.runtime.thread.ThreadStopper - Found new thread

RegressionTest > RegressionTest0.test04 FAILED
    java.lang.AssertionError at RegressionTest0.java:39

RegressionTest > RegressionTest0.test06 FAILED
    java.lang.AssertionError at RegressionTest0.java:55

RegressionTest > RegressionTest0.test19 FAILED
    java.lang.AssertionError at RegressionTest0.java:163

RegressionTest > RegressionTest0.test25 FAILED
    java.lang.AssertionError at RegressionTest0.java:216

RegressionTest > RegressionTest0.test30 FAILED
    java.lang.AssertionError at RegressionTest0.java:259

RegressionTest > RegressionTest0.test32 FAILED
    java.lang.AssertionError at RegressionTest0.java:275

RegressionTest > RegressionTest0.test34 FAILED
    java.lang.AssertionError at RegressionTest0.java:291

RegressionTest > RegressionTest0.test35 FAILED
    java.lang.AssertionError at RegressionTest0.java:301

RegressionTest > RegressionTest0.test39 FAILED
    java.lang.AssertionError at RegressionTest0.java:336

RegressionTest > RegressionTest0.test40 FAILED
    java.lang.AssertionError at RegressionTest0.java:344

RegressionTest > RegressionTest0.test42 FAILED
    java.lang.AssertionError at RegressionTest0.java:360

RegressionTest > RegressionTest0.test45 FAILED
    java.lang.AssertionError at RegressionTest0.java:384

RegressionTest > RegressionTest0.test48 FAILED
    java.lang.AssertionError at RegressionTest0.java:408

RegressionTest > RegressionTest0.test49 FAILED
    java.lang.AssertionError at RegressionTest0.java:418

RegressionTest > RegressionTest0.test54 FAILED
    java.lang.AssertionError at RegressionTest0.java:469

RegressionTest > RegressionTest0.test55 FAILED
    java.lang.AssertionError at RegressionTest0.java:482

RegressionTest0 > test04 FAILED
    java.lang.AssertionError at RegressionTest0.java:39

RegressionTest0 > test06 FAILED
    java.lang.AssertionError at RegressionTest0.java:55

RegressionTest0 > test19 FAILED
    java.lang.AssertionError at RegressionTest0.java:163

RegressionTest0 > test25 FAILED
    java.lang.AssertionError at RegressionTest0.java:216

RegressionTest0 > test30 FAILED
    java.lang.AssertionError at RegressionTest0.java:259

RegressionTest0 > test32 FAILED
    java.lang.AssertionError at RegressionTest0.java:275

RegressionTest0 > test34 FAILED
    java.lang.AssertionError at RegressionTest0.java:291

RegressionTest0 > test35 FAILED
    java.lang.AssertionError at RegressionTest0.java:301

RegressionTest0 > test39 FAILED
    java.lang.AssertionError at RegressionTest0.java:336

RegressionTest0 > test40 FAILED
    java.lang.AssertionError at RegressionTest0.java:344

RegressionTest0 > test42 FAILED
    java.lang.AssertionError at RegressionTest0.java:360

RegressionTest0 > test45 FAILED
    java.lang.AssertionError at RegressionTest0.java:384

RegressionTest0 > test48 FAILED
    java.lang.AssertionError at RegressionTest0.java:408

RegressionTest0 > test49 FAILED
    java.lang.AssertionError at RegressionTest0.java:418

RegressionTest0 > test54 FAILED
    java.lang.AssertionError at RegressionTest0.java:469

RegressionTest0 > test55 FAILED
    java.lang.AssertionError at RegressionTest0.java:482
Results: FAILURE (212 tests, 178 successes, 34 failures, 0 skipped)
:test FAILED
4 actionable tasks: 4 executed
