:clean

BUILD SUCCESSFUL in 2s
1 actionable task: 1 executed
:compileJava
:processResources NO-SOURCE
:classes
:compileTestJava
:processTestResources NO-SOURCE
:testClasses
:jar
:assemble
:test

org.nibor.autolink.internal.Scanners_ESTest STANDARD_OUT
    09:43:25.837 [Test worker] INFO  o.e.r.instrumentation.EvoClassLoader - Seeing class for first time: org.nibor.autolink.internal.Scanners_ESTest
    09:43:25.841 [Test worker] INFO  o.e.r.instrumentation.EvoClassLoader - Instrumenting class 'org.nibor.autolink.internal.Scanners_ESTest'.
    09:43:25.893 [Test worker] INFO  o.e.r.instrumentation.EvoClassLoader - Seeing class for first time: org.nibor.autolink.internal.Scanners_ESTest_scaffolding
    09:43:25.894 [Test worker] INFO  o.e.r.instrumentation.EvoClassLoader - Instrumenting class 'org.nibor.autolink.internal.Scanners_ESTest_scaffolding'.
    09:43:25.897 [Test worker] INFO  o.e.r.instrumentation.EvoClassLoader - Keeping class: org.nibor.autolink.internal.Scanners_ESTest_scaffolding
    09:43:25.898 [Test worker] INFO  o.e.r.instrumentation.EvoClassLoader - Keeping class: org.nibor.autolink.internal.Scanners_ESTest
    09:43:26.201 [Test worker] DEBUG o.e.runtime.sandbox.MSecurityManager - Adding privileged thread: "Reference Handler"
    09:43:26.201 [Test worker] DEBUG o.e.runtime.sandbox.MSecurityManager - Adding privileged thread: "Finalizer"
    09:43:26.201 [Test worker] DEBUG o.e.runtime.sandbox.MSecurityManager - Adding privileged thread: "Signal Dispatcher"
    09:43:26.201 [Test worker] DEBUG o.e.runtime.sandbox.MSecurityManager - Adding privileged thread: "Attach Listener"
    09:43:26.201 [Test worker] DEBUG o.e.runtime.sandbox.MSecurityManager - Adding privileged thread: "Java2D Disposer"
    09:43:26.202 [Test worker] DEBUG o.e.runtime.sandbox.MSecurityManager - Adding privileged thread: "AWT-Shutdown"
    09:43:26.202 [Test worker] DEBUG o.e.runtime.sandbox.MSecurityManager - Adding privileged thread: "AWT-Windows"
    09:43:26.202 [Test worker] DEBUG o.e.runtime.sandbox.MSecurityManager - Adding privileged thread: "main"
    09:43:26.202 [Test worker] DEBUG o.e.runtime.sandbox.MSecurityManager - Adding privileged thread: "Test worker"
    09:43:26.202 [Test worker] DEBUG o.e.runtime.sandbox.MSecurityManager - Adding privileged thread: "/127.0.0.1:65116 to /127.0.0.1:65115 workers Thread 2"
    09:43:26.202 [Test worker] DEBUG o.e.runtime.sandbox.MSecurityManager - Adding privileged thread: "/127.0.0.1:65116 to /127.0.0.1:65115 workers Thread 3"
    09:43:26.317 [Test worker] INFO  o.e.r.instrumentation.EvoClassLoader - Seeing class for first time: org.nibor.autolink.internal.Scanners
    09:43:26.317 [Test worker] INFO  o.e.r.instrumentation.EvoClassLoader - Instrumenting class 'org.nibor.autolink.internal.Scanners'.
    09:43:26.353 [Test worker] INFO  o.e.r.i.MethodCallReplacementClassAdapter - Adding mock interface to class org/nibor/autolink/internal/Scanners
    09:43:26.658 [Test worker] INFO  o.e.r.i.CreateClassResetClassAdapter - Creating brand-new static initializer in class org/nibor/autolink/internal/Scanners
    09:43:26.658 [Test worker] INFO  o.e.r.instrumentation.EvoClassLoader - Keeping class: org.nibor.autolink.internal.Scanners

org.nibor.autolink.internal.Scanners_ESTest > test20 STANDARD_OUT
    09:43:26.712 [Test worker] INFO  o.e.runtime.thread.ThreadStopper - Found new thread

org.nibor.autolink.internal.Scanners_ESTest > test27 FAILED
    java.lang.AssertionError at Scanners_ESTest.java:269

org.nibor.autolink.internal.Scanners_ESTest > test61 STANDARD_OUT
    09:43:26.734 [Test worker] INFO  o.e.runtime.thread.ThreadStopper - Found new thread

org.nibor.autolink.internal.Scanners_ESTest > test38 FAILED
    java.lang.AssertionError at Scanners_ESTest.java:374

org.nibor.autolink.internal.Scanners_ESTest > test37 STANDARD_OUT
    09:43:26.756 [Test worker] INFO  o.e.runtime.thread.ThreadStopper - Found new thread

org.nibor.autolink.internal.Scanners_ESTest > test36 FAILED
    java.lang.AssertionError at Scanners_ESTest.java:355

org.nibor.autolink.internal.Scanners_ESTest > test35 FAILED
    java.lang.AssertionError at Scanners_ESTest.java:344

org.nibor.autolink.internal.Scanners_ESTest > test00 FAILED
    java.lang.AssertionError at Scanners_ESTest.java:29

org.nibor.autolink.internal.Scanners_ESTest > test44 FAILED
    java.lang.AssertionError at Scanners_ESTest.java:435

org.nibor.autolink.internal.Scanners_ESTest > test43 STANDARD_OUT
    09:43:26.792 [Test worker] INFO  o.e.runtime.thread.ThreadStopper - Found new thread

org.nibor.autolink.internal.Scanners_ESTest > test42 FAILED
    java.lang.AssertionError at Scanners_ESTest.java:416

org.nibor.autolink.internal.Scanners_ESTest > test49 FAILED
    java.lang.AssertionError at Scanners_ESTest.java:492

org.nibor.autolink.internal.Scanners_ESTest > test47 FAILED
    java.lang.AssertionError at Scanners_ESTest.java:468

org.nibor.autolink.internal.Scanners_ESTest > test46 STANDARD_OUT
    09:43:26.809 [Test worker] INFO  o.e.runtime.thread.ThreadStopper - Found new thread

org.nibor.autolink.internal.Scanners_ESTest > test40 FAILED
    java.lang.AssertionError at Scanners_ESTest.java:396

org.nibor.autolink.internal.Scanners_ESTest > test50 FAILED
    java.lang.AssertionError at Scanners_ESTest.java:503

RegressionTest > RegressionTest0.test28 FAILED
    java.lang.AssertionError at RegressionTest0.java:243

RegressionTest > RegressionTest0.test41 FAILED
    java.lang.AssertionError at RegressionTest0.java:352

RegressionTest > RegressionTest0.test43 FAILED
    java.lang.AssertionError at RegressionTest0.java:368

RegressionTest > RegressionTest0.test44 FAILED
    java.lang.AssertionError at RegressionTest0.java:376

RegressionTest > RegressionTest0.test47 FAILED
    java.lang.AssertionError at RegressionTest0.java:400

RegressionTest > RegressionTest0.test52 FAILED
    java.lang.AssertionError at RegressionTest0.java:445

RegressionTest0 > test28 FAILED
    java.lang.AssertionError at RegressionTest0.java:243

RegressionTest0 > test41 FAILED
    java.lang.AssertionError at RegressionTest0.java:352

RegressionTest0 > test43 FAILED
    java.lang.AssertionError at RegressionTest0.java:368

RegressionTest0 > test44 FAILED
    java.lang.AssertionError at RegressionTest0.java:376

RegressionTest0 > test47 FAILED
    java.lang.AssertionError at RegressionTest0.java:400

RegressionTest0 > test52 FAILED
    java.lang.AssertionError at RegressionTest0.java:445
Results: FAILURE (212 tests, 189 successes, 23 failures, 0 skipped)
:test FAILED
4 actionable tasks: 4 executed
