:clean

BUILD SUCCESSFUL in 2s
1 actionable task: 1 executed
:compileJava
:processResources NO-SOURCE
:classes
:compileTestJava
:processTestResources NO-SOURCE
:testClasses
:jar
:assemble
:test

org.nibor.autolink.internal.Scanners_ESTest STANDARD_OUT
    09:26:03.122 [Test worker] INFO  o.e.r.instrumentation.EvoClassLoader - Seeing class for first time: org.nibor.autolink.internal.Scanners_ESTest
    09:26:03.129 [Test worker] INFO  o.e.r.instrumentation.EvoClassLoader - Instrumenting class 'org.nibor.autolink.internal.Scanners_ESTest'.
    09:26:03.181 [Test worker] INFO  o.e.r.instrumentation.EvoClassLoader - Seeing class for first time: org.nibor.autolink.internal.Scanners_ESTest_scaffolding
    09:26:03.181 [Test worker] INFO  o.e.r.instrumentation.EvoClassLoader - Instrumenting class 'org.nibor.autolink.internal.Scanners_ESTest_scaffolding'.
    09:26:03.184 [Test worker] INFO  o.e.r.instrumentation.EvoClassLoader - Keeping class: org.nibor.autolink.internal.Scanners_ESTest_scaffolding
    09:26:03.184 [Test worker] INFO  o.e.r.instrumentation.EvoClassLoader - Keeping class: org.nibor.autolink.internal.Scanners_ESTest
    09:26:03.782 [Test worker] DEBUG o.e.runtime.sandbox.MSecurityManager - Adding privileged thread: "Reference Handler"
    09:26:03.782 [Test worker] DEBUG o.e.runtime.sandbox.MSecurityManager - Adding privileged thread: "Finalizer"
    09:26:03.783 [Test worker] DEBUG o.e.runtime.sandbox.MSecurityManager - Adding privileged thread: "Signal Dispatcher"
    09:26:03.783 [Test worker] DEBUG o.e.runtime.sandbox.MSecurityManager - Adding privileged thread: "Attach Listener"
    09:26:03.783 [Test worker] DEBUG o.e.runtime.sandbox.MSecurityManager - Adding privileged thread: "Java2D Disposer"
    09:26:03.783 [Test worker] DEBUG o.e.runtime.sandbox.MSecurityManager - Adding privileged thread: "AWT-Shutdown"
    09:26:03.783 [Test worker] DEBUG o.e.runtime.sandbox.MSecurityManager - Adding privileged thread: "AWT-Windows"
    09:26:03.783 [Test worker] DEBUG o.e.runtime.sandbox.MSecurityManager - Adding privileged thread: "main"
    09:26:03.783 [Test worker] DEBUG o.e.runtime.sandbox.MSecurityManager - Adding privileged thread: "Test worker"
    09:26:03.783 [Test worker] DEBUG o.e.runtime.sandbox.MSecurityManager - Adding privileged thread: "/127.0.0.1:64091 to /127.0.0.1:64090 workers Thread 2"
    09:26:03.783 [Test worker] DEBUG o.e.runtime.sandbox.MSecurityManager - Adding privileged thread: "/127.0.0.1:64091 to /127.0.0.1:64090 workers Thread 3"
    09:26:03.897 [Test worker] INFO  o.e.r.instrumentation.EvoClassLoader - Seeing class for first time: org.nibor.autolink.internal.Scanners
    09:26:03.897 [Test worker] INFO  o.e.r.instrumentation.EvoClassLoader - Instrumenting class 'org.nibor.autolink.internal.Scanners'.
    09:26:03.931 [Test worker] INFO  o.e.r.i.MethodCallReplacementClassAdapter - Adding mock interface to class org/nibor/autolink/internal/Scanners
    09:26:04.279 [Test worker] INFO  o.e.r.i.CreateClassResetClassAdapter - Creating brand-new static initializer in class org/nibor/autolink/internal/Scanners
    09:26:04.279 [Test worker] INFO  o.e.r.instrumentation.EvoClassLoader - Keeping class: org.nibor.autolink.internal.Scanners

org.nibor.autolink.internal.Scanners_ESTest > test29 STANDARD_OUT
    09:26:04.310 [Test worker] INFO  o.e.runtime.thread.ThreadStopper - Found new thread

org.nibor.autolink.internal.Scanners_ESTest > test31 FAILED
    java.lang.AssertionError at Scanners_ESTest.java:307

org.nibor.autolink.internal.Scanners_ESTest > test36 STANDARD_OUT
    09:26:04.376 [Test worker] INFO  o.e.runtime.thread.ThreadStopper - Found new thread

org.nibor.autolink.internal.Scanners_ESTest > test45 STANDARD_OUT
    09:26:04.414 [Test worker] INFO  o.e.runtime.thread.ThreadStopper - Found new thread

org.nibor.autolink.internal.Scanners_ESTest > test10 STANDARD_OUT
    09:26:04.464 [Test worker] INFO  o.e.runtime.thread.ThreadStopper - Found new thread

org.nibor.autolink.internal.Scanners_ESTest > test15 STANDARD_OUT
    09:26:04.472 [Test worker] INFO  o.e.runtime.thread.ThreadStopper - Found new thread
Results: FAILURE (212 tests, 211 successes, 1 failures, 0 skipped)
:test FAILED
4 actionable tasks: 4 executed
