:clean

BUILD SUCCESSFUL in 2s
1 actionable task: 1 executed
:compileJava
:processResources NO-SOURCE
:classes
:compileTestJava
:processTestResources NO-SOURCE
:testClasses
:jar
:assemble
:test

org.nibor.autolink.internal.Scanners_ESTest STANDARD_OUT
    09:29:43.390 [Test worker] INFO  o.e.r.instrumentation.EvoClassLoader - Seeing class for first time: org.nibor.autolink.internal.Scanners_ESTest
    09:29:43.396 [Test worker] INFO  o.e.r.instrumentation.EvoClassLoader - Instrumenting class 'org.nibor.autolink.internal.Scanners_ESTest'.
    09:29:43.451 [Test worker] INFO  o.e.r.instrumentation.EvoClassLoader - Seeing class for first time: org.nibor.autolink.internal.Scanners_ESTest_scaffolding
    09:29:43.451 [Test worker] INFO  o.e.r.instrumentation.EvoClassLoader - Instrumenting class 'org.nibor.autolink.internal.Scanners_ESTest_scaffolding'.
    09:29:43.454 [Test worker] INFO  o.e.r.instrumentation.EvoClassLoader - Keeping class: org.nibor.autolink.internal.Scanners_ESTest_scaffolding
    09:29:43.455 [Test worker] INFO  o.e.r.instrumentation.EvoClassLoader - Keeping class: org.nibor.autolink.internal.Scanners_ESTest
    09:29:44.038 [Test worker] DEBUG o.e.runtime.sandbox.MSecurityManager - Adding privileged thread: "Reference Handler"
    09:29:44.038 [Test worker] DEBUG o.e.runtime.sandbox.MSecurityManager - Adding privileged thread: "Finalizer"
    09:29:44.038 [Test worker] DEBUG o.e.runtime.sandbox.MSecurityManager - Adding privileged thread: "Signal Dispatcher"
    09:29:44.038 [Test worker] DEBUG o.e.runtime.sandbox.MSecurityManager - Adding privileged thread: "Attach Listener"
    09:29:44.038 [Test worker] DEBUG o.e.runtime.sandbox.MSecurityManager - Adding privileged thread: "Java2D Disposer"
    09:29:44.039 [Test worker] DEBUG o.e.runtime.sandbox.MSecurityManager - Adding privileged thread: "AWT-Shutdown"
    09:29:44.039 [Test worker] DEBUG o.e.runtime.sandbox.MSecurityManager - Adding privileged thread: "AWT-Windows"
    09:29:44.039 [Test worker] DEBUG o.e.runtime.sandbox.MSecurityManager - Adding privileged thread: "main"
    09:29:44.039 [Test worker] DEBUG o.e.runtime.sandbox.MSecurityManager - Adding privileged thread: "Test worker"
    09:29:44.039 [Test worker] DEBUG o.e.runtime.sandbox.MSecurityManager - Adding privileged thread: "/127.0.0.1:64311 to /127.0.0.1:64310 workers Thread 2"
    09:29:44.039 [Test worker] DEBUG o.e.runtime.sandbox.MSecurityManager - Adding privileged thread: "/127.0.0.1:64311 to /127.0.0.1:64310 workers Thread 3"
    09:29:44.158 [Test worker] INFO  o.e.r.instrumentation.EvoClassLoader - Seeing class for first time: org.nibor.autolink.internal.Scanners
    09:29:44.158 [Test worker] INFO  o.e.r.instrumentation.EvoClassLoader - Instrumenting class 'org.nibor.autolink.internal.Scanners'.
    09:29:44.194 [Test worker] INFO  o.e.r.i.MethodCallReplacementClassAdapter - Adding mock interface to class org/nibor/autolink/internal/Scanners
    09:29:44.532 [Test worker] INFO  o.e.r.i.CreateClassResetClassAdapter - Creating brand-new static initializer in class org/nibor/autolink/internal/Scanners
    09:29:44.533 [Test worker] INFO  o.e.r.instrumentation.EvoClassLoader - Keeping class: org.nibor.autolink.internal.Scanners

org.nibor.autolink.internal.Scanners_ESTest > test36 STANDARD_OUT
    09:29:44.626 [Test worker] INFO  o.e.runtime.thread.ThreadStopper - Found new thread

org.nibor.autolink.internal.Scanners_ESTest > test00 FAILED
    java.lang.AssertionError at Scanners_ESTest.java:29

org.nibor.autolink.internal.Scanners_ESTest > test42 FAILED
    java.lang.AssertionError at Scanners_ESTest.java:416

org.nibor.autolink.internal.Scanners_ESTest > test49 FAILED
    java.lang.AssertionError at Scanners_ESTest.java:492

org.nibor.autolink.internal.Scanners_ESTest > test04 STANDARD_OUT
    09:29:44.679 [Test worker] INFO  o.e.runtime.thread.ThreadStopper - Found new thread

org.nibor.autolink.internal.Scanners_ESTest > test47 FAILED
    java.lang.AssertionError at Scanners_ESTest.java:468

org.nibor.autolink.internal.Scanners_ESTest > test40 FAILED
    java.lang.AssertionError at Scanners_ESTest.java:396

org.nibor.autolink.internal.Scanners_ESTest > test16 STANDARD_OUT
    09:29:44.721 [Test worker] INFO  o.e.runtime.thread.ThreadStopper - Found new thread

org.nibor.autolink.internal.Scanners_ESTest > test15 STANDARD_OUT
    09:29:44.724 [Test worker] INFO  o.e.runtime.thread.ThreadStopper - Found new thread

org.nibor.autolink.internal.Scanners_ESTest > test59 STANDARD_OUT
    09:29:44.726 [Test worker] INFO  o.e.runtime.thread.ThreadStopper - Found new thread

org.nibor.autolink.internal.Scanners_ESTest > test50 FAILED
    java.lang.AssertionError at Scanners_ESTest.java:503
Results: FAILURE (212 tests, 206 successes, 6 failures, 0 skipped)
:test FAILED
4 actionable tasks: 4 executed
