:clean

BUILD SUCCESSFUL in 0s
1 actionable task: 1 executed
:compileJava
:processResources NO-SOURCE
:classes
:compileTestJava
:processTestResources NO-SOURCE
:testClasses
:jar
:assemble
:test

DataStructures.QueueAr_ESTest STANDARD_OUT
    13:39:20.545 [Test worker] INFO  o.e.r.instrumentation.EvoClassLoader - Seeing class for first time: DataStructures.QueueAr_ESTest
    13:39:20.547 [Test worker] INFO  o.e.r.instrumentation.EvoClassLoader - Instrumenting class 'DataStructures.QueueAr_ESTest'.
    13:39:20.569 [Test worker] INFO  o.e.r.instrumentation.EvoClassLoader - Seeing class for first time: DataStructures.QueueAr_ESTest_scaffolding
    13:39:20.569 [Test worker] INFO  o.e.r.instrumentation.EvoClassLoader - Instrumenting class 'DataStructures.QueueAr_ESTest_scaffolding'.
    13:39:20.571 [Test worker] INFO  o.e.r.instrumentation.EvoClassLoader - Keeping class: DataStructures.QueueAr_ESTest_scaffolding
    13:39:20.571 [Test worker] INFO  o.e.r.instrumentation.EvoClassLoader - Keeping class: DataStructures.QueueAr_ESTest
    13:39:20.765 [Test worker] DEBUG o.e.runtime.sandbox.MSecurityManager - Adding privileged thread: "Reference Handler"
    13:39:20.765 [Test worker] DEBUG o.e.runtime.sandbox.MSecurityManager - Adding privileged thread: "Finalizer"
    13:39:20.765 [Test worker] DEBUG o.e.runtime.sandbox.MSecurityManager - Adding privileged thread: "Signal Dispatcher"
    13:39:20.765 [Test worker] DEBUG o.e.runtime.sandbox.MSecurityManager - Adding privileged thread: "Attach Listener"
    13:39:20.765 [Test worker] DEBUG o.e.runtime.sandbox.MSecurityManager - Adding privileged thread: "Java2D Disposer"
    13:39:20.765 [Test worker] DEBUG o.e.runtime.sandbox.MSecurityManager - Adding privileged thread: "AWT-Shutdown"
    13:39:20.765 [Test worker] DEBUG o.e.runtime.sandbox.MSecurityManager - Adding privileged thread: "AWT-Windows"
    13:39:20.765 [Test worker] DEBUG o.e.runtime.sandbox.MSecurityManager - Adding privileged thread: "main"
    13:39:20.765 [Test worker] DEBUG o.e.runtime.sandbox.MSecurityManager - Adding privileged thread: "Test worker"
    13:39:20.765 [Test worker] DEBUG o.e.runtime.sandbox.MSecurityManager - Adding privileged thread: "/127.0.0.1:52750 to /127.0.0.1:52749 workers Thread 2"
    13:39:20.766 [Test worker] DEBUG o.e.runtime.sandbox.MSecurityManager - Adding privileged thread: "/127.0.0.1:52750 to /127.0.0.1:52749 workers Thread 3"
    13:39:20.803 [Test worker] INFO  o.e.r.instrumentation.EvoClassLoader - Seeing class for first time: DataStructures.QueueAr
    13:39:20.803 [Test worker] INFO  o.e.r.instrumentation.EvoClassLoader - Instrumenting class 'DataStructures.QueueAr'.
    13:39:20.816 [Test worker] INFO  o.e.r.i.MethodCallReplacementClassAdapter - Adding mock interface to class DataStructures/QueueAr
    13:39:20.934 [Test worker] INFO  o.e.r.i.CreateClassResetClassAdapter - Creating brand-new static initializer in class DataStructures/QueueAr
    13:39:20.934 [Test worker] INFO  o.e.r.instrumentation.EvoClassLoader - Keeping class: DataStructures.QueueAr
    13:39:20.934 [Test worker] INFO  o.e.r.instrumentation.EvoClassLoader - Seeing class for first time: DataStructures.Overflow
    13:39:20.934 [Test worker] INFO  o.e.r.instrumentation.EvoClassLoader - Instrumenting class 'DataStructures.Overflow'.
    13:39:20.935 [Test worker] INFO  o.e.r.i.MethodCallReplacementClassAdapter - Adding mock interface to class DataStructures/Overflow
    13:39:20.935 [Test worker] INFO  o.e.r.i.CreateClassResetClassAdapter - Creating brand-new static initializer in class DataStructures/Overflow
    13:39:20.936 [Test worker] INFO  o.e.r.instrumentation.EvoClassLoader - Keeping class: DataStructures.Overflow

DataStructures.QueueAr_ESTest > test06 FAILED
    java.lang.ArrayIndexOutOfBoundsException at QueueAr_ESTest.java:79

DataStructures.QueueAr_ESTest > test10 FAILED
    java.lang.ArrayIndexOutOfBoundsException at QueueAr_ESTest.java:113

DataStructures.QueueAr_ESTest > test12 FAILED
    java.lang.ArrayIndexOutOfBoundsException at QueueAr_ESTest.java:136

DataStructures.QueueAr_ESTest > test05 FAILED
    java.lang.ArrayIndexOutOfBoundsException at QueueAr_ESTest.java:70

testers.QueueArTester0 > test059 FAILED
    java.lang.ArrayIndexOutOfBoundsException at QueueArTester0.java:775

testers.QueueArTester0 > test063 FAILED
    java.lang.ArrayIndexOutOfBoundsException at QueueArTester0.java:821

testers.QueueArTester0 > test101 FAILED
    java.lang.ArrayIndexOutOfBoundsException at QueueArTester0.java:1364

testers.QueueArTester0 > test104 FAILED
    java.lang.NullPointerException at QueueArTester0.java:1405

testers.QueueArTester0 > test108 FAILED
    java.lang.ArrayIndexOutOfBoundsException at QueueArTester0.java:1452

testers.QueueArTester0 > test153 FAILED
    java.lang.ArrayIndexOutOfBoundsException at QueueArTester0.java:2108

testers.QueueArTester0 > test163 FAILED
    java.lang.ArrayIndexOutOfBoundsException at QueueArTester0.java:2248
Results: FAILURE (345 tests, 334 successes, 11 failures, 0 skipped)
:test FAILED
4 actionable tasks: 4 executed
