:clean

BUILD SUCCESSFUL in 1s
1 actionable task: 1 executed
:compileJava
:processResources NO-SOURCE
:classes
:compileTestJava
:processTestResources NO-SOURCE
:testClasses
:jar
:assemble
:test

org.nibor.autolink.internal.EmailScanner_ESTest STANDARD_OUT
    09:04:36.229 [Test worker] INFO  o.e.r.instrumentation.EvoClassLoader - Seeing class for first time: org.nibor.autolink.internal.EmailScanner_ESTest
    09:04:36.231 [Test worker] INFO  o.e.r.instrumentation.EvoClassLoader - Instrumenting class 'org.nibor.autolink.internal.EmailScanner_ESTest'.
    09:04:36.256 [Test worker] INFO  o.e.r.instrumentation.EvoClassLoader - Seeing class for first time: org.nibor.autolink.internal.EmailScanner_ESTest_scaffolding
    09:04:36.256 [Test worker] INFO  o.e.r.instrumentation.EvoClassLoader - Instrumenting class 'org.nibor.autolink.internal.EmailScanner_ESTest_scaffolding'.
    09:04:36.258 [Test worker] INFO  o.e.r.instrumentation.EvoClassLoader - Keeping class: org.nibor.autolink.internal.EmailScanner_ESTest_scaffolding
    09:04:36.259 [Test worker] INFO  o.e.r.instrumentation.EvoClassLoader - Keeping class: org.nibor.autolink.internal.EmailScanner_ESTest
    09:04:36.564 [Test worker] DEBUG o.e.runtime.sandbox.MSecurityManager - Adding privileged thread: "Reference Handler"
    09:04:36.564 [Test worker] DEBUG o.e.runtime.sandbox.MSecurityManager - Adding privileged thread: "Finalizer"
    09:04:36.565 [Test worker] DEBUG o.e.runtime.sandbox.MSecurityManager - Adding privileged thread: "Signal Dispatcher"
    09:04:36.565 [Test worker] DEBUG o.e.runtime.sandbox.MSecurityManager - Adding privileged thread: "Attach Listener"
    09:04:36.565 [Test worker] DEBUG o.e.runtime.sandbox.MSecurityManager - Adding privileged thread: "Java2D Disposer"
    09:04:36.565 [Test worker] DEBUG o.e.runtime.sandbox.MSecurityManager - Adding privileged thread: "AWT-Shutdown"
    09:04:36.565 [Test worker] DEBUG o.e.runtime.sandbox.MSecurityManager - Adding privileged thread: "AWT-Windows"
    09:04:36.565 [Test worker] DEBUG o.e.runtime.sandbox.MSecurityManager - Adding privileged thread: "main"
    09:04:36.565 [Test worker] DEBUG o.e.runtime.sandbox.MSecurityManager - Adding privileged thread: "Test worker"
    09:04:36.565 [Test worker] DEBUG o.e.runtime.sandbox.MSecurityManager - Adding privileged thread: "/127.0.0.1:62581 to /127.0.0.1:62580 workers Thread 2"
    09:04:36.565 [Test worker] DEBUG o.e.runtime.sandbox.MSecurityManager - Adding privileged thread: "/127.0.0.1:62581 to /127.0.0.1:62580 workers Thread 3"
    09:04:36.616 [Test worker] INFO  o.e.r.instrumentation.EvoClassLoader - Seeing class for first time: org.nibor.autolink.LinkSpan
    09:04:36.617 [Test worker] INFO  o.e.r.instrumentation.EvoClassLoader - Instrumenting class 'org.nibor.autolink.LinkSpan'.
    09:04:36.721 [Test worker] INFO  o.e.r.instrumentation.EvoClassLoader - Defined package (3): package org.nibor.autolink, 855953847
    09:04:36.721 [Test worker] INFO  o.e.r.instrumentation.EvoClassLoader - Seeing class for first time: org.nibor.autolink.Span
    09:04:36.721 [Test worker] INFO  o.e.r.instrumentation.EvoClassLoader - Instrumenting class 'org.nibor.autolink.Span'.
    09:04:36.723 [Test worker] INFO  o.e.r.instrumentation.EvoClassLoader - Keeping class: org.nibor.autolink.Span
    09:04:36.723 [Test worker] INFO  o.e.r.instrumentation.EvoClassLoader - Keeping class: org.nibor.autolink.LinkSpan
    09:04:36.723 [Test worker] INFO  o.e.r.instrumentation.EvoClassLoader - Seeing class for first time: org.nibor.autolink.internal.LinkSpanImpl
    09:04:36.723 [Test worker] INFO  o.e.r.instrumentation.EvoClassLoader - Instrumenting class 'org.nibor.autolink.internal.LinkSpanImpl'.
    09:04:36.726 [Test worker] INFO  o.e.r.i.MethodCallReplacementClassAdapter - Adding mock interface to class org/nibor/autolink/internal/LinkSpanImpl
    09:04:36.790 [Test worker] INFO  o.e.r.i.CreateClassResetClassAdapter - Creating brand-new static initializer in class org/nibor/autolink/internal/LinkSpanImpl
    09:04:36.792 [Test worker] INFO  o.e.r.instrumentation.EvoClassLoader - Keeping class: org.nibor.autolink.internal.LinkSpanImpl
    09:04:36.792 [Test worker] INFO  o.e.r.instrumentation.EvoClassLoader - Seeing class for first time: org.nibor.autolink.LinkType
    09:04:36.792 [Test worker] INFO  o.e.r.instrumentation.EvoClassLoader - Instrumenting class 'org.nibor.autolink.LinkType'.
    09:04:36.793 [Test worker] INFO  o.e.r.i.MethodCallReplacementClassAdapter - Adding mock interface to class org/nibor/autolink/LinkType
    09:04:36.795 [Test worker] INFO  o.e.r.i.CreateClassResetClassAdapter - Found static initializer in class org/nibor/autolink/LinkType
    09:04:36.796 [Test worker] INFO  o.e.r.instrumentation.EvoClassLoader - Keeping class: org.nibor.autolink.LinkType
    09:04:36.796 [Test worker] INFO  o.e.r.instrumentation.EvoClassLoader - Seeing class for first time: org.nibor.autolink.internal.EmailScanner
    09:04:36.796 [Test worker] INFO  o.e.r.instrumentation.EvoClassLoader - Instrumenting class 'org.nibor.autolink.internal.EmailScanner'.
    09:04:36.798 [Test worker] INFO  o.e.r.i.MethodCallReplacementClassAdapter - Adding mock interface to class org/nibor/autolink/internal/EmailScanner
    09:04:36.799 [Test worker] INFO  o.e.r.i.CreateClassResetClassAdapter - Creating brand-new static initializer in class org/nibor/autolink/internal/EmailScanner
    09:04:36.800 [Test worker] INFO  o.e.r.instrumentation.EvoClassLoader - Seeing class for first time: org.nibor.autolink.internal.Scanner
    09:04:36.800 [Test worker] INFO  o.e.r.instrumentation.EvoClassLoader - Instrumenting class 'org.nibor.autolink.internal.Scanner'.
    09:04:36.801 [Test worker] INFO  o.e.r.instrumentation.EvoClassLoader - Keeping class: org.nibor.autolink.internal.Scanner
    09:04:36.801 [Test worker] INFO  o.e.r.instrumentation.EvoClassLoader - Keeping class: org.nibor.autolink.internal.EmailScanner
    09:04:36.801 [Test worker] INFO  o.e.r.instrumentation.EvoClassLoader - Seeing class for first time: org.nibor.autolink.internal.Scanners
    09:04:36.802 [Test worker] INFO  o.e.r.instrumentation.EvoClassLoader - Instrumenting class 'org.nibor.autolink.internal.Scanners'.
    09:04:36.803 [Test worker] INFO  o.e.r.i.MethodCallReplacementClassAdapter - Adding mock interface to class org/nibor/autolink/internal/Scanners
    09:04:36.804 [Test worker] INFO  o.e.r.i.CreateClassResetClassAdapter - Creating brand-new static initializer in class org/nibor/autolink/internal/Scanners
    09:04:36.804 [Test worker] INFO  o.e.r.instrumentation.EvoClassLoader - Keeping class: org.nibor.autolink.internal.Scanners

org.nibor.autolink.internal.EmailScanner_ESTest > test22 FAILED
    java.lang.AssertionError at EmailScanner_ESTest.java:276

org.nibor.autolink.internal.EmailScanner_ESTest > test03 FAILED
    java.lang.AssertionError at EmailScanner_ESTest.java:62

org.nibor.autolink.internal.EmailScanner_ESTest > test25 FAILED
    java.lang.AssertionError at EmailScanner_ESTest.java:312

org.nibor.autolink.internal.EmailScanner_ESTest > test04 FAILED
    java.lang.AssertionError at EmailScanner_ESTest.java:73

org.nibor.autolink.internal.EmailScanner_ESTest > test26 FAILED
    java.lang.IndexOutOfBoundsException at EmailScanner_ESTest.java:322

org.nibor.autolink.internal.EmailScanner_ESTest > test06 FAILED
    java.lang.AssertionError at EmailScanner_ESTest.java:102

RegressionTest > RegressionTest0.test002 FAILED
    java.lang.AssertionError at RegressionTest0.java:27

RegressionTest > RegressionTest0.test004 FAILED
    java.lang.AssertionError at RegressionTest0.java:52

RegressionTest > RegressionTest0.test005 FAILED
    java.lang.AssertionError at RegressionTest0.java:66

RegressionTest > RegressionTest0.test008 FAILED
    java.lang.AssertionError at RegressionTest0.java:99

RegressionTest > RegressionTest0.test009 FAILED
    java.lang.AssertionError at RegressionTest0.java:115

RegressionTest > RegressionTest0.test011 FAILED
    java.lang.AssertionError at RegressionTest0.java:143

RegressionTest > RegressionTest0.test012 FAILED
    java.lang.AssertionError at RegressionTest0.java:158

RegressionTest > RegressionTest0.test013 FAILED
    java.lang.AssertionError at RegressionTest0.java:175

RegressionTest > RegressionTest0.test014 FAILED
    java.lang.AssertionError at RegressionTest0.java:192

RegressionTest > RegressionTest0.test016 FAILED
    java.lang.AssertionError at RegressionTest0.java:221

RegressionTest > RegressionTest0.test018 FAILED
    java.lang.AssertionError at RegressionTest0.java:255

RegressionTest > RegressionTest0.test020 FAILED
    java.lang.AssertionError at RegressionTest0.java:282

RegressionTest > RegressionTest0.test024 FAILED
    java.lang.AssertionError at RegressionTest0.java:350

RegressionTest > RegressionTest0.test028 FAILED
    java.lang.AssertionError at RegressionTest0.java:410

RegressionTest > RegressionTest0.test029 FAILED
    java.lang.AssertionError at RegressionTest0.java:426

RegressionTest > RegressionTest0.test031 FAILED
    java.lang.AssertionError at RegressionTest0.java:460

RegressionTest > RegressionTest0.test033 FAILED
    java.lang.AssertionError at RegressionTest0.java:486

RegressionTest > RegressionTest0.test034 FAILED
    java.lang.AssertionError at RegressionTest0.java:501

RegressionTest > RegressionTest0.test036 FAILED
    java.lang.AssertionError at RegressionTest0.java:535

RegressionTest > RegressionTest0.test038 FAILED
    java.lang.AssertionError at RegressionTest0.java:566

RegressionTest > RegressionTest0.test044 FAILED
    java.lang.AssertionError at RegressionTest0.java:677

RegressionTest > RegressionTest0.test045 FAILED
    java.lang.AssertionError at RegressionTest0.java:696

RegressionTest > RegressionTest0.test050 FAILED
    java.lang.AssertionError at RegressionTest0.java:783

RegressionTest > RegressionTest0.test052 FAILED
    java.lang.AssertionError at RegressionTest0.java:814

RegressionTest > RegressionTest0.test054 FAILED
    java.lang.AssertionError at RegressionTest0.java:849

RegressionTest > RegressionTest0.test056 FAILED
    java.lang.AssertionError at RegressionTest0.java:880

RegressionTest > RegressionTest0.test057 FAILED
    java.lang.NullPointerException at RegressionTest0.java:896

RegressionTest > RegressionTest0.test059 FAILED
    java.lang.AssertionError at RegressionTest0.java:931

RegressionTest > RegressionTest0.test060 FAILED
    java.lang.AssertionError at RegressionTest0.java:952

RegressionTest > RegressionTest0.test061 FAILED
    java.lang.AssertionError at RegressionTest0.java:971

RegressionTest > RegressionTest0.test062 FAILED
    java.lang.AssertionError at RegressionTest0.java:989

RegressionTest > RegressionTest0.test064 FAILED
    java.lang.NullPointerException at RegressionTest0.java:1024

RegressionTest > RegressionTest0.test065 FAILED
    java.lang.AssertionError at RegressionTest0.java:1045

RegressionTest > RegressionTest0.test066 FAILED
    java.lang.AssertionError at RegressionTest0.java:1059

RegressionTest > RegressionTest0.test068 FAILED
    java.lang.AssertionError at RegressionTest0.java:1093

RegressionTest > RegressionTest0.test071 FAILED
    java.lang.AssertionError at RegressionTest0.java:1147

RegressionTest > RegressionTest0.test075 FAILED
    java.lang.AssertionError at RegressionTest0.java:1206

RegressionTest > RegressionTest0.test076 FAILED
    java.lang.AssertionError at RegressionTest0.java:1221

RegressionTest > RegressionTest0.test079 FAILED
    java.lang.AssertionError at RegressionTest0.java:1267

RegressionTest > RegressionTest0.test080 FAILED
    java.lang.AssertionError at RegressionTest0.java:1284

RegressionTest > RegressionTest0.test082 FAILED
    java.lang.AssertionError at RegressionTest0.java:1320

RegressionTest > RegressionTest0.test083 FAILED
    java.lang.AssertionError at RegressionTest0.java:1341

RegressionTest > RegressionTest0.test085 FAILED
    java.lang.AssertionError at RegressionTest0.java:1381

RegressionTest > RegressionTest0.test086 FAILED
    java.lang.AssertionError at RegressionTest0.java:1391

RegressionTest > RegressionTest0.test090 FAILED
    java.lang.AssertionError at RegressionTest0.java:1460

RegressionTest > RegressionTest0.test091 FAILED
    java.lang.AssertionError at RegressionTest0.java:1474

RegressionTest > RegressionTest0.test092 FAILED
    java.lang.AssertionError at RegressionTest0.java:1491

RegressionTest > RegressionTest0.test096 FAILED
    java.lang.AssertionError at RegressionTest0.java:1550

RegressionTest > RegressionTest0.test100 FAILED
    java.lang.AssertionError at RegressionTest0.java:1608

RegressionTest > RegressionTest0.test101 FAILED
    java.lang.AssertionError at RegressionTest0.java:1631

RegressionTest > RegressionTest0.test102 FAILED
    java.lang.AssertionError at RegressionTest0.java:1652

RegressionTest > RegressionTest0.test103 FAILED
    java.lang.AssertionError at RegressionTest0.java:1672

RegressionTest > RegressionTest0.test104 FAILED
    java.lang.AssertionError at RegressionTest0.java:1694

RegressionTest > RegressionTest0.test105 FAILED
    java.lang.AssertionError at RegressionTest0.java:1713

RegressionTest > RegressionTest0.test106 FAILED
    java.lang.AssertionError at RegressionTest0.java:1728

RegressionTest > RegressionTest0.test108 FAILED
    java.lang.AssertionError at RegressionTest0.java:1765

RegressionTest > RegressionTest0.test110 FAILED
    java.lang.AssertionError at RegressionTest0.java:1805

RegressionTest0 > test002 FAILED
    java.lang.AssertionError at RegressionTest0.java:27

RegressionTest0 > test004 FAILED
    java.lang.AssertionError at RegressionTest0.java:52

RegressionTest0 > test005 FAILED
    java.lang.AssertionError at RegressionTest0.java:66

RegressionTest0 > test008 FAILED
    java.lang.AssertionError at RegressionTest0.java:99

RegressionTest0 > test009 FAILED
    java.lang.AssertionError at RegressionTest0.java:115

RegressionTest0 > test011 FAILED
    java.lang.AssertionError at RegressionTest0.java:143

RegressionTest0 > test012 FAILED
    java.lang.AssertionError at RegressionTest0.java:158

RegressionTest0 > test013 FAILED
    java.lang.AssertionError at RegressionTest0.java:175

RegressionTest0 > test014 FAILED
    java.lang.AssertionError at RegressionTest0.java:192

RegressionTest0 > test016 FAILED
    java.lang.AssertionError at RegressionTest0.java:221

RegressionTest0 > test018 FAILED
    java.lang.AssertionError at RegressionTest0.java:255

RegressionTest0 > test020 FAILED
    java.lang.AssertionError at RegressionTest0.java:282

RegressionTest0 > test024 FAILED
    java.lang.AssertionError at RegressionTest0.java:350

RegressionTest0 > test028 FAILED
    java.lang.AssertionError at RegressionTest0.java:410

RegressionTest0 > test029 FAILED
    java.lang.AssertionError at RegressionTest0.java:426

RegressionTest0 > test031 FAILED
    java.lang.AssertionError at RegressionTest0.java:460

RegressionTest0 > test033 FAILED
    java.lang.AssertionError at RegressionTest0.java:486

RegressionTest0 > test034 FAILED
    java.lang.AssertionError at RegressionTest0.java:501

RegressionTest0 > test036 FAILED
    java.lang.AssertionError at RegressionTest0.java:535

RegressionTest0 > test038 FAILED
    java.lang.AssertionError at RegressionTest0.java:566

RegressionTest0 > test044 FAILED
    java.lang.AssertionError at RegressionTest0.java:677

RegressionTest0 > test045 FAILED
    java.lang.AssertionError at RegressionTest0.java:696

RegressionTest0 > test050 FAILED
    java.lang.AssertionError at RegressionTest0.java:783

RegressionTest0 > test052 FAILED
    java.lang.AssertionError at RegressionTest0.java:814

RegressionTest0 > test054 FAILED
    java.lang.AssertionError at RegressionTest0.java:849

RegressionTest0 > test056 FAILED
    java.lang.AssertionError at RegressionTest0.java:880

RegressionTest0 > test057 FAILED
    java.lang.NullPointerException at RegressionTest0.java:896

RegressionTest0 > test059 FAILED
    java.lang.AssertionError at RegressionTest0.java:931

RegressionTest0 > test060 FAILED
    java.lang.AssertionError at RegressionTest0.java:952

RegressionTest0 > test061 FAILED
    java.lang.AssertionError at RegressionTest0.java:971

RegressionTest0 > test062 FAILED
    java.lang.AssertionError at RegressionTest0.java:989

RegressionTest0 > test064 FAILED
    java.lang.NullPointerException at RegressionTest0.java:1024

RegressionTest0 > test065 FAILED
    java.lang.AssertionError at RegressionTest0.java:1045

RegressionTest0 > test066 FAILED
    java.lang.AssertionError at RegressionTest0.java:1059

RegressionTest0 > test068 FAILED
    java.lang.AssertionError at RegressionTest0.java:1093

RegressionTest0 > test071 FAILED
    java.lang.AssertionError at RegressionTest0.java:1147

RegressionTest0 > test075 FAILED
    java.lang.AssertionError at RegressionTest0.java:1206

RegressionTest0 > test076 FAILED
    java.lang.AssertionError at RegressionTest0.java:1221

RegressionTest0 > test079 FAILED
    java.lang.AssertionError at RegressionTest0.java:1267

RegressionTest0 > test080 FAILED
    java.lang.AssertionError at RegressionTest0.java:1284

RegressionTest0 > test082 FAILED
    java.lang.AssertionError at RegressionTest0.java:1320

RegressionTest0 > test083 FAILED
    java.lang.AssertionError at RegressionTest0.java:1341

RegressionTest0 > test085 FAILED
    java.lang.AssertionError at RegressionTest0.java:1381

RegressionTest0 > test086 FAILED
    java.lang.AssertionError at RegressionTest0.java:1391

RegressionTest0 > test090 FAILED
    java.lang.AssertionError at RegressionTest0.java:1460

RegressionTest0 > test091 FAILED
    java.lang.AssertionError at RegressionTest0.java:1474

RegressionTest0 > test092 FAILED
    java.lang.AssertionError at RegressionTest0.java:1491

RegressionTest0 > test096 FAILED
    java.lang.AssertionError at RegressionTest0.java:1550

RegressionTest0 > test100 FAILED
    java.lang.AssertionError at RegressionTest0.java:1608

RegressionTest0 > test101 FAILED
    java.lang.AssertionError at RegressionTest0.java:1631

RegressionTest0 > test102 FAILED
    java.lang.AssertionError at RegressionTest0.java:1652

RegressionTest0 > test103 FAILED
    java.lang.AssertionError at RegressionTest0.java:1672

RegressionTest0 > test104 FAILED
    java.lang.AssertionError at RegressionTest0.java:1694

RegressionTest0 > test105 FAILED
    java.lang.AssertionError at RegressionTest0.java:1713

RegressionTest0 > test106 FAILED
    java.lang.AssertionError at RegressionTest0.java:1728

RegressionTest0 > test108 FAILED
    java.lang.AssertionError at RegressionTest0.java:1765

RegressionTest0 > test110 FAILED
    java.lang.AssertionError at RegressionTest0.java:1805
Results: FAILURE (251 tests, 131 successes, 120 failures, 0 skipped)
:test FAILED
4 actionable tasks: 4 executed
