:clean

BUILD SUCCESSFUL in 1s
1 actionable task: 1 executed
:compileJava
:processResources NO-SOURCE
:classes
:compileTestJava
:processTestResources NO-SOURCE
:testClasses
:jar
:assemble
:test

org.nibor.autolink.internal.EmailScanner_ESTest STANDARD_OUT
    09:05:30.057 [Test worker] INFO  o.e.r.instrumentation.EvoClassLoader - Seeing class for first time: org.nibor.autolink.internal.EmailScanner_ESTest
    09:05:30.060 [Test worker] INFO  o.e.r.instrumentation.EvoClassLoader - Instrumenting class 'org.nibor.autolink.internal.EmailScanner_ESTest'.
    09:05:30.091 [Test worker] INFO  o.e.r.instrumentation.EvoClassLoader - Seeing class for first time: org.nibor.autolink.internal.EmailScanner_ESTest_scaffolding
    09:05:30.091 [Test worker] INFO  o.e.r.instrumentation.EvoClassLoader - Instrumenting class 'org.nibor.autolink.internal.EmailScanner_ESTest_scaffolding'.
    09:05:30.094 [Test worker] INFO  o.e.r.instrumentation.EvoClassLoader - Keeping class: org.nibor.autolink.internal.EmailScanner_ESTest_scaffolding
    09:05:30.094 [Test worker] INFO  o.e.r.instrumentation.EvoClassLoader - Keeping class: org.nibor.autolink.internal.EmailScanner_ESTest
    09:05:30.461 [Test worker] DEBUG o.e.runtime.sandbox.MSecurityManager - Adding privileged thread: "Reference Handler"
    09:05:30.461 [Test worker] DEBUG o.e.runtime.sandbox.MSecurityManager - Adding privileged thread: "Finalizer"
    09:05:30.461 [Test worker] DEBUG o.e.runtime.sandbox.MSecurityManager - Adding privileged thread: "Signal Dispatcher"
    09:05:30.461 [Test worker] DEBUG o.e.runtime.sandbox.MSecurityManager - Adding privileged thread: "Attach Listener"
    09:05:30.461 [Test worker] DEBUG o.e.runtime.sandbox.MSecurityManager - Adding privileged thread: "Java2D Disposer"
    09:05:30.462 [Test worker] DEBUG o.e.runtime.sandbox.MSecurityManager - Adding privileged thread: "AWT-Shutdown"
    09:05:30.462 [Test worker] DEBUG o.e.runtime.sandbox.MSecurityManager - Adding privileged thread: "AWT-Windows"
    09:05:30.462 [Test worker] DEBUG o.e.runtime.sandbox.MSecurityManager - Adding privileged thread: "main"
    09:05:30.462 [Test worker] DEBUG o.e.runtime.sandbox.MSecurityManager - Adding privileged thread: "Test worker"
    09:05:30.462 [Test worker] DEBUG o.e.runtime.sandbox.MSecurityManager - Adding privileged thread: "/127.0.0.1:62678 to /127.0.0.1:62677 workers Thread 2"
    09:05:30.462 [Test worker] DEBUG o.e.runtime.sandbox.MSecurityManager - Adding privileged thread: "/127.0.0.1:62678 to /127.0.0.1:62677 workers Thread 3"
    09:05:30.533 [Test worker] INFO  o.e.r.instrumentation.EvoClassLoader - Seeing class for first time: org.nibor.autolink.LinkSpan
    09:05:30.533 [Test worker] INFO  o.e.r.instrumentation.EvoClassLoader - Instrumenting class 'org.nibor.autolink.LinkSpan'.
    09:05:30.666 [Test worker] INFO  o.e.r.instrumentation.EvoClassLoader - Defined package (3): package org.nibor.autolink, 855953847
    09:05:30.666 [Test worker] INFO  o.e.r.instrumentation.EvoClassLoader - Seeing class for first time: org.nibor.autolink.Span
    09:05:30.666 [Test worker] INFO  o.e.r.instrumentation.EvoClassLoader - Instrumenting class 'org.nibor.autolink.Span'.
    09:05:30.668 [Test worker] INFO  o.e.r.instrumentation.EvoClassLoader - Keeping class: org.nibor.autolink.Span
    09:05:30.668 [Test worker] INFO  o.e.r.instrumentation.EvoClassLoader - Keeping class: org.nibor.autolink.LinkSpan
    09:05:30.669 [Test worker] INFO  o.e.r.instrumentation.EvoClassLoader - Seeing class for first time: org.nibor.autolink.internal.LinkSpanImpl
    09:05:30.669 [Test worker] INFO  o.e.r.instrumentation.EvoClassLoader - Instrumenting class 'org.nibor.autolink.internal.LinkSpanImpl'.
    09:05:30.672 [Test worker] INFO  o.e.r.i.MethodCallReplacementClassAdapter - Adding mock interface to class org/nibor/autolink/internal/LinkSpanImpl
    09:05:30.755 [Test worker] INFO  o.e.r.i.CreateClassResetClassAdapter - Creating brand-new static initializer in class org/nibor/autolink/internal/LinkSpanImpl
    09:05:30.757 [Test worker] INFO  o.e.r.instrumentation.EvoClassLoader - Keeping class: org.nibor.autolink.internal.LinkSpanImpl
    09:05:30.758 [Test worker] INFO  o.e.r.instrumentation.EvoClassLoader - Seeing class for first time: org.nibor.autolink.LinkType
    09:05:30.758 [Test worker] INFO  o.e.r.instrumentation.EvoClassLoader - Instrumenting class 'org.nibor.autolink.LinkType'.
    09:05:30.760 [Test worker] INFO  o.e.r.i.MethodCallReplacementClassAdapter - Adding mock interface to class org/nibor/autolink/LinkType
    09:05:30.762 [Test worker] INFO  o.e.r.i.CreateClassResetClassAdapter - Found static initializer in class org/nibor/autolink/LinkType
    09:05:30.763 [Test worker] INFO  o.e.r.instrumentation.EvoClassLoader - Keeping class: org.nibor.autolink.LinkType
    09:05:30.764 [Test worker] INFO  o.e.r.instrumentation.EvoClassLoader - Seeing class for first time: org.nibor.autolink.internal.EmailScanner
    09:05:30.764 [Test worker] INFO  o.e.r.instrumentation.EvoClassLoader - Instrumenting class 'org.nibor.autolink.internal.EmailScanner'.
    09:05:30.766 [Test worker] INFO  o.e.r.i.MethodCallReplacementClassAdapter - Adding mock interface to class org/nibor/autolink/internal/EmailScanner
    09:05:30.768 [Test worker] INFO  o.e.r.i.CreateClassResetClassAdapter - Creating brand-new static initializer in class org/nibor/autolink/internal/EmailScanner
    09:05:30.768 [Test worker] INFO  o.e.r.instrumentation.EvoClassLoader - Seeing class for first time: org.nibor.autolink.internal.Scanner
    09:05:30.768 [Test worker] INFO  o.e.r.instrumentation.EvoClassLoader - Instrumenting class 'org.nibor.autolink.internal.Scanner'.
    09:05:30.770 [Test worker] INFO  o.e.r.instrumentation.EvoClassLoader - Keeping class: org.nibor.autolink.internal.Scanner
    09:05:30.770 [Test worker] INFO  o.e.r.instrumentation.EvoClassLoader - Keeping class: org.nibor.autolink.internal.EmailScanner
    09:05:30.771 [Test worker] INFO  o.e.r.instrumentation.EvoClassLoader - Seeing class for first time: org.nibor.autolink.internal.Scanners
    09:05:30.771 [Test worker] INFO  o.e.r.instrumentation.EvoClassLoader - Instrumenting class 'org.nibor.autolink.internal.Scanners'.
    09:05:30.772 [Test worker] INFO  o.e.r.i.MethodCallReplacementClassAdapter - Adding mock interface to class org/nibor/autolink/internal/Scanners
    09:05:30.774 [Test worker] INFO  o.e.r.i.CreateClassResetClassAdapter - Creating brand-new static initializer in class org/nibor/autolink/internal/Scanners
    09:05:30.774 [Test worker] INFO  o.e.r.instrumentation.EvoClassLoader - Keeping class: org.nibor.autolink.internal.Scanners

org.nibor.autolink.internal.EmailScanner_ESTest > test22 FAILED
    java.lang.NullPointerException at EmailScanner_ESTest.java:276

org.nibor.autolink.internal.EmailScanner_ESTest > test03 FAILED
    java.lang.NullPointerException at EmailScanner_ESTest.java:62

org.nibor.autolink.internal.EmailScanner_ESTest > test25 FAILED
    java.lang.NullPointerException at EmailScanner_ESTest.java:312

org.nibor.autolink.internal.EmailScanner_ESTest > test05 FAILED
    java.lang.AssertionError at EmailScanner_ESTest.java:85

org.nibor.autolink.internal.EmailScanner_ESTest > test04 FAILED
    java.lang.AssertionError at EmailScanner_ESTest.java:73

org.nibor.autolink.internal.EmailScanner_ESTest > test06 FAILED
    java.lang.AssertionError at EmailScanner_ESTest.java:102

RegressionTest > RegressionTest0.test002 FAILED
    java.lang.AssertionError at RegressionTest0.java:27

RegressionTest > RegressionTest0.test005 FAILED
    java.lang.AssertionError at RegressionTest0.java:66

RegressionTest > RegressionTest0.test008 FAILED
    java.lang.AssertionError at RegressionTest0.java:99

RegressionTest > RegressionTest0.test009 FAILED
    java.lang.AssertionError at RegressionTest0.java:115

RegressionTest > RegressionTest0.test011 FAILED
    java.lang.AssertionError at RegressionTest0.java:143

RegressionTest > RegressionTest0.test012 FAILED
    java.lang.AssertionError at RegressionTest0.java:158

RegressionTest > RegressionTest0.test013 FAILED
    java.lang.AssertionError at RegressionTest0.java:175

RegressionTest > RegressionTest0.test014 FAILED
    java.lang.AssertionError at RegressionTest0.java:192

RegressionTest > RegressionTest0.test018 FAILED
    java.lang.AssertionError at RegressionTest0.java:255

RegressionTest > RegressionTest0.test024 FAILED
    java.lang.AssertionError at RegressionTest0.java:350

RegressionTest > RegressionTest0.test028 FAILED
    java.lang.AssertionError at RegressionTest0.java:410

RegressionTest > RegressionTest0.test029 FAILED
    java.lang.AssertionError at RegressionTest0.java:426

RegressionTest > RegressionTest0.test031 FAILED
    java.lang.AssertionError at RegressionTest0.java:460

RegressionTest > RegressionTest0.test033 FAILED
    java.lang.AssertionError at RegressionTest0.java:486

RegressionTest > RegressionTest0.test034 FAILED
    java.lang.AssertionError at RegressionTest0.java:501

RegressionTest > RegressionTest0.test036 FAILED
    java.lang.AssertionError at RegressionTest0.java:535

RegressionTest > RegressionTest0.test038 FAILED
    java.lang.AssertionError at RegressionTest0.java:566

RegressionTest > RegressionTest0.test040 FAILED
    java.lang.AssertionError at RegressionTest0.java:608

RegressionTest > RegressionTest0.test043 FAILED
    java.lang.AssertionError at RegressionTest0.java:658

RegressionTest > RegressionTest0.test044 FAILED
    java.lang.AssertionError at RegressionTest0.java:677

RegressionTest > RegressionTest0.test045 FAILED
    java.lang.AssertionError at RegressionTest0.java:696

RegressionTest > RegressionTest0.test050 FAILED
    java.lang.AssertionError at RegressionTest0.java:783

RegressionTest > RegressionTest0.test052 FAILED
    java.lang.AssertionError at RegressionTest0.java:814

RegressionTest > RegressionTest0.test056 FAILED
    java.lang.AssertionError at RegressionTest0.java:880

RegressionTest > RegressionTest0.test059 FAILED
    java.lang.AssertionError at RegressionTest0.java:931

RegressionTest > RegressionTest0.test060 FAILED
    java.lang.AssertionError at RegressionTest0.java:952

RegressionTest > RegressionTest0.test061 FAILED
    java.lang.AssertionError at RegressionTest0.java:971

RegressionTest > RegressionTest0.test062 FAILED
    java.lang.AssertionError at RegressionTest0.java:989

RegressionTest > RegressionTest0.test066 FAILED
    java.lang.AssertionError at RegressionTest0.java:1059

RegressionTest > RegressionTest0.test075 FAILED
    java.lang.AssertionError at RegressionTest0.java:1206

RegressionTest > RegressionTest0.test079 FAILED
    java.lang.AssertionError at RegressionTest0.java:1267

RegressionTest > RegressionTest0.test080 FAILED
    java.lang.AssertionError at RegressionTest0.java:1284

RegressionTest > RegressionTest0.test082 FAILED
    java.lang.AssertionError at RegressionTest0.java:1320

RegressionTest > RegressionTest0.test083 FAILED
    java.lang.AssertionError at RegressionTest0.java:1341

RegressionTest > RegressionTest0.test092 FAILED
    java.lang.AssertionError at RegressionTest0.java:1491

RegressionTest > RegressionTest0.test096 FAILED
    java.lang.AssertionError at RegressionTest0.java:1550

RegressionTest > RegressionTest0.test100 FAILED
    java.lang.AssertionError at RegressionTest0.java:1608

RegressionTest > RegressionTest0.test101 FAILED
    java.lang.AssertionError at RegressionTest0.java:1631

RegressionTest > RegressionTest0.test102 FAILED
    java.lang.AssertionError at RegressionTest0.java:1652

RegressionTest > RegressionTest0.test108 FAILED
    java.lang.AssertionError at RegressionTest0.java:1765

RegressionTest0 > test002 FAILED
    java.lang.AssertionError at RegressionTest0.java:27

RegressionTest0 > test005 FAILED
    java.lang.AssertionError at RegressionTest0.java:66

RegressionTest0 > test008 FAILED
    java.lang.AssertionError at RegressionTest0.java:99

RegressionTest0 > test009 FAILED
    java.lang.AssertionError at RegressionTest0.java:115

RegressionTest0 > test011 FAILED
    java.lang.AssertionError at RegressionTest0.java:143

RegressionTest0 > test012 FAILED
    java.lang.AssertionError at RegressionTest0.java:158

RegressionTest0 > test013 FAILED
    java.lang.AssertionError at RegressionTest0.java:175

RegressionTest0 > test014 FAILED
    java.lang.AssertionError at RegressionTest0.java:192

RegressionTest0 > test018 FAILED
    java.lang.AssertionError at RegressionTest0.java:255

RegressionTest0 > test024 FAILED
    java.lang.AssertionError at RegressionTest0.java:350

RegressionTest0 > test028 FAILED
    java.lang.AssertionError at RegressionTest0.java:410

RegressionTest0 > test029 FAILED
    java.lang.AssertionError at RegressionTest0.java:426

RegressionTest0 > test031 FAILED
    java.lang.AssertionError at RegressionTest0.java:460

RegressionTest0 > test033 FAILED
    java.lang.AssertionError at RegressionTest0.java:486

RegressionTest0 > test034 FAILED
    java.lang.AssertionError at RegressionTest0.java:501

RegressionTest0 > test036 FAILED
    java.lang.AssertionError at RegressionTest0.java:535

RegressionTest0 > test038 FAILED
    java.lang.AssertionError at RegressionTest0.java:566

RegressionTest0 > test040 FAILED
    java.lang.AssertionError at RegressionTest0.java:608

RegressionTest0 > test043 FAILED
    java.lang.AssertionError at RegressionTest0.java:658

RegressionTest0 > test044 FAILED
    java.lang.AssertionError at RegressionTest0.java:677

RegressionTest0 > test045 FAILED
    java.lang.AssertionError at RegressionTest0.java:696

RegressionTest0 > test050 FAILED
    java.lang.AssertionError at RegressionTest0.java:783

RegressionTest0 > test052 FAILED
    java.lang.AssertionError at RegressionTest0.java:814

RegressionTest0 > test056 FAILED
    java.lang.AssertionError at RegressionTest0.java:880

RegressionTest0 > test059 FAILED
    java.lang.AssertionError at RegressionTest0.java:931

RegressionTest0 > test060 FAILED
    java.lang.AssertionError at RegressionTest0.java:952

RegressionTest0 > test061 FAILED
    java.lang.AssertionError at RegressionTest0.java:971

RegressionTest0 > test062 FAILED
    java.lang.AssertionError at RegressionTest0.java:989

RegressionTest0 > test066 FAILED
    java.lang.AssertionError at RegressionTest0.java:1059

RegressionTest0 > test075 FAILED
    java.lang.AssertionError at RegressionTest0.java:1206

RegressionTest0 > test079 FAILED
    java.lang.AssertionError at RegressionTest0.java:1267

RegressionTest0 > test080 FAILED
    java.lang.AssertionError at RegressionTest0.java:1284

RegressionTest0 > test082 FAILED
    java.lang.AssertionError at RegressionTest0.java:1320

RegressionTest0 > test083 FAILED
    java.lang.AssertionError at RegressionTest0.java:1341

RegressionTest0 > test092 FAILED
    java.lang.AssertionError at RegressionTest0.java:1491

RegressionTest0 > test096 FAILED
    java.lang.AssertionError at RegressionTest0.java:1550

RegressionTest0 > test100 FAILED
    java.lang.AssertionError at RegressionTest0.java:1608

RegressionTest0 > test101 FAILED
    java.lang.AssertionError at RegressionTest0.java:1631

RegressionTest0 > test102 FAILED
    java.lang.AssertionError at RegressionTest0.java:1652

RegressionTest0 > test108 FAILED
    java.lang.AssertionError at RegressionTest0.java:1765
Results: FAILURE (251 tests, 165 successes, 86 failures, 0 skipped)
:test FAILED
4 actionable tasks: 4 executed
