Starting a Gradle Daemon, 8 busy Daemons could not be reused, use --status for details
:clean

BUILD SUCCESSFUL in 4s
1 actionable task: 1 executed
:compileJava
:processResources NO-SOURCE
:classes
:compileTestJava
:processTestResources NO-SOURCE
:testClasses
:jar
:assemble
:test

examples.MaxBag_ESTest STANDARD_OUT
    07:05:09.443 [Test worker] INFO  o.e.r.instrumentation.EvoClassLoader - Seeing class for first time: examples.MaxBag_ESTest
    07:05:09.445 [Test worker] INFO  o.e.r.instrumentation.EvoClassLoader - Instrumenting class 'examples.MaxBag_ESTest'.
    07:05:09.471 [Test worker] INFO  o.e.r.instrumentation.EvoClassLoader - Seeing class for first time: examples.MaxBag_ESTest_scaffolding
    07:05:09.471 [Test worker] INFO  o.e.r.instrumentation.EvoClassLoader - Instrumenting class 'examples.MaxBag_ESTest_scaffolding'.
    07:05:09.474 [Test worker] INFO  o.e.r.instrumentation.EvoClassLoader - Keeping class: examples.MaxBag_ESTest_scaffolding
    07:05:09.474 [Test worker] INFO  o.e.r.instrumentation.EvoClassLoader - Keeping class: examples.MaxBag_ESTest
    07:05:09.662 [Test worker] DEBUG o.e.runtime.sandbox.MSecurityManager - Adding privileged thread: "Reference Handler"
    07:05:09.662 [Test worker] DEBUG o.e.runtime.sandbox.MSecurityManager - Adding privileged thread: "Finalizer"
    07:05:09.662 [Test worker] DEBUG o.e.runtime.sandbox.MSecurityManager - Adding privileged thread: "Signal Dispatcher"
    07:05:09.662 [Test worker] DEBUG o.e.runtime.sandbox.MSecurityManager - Adding privileged thread: "Attach Listener"
    07:05:09.662 [Test worker] DEBUG o.e.runtime.sandbox.MSecurityManager - Adding privileged thread: "Java2D Disposer"
    07:05:09.662 [Test worker] DEBUG o.e.runtime.sandbox.MSecurityManager - Adding privileged thread: "AWT-Shutdown"
    07:05:09.662 [Test worker] DEBUG o.e.runtime.sandbox.MSecurityManager - Adding privileged thread: "AWT-Windows"
    07:05:09.662 [Test worker] DEBUG o.e.runtime.sandbox.MSecurityManager - Adding privileged thread: "main"
    07:05:09.662 [Test worker] DEBUG o.e.runtime.sandbox.MSecurityManager - Adding privileged thread: "Test worker"
    07:05:09.663 [Test worker] DEBUG o.e.runtime.sandbox.MSecurityManager - Adding privileged thread: "/127.0.0.1:55155 to /127.0.0.1:55154 workers Thread 2"
    07:05:09.663 [Test worker] DEBUG o.e.runtime.sandbox.MSecurityManager - Adding privileged thread: "/127.0.0.1:55155 to /127.0.0.1:55154 workers Thread 3"
    07:05:09.707 [Test worker] INFO  o.e.r.instrumentation.EvoClassLoader - Seeing class for first time: examples.MaxBag
    07:05:09.707 [Test worker] INFO  o.e.r.instrumentation.EvoClassLoader - Instrumenting class 'examples.MaxBag'.
    07:05:09.721 [Test worker] INFO  o.e.r.i.MethodCallReplacementClassAdapter - Adding mock interface to class examples/MaxBag
    07:05:09.862 [Test worker] INFO  o.e.r.i.CreateClassResetClassAdapter - Creating brand-new static initializer in class examples/MaxBag
    07:05:09.863 [Test worker] INFO  o.e.r.instrumentation.EvoClassLoader - Keeping class: examples.MaxBag
    07:05:09.864 [Test worker] INFO  o.e.r.instrumentation.EvoClassLoader - Seeing class for first time: examples._Type328393
    07:05:09.864 [Test worker] INFO  o.e.r.instrumentation.EvoClassLoader - Instrumenting class 'examples._Type328393'.
    07:05:09.865 [Test worker] INFO  o.e.r.i.MethodCallReplacementClassAdapter - Adding mock interface to class examples/_Type328393
    07:05:09.866 [Test worker] INFO  o.e.r.i.CreateClassResetClassAdapter - Creating brand-new static initializer in class examples/_Type328393
    07:05:09.866 [Test worker] INFO  o.e.r.instrumentation.EvoClassLoader - Keeping class: examples._Type328393

examples.MaxBag_ESTest > test01 FAILED
    java.lang.OutOfMemoryError at MaxBag_ESTest.java:46

examples.MaxBag_ESTest > test00 FAILED
    java.lang.OutOfMemoryError at MaxBag_ESTest.java:32

examples.MaxBag_ESTest > test10 FAILED
    java.lang.OutOfMemoryError

examples.MaxBag_ESTest > test15 FAILED
    java.lang.OutOfMemoryError

examples.MaxBag_ESTest > test09 FAILED
    java.lang.OutOfMemoryError

examples.MaxBag_ESTest > test18 STANDARD_OUT
    07:05:27.656 [Test worker] INFO  o.e.runtime.thread.ThreadStopper - Found new thread

examples.MaxBag_ESTest > test18 FAILED
    java.lang.OutOfMemoryError

examples.MaxBag_ESTest > test06 FAILED
    java.lang.OutOfMemoryError

RegressionTest > RegressionTest0.test05 FAILED
    java.lang.OutOfMemoryError

RegressionTest > RegressionTest0.test10 FAILED
    java.lang.OutOfMemoryError

RegressionTest > RegressionTest0.test28 FAILED
    java.lang.OutOfMemoryError

RegressionTest0 > test05 FAILED
    java.lang.OutOfMemoryError

RegressionTest0 > test10 FAILED
    java.lang.OutOfMemoryError

RegressionTest0 > test28 FAILED
    java.lang.OutOfMemoryError

testers.MaxBagTester0 > test004 FAILED
    java.lang.OutOfMemoryError

testers.MaxBagTester0 > test005 FAILED
    java.lang.OutOfMemoryError

testers.MaxBagTester0 > test008 FAILED
    java.lang.OutOfMemoryError

testers.MaxBagTester0 > test010 FAILED
    java.lang.OutOfMemoryError

testers.MaxBagTester0 > test018 FAILED
    java.lang.OutOfMemoryError

testers.MaxBagTester0 > test020 FAILED
    java.lang.OutOfMemoryError

testers.MaxBagTester0 > test021 FAILED
    java.lang.OutOfMemoryError

testers.MaxBagTester0 > test026 FAILED
    java.lang.OutOfMemoryError

testers.MaxBagTester0 > test027 FAILED
    java.lang.OutOfMemoryError

testers.MaxBagTester0 > test030 FAILED
    java.lang.OutOfMemoryError

testers.MaxBagTester0 > test035 FAILED
    java.lang.OutOfMemoryError

testers.MaxBagTester0 > test037 FAILED
    java.lang.OutOfMemoryError

testers.MaxBagTester0 > test038 FAILED
    java.lang.OutOfMemoryError

testers.MaxBagTester0 > test040 FAILED
    java.lang.OutOfMemoryError

testers.MaxBagTester0 > test046 FAILED
    java.lang.OutOfMemoryError

testers.MaxBagTester0 > test051 FAILED
    java.lang.OutOfMemoryError

testers.MaxBagTester0 > test056 FAILED
    java.lang.OutOfMemoryError

testers.MaxBagTester0 > test057 FAILED
    java.lang.OutOfMemoryError

testers.MaxBagTester0 > test058 FAILED
    java.lang.OutOfMemoryError

testers.MaxBagTester0 > test059 FAILED
    java.lang.OutOfMemoryError

testers.MaxBagTester0 > test063 FAILED
    java.lang.OutOfMemoryError

testers.MaxBagTester0 > test064 FAILED
    java.lang.OutOfMemoryError

testers.MaxBagTester0 > test065 FAILED
    java.lang.OutOfMemoryError

testers.MaxBagTester0 > test067 FAILED
    java.lang.OutOfMemoryError

testers.MaxBagTester0 > test071 FAILED
    java.lang.OutOfMemoryError

testers.MaxBagTester0 > test072 FAILED
    java.lang.OutOfMemoryError

testers.MaxBagTester0 > test074 FAILED
    java.lang.OutOfMemoryError

testers.MaxBagTester0 > test076 FAILED
    java.lang.OutOfMemoryError

testers.MaxBagTester0 > test077 FAILED
    java.lang.OutOfMemoryError

testers.MaxBagTester0 > test078 FAILED
    java.lang.OutOfMemoryError

testers.MaxBagTester0 > test079 FAILED
    java.lang.OutOfMemoryError

testers.MaxBagTester0 > test083 FAILED
    java.lang.OutOfMemoryError

testers.MaxBagTester0 > test085 FAILED
    java.lang.OutOfMemoryError

testers.MaxBagTester0 > test086 FAILED
    java.lang.OutOfMemoryError

testers.MaxBagTester0 > test090 FAILED
    java.lang.OutOfMemoryError

testers.MaxBagTester0 > test092 FAILED
    java.lang.OutOfMemoryError

testers.MaxBagTester0 > test093 FAILED
    java.lang.OutOfMemoryError

testers.MaxBagTester0 > test095 FAILED
    java.lang.OutOfMemoryError

testers.MaxBagTester0 > test096 FAILED
    java.lang.OutOfMemoryError

testers.MaxBagTester0 > test098 FAILED
    java.lang.OutOfMemoryError

testers.MaxBagTester0 > test099 FAILED
    java.lang.OutOfMemoryError

testers.MaxBagTester0 > test102 FAILED
    java.lang.OutOfMemoryError

testers.MaxBagTester0 > test106 FAILED
    java.lang.OutOfMemoryError

testers.MaxBagTester0 > test107 FAILED
    java.lang.OutOfMemoryError

testers.MaxBagTester0 > test108 FAILED
    java.lang.OutOfMemoryError

testers.MaxBagTester0 > test111 FAILED
    java.lang.OutOfMemoryError

testers.MaxBagTester0 > test112 FAILED
    java.lang.OutOfMemoryError

testers.MaxBagTester0 > test114 FAILED
    java.lang.OutOfMemoryError

testers.MaxBagTester0 > test118 FAILED
    java.lang.OutOfMemoryError

testers.MaxBagTester0 > test119 FAILED
    java.lang.OutOfMemoryError

testers.MaxBagTester0 > test121 FAILED
    java.lang.OutOfMemoryError

testers.MaxBagTester0 > test122 FAILED
    java.lang.OutOfMemoryError
