:clean

BUILD SUCCESSFUL in 2s
1 actionable task: 1 executed
:compileJava
:processResources NO-SOURCE
:classes
:compileTestJava
:processTestResources NO-SOURCE
:testClasses
:jar
:assemble
:test

examples.MaxBag_ESTest STANDARD_OUT
    18:31:01.689 [Test worker] INFO  o.e.r.instrumentation.EvoClassLoader - Seeing class for first time: examples.MaxBag_ESTest
    18:31:01.695 [Test worker] INFO  o.e.r.instrumentation.EvoClassLoader - Instrumenting class 'examples.MaxBag_ESTest'.
    18:31:01.743 [Test worker] INFO  o.e.r.instrumentation.EvoClassLoader - Seeing class for first time: examples.MaxBag_ESTest_scaffolding
    18:31:01.744 [Test worker] INFO  o.e.r.instrumentation.EvoClassLoader - Instrumenting class 'examples.MaxBag_ESTest_scaffolding'.
    18:31:01.748 [Test worker] INFO  o.e.r.instrumentation.EvoClassLoader - Keeping class: examples.MaxBag_ESTest_scaffolding
    18:31:01.749 [Test worker] INFO  o.e.r.instrumentation.EvoClassLoader - Keeping class: examples.MaxBag_ESTest
    18:31:02.112 [Test worker] DEBUG o.e.runtime.sandbox.MSecurityManager - Adding privileged thread: "Reference Handler"
    18:31:02.112 [Test worker] DEBUG o.e.runtime.sandbox.MSecurityManager - Adding privileged thread: "Finalizer"
    18:31:02.112 [Test worker] DEBUG o.e.runtime.sandbox.MSecurityManager - Adding privileged thread: "Signal Dispatcher"
    18:31:02.112 [Test worker] DEBUG o.e.runtime.sandbox.MSecurityManager - Adding privileged thread: "Attach Listener"
    18:31:02.112 [Test worker] DEBUG o.e.runtime.sandbox.MSecurityManager - Adding privileged thread: "Java2D Disposer"
    18:31:02.112 [Test worker] DEBUG o.e.runtime.sandbox.MSecurityManager - Adding privileged thread: "AWT-Shutdown"
    18:31:02.112 [Test worker] DEBUG o.e.runtime.sandbox.MSecurityManager - Adding privileged thread: "AWT-Windows"
    18:31:02.112 [Test worker] DEBUG o.e.runtime.sandbox.MSecurityManager - Adding privileged thread: "main"
    18:31:02.113 [Test worker] DEBUG o.e.runtime.sandbox.MSecurityManager - Adding privileged thread: "Test worker"
    18:31:02.113 [Test worker] DEBUG o.e.runtime.sandbox.MSecurityManager - Adding privileged thread: "/127.0.0.1:56647 to /127.0.0.1:56646 workers Thread 2"
    18:31:02.113 [Test worker] DEBUG o.e.runtime.sandbox.MSecurityManager - Adding privileged thread: "/127.0.0.1:56647 to /127.0.0.1:56646 workers Thread 3"
    18:31:02.206 [Test worker] INFO  o.e.r.instrumentation.EvoClassLoader - Seeing class for first time: examples.MaxBag
    18:31:02.206 [Test worker] INFO  o.e.r.instrumentation.EvoClassLoader - Instrumenting class 'examples.MaxBag'.
    18:31:02.241 [Test worker] INFO  o.e.r.i.MethodCallReplacementClassAdapter - Adding mock interface to class examples/MaxBag
    18:31:02.521 [Test worker] INFO  o.e.r.i.CreateClassResetClassAdapter - Creating brand-new static initializer in class examples/MaxBag
    18:31:02.522 [Test worker] INFO  o.e.r.instrumentation.EvoClassLoader - Keeping class: examples.MaxBag
    18:31:02.523 [Test worker] INFO  o.e.r.instrumentation.EvoClassLoader - Seeing class for first time: examples._Type328393
    18:31:02.523 [Test worker] INFO  o.e.r.instrumentation.EvoClassLoader - Instrumenting class 'examples._Type328393'.
    18:31:02.525 [Test worker] INFO  o.e.r.i.MethodCallReplacementClassAdapter - Adding mock interface to class examples/_Type328393
    18:31:02.527 [Test worker] INFO  o.e.r.i.CreateClassResetClassAdapter - Creating brand-new static initializer in class examples/_Type328393
    18:31:02.527 [Test worker] INFO  o.e.r.instrumentation.EvoClassLoader - Keeping class: examples._Type328393

examples.MaxBag_ESTest > test01 FAILED
    org.junit.runners.model.TestTimedOutException

examples.MaxBag_ESTest > test10 STANDARD_OUT
    18:31:12.618 [Test worker] INFO  o.e.runtime.thread.ThreadStopper - Found new thread
    18:31:12.618 [Test worker] INFO  o.e.runtime.thread.ThreadStopper - Thread is still alive: Time-limited test

examples.MaxBag_ESTest > test10 FAILED
    org.junit.runners.model.TestTimedOutException at MaxBag_ESTest.java:177

examples.MaxBag_ESTest > test05 STANDARD_OUT
    18:31:12.624 [Test worker] INFO  o.e.runtime.thread.ThreadStopper - Found new thread

examples.MaxBag_ESTest > test15 FAILED
    org.junit.runners.model.TestTimedOutException

examples.MaxBag_ESTest > test09 FAILED
    java.lang.OutOfMemoryError

examples.MaxBag_ESTest > test06 FAILED
    java.lang.OutOfMemoryError

RegressionTest > RegressionTest0.test05 FAILED
    java.lang.OutOfMemoryError

RegressionTest > RegressionTest0.test10 FAILED
    java.lang.OutOfMemoryError

RegressionTest > RegressionTest0.test28 FAILED
    java.lang.OutOfMemoryError

RegressionTest0 > test05 FAILED
    java.lang.OutOfMemoryError

RegressionTest0 > test10 FAILED
    java.lang.OutOfMemoryError

RegressionTest0 > test28 FAILED
    java.lang.OutOfMemoryError

testers.MaxBagTester0 > test004 FAILED
    java.lang.OutOfMemoryError

testers.MaxBagTester0 > test005 FAILED
    java.lang.OutOfMemoryError

testers.MaxBagTester0 > test008 FAILED
    java.lang.OutOfMemoryError

testers.MaxBagTester0 > test010 FAILED
    java.lang.OutOfMemoryError

testers.MaxBagTester0 > test018 FAILED
    java.lang.OutOfMemoryError

testers.MaxBagTester0 > test020 FAILED
    java.lang.OutOfMemoryError

testers.MaxBagTester0 > test021 FAILED
    java.lang.OutOfMemoryError

testers.MaxBagTester0 > test026 FAILED
    java.lang.OutOfMemoryError

testers.MaxBagTester0 > test027 FAILED
    java.lang.OutOfMemoryError

testers.MaxBagTester0 > test030 FAILED
    java.lang.OutOfMemoryError

testers.MaxBagTester0 > test035 FAILED
    java.lang.OutOfMemoryError

testers.MaxBagTester0 > test037 FAILED
    java.lang.OutOfMemoryError

testers.MaxBagTester0 > test038 FAILED
    java.lang.OutOfMemoryError

testers.MaxBagTester0 > test040 FAILED
    java.lang.OutOfMemoryError

testers.MaxBagTester0 > test046 FAILED
    java.lang.OutOfMemoryError

testers.MaxBagTester0 > test051 FAILED
    java.lang.OutOfMemoryError

testers.MaxBagTester0 > test056 FAILED
    java.lang.OutOfMemoryError

testers.MaxBagTester0 > test057 FAILED
    java.lang.OutOfMemoryError

testers.MaxBagTester0 > test058 FAILED
    java.lang.OutOfMemoryError

testers.MaxBagTester0 > test059 FAILED
    java.lang.OutOfMemoryError

testers.MaxBagTester0 > test063 FAILED
    java.lang.OutOfMemoryError

testers.MaxBagTester0 > test064 FAILED
    java.lang.OutOfMemoryError

testers.MaxBagTester0 > test065 FAILED
    java.lang.OutOfMemoryError

testers.MaxBagTester0 > test067 FAILED
    java.lang.OutOfMemoryError

testers.MaxBagTester0 > test071 FAILED
    java.lang.OutOfMemoryError

testers.MaxBagTester0 > test072 FAILED
    java.lang.OutOfMemoryError

testers.MaxBagTester0 > test074 FAILED
    java.lang.OutOfMemoryError

testers.MaxBagTester0 > test076 FAILED
    java.lang.OutOfMemoryError

testers.MaxBagTester0 > test077 FAILED
    java.lang.OutOfMemoryError

testers.MaxBagTester0 > test078 FAILED
    java.lang.OutOfMemoryError

testers.MaxBagTester0 > test079 FAILED
    java.lang.OutOfMemoryError

testers.MaxBagTester0 > test083 FAILED
    java.lang.OutOfMemoryError

testers.MaxBagTester0 > test085 FAILED
    java.lang.OutOfMemoryError

testers.MaxBagTester0 > test086 FAILED
    java.lang.OutOfMemoryError

testers.MaxBagTester0 > test090 FAILED
    java.lang.OutOfMemoryError

testers.MaxBagTester0 > test092 FAILED
    java.lang.OutOfMemoryError

testers.MaxBagTester0 > test093 FAILED
    java.lang.OutOfMemoryError

testers.MaxBagTester0 > test095 FAILED
    java.lang.OutOfMemoryError
