:clean

BUILD SUCCESSFUL in 1s
1 actionable task: 1 executed
:compileJava
:processResources NO-SOURCE
:classes
:compileTestJava
:processTestResources NO-SOURCE
:testClasses
:jar
:assemble
:test

examples.MaxBag_ESTest STANDARD_OUT
    06:33:05.693 [Test worker] INFO  o.e.r.instrumentation.EvoClassLoader - Seeing class for first time: examples.MaxBag_ESTest
    06:33:05.697 [Test worker] INFO  o.e.r.instrumentation.EvoClassLoader - Instrumenting class 'examples.MaxBag_ESTest'.
    06:33:05.749 [Test worker] INFO  o.e.r.instrumentation.EvoClassLoader - Seeing class for first time: examples.MaxBag_ESTest_scaffolding
    06:33:05.749 [Test worker] INFO  o.e.r.instrumentation.EvoClassLoader - Instrumenting class 'examples.MaxBag_ESTest_scaffolding'.
    06:33:05.753 [Test worker] INFO  o.e.r.instrumentation.EvoClassLoader - Keeping class: examples.MaxBag_ESTest_scaffolding
    06:33:05.753 [Test worker] INFO  o.e.r.instrumentation.EvoClassLoader - Keeping class: examples.MaxBag_ESTest
    06:33:06.100 [Test worker] DEBUG o.e.runtime.sandbox.MSecurityManager - Adding privileged thread: "Reference Handler"
    06:33:06.100 [Test worker] DEBUG o.e.runtime.sandbox.MSecurityManager - Adding privileged thread: "Finalizer"
    06:33:06.100 [Test worker] DEBUG o.e.runtime.sandbox.MSecurityManager - Adding privileged thread: "Signal Dispatcher"
    06:33:06.101 [Test worker] DEBUG o.e.runtime.sandbox.MSecurityManager - Adding privileged thread: "Attach Listener"
    06:33:06.101 [Test worker] DEBUG o.e.runtime.sandbox.MSecurityManager - Adding privileged thread: "Java2D Disposer"
    06:33:06.101 [Test worker] DEBUG o.e.runtime.sandbox.MSecurityManager - Adding privileged thread: "AWT-Shutdown"
    06:33:06.101 [Test worker] DEBUG o.e.runtime.sandbox.MSecurityManager - Adding privileged thread: "AWT-Windows"
    06:33:06.101 [Test worker] DEBUG o.e.runtime.sandbox.MSecurityManager - Adding privileged thread: "main"
    06:33:06.101 [Test worker] DEBUG o.e.runtime.sandbox.MSecurityManager - Adding privileged thread: "Test worker"
    06:33:06.101 [Test worker] DEBUG o.e.runtime.sandbox.MSecurityManager - Adding privileged thread: "/127.0.0.1:62924 to /127.0.0.1:62923 workers Thread 2"
    06:33:06.101 [Test worker] DEBUG o.e.runtime.sandbox.MSecurityManager - Adding privileged thread: "/127.0.0.1:62924 to /127.0.0.1:62923 workers Thread 3"
    06:33:06.181 [Test worker] INFO  o.e.r.instrumentation.EvoClassLoader - Seeing class for first time: examples.MaxBag
    06:33:06.181 [Test worker] INFO  o.e.r.instrumentation.EvoClassLoader - Instrumenting class 'examples.MaxBag'.
    06:33:06.209 [Test worker] INFO  o.e.r.i.MethodCallReplacementClassAdapter - Adding mock interface to class examples/MaxBag
    06:33:06.479 [Test worker] INFO  o.e.r.i.CreateClassResetClassAdapter - Creating brand-new static initializer in class examples/MaxBag
    06:33:06.479 [Test worker] INFO  o.e.r.instrumentation.EvoClassLoader - Keeping class: examples.MaxBag
    06:33:06.480 [Test worker] INFO  o.e.r.instrumentation.EvoClassLoader - Seeing class for first time: examples._Type328393
    06:33:06.481 [Test worker] INFO  o.e.r.instrumentation.EvoClassLoader - Instrumenting class 'examples._Type328393'.
    06:33:06.483 [Test worker] INFO  o.e.r.i.MethodCallReplacementClassAdapter - Adding mock interface to class examples/_Type328393
    06:33:06.484 [Test worker] INFO  o.e.r.i.CreateClassResetClassAdapter - Creating brand-new static initializer in class examples/_Type328393
    06:33:06.485 [Test worker] INFO  o.e.r.instrumentation.EvoClassLoader - Keeping class: examples._Type328393

examples.MaxBag_ESTest > test12 FAILED
    java.lang.ArrayIndexOutOfBoundsException at MaxBag_ESTest.java:207

examples.MaxBag_ESTest > test00 FAILED
    java.lang.AssertionError at MaxBag_ESTest.java:33

examples.MaxBag_ESTest > test11 FAILED
    java.lang.NullPointerException at MaxBag_ESTest.java:195

examples.MaxBag_ESTest > test18 FAILED
    java.lang.ArrayIndexOutOfBoundsException at MaxBag_ESTest.java:285

RegressionTest > RegressionTest0.test09 FAILED
    java.lang.ArrayIndexOutOfBoundsException at RegressionTest0.java:116

RegressionTest > RegressionTest0.test11 FAILED
    java.lang.ArrayIndexOutOfBoundsException at RegressionTest0.java:143

RegressionTest > RegressionTest0.test19 FAILED
    java.lang.ArrayIndexOutOfBoundsException at RegressionTest0.java:266

RegressionTest0 > test09 FAILED
    java.lang.ArrayIndexOutOfBoundsException at RegressionTest0.java:116

RegressionTest0 > test11 FAILED
    java.lang.ArrayIndexOutOfBoundsException at RegressionTest0.java:143

RegressionTest0 > test19 FAILED
    java.lang.ArrayIndexOutOfBoundsException at RegressionTest0.java:266

testers.MaxBagTester0 > test050 FAILED
    java.lang.ArrayIndexOutOfBoundsException at MaxBagTester0.java:633

testers.MaxBagTester0 > test061 FAILED
    java.lang.ArrayIndexOutOfBoundsException at MaxBagTester0.java:776

testers.MaxBagTester0 > test068 FAILED
    java.lang.ArrayIndexOutOfBoundsException at MaxBagTester0.java:871

testers.MaxBagTester0 > test089 FAILED
    java.lang.ArrayIndexOutOfBoundsException at MaxBagTester0.java:1174

testers.MaxBagTester0 > test101 FAILED
    java.lang.ArrayIndexOutOfBoundsException at MaxBagTester0.java:1337

testers.MaxBagTester0 > test129 FAILED
    java.lang.ArrayIndexOutOfBoundsException at MaxBagTester0.java:1726

testers.MaxBagTester0 > test155 FAILED
    java.lang.ArrayIndexOutOfBoundsException at MaxBagTester0.java:2106

testers.MaxBagTester0 > test185 FAILED
    java.lang.ArrayIndexOutOfBoundsException at MaxBagTester0.java:2518

testers.MaxBagTester0 > test215 FAILED
    java.lang.ArrayIndexOutOfBoundsException at MaxBagTester0.java:2970

testers.MaxBagTester0 > test219 FAILED
    java.lang.ArrayIndexOutOfBoundsException at MaxBagTester0.java:3023

testers.MaxBagTester0 > test226 FAILED
    java.lang.ArrayIndexOutOfBoundsException at MaxBagTester0.java:3122
Results: FAILURE (332 tests, 311 successes, 21 failures, 0 skipped)
:test FAILED
4 actionable tasks: 4 executed
