:clean

BUILD SUCCESSFUL in 1s
1 actionable task: 1 executed
:compileJava
:processResources NO-SOURCE
:classes
:compileTestJava
:processTestResources NO-SOURCE
:testClasses
:jar
:assemble
:test

examples.MaxBag_ESTest STANDARD_OUT
    06:37:21.379 [Test worker] INFO  o.e.r.instrumentation.EvoClassLoader - Seeing class for first time: examples.MaxBag_ESTest
    06:37:21.384 [Test worker] INFO  o.e.r.instrumentation.EvoClassLoader - Instrumenting class 'examples.MaxBag_ESTest'.
    06:37:21.442 [Test worker] INFO  o.e.r.instrumentation.EvoClassLoader - Seeing class for first time: examples.MaxBag_ESTest_scaffolding
    06:37:21.442 [Test worker] INFO  o.e.r.instrumentation.EvoClassLoader - Instrumenting class 'examples.MaxBag_ESTest_scaffolding'.
    06:37:21.446 [Test worker] INFO  o.e.r.instrumentation.EvoClassLoader - Keeping class: examples.MaxBag_ESTest_scaffolding
    06:37:21.447 [Test worker] INFO  o.e.r.instrumentation.EvoClassLoader - Keeping class: examples.MaxBag_ESTest
    06:37:21.795 [Test worker] DEBUG o.e.runtime.sandbox.MSecurityManager - Adding privileged thread: "Reference Handler"
    06:37:21.796 [Test worker] DEBUG o.e.runtime.sandbox.MSecurityManager - Adding privileged thread: "Finalizer"
    06:37:21.796 [Test worker] DEBUG o.e.runtime.sandbox.MSecurityManager - Adding privileged thread: "Signal Dispatcher"
    06:37:21.796 [Test worker] DEBUG o.e.runtime.sandbox.MSecurityManager - Adding privileged thread: "Attach Listener"
    06:37:21.797 [Test worker] DEBUG o.e.runtime.sandbox.MSecurityManager - Adding privileged thread: "Java2D Disposer"
    06:37:21.797 [Test worker] DEBUG o.e.runtime.sandbox.MSecurityManager - Adding privileged thread: "AWT-Shutdown"
    06:37:21.797 [Test worker] DEBUG o.e.runtime.sandbox.MSecurityManager - Adding privileged thread: "AWT-Windows"
    06:37:21.797 [Test worker] DEBUG o.e.runtime.sandbox.MSecurityManager - Adding privileged thread: "main"
    06:37:21.797 [Test worker] DEBUG o.e.runtime.sandbox.MSecurityManager - Adding privileged thread: "Test worker"
    06:37:21.797 [Test worker] DEBUG o.e.runtime.sandbox.MSecurityManager - Adding privileged thread: "/127.0.0.1:49178 to /127.0.0.1:49177 workers Thread 2"
    06:37:21.798 [Test worker] DEBUG o.e.runtime.sandbox.MSecurityManager - Adding privileged thread: "/127.0.0.1:49178 to /127.0.0.1:49177 workers Thread 3"
    06:37:21.875 [Test worker] INFO  o.e.r.instrumentation.EvoClassLoader - Seeing class for first time: examples.MaxBag
    06:37:21.875 [Test worker] INFO  o.e.r.instrumentation.EvoClassLoader - Instrumenting class 'examples.MaxBag'.
    06:37:21.902 [Test worker] INFO  o.e.r.i.MethodCallReplacementClassAdapter - Adding mock interface to class examples/MaxBag
    06:37:22.159 [Test worker] INFO  o.e.r.i.CreateClassResetClassAdapter - Creating brand-new static initializer in class examples/MaxBag
    06:37:22.160 [Test worker] INFO  o.e.r.instrumentation.EvoClassLoader - Keeping class: examples.MaxBag
    06:37:22.162 [Test worker] INFO  o.e.r.instrumentation.EvoClassLoader - Seeing class for first time: examples._Type328393
    06:37:22.162 [Test worker] INFO  o.e.r.instrumentation.EvoClassLoader - Instrumenting class 'examples._Type328393'.
    06:37:22.164 [Test worker] INFO  o.e.r.i.MethodCallReplacementClassAdapter - Adding mock interface to class examples/_Type328393
    06:37:22.166 [Test worker] INFO  o.e.r.i.CreateClassResetClassAdapter - Creating brand-new static initializer in class examples/_Type328393
    06:37:22.166 [Test worker] INFO  o.e.r.instrumentation.EvoClassLoader - Keeping class: examples._Type328393

examples.MaxBag_ESTest > test12 STANDARD_OUT
    06:37:22.201 [Test worker] INFO  o.e.runtime.thread.ThreadStopper - Found new thread

examples.MaxBag_ESTest > test11 FAILED
    java.lang.ArrayIndexOutOfBoundsException at MaxBag_ESTest.java:195

examples.MaxBag_ESTest > test10 FAILED
    java.lang.ArrayIndexOutOfBoundsException at MaxBag_ESTest.java:181

examples.MaxBag_ESTest > test05 STANDARD_OUT
    06:37:22.221 [Test worker] INFO  o.e.runtime.thread.ThreadStopper - Found new thread

examples.MaxBag_ESTest > test04 STANDARD_OUT
    06:37:22.227 [Test worker] INFO  o.e.runtime.thread.ThreadStopper - Found new thread

examples.MaxBag_ESTest > test15 FAILED
    java.lang.AssertionError at MaxBag_ESTest.java:239

examples.MaxBag_ESTest > test09 STANDARD_OUT
    06:37:22.244 [Test worker] INFO  o.e.runtime.thread.ThreadStopper - Found new thread

examples.MaxBag_ESTest > test09 FAILED
    java.lang.ArrayIndexOutOfBoundsException at MaxBag_ESTest.java:169

examples.MaxBag_ESTest > test08 STANDARD_OUT
    06:37:22.248 [Test worker] INFO  o.e.runtime.thread.ThreadStopper - Found new thread

examples.MaxBag_ESTest > test18 FAILED
    java.lang.ArrayIndexOutOfBoundsException at MaxBag_ESTest.java:285

RegressionTest > RegressionTest0.test25 FAILED
    java.lang.ArrayIndexOutOfBoundsException at RegressionTest0.java:366

RegressionTest0 > test25 FAILED
    java.lang.ArrayIndexOutOfBoundsException at RegressionTest0.java:366

testers.MaxBagTester0 > test057 FAILED
    java.lang.ArrayIndexOutOfBoundsException at MaxBagTester0.java:724

testers.MaxBagTester0 > test067 FAILED
    java.lang.ArrayIndexOutOfBoundsException at MaxBagTester0.java:859

testers.MaxBagTester0 > test121 FAILED
    java.lang.ArrayIndexOutOfBoundsException at MaxBagTester0.java:1614

testers.MaxBagTester0 > test143 FAILED
    java.lang.ArrayIndexOutOfBoundsException at MaxBagTester0.java:1922

testers.MaxBagTester0 > test165 FAILED
    java.lang.ArrayIndexOutOfBoundsException at MaxBagTester0.java:2248

testers.MaxBagTester0 > test169 FAILED
    java.lang.ArrayIndexOutOfBoundsException at MaxBagTester0.java:2307

testers.MaxBagTester0 > test171 FAILED
    java.lang.ArrayIndexOutOfBoundsException at MaxBagTester0.java:2334

testers.MaxBagTester0 > test173 FAILED
    java.lang.ArrayIndexOutOfBoundsException at MaxBagTester0.java:2362

testers.MaxBagTester0 > test191 FAILED
    java.lang.ArrayIndexOutOfBoundsException at MaxBagTester0.java:2610

testers.MaxBagTester0 > test196 FAILED
    java.lang.ArrayIndexOutOfBoundsException at MaxBagTester0.java:2685

testers.MaxBagTester0 > test214 FAILED
    java.lang.ArrayIndexOutOfBoundsException at MaxBagTester0.java:2954

testers.MaxBagTester0 > test228 FAILED
    java.lang.ArrayIndexOutOfBoundsException at MaxBagTester0.java:3153
Results: FAILURE (332 tests, 313 successes, 19 failures, 0 skipped)
:test FAILED
4 actionable tasks: 4 executed
