:clean

BUILD SUCCESSFUL in 1s
1 actionable task: 1 executed
:compileJava
:processResources NO-SOURCE
:classes
:compileTestJava
:processTestResources NO-SOURCE
:testClasses
:jar
:assemble
:test

examples.MaxBag_ESTest STANDARD_OUT
    02:31:47.143 [Test worker] INFO  o.e.r.instrumentation.EvoClassLoader - Seeing class for first time: examples.MaxBag_ESTest
    02:31:47.146 [Test worker] INFO  o.e.r.instrumentation.EvoClassLoader - Instrumenting class 'examples.MaxBag_ESTest'.
    02:31:47.168 [Test worker] INFO  o.e.r.instrumentation.EvoClassLoader - Seeing class for first time: examples.MaxBag_ESTest_scaffolding
    02:31:47.168 [Test worker] INFO  o.e.r.instrumentation.EvoClassLoader - Instrumenting class 'examples.MaxBag_ESTest_scaffolding'.
    02:31:47.170 [Test worker] INFO  o.e.r.instrumentation.EvoClassLoader - Keeping class: examples.MaxBag_ESTest_scaffolding
    02:31:47.170 [Test worker] INFO  o.e.r.instrumentation.EvoClassLoader - Keeping class: examples.MaxBag_ESTest
    02:31:47.333 [Test worker] DEBUG o.e.runtime.sandbox.MSecurityManager - Adding privileged thread: "Reference Handler"
    02:31:47.333 [Test worker] DEBUG o.e.runtime.sandbox.MSecurityManager - Adding privileged thread: "Finalizer"
    02:31:47.333 [Test worker] DEBUG o.e.runtime.sandbox.MSecurityManager - Adding privileged thread: "Signal Dispatcher"
    02:31:47.333 [Test worker] DEBUG o.e.runtime.sandbox.MSecurityManager - Adding privileged thread: "Attach Listener"
    02:31:47.333 [Test worker] DEBUG o.e.runtime.sandbox.MSecurityManager - Adding privileged thread: "Java2D Disposer"
    02:31:47.333 [Test worker] DEBUG o.e.runtime.sandbox.MSecurityManager - Adding privileged thread: "AWT-Shutdown"
    02:31:47.333 [Test worker] DEBUG o.e.runtime.sandbox.MSecurityManager - Adding privileged thread: "AWT-Windows"
    02:31:47.333 [Test worker] DEBUG o.e.runtime.sandbox.MSecurityManager - Adding privileged thread: "main"
    02:31:47.333 [Test worker] DEBUG o.e.runtime.sandbox.MSecurityManager - Adding privileged thread: "Test worker"
    02:31:47.333 [Test worker] DEBUG o.e.runtime.sandbox.MSecurityManager - Adding privileged thread: "/127.0.0.1:64849 to /127.0.0.1:64848 workers Thread 2"
    02:31:47.333 [Test worker] DEBUG o.e.runtime.sandbox.MSecurityManager - Adding privileged thread: "/127.0.0.1:64849 to /127.0.0.1:64848 workers Thread 3"
    02:31:47.373 [Test worker] INFO  o.e.r.instrumentation.EvoClassLoader - Seeing class for first time: examples.MaxBag
    02:31:47.373 [Test worker] INFO  o.e.r.instrumentation.EvoClassLoader - Instrumenting class 'examples.MaxBag'.
    02:31:47.386 [Test worker] INFO  o.e.r.i.MethodCallReplacementClassAdapter - Adding mock interface to class examples/MaxBag
    02:31:47.509 [Test worker] INFO  o.e.r.i.CreateClassResetClassAdapter - Creating brand-new static initializer in class examples/MaxBag
    02:31:47.509 [Test worker] INFO  o.e.r.instrumentation.EvoClassLoader - Keeping class: examples.MaxBag
    02:31:47.510 [Test worker] INFO  o.e.r.instrumentation.EvoClassLoader - Seeing class for first time: examples._Type328393
    02:31:47.510 [Test worker] INFO  o.e.r.instrumentation.EvoClassLoader - Instrumenting class 'examples._Type328393'.
    02:31:47.511 [Test worker] INFO  o.e.r.i.MethodCallReplacementClassAdapter - Adding mock interface to class examples/_Type328393
    02:31:47.511 [Test worker] INFO  o.e.r.i.CreateClassResetClassAdapter - Creating brand-new static initializer in class examples/_Type328393
    02:31:47.512 [Test worker] INFO  o.e.r.instrumentation.EvoClassLoader - Keeping class: examples._Type328393

RegressionTest > RegressionTest0.test09 FAILED
    java.lang.NullPointerException at RegressionTest0.java:116

RegressionTest > RegressionTest0.test11 FAILED
    java.lang.NullPointerException at RegressionTest0.java:143

RegressionTest > RegressionTest0.test16 FAILED
    java.lang.NullPointerException at RegressionTest0.java:219

RegressionTest > RegressionTest0.test17 FAILED
    java.lang.NullPointerException at RegressionTest0.java:235

RegressionTest > RegressionTest0.test18 FAILED
    java.lang.NullPointerException at RegressionTest0.java:253

RegressionTest > RegressionTest0.test19 FAILED
    java.lang.NullPointerException at RegressionTest0.java:266

RegressionTest > RegressionTest0.test23 FAILED
    java.lang.NullPointerException at RegressionTest0.java:335

RegressionTest > RegressionTest0.test25 FAILED
    java.lang.NullPointerException at RegressionTest0.java:364

RegressionTest0 > test09 FAILED
    java.lang.NullPointerException at RegressionTest0.java:116

RegressionTest0 > test11 FAILED
    java.lang.NullPointerException at RegressionTest0.java:143

RegressionTest0 > test16 FAILED
    java.lang.NullPointerException at RegressionTest0.java:219

RegressionTest0 > test17 FAILED
    java.lang.NullPointerException at RegressionTest0.java:235

RegressionTest0 > test18 FAILED
    java.lang.NullPointerException at RegressionTest0.java:253

RegressionTest0 > test19 FAILED
    java.lang.NullPointerException at RegressionTest0.java:266

RegressionTest0 > test23 FAILED
    java.lang.NullPointerException at RegressionTest0.java:335

RegressionTest0 > test25 FAILED
    java.lang.NullPointerException at RegressionTest0.java:364
Results: FAILURE (75 tests, 59 successes, 16 failures, 0 skipped)
:test FAILED
4 actionable tasks: 4 executed
