:clean

BUILD SUCCESSFUL in 1s
1 actionable task: 1 executed
:compileJava
:processResources NO-SOURCE
:classes
:compileTestJava
:processTestResources NO-SOURCE
:testClasses
:jar
:assemble
:test

examples.MaxBag_ESTest STANDARD_OUT
    10:20:49.705 [Test worker] INFO  o.e.r.instrumentation.EvoClassLoader - Seeing class for first time: examples.MaxBag_ESTest
    10:20:49.707 [Test worker] INFO  o.e.r.instrumentation.EvoClassLoader - Instrumenting class 'examples.MaxBag_ESTest'.
    10:20:49.730 [Test worker] INFO  o.e.r.instrumentation.EvoClassLoader - Seeing class for first time: examples.MaxBag_ESTest_scaffolding
    10:20:49.730 [Test worker] INFO  o.e.r.instrumentation.EvoClassLoader - Instrumenting class 'examples.MaxBag_ESTest_scaffolding'.
    10:20:49.732 [Test worker] INFO  o.e.r.instrumentation.EvoClassLoader - Keeping class: examples.MaxBag_ESTest_scaffolding
    10:20:49.732 [Test worker] INFO  o.e.r.instrumentation.EvoClassLoader - Keeping class: examples.MaxBag_ESTest
    10:20:49.999 [Test worker] DEBUG o.e.runtime.sandbox.MSecurityManager - Adding privileged thread: "Reference Handler"
    10:20:49.999 [Test worker] DEBUG o.e.runtime.sandbox.MSecurityManager - Adding privileged thread: "Finalizer"
    10:20:49.999 [Test worker] DEBUG o.e.runtime.sandbox.MSecurityManager - Adding privileged thread: "Signal Dispatcher"
    10:20:49.999 [Test worker] DEBUG o.e.runtime.sandbox.MSecurityManager - Adding privileged thread: "Attach Listener"
    10:20:50.000 [Test worker] DEBUG o.e.runtime.sandbox.MSecurityManager - Adding privileged thread: "Java2D Disposer"
    10:20:50.000 [Test worker] DEBUG o.e.runtime.sandbox.MSecurityManager - Adding privileged thread: "AWT-Shutdown"
    10:20:50.000 [Test worker] DEBUG o.e.runtime.sandbox.MSecurityManager - Adding privileged thread: "AWT-Windows"
    10:20:50.000 [Test worker] DEBUG o.e.runtime.sandbox.MSecurityManager - Adding privileged thread: "main"
    10:20:50.000 [Test worker] DEBUG o.e.runtime.sandbox.MSecurityManager - Adding privileged thread: "Test worker"
    10:20:50.000 [Test worker] DEBUG o.e.runtime.sandbox.MSecurityManager - Adding privileged thread: "/127.0.0.1:61000 to /127.0.0.1:60999 workers Thread 2"
    10:20:50.000 [Test worker] DEBUG o.e.runtime.sandbox.MSecurityManager - Adding privileged thread: "/127.0.0.1:61000 to /127.0.0.1:60999 workers Thread 3"
    10:20:50.040 [Test worker] INFO  o.e.r.instrumentation.EvoClassLoader - Seeing class for first time: examples.MaxBag
    10:20:50.041 [Test worker] INFO  o.e.r.instrumentation.EvoClassLoader - Instrumenting class 'examples.MaxBag'.
    10:20:50.057 [Test worker] INFO  o.e.r.i.MethodCallReplacementClassAdapter - Adding mock interface to class examples/MaxBag
    10:20:50.178 [Test worker] INFO  o.e.r.i.CreateClassResetClassAdapter - Creating brand-new static initializer in class examples/MaxBag
    10:20:50.178 [Test worker] INFO  o.e.r.instrumentation.EvoClassLoader - Keeping class: examples.MaxBag
    10:20:50.179 [Test worker] INFO  o.e.r.instrumentation.EvoClassLoader - Seeing class for first time: examples._Type328393
    10:20:50.179 [Test worker] INFO  o.e.r.instrumentation.EvoClassLoader - Instrumenting class 'examples._Type328393'.
    10:20:50.180 [Test worker] INFO  o.e.r.i.MethodCallReplacementClassAdapter - Adding mock interface to class examples/_Type328393
    10:20:50.181 [Test worker] INFO  o.e.r.i.CreateClassResetClassAdapter - Creating brand-new static initializer in class examples/_Type328393
    10:20:50.182 [Test worker] INFO  o.e.r.instrumentation.EvoClassLoader - Keeping class: examples._Type328393

examples.MaxBag_ESTest > test01 FAILED
    java.lang.ArrayIndexOutOfBoundsException at MaxBag_ESTest.java:36

examples.MaxBag_ESTest > test11 FAILED
    java.lang.ArrayIndexOutOfBoundsException at MaxBag_ESTest.java:190

examples.MaxBag_ESTest > test10 FAILED
    java.lang.ArrayIndexOutOfBoundsException at MaxBag_ESTest.java:173

examples.MaxBag_ESTest > test16 FAILED
    java.lang.ArrayIndexOutOfBoundsException at MaxBag_ESTest.java:245

examples.MaxBag_ESTest > test15 FAILED
    java.lang.ArrayIndexOutOfBoundsException at MaxBag_ESTest.java:233

examples.MaxBag_ESTest > test03 FAILED
    java.lang.ArrayIndexOutOfBoundsException at MaxBag_ESTest.java:58

examples.MaxBag_ESTest > test13 FAILED
    java.lang.ArrayIndexOutOfBoundsException at MaxBag_ESTest.java:212

examples.MaxBag_ESTest > test09 FAILED
    java.lang.ArrayIndexOutOfBoundsException at MaxBag_ESTest.java:157

RegressionTest > RegressionTest0.test03 FAILED
    java.lang.ArrayIndexOutOfBoundsException at RegressionTest0.java:35

RegressionTest > RegressionTest0.test06 FAILED
    java.lang.ArrayIndexOutOfBoundsException at RegressionTest0.java:69

RegressionTest > RegressionTest0.test07 FAILED
    java.lang.ArrayIndexOutOfBoundsException at RegressionTest0.java:85

RegressionTest > RegressionTest0.test08 FAILED
    java.lang.ArrayIndexOutOfBoundsException at RegressionTest0.java:100

RegressionTest > RegressionTest0.test09 FAILED
    java.lang.ArrayIndexOutOfBoundsException at RegressionTest0.java:114

RegressionTest > RegressionTest0.test10 FAILED
    java.lang.ArrayIndexOutOfBoundsException at RegressionTest0.java:128

RegressionTest > RegressionTest0.test11 FAILED
    java.lang.ArrayIndexOutOfBoundsException at RegressionTest0.java:142

RegressionTest > RegressionTest0.test12 FAILED
    java.lang.ArrayIndexOutOfBoundsException at RegressionTest0.java:156

RegressionTest > RegressionTest0.test13 FAILED
    java.lang.ArrayIndexOutOfBoundsException at RegressionTest0.java:172

RegressionTest > RegressionTest0.test14 FAILED
    java.lang.ArrayIndexOutOfBoundsException at RegressionTest0.java:187

RegressionTest > RegressionTest0.test15 FAILED
    java.lang.ArrayIndexOutOfBoundsException at RegressionTest0.java:203

RegressionTest > RegressionTest0.test16 FAILED
    java.lang.ArrayIndexOutOfBoundsException at RegressionTest0.java:218

RegressionTest > RegressionTest0.test17 FAILED
    java.lang.ArrayIndexOutOfBoundsException at RegressionTest0.java:231

RegressionTest > RegressionTest0.test18 FAILED
    java.lang.ArrayIndexOutOfBoundsException at RegressionTest0.java:247

RegressionTest > RegressionTest0.test19 FAILED
    java.lang.ArrayIndexOutOfBoundsException at RegressionTest0.java:265

RegressionTest > RegressionTest0.test20 FAILED
    java.lang.ArrayIndexOutOfBoundsException at RegressionTest0.java:280

RegressionTest > RegressionTest0.test21 FAILED
    java.lang.ArrayIndexOutOfBoundsException at RegressionTest0.java:299

RegressionTest > RegressionTest0.test22 FAILED
    java.lang.ArrayIndexOutOfBoundsException at RegressionTest0.java:315

RegressionTest > RegressionTest0.test23 FAILED
    java.lang.ArrayIndexOutOfBoundsException at RegressionTest0.java:333

RegressionTest > RegressionTest0.test24 FAILED
    java.lang.ArrayIndexOutOfBoundsException at RegressionTest0.java:350

RegressionTest > RegressionTest0.test25 FAILED
    java.lang.ArrayIndexOutOfBoundsException at RegressionTest0.java:362

RegressionTest > RegressionTest0.test26 FAILED
    java.lang.ArrayIndexOutOfBoundsException at RegressionTest0.java:379

RegressionTest > RegressionTest0.test27 FAILED
    java.lang.ArrayIndexOutOfBoundsException at RegressionTest0.java:393

RegressionTest0 > test03 FAILED
    java.lang.ArrayIndexOutOfBoundsException at RegressionTest0.java:35

RegressionTest0 > test06 FAILED
    java.lang.ArrayIndexOutOfBoundsException at RegressionTest0.java:69

RegressionTest0 > test07 FAILED
    java.lang.ArrayIndexOutOfBoundsException at RegressionTest0.java:85

RegressionTest0 > test08 FAILED
    java.lang.ArrayIndexOutOfBoundsException at RegressionTest0.java:100

RegressionTest0 > test09 FAILED
    java.lang.ArrayIndexOutOfBoundsException at RegressionTest0.java:114

RegressionTest0 > test10 FAILED
    java.lang.ArrayIndexOutOfBoundsException at RegressionTest0.java:128

RegressionTest0 > test11 FAILED
    java.lang.ArrayIndexOutOfBoundsException at RegressionTest0.java:142

RegressionTest0 > test12 FAILED
    java.lang.ArrayIndexOutOfBoundsException at RegressionTest0.java:156

RegressionTest0 > test13 FAILED
    java.lang.ArrayIndexOutOfBoundsException at RegressionTest0.java:172

RegressionTest0 > test14 FAILED
    java.lang.ArrayIndexOutOfBoundsException at RegressionTest0.java:187

RegressionTest0 > test15 FAILED
    java.lang.ArrayIndexOutOfBoundsException at RegressionTest0.java:203

RegressionTest0 > test16 FAILED
    java.lang.ArrayIndexOutOfBoundsException at RegressionTest0.java:218

RegressionTest0 > test17 FAILED
    java.lang.ArrayIndexOutOfBoundsException at RegressionTest0.java:231

RegressionTest0 > test18 FAILED
    java.lang.ArrayIndexOutOfBoundsException at RegressionTest0.java:247

RegressionTest0 > test19 FAILED
    java.lang.ArrayIndexOutOfBoundsException at RegressionTest0.java:265

RegressionTest0 > test20 FAILED
    java.lang.ArrayIndexOutOfBoundsException at RegressionTest0.java:280

RegressionTest0 > test21 FAILED
    java.lang.ArrayIndexOutOfBoundsException at RegressionTest0.java:299

RegressionTest0 > test22 FAILED
    java.lang.ArrayIndexOutOfBoundsException at RegressionTest0.java:315

RegressionTest0 > test23 FAILED
    java.lang.ArrayIndexOutOfBoundsException at RegressionTest0.java:333

RegressionTest0 > test24 FAILED
    java.lang.ArrayIndexOutOfBoundsException at RegressionTest0.java:350

RegressionTest0 > test25 FAILED
    java.lang.ArrayIndexOutOfBoundsException at RegressionTest0.java:362

RegressionTest0 > test26 FAILED
    java.lang.ArrayIndexOutOfBoundsException at RegressionTest0.java:379

RegressionTest0 > test27 FAILED
    java.lang.ArrayIndexOutOfBoundsException at RegressionTest0.java:393
Results: FAILURE (75 tests, 21 successes, 54 failures, 0 skipped)
:test FAILED
4 actionable tasks: 4 executed
