:clean

BUILD SUCCESSFUL in 3s
1 actionable task: 1 executed
:compileJava
:processResources NO-SOURCE
:classes
:compileTestJava
:processTestResources NO-SOURCE
:testClasses
:jar
:assemble
:test

examples.SimpleMethods_ESTest STANDARD_OUT
    17:37:16.042 [Test worker] INFO  o.e.r.instrumentation.EvoClassLoader - Seeing class for first time: examples.SimpleMethods_ESTest
    17:37:16.045 [Test worker] INFO  o.e.r.instrumentation.EvoClassLoader - Instrumenting class 'examples.SimpleMethods_ESTest'.
    17:37:16.081 [Test worker] INFO  o.e.r.instrumentation.EvoClassLoader - Seeing class for first time: examples.SimpleMethods_ESTest_scaffolding
    17:37:16.081 [Test worker] INFO  o.e.r.instrumentation.EvoClassLoader - Instrumenting class 'examples.SimpleMethods_ESTest_scaffolding'.
    17:37:16.085 [Test worker] INFO  o.e.r.instrumentation.EvoClassLoader - Keeping class: examples.SimpleMethods_ESTest_scaffolding
    17:37:16.085 [Test worker] INFO  o.e.r.instrumentation.EvoClassLoader - Keeping class: examples.SimpleMethods_ESTest
    17:37:16.365 [Test worker] DEBUG o.e.runtime.sandbox.MSecurityManager - Adding privileged thread: "Reference Handler"
    17:37:16.365 [Test worker] DEBUG o.e.runtime.sandbox.MSecurityManager - Adding privileged thread: "Finalizer"
    17:37:16.365 [Test worker] DEBUG o.e.runtime.sandbox.MSecurityManager - Adding privileged thread: "Signal Dispatcher"
    17:37:16.365 [Test worker] DEBUG o.e.runtime.sandbox.MSecurityManager - Adding privileged thread: "Attach Listener"
    17:37:16.365 [Test worker] DEBUG o.e.runtime.sandbox.MSecurityManager - Adding privileged thread: "Java2D Disposer"
    17:37:16.365 [Test worker] DEBUG o.e.runtime.sandbox.MSecurityManager - Adding privileged thread: "AWT-Shutdown"
    17:37:16.365 [Test worker] DEBUG o.e.runtime.sandbox.MSecurityManager - Adding privileged thread: "AWT-Windows"
    17:37:16.365 [Test worker] DEBUG o.e.runtime.sandbox.MSecurityManager - Adding privileged thread: "main"
    17:37:16.365 [Test worker] DEBUG o.e.runtime.sandbox.MSecurityManager - Adding privileged thread: "Test worker"
    17:37:16.365 [Test worker] DEBUG o.e.runtime.sandbox.MSecurityManager - Adding privileged thread: "/127.0.0.1:51557 to /127.0.0.1:51556 workers Thread 2"
    17:37:16.366 [Test worker] DEBUG o.e.runtime.sandbox.MSecurityManager - Adding privileged thread: "/127.0.0.1:51557 to /127.0.0.1:51556 workers Thread 3"
    17:37:16.445 [Test worker] INFO  o.e.r.instrumentation.EvoClassLoader - Seeing class for first time: examples.SimpleMethods
    17:37:16.445 [Test worker] INFO  o.e.r.instrumentation.EvoClassLoader - Instrumenting class 'examples.SimpleMethods'.
    17:37:16.465 [Test worker] INFO  o.e.r.i.MethodCallReplacementClassAdapter - Adding mock interface to class examples/SimpleMethods
    17:37:16.710 [Test worker] INFO  o.e.r.i.CreateClassResetClassAdapter - Creating brand-new static initializer in class examples/SimpleMethods
    17:37:16.710 [Test worker] INFO  o.e.r.instrumentation.EvoClassLoader - Keeping class: examples.SimpleMethods

examples.SimpleMethods_ESTest > test1 FAILED
    java.lang.ArithmeticException at SimpleMethods_ESTest.java:28

examples.SimpleMethods_ESTest > test0 FAILED
    java.lang.AssertionError at SimpleMethods_ESTest.java:22

RegressionTest > RegressionTest0.test003 FAILED
    java.lang.ArithmeticException at RegressionTest0.java:33

RegressionTest > RegressionTest0.test004 FAILED
    java.lang.ArithmeticException at RegressionTest0.java:46

RegressionTest > RegressionTest0.test005 FAILED
    java.lang.ArithmeticException at RegressionTest0.java:63

RegressionTest > RegressionTest0.test006 FAILED
    java.lang.ArithmeticException at RegressionTest0.java:78

RegressionTest > RegressionTest0.test007 FAILED
    java.lang.ArithmeticException at RegressionTest0.java:91

RegressionTest > RegressionTest0.test008 FAILED
    java.lang.ArithmeticException at RegressionTest0.java:108

RegressionTest > RegressionTest0.test009 FAILED
    java.lang.ArithmeticException at RegressionTest0.java:123

RegressionTest > RegressionTest0.test010 FAILED
    java.lang.ArithmeticException at RegressionTest0.java:152

RegressionTest > RegressionTest0.test011 FAILED
    java.lang.ArithmeticException at RegressionTest0.java:173

RegressionTest > RegressionTest0.test012 FAILED
    java.lang.ArithmeticException at RegressionTest0.java:192

RegressionTest > RegressionTest0.test013 FAILED
    java.lang.ArithmeticException at RegressionTest0.java:219

RegressionTest > RegressionTest0.test014 FAILED
    java.lang.ArithmeticException at RegressionTest0.java:240

RegressionTest > RegressionTest0.test015 FAILED
    java.lang.ArithmeticException at RegressionTest0.java:255

RegressionTest > RegressionTest0.test016 FAILED
    java.lang.ArithmeticException at RegressionTest0.java:278

RegressionTest > RegressionTest0.test017 FAILED
    java.lang.ArithmeticException at RegressionTest0.java:289

RegressionTest > RegressionTest0.test018 FAILED
    java.lang.ArithmeticException at RegressionTest0.java:300

RegressionTest > RegressionTest0.test019 FAILED
    java.lang.ArithmeticException at RegressionTest0.java:333

RegressionTest > RegressionTest0.test020 FAILED
    java.lang.ArithmeticException at RegressionTest0.java:368

RegressionTest > RegressionTest0.test021 FAILED
    java.lang.ArithmeticException at RegressionTest0.java:401

RegressionTest > RegressionTest0.test022 FAILED
    java.lang.ArithmeticException at RegressionTest0.java:426

RegressionTest > RegressionTest0.test023 FAILED
    java.lang.ArithmeticException at RegressionTest0.java:439

RegressionTest > RegressionTest0.test024 FAILED
    java.lang.ArithmeticException at RegressionTest0.java:456

RegressionTest > RegressionTest0.test025 FAILED
    java.lang.ArithmeticException at RegressionTest0.java:473

RegressionTest > RegressionTest0.test026 FAILED
    java.lang.ArithmeticException at RegressionTest0.java:508

RegressionTest > RegressionTest0.test027 FAILED
    java.lang.ArithmeticException at RegressionTest0.java:519

RegressionTest > RegressionTest0.test028 FAILED
    java.lang.ArithmeticException at RegressionTest0.java:534

RegressionTest > RegressionTest0.test029 FAILED
    java.lang.ArithmeticException at RegressionTest0.java:545

RegressionTest > RegressionTest0.test030 FAILED
    java.lang.ArithmeticException at RegressionTest0.java:560

RegressionTest > RegressionTest0.test031 FAILED
    java.lang.ArithmeticException at RegressionTest0.java:585

RegressionTest > RegressionTest0.test032 FAILED
    java.lang.ArithmeticException at RegressionTest0.java:616

RegressionTest > RegressionTest0.test033 FAILED
    java.lang.ArithmeticException at RegressionTest0.java:639

RegressionTest > RegressionTest0.test034 FAILED
    java.lang.ArithmeticException at RegressionTest0.java:650

RegressionTest > RegressionTest0.test035 FAILED
    java.lang.ArithmeticException at RegressionTest0.java:683

RegressionTest > RegressionTest0.test036 FAILED
    java.lang.ArithmeticException at RegressionTest0.java:710

RegressionTest > RegressionTest0.test037 FAILED
    java.lang.ArithmeticException at RegressionTest0.java:733

RegressionTest > RegressionTest0.test038 FAILED
    java.lang.ArithmeticException at RegressionTest0.java:750

RegressionTest > RegressionTest0.test039 FAILED
    java.lang.ArithmeticException at RegressionTest0.java:783

RegressionTest > RegressionTest0.test040 FAILED
    java.lang.ArithmeticException at RegressionTest0.java:808

RegressionTest > RegressionTest0.test041 FAILED
    java.lang.ArithmeticException at RegressionTest0.java:825

RegressionTest > RegressionTest0.test042 FAILED
    java.lang.ArithmeticException at RegressionTest0.java:856

RegressionTest > RegressionTest0.test043 FAILED
    java.lang.ArithmeticException at RegressionTest0.java:881

RegressionTest > RegressionTest0.test044 FAILED
    java.lang.ArithmeticException at RegressionTest0.java:894

RegressionTest > RegressionTest0.test045 FAILED
    java.lang.ArithmeticException at RegressionTest0.java:917

RegressionTest > RegressionTest0.test046 FAILED
    java.lang.ArithmeticException at RegressionTest0.java:950

RegressionTest > RegressionTest0.test047 FAILED
    java.lang.ArithmeticException at RegressionTest0.java:973

RegressionTest > RegressionTest0.test048 FAILED
    java.lang.ArithmeticException at RegressionTest0.java:986

RegressionTest > RegressionTest0.test049 FAILED
    java.lang.ArithmeticException at RegressionTest0.java:1011

RegressionTest > RegressionTest0.test050 FAILED
    java.lang.ArithmeticException at RegressionTest0.java:1034

RegressionTest > RegressionTest0.test051 FAILED
    java.lang.ArithmeticException at RegressionTest0.java:1047

RegressionTest > RegressionTest0.test052 FAILED
    java.lang.ArithmeticException at RegressionTest0.java:1062

RegressionTest > RegressionTest0.test053 FAILED
    java.lang.ArithmeticException at RegressionTest0.java:1077

RegressionTest > RegressionTest0.test054 FAILED
    java.lang.ArithmeticException at RegressionTest0.java:1108

RegressionTest > RegressionTest0.test055 FAILED
    java.lang.ArithmeticException at RegressionTest0.java:1127

RegressionTest > RegressionTest0.test056 FAILED
    java.lang.ArithmeticException at RegressionTest0.java:1156

RegressionTest > RegressionTest0.test057 FAILED
    java.lang.ArithmeticException at RegressionTest0.java:1175

RegressionTest > RegressionTest0.test058 FAILED
    java.lang.ArithmeticException at RegressionTest0.java:1198

RegressionTest > RegressionTest0.test059 FAILED
    java.lang.ArithmeticException at RegressionTest0.java:1211

RegressionTest > RegressionTest0.test060 FAILED
    java.lang.ArithmeticException at RegressionTest0.java:1224

RegressionTest > RegressionTest0.test061 FAILED
    java.lang.ArithmeticException at RegressionTest0.java:1241

RegressionTest > RegressionTest0.test062 FAILED
    java.lang.ArithmeticException at RegressionTest0.java:1266

RegressionTest > RegressionTest0.test063 FAILED
    java.lang.ArithmeticException at RegressionTest0.java:1283

RegressionTest > RegressionTest0.test064 FAILED
    java.lang.ArithmeticException at RegressionTest0.java:1300

RegressionTest > RegressionTest0.test065 FAILED
    java.lang.ArithmeticException at RegressionTest0.java:1325

RegressionTest > RegressionTest0.test066 FAILED
    java.lang.ArithmeticException at RegressionTest0.java:1354

RegressionTest > RegressionTest0.test067 FAILED
    java.lang.ArithmeticException at RegressionTest0.java:1381

RegressionTest > RegressionTest0.test068 FAILED
    java.lang.ArithmeticException at RegressionTest0.java:1394

RegressionTest > RegressionTest0.test069 FAILED
    java.lang.ArithmeticException at RegressionTest0.java:1425

RegressionTest > RegressionTest0.test070 FAILED
    java.lang.ArithmeticException at RegressionTest0.java:1436

RegressionTest > RegressionTest0.test071 FAILED
    java.lang.ArithmeticException at RegressionTest0.java:1461

RegressionTest > RegressionTest0.test072 FAILED
    java.lang.ArithmeticException at RegressionTest0.java:1476

RegressionTest > RegressionTest0.test073 FAILED
    java.lang.ArithmeticException at RegressionTest0.java:1511

RegressionTest > RegressionTest0.test074 FAILED
    java.lang.ArithmeticException at RegressionTest0.java:1530

RegressionTest > RegressionTest0.test075 FAILED
    java.lang.ArithmeticException at RegressionTest0.java:1541

RegressionTest > RegressionTest0.test076 FAILED
    java.lang.ArithmeticException at RegressionTest0.java:1558

RegressionTest > RegressionTest0.test077 FAILED
    java.lang.ArithmeticException at RegressionTest0.java:1593

RegressionTest > RegressionTest0.test078 FAILED
    java.lang.ArithmeticException at RegressionTest0.java:1612

RegressionTest > RegressionTest0.test079 FAILED
    java.lang.ArithmeticException at RegressionTest0.java:1631

RegressionTest > RegressionTest0.test080 FAILED
    java.lang.ArithmeticException at RegressionTest0.java:1646

RegressionTest > RegressionTest0.test081 FAILED
    java.lang.ArithmeticException at RegressionTest0.java:1663

RegressionTest > RegressionTest0.test082 FAILED
    java.lang.ArithmeticException at RegressionTest0.java:1694

RegressionTest > RegressionTest0.test083 FAILED
    java.lang.ArithmeticException at RegressionTest0.java:1715

RegressionTest > RegressionTest0.test084 FAILED
    java.lang.ArithmeticException at RegressionTest0.java:1732

RegressionTest > RegressionTest0.test085 FAILED
    java.lang.ArithmeticException at RegressionTest0.java:1749

RegressionTest > RegressionTest0.test086 FAILED
    java.lang.ArithmeticException at RegressionTest0.java:1774

RegressionTest > RegressionTest0.test087 FAILED
    java.lang.ArithmeticException at RegressionTest0.java:1793

RegressionTest > RegressionTest0.test088 FAILED
    java.lang.ArithmeticException at RegressionTest0.java:1808

RegressionTest > RegressionTest0.test089 FAILED
    java.lang.ArithmeticException at RegressionTest0.java:1835

RegressionTest > RegressionTest0.test090 FAILED
    java.lang.ArithmeticException at RegressionTest0.java:1852

RegressionTest > RegressionTest0.test091 FAILED
    java.lang.ArithmeticException at RegressionTest0.java:1877

RegressionTest > RegressionTest0.test092 FAILED
    java.lang.ArithmeticException at RegressionTest0.java:1894

RegressionTest > RegressionTest0.test093 FAILED
    java.lang.ArithmeticException at RegressionTest0.java:1907

RegressionTest > RegressionTest0.test094 FAILED
    java.lang.ArithmeticException at RegressionTest0.java:1922

RegressionTest > RegressionTest0.test095 FAILED
    java.lang.ArithmeticException at RegressionTest0.java:1939

RegressionTest > RegressionTest0.test096 FAILED
    java.lang.ArithmeticException at RegressionTest0.java:1958

RegressionTest > RegressionTest0.test097 FAILED
    java.lang.ArithmeticException at RegressionTest0.java:1987

RegressionTest > RegressionTest0.test098 FAILED
    java.lang.ArithmeticException at RegressionTest0.java:2018

RegressionTest > RegressionTest0.test099 FAILED
    java.lang.ArithmeticException at RegressionTest0.java:2033

RegressionTest > RegressionTest0.test100 FAILED
    java.lang.ArithmeticException at RegressionTest0.java:2052

RegressionTest > RegressionTest0.test101 FAILED
    java.lang.ArithmeticException at RegressionTest0.java:2067

RegressionTest > RegressionTest0.test102 FAILED
    java.lang.ArithmeticException at RegressionTest0.java:2094

RegressionTest > RegressionTest0.test103 FAILED
    java.lang.ArithmeticException at RegressionTest0.java:2107

RegressionTest > RegressionTest0.test104 FAILED
    java.lang.ArithmeticException at RegressionTest0.java:2140

RegressionTest > RegressionTest0.test105 FAILED
    java.lang.ArithmeticException at RegressionTest0.java:2157

RegressionTest > RegressionTest0.test106 FAILED
    java.lang.ArithmeticException at RegressionTest0.java:2176

RegressionTest > RegressionTest0.test107 FAILED
    java.lang.ArithmeticException at RegressionTest0.java:2205

RegressionTest > RegressionTest0.test108 FAILED
    java.lang.ArithmeticException at RegressionTest0.java:2220

RegressionTest > RegressionTest0.test109 FAILED
    java.lang.ArithmeticException at RegressionTest0.java:2247

RegressionTest > RegressionTest0.test110 FAILED
    java.lang.ArithmeticException at RegressionTest0.java:2264

RegressionTest > RegressionTest0.test111 FAILED
    java.lang.ArithmeticException at RegressionTest0.java:2291

RegressionTest > RegressionTest0.test112 FAILED
    java.lang.ArithmeticException at RegressionTest0.java:2302

RegressionTest > RegressionTest0.test113 FAILED
    java.lang.ArithmeticException at RegressionTest0.java:2321

RegressionTest > RegressionTest0.test114 FAILED
    java.lang.ArithmeticException at RegressionTest0.java:2338

RegressionTest > RegressionTest0.test115 FAILED
    java.lang.ArithmeticException at RegressionTest0.java:2357

RegressionTest > RegressionTest0.test116 FAILED
    java.lang.ArithmeticException at RegressionTest0.java:2390

RegressionTest > RegressionTest0.test117 FAILED
    java.lang.ArithmeticException at RegressionTest0.java:2423

RegressionTest > RegressionTest0.test118 FAILED
    java.lang.ArithmeticException at RegressionTest0.java:2438

RegressionTest > RegressionTest0.test119 FAILED
    java.lang.ArithmeticException at RegressionTest0.java:2457

RegressionTest > RegressionTest0.test120 FAILED
    java.lang.ArithmeticException at RegressionTest0.java:2494

RegressionTest > RegressionTest0.test121 FAILED
    java.lang.ArithmeticException at RegressionTest0.java:2525

RegressionTest > RegressionTest0.test122 FAILED
    java.lang.ArithmeticException at RegressionTest0.java:2544

RegressionTest > RegressionTest0.test123 FAILED
    java.lang.ArithmeticException at RegressionTest0.java:2575

RegressionTest > RegressionTest0.test124 FAILED
    java.lang.ArithmeticException at RegressionTest0.java:2594

RegressionTest > RegressionTest0.test125 FAILED
    java.lang.ArithmeticException at RegressionTest0.java:2623

RegressionTest > RegressionTest0.test126 FAILED
    java.lang.ArithmeticException at RegressionTest0.java:2656

RegressionTest > RegressionTest0.test127 FAILED
    java.lang.ArithmeticException at RegressionTest0.java:2685

RegressionTest > RegressionTest0.test128 FAILED
    java.lang.ArithmeticException at RegressionTest0.java:2704

RegressionTest0 > test003 FAILED
    java.lang.ArithmeticException at RegressionTest0.java:33

RegressionTest0 > test004 FAILED
    java.lang.ArithmeticException at RegressionTest0.java:46

RegressionTest0 > test005 FAILED
    java.lang.ArithmeticException at RegressionTest0.java:63

RegressionTest0 > test006 FAILED
    java.lang.ArithmeticException at RegressionTest0.java:78

RegressionTest0 > test007 FAILED
    java.lang.ArithmeticException at RegressionTest0.java:91

RegressionTest0 > test008 FAILED
    java.lang.ArithmeticException at RegressionTest0.java:108

RegressionTest0 > test009 FAILED
    java.lang.ArithmeticException at RegressionTest0.java:123

RegressionTest0 > test010 FAILED
    java.lang.ArithmeticException at RegressionTest0.java:152

RegressionTest0 > test011 FAILED
    java.lang.ArithmeticException at RegressionTest0.java:173

RegressionTest0 > test012 FAILED
    java.lang.ArithmeticException at RegressionTest0.java:192

RegressionTest0 > test013 FAILED
    java.lang.ArithmeticException at RegressionTest0.java:219

RegressionTest0 > test014 FAILED
    java.lang.ArithmeticException at RegressionTest0.java:240

RegressionTest0 > test015 FAILED
    java.lang.ArithmeticException at RegressionTest0.java:255

RegressionTest0 > test016 FAILED
    java.lang.ArithmeticException at RegressionTest0.java:278

RegressionTest0 > test017 FAILED
    java.lang.ArithmeticException at RegressionTest0.java:289

RegressionTest0 > test018 FAILED
    java.lang.ArithmeticException at RegressionTest0.java:300

RegressionTest0 > test019 FAILED
    java.lang.ArithmeticException at RegressionTest0.java:333

RegressionTest0 > test020 FAILED
    java.lang.ArithmeticException at RegressionTest0.java:368

RegressionTest0 > test021 FAILED
    java.lang.ArithmeticException at RegressionTest0.java:401

RegressionTest0 > test022 FAILED
    java.lang.ArithmeticException at RegressionTest0.java:426

RegressionTest0 > test023 FAILED
    java.lang.ArithmeticException at RegressionTest0.java:439

RegressionTest0 > test024 FAILED
    java.lang.ArithmeticException at RegressionTest0.java:456

RegressionTest0 > test025 FAILED
    java.lang.ArithmeticException at RegressionTest0.java:473

RegressionTest0 > test026 FAILED
    java.lang.ArithmeticException at RegressionTest0.java:508

RegressionTest0 > test027 FAILED
    java.lang.ArithmeticException at RegressionTest0.java:519

RegressionTest0 > test028 FAILED
    java.lang.ArithmeticException at RegressionTest0.java:534

RegressionTest0 > test029 FAILED
    java.lang.ArithmeticException at RegressionTest0.java:545

RegressionTest0 > test030 FAILED
    java.lang.ArithmeticException at RegressionTest0.java:560

RegressionTest0 > test031 FAILED
    java.lang.ArithmeticException at RegressionTest0.java:585

RegressionTest0 > test032 FAILED
    java.lang.ArithmeticException at RegressionTest0.java:616

RegressionTest0 > test033 FAILED
    java.lang.ArithmeticException at RegressionTest0.java:639

RegressionTest0 > test034 FAILED
    java.lang.ArithmeticException at RegressionTest0.java:650

RegressionTest0 > test035 FAILED
    java.lang.ArithmeticException at RegressionTest0.java:683

RegressionTest0 > test036 FAILED
    java.lang.ArithmeticException at RegressionTest0.java:710

RegressionTest0 > test037 FAILED
    java.lang.ArithmeticException at RegressionTest0.java:733

RegressionTest0 > test038 FAILED
    java.lang.ArithmeticException at RegressionTest0.java:750

RegressionTest0 > test039 FAILED
    java.lang.ArithmeticException at RegressionTest0.java:783

RegressionTest0 > test040 FAILED
    java.lang.ArithmeticException at RegressionTest0.java:808

RegressionTest0 > test041 FAILED
    java.lang.ArithmeticException at RegressionTest0.java:825

RegressionTest0 > test042 FAILED
    java.lang.ArithmeticException at RegressionTest0.java:856

RegressionTest0 > test043 FAILED
    java.lang.ArithmeticException at RegressionTest0.java:881

RegressionTest0 > test044 FAILED
    java.lang.ArithmeticException at RegressionTest0.java:894

RegressionTest0 > test045 FAILED
    java.lang.ArithmeticException at RegressionTest0.java:917

RegressionTest0 > test046 FAILED
    java.lang.ArithmeticException at RegressionTest0.java:950

RegressionTest0 > test047 FAILED
    java.lang.ArithmeticException at RegressionTest0.java:973

RegressionTest0 > test048 FAILED
    java.lang.ArithmeticException at RegressionTest0.java:986

RegressionTest0 > test049 FAILED
    java.lang.ArithmeticException at RegressionTest0.java:1011

RegressionTest0 > test050 FAILED
    java.lang.ArithmeticException at RegressionTest0.java:1034

RegressionTest0 > test051 FAILED
    java.lang.ArithmeticException at RegressionTest0.java:1047

RegressionTest0 > test052 FAILED
    java.lang.ArithmeticException at RegressionTest0.java:1062

RegressionTest0 > test053 FAILED
    java.lang.ArithmeticException at RegressionTest0.java:1077

RegressionTest0 > test054 FAILED
    java.lang.ArithmeticException at RegressionTest0.java:1108

RegressionTest0 > test055 FAILED
    java.lang.ArithmeticException at RegressionTest0.java:1127

RegressionTest0 > test056 FAILED
    java.lang.ArithmeticException at RegressionTest0.java:1156

RegressionTest0 > test057 FAILED
    java.lang.ArithmeticException at RegressionTest0.java:1175

RegressionTest0 > test058 FAILED
    java.lang.ArithmeticException at RegressionTest0.java:1198

RegressionTest0 > test059 FAILED
    java.lang.ArithmeticException at RegressionTest0.java:1211

RegressionTest0 > test060 FAILED
    java.lang.ArithmeticException at RegressionTest0.java:1224

RegressionTest0 > test061 FAILED
    java.lang.ArithmeticException at RegressionTest0.java:1241

RegressionTest0 > test062 FAILED
    java.lang.ArithmeticException at RegressionTest0.java:1266

RegressionTest0 > test063 FAILED
    java.lang.ArithmeticException at RegressionTest0.java:1283

RegressionTest0 > test064 FAILED
    java.lang.ArithmeticException at RegressionTest0.java:1300

RegressionTest0 > test065 FAILED
    java.lang.ArithmeticException at RegressionTest0.java:1325

RegressionTest0 > test066 FAILED
    java.lang.ArithmeticException at RegressionTest0.java:1354

RegressionTest0 > test067 FAILED
    java.lang.ArithmeticException at RegressionTest0.java:1381

RegressionTest0 > test068 FAILED
    java.lang.ArithmeticException at RegressionTest0.java:1394

RegressionTest0 > test069 FAILED
    java.lang.ArithmeticException at RegressionTest0.java:1425

RegressionTest0 > test070 FAILED
    java.lang.ArithmeticException at RegressionTest0.java:1436

RegressionTest0 > test071 FAILED
    java.lang.ArithmeticException at RegressionTest0.java:1461

RegressionTest0 > test072 FAILED
    java.lang.ArithmeticException at RegressionTest0.java:1476

RegressionTest0 > test073 FAILED
    java.lang.ArithmeticException at RegressionTest0.java:1511

RegressionTest0 > test074 FAILED
    java.lang.ArithmeticException at RegressionTest0.java:1530

RegressionTest0 > test075 FAILED
    java.lang.ArithmeticException at RegressionTest0.java:1541

RegressionTest0 > test076 FAILED
    java.lang.ArithmeticException at RegressionTest0.java:1558

RegressionTest0 > test077 FAILED
    java.lang.ArithmeticException at RegressionTest0.java:1593

RegressionTest0 > test078 FAILED
    java.lang.ArithmeticException at RegressionTest0.java:1612

RegressionTest0 > test079 FAILED
    java.lang.ArithmeticException at RegressionTest0.java:1631

RegressionTest0 > test080 FAILED
    java.lang.ArithmeticException at RegressionTest0.java:1646

RegressionTest0 > test081 FAILED
    java.lang.ArithmeticException at RegressionTest0.java:1663

RegressionTest0 > test082 FAILED
    java.lang.ArithmeticException at RegressionTest0.java:1694

RegressionTest0 > test083 FAILED
    java.lang.ArithmeticException at RegressionTest0.java:1715

RegressionTest0 > test084 FAILED
    java.lang.ArithmeticException at RegressionTest0.java:1732

RegressionTest0 > test085 FAILED
    java.lang.ArithmeticException at RegressionTest0.java:1749

RegressionTest0 > test086 FAILED
    java.lang.ArithmeticException at RegressionTest0.java:1774

RegressionTest0 > test087 FAILED
    java.lang.ArithmeticException at RegressionTest0.java:1793

RegressionTest0 > test088 FAILED
    java.lang.ArithmeticException at RegressionTest0.java:1808

RegressionTest0 > test089 FAILED
    java.lang.ArithmeticException at RegressionTest0.java:1835

RegressionTest0 > test090 FAILED
    java.lang.ArithmeticException at RegressionTest0.java:1852

RegressionTest0 > test091 FAILED
    java.lang.ArithmeticException at RegressionTest0.java:1877

RegressionTest0 > test092 FAILED
    java.lang.ArithmeticException at RegressionTest0.java:1894

RegressionTest0 > test093 FAILED
    java.lang.ArithmeticException at RegressionTest0.java:1907

RegressionTest0 > test094 FAILED
    java.lang.ArithmeticException at RegressionTest0.java:1922

RegressionTest0 > test095 FAILED
    java.lang.ArithmeticException at RegressionTest0.java:1939

RegressionTest0 > test096 FAILED
    java.lang.ArithmeticException at RegressionTest0.java:1958

RegressionTest0 > test097 FAILED
    java.lang.ArithmeticException at RegressionTest0.java:1987

RegressionTest0 > test098 FAILED
    java.lang.ArithmeticException at RegressionTest0.java:2018

RegressionTest0 > test099 FAILED
    java.lang.ArithmeticException at RegressionTest0.java:2033

RegressionTest0 > test100 FAILED
    java.lang.ArithmeticException at RegressionTest0.java:2052

RegressionTest0 > test101 FAILED
    java.lang.ArithmeticException at RegressionTest0.java:2067

RegressionTest0 > test102 FAILED
    java.lang.ArithmeticException at RegressionTest0.java:2094

RegressionTest0 > test103 FAILED
    java.lang.ArithmeticException at RegressionTest0.java:2107

RegressionTest0 > test104 FAILED
    java.lang.ArithmeticException at RegressionTest0.java:2140

RegressionTest0 > test105 FAILED
    java.lang.ArithmeticException at RegressionTest0.java:2157

RegressionTest0 > test106 FAILED
    java.lang.ArithmeticException at RegressionTest0.java:2176

RegressionTest0 > test107 FAILED
    java.lang.ArithmeticException at RegressionTest0.java:2205

RegressionTest0 > test108 FAILED
    java.lang.ArithmeticException at RegressionTest0.java:2220

RegressionTest0 > test109 FAILED
    java.lang.ArithmeticException at RegressionTest0.java:2247

RegressionTest0 > test110 FAILED
    java.lang.ArithmeticException at RegressionTest0.java:2264

RegressionTest0 > test111 FAILED
    java.lang.ArithmeticException at RegressionTest0.java:2291

RegressionTest0 > test112 FAILED
    java.lang.ArithmeticException at RegressionTest0.java:2302

RegressionTest0 > test113 FAILED
    java.lang.ArithmeticException at RegressionTest0.java:2321

RegressionTest0 > test114 FAILED
    java.lang.ArithmeticException at RegressionTest0.java:2338

RegressionTest0 > test115 FAILED
    java.lang.ArithmeticException at RegressionTest0.java:2357

RegressionTest0 > test116 FAILED
    java.lang.ArithmeticException at RegressionTest0.java:2390

RegressionTest0 > test117 FAILED
    java.lang.ArithmeticException at RegressionTest0.java:2423

RegressionTest0 > test118 FAILED
    java.lang.ArithmeticException at RegressionTest0.java:2438

RegressionTest0 > test119 FAILED
    java.lang.ArithmeticException at RegressionTest0.java:2457

RegressionTest0 > test120 FAILED
    java.lang.ArithmeticException at RegressionTest0.java:2494

RegressionTest0 > test121 FAILED
    java.lang.ArithmeticException at RegressionTest0.java:2525

RegressionTest0 > test122 FAILED
    java.lang.ArithmeticException at RegressionTest0.java:2544

RegressionTest0 > test123 FAILED
    java.lang.ArithmeticException at RegressionTest0.java:2575

RegressionTest0 > test124 FAILED
    java.lang.ArithmeticException at RegressionTest0.java:2594

RegressionTest0 > test125 FAILED
    java.lang.ArithmeticException at RegressionTest0.java:2623

RegressionTest0 > test126 FAILED
    java.lang.ArithmeticException at RegressionTest0.java:2656

RegressionTest0 > test127 FAILED
    java.lang.ArithmeticException at RegressionTest0.java:2685

RegressionTest0 > test128 FAILED
    java.lang.ArithmeticException at RegressionTest0.java:2704

testers.SimpleMethodsTester0 > test003 FAILED
    java.lang.ArithmeticException at SimpleMethodsTester0.java:33

testers.SimpleMethodsTester0 > test004 FAILED
    java.lang.ArithmeticException at SimpleMethodsTester0.java:43

testers.SimpleMethodsTester0 > test005 FAILED
    java.lang.ArithmeticException at SimpleMethodsTester0.java:54

testers.SimpleMethodsTester0 > test006 FAILED
    java.lang.ArithmeticException at SimpleMethodsTester0.java:65

testers.SimpleMethodsTester0 > test007 FAILED
    java.lang.ArithmeticException at SimpleMethodsTester0.java:77

testers.SimpleMethodsTester0 > test008 FAILED
    java.lang.ArithmeticException at SimpleMethodsTester0.java:86

testers.SimpleMethodsTester0 > test009 FAILED
    java.lang.ArithmeticException at SimpleMethodsTester0.java:98

testers.SimpleMethodsTester0 > test010 FAILED
    java.lang.ArithmeticException at SimpleMethodsTester0.java:111

testers.SimpleMethodsTester0 > test011 FAILED
    java.lang.ArithmeticException at SimpleMethodsTester0.java:120

testers.SimpleMethodsTester0 > test012 FAILED
    java.lang.ArithmeticException at SimpleMethodsTester0.java:130

testers.SimpleMethodsTester0 > test013 FAILED
    java.lang.ArithmeticException at SimpleMethodsTester0.java:141

testers.SimpleMethodsTester0 > test014 FAILED
    java.lang.ArithmeticException at SimpleMethodsTester0.java:151

testers.SimpleMethodsTester0 > test015 FAILED
    java.lang.ArithmeticException at SimpleMethodsTester0.java:164

testers.SimpleMethodsTester0 > test016 FAILED
    java.lang.ArithmeticException at SimpleMethodsTester0.java:177

testers.SimpleMethodsTester0 > test017 FAILED
    java.lang.ArithmeticException at SimpleMethodsTester0.java:192

testers.SimpleMethodsTester0 > test018 FAILED
    java.lang.ArithmeticException at SimpleMethodsTester0.java:204

testers.SimpleMethodsTester0 > test019 FAILED
    java.lang.ArithmeticException at SimpleMethodsTester0.java:216

testers.SimpleMethodsTester0 > test020 FAILED
    java.lang.ArithmeticException at SimpleMethodsTester0.java:229

testers.SimpleMethodsTester0 > test021 FAILED
    java.lang.ArithmeticException at SimpleMethodsTester0.java:240

testers.SimpleMethodsTester0 > test022 FAILED
    java.lang.ArithmeticException at SimpleMethodsTester0.java:253

testers.SimpleMethodsTester0 > test023 FAILED
    java.lang.ArithmeticException at SimpleMethodsTester0.java:266

testers.SimpleMethodsTester0 > test024 FAILED
    java.lang.ArithmeticException at SimpleMethodsTester0.java:280

testers.SimpleMethodsTester0 > test025 FAILED
    java.lang.ArithmeticException at SimpleMethodsTester0.java:294

testers.SimpleMethodsTester0 > test026 FAILED
    java.lang.ArithmeticException at SimpleMethodsTester0.java:307

testers.SimpleMethodsTester0 > test027 FAILED
    java.lang.ArithmeticException at SimpleMethodsTester0.java:320

testers.SimpleMethodsTester0 > test028 FAILED
    java.lang.ArithmeticException at SimpleMethodsTester0.java:330

testers.SimpleMethodsTester0 > test029 FAILED
    java.lang.ArithmeticException at SimpleMethodsTester0.java:344

testers.SimpleMethodsTester0 > test030 FAILED
    java.lang.ArithmeticException at SimpleMethodsTester0.java:358

testers.SimpleMethodsTester0 > test031 FAILED
    java.lang.ArithmeticException at SimpleMethodsTester0.java:370

testers.SimpleMethodsTester0 > test032 FAILED
    java.lang.ArithmeticException at SimpleMethodsTester0.java:382

testers.SimpleMethodsTester0 > test033 FAILED
    java.lang.ArithmeticException at SimpleMethodsTester0.java:396

testers.SimpleMethodsTester0 > test034 FAILED
    java.lang.ArithmeticException at SimpleMethodsTester0.java:410

testers.SimpleMethodsTester0 > test035 FAILED
    java.lang.ArithmeticException at SimpleMethodsTester0.java:424

testers.SimpleMethodsTester0 > test036 FAILED
    java.lang.ArithmeticException at SimpleMethodsTester0.java:439

testers.SimpleMethodsTester0 > test037 FAILED
    java.lang.ArithmeticException at SimpleMethodsTester0.java:450

testers.SimpleMethodsTester0 > test038 FAILED
    java.lang.ArithmeticException at SimpleMethodsTester0.java:461

testers.SimpleMethodsTester0 > test039 FAILED
    java.lang.ArithmeticException at SimpleMethodsTester0.java:472

testers.SimpleMethodsTester0 > test040 FAILED
    java.lang.ArithmeticException at SimpleMethodsTester0.java:485

testers.SimpleMethodsTester0 > test041 FAILED
    java.lang.ArithmeticException at SimpleMethodsTester0.java:499

testers.SimpleMethodsTester0 > test042 FAILED
    java.lang.ArithmeticException at SimpleMethodsTester0.java:511

testers.SimpleMethodsTester0 > test043 FAILED
    java.lang.ArithmeticException at SimpleMethodsTester0.java:521

testers.SimpleMethodsTester0 > test044 FAILED
    java.lang.ArithmeticException at SimpleMethodsTester0.java:533

testers.SimpleMethodsTester0 > test045 FAILED
    java.lang.ArithmeticException at SimpleMethodsTester0.java:545

testers.SimpleMethodsTester0 > test046 FAILED
    java.lang.ArithmeticException at SimpleMethodsTester0.java:559

testers.SimpleMethodsTester0 > test047 FAILED
    java.lang.ArithmeticException at SimpleMethodsTester0.java:569

testers.SimpleMethodsTester0 > test048 FAILED
    java.lang.ArithmeticException at SimpleMethodsTester0.java:580

testers.SimpleMethodsTester0 > test049 FAILED
    java.lang.ArithmeticException at SimpleMethodsTester0.java:596

testers.SimpleMethodsTester0 > test050 FAILED
    java.lang.ArithmeticException at SimpleMethodsTester0.java:609

testers.SimpleMethodsTester0 > test051 FAILED
    java.lang.ArithmeticException at SimpleMethodsTester0.java:623

testers.SimpleMethodsTester0 > test052 FAILED
    java.lang.ArithmeticException at SimpleMethodsTester0.java:634

testers.SimpleMethodsTester0 > test053 FAILED
    java.lang.ArithmeticException at SimpleMethodsTester0.java:643

testers.SimpleMethodsTester0 > test054 FAILED
    java.lang.ArithmeticException at SimpleMethodsTester0.java:654

testers.SimpleMethodsTester0 > test055 FAILED
    java.lang.ArithmeticException at SimpleMethodsTester0.java:666

testers.SimpleMethodsTester0 > test056 FAILED
    java.lang.ArithmeticException at SimpleMethodsTester0.java:678

testers.SimpleMethodsTester0 > test057 FAILED
    java.lang.ArithmeticException at SimpleMethodsTester0.java:691

testers.SimpleMethodsTester0 > test058 FAILED
    java.lang.ArithmeticException at SimpleMethodsTester0.java:703

testers.SimpleMethodsTester0 > test059 FAILED
    java.lang.ArithmeticException at SimpleMethodsTester0.java:716

testers.SimpleMethodsTester0 > test060 FAILED
    java.lang.ArithmeticException at SimpleMethodsTester0.java:728

testers.SimpleMethodsTester0 > test062 FAILED
    java.lang.ArithmeticException at SimpleMethodsTester0.java:748

testers.SimpleMethodsTester0 > test063 FAILED
    java.lang.ArithmeticException at SimpleMethodsTester0.java:764

testers.SimpleMethodsTester0 > test064 FAILED
    java.lang.ArithmeticException at SimpleMethodsTester0.java:775

testers.SimpleMethodsTester0 > test065 FAILED
    java.lang.ArithmeticException at SimpleMethodsTester0.java:785

testers.SimpleMethodsTester0 > test066 FAILED
    java.lang.ArithmeticException at SimpleMethodsTester0.java:795

testers.SimpleMethodsTester0 > test067 FAILED
    java.lang.ArithmeticException at SimpleMethodsTester0.java:809

testers.SimpleMethodsTester0 > test068 FAILED
    java.lang.ArithmeticException at SimpleMethodsTester0.java:824

testers.SimpleMethodsTester0 > test069 FAILED
    java.lang.ArithmeticException at SimpleMethodsTester0.java:836

testers.SimpleMethodsTester0 > test070 FAILED
    java.lang.ArithmeticException at SimpleMethodsTester0.java:847

testers.SimpleMethodsTester0 > test071 FAILED
    java.lang.ArithmeticException at SimpleMethodsTester0.java:861

testers.SimpleMethodsTester0 > test072 FAILED
    java.lang.ArithmeticException at SimpleMethodsTester0.java:874

testers.SimpleMethodsTester0 > test073 FAILED
    java.lang.ArithmeticException at SimpleMethodsTester0.java:885

testers.SimpleMethodsTester0 > test074 FAILED
    java.lang.ArithmeticException at SimpleMethodsTester0.java:897

testers.SimpleMethodsTester0 > test075 FAILED
    java.lang.ArithmeticException at SimpleMethodsTester0.java:913

testers.SimpleMethodsTester0 > test076 FAILED
    java.lang.ArithmeticException at SimpleMethodsTester0.java:928

testers.SimpleMethodsTester0 > test077 FAILED
    java.lang.ArithmeticException at SimpleMethodsTester0.java:941

testers.SimpleMethodsTester0 > test078 FAILED
    java.lang.ArithmeticException at SimpleMethodsTester0.java:953

testers.SimpleMethodsTester0 > test079 FAILED
    java.lang.ArithmeticException at SimpleMethodsTester0.java:963

testers.SimpleMethodsTester0 > test080 FAILED
    java.lang.ArithmeticException at SimpleMethodsTester0.java:974

testers.SimpleMethodsTester0 > test081 FAILED
    java.lang.ArithmeticException at SimpleMethodsTester0.java:989

testers.SimpleMethodsTester0 > test082 FAILED
    java.lang.ArithmeticException at SimpleMethodsTester0.java:1003

testers.SimpleMethodsTester0 > test083 FAILED
    java.lang.ArithmeticException at SimpleMethodsTester0.java:1017

testers.SimpleMethodsTester0 > test084 FAILED
    java.lang.ArithmeticException at SimpleMethodsTester0.java:1029

testers.SimpleMethodsTester0 > test085 FAILED
    java.lang.ArithmeticException at SimpleMethodsTester0.java:1042

testers.SimpleMethodsTester0 > test086 FAILED
    java.lang.ArithmeticException at SimpleMethodsTester0.java:1055

testers.SimpleMethodsTester0 > test087 FAILED
    java.lang.ArithmeticException at SimpleMethodsTester0.java:1066

testers.SimpleMethodsTester0 > test088 FAILED
    java.lang.ArithmeticException at SimpleMethodsTester0.java:1079

testers.SimpleMethodsTester0 > test089 FAILED
    java.lang.ArithmeticException at SimpleMethodsTester0.java:1094

testers.SimpleMethodsTester0 > test090 FAILED
    java.lang.ArithmeticException at SimpleMethodsTester0.java:1108

testers.SimpleMethodsTester0 > test091 FAILED
    java.lang.ArithmeticException at SimpleMethodsTester0.java:1122

testers.SimpleMethodsTester0 > test092 FAILED
    java.lang.ArithmeticException at SimpleMethodsTester0.java:1135

testers.SimpleMethodsTester0 > test093 FAILED
    java.lang.ArithmeticException at SimpleMethodsTester0.java:1149

testers.SimpleMethodsTester0 > test094 FAILED
    java.lang.ArithmeticException at SimpleMethodsTester0.java:1162

testers.SimpleMethodsTester0 > test095 FAILED
    java.lang.ArithmeticException at SimpleMethodsTester0.java:1172

testers.SimpleMethodsTester0 > test096 FAILED
    java.lang.ArithmeticException at SimpleMethodsTester0.java:1188

testers.SimpleMethodsTester0 > test097 FAILED
    java.lang.ArithmeticException at SimpleMethodsTester0.java:1201

testers.SimpleMethodsTester0 > test098 FAILED
    java.lang.ArithmeticException at SimpleMethodsTester0.java:1216

testers.SimpleMethodsTester0 > test099 FAILED
    java.lang.ArithmeticException at SimpleMethodsTester0.java:1233

testers.SimpleMethodsTester0 > test100 FAILED
    java.lang.ArithmeticException at SimpleMethodsTester0.java:1244

testers.SimpleMethodsTester0 > test101 FAILED
    java.lang.ArithmeticException at SimpleMethodsTester0.java:1257

testers.SimpleMethodsTester0 > test102 FAILED
    java.lang.ArithmeticException at SimpleMethodsTester0.java:1269

testers.SimpleMethodsTester0 > test103 FAILED
    java.lang.ArithmeticException at SimpleMethodsTester0.java:1279

testers.SimpleMethodsTester0 > test104 FAILED
    java.lang.ArithmeticException at SimpleMethodsTester0.java:1296

testers.SimpleMethodsTester0 > test105 FAILED
    java.lang.ArithmeticException at SimpleMethodsTester0.java:1313

testers.SimpleMethodsTester0 > test106 FAILED
    java.lang.ArithmeticException at SimpleMethodsTester0.java:1326

testers.SimpleMethodsTester0 > test107 FAILED
    java.lang.ArithmeticException at SimpleMethodsTester0.java:1336

testers.SimpleMethodsTester0 > test108 FAILED
    java.lang.ArithmeticException at SimpleMethodsTester0.java:1350

testers.SimpleMethodsTester0 > test109 FAILED
    java.lang.ArithmeticException at SimpleMethodsTester0.java:1364

testers.SimpleMethodsTester0 > test110 FAILED
    java.lang.ArithmeticException at SimpleMethodsTester0.java:1377

testers.SimpleMethodsTester0 > test111 FAILED
    java.lang.ArithmeticException at SimpleMethodsTester0.java:1387

testers.SimpleMethodsTester0 > test112 FAILED
    java.lang.ArithmeticException at SimpleMethodsTester0.java:1397

testers.SimpleMethodsTester0 > test113 FAILED
    java.lang.ArithmeticException at SimpleMethodsTester0.java:1407

testers.SimpleMethodsTester0 > test114 FAILED
    java.lang.ArithmeticException at SimpleMethodsTester0.java:1421

testers.SimpleMethodsTester0 > test115 FAILED
    java.lang.ArithmeticException at SimpleMethodsTester0.java:1435

testers.SimpleMethodsTester0 > test116 FAILED
    java.lang.ArithmeticException at SimpleMethodsTester0.java:1448

testers.SimpleMethodsTester0 > test117 FAILED
    java.lang.ArithmeticException at SimpleMethodsTester0.java:1465

testers.SimpleMethodsTester0 > test118 FAILED
    java.lang.ArithmeticException at SimpleMethodsTester0.java:1477

testers.SimpleMethodsTester0 > test119 FAILED
    java.lang.ArithmeticException at SimpleMethodsTester0.java:1489

testers.SimpleMethodsTester0 > test120 FAILED
    java.lang.ArithmeticException at SimpleMethodsTester0.java:1502

testers.SimpleMethodsTester0 > test121 FAILED
    java.lang.ArithmeticException at SimpleMethodsTester0.java:1517

testers.SimpleMethodsTester0 > test122 FAILED
    java.lang.ArithmeticException at SimpleMethodsTester0.java:1534

testers.SimpleMethodsTester0 > test123 FAILED
    java.lang.ArithmeticException at SimpleMethodsTester0.java:1548

testers.SimpleMethodsTester0 > test124 FAILED
    java.lang.ArithmeticException at SimpleMethodsTester0.java:1563

testers.SimpleMethodsTester0 > test125 FAILED
    java.lang.ArithmeticException at SimpleMethodsTester0.java:1574

testers.SimpleMethodsTester0 > test126 FAILED
    java.lang.ArithmeticException at SimpleMethodsTester0.java:1587

testers.SimpleMethodsTester0 > test127 FAILED
    java.lang.ArithmeticException at SimpleMethodsTester0.java:1599

testers.SimpleMethodsTester0 > test128 FAILED
    java.lang.ArithmeticException at SimpleMethodsTester0.java:1612

testers.SimpleMethodsTester0 > test129 FAILED
    java.lang.ArithmeticException at SimpleMethodsTester0.java:1626

testers.SimpleMethodsTester0 > test130 FAILED
    java.lang.ArithmeticException at SimpleMethodsTester0.java:1642

testers.SimpleMethodsTester0 > test131 FAILED
    java.lang.ArithmeticException at SimpleMethodsTester0.java:1655

testers.SimpleMethodsTester0 > test132 FAILED
    java.lang.ArithmeticException at SimpleMethodsTester0.java:1665

testers.SimpleMethodsTester0 > test133 FAILED
    java.lang.ArithmeticException at SimpleMethodsTester0.java:1677

testers.SimpleMethodsTester0 > test134 FAILED
    java.lang.ArithmeticException at SimpleMethodsTester0.java:1688

testers.SimpleMethodsTester0 > test135 FAILED
    java.lang.ArithmeticException at SimpleMethodsTester0.java:1698

testers.SimpleMethodsTester0 > test136 FAILED
    java.lang.ArithmeticException at SimpleMethodsTester0.java:1709

testers.SimpleMethodsTester0 > test137 FAILED
    java.lang.ArithmeticException at SimpleMethodsTester0.java:1723

testers.SimpleMethodsTester0 > test138 FAILED
    java.lang.ArithmeticException at SimpleMethodsTester0.java:1737

testers.SimpleMethodsTester0 > test139 FAILED
    java.lang.ArithmeticException at SimpleMethodsTester0.java:1749

testers.SimpleMethodsTester0 > test140 FAILED
    java.lang.ArithmeticException at SimpleMethodsTester0.java:1762

testers.SimpleMethodsTester0 > test141 FAILED
    java.lang.ArithmeticException at SimpleMethodsTester0.java:1778

testers.SimpleMethodsTester0 > test142 FAILED
    java.lang.ArithmeticException at SimpleMethodsTester0.java:1795

testers.SimpleMethodsTester0 > test143 FAILED
    java.lang.ArithmeticException at SimpleMethodsTester0.java:1810

testers.SimpleMethodsTester0 > test144 FAILED
    java.lang.ArithmeticException at SimpleMethodsTester0.java:1824

testers.SimpleMethodsTester0 > test145 FAILED
    java.lang.ArithmeticException at SimpleMethodsTester0.java:1839

testers.SimpleMethodsTester0 > test146 FAILED
    java.lang.ArithmeticException at SimpleMethodsTester0.java:1852

testers.SimpleMethodsTester0 > test147 FAILED
    java.lang.ArithmeticException at SimpleMethodsTester0.java:1869

testers.SimpleMethodsTester0 > test148 FAILED
    java.lang.ArithmeticException at SimpleMethodsTester0.java:1885

testers.SimpleMethodsTester0 > test149 FAILED
    java.lang.ArithmeticException at SimpleMethodsTester0.java:1902

testers.SimpleMethodsTester0 > test150 FAILED
    java.lang.ArithmeticException at SimpleMethodsTester0.java:1915

testers.SimpleMethodsTester0 > test151 FAILED
    java.lang.ArithmeticException at SimpleMethodsTester0.java:1927

testers.SimpleMethodsTester0 > test152 FAILED
    java.lang.ArithmeticException at SimpleMethodsTester0.java:1941

testers.SimpleMethodsTester0 > test153 FAILED
    java.lang.ArithmeticException at SimpleMethodsTester0.java:1956

testers.SimpleMethodsTester0 > test154 FAILED
    java.lang.ArithmeticException at SimpleMethodsTester0.java:1968

testers.SimpleMethodsTester0 > test155 FAILED
    java.lang.ArithmeticException at SimpleMethodsTester0.java:1982

testers.SimpleMethodsTester0 > test156 FAILED
    java.lang.ArithmeticException at SimpleMethodsTester0.java:1994

testers.SimpleMethodsTester0 > test157 FAILED
    java.lang.ArithmeticException at SimpleMethodsTester0.java:2010

testers.SimpleMethodsTester0 > test158 FAILED
    java.lang.ArithmeticException at SimpleMethodsTester0.java:2024

testers.SimpleMethodsTester0 > test159 FAILED
    java.lang.ArithmeticException at SimpleMethodsTester0.java:2036

testers.SimpleMethodsTester0 > test160 FAILED
    java.lang.ArithmeticException at SimpleMethodsTester0.java:2050

testers.SimpleMethodsTester0 > test161 FAILED
    java.lang.ArithmeticException at SimpleMethodsTester0.java:2061

testers.SimpleMethodsTester0 > test162 FAILED
    java.lang.ArithmeticException at SimpleMethodsTester0.java:2076

testers.SimpleMethodsTester0 > test163 FAILED
    java.lang.ArithmeticException at SimpleMethodsTester0.java:2088

testers.SimpleMethodsTester0 > test164 FAILED
    java.lang.ArithmeticException at SimpleMethodsTester0.java:2101

testers.SimpleMethodsTester0 > test165 FAILED
    java.lang.ArithmeticException at SimpleMethodsTester0.java:2113

testers.SimpleMethodsTester0 > test166 FAILED
    java.lang.ArithmeticException at SimpleMethodsTester0.java:2127

testers.SimpleMethodsTester0 > test167 FAILED
    java.lang.ArithmeticException at SimpleMethodsTester0.java:2142

testers.SimpleMethodsTester0 > test168 FAILED
    java.lang.ArithmeticException at SimpleMethodsTester0.java:2153

testers.SimpleMethodsTester0 > test169 FAILED
    java.lang.ArithmeticException at SimpleMethodsTester0.java:2168

testers.SimpleMethodsTester0 > test170 FAILED
    java.lang.ArithmeticException at SimpleMethodsTester0.java:2185

testers.SimpleMethodsTester0 > test171 FAILED
    java.lang.ArithmeticException at SimpleMethodsTester0.java:2200

testers.SimpleMethodsTester0 > test172 FAILED
    java.lang.ArithmeticException at SimpleMethodsTester0.java:2214

testers.SimpleMethodsTester0 > test173 FAILED
    java.lang.ArithmeticException at SimpleMethodsTester0.java:2230

testers.SimpleMethodsTester0 > test174 FAILED
    java.lang.ArithmeticException at SimpleMethodsTester0.java:2241

testers.SimpleMethodsTester0 > test175 FAILED
    java.lang.ArithmeticException at SimpleMethodsTester0.java:2256

testers.SimpleMethodsTester0 > test176 FAILED
    java.lang.ArithmeticException at SimpleMethodsTester0.java:2270

testers.SimpleMethodsTester0 > test177 FAILED
    java.lang.ArithmeticException at SimpleMethodsTester0.java:2285

testers.SimpleMethodsTester0 > test178 FAILED
    java.lang.ArithmeticException at SimpleMethodsTester0.java:2302

testers.SimpleMethodsTester0 > test179 FAILED
    java.lang.ArithmeticException at SimpleMethodsTester0.java:2314

testers.SimpleMethodsTester0 > test180 FAILED
    java.lang.ArithmeticException at SimpleMethodsTester0.java:2327

testers.SimpleMethodsTester0 > test181 FAILED
    java.lang.ArithmeticException at SimpleMethodsTester0.java:2341

testers.SimpleMethodsTester0 > test182 FAILED
    java.lang.ArithmeticException at SimpleMethodsTester0.java:2356

testers.SimpleMethodsTester0 > test183 FAILED
    java.lang.ArithmeticException at SimpleMethodsTester0.java:2369

testers.SimpleMethodsTester0 > test184 FAILED
    java.lang.ArithmeticException at SimpleMethodsTester0.java:2384

testers.SimpleMethodsTester0 > test185 FAILED
    java.lang.ArithmeticException at SimpleMethodsTester0.java:2397

testers.SimpleMethodsTester0 > test186 FAILED
    java.lang.ArithmeticException at SimpleMethodsTester0.java:2407

testers.SimpleMethodsTester0 > test187 FAILED
    java.lang.ArithmeticException at SimpleMethodsTester0.java:2420

testers.SimpleMethodsTester0 > test188 FAILED
    java.lang.ArithmeticException at SimpleMethodsTester0.java:2435

testers.SimpleMethodsTester0 > test189 FAILED
    java.lang.ArithmeticException at SimpleMethodsTester0.java:2445

testers.SimpleMethodsTester0 > test190 FAILED
    java.lang.ArithmeticException at SimpleMethodsTester0.java:2463

testers.SimpleMethodsTester0 > test191 FAILED
    java.lang.ArithmeticException at SimpleMethodsTester0.java:2477

testers.SimpleMethodsTester0 > test192 FAILED
    java.lang.ArithmeticException at SimpleMethodsTester0.java:2490

testers.SimpleMethodsTester0 > test193 FAILED
    java.lang.ArithmeticException at SimpleMethodsTester0.java:2506

testers.SimpleMethodsTester0 > test194 FAILED
    java.lang.ArithmeticException at SimpleMethodsTester0.java:2516

testers.SimpleMethodsTester0 > test195 FAILED
    java.lang.ArithmeticException at SimpleMethodsTester0.java:2532

testers.SimpleMethodsTester0 > test196 FAILED
    java.lang.ArithmeticException at SimpleMethodsTester0.java:2547

testers.SimpleMethodsTester0 > test197 FAILED
    java.lang.ArithmeticException at SimpleMethodsTester0.java:2563

testers.SimpleMethodsTester0 > test198 FAILED
    java.lang.ArithmeticException at SimpleMethodsTester0.java:2572

testers.SimpleMethodsTester0 > test199 FAILED
    java.lang.ArithmeticException at SimpleMethodsTester0.java:2586

testers.SimpleMethodsTester0 > test200 FAILED
    java.lang.ArithmeticException at SimpleMethodsTester0.java:2600

testers.SimpleMethodsTester0 > test201 FAILED
    java.lang.ArithmeticException at SimpleMethodsTester0.java:2617

testers.SimpleMethodsTester0 > test202 FAILED
    java.lang.ArithmeticException at SimpleMethodsTester0.java:2631

testers.SimpleMethodsTester0 > test203 FAILED
    java.lang.ArithmeticException at SimpleMethodsTester0.java:2644

testers.SimpleMethodsTester0 > test204 FAILED
    java.lang.ArithmeticException at SimpleMethodsTester0.java:2658

testers.SimpleMethodsTester0 > test205 FAILED
    java.lang.ArithmeticException at SimpleMethodsTester0.java:2669

testers.SimpleMethodsTester0 > test206 FAILED
    java.lang.ArithmeticException at SimpleMethodsTester0.java:2683

testers.SimpleMethodsTester0 > test207 FAILED
    java.lang.ArithmeticException at SimpleMethodsTester0.java:2695

testers.SimpleMethodsTester0 > test208 FAILED
    java.lang.ArithmeticException at SimpleMethodsTester0.java:2710

testers.SimpleMethodsTester0 > test209 FAILED
    java.lang.ArithmeticException at SimpleMethodsTester0.java:2727

testers.SimpleMethodsTester0 > test210 FAILED
    java.lang.ArithmeticException at SimpleMethodsTester0.java:2745

testers.SimpleMethodsTester0 > test211 FAILED
    java.lang.ArithmeticException at SimpleMethodsTester0.java:2759

testers.SimpleMethodsTester0 > test212 FAILED
    java.lang.ArithmeticException at SimpleMethodsTester0.java:2774

testers.SimpleMethodsTester0 > test213 FAILED
    java.lang.ArithmeticException at SimpleMethodsTester0.java:2784

testers.SimpleMethodsTester0 > test214 FAILED
    java.lang.ArithmeticException at SimpleMethodsTester0.java:2801

testers.SimpleMethodsTester0 > test215 FAILED
    java.lang.ArithmeticException at SimpleMethodsTester0.java:2818

testers.SimpleMethodsTester0 > test216 FAILED
    java.lang.ArithmeticException at SimpleMethodsTester0.java:2828

testers.SimpleMethodsTester0 > test217 FAILED
    java.lang.ArithmeticException at SimpleMethodsTester0.java:2843

testers.SimpleMethodsTester0 > test218 FAILED
    java.lang.ArithmeticException at SimpleMethodsTester0.java:2856

testers.SimpleMethodsTester0 > test219 FAILED
    java.lang.ArithmeticException at SimpleMethodsTester0.java:2869

testers.SimpleMethodsTester0 > test220 FAILED
    java.lang.ArithmeticException at SimpleMethodsTester0.java:2880

testers.SimpleMethodsTester0 > test221 FAILED
    java.lang.ArithmeticException at SimpleMethodsTester0.java:2894

testers.SimpleMethodsTester0 > test222 FAILED
    java.lang.ArithmeticException at SimpleMethodsTester0.java:2905

testers.SimpleMethodsTester0 > test223 FAILED
    java.lang.ArithmeticException at SimpleMethodsTester0.java:2918

testers.SimpleMethodsTester0 > test224 FAILED
    java.lang.ArithmeticException at SimpleMethodsTester0.java:2933

testers.SimpleMethodsTester0 > test225 FAILED
    java.lang.ArithmeticException at SimpleMethodsTester0.java:2948

testers.SimpleMethodsTester0 > test226 FAILED
    java.lang.ArithmeticException at SimpleMethodsTester0.java:2957

testers.SimpleMethodsTester0 > test227 FAILED
    java.lang.ArithmeticException at SimpleMethodsTester0.java:2973

testers.SimpleMethodsTester0 > test228 FAILED
    java.lang.ArithmeticException at SimpleMethodsTester0.java:2982

testers.SimpleMethodsTester0 > test229 FAILED
    java.lang.ArithmeticException at SimpleMethodsTester0.java:2995

testers.SimpleMethodsTester0 > test230 FAILED
    java.lang.ArithmeticException at SimpleMethodsTester0.java:3009

testers.SimpleMethodsTester0 > test231 FAILED
    java.lang.ArithmeticException at SimpleMethodsTester0.java:3020

testers.SimpleMethodsTester0 > test232 FAILED
    java.lang.ArithmeticException at SimpleMethodsTester0.java:3034

testers.SimpleMethodsTester0 > test233 FAILED
    java.lang.ArithmeticException at SimpleMethodsTester0.java:3048

testers.SimpleMethodsTester0 > test234 FAILED
    java.lang.ArithmeticException at SimpleMethodsTester0.java:3067

testers.SimpleMethodsTester0 > test235 FAILED
    java.lang.ArithmeticException at SimpleMethodsTester0.java:3081

testers.SimpleMethodsTester0 > test236 FAILED
    java.lang.ArithmeticException at SimpleMethodsTester0.java:3097

testers.SimpleMethodsTester0 > test237 FAILED
    java.lang.ArithmeticException at SimpleMethodsTester0.java:3112

testers.SimpleMethodsTester0 > test238 FAILED
    java.lang.ArithmeticException at SimpleMethodsTester0.java:3126

testers.SimpleMethodsTester0 > test239 FAILED
    java.lang.ArithmeticException at SimpleMethodsTester0.java:3140

testers.SimpleMethodsTester0 > test240 FAILED
    java.lang.ArithmeticException at SimpleMethodsTester0.java:3151

testers.SimpleMethodsTester0 > test241 FAILED
    java.lang.ArithmeticException at SimpleMethodsTester0.java:3163

testers.SimpleMethodsTester0 > test242 FAILED
    java.lang.ArithmeticException at SimpleMethodsTester0.java:3178

testers.SimpleMethodsTester0 > test243 FAILED
    java.lang.ArithmeticException at SimpleMethodsTester0.java:3190

testers.SimpleMethodsTester0 > test244 FAILED
    java.lang.ArithmeticException at SimpleMethodsTester0.java:3205

testers.SimpleMethodsTester0 > test245 FAILED
    java.lang.ArithmeticException at SimpleMethodsTester0.java:3218

testers.SimpleMethodsTester0 > test246 FAILED
    java.lang.ArithmeticException at SimpleMethodsTester0.java:3232

testers.SimpleMethodsTester0 > test247 FAILED
    java.lang.ArithmeticException at SimpleMethodsTester0.java:3248

testers.SimpleMethodsTester0 > test248 FAILED
    java.lang.ArithmeticException at SimpleMethodsTester0.java:3259

testers.SimpleMethodsTester0 > test249 FAILED
    java.lang.ArithmeticException at SimpleMethodsTester0.java:3271

testers.SimpleMethodsTester0 > test250 FAILED
    java.lang.ArithmeticException at SimpleMethodsTester0.java:3285

testers.SimpleMethodsTester0 > test251 FAILED
    java.lang.ArithmeticException at SimpleMethodsTester0.java:3298

testers.SimpleMethodsTester0 > test252 FAILED
    java.lang.ArithmeticException at SimpleMethodsTester0.java:3312

testers.SimpleMethodsTester0 > test253 FAILED
    java.lang.ArithmeticException at SimpleMethodsTester0.java:3327

testers.SimpleMethodsTester0 > test254 FAILED
    java.lang.ArithmeticException at SimpleMethodsTester0.java:3340

testers.SimpleMethodsTester0 > test255 FAILED
    java.lang.ArithmeticException at SimpleMethodsTester0.java:3355

testers.SimpleMethodsTester0 > test256 FAILED
    java.lang.ArithmeticException at SimpleMethodsTester0.java:3368

testers.SimpleMethodsTester0 > test257 FAILED
    java.lang.ArithmeticException at SimpleMethodsTester0.java:3381

testers.SimpleMethodsTester0 > test258 FAILED
    java.lang.ArithmeticException at SimpleMethodsTester0.java:3395

testers.SimpleMethodsTester0 > test259 FAILED
    java.lang.ArithmeticException at SimpleMethodsTester0.java:3410

testers.SimpleMethodsTester0 > test260 FAILED
    java.lang.ArithmeticException at SimpleMethodsTester0.java:3422

testers.SimpleMethodsTester0 > test261 FAILED
    java.lang.ArithmeticException at SimpleMethodsTester0.java:3434

testers.SimpleMethodsTester0 > test262 FAILED
    java.lang.ArithmeticException at SimpleMethodsTester0.java:3450

testers.SimpleMethodsTester0 > test263 FAILED
    java.lang.ArithmeticException at SimpleMethodsTester0.java:3465

testers.SimpleMethodsTester0 > test264 FAILED
    java.lang.ArithmeticException at SimpleMethodsTester0.java:3480

testers.SimpleMethodsTester0 > test265 FAILED
    java.lang.ArithmeticException at SimpleMethodsTester0.java:3495

testers.SimpleMethodsTester0 > test266 FAILED
    java.lang.ArithmeticException at SimpleMethodsTester0.java:3507

testers.SimpleMethodsTester0 > test267 FAILED
    java.lang.ArithmeticException at SimpleMethodsTester0.java:3520

testers.SimpleMethodsTester0 > test268 FAILED
    java.lang.ArithmeticException at SimpleMethodsTester0.java:3532

testers.SimpleMethodsTester0 > test269 FAILED
    java.lang.ArithmeticException at SimpleMethodsTester0.java:3545

testers.SimpleMethodsTester0 > test270 FAILED
    java.lang.ArithmeticException at SimpleMethodsTester0.java:3560

testers.SimpleMethodsTester0 > test271 FAILED
    java.lang.ArithmeticException at SimpleMethodsTester0.java:3574

testers.SimpleMethodsTester0 > test272 FAILED
    java.lang.ArithmeticException at SimpleMethodsTester0.java:3582

testers.SimpleMethodsTester0 > test273 FAILED
    java.lang.ArithmeticException at SimpleMethodsTester0.java:3598

testers.SimpleMethodsTester0 > test274 FAILED
    java.lang.ArithmeticException at SimpleMethodsTester0.java:3613

testers.SimpleMethodsTester0 > test275 FAILED
    java.lang.ArithmeticException at SimpleMethodsTester0.java:3628

testers.SimpleMethodsTester0 > test276 FAILED
    java.lang.ArithmeticException at SimpleMethodsTester0.java:3643

testers.SimpleMethodsTester0 > test277 FAILED
    java.lang.ArithmeticException at SimpleMethodsTester0.java:3657

testers.SimpleMethodsTester0 > test278 FAILED
    java.lang.ArithmeticException at SimpleMethodsTester0.java:3667

testers.SimpleMethodsTester0 > test279 FAILED
    java.lang.ArithmeticException at SimpleMethodsTester0.java:3683

testers.SimpleMethodsTester0 > test280 FAILED
    java.lang.ArithmeticException at SimpleMethodsTester0.java:3698

testers.SimpleMethodsTester0 > test281 FAILED
    java.lang.ArithmeticException at SimpleMethodsTester0.java:3711
Results: FAILURE (539 tests, 7 successes, 532 failures, 0 skipped)
:test FAILED
4 actionable tasks: 4 executed
