:clean

BUILD SUCCESSFUL in 0s
1 actionable task: 1 executed
:compileJava
:processResources NO-SOURCE
:classes
:compileTestJava
:processTestResources NO-SOURCE
:testClasses
:jar
:assemble
:test

DataStructures.QueueAr_ESTest STANDARD_OUT
    23:09:21.626 [Test worker] INFO  o.e.r.instrumentation.EvoClassLoader - Seeing class for first time: DataStructures.QueueAr_ESTest
    23:09:21.629 [Test worker] INFO  o.e.r.instrumentation.EvoClassLoader - Instrumenting class 'DataStructures.QueueAr_ESTest'.
    23:09:21.651 [Test worker] INFO  o.e.r.instrumentation.EvoClassLoader - Seeing class for first time: DataStructures.QueueAr_ESTest_scaffolding
    23:09:21.651 [Test worker] INFO  o.e.r.instrumentation.EvoClassLoader - Instrumenting class 'DataStructures.QueueAr_ESTest_scaffolding'.
    23:09:21.653 [Test worker] INFO  o.e.r.instrumentation.EvoClassLoader - Keeping class: DataStructures.QueueAr_ESTest_scaffolding
    23:09:21.653 [Test worker] INFO  o.e.r.instrumentation.EvoClassLoader - Keeping class: DataStructures.QueueAr_ESTest
    23:09:21.812 [Test worker] DEBUG o.e.runtime.sandbox.MSecurityManager - Adding privileged thread: "Reference Handler"
    23:09:21.812 [Test worker] DEBUG o.e.runtime.sandbox.MSecurityManager - Adding privileged thread: "Finalizer"
    23:09:21.812 [Test worker] DEBUG o.e.runtime.sandbox.MSecurityManager - Adding privileged thread: "Signal Dispatcher"
    23:09:21.812 [Test worker] DEBUG o.e.runtime.sandbox.MSecurityManager - Adding privileged thread: "Attach Listener"
    23:09:21.812 [Test worker] DEBUG o.e.runtime.sandbox.MSecurityManager - Adding privileged thread: "Java2D Disposer"
    23:09:21.812 [Test worker] DEBUG o.e.runtime.sandbox.MSecurityManager - Adding privileged thread: "AWT-Shutdown"
    23:09:21.812 [Test worker] DEBUG o.e.runtime.sandbox.MSecurityManager - Adding privileged thread: "AWT-Windows"
    23:09:21.812 [Test worker] DEBUG o.e.runtime.sandbox.MSecurityManager - Adding privileged thread: "main"
    23:09:21.812 [Test worker] DEBUG o.e.runtime.sandbox.MSecurityManager - Adding privileged thread: "Test worker"
    23:09:21.813 [Test worker] DEBUG o.e.runtime.sandbox.MSecurityManager - Adding privileged thread: "/127.0.0.1:51971 to /127.0.0.1:51970 workers Thread 2"
    23:09:21.813 [Test worker] DEBUG o.e.runtime.sandbox.MSecurityManager - Adding privileged thread: "/127.0.0.1:51971 to /127.0.0.1:51970 workers Thread 3"
    23:09:21.858 [Test worker] INFO  o.e.r.instrumentation.EvoClassLoader - Seeing class for first time: DataStructures.QueueAr
    23:09:21.858 [Test worker] INFO  o.e.r.instrumentation.EvoClassLoader - Instrumenting class 'DataStructures.QueueAr'.
    23:09:21.870 [Test worker] INFO  o.e.r.i.MethodCallReplacementClassAdapter - Adding mock interface to class DataStructures/QueueAr
    23:09:21.987 [Test worker] INFO  o.e.r.i.CreateClassResetClassAdapter - Creating brand-new static initializer in class DataStructures/QueueAr
    23:09:21.987 [Test worker] INFO  o.e.r.instrumentation.EvoClassLoader - Keeping class: DataStructures.QueueAr
    23:09:21.987 [Test worker] INFO  o.e.r.instrumentation.EvoClassLoader - Seeing class for first time: DataStructures.Overflow
    23:09:21.987 [Test worker] INFO  o.e.r.instrumentation.EvoClassLoader - Instrumenting class 'DataStructures.Overflow'.
    23:09:21.988 [Test worker] INFO  o.e.r.i.MethodCallReplacementClassAdapter - Adding mock interface to class DataStructures/Overflow
    23:09:21.988 [Test worker] INFO  o.e.r.i.CreateClassResetClassAdapter - Creating brand-new static initializer in class DataStructures/Overflow
    23:09:21.989 [Test worker] INFO  o.e.r.instrumentation.EvoClassLoader - Keeping class: DataStructures.Overflow

DataStructures.QueueAr_ESTest > test01 FAILED
    java.lang.ArrayIndexOutOfBoundsException at QueueAr_ESTest.java:34

RegressionTest > RegressionTest0.test02 FAILED
    java.lang.ArrayIndexOutOfBoundsException at RegressionTest0.java:32

RegressionTest > RegressionTest0.test03 FAILED
    java.lang.ArrayIndexOutOfBoundsException at RegressionTest0.java:52

RegressionTest > RegressionTest0.test04 FAILED
    java.lang.ArrayIndexOutOfBoundsException at RegressionTest0.java:68

RegressionTest > RegressionTest0.test05 FAILED
    java.lang.ArrayIndexOutOfBoundsException at RegressionTest0.java:86

RegressionTest > RegressionTest0.test06 FAILED
    java.lang.ArrayIndexOutOfBoundsException at RegressionTest0.java:106

RegressionTest > RegressionTest0.test07 FAILED
    java.lang.ArrayIndexOutOfBoundsException at RegressionTest0.java:133

RegressionTest > RegressionTest0.test08 FAILED
    java.lang.ArrayIndexOutOfBoundsException at RegressionTest0.java:146

RegressionTest > RegressionTest0.test09 FAILED
    java.lang.ArrayIndexOutOfBoundsException at RegressionTest0.java:158

RegressionTest > RegressionTest0.test10 FAILED
    java.lang.ArrayIndexOutOfBoundsException at RegressionTest0.java:181

RegressionTest > RegressionTest0.test12 FAILED
    java.lang.ArrayIndexOutOfBoundsException at RegressionTest0.java:218

RegressionTest > RegressionTest0.test13 FAILED
    java.lang.ArrayIndexOutOfBoundsException at RegressionTest0.java:248

RegressionTest > RegressionTest0.test14 FAILED
    java.lang.ArrayIndexOutOfBoundsException at RegressionTest0.java:263

RegressionTest > RegressionTest0.test17 FAILED
    java.lang.ArrayIndexOutOfBoundsException at RegressionTest0.java:300

RegressionTest > RegressionTest0.test18 FAILED
    java.lang.ArrayIndexOutOfBoundsException at RegressionTest0.java:317

RegressionTest > RegressionTest0.test20 FAILED
    java.lang.ArrayIndexOutOfBoundsException at RegressionTest0.java:338

RegressionTest > RegressionTest0.test21 FAILED
    java.lang.ArrayIndexOutOfBoundsException at RegressionTest0.java:356

RegressionTest > RegressionTest0.test23 FAILED
    java.lang.ArrayIndexOutOfBoundsException at RegressionTest0.java:384

RegressionTest > RegressionTest0.test25 FAILED
    java.lang.ArrayIndexOutOfBoundsException at RegressionTest0.java:406

RegressionTest > RegressionTest0.test26 FAILED
    java.lang.ArrayIndexOutOfBoundsException at RegressionTest0.java:424

RegressionTest > RegressionTest0.test29 FAILED
    java.lang.ArrayIndexOutOfBoundsException at RegressionTest0.java:474

RegressionTest > RegressionTest0.test30 FAILED
    java.lang.ArrayIndexOutOfBoundsException at RegressionTest0.java:491

RegressionTest > RegressionTest0.test32 FAILED
    java.lang.ArrayIndexOutOfBoundsException at RegressionTest0.java:512

RegressionTest > RegressionTest0.test33 FAILED
    java.lang.ArrayIndexOutOfBoundsException at RegressionTest0.java:529

RegressionTest > RegressionTest0.test34 FAILED
    java.lang.ArrayIndexOutOfBoundsException at RegressionTest0.java:546

RegressionTest > RegressionTest0.test38 FAILED
    java.lang.ArrayIndexOutOfBoundsException at RegressionTest0.java:603

RegressionTest > RegressionTest0.test40 FAILED
    java.lang.ArrayIndexOutOfBoundsException at RegressionTest0.java:628

RegressionTest > RegressionTest0.test43 FAILED
    java.lang.ArrayIndexOutOfBoundsException at RegressionTest0.java:668

RegressionTest > RegressionTest0.test45 FAILED
    java.lang.ArrayIndexOutOfBoundsException at RegressionTest0.java:698

RegressionTest0 > test02 FAILED
    java.lang.ArrayIndexOutOfBoundsException at RegressionTest0.java:32

RegressionTest0 > test03 FAILED
    java.lang.ArrayIndexOutOfBoundsException at RegressionTest0.java:52

RegressionTest0 > test04 FAILED
    java.lang.ArrayIndexOutOfBoundsException at RegressionTest0.java:68

RegressionTest0 > test05 FAILED
    java.lang.ArrayIndexOutOfBoundsException at RegressionTest0.java:86

RegressionTest0 > test06 FAILED
    java.lang.ArrayIndexOutOfBoundsException at RegressionTest0.java:106

RegressionTest0 > test07 FAILED
    java.lang.ArrayIndexOutOfBoundsException at RegressionTest0.java:133

RegressionTest0 > test08 FAILED
    java.lang.ArrayIndexOutOfBoundsException at RegressionTest0.java:146

RegressionTest0 > test09 FAILED
    java.lang.ArrayIndexOutOfBoundsException at RegressionTest0.java:158

RegressionTest0 > test10 FAILED
    java.lang.ArrayIndexOutOfBoundsException at RegressionTest0.java:181

RegressionTest0 > test12 FAILED
    java.lang.ArrayIndexOutOfBoundsException at RegressionTest0.java:218

RegressionTest0 > test13 FAILED
    java.lang.ArrayIndexOutOfBoundsException at RegressionTest0.java:248

RegressionTest0 > test14 FAILED
    java.lang.ArrayIndexOutOfBoundsException at RegressionTest0.java:263

RegressionTest0 > test17 FAILED
    java.lang.ArrayIndexOutOfBoundsException at RegressionTest0.java:300

RegressionTest0 > test18 FAILED
    java.lang.ArrayIndexOutOfBoundsException at RegressionTest0.java:317

RegressionTest0 > test20 FAILED
    java.lang.ArrayIndexOutOfBoundsException at RegressionTest0.java:338

RegressionTest0 > test21 FAILED
    java.lang.ArrayIndexOutOfBoundsException at RegressionTest0.java:356

RegressionTest0 > test23 FAILED
    java.lang.ArrayIndexOutOfBoundsException at RegressionTest0.java:384

RegressionTest0 > test25 FAILED
    java.lang.ArrayIndexOutOfBoundsException at RegressionTest0.java:406

RegressionTest0 > test26 FAILED
    java.lang.ArrayIndexOutOfBoundsException at RegressionTest0.java:424

RegressionTest0 > test29 FAILED
    java.lang.ArrayIndexOutOfBoundsException at RegressionTest0.java:474

RegressionTest0 > test30 FAILED
    java.lang.ArrayIndexOutOfBoundsException at RegressionTest0.java:491

RegressionTest0 > test32 FAILED
    java.lang.ArrayIndexOutOfBoundsException at RegressionTest0.java:512

RegressionTest0 > test33 FAILED
    java.lang.ArrayIndexOutOfBoundsException at RegressionTest0.java:529

RegressionTest0 > test34 FAILED
    java.lang.ArrayIndexOutOfBoundsException at RegressionTest0.java:546

RegressionTest0 > test38 FAILED
    java.lang.ArrayIndexOutOfBoundsException at RegressionTest0.java:603

RegressionTest0 > test40 FAILED
    java.lang.ArrayIndexOutOfBoundsException at RegressionTest0.java:628

RegressionTest0 > test43 FAILED
    java.lang.ArrayIndexOutOfBoundsException at RegressionTest0.java:668

RegressionTest0 > test45 FAILED
    java.lang.ArrayIndexOutOfBoundsException at RegressionTest0.java:698

testers.QueueArTester0 > test003 FAILED
    java.lang.ArrayIndexOutOfBoundsException at QueueArTester0.java:44

testers.QueueArTester0 > test005 FAILED
    java.lang.ArrayIndexOutOfBoundsException at QueueArTester0.java:67

testers.QueueArTester0 > test006 FAILED
    java.lang.ArrayIndexOutOfBoundsException at QueueArTester0.java:88

testers.QueueArTester0 > test010 FAILED
    java.lang.ArrayIndexOutOfBoundsException at QueueArTester0.java:130

testers.QueueArTester0 > test011 FAILED
    java.lang.ArrayIndexOutOfBoundsException at QueueArTester0.java:148

testers.QueueArTester0 > test012 FAILED
    java.lang.ArrayIndexOutOfBoundsException at QueueArTester0.java:168

testers.QueueArTester0 > test013 FAILED
    java.lang.ArrayIndexOutOfBoundsException at QueueArTester0.java:184

testers.QueueArTester0 > test014 FAILED
    java.lang.ArrayIndexOutOfBoundsException at QueueArTester0.java:207

testers.QueueArTester0 > test016 FAILED
    java.lang.ArrayIndexOutOfBoundsException at QueueArTester0.java:226

testers.QueueArTester0 > test017 FAILED
    java.lang.ArrayIndexOutOfBoundsException at QueueArTester0.java:238

testers.QueueArTester0 > test018 FAILED
    java.lang.ArrayIndexOutOfBoundsException at QueueArTester0.java:246

testers.QueueArTester0 > test021 FAILED
    java.lang.ArrayIndexOutOfBoundsException at QueueArTester0.java:287

testers.QueueArTester0 > test022 FAILED
    java.lang.ArrayIndexOutOfBoundsException at QueueArTester0.java:297

testers.QueueArTester0 > test025 FAILED
    java.lang.ArrayIndexOutOfBoundsException at QueueArTester0.java:329

testers.QueueArTester0 > test026 FAILED
    java.lang.ArrayIndexOutOfBoundsException at QueueArTester0.java:339

testers.QueueArTester0 > test027 FAILED
    java.lang.ArrayIndexOutOfBoundsException at QueueArTester0.java:353

testers.QueueArTester0 > test028 FAILED
    java.lang.ArrayIndexOutOfBoundsException at QueueArTester0.java:376

testers.QueueArTester0 > test029 FAILED
    java.lang.ArrayIndexOutOfBoundsException at QueueArTester0.java:385

testers.QueueArTester0 > test032 FAILED
    java.lang.ArrayIndexOutOfBoundsException at QueueArTester0.java:415

testers.QueueArTester0 > test033 FAILED
    java.lang.ArrayIndexOutOfBoundsException at QueueArTester0.java:426

testers.QueueArTester0 > test034 FAILED
    java.lang.ArrayIndexOutOfBoundsException at QueueArTester0.java:437

testers.QueueArTester0 > test035 FAILED
    java.lang.ArrayIndexOutOfBoundsException at QueueArTester0.java:446

testers.QueueArTester0 > test036 FAILED
    java.lang.ArrayIndexOutOfBoundsException at QueueArTester0.java:476

testers.QueueArTester0 > test042 FAILED
    java.lang.ArrayIndexOutOfBoundsException at QueueArTester0.java:537

testers.QueueArTester0 > test043 FAILED
    java.lang.ArrayIndexOutOfBoundsException at QueueArTester0.java:549

testers.QueueArTester0 > test044 FAILED
    java.lang.ArrayIndexOutOfBoundsException at QueueArTester0.java:564

testers.QueueArTester0 > test049 FAILED
    java.lang.ArrayIndexOutOfBoundsException at QueueArTester0.java:624

testers.QueueArTester0 > test050 FAILED
    java.lang.ArrayIndexOutOfBoundsException at QueueArTester0.java:641

testers.QueueArTester0 > test052 FAILED
    java.lang.ArrayIndexOutOfBoundsException at QueueArTester0.java:666

testers.QueueArTester0 > test055 FAILED
    java.lang.ArrayIndexOutOfBoundsException at QueueArTester0.java:715

testers.QueueArTester0 > test056 FAILED
    java.lang.ArrayIndexOutOfBoundsException at QueueArTester0.java:733

testers.QueueArTester0 > test058 FAILED
    java.lang.ArrayIndexOutOfBoundsException at QueueArTester0.java:765

testers.QueueArTester0 > test060 FAILED
    java.lang.ArrayIndexOutOfBoundsException at QueueArTester0.java:785

testers.QueueArTester0 > test062 FAILED
    java.lang.ArrayIndexOutOfBoundsException at QueueArTester0.java:809

testers.QueueArTester0 > test064 FAILED
    java.lang.ArrayIndexOutOfBoundsException at QueueArTester0.java:831

testers.QueueArTester0 > test065 FAILED
    java.lang.ArrayIndexOutOfBoundsException at QueueArTester0.java:843

testers.QueueArTester0 > test066 FAILED
    java.lang.ArrayIndexOutOfBoundsException at QueueArTester0.java:853

testers.QueueArTester0 > test070 FAILED
    java.lang.ArrayIndexOutOfBoundsException at QueueArTester0.java:908

testers.QueueArTester0 > test072 FAILED
    java.lang.ArrayIndexOutOfBoundsException at QueueArTester0.java:933

testers.QueueArTester0 > test074 FAILED
    java.lang.ArrayIndexOutOfBoundsException at QueueArTester0.java:960

testers.QueueArTester0 > test075 FAILED
    java.lang.ArrayIndexOutOfBoundsException at QueueArTester0.java:971

testers.QueueArTester0 > test079 FAILED
    java.lang.ArrayIndexOutOfBoundsException at QueueArTester0.java:1017

testers.QueueArTester0 > test081 FAILED
    java.lang.ArrayIndexOutOfBoundsException at QueueArTester0.java:1040

testers.QueueArTester0 > test084 FAILED
    java.lang.ArrayIndexOutOfBoundsException at QueueArTester0.java:1085

testers.QueueArTester0 > test085 FAILED
    java.lang.ArrayIndexOutOfBoundsException at QueueArTester0.java:1102

testers.QueueArTester0 > test086 FAILED
    java.lang.ArrayIndexOutOfBoundsException at QueueArTester0.java:1128

testers.QueueArTester0 > test087 FAILED
    java.lang.ArrayIndexOutOfBoundsException at QueueArTester0.java:1143

testers.QueueArTester0 > test088 FAILED
    java.lang.ArrayIndexOutOfBoundsException at QueueArTester0.java:1151

testers.QueueArTester0 > test089 FAILED
    java.lang.ArrayIndexOutOfBoundsException at QueueArTester0.java:1166

testers.QueueArTester0 > test091 FAILED
    java.lang.ArrayIndexOutOfBoundsException at QueueArTester0.java:1198

testers.QueueArTester0 > test093 FAILED
    java.lang.ArrayIndexOutOfBoundsException at QueueArTester0.java:1236

testers.QueueArTester0 > test094 FAILED
    java.lang.ArrayIndexOutOfBoundsException at QueueArTester0.java:1257

testers.QueueArTester0 > test095 FAILED
    java.lang.ArrayIndexOutOfBoundsException at QueueArTester0.java:1281

testers.QueueArTester0 > test098 FAILED
    java.lang.ArrayIndexOutOfBoundsException at QueueArTester0.java:1324

testers.QueueArTester0 > test099 FAILED
    java.lang.ArrayIndexOutOfBoundsException at QueueArTester0.java:1339

testers.QueueArTester0 > test100 FAILED
    java.lang.ArrayIndexOutOfBoundsException at QueueArTester0.java:1350

testers.QueueArTester0 > test102 FAILED
    java.lang.ArrayIndexOutOfBoundsException at QueueArTester0.java:1373

testers.QueueArTester0 > test103 FAILED
    java.lang.ArrayIndexOutOfBoundsException at QueueArTester0.java:1390

testers.QueueArTester0 > test104 FAILED
    java.lang.ArrayIndexOutOfBoundsException at QueueArTester0.java:1398

testers.QueueArTester0 > test108 FAILED
    java.lang.ArrayIndexOutOfBoundsException at QueueArTester0.java:1448

testers.QueueArTester0 > test110 FAILED
    java.lang.ArrayIndexOutOfBoundsException at QueueArTester0.java:1475

testers.QueueArTester0 > test111 FAILED
    java.lang.ArrayIndexOutOfBoundsException at QueueArTester0.java:1499

testers.QueueArTester0 > test112 FAILED
    java.lang.ArrayIndexOutOfBoundsException at QueueArTester0.java:1519

testers.QueueArTester0 > test113 FAILED
    java.lang.ArrayIndexOutOfBoundsException at QueueArTester0.java:1534

testers.QueueArTester0 > test114 FAILED
    java.lang.ArrayIndexOutOfBoundsException at QueueArTester0.java:1543

testers.QueueArTester0 > test115 FAILED
    java.lang.ArrayIndexOutOfBoundsException at QueueArTester0.java:1551

testers.QueueArTester0 > test116 FAILED
    java.lang.ArrayIndexOutOfBoundsException at QueueArTester0.java:1565

testers.QueueArTester0 > test117 FAILED
    java.lang.ArrayIndexOutOfBoundsException at QueueArTester0.java:1576

testers.QueueArTester0 > test118 FAILED
    java.lang.ArrayIndexOutOfBoundsException at QueueArTester0.java:1585

testers.QueueArTester0 > test119 FAILED
    java.lang.ArrayIndexOutOfBoundsException at QueueArTester0.java:1601

testers.QueueArTester0 > test120 FAILED
    java.lang.ArrayIndexOutOfBoundsException at QueueArTester0.java:1612

testers.QueueArTester0 > test121 FAILED
    java.lang.ArrayIndexOutOfBoundsException at QueueArTester0.java:1625

testers.QueueArTester0 > test122 FAILED
    java.lang.ArrayIndexOutOfBoundsException at QueueArTester0.java:1640

testers.QueueArTester0 > test124 FAILED
    java.lang.ArrayIndexOutOfBoundsException at QueueArTester0.java:1662

testers.QueueArTester0 > test125 FAILED
    java.lang.ArrayIndexOutOfBoundsException at QueueArTester0.java:1672

testers.QueueArTester0 > test126 FAILED
    java.lang.ArrayIndexOutOfBoundsException at QueueArTester0.java:1696

testers.QueueArTester0 > test127 FAILED
    java.lang.ArrayIndexOutOfBoundsException at QueueArTester0.java:1709

testers.QueueArTester0 > test128 FAILED
    java.lang.ArrayIndexOutOfBoundsException at QueueArTester0.java:1735

testers.QueueArTester0 > test130 FAILED
    java.lang.ArrayIndexOutOfBoundsException at QueueArTester0.java:1767

testers.QueueArTester0 > test131 FAILED
    java.lang.ArrayIndexOutOfBoundsException at QueueArTester0.java:1785

testers.QueueArTester0 > test134 FAILED
    java.lang.ArrayIndexOutOfBoundsException at QueueArTester0.java:1826

testers.QueueArTester0 > test135 FAILED
    java.lang.ArrayIndexOutOfBoundsException at QueueArTester0.java:1837

testers.QueueArTester0 > test138 FAILED
    java.lang.ArrayIndexOutOfBoundsException at QueueArTester0.java:1881

testers.QueueArTester0 > test140 FAILED
    java.lang.ArrayIndexOutOfBoundsException at QueueArTester0.java:1905

testers.QueueArTester0 > test141 FAILED
    java.lang.ArrayIndexOutOfBoundsException at QueueArTester0.java:1923

testers.QueueArTester0 > test142 FAILED
    java.lang.ArrayIndexOutOfBoundsException at QueueArTester0.java:1935

testers.QueueArTester0 > test143 FAILED
    java.lang.ArrayIndexOutOfBoundsException at QueueArTester0.java:1953

testers.QueueArTester0 > test145 FAILED
    java.lang.ArrayIndexOutOfBoundsException at QueueArTester0.java:1987

testers.QueueArTester0 > test146 FAILED
    java.lang.ArrayIndexOutOfBoundsException at QueueArTester0.java:2004

testers.QueueArTester0 > test148 FAILED
    java.lang.ArrayIndexOutOfBoundsException at QueueArTester0.java:2043

testers.QueueArTester0 > test150 FAILED
    java.lang.ArrayIndexOutOfBoundsException at QueueArTester0.java:2073

testers.QueueArTester0 > test151 FAILED
    java.lang.ArrayIndexOutOfBoundsException at QueueArTester0.java:2082

testers.QueueArTester0 > test152 FAILED
    java.lang.ArrayIndexOutOfBoundsException at QueueArTester0.java:2093

testers.QueueArTester0 > test154 FAILED
    java.lang.ArrayIndexOutOfBoundsException at QueueArTester0.java:2117

testers.QueueArTester0 > test155 FAILED
    java.lang.ArrayIndexOutOfBoundsException at QueueArTester0.java:2129

testers.QueueArTester0 > test157 FAILED
    java.lang.ArrayIndexOutOfBoundsException at QueueArTester0.java:2158

testers.QueueArTester0 > test158 FAILED
    java.lang.ArrayIndexOutOfBoundsException at QueueArTester0.java:2174

testers.QueueArTester0 > test159 FAILED
    java.lang.ArrayIndexOutOfBoundsException at QueueArTester0.java:2188

testers.QueueArTester0 > test160 FAILED
    java.lang.ArrayIndexOutOfBoundsException at QueueArTester0.java:2200

testers.QueueArTester0 > test162 FAILED
    java.lang.ArrayIndexOutOfBoundsException at QueueArTester0.java:2221

testers.QueueArTester0 > test163 FAILED
    java.lang.ArrayIndexOutOfBoundsException at QueueArTester0.java:2237

testers.QueueArTester0 > test164 FAILED
    java.lang.ArrayIndexOutOfBoundsException at QueueArTester0.java:2256

testers.QueueArTester0 > test166 FAILED
    java.lang.ArrayIndexOutOfBoundsException at QueueArTester0.java:2275

testers.QueueArTester0 > test170 FAILED
    java.lang.ArrayIndexOutOfBoundsException at QueueArTester0.java:2325

testers.QueueArTester0 > test171 FAILED
    java.lang.ArrayIndexOutOfBoundsException at QueueArTester0.java:2338

testers.QueueArTester0 > test173 FAILED
    java.lang.ArrayIndexOutOfBoundsException at QueueArTester0.java:2373

testers.QueueArTester0 > test174 FAILED
    java.lang.ArrayIndexOutOfBoundsException at QueueArTester0.java:2397

testers.QueueArTester0 > test175 FAILED
    java.lang.ArrayIndexOutOfBoundsException at QueueArTester0.java:2421

testers.QueueArTester0 > test176 FAILED
    java.lang.ArrayIndexOutOfBoundsException at QueueArTester0.java:2447

testers.QueueArTester0 > test177 FAILED
    java.lang.ArrayIndexOutOfBoundsException at QueueArTester0.java:2479

testers.QueueArTester0 > test178 FAILED
    java.lang.ArrayIndexOutOfBoundsException at QueueArTester0.java:2494

testers.QueueArTester0 > test179 FAILED
    java.lang.ArrayIndexOutOfBoundsException at QueueArTester0.java:2505

testers.QueueArTester0 > test184 FAILED
    java.lang.ArrayIndexOutOfBoundsException at QueueArTester0.java:2557

testers.QueueArTester0 > test185 FAILED
    java.lang.ArrayIndexOutOfBoundsException at QueueArTester0.java:2577

testers.QueueArTester0 > test186 FAILED
    java.lang.ArrayIndexOutOfBoundsException at QueueArTester0.java:2585

testers.QueueArTester0 > test188 FAILED
    java.lang.ArrayIndexOutOfBoundsException at QueueArTester0.java:2616

testers.QueueArTester0 > test190 FAILED
    java.lang.ArrayIndexOutOfBoundsException at QueueArTester0.java:2636

testers.QueueArTester0 > test191 FAILED
    java.lang.ArrayIndexOutOfBoundsException at QueueArTester0.java:2646

testers.QueueArTester0 > test192 FAILED
    java.lang.ArrayIndexOutOfBoundsException at QueueArTester0.java:2661

testers.QueueArTester0 > test193 FAILED
    java.lang.ArrayIndexOutOfBoundsException at QueueArTester0.java:2683

testers.QueueArTester0 > test194 FAILED
    java.lang.ArrayIndexOutOfBoundsException at QueueArTester0.java:2703

testers.QueueArTester0 > test196 FAILED
    java.lang.ArrayIndexOutOfBoundsException at QueueArTester0.java:2734

testers.QueueArTester0 > test198 FAILED
    java.lang.ArrayIndexOutOfBoundsException at QueueArTester0.java:2759

testers.QueueArTester0 > test199 FAILED
    java.lang.ArrayIndexOutOfBoundsException at QueueArTester0.java:2782

testers.QueueArTester0 > test201 FAILED
    java.lang.ArrayIndexOutOfBoundsException at QueueArTester0.java:2805

testers.QueueArTester0 > test204 FAILED
    java.lang.ArrayIndexOutOfBoundsException at QueueArTester0.java:2857

testers.QueueArTester0 > test206 FAILED
    java.lang.ArrayIndexOutOfBoundsException at QueueArTester0.java:2883

testers.QueueArTester0 > test207 FAILED
    java.lang.ArrayIndexOutOfBoundsException at QueueArTester0.java:2894

testers.QueueArTester0 > test208 FAILED
    java.lang.ArrayIndexOutOfBoundsException at QueueArTester0.java:2907

testers.QueueArTester0 > test211 FAILED
    java.lang.ArrayIndexOutOfBoundsException at QueueArTester0.java:2955

testers.QueueArTester0 > test212 FAILED
    java.lang.ArrayIndexOutOfBoundsException at QueueArTester0.java:2966

testers.QueueArTester0 > test216 FAILED
    java.lang.ArrayIndexOutOfBoundsException at QueueArTester0.java:3008

testers.QueueArTester0 > test217 FAILED
    java.lang.ArrayIndexOutOfBoundsException at QueueArTester0.java:3018

testers.QueueArTester0 > test218 FAILED
    java.lang.ArrayIndexOutOfBoundsException at QueueArTester0.java:3030

testers.QueueArTester0 > test219 FAILED
    java.lang.ArrayIndexOutOfBoundsException at QueueArTester0.java:3041

testers.QueueArTester0 > test220 FAILED
    java.lang.ArrayIndexOutOfBoundsException at QueueArTester0.java:3053

testers.QueueArTester0 > test221 FAILED
    java.lang.ArrayIndexOutOfBoundsException at QueueArTester0.java:3075

testers.QueueArTester0 > test222 FAILED
    java.lang.ArrayIndexOutOfBoundsException at QueueArTester0.java:3095

testers.QueueArTester0 > test223 FAILED
    java.lang.ArrayIndexOutOfBoundsException at QueueArTester0.java:3105

testers.QueueArTester0 > test224 FAILED
    java.lang.ArrayIndexOutOfBoundsException at QueueArTester0.java:3121

testers.QueueArTester0 > test225 FAILED
    java.lang.ArrayIndexOutOfBoundsException at QueueArTester0.java:3137

testers.QueueArTester0 > test226 FAILED
    java.lang.ArrayIndexOutOfBoundsException at QueueArTester0.java:3165

testers.QueueArTester0 > test227 FAILED
    java.lang.ArrayIndexOutOfBoundsException at QueueArTester0.java:3173

testers.QueueArTester0 > test228 FAILED
    java.lang.ArrayIndexOutOfBoundsException at QueueArTester0.java:3189

testers.QueueArTester0 > test229 FAILED
    java.lang.ArrayIndexOutOfBoundsException at QueueArTester0.java:3200

testers.QueueArTester0 > test230 FAILED
    java.lang.ArrayIndexOutOfBoundsException at QueueArTester0.java:3222

testers.QueueArTester0 > test231 FAILED
    java.lang.ArrayIndexOutOfBoundsException at QueueArTester0.java:3239

testers.QueueArTester0 > test233 FAILED
    java.lang.ArrayIndexOutOfBoundsException at QueueArTester0.java:3262

testers.QueueArTester0 > test234 FAILED
    java.lang.ArrayIndexOutOfBoundsException at QueueArTester0.java:3285

testers.QueueArTester0 > test235 FAILED
    java.lang.ArrayIndexOutOfBoundsException at QueueArTester0.java:3316

testers.QueueArTester0 > test236 FAILED
    java.lang.ArrayIndexOutOfBoundsException at QueueArTester0.java:3325

testers.QueueArTester0 > test237 FAILED
    java.lang.ArrayIndexOutOfBoundsException at QueueArTester0.java:3345

testers.QueueArTester0 > test238 FAILED
    java.lang.ArrayIndexOutOfBoundsException at QueueArTester0.java:3353
Results: FAILURE (343 tests, 133 successes, 210 failures, 0 skipped)
:test FAILED
4 actionable tasks: 4 executed
