:clean

BUILD SUCCESSFUL in 0s
1 actionable task: 1 executed
:compileJava
:processResources NO-SOURCE
:classes
:compileTestJava
:processTestResources NO-SOURCE
:testClasses
:jar
:assemble
:test

examples.MaxBag_ESTest STANDARD_OUT
    08:03:15.842 [Test worker] INFO  o.e.r.instrumentation.EvoClassLoader - Seeing class for first time: examples.MaxBag_ESTest
    08:03:15.844 [Test worker] INFO  o.e.r.instrumentation.EvoClassLoader - Instrumenting class 'examples.MaxBag_ESTest'.
    08:03:15.867 [Test worker] INFO  o.e.r.instrumentation.EvoClassLoader - Seeing class for first time: examples.MaxBag_ESTest_scaffolding
    08:03:15.867 [Test worker] INFO  o.e.r.instrumentation.EvoClassLoader - Instrumenting class 'examples.MaxBag_ESTest_scaffolding'.
    08:03:15.869 [Test worker] INFO  o.e.r.instrumentation.EvoClassLoader - Keeping class: examples.MaxBag_ESTest_scaffolding
    08:03:15.869 [Test worker] INFO  o.e.r.instrumentation.EvoClassLoader - Keeping class: examples.MaxBag_ESTest
    08:03:15.945 [Test worker] DEBUG o.e.runtime.sandbox.MSecurityManager - Adding privileged thread: "Reference Handler"
    08:03:15.945 [Test worker] DEBUG o.e.runtime.sandbox.MSecurityManager - Adding privileged thread: "Finalizer"
    08:03:15.946 [Test worker] DEBUG o.e.runtime.sandbox.MSecurityManager - Adding privileged thread: "Signal Dispatcher"
    08:03:15.946 [Test worker] DEBUG o.e.runtime.sandbox.MSecurityManager - Adding privileged thread: "Attach Listener"
    08:03:15.946 [Test worker] DEBUG o.e.runtime.sandbox.MSecurityManager - Adding privileged thread: "Java2D Disposer"
    08:03:15.946 [Test worker] DEBUG o.e.runtime.sandbox.MSecurityManager - Adding privileged thread: "AWT-Shutdown"
    08:03:15.946 [Test worker] DEBUG o.e.runtime.sandbox.MSecurityManager - Adding privileged thread: "AWT-Windows"
    08:03:15.946 [Test worker] DEBUG o.e.runtime.sandbox.MSecurityManager - Adding privileged thread: "main"
    08:03:15.946 [Test worker] DEBUG o.e.runtime.sandbox.MSecurityManager - Adding privileged thread: "Test worker"
    08:03:15.946 [Test worker] DEBUG o.e.runtime.sandbox.MSecurityManager - Adding privileged thread: "/127.0.0.1:64180 to /127.0.0.1:64179 workers Thread 2"
    08:03:15.946 [Test worker] DEBUG o.e.runtime.sandbox.MSecurityManager - Adding privileged thread: "/127.0.0.1:64180 to /127.0.0.1:64179 workers Thread 3"
    08:03:15.983 [Test worker] INFO  o.e.r.instrumentation.EvoClassLoader - Seeing class for first time: examples.MaxBag
    08:03:15.983 [Test worker] INFO  o.e.r.instrumentation.EvoClassLoader - Instrumenting class 'examples.MaxBag'.
    08:03:15.996 [Test worker] INFO  o.e.r.i.MethodCallReplacementClassAdapter - Adding mock interface to class examples/MaxBag
    08:03:16.120 [Test worker] INFO  o.e.r.i.CreateClassResetClassAdapter - Found static initializer in class examples/MaxBag
    08:03:16.122 [Test worker] INFO  o.e.r.instrumentation.EvoClassLoader - Keeping class: examples.MaxBag
    08:03:16.122 [Test worker] INFO  o.e.r.instrumentation.EvoClassLoader - Seeing class for first time: examples._Type328393
    08:03:16.122 [Test worker] INFO  o.e.r.instrumentation.EvoClassLoader - Instrumenting class 'examples._Type328393'.
    08:03:16.123 [Test worker] INFO  o.e.r.i.MethodCallReplacementClassAdapter - Adding mock interface to class examples/_Type328393
    08:03:16.124 [Test worker] INFO  o.e.r.i.CreateClassResetClassAdapter - Creating brand-new static initializer in class examples/_Type328393
    08:03:16.124 [Test worker] INFO  o.e.r.instrumentation.EvoClassLoader - Keeping class: examples._Type328393

examples.MaxBag_ESTest > test01 FAILED
    java.lang.AssertionError at MaxBag_ESTest.java:47

examples.MaxBag_ESTest > test12 FAILED
    java.lang.AssertionError at MaxBag_ESTest.java:195

examples.MaxBag_ESTest > test11 FAILED
    java.lang.AssertionError at MaxBag_ESTest.java:186

examples.MaxBag_ESTest > test16 FAILED
    java.lang.AssertionError at MaxBag_ESTest.java:250

examples.MaxBag_ESTest > test15 FAILED
    java.lang.AssertionError at MaxBag_ESTest.java:240

examples.MaxBag_ESTest > test03 FAILED
    java.lang.AssertionError at MaxBag_ESTest.java:69

examples.MaxBag_ESTest > test14 FAILED
    java.lang.AssertionError at MaxBag_ESTest.java:229

examples.MaxBag_ESTest > test02 FAILED
    java.lang.AssertionError at MaxBag_ESTest.java:55

examples.MaxBag_ESTest > test09 FAILED
    java.lang.AssertionError at MaxBag_ESTest.java:153

examples.MaxBag_ESTest > test08 FAILED
    java.lang.AssertionError at MaxBag_ESTest.java:138

examples.MaxBag_ESTest > test07 FAILED
    java.lang.AssertionError at MaxBag_ESTest.java:120

examples.MaxBag_ESTest > test18 FAILED
    java.lang.AssertionError at MaxBag_ESTest.java:270

examples.MaxBag_ESTest > test06 FAILED
    java.lang.AssertionError at MaxBag_ESTest.java:111

examples.MaxBag_ESTest > test17 FAILED
    java.lang.AssertionError at MaxBag_ESTest.java:261
Results: FAILURE (75 tests, 61 successes, 14 failures, 0 skipped)
:test FAILED
4 actionable tasks: 4 executed
