:clean

BUILD SUCCESSFUL in 2s
1 actionable task: 1 executed
:compileJava
:processResources NO-SOURCE
:classes
:compileTestJava
:processTestResources NO-SOURCE
:testClasses
:jar
:assemble
:test

examples.RingBuffer_ESTest STANDARD_OUT
    12:18:28.600 [Test worker] INFO  o.e.r.instrumentation.EvoClassLoader - Seeing class for first time: examples.RingBuffer_ESTest
    12:18:28.603 [Test worker] INFO  o.e.r.instrumentation.EvoClassLoader - Instrumenting class 'examples.RingBuffer_ESTest'.
    12:18:28.638 [Test worker] INFO  o.e.r.instrumentation.EvoClassLoader - Seeing class for first time: examples.RingBuffer_ESTest_scaffolding
    12:18:28.638 [Test worker] INFO  o.e.r.instrumentation.EvoClassLoader - Instrumenting class 'examples.RingBuffer_ESTest_scaffolding'.
    12:18:28.642 [Test worker] INFO  o.e.r.instrumentation.EvoClassLoader - Keeping class: examples.RingBuffer_ESTest_scaffolding
    12:18:28.642 [Test worker] INFO  o.e.r.instrumentation.EvoClassLoader - Keeping class: examples.RingBuffer_ESTest
    12:18:28.946 [Test worker] DEBUG o.e.runtime.sandbox.MSecurityManager - Adding privileged thread: "Reference Handler"
    12:18:28.947 [Test worker] DEBUG o.e.runtime.sandbox.MSecurityManager - Adding privileged thread: "Finalizer"
    12:18:28.947 [Test worker] DEBUG o.e.runtime.sandbox.MSecurityManager - Adding privileged thread: "Signal Dispatcher"
    12:18:28.947 [Test worker] DEBUG o.e.runtime.sandbox.MSecurityManager - Adding privileged thread: "Attach Listener"
    12:18:28.947 [Test worker] DEBUG o.e.runtime.sandbox.MSecurityManager - Adding privileged thread: "Java2D Disposer"
    12:18:28.947 [Test worker] DEBUG o.e.runtime.sandbox.MSecurityManager - Adding privileged thread: "AWT-Shutdown"
    12:18:28.947 [Test worker] DEBUG o.e.runtime.sandbox.MSecurityManager - Adding privileged thread: "AWT-Windows"
    12:18:28.947 [Test worker] DEBUG o.e.runtime.sandbox.MSecurityManager - Adding privileged thread: "main"
    12:18:28.947 [Test worker] DEBUG o.e.runtime.sandbox.MSecurityManager - Adding privileged thread: "Test worker"
    12:18:28.947 [Test worker] DEBUG o.e.runtime.sandbox.MSecurityManager - Adding privileged thread: "/127.0.0.1:65321 to /127.0.0.1:65320 workers Thread 2"
    12:18:28.948 [Test worker] DEBUG o.e.runtime.sandbox.MSecurityManager - Adding privileged thread: "/127.0.0.1:65321 to /127.0.0.1:65320 workers Thread 3"
    12:18:29.005 [Test worker] INFO  o.e.r.instrumentation.EvoClassLoader - Seeing class for first time: examples.RingBuffer
    12:18:29.006 [Test worker] INFO  o.e.r.instrumentation.EvoClassLoader - Instrumenting class 'examples.RingBuffer'.
    12:18:29.049 [Test worker] INFO  o.e.r.i.MethodCallReplacementClassAdapter - Adding mock interface to class examples/RingBuffer
    12:18:29.299 [Test worker] INFO  o.e.r.i.CreateClassResetClassAdapter - Creating brand-new static initializer in class examples/RingBuffer
    12:18:29.300 [Test worker] INFO  o.e.r.instrumentation.EvoClassLoader - Keeping class: examples.RingBuffer

examples.RingBuffer_ESTest > test18 FAILED
    java.lang.AssertionError at RingBuffer_ESTest.java:215

examples.RingBuffer_ESTest > test04 FAILED
    java.lang.AssertionError at RingBuffer_ESTest.java:61

examples.RingBuffer_ESTest > test15 STANDARD_OUT
    12:18:29.357 [Test worker] INFO  o.e.runtime.thread.ThreadStopper - Found new thread

examples.RingBuffer_ESTest > test01 FAILED
    java.lang.AssertionError at RingBuffer_ESTest.java:34

examples.RingBuffer_ESTest > test12 FAILED
    java.lang.AssertionError at RingBuffer_ESTest.java:151

examples.RingBuffer_ESTest > test10 FAILED
    java.lang.AssertionError at RingBuffer_ESTest.java:130

RegressionTest > RegressionTest0.test084 FAILED
    java.lang.AssertionError at RegressionTest0.java:1265

RegressionTest > RegressionTest0.test106 FAILED
    java.lang.AssertionError at RegressionTest0.java:1667

RegressionTest0 > test084 FAILED
    java.lang.AssertionError at RegressionTest0.java:1265

RegressionTest0 > test106 FAILED
    java.lang.AssertionError at RegressionTest0.java:1667
Results: FAILURE (564 tests, 555 successes, 9 failures, 0 skipped)
:test FAILED
4 actionable tasks: 4 executed
