:clean

BUILD SUCCESSFUL in 3s
1 actionable task: 1 executed
:compileJava
:processResources NO-SOURCE
:classes
:compileTestJava
:processTestResources NO-SOURCE
:testClasses
:jar
:assemble
:test

DataStructures.StackAr_ESTest STANDARD_OUT
    13:11:24.864 [Test worker] INFO  o.e.r.instrumentation.EvoClassLoader - Seeing class for first time: DataStructures.StackAr_ESTest
    13:11:24.873 [Test worker] INFO  o.e.r.instrumentation.EvoClassLoader - Instrumenting class 'DataStructures.StackAr_ESTest'.
    13:11:24.945 [Test worker] INFO  o.e.r.instrumentation.EvoClassLoader - Seeing class for first time: DataStructures.StackAr_ESTest_scaffolding
    13:11:24.945 [Test worker] INFO  o.e.r.instrumentation.EvoClassLoader - Instrumenting class 'DataStructures.StackAr_ESTest_scaffolding'.
    13:11:24.950 [Test worker] INFO  o.e.r.instrumentation.EvoClassLoader - Keeping class: DataStructures.StackAr_ESTest_scaffolding
    13:11:24.950 [Test worker] INFO  o.e.r.instrumentation.EvoClassLoader - Keeping class: DataStructures.StackAr_ESTest
    13:11:25.325 [Test worker] DEBUG o.e.runtime.sandbox.MSecurityManager - Adding privileged thread: "Reference Handler"
    13:11:25.326 [Test worker] DEBUG o.e.runtime.sandbox.MSecurityManager - Adding privileged thread: "Finalizer"
    13:11:25.326 [Test worker] DEBUG o.e.runtime.sandbox.MSecurityManager - Adding privileged thread: "Signal Dispatcher"
    13:11:25.326 [Test worker] DEBUG o.e.runtime.sandbox.MSecurityManager - Adding privileged thread: "Attach Listener"
    13:11:25.326 [Test worker] DEBUG o.e.runtime.sandbox.MSecurityManager - Adding privileged thread: "Java2D Disposer"
    13:11:25.326 [Test worker] DEBUG o.e.runtime.sandbox.MSecurityManager - Adding privileged thread: "AWT-Shutdown"
    13:11:25.326 [Test worker] DEBUG o.e.runtime.sandbox.MSecurityManager - Adding privileged thread: "AWT-Windows"
    13:11:25.326 [Test worker] DEBUG o.e.runtime.sandbox.MSecurityManager - Adding privileged thread: "main"
    13:11:25.327 [Test worker] DEBUG o.e.runtime.sandbox.MSecurityManager - Adding privileged thread: "Test worker"
    13:11:25.327 [Test worker] DEBUG o.e.runtime.sandbox.MSecurityManager - Adding privileged thread: "/127.0.0.1:55038 to /127.0.0.1:55037 workers Thread 2"
    13:11:25.327 [Test worker] DEBUG o.e.runtime.sandbox.MSecurityManager - Adding privileged thread: "/127.0.0.1:55038 to /127.0.0.1:55037 workers Thread 3"
    13:11:25.412 [Test worker] INFO  o.e.r.instrumentation.EvoClassLoader - Seeing class for first time: DataStructures.UnderflowException
    13:11:25.412 [Test worker] INFO  o.e.r.instrumentation.EvoClassLoader - Instrumenting class 'DataStructures.UnderflowException'.
    13:11:25.445 [Test worker] INFO  o.e.r.i.MethodCallReplacementClassAdapter - Adding mock interface to class DataStructures/UnderflowException
    13:11:25.663 [Test worker] INFO  o.e.r.i.CreateClassResetClassAdapter - Creating brand-new static initializer in class DataStructures/UnderflowException
    13:11:25.664 [Test worker] INFO  o.e.r.instrumentation.EvoClassLoader - Keeping class: DataStructures.UnderflowException
    13:11:25.664 [Test worker] INFO  o.e.r.instrumentation.EvoClassLoader - Seeing class for first time: DataStructures.StackAr
    13:11:25.664 [Test worker] INFO  o.e.r.instrumentation.EvoClassLoader - Instrumenting class 'DataStructures.StackAr'.
    13:11:25.666 [Test worker] INFO  o.e.r.i.MethodCallReplacementClassAdapter - Adding mock interface to class DataStructures/StackAr
    13:11:25.669 [Test worker] INFO  o.e.r.i.CreateClassResetClassAdapter - Creating brand-new static initializer in class DataStructures/StackAr
    13:11:25.669 [Test worker] INFO  o.e.r.i.CreateClassResetClassAdapter - Adding bytecode for initializing field DEFAULT_CAPACITY
    13:11:25.671 [Test worker] INFO  o.e.r.instrumentation.EvoClassLoader - Keeping class: DataStructures.StackAr
    13:11:25.671 [Test worker] INFO  o.e.r.instrumentation.EvoClassLoader - Seeing class for first time: DataStructures.OverflowException
    13:11:25.671 [Test worker] INFO  o.e.r.instrumentation.EvoClassLoader - Instrumenting class 'DataStructures.OverflowException'.
    13:11:25.673 [Test worker] INFO  o.e.r.i.MethodCallReplacementClassAdapter - Adding mock interface to class DataStructures/OverflowException
    13:11:25.673 [Test worker] INFO  o.e.r.i.CreateClassResetClassAdapter - Creating brand-new static initializer in class DataStructures/OverflowException
    13:11:25.673 [Test worker] INFO  o.e.r.instrumentation.EvoClassLoader - Keeping class: DataStructures.OverflowException

DataStructures.StackAr_ESTest > test00 FAILED
    DataStructures.UnderflowException

DataStructures.StackAr_ESTest > test11 FAILED
    DataStructures.UnderflowException at StackAr_ESTest.java:136

RegressionTest > RegressionTest0.test13 FAILED
    DataStructures.UnderflowException at RegressionTest0.java:155

RegressionTest > RegressionTest0.test36 FAILED
    DataStructures.UnderflowException at RegressionTest0.java:456

RegressionTest0 > test13 FAILED
    DataStructures.UnderflowException at RegressionTest0.java:155

RegressionTest0 > test36 FAILED
    DataStructures.UnderflowException at RegressionTest0.java:456

testers.StackArTester0 > test011 FAILED
    DataStructures.UnderflowException at StackArTester0.java:140

testers.StackArTester0 > test015 FAILED
    DataStructures.UnderflowException at StackArTester0.java:188

testers.StackArTester0 > test021 FAILED
    DataStructures.UnderflowException at StackArTester0.java:262

testers.StackArTester0 > test027 FAILED
    DataStructures.UnderflowException at StackArTester0.java:345

testers.StackArTester0 > test028 FAILED
    DataStructures.UnderflowException at StackArTester0.java:362

testers.StackArTester0 > test043 FAILED
    DataStructures.UnderflowException at StackArTester0.java:552

testers.StackArTester0 > test055 FAILED
    DataStructures.UnderflowException at StackArTester0.java:719

testers.StackArTester0 > test056 FAILED
    DataStructures.UnderflowException at StackArTester0.java:730

testers.StackArTester0 > test057 FAILED
    DataStructures.UnderflowException at StackArTester0.java:750

testers.StackArTester0 > test062 FAILED
    DataStructures.UnderflowException at StackArTester0.java:807

testers.StackArTester0 > test068 FAILED
    DataStructures.UnderflowException at StackArTester0.java:889

testers.StackArTester0 > test070 FAILED
    DataStructures.UnderflowException at StackArTester0.java:921

testers.StackArTester0 > test077 FAILED
    DataStructures.UnderflowException at StackArTester0.java:1018

testers.StackArTester0 > test080 FAILED
    DataStructures.UnderflowException at StackArTester0.java:1061

testers.StackArTester0 > test085 FAILED
    DataStructures.UnderflowException at StackArTester0.java:1137

testers.StackArTester0 > test087 FAILED
    DataStructures.UnderflowException at StackArTester0.java:1164

testers.StackArTester0 > test095 FAILED
    DataStructures.UnderflowException at StackArTester0.java:1277

testers.StackArTester0 > test104 FAILED
    DataStructures.UnderflowException at StackArTester0.java:1400

testers.StackArTester0 > test109 FAILED
    DataStructures.UnderflowException at StackArTester0.java:1465

testers.StackArTester0 > test115 FAILED
    DataStructures.UnderflowException at StackArTester0.java:1533

testers.StackArTester0 > test120 FAILED
    DataStructures.UnderflowException at StackArTester0.java:1603

testers.StackArTester0 > test121 FAILED
    DataStructures.UnderflowException at StackArTester0.java:1615

testers.StackArTester0 > test123 FAILED
    DataStructures.UnderflowException at StackArTester0.java:1652

testers.StackArTester0 > test124 FAILED
    DataStructures.UnderflowException at StackArTester0.java:1664

testers.StackArTester0 > test126 FAILED
    DataStructures.UnderflowException at StackArTester0.java:1690

testers.StackArTester0 > test130 FAILED
    DataStructures.UnderflowException at StackArTester0.java:1756

testers.StackArTester0 > test133 FAILED
    DataStructures.UnderflowException at StackArTester0.java:1809

testers.StackArTester0 > test134 FAILED
    DataStructures.UnderflowException at StackArTester0.java:1819

testers.StackArTester0 > test136 FAILED
    DataStructures.UnderflowException at StackArTester0.java:1852

testers.StackArTester0 > test150 FAILED
    DataStructures.UnderflowException at StackArTester0.java:2073

testers.StackArTester0 > test155 FAILED
    DataStructures.UnderflowException at StackArTester0.java:2151

testers.StackArTester0 > test157 FAILED
    DataStructures.UnderflowException at StackArTester0.java:2182

testers.StackArTester0 > test159 FAILED
    DataStructures.UnderflowException at StackArTester0.java:2220

testers.StackArTester0 > test160 FAILED
    DataStructures.UnderflowException at StackArTester0.java:2238

testers.StackArTester0 > test161 FAILED
    DataStructures.UnderflowException at StackArTester0.java:2252

testers.StackArTester0 > test163 FAILED
    DataStructures.UnderflowException at StackArTester0.java:2287

testers.StackArTester0 > test166 FAILED
    DataStructures.UnderflowException at StackArTester0.java:2346

testers.StackArTester0 > test168 FAILED
    DataStructures.UnderflowException at StackArTester0.java:2365

testers.StackArTester0 > test175 FAILED
    DataStructures.UnderflowException at StackArTester0.java:2480

testers.StackArTester0 > test177 FAILED
    DataStructures.UnderflowException at StackArTester0.java:2516

testers.StackArTester0 > test180 FAILED
    DataStructures.UnderflowException at StackArTester0.java:2557

testers.StackArTester0 > test189 FAILED
    DataStructures.UnderflowException at StackArTester0.java:2671

testers.StackArTester0 > test192 FAILED
    DataStructures.UnderflowException at StackArTester0.java:2706

testers.StackArTester0 > test195 FAILED
    DataStructures.UnderflowException at StackArTester0.java:2756

testers.StackArTester0 > test198 FAILED
    DataStructures.UnderflowException at StackArTester0.java:2805

testers.StackArTester0 > test200 FAILED
    DataStructures.UnderflowException at StackArTester0.java:2833

testers.StackArTester0 > test205 FAILED
    DataStructures.UnderflowException at StackArTester0.java:2915

testers.StackArTester0 > test207 FAILED
    DataStructures.UnderflowException at StackArTester0.java:2943

testers.StackArTester0 > test208 FAILED
    DataStructures.UnderflowException at StackArTester0.java:2954

testers.StackArTester0 > test211 FAILED
    DataStructures.UnderflowException at StackArTester0.java:3000

testers.StackArTester0 > test212 FAILED
    DataStructures.UnderflowException at StackArTester0.java:3013

testers.StackArTester0 > test217 FAILED
    DataStructures.UnderflowException at StackArTester0.java:3092

testers.StackArTester0 > test220 FAILED
    DataStructures.UnderflowException at StackArTester0.java:3135

testers.StackArTester0 > test224 FAILED
    DataStructures.UnderflowException at StackArTester0.java:3207

testers.StackArTester0 > test227 FAILED
    DataStructures.UnderflowException at StackArTester0.java:3246

testers.StackArTester0 > test229 FAILED
    DataStructures.UnderflowException at StackArTester0.java:3281

testers.StackArTester0 > test232 FAILED
    DataStructures.UnderflowException at StackArTester0.java:3330

testers.StackArTester0 > test233 FAILED
    DataStructures.UnderflowException at StackArTester0.java:3342

testers.StackArTester0 > test235 FAILED
    DataStructures.UnderflowException at StackArTester0.java:3374

testers.StackArTester0 > test238 FAILED
    DataStructures.UnderflowException at StackArTester0.java:3420

testers.StackArTester0 > test249 FAILED
    DataStructures.UnderflowException at StackArTester0.java:3584

testers.StackArTester0 > test254 FAILED
    DataStructures.UnderflowException at StackArTester0.java:3662

testers.StackArTester0 > test257 FAILED
    DataStructures.UnderflowException at StackArTester0.java:3707

testers.StackArTester0 > test258 FAILED
    DataStructures.UnderflowException at StackArTester0.java:3719

testers.StackArTester0 > test259 FAILED
    DataStructures.UnderflowException at StackArTester0.java:3731
Results: FAILURE (345 tests, 274 successes, 71 failures, 0 skipped)
:test FAILED
4 actionable tasks: 4 executed
