Starting a Gradle Daemon, 51 busy Daemons could not be reused, use --status for details
:clean

BUILD SUCCESSFUL in 3s
1 actionable task: 1 executed
:compileJava
:processResources NO-SOURCE
:classes
:compileTestJava
:processTestResources NO-SOURCE
:testClasses
:jar
:assemble
:test

examples.MaxBag_ESTest STANDARD_OUT
    07:21:41.923 [Test worker] INFO  o.e.r.instrumentation.EvoClassLoader - Seeing class for first time: examples.MaxBag_ESTest
    07:21:41.925 [Test worker] INFO  o.e.r.instrumentation.EvoClassLoader - Instrumenting class 'examples.MaxBag_ESTest'.
    07:21:41.950 [Test worker] INFO  o.e.r.instrumentation.EvoClassLoader - Seeing class for first time: examples.MaxBag_ESTest_scaffolding
    07:21:41.950 [Test worker] INFO  o.e.r.instrumentation.EvoClassLoader - Instrumenting class 'examples.MaxBag_ESTest_scaffolding'.
    07:21:41.952 [Test worker] INFO  o.e.r.instrumentation.EvoClassLoader - Keeping class: examples.MaxBag_ESTest_scaffolding
    07:21:41.952 [Test worker] INFO  o.e.r.instrumentation.EvoClassLoader - Keeping class: examples.MaxBag_ESTest
    07:21:42.153 [Test worker] DEBUG o.e.runtime.sandbox.MSecurityManager - Adding privileged thread: "Reference Handler"
    07:21:42.154 [Test worker] DEBUG o.e.runtime.sandbox.MSecurityManager - Adding privileged thread: "Finalizer"
    07:21:42.154 [Test worker] DEBUG o.e.runtime.sandbox.MSecurityManager - Adding privileged thread: "Signal Dispatcher"
    07:21:42.154 [Test worker] DEBUG o.e.runtime.sandbox.MSecurityManager - Adding privileged thread: "Attach Listener"
    07:21:42.154 [Test worker] DEBUG o.e.runtime.sandbox.MSecurityManager - Adding privileged thread: "Java2D Disposer"
    07:21:42.154 [Test worker] DEBUG o.e.runtime.sandbox.MSecurityManager - Adding privileged thread: "AWT-Shutdown"
    07:21:42.154 [Test worker] DEBUG o.e.runtime.sandbox.MSecurityManager - Adding privileged thread: "AWT-Windows"
    07:21:42.154 [Test worker] DEBUG o.e.runtime.sandbox.MSecurityManager - Adding privileged thread: "main"
    07:21:42.154 [Test worker] DEBUG o.e.runtime.sandbox.MSecurityManager - Adding privileged thread: "Test worker"
    07:21:42.154 [Test worker] DEBUG o.e.runtime.sandbox.MSecurityManager - Adding privileged thread: "/127.0.0.1:63217 to /127.0.0.1:63216 workers Thread 2"
    07:21:42.154 [Test worker] DEBUG o.e.runtime.sandbox.MSecurityManager - Adding privileged thread: "/127.0.0.1:63217 to /127.0.0.1:63216 workers Thread 3"
    07:21:42.196 [Test worker] INFO  o.e.r.instrumentation.EvoClassLoader - Seeing class for first time: examples.MaxBag
    07:21:42.196 [Test worker] INFO  o.e.r.instrumentation.EvoClassLoader - Instrumenting class 'examples.MaxBag'.
    07:21:42.209 [Test worker] INFO  o.e.r.i.MethodCallReplacementClassAdapter - Adding mock interface to class examples/MaxBag
    07:21:42.329 [Test worker] INFO  o.e.r.i.CreateClassResetClassAdapter - Creating brand-new static initializer in class examples/MaxBag
    07:21:42.329 [Test worker] INFO  o.e.r.instrumentation.EvoClassLoader - Keeping class: examples.MaxBag
    07:21:42.330 [Test worker] INFO  o.e.r.instrumentation.EvoClassLoader - Seeing class for first time: examples._Type328393
    07:21:42.330 [Test worker] INFO  o.e.r.instrumentation.EvoClassLoader - Instrumenting class 'examples._Type328393'.
    07:21:42.331 [Test worker] INFO  o.e.r.i.MethodCallReplacementClassAdapter - Adding mock interface to class examples/_Type328393
    07:21:42.332 [Test worker] INFO  o.e.r.i.CreateClassResetClassAdapter - Creating brand-new static initializer in class examples/_Type328393
    07:21:42.332 [Test worker] INFO  o.e.r.instrumentation.EvoClassLoader - Keeping class: examples._Type328393

RegressionTest > RegressionTest0.test16 FAILED
    java.lang.ArrayIndexOutOfBoundsException at RegressionTest0.java:219

RegressionTest > RegressionTest0.test17 FAILED
    java.lang.ArrayIndexOutOfBoundsException at RegressionTest0.java:235

RegressionTest > RegressionTest0.test18 FAILED
    java.lang.ArrayIndexOutOfBoundsException at RegressionTest0.java:253

RegressionTest > RegressionTest0.test23 FAILED
    java.lang.ArrayIndexOutOfBoundsException at RegressionTest0.java:335

RegressionTest > RegressionTest0.test25 FAILED
    java.lang.ArrayIndexOutOfBoundsException at RegressionTest0.java:364

RegressionTest0 > test16 FAILED
    java.lang.ArrayIndexOutOfBoundsException at RegressionTest0.java:219

RegressionTest0 > test17 FAILED
    java.lang.ArrayIndexOutOfBoundsException at RegressionTest0.java:235

RegressionTest0 > test18 FAILED
    java.lang.ArrayIndexOutOfBoundsException at RegressionTest0.java:253

RegressionTest0 > test23 FAILED
    java.lang.ArrayIndexOutOfBoundsException at RegressionTest0.java:335

RegressionTest0 > test25 FAILED
    java.lang.ArrayIndexOutOfBoundsException at RegressionTest0.java:364
