:clean

BUILD SUCCESSFUL in 2s
1 actionable task: 1 executed
:compileJava
:processResources NO-SOURCE
:classes
:compileTestJava
:processTestResources NO-SOURCE
:testClasses
:jar
:assemble
:test

examples.Structure_ESTest STANDARD_OUT
    17:06:32.194 [Test worker] INFO  o.e.r.instrumentation.EvoClassLoader - Seeing class for first time: examples.Structure_ESTest
    17:06:32.197 [Test worker] INFO  o.e.r.instrumentation.EvoClassLoader - Instrumenting class 'examples.Structure_ESTest'.
    17:06:32.233 [Test worker] INFO  o.e.r.instrumentation.EvoClassLoader - Seeing class for first time: examples.Structure_ESTest_scaffolding
    17:06:32.233 [Test worker] INFO  o.e.r.instrumentation.EvoClassLoader - Instrumenting class 'examples.Structure_ESTest_scaffolding'.
    17:06:32.236 [Test worker] INFO  o.e.r.instrumentation.EvoClassLoader - Keeping class: examples.Structure_ESTest_scaffolding
    17:06:32.237 [Test worker] INFO  o.e.r.instrumentation.EvoClassLoader - Keeping class: examples.Structure_ESTest
    17:06:32.553 [Test worker] DEBUG o.e.runtime.sandbox.MSecurityManager - Adding privileged thread: "Reference Handler"
    17:06:32.553 [Test worker] DEBUG o.e.runtime.sandbox.MSecurityManager - Adding privileged thread: "Finalizer"
    17:06:32.553 [Test worker] DEBUG o.e.runtime.sandbox.MSecurityManager - Adding privileged thread: "Signal Dispatcher"
    17:06:32.553 [Test worker] DEBUG o.e.runtime.sandbox.MSecurityManager - Adding privileged thread: "Attach Listener"
    17:06:32.553 [Test worker] DEBUG o.e.runtime.sandbox.MSecurityManager - Adding privileged thread: "Java2D Disposer"
    17:06:32.553 [Test worker] DEBUG o.e.runtime.sandbox.MSecurityManager - Adding privileged thread: "AWT-Shutdown"
    17:06:32.553 [Test worker] DEBUG o.e.runtime.sandbox.MSecurityManager - Adding privileged thread: "AWT-Windows"
    17:06:32.553 [Test worker] DEBUG o.e.runtime.sandbox.MSecurityManager - Adding privileged thread: "main"
    17:06:32.553 [Test worker] DEBUG o.e.runtime.sandbox.MSecurityManager - Adding privileged thread: "Test worker"
    17:06:32.553 [Test worker] DEBUG o.e.runtime.sandbox.MSecurityManager - Adding privileged thread: "/127.0.0.1:64265 to /127.0.0.1:64264 workers Thread 2"
    17:06:32.553 [Test worker] DEBUG o.e.runtime.sandbox.MSecurityManager - Adding privileged thread: "/127.0.0.1:64265 to /127.0.0.1:64264 workers Thread 3"
    17:06:32.621 [Test worker] INFO  o.e.r.instrumentation.EvoClassLoader - Seeing class for first time: examples.Structure
    17:06:32.621 [Test worker] INFO  o.e.r.instrumentation.EvoClassLoader - Instrumenting class 'examples.Structure'.
    17:06:32.640 [Test worker] INFO  o.e.r.i.MethodCallReplacementClassAdapter - Adding mock interface to class examples/Structure
    17:06:32.849 [Test worker] INFO  o.e.r.i.CreateClassResetClassAdapter - Creating brand-new static initializer in class examples/Structure
    17:06:32.850 [Test worker] INFO  o.e.r.instrumentation.EvoClassLoader - Keeping class: examples.Structure

examples.Structure_ESTest > test1 FAILED
    java.lang.AssertionError at Structure_ESTest.java:30

RegressionTest > RegressionTest0.test02 FAILED
    java.lang.AssertionError at RegressionTest0.java:26

RegressionTest > RegressionTest0.test17 FAILED
    java.lang.AssertionError at RegressionTest0.java:187

RegressionTest > RegressionTest0.test26 FAILED
    java.lang.AssertionError at RegressionTest0.java:298

RegressionTest > RegressionTest0.test49 FAILED
    java.lang.AssertionError at RegressionTest0.java:593

RegressionTest0 > test02 FAILED
    java.lang.AssertionError at RegressionTest0.java:26

RegressionTest0 > test17 FAILED
    java.lang.AssertionError at RegressionTest0.java:187

RegressionTest0 > test26 FAILED
    java.lang.AssertionError at RegressionTest0.java:298

RegressionTest0 > test49 FAILED
    java.lang.AssertionError at RegressionTest0.java:593
Results: FAILURE (373 tests, 364 successes, 9 failures, 0 skipped)
:test FAILED
4 actionable tasks: 4 executed
