:clean

BUILD SUCCESSFUL in 2s
1 actionable task: 1 executed
:compileJava
:processResources NO-SOURCE
:classes
:compileTestJava
:processTestResources NO-SOURCE
:testClasses
:jar
:assemble
:test

org.apache.commons.math3.util.FastMathNew_ESTest STANDARD_OUT
    21:44:43.872 [Test worker] INFO  o.e.r.instrumentation.EvoClassLoader - Seeing class for first time: org.apache.commons.math3.util.FastMathNew_ESTest
    21:44:43.879 [Test worker] INFO  o.e.r.instrumentation.EvoClassLoader - Instrumenting class 'org.apache.commons.math3.util.FastMathNew_ESTest'.
    21:44:43.937 [Test worker] INFO  o.e.r.instrumentation.EvoClassLoader - Seeing class for first time: org.apache.commons.math3.util.FastMathNew_ESTest_scaffolding
    21:44:43.937 [Test worker] INFO  o.e.r.instrumentation.EvoClassLoader - Instrumenting class 'org.apache.commons.math3.util.FastMathNew_ESTest_scaffolding'.
    21:44:43.940 [Test worker] INFO  o.e.r.instrumentation.EvoClassLoader - Keeping class: org.apache.commons.math3.util.FastMathNew_ESTest_scaffolding
    21:44:43.940 [Test worker] INFO  o.e.r.instrumentation.EvoClassLoader - Keeping class: org.apache.commons.math3.util.FastMathNew_ESTest
    21:44:44.341 [Test worker] DEBUG o.e.runtime.sandbox.MSecurityManager - Adding privileged thread: "Reference Handler"
    21:44:44.341 [Test worker] DEBUG o.e.runtime.sandbox.MSecurityManager - Adding privileged thread: "Finalizer"
    21:44:44.341 [Test worker] DEBUG o.e.runtime.sandbox.MSecurityManager - Adding privileged thread: "Signal Dispatcher"
    21:44:44.341 [Test worker] DEBUG o.e.runtime.sandbox.MSecurityManager - Adding privileged thread: "Attach Listener"
    21:44:44.341 [Test worker] DEBUG o.e.runtime.sandbox.MSecurityManager - Adding privileged thread: "Java2D Disposer"
    21:44:44.341 [Test worker] DEBUG o.e.runtime.sandbox.MSecurityManager - Adding privileged thread: "AWT-Shutdown"
    21:44:44.341 [Test worker] DEBUG o.e.runtime.sandbox.MSecurityManager - Adding privileged thread: "AWT-Windows"
    21:44:44.341 [Test worker] DEBUG o.e.runtime.sandbox.MSecurityManager - Adding privileged thread: "main"
    21:44:44.342 [Test worker] DEBUG o.e.runtime.sandbox.MSecurityManager - Adding privileged thread: "Test worker"
    21:44:44.342 [Test worker] DEBUG o.e.runtime.sandbox.MSecurityManager - Adding privileged thread: "/127.0.0.1:61959 to /127.0.0.1:61957 workers Thread 2"
    21:44:44.342 [Test worker] DEBUG o.e.runtime.sandbox.MSecurityManager - Adding privileged thread: "/127.0.0.1:61959 to /127.0.0.1:61957 workers Thread 3"
    21:44:44.442 [Test worker] INFO  o.e.r.instrumentation.EvoClassLoader - Seeing class for first time: org.apache.commons.math3.util.FastMathNew
    21:44:44.443 [Test worker] INFO  o.e.r.instrumentation.EvoClassLoader - Instrumenting class 'org.apache.commons.math3.util.FastMathNew'.
    21:44:44.479 [Test worker] INFO  o.e.r.i.MethodCallReplacementClassAdapter - Adding mock interface to class org/apache/commons/math3/util/FastMathNew
    21:44:44.817 [Test worker] INFO  o.e.r.i.CreateClassResetClassAdapter - Creating brand-new static initializer in class org/apache/commons/math3/util/FastMathNew
    21:44:44.817 [Test worker] INFO  o.e.r.i.CreateClassResetClassAdapter - Adding bytecode for initializing field TWO_POWER_52
    21:44:44.819 [Test worker] INFO  o.e.r.instrumentation.EvoClassLoader - Keeping class: org.apache.commons.math3.util.FastMathNew

org.apache.commons.math3.util.FastMathNew_ESTest > test0 FAILED
    java.lang.AssertionError at FastMathNew_ESTest.java:22

RegressionTest > RegressionTest0.test02 FAILED
    java.lang.AssertionError at RegressionTest0.java:28

RegressionTest > RegressionTest0.test06 FAILED
    java.lang.AssertionError at RegressionTest0.java:70

RegressionTest > RegressionTest0.test07 FAILED
    java.lang.AssertionError at RegressionTest0.java:84

RegressionTest > RegressionTest0.test08 FAILED
    java.lang.AssertionError at RegressionTest0.java:99

RegressionTest > RegressionTest0.test09 FAILED
    java.lang.AssertionError at RegressionTest0.java:113

RegressionTest > RegressionTest0.test10 FAILED
    java.lang.AssertionError at RegressionTest0.java:127

RegressionTest > RegressionTest0.test12 FAILED
    java.lang.AssertionError at RegressionTest0.java:153

RegressionTest > RegressionTest0.test13 FAILED
    java.lang.AssertionError at RegressionTest0.java:166

RegressionTest > RegressionTest0.test14 FAILED
    java.lang.AssertionError at RegressionTest0.java:178

RegressionTest > RegressionTest0.test15 FAILED
    java.lang.AssertionError at RegressionTest0.java:193

RegressionTest > RegressionTest0.test16 FAILED
    java.lang.AssertionError at RegressionTest0.java:211

RegressionTest > RegressionTest0.test18 FAILED
    java.lang.AssertionError at RegressionTest0.java:241

RegressionTest > RegressionTest0.test19 FAILED
    java.lang.AssertionError at RegressionTest0.java:255

RegressionTest > RegressionTest0.test20 FAILED
    java.lang.AssertionError at RegressionTest0.java:270

RegressionTest > RegressionTest0.test21 FAILED
    java.lang.AssertionError at RegressionTest0.java:286

RegressionTest > RegressionTest0.test22 FAILED
    java.lang.AssertionError at RegressionTest0.java:299

RegressionTest > RegressionTest0.test24 FAILED
    java.lang.AssertionError at RegressionTest0.java:328

RegressionTest > RegressionTest0.test25 FAILED
    java.lang.AssertionError at RegressionTest0.java:345

RegressionTest > RegressionTest0.test26 FAILED
    java.lang.AssertionError at RegressionTest0.java:359

RegressionTest > RegressionTest0.test27 FAILED
    java.lang.AssertionError at RegressionTest0.java:374

RegressionTest > RegressionTest0.test28 FAILED
    java.lang.AssertionError at RegressionTest0.java:389

RegressionTest > RegressionTest0.test29 FAILED
    java.lang.AssertionError at RegressionTest0.java:405

RegressionTest > RegressionTest0.test30 FAILED
    java.lang.AssertionError at RegressionTest0.java:423

RegressionTest > RegressionTest0.test31 FAILED
    java.lang.AssertionError at RegressionTest0.java:438

RegressionTest > RegressionTest0.test32 FAILED
    java.lang.AssertionError at RegressionTest0.java:452

RegressionTest > RegressionTest0.test33 FAILED
    java.lang.AssertionError at RegressionTest0.java:468

RegressionTest > RegressionTest0.test34 FAILED
    java.lang.AssertionError at RegressionTest0.java:486

RegressionTest > RegressionTest0.test35 FAILED
    java.lang.AssertionError at RegressionTest0.java:504

RegressionTest > RegressionTest0.test36 FAILED
    java.lang.AssertionError at RegressionTest0.java:519

RegressionTest > RegressionTest0.test38 FAILED
    java.lang.AssertionError at RegressionTest0.java:549

RegressionTest > RegressionTest0.test39 FAILED
    java.lang.AssertionError at RegressionTest0.java:563

RegressionTest > RegressionTest0.test40 FAILED
    java.lang.AssertionError at RegressionTest0.java:582

RegressionTest > RegressionTest0.test41 FAILED
    java.lang.AssertionError at RegressionTest0.java:596

RegressionTest > RegressionTest0.test42 FAILED
    java.lang.AssertionError at RegressionTest0.java:614

RegressionTest > RegressionTest0.test43 FAILED
    java.lang.AssertionError at RegressionTest0.java:630

RegressionTest > RegressionTest0.test44 FAILED
    java.lang.AssertionError at RegressionTest0.java:647

RegressionTest > RegressionTest0.test45 FAILED
    java.lang.AssertionError at RegressionTest0.java:658

RegressionTest > RegressionTest0.test46 FAILED
    java.lang.AssertionError at RegressionTest0.java:673

RegressionTest > RegressionTest0.test47 FAILED
    java.lang.AssertionError at RegressionTest0.java:692

RegressionTest > RegressionTest0.test49 FAILED
    java.lang.AssertionError at RegressionTest0.java:721

RegressionTest > RegressionTest0.test50 FAILED
    java.lang.AssertionError at RegressionTest0.java:740

RegressionTest > RegressionTest0.test51 FAILED
    java.lang.AssertionError at RegressionTest0.java:762

RegressionTest > RegressionTest0.test52 FAILED
    java.lang.AssertionError at RegressionTest0.java:781

RegressionTest > RegressionTest0.test53 FAILED
    java.lang.AssertionError at RegressionTest0.java:798

RegressionTest > RegressionTest0.test54 FAILED
    java.lang.AssertionError at RegressionTest0.java:817

RegressionTest0 > test02 FAILED
    java.lang.AssertionError at RegressionTest0.java:28

RegressionTest0 > test06 FAILED
    java.lang.AssertionError at RegressionTest0.java:70

RegressionTest0 > test07 FAILED
    java.lang.AssertionError at RegressionTest0.java:84

RegressionTest0 > test08 FAILED
    java.lang.AssertionError at RegressionTest0.java:99

RegressionTest0 > test09 FAILED
    java.lang.AssertionError at RegressionTest0.java:113

RegressionTest0 > test10 FAILED
    java.lang.AssertionError at RegressionTest0.java:127

RegressionTest0 > test12 FAILED
    java.lang.AssertionError at RegressionTest0.java:153

RegressionTest0 > test13 FAILED
    java.lang.AssertionError at RegressionTest0.java:166

RegressionTest0 > test14 FAILED
    java.lang.AssertionError at RegressionTest0.java:178

RegressionTest0 > test15 FAILED
    java.lang.AssertionError at RegressionTest0.java:193

RegressionTest0 > test16 FAILED
    java.lang.AssertionError at RegressionTest0.java:211

RegressionTest0 > test18 FAILED
    java.lang.AssertionError at RegressionTest0.java:241

RegressionTest0 > test19 FAILED
    java.lang.AssertionError at RegressionTest0.java:255

RegressionTest0 > test20 FAILED
    java.lang.AssertionError at RegressionTest0.java:270

RegressionTest0 > test21 FAILED
    java.lang.AssertionError at RegressionTest0.java:286

RegressionTest0 > test22 FAILED
    java.lang.AssertionError at RegressionTest0.java:299

RegressionTest0 > test24 FAILED
    java.lang.AssertionError at RegressionTest0.java:328

RegressionTest0 > test25 FAILED
    java.lang.AssertionError at RegressionTest0.java:345

RegressionTest0 > test26 FAILED
    java.lang.AssertionError at RegressionTest0.java:359

RegressionTest0 > test27 FAILED
    java.lang.AssertionError at RegressionTest0.java:374

RegressionTest0 > test28 FAILED
    java.lang.AssertionError at RegressionTest0.java:389

RegressionTest0 > test29 FAILED
    java.lang.AssertionError at RegressionTest0.java:405

RegressionTest0 > test30 FAILED
    java.lang.AssertionError at RegressionTest0.java:423

RegressionTest0 > test31 FAILED
    java.lang.AssertionError at RegressionTest0.java:438

RegressionTest0 > test32 FAILED
    java.lang.AssertionError at RegressionTest0.java:452

RegressionTest0 > test33 FAILED
    java.lang.AssertionError at RegressionTest0.java:468

RegressionTest0 > test34 FAILED
    java.lang.AssertionError at RegressionTest0.java:486

RegressionTest0 > test35 FAILED
    java.lang.AssertionError at RegressionTest0.java:504

RegressionTest0 > test36 FAILED
    java.lang.AssertionError at RegressionTest0.java:519

RegressionTest0 > test38 FAILED
    java.lang.AssertionError at RegressionTest0.java:549

RegressionTest0 > test39 FAILED
    java.lang.AssertionError at RegressionTest0.java:563

RegressionTest0 > test40 FAILED
    java.lang.AssertionError at RegressionTest0.java:582

RegressionTest0 > test41 FAILED
    java.lang.AssertionError at RegressionTest0.java:596

RegressionTest0 > test42 FAILED
    java.lang.AssertionError at RegressionTest0.java:614

RegressionTest0 > test43 FAILED
    java.lang.AssertionError at RegressionTest0.java:630

RegressionTest0 > test44 FAILED
    java.lang.AssertionError at RegressionTest0.java:647

RegressionTest0 > test45 FAILED
    java.lang.AssertionError at RegressionTest0.java:658

RegressionTest0 > test46 FAILED
    java.lang.AssertionError at RegressionTest0.java:673

RegressionTest0 > test47 FAILED
    java.lang.AssertionError at RegressionTest0.java:692

RegressionTest0 > test49 FAILED
    java.lang.AssertionError at RegressionTest0.java:721

RegressionTest0 > test50 FAILED
    java.lang.AssertionError at RegressionTest0.java:740

RegressionTest0 > test51 FAILED
    java.lang.AssertionError at RegressionTest0.java:762

RegressionTest0 > test52 FAILED
    java.lang.AssertionError at RegressionTest0.java:781

RegressionTest0 > test53 FAILED
    java.lang.AssertionError at RegressionTest0.java:798

RegressionTest0 > test54 FAILED
    java.lang.AssertionError at RegressionTest0.java:817
Results: FAILURE (404 tests, 313 successes, 91 failures, 0 skipped)
:test FAILED
4 actionable tasks: 4 executed
