:clean

BUILD SUCCESSFUL in 1s
1 actionable task: 1 executed
:compileJava
:processResources NO-SOURCE
:classes
:compileTestJava
:processTestResources NO-SOURCE
:testClasses
:jar
:assemble
:test

examples.MaxBag_ESTest STANDARD_OUT
    14:31:53.698 [Test worker] INFO  o.e.r.instrumentation.EvoClassLoader - Seeing class for first time: examples.MaxBag_ESTest
    14:31:53.700 [Test worker] INFO  o.e.r.instrumentation.EvoClassLoader - Instrumenting class 'examples.MaxBag_ESTest'.
    14:31:53.723 [Test worker] INFO  o.e.r.instrumentation.EvoClassLoader - Seeing class for first time: examples.MaxBag_ESTest_scaffolding
    14:31:53.723 [Test worker] INFO  o.e.r.instrumentation.EvoClassLoader - Instrumenting class 'examples.MaxBag_ESTest_scaffolding'.
    14:31:53.725 [Test worker] INFO  o.e.r.instrumentation.EvoClassLoader - Keeping class: examples.MaxBag_ESTest_scaffolding
    14:31:53.725 [Test worker] INFO  o.e.r.instrumentation.EvoClassLoader - Keeping class: examples.MaxBag_ESTest
    14:31:53.990 [Test worker] DEBUG o.e.runtime.sandbox.MSecurityManager - Adding privileged thread: "Reference Handler"
    14:31:53.990 [Test worker] DEBUG o.e.runtime.sandbox.MSecurityManager - Adding privileged thread: "Finalizer"
    14:31:53.990 [Test worker] DEBUG o.e.runtime.sandbox.MSecurityManager - Adding privileged thread: "Signal Dispatcher"
    14:31:53.990 [Test worker] DEBUG o.e.runtime.sandbox.MSecurityManager - Adding privileged thread: "Attach Listener"
    14:31:53.990 [Test worker] DEBUG o.e.runtime.sandbox.MSecurityManager - Adding privileged thread: "Java2D Disposer"
    14:31:53.990 [Test worker] DEBUG o.e.runtime.sandbox.MSecurityManager - Adding privileged thread: "AWT-Shutdown"
    14:31:53.990 [Test worker] DEBUG o.e.runtime.sandbox.MSecurityManager - Adding privileged thread: "AWT-Windows"
    14:31:53.990 [Test worker] DEBUG o.e.runtime.sandbox.MSecurityManager - Adding privileged thread: "main"
    14:31:53.990 [Test worker] DEBUG o.e.runtime.sandbox.MSecurityManager - Adding privileged thread: "Test worker"
    14:31:53.991 [Test worker] DEBUG o.e.runtime.sandbox.MSecurityManager - Adding privileged thread: "/127.0.0.1:51259 to /127.0.0.1:51258 workers Thread 2"
    14:31:53.991 [Test worker] DEBUG o.e.runtime.sandbox.MSecurityManager - Adding privileged thread: "/127.0.0.1:51259 to /127.0.0.1:51258 workers Thread 3"
    14:31:54.028 [Test worker] INFO  o.e.r.instrumentation.EvoClassLoader - Seeing class for first time: examples.MaxBag
    14:31:54.028 [Test worker] INFO  o.e.r.instrumentation.EvoClassLoader - Instrumenting class 'examples.MaxBag'.
    14:31:54.041 [Test worker] INFO  o.e.r.i.MethodCallReplacementClassAdapter - Adding mock interface to class examples/MaxBag
    14:31:54.163 [Test worker] INFO  o.e.r.i.CreateClassResetClassAdapter - Creating brand-new static initializer in class examples/MaxBag
    14:31:54.164 [Test worker] INFO  o.e.r.instrumentation.EvoClassLoader - Keeping class: examples.MaxBag
    14:31:54.165 [Test worker] INFO  o.e.r.instrumentation.EvoClassLoader - Seeing class for first time: examples._Type328393
    14:31:54.165 [Test worker] INFO  o.e.r.instrumentation.EvoClassLoader - Instrumenting class 'examples._Type328393'.
    14:31:54.166 [Test worker] INFO  o.e.r.i.MethodCallReplacementClassAdapter - Adding mock interface to class examples/_Type328393
    14:31:54.167 [Test worker] INFO  o.e.r.i.CreateClassResetClassAdapter - Creating brand-new static initializer in class examples/_Type328393
    14:31:54.167 [Test worker] INFO  o.e.r.instrumentation.EvoClassLoader - Keeping class: examples._Type328393

examples.MaxBag_ESTest > test00 FAILED
    java.lang.NullPointerException at MaxBag_ESTest.java:26

examples.MaxBag_ESTest > test11 FAILED
    java.lang.NullPointerException at MaxBag_ESTest.java:191

examples.MaxBag_ESTest > test10 FAILED
    java.lang.NullPointerException at MaxBag_ESTest.java:177

examples.MaxBag_ESTest > test16 FAILED
    java.lang.NullPointerException at MaxBag_ESTest.java:249

examples.MaxBag_ESTest > test15 FAILED
    java.lang.NullPointerException at MaxBag_ESTest.java:234

examples.MaxBag_ESTest > test02 FAILED
    java.lang.NullPointerException at MaxBag_ESTest.java:49

examples.MaxBag_ESTest > test13 FAILED
    java.lang.NullPointerException at MaxBag_ESTest.java:213

examples.MaxBag_ESTest > test09 FAILED
    java.lang.NullPointerException at MaxBag_ESTest.java:158

examples.MaxBag_ESTest > test17 FAILED
    java.lang.NullPointerException at MaxBag_ESTest.java:263

RegressionTest > RegressionTest0.test09 FAILED
    java.lang.NullPointerException at RegressionTest0.java:116

RegressionTest > RegressionTest0.test11 FAILED
    java.lang.NullPointerException at RegressionTest0.java:143

RegressionTest > RegressionTest0.test16 FAILED
    java.lang.NullPointerException at RegressionTest0.java:219

RegressionTest > RegressionTest0.test17 FAILED
    java.lang.NullPointerException at RegressionTest0.java:235

RegressionTest > RegressionTest0.test18 FAILED
    java.lang.NullPointerException at RegressionTest0.java:253

RegressionTest > RegressionTest0.test19 FAILED
    java.lang.NullPointerException at RegressionTest0.java:266

RegressionTest > RegressionTest0.test23 FAILED
    java.lang.NullPointerException at RegressionTest0.java:335

RegressionTest > RegressionTest0.test25 FAILED
    java.lang.NullPointerException at RegressionTest0.java:364

RegressionTest > RegressionTest0.test27 FAILED
    java.lang.NullPointerException at RegressionTest0.java:394

RegressionTest0 > test09 FAILED
    java.lang.NullPointerException at RegressionTest0.java:116

RegressionTest0 > test11 FAILED
    java.lang.NullPointerException at RegressionTest0.java:143

RegressionTest0 > test16 FAILED
    java.lang.NullPointerException at RegressionTest0.java:219

RegressionTest0 > test17 FAILED
    java.lang.NullPointerException at RegressionTest0.java:235

RegressionTest0 > test18 FAILED
    java.lang.NullPointerException at RegressionTest0.java:253

RegressionTest0 > test19 FAILED
    java.lang.NullPointerException at RegressionTest0.java:266

RegressionTest0 > test23 FAILED
    java.lang.NullPointerException at RegressionTest0.java:335

RegressionTest0 > test25 FAILED
    java.lang.NullPointerException at RegressionTest0.java:364

RegressionTest0 > test27 FAILED
    java.lang.NullPointerException at RegressionTest0.java:394
Results: FAILURE (75 tests, 48 successes, 27 failures, 0 skipped)
:test FAILED
4 actionable tasks: 4 executed
