:clean

BUILD SUCCESSFUL in 2s
1 actionable task: 1 executed
:compileJava
:processResources NO-SOURCE
:classes
:compileTestJava
:processTestResources NO-SOURCE
:testClasses
:jar
:assemble
:test

examples.RingBuffer_ESTest STANDARD_OUT
    15:58:03.520 [Test worker] INFO  o.e.r.instrumentation.EvoClassLoader - Seeing class for first time: examples.RingBuffer_ESTest
    15:58:03.524 [Test worker] INFO  o.e.r.instrumentation.EvoClassLoader - Instrumenting class 'examples.RingBuffer_ESTest'.
    15:58:03.595 [Test worker] INFO  o.e.r.instrumentation.EvoClassLoader - Seeing class for first time: examples.RingBuffer_ESTest_scaffolding
    15:58:03.596 [Test worker] INFO  o.e.r.instrumentation.EvoClassLoader - Instrumenting class 'examples.RingBuffer_ESTest_scaffolding'.
    15:58:03.600 [Test worker] INFO  o.e.r.instrumentation.EvoClassLoader - Keeping class: examples.RingBuffer_ESTest_scaffolding
    15:58:03.600 [Test worker] INFO  o.e.r.instrumentation.EvoClassLoader - Keeping class: examples.RingBuffer_ESTest
    15:58:04.035 [Test worker] DEBUG o.e.runtime.sandbox.MSecurityManager - Adding privileged thread: "Reference Handler"
    15:58:04.035 [Test worker] DEBUG o.e.runtime.sandbox.MSecurityManager - Adding privileged thread: "Finalizer"
    15:58:04.035 [Test worker] DEBUG o.e.runtime.sandbox.MSecurityManager - Adding privileged thread: "Signal Dispatcher"
    15:58:04.036 [Test worker] DEBUG o.e.runtime.sandbox.MSecurityManager - Adding privileged thread: "Attach Listener"
    15:58:04.036 [Test worker] DEBUG o.e.runtime.sandbox.MSecurityManager - Adding privileged thread: "Java2D Disposer"
    15:58:04.036 [Test worker] DEBUG o.e.runtime.sandbox.MSecurityManager - Adding privileged thread: "AWT-Shutdown"
    15:58:04.036 [Test worker] DEBUG o.e.runtime.sandbox.MSecurityManager - Adding privileged thread: "AWT-Windows"
    15:58:04.036 [Test worker] DEBUG o.e.runtime.sandbox.MSecurityManager - Adding privileged thread: "main"
    15:58:04.036 [Test worker] DEBUG o.e.runtime.sandbox.MSecurityManager - Adding privileged thread: "Test worker"
    15:58:04.036 [Test worker] DEBUG o.e.runtime.sandbox.MSecurityManager - Adding privileged thread: "/127.0.0.1:56896 to /127.0.0.1:56893 workers Thread 2"
    15:58:04.036 [Test worker] DEBUG o.e.runtime.sandbox.MSecurityManager - Adding privileged thread: "/127.0.0.1:56896 to /127.0.0.1:56893 workers Thread 3"
    15:58:04.120 [Test worker] INFO  o.e.r.instrumentation.EvoClassLoader - Seeing class for first time: examples.RingBuffer
    15:58:04.120 [Test worker] INFO  o.e.r.instrumentation.EvoClassLoader - Instrumenting class 'examples.RingBuffer'.
    15:58:04.139 [Test worker] INFO  o.e.r.i.MethodCallReplacementClassAdapter - Adding mock interface to class examples/RingBuffer
    15:58:04.393 [Test worker] INFO  o.e.r.i.CreateClassResetClassAdapter - Creating brand-new static initializer in class examples/RingBuffer
    15:58:04.394 [Test worker] INFO  o.e.r.instrumentation.EvoClassLoader - Keeping class: examples.RingBuffer

examples.RingBuffer_ESTest > test08 STANDARD_OUT
    15:58:04.439 [Test worker] INFO  o.e.runtime.thread.ThreadStopper - Found new thread

examples.RingBuffer_ESTest > test08 FAILED
    org.evosuite.runtime.mock.java.lang.MockIllegalArgumentException

examples.RingBuffer_ESTest > test09 FAILED
    org.evosuite.runtime.mock.java.lang.MockIllegalArgumentException

examples.RingBuffer_ESTest > test06 FAILED
    org.evosuite.runtime.mock.java.lang.MockIllegalArgumentException at RingBuffer_ESTest.java:83

examples.RingBuffer_ESTest > test07 FAILED
    org.evosuite.runtime.mock.java.lang.MockIllegalArgumentException at RingBuffer_ESTest.java:93

examples.RingBuffer_ESTest > test18 STANDARD_OUT
    15:58:04.474 [Test worker] INFO  o.e.runtime.thread.ThreadStopper - Found new thread

examples.RingBuffer_ESTest > test18 FAILED
    org.evosuite.runtime.mock.java.lang.MockIllegalArgumentException

examples.RingBuffer_ESTest > test04 STANDARD_OUT
    15:58:04.477 [Test worker] INFO  o.e.runtime.thread.ThreadStopper - Found new thread

examples.RingBuffer_ESTest > test15 STANDARD_OUT
    15:58:04.479 [Test worker] INFO  o.e.runtime.thread.ThreadStopper - Found new thread

examples.RingBuffer_ESTest > test16 FAILED
    org.evosuite.runtime.mock.java.lang.MockIllegalArgumentException at RingBuffer_ESTest.java:196

examples.RingBuffer_ESTest > test13 FAILED
    org.evosuite.runtime.mock.java.lang.MockIllegalArgumentException at RingBuffer_ESTest.java:162

examples.RingBuffer_ESTest > test03 FAILED
    org.evosuite.runtime.mock.java.lang.MockIllegalArgumentException at RingBuffer_ESTest.java:58

examples.RingBuffer_ESTest > test14 FAILED
    org.evosuite.runtime.mock.java.lang.MockIllegalArgumentException at RingBuffer_ESTest.java:171

examples.RingBuffer_ESTest > test11 FAILED
    org.evosuite.runtime.mock.java.lang.MockIllegalArgumentException at RingBuffer_ESTest.java:134

examples.RingBuffer_ESTest > test01 FAILED
    org.evosuite.runtime.mock.java.lang.MockIllegalArgumentException at RingBuffer_ESTest.java:34

examples.RingBuffer_ESTest > test12 FAILED
    org.evosuite.runtime.mock.java.lang.MockIllegalArgumentException

examples.RingBuffer_ESTest > test10 FAILED
    org.evosuite.runtime.mock.java.lang.MockIllegalArgumentException at RingBuffer_ESTest.java:118

RegressionTest > RegressionTest0.test03 FAILED
    java.lang.IllegalArgumentException at RegressionTest0.java:36

RegressionTest > RegressionTest0.test04 FAILED
    java.lang.IllegalArgumentException at RegressionTest0.java:52

RegressionTest > RegressionTest0.test05 FAILED
    java.lang.IllegalArgumentException at RegressionTest0.java:65

RegressionTest > RegressionTest0.test06 FAILED
    java.lang.IllegalArgumentException at RegressionTest0.java:81

RegressionTest > RegressionTest0.test07 FAILED
    java.lang.IllegalArgumentException at RegressionTest0.java:97

RegressionTest > RegressionTest0.test09 FAILED
    java.lang.IllegalArgumentException at RegressionTest0.java:127

RegressionTest > RegressionTest0.test11 FAILED
    java.lang.IllegalArgumentException at RegressionTest0.java:152

RegressionTest > RegressionTest0.test12 FAILED
    java.lang.IllegalArgumentException at RegressionTest0.java:168

RegressionTest > RegressionTest0.test14 FAILED
    java.lang.IllegalArgumentException at RegressionTest0.java:195

RegressionTest > RegressionTest0.test16 FAILED
    java.lang.IllegalArgumentException at RegressionTest0.java:213

RegressionTest > RegressionTest0.test18 FAILED
    java.lang.IllegalArgumentException at RegressionTest0.java:242

RegressionTest > RegressionTest0.test19 FAILED
    java.lang.IllegalArgumentException at RegressionTest0.java:265

RegressionTest > RegressionTest0.test20 FAILED
    java.lang.IllegalArgumentException at RegressionTest0.java:279

RegressionTest > RegressionTest0.test21 FAILED
    java.lang.IllegalArgumentException at RegressionTest0.java:294

RegressionTest > RegressionTest0.test22 FAILED
    java.lang.IllegalArgumentException at RegressionTest0.java:317

RegressionTest > RegressionTest0.test23 FAILED
    java.lang.IllegalArgumentException at RegressionTest0.java:327

RegressionTest > RegressionTest0.test24 FAILED
    java.lang.IllegalArgumentException at RegressionTest0.java:346

RegressionTest > RegressionTest0.test25 FAILED
    java.lang.IllegalArgumentException at RegressionTest0.java:367

RegressionTest > RegressionTest0.test26 FAILED
    java.lang.IllegalArgumentException at RegressionTest0.java:387

RegressionTest > RegressionTest0.test28 FAILED
    java.lang.IllegalArgumentException at RegressionTest0.java:416

RegressionTest > RegressionTest0.test30 FAILED
    java.lang.IllegalArgumentException at RegressionTest0.java:435

RegressionTest > RegressionTest0.test32 FAILED
    java.lang.IllegalArgumentException at RegressionTest0.java:461

RegressionTest > RegressionTest0.test33 FAILED
    java.lang.IllegalArgumentException at RegressionTest0.java:479

RegressionTest > RegressionTest0.test35 FAILED
    java.lang.IllegalArgumentException at RegressionTest0.java:511

RegressionTest > RegressionTest0.test36 FAILED
    java.lang.IllegalArgumentException at RegressionTest0.java:526

RegressionTest > RegressionTest0.test37 FAILED
    java.lang.IllegalArgumentException at RegressionTest0.java:533

RegressionTest > RegressionTest0.test38 FAILED
    java.lang.IllegalArgumentException at RegressionTest0.java:553

RegressionTest > RegressionTest0.test39 FAILED
    java.lang.IllegalArgumentException at RegressionTest0.java:570

RegressionTest > RegressionTest0.test40 FAILED
    java.lang.IllegalArgumentException at RegressionTest0.java:583

RegressionTest > RegressionTest0.test43 FAILED
    java.lang.IllegalArgumentException at RegressionTest0.java:616

RegressionTest > RegressionTest0.test45 FAILED
    java.lang.IllegalArgumentException at RegressionTest0.java:648

RegressionTest > RegressionTest0.test46 FAILED
    java.lang.IllegalArgumentException at RegressionTest0.java:666

RegressionTest > RegressionTest0.test47 FAILED
    java.lang.IllegalArgumentException at RegressionTest0.java:682

RegressionTest > RegressionTest0.test48 FAILED
    java.lang.IllegalArgumentException at RegressionTest0.java:700

RegressionTest > RegressionTest0.test49 FAILED
    java.lang.IllegalArgumentException at RegressionTest0.java:717

RegressionTest > RegressionTest0.test50 FAILED
    java.lang.IllegalArgumentException at RegressionTest0.java:733

RegressionTest > RegressionTest0.test51 FAILED
    java.lang.IllegalArgumentException at RegressionTest0.java:752

RegressionTest > RegressionTest0.test52 FAILED
    java.lang.IllegalArgumentException at RegressionTest0.java:771

RegressionTest > RegressionTest0.test53 FAILED
    java.lang.IllegalArgumentException at RegressionTest0.java:785

RegressionTest > RegressionTest0.test54 FAILED
    java.lang.IllegalArgumentException at RegressionTest0.java:798

RegressionTest > RegressionTest0.test55 FAILED
    java.lang.IllegalArgumentException at RegressionTest0.java:816

RegressionTest > RegressionTest0.test58 FAILED
    java.lang.IllegalArgumentException at RegressionTest0.java:860

RegressionTest > RegressionTest0.test59 FAILED
    java.lang.IllegalArgumentException at RegressionTest0.java:869

RegressionTest > RegressionTest0.test60 FAILED
    java.lang.IllegalArgumentException at RegressionTest0.java:884

RegressionTest0 > test03 FAILED
    java.lang.IllegalArgumentException at RegressionTest0.java:36

RegressionTest0 > test04 FAILED
    java.lang.IllegalArgumentException at RegressionTest0.java:52

RegressionTest0 > test05 FAILED
    java.lang.IllegalArgumentException at RegressionTest0.java:65

RegressionTest0 > test06 FAILED
    java.lang.IllegalArgumentException at RegressionTest0.java:81

RegressionTest0 > test07 FAILED
    java.lang.IllegalArgumentException at RegressionTest0.java:97

RegressionTest0 > test09 FAILED
    java.lang.IllegalArgumentException at RegressionTest0.java:127

RegressionTest0 > test11 FAILED
    java.lang.IllegalArgumentException at RegressionTest0.java:152

RegressionTest0 > test12 FAILED
    java.lang.IllegalArgumentException at RegressionTest0.java:168

RegressionTest0 > test14 FAILED
    java.lang.IllegalArgumentException at RegressionTest0.java:195

RegressionTest0 > test16 FAILED
    java.lang.IllegalArgumentException at RegressionTest0.java:213

RegressionTest0 > test18 FAILED
    java.lang.IllegalArgumentException at RegressionTest0.java:242

RegressionTest0 > test19 FAILED
    java.lang.IllegalArgumentException at RegressionTest0.java:265

RegressionTest0 > test20 FAILED
    java.lang.IllegalArgumentException at RegressionTest0.java:279

RegressionTest0 > test21 FAILED
    java.lang.IllegalArgumentException at RegressionTest0.java:294

RegressionTest0 > test22 FAILED
    java.lang.IllegalArgumentException at RegressionTest0.java:317

RegressionTest0 > test23 FAILED
    java.lang.IllegalArgumentException at RegressionTest0.java:327

RegressionTest0 > test24 FAILED
    java.lang.IllegalArgumentException at RegressionTest0.java:346

RegressionTest0 > test25 FAILED
    java.lang.IllegalArgumentException at RegressionTest0.java:367

RegressionTest0 > test26 FAILED
    java.lang.IllegalArgumentException at RegressionTest0.java:387

RegressionTest0 > test28 FAILED
    java.lang.IllegalArgumentException at RegressionTest0.java:416

RegressionTest0 > test30 FAILED
    java.lang.IllegalArgumentException at RegressionTest0.java:435

RegressionTest0 > test32 FAILED
    java.lang.IllegalArgumentException at RegressionTest0.java:461

RegressionTest0 > test33 FAILED
    java.lang.IllegalArgumentException at RegressionTest0.java:479

RegressionTest0 > test35 FAILED
    java.lang.IllegalArgumentException at RegressionTest0.java:511

RegressionTest0 > test36 FAILED
    java.lang.IllegalArgumentException at RegressionTest0.java:526

RegressionTest0 > test37 FAILED
    java.lang.IllegalArgumentException at RegressionTest0.java:533

RegressionTest0 > test38 FAILED
    java.lang.IllegalArgumentException at RegressionTest0.java:553

RegressionTest0 > test39 FAILED
    java.lang.IllegalArgumentException at RegressionTest0.java:570

RegressionTest0 > test40 FAILED
    java.lang.IllegalArgumentException at RegressionTest0.java:583

RegressionTest0 > test43 FAILED
    java.lang.IllegalArgumentException at RegressionTest0.java:616

RegressionTest0 > test45 FAILED
    java.lang.IllegalArgumentException at RegressionTest0.java:648

RegressionTest0 > test46 FAILED
    java.lang.IllegalArgumentException at RegressionTest0.java:666

RegressionTest0 > test47 FAILED
    java.lang.IllegalArgumentException at RegressionTest0.java:682

RegressionTest0 > test48 FAILED
    java.lang.IllegalArgumentException at RegressionTest0.java:700

RegressionTest0 > test49 FAILED
    java.lang.IllegalArgumentException at RegressionTest0.java:717

RegressionTest0 > test50 FAILED
    java.lang.IllegalArgumentException at RegressionTest0.java:733

RegressionTest0 > test51 FAILED
    java.lang.IllegalArgumentException at RegressionTest0.java:752

RegressionTest0 > test52 FAILED
    java.lang.IllegalArgumentException at RegressionTest0.java:771

RegressionTest0 > test53 FAILED
    java.lang.IllegalArgumentException at RegressionTest0.java:785

RegressionTest0 > test54 FAILED
    java.lang.IllegalArgumentException at RegressionTest0.java:798

RegressionTest0 > test55 FAILED
    java.lang.IllegalArgumentException at RegressionTest0.java:816

RegressionTest0 > test58 FAILED
    java.lang.IllegalArgumentException at RegressionTest0.java:860

RegressionTest0 > test59 FAILED
    java.lang.IllegalArgumentException at RegressionTest0.java:869

RegressionTest0 > test60 FAILED
    java.lang.IllegalArgumentException at RegressionTest0.java:884

testers.RingBufferTester0 > test005 FAILED
    java.lang.IllegalArgumentException at RingBufferTester0.java:65

testers.RingBufferTester0 > test061 FAILED
    java.lang.IllegalArgumentException at RingBufferTester0.java:825

testers.RingBufferTester0 > test096 FAILED
    java.lang.IllegalArgumentException at RingBufferTester0.java:1335

testers.RingBufferTester0 > test098 FAILED
    java.lang.IllegalArgumentException at RingBufferTester0.java:1356

testers.RingBufferTester0 > test117 FAILED
    java.lang.IllegalArgumentException at RingBufferTester0.java:1639

testers.RingBufferTester0 > test122 FAILED
    java.lang.IllegalArgumentException at RingBufferTester0.java:1714

testers.RingBufferTester0 > test171 FAILED
    java.lang.IllegalArgumentException at RingBufferTester0.java:2433

testers.RingBufferTester0 > test220 FAILED
    java.lang.IllegalArgumentException at RingBufferTester0.java:3119

testers.RingBufferTester0 > test254 FAILED
    java.lang.IllegalArgumentException at RingBufferTester0.java:3659

testers.RingBufferTester0 > test262 FAILED
    java.lang.IllegalArgumentException at RingBufferTester0.java:3766
Results: FAILURE (426 tests, 315 successes, 111 failures, 0 skipped)
:test FAILED
4 actionable tasks: 4 executed
