:clean

BUILD SUCCESSFUL in 1s
1 actionable task: 1 executed
:compileJava
:processResources NO-SOURCE
:classes
:compileTestJava
:processTestResources NO-SOURCE
:testClasses
:jar
:assemble
:test

examples.MaxBag_ESTest STANDARD_OUT
    11:58:41.910 [Test worker] INFO  o.e.r.instrumentation.EvoClassLoader - Seeing class for first time: examples.MaxBag_ESTest
    11:58:41.912 [Test worker] INFO  o.e.r.instrumentation.EvoClassLoader - Instrumenting class 'examples.MaxBag_ESTest'.
    11:58:41.935 [Test worker] INFO  o.e.r.instrumentation.EvoClassLoader - Seeing class for first time: examples.MaxBag_ESTest_scaffolding
    11:58:41.935 [Test worker] INFO  o.e.r.instrumentation.EvoClassLoader - Instrumenting class 'examples.MaxBag_ESTest_scaffolding'.
    11:58:41.937 [Test worker] INFO  o.e.r.instrumentation.EvoClassLoader - Keeping class: examples.MaxBag_ESTest_scaffolding
    11:58:41.937 [Test worker] INFO  o.e.r.instrumentation.EvoClassLoader - Keeping class: examples.MaxBag_ESTest
    11:58:42.212 [Test worker] DEBUG o.e.runtime.sandbox.MSecurityManager - Adding privileged thread: "Reference Handler"
    11:58:42.212 [Test worker] DEBUG o.e.runtime.sandbox.MSecurityManager - Adding privileged thread: "Finalizer"
    11:58:42.212 [Test worker] DEBUG o.e.runtime.sandbox.MSecurityManager - Adding privileged thread: "Signal Dispatcher"
    11:58:42.212 [Test worker] DEBUG o.e.runtime.sandbox.MSecurityManager - Adding privileged thread: "Attach Listener"
    11:58:42.212 [Test worker] DEBUG o.e.runtime.sandbox.MSecurityManager - Adding privileged thread: "Java2D Disposer"
    11:58:42.212 [Test worker] DEBUG o.e.runtime.sandbox.MSecurityManager - Adding privileged thread: "AWT-Shutdown"
    11:58:42.212 [Test worker] DEBUG o.e.runtime.sandbox.MSecurityManager - Adding privileged thread: "AWT-Windows"
    11:58:42.212 [Test worker] DEBUG o.e.runtime.sandbox.MSecurityManager - Adding privileged thread: "main"
    11:58:42.212 [Test worker] DEBUG o.e.runtime.sandbox.MSecurityManager - Adding privileged thread: "Test worker"
    11:58:42.212 [Test worker] DEBUG o.e.runtime.sandbox.MSecurityManager - Adding privileged thread: "/127.0.0.1:49929 to /127.0.0.1:49928 workers Thread 2"
    11:58:42.213 [Test worker] DEBUG o.e.runtime.sandbox.MSecurityManager - Adding privileged thread: "/127.0.0.1:49929 to /127.0.0.1:49928 workers Thread 3"
    11:58:42.253 [Test worker] INFO  o.e.r.instrumentation.EvoClassLoader - Seeing class for first time: examples.MaxBag
    11:58:42.253 [Test worker] INFO  o.e.r.instrumentation.EvoClassLoader - Instrumenting class 'examples.MaxBag'.
    11:58:42.266 [Test worker] INFO  o.e.r.i.MethodCallReplacementClassAdapter - Adding mock interface to class examples/MaxBag
    11:58:42.397 [Test worker] INFO  o.e.r.i.CreateClassResetClassAdapter - Creating brand-new static initializer in class examples/MaxBag
    11:58:42.398 [Test worker] INFO  o.e.r.instrumentation.EvoClassLoader - Keeping class: examples.MaxBag
    11:58:42.398 [Test worker] INFO  o.e.r.instrumentation.EvoClassLoader - Seeing class for first time: examples._Type328393
    11:58:42.398 [Test worker] INFO  o.e.r.instrumentation.EvoClassLoader - Instrumenting class 'examples._Type328393'.
    11:58:42.399 [Test worker] INFO  o.e.r.i.MethodCallReplacementClassAdapter - Adding mock interface to class examples/_Type328393
    11:58:42.400 [Test worker] INFO  o.e.r.i.CreateClassResetClassAdapter - Creating brand-new static initializer in class examples/_Type328393
    11:58:42.400 [Test worker] INFO  o.e.r.instrumentation.EvoClassLoader - Keeping class: examples._Type328393

examples.MaxBag_ESTest > test14 FAILED
    java.lang.ArrayIndexOutOfBoundsException at MaxBag_ESTest.java:222

examples.MaxBag_ESTest > test08 FAILED
    java.lang.ArrayIndexOutOfBoundsException at MaxBag_ESTest.java:141

RegressionTest > RegressionTest0.test04 FAILED
    java.lang.ArrayIndexOutOfBoundsException at RegressionTest0.java:47

RegressionTest > RegressionTest0.test23 FAILED
    java.lang.ArrayIndexOutOfBoundsException at RegressionTest0.java:336

RegressionTest > RegressionTest0.test25 FAILED
    java.lang.ArrayIndexOutOfBoundsException at RegressionTest0.java:365

RegressionTest > RegressionTest0.test27 FAILED
    java.lang.ArrayIndexOutOfBoundsException at RegressionTest0.java:394

RegressionTest > RegressionTest0.test28 FAILED
    java.lang.ArrayIndexOutOfBoundsException at RegressionTest0.java:404

RegressionTest0 > test04 FAILED
    java.lang.ArrayIndexOutOfBoundsException at RegressionTest0.java:47

RegressionTest0 > test23 FAILED
    java.lang.ArrayIndexOutOfBoundsException at RegressionTest0.java:336

RegressionTest0 > test25 FAILED
    java.lang.ArrayIndexOutOfBoundsException at RegressionTest0.java:365

RegressionTest0 > test27 FAILED
    java.lang.ArrayIndexOutOfBoundsException at RegressionTest0.java:394

RegressionTest0 > test28 FAILED
    java.lang.ArrayIndexOutOfBoundsException at RegressionTest0.java:404
Results: FAILURE (75 tests, 63 successes, 12 failures, 0 skipped)
:test FAILED
4 actionable tasks: 4 executed
