:clean

BUILD SUCCESSFUL in 3s
1 actionable task: 1 executed
:compileJava
:processResources NO-SOURCE
:classes
:compileTestJava
:processTestResources NO-SOURCE
:testClasses
:jar
:assemble
:test

examples.Polyupdate_ESTest STANDARD_OUT
    10:27:32.495 [Test worker] INFO  o.e.r.instrumentation.EvoClassLoader - Seeing class for first time: examples.Polyupdate_ESTest
    10:27:32.498 [Test worker] INFO  o.e.r.instrumentation.EvoClassLoader - Instrumenting class 'examples.Polyupdate_ESTest'.
    10:27:32.564 [Test worker] INFO  o.e.r.instrumentation.EvoClassLoader - Seeing class for first time: examples.Polyupdate_ESTest_scaffolding
    10:27:32.564 [Test worker] INFO  o.e.r.instrumentation.EvoClassLoader - Instrumenting class 'examples.Polyupdate_ESTest_scaffolding'.
    10:27:32.568 [Test worker] INFO  o.e.r.instrumentation.EvoClassLoader - Keeping class: examples.Polyupdate_ESTest_scaffolding
    10:27:32.568 [Test worker] INFO  o.e.r.instrumentation.EvoClassLoader - Keeping class: examples.Polyupdate_ESTest
    10:27:33.006 [Test worker] DEBUG o.e.runtime.sandbox.MSecurityManager - Adding privileged thread: "Reference Handler"
    10:27:33.007 [Test worker] DEBUG o.e.runtime.sandbox.MSecurityManager - Adding privileged thread: "Finalizer"
    10:27:33.007 [Test worker] DEBUG o.e.runtime.sandbox.MSecurityManager - Adding privileged thread: "Signal Dispatcher"
    10:27:33.007 [Test worker] DEBUG o.e.runtime.sandbox.MSecurityManager - Adding privileged thread: "Attach Listener"
    10:27:33.007 [Test worker] DEBUG o.e.runtime.sandbox.MSecurityManager - Adding privileged thread: "Java2D Disposer"
    10:27:33.007 [Test worker] DEBUG o.e.runtime.sandbox.MSecurityManager - Adding privileged thread: "AWT-Shutdown"
    10:27:33.007 [Test worker] DEBUG o.e.runtime.sandbox.MSecurityManager - Adding privileged thread: "AWT-Windows"
    10:27:33.007 [Test worker] DEBUG o.e.runtime.sandbox.MSecurityManager - Adding privileged thread: "main"
    10:27:33.007 [Test worker] DEBUG o.e.runtime.sandbox.MSecurityManager - Adding privileged thread: "Test worker"
    10:27:33.007 [Test worker] DEBUG o.e.runtime.sandbox.MSecurityManager - Adding privileged thread: "/127.0.0.1:57052 to /127.0.0.1:57051 workers Thread 2"
    10:27:33.008 [Test worker] DEBUG o.e.runtime.sandbox.MSecurityManager - Adding privileged thread: "/127.0.0.1:57052 to /127.0.0.1:57051 workers Thread 3"
    10:27:33.094 [Test worker] INFO  o.e.r.instrumentation.EvoClassLoader - Seeing class for first time: examples.Polyupdate
    10:27:33.094 [Test worker] INFO  o.e.r.instrumentation.EvoClassLoader - Instrumenting class 'examples.Polyupdate'.
    10:27:33.122 [Test worker] INFO  o.e.r.i.MethodCallReplacementClassAdapter - Adding mock interface to class examples/Polyupdate
    10:27:33.371 [Test worker] INFO  o.e.r.i.CreateClassResetClassAdapter - Creating brand-new static initializer in class examples/Polyupdate
    10:27:33.372 [Test worker] INFO  o.e.r.instrumentation.EvoClassLoader - Keeping class: examples.Polyupdate

examples.Polyupdate_ESTest > test09 STANDARD_OUT
    10:27:33.392 [Test worker] INFO  o.e.runtime.thread.ThreadStopper - Found new thread

examples.Polyupdate_ESTest > test08 FAILED
    java.lang.AssertionError at Polyupdate_ESTest.java:101

RegressionTest > RegressionTest0.test07 FAILED
    java.lang.ArithmeticException at RegressionTest0.java:83

RegressionTest > RegressionTest0.test08 FAILED
    java.lang.ArithmeticException at RegressionTest0.java:97

RegressionTest > RegressionTest0.test10 FAILED
    java.lang.ArithmeticException at RegressionTest0.java:122

RegressionTest > RegressionTest0.test12 FAILED
    java.lang.ArithmeticException at RegressionTest0.java:147

RegressionTest > RegressionTest0.test13 FAILED
    java.lang.ArithmeticException at RegressionTest0.java:162

RegressionTest > RegressionTest0.test14 FAILED
    java.lang.ArithmeticException at RegressionTest0.java:178

RegressionTest > RegressionTest0.test16 FAILED
    java.lang.ArithmeticException at RegressionTest0.java:206

RegressionTest > RegressionTest0.test17 FAILED
    java.lang.ArithmeticException at RegressionTest0.java:220

RegressionTest > RegressionTest0.test18 FAILED
    java.lang.ArithmeticException at RegressionTest0.java:235

RegressionTest > RegressionTest0.test22 FAILED
    java.lang.ArithmeticException at RegressionTest0.java:279

RegressionTest > RegressionTest0.test23 FAILED
    java.lang.ArithmeticException at RegressionTest0.java:295

RegressionTest > RegressionTest0.test25 FAILED
    java.lang.ArithmeticException at RegressionTest0.java:322

RegressionTest > RegressionTest0.test26 FAILED
    java.lang.ArithmeticException at RegressionTest0.java:337

RegressionTest > RegressionTest0.test28 FAILED
    java.lang.ArithmeticException at RegressionTest0.java:362

RegressionTest > RegressionTest0.test29 FAILED
    java.lang.ArithmeticException at RegressionTest0.java:377

RegressionTest > RegressionTest0.test30 FAILED
    java.lang.ArithmeticException at RegressionTest0.java:392

RegressionTest > RegressionTest0.test31 FAILED
    java.lang.ArithmeticException at RegressionTest0.java:408

RegressionTest > RegressionTest0.test32 FAILED
    java.lang.ArithmeticException at RegressionTest0.java:421

RegressionTest > RegressionTest0.test33 FAILED
    java.lang.ArithmeticException at RegressionTest0.java:437

RegressionTest > RegressionTest0.test34 FAILED
    java.lang.ArithmeticException at RegressionTest0.java:452

RegressionTest > RegressionTest0.test35 FAILED
    java.lang.ArithmeticException at RegressionTest0.java:468

RegressionTest > RegressionTest0.test36 FAILED
    java.lang.ArithmeticException at RegressionTest0.java:480

RegressionTest > RegressionTest0.test39 FAILED
    java.lang.ArithmeticException at RegressionTest0.java:527

RegressionTest > RegressionTest0.test41 FAILED
    java.lang.ArithmeticException at RegressionTest0.java:554

RegressionTest > RegressionTest0.test45 FAILED
    java.lang.ArithmeticException at RegressionTest0.java:601

RegressionTest > RegressionTest0.test47 FAILED
    java.lang.ArithmeticException at RegressionTest0.java:629

RegressionTest > RegressionTest0.test48 FAILED
    java.lang.ArithmeticException at RegressionTest0.java:645

RegressionTest > RegressionTest0.test49 FAILED
    java.lang.ArithmeticException at RegressionTest0.java:659

RegressionTest > RegressionTest0.test50 FAILED
    java.lang.AssertionError at RegressionTest0.java:680

RegressionTest > RegressionTest0.test51 FAILED
    java.lang.ArithmeticException at RegressionTest0.java:691

RegressionTest > RegressionTest0.test53 FAILED
    java.lang.ArithmeticException at RegressionTest0.java:715

RegressionTest > RegressionTest0.test54 FAILED
    java.lang.ArithmeticException at RegressionTest0.java:729

RegressionTest > RegressionTest0.test56 FAILED
    java.lang.ArithmeticException at RegressionTest0.java:758

RegressionTest0 > test07 FAILED
    java.lang.ArithmeticException at RegressionTest0.java:83

RegressionTest0 > test08 FAILED
    java.lang.ArithmeticException at RegressionTest0.java:97

RegressionTest0 > test10 FAILED
    java.lang.ArithmeticException at RegressionTest0.java:122

RegressionTest0 > test12 FAILED
    java.lang.ArithmeticException at RegressionTest0.java:147

RegressionTest0 > test13 FAILED
    java.lang.ArithmeticException at RegressionTest0.java:162

RegressionTest0 > test14 FAILED
    java.lang.ArithmeticException at RegressionTest0.java:178

RegressionTest0 > test16 FAILED
    java.lang.ArithmeticException at RegressionTest0.java:206

RegressionTest0 > test17 FAILED
    java.lang.ArithmeticException at RegressionTest0.java:220

RegressionTest0 > test18 FAILED
    java.lang.ArithmeticException at RegressionTest0.java:235

RegressionTest0 > test22 FAILED
    java.lang.ArithmeticException at RegressionTest0.java:279

RegressionTest0 > test23 FAILED
    java.lang.ArithmeticException at RegressionTest0.java:295

RegressionTest0 > test25 FAILED
    java.lang.ArithmeticException at RegressionTest0.java:322

RegressionTest0 > test26 FAILED
    java.lang.ArithmeticException at RegressionTest0.java:337

RegressionTest0 > test28 FAILED
    java.lang.ArithmeticException at RegressionTest0.java:362

RegressionTest0 > test29 FAILED
    java.lang.ArithmeticException at RegressionTest0.java:377

RegressionTest0 > test30 FAILED
    java.lang.ArithmeticException at RegressionTest0.java:392

RegressionTest0 > test31 FAILED
    java.lang.ArithmeticException at RegressionTest0.java:408

RegressionTest0 > test32 FAILED
    java.lang.ArithmeticException at RegressionTest0.java:421

RegressionTest0 > test33 FAILED
    java.lang.ArithmeticException at RegressionTest0.java:437

RegressionTest0 > test34 FAILED
    java.lang.ArithmeticException at RegressionTest0.java:452

RegressionTest0 > test35 FAILED
    java.lang.ArithmeticException at RegressionTest0.java:468

RegressionTest0 > test36 FAILED
    java.lang.ArithmeticException at RegressionTest0.java:480

RegressionTest0 > test39 FAILED
    java.lang.ArithmeticException at RegressionTest0.java:527

RegressionTest0 > test41 FAILED
    java.lang.ArithmeticException at RegressionTest0.java:554

RegressionTest0 > test45 FAILED
    java.lang.ArithmeticException at RegressionTest0.java:601

RegressionTest0 > test47 FAILED
    java.lang.ArithmeticException at RegressionTest0.java:629

RegressionTest0 > test48 FAILED
    java.lang.ArithmeticException at RegressionTest0.java:645

RegressionTest0 > test49 FAILED
    java.lang.ArithmeticException at RegressionTest0.java:659

RegressionTest0 > test50 FAILED
    java.lang.AssertionError at RegressionTest0.java:680

RegressionTest0 > test51 FAILED
    java.lang.ArithmeticException at RegressionTest0.java:691

RegressionTest0 > test53 FAILED
    java.lang.ArithmeticException at RegressionTest0.java:715

RegressionTest0 > test54 FAILED
    java.lang.ArithmeticException at RegressionTest0.java:729

RegressionTest0 > test56 FAILED
    java.lang.ArithmeticException at RegressionTest0.java:758

testers.PolyupdateTester0 > test021 FAILED
    java.lang.ArithmeticException at PolyupdateTester0.java:237

testers.PolyupdateTester0 > test029 FAILED
    java.lang.ArithmeticException at PolyupdateTester0.java:343

testers.PolyupdateTester0 > test051 FAILED
    java.lang.ArithmeticException at PolyupdateTester0.java:616

testers.PolyupdateTester0 > test063 FAILED
    java.lang.ArithmeticException at PolyupdateTester0.java:781

testers.PolyupdateTester0 > test064 FAILED
    java.lang.ArithmeticException at PolyupdateTester0.java:795

testers.PolyupdateTester0 > test104 FAILED
    java.lang.ArithmeticException at PolyupdateTester0.java:1309

testers.PolyupdateTester0 > test150 FAILED
    java.lang.ArithmeticException at PolyupdateTester0.java:1930

testers.PolyupdateTester0 > test153 FAILED
    java.lang.ArithmeticException at PolyupdateTester0.java:1969

testers.PolyupdateTester0 > test163 FAILED
    java.lang.ArithmeticException at PolyupdateTester0.java:2103

testers.PolyupdateTester0 > test164 FAILED
    java.lang.ArithmeticException at PolyupdateTester0.java:2116

testers.PolyupdateTester0 > test172 FAILED
    java.lang.ArithmeticException at PolyupdateTester0.java:2224

testers.PolyupdateTester0 > test178 FAILED
    java.lang.ArithmeticException at PolyupdateTester0.java:2309

testers.PolyupdateTester0 > test182 FAILED
    java.lang.ArithmeticException at PolyupdateTester0.java:2369

testers.PolyupdateTester0 > test190 FAILED
    java.lang.ArithmeticException at PolyupdateTester0.java:2476

testers.PolyupdateTester0 > test206 FAILED
    java.lang.ArithmeticException at PolyupdateTester0.java:2696

testers.PolyupdateTester0 > test216 FAILED
    java.lang.ArithmeticException at PolyupdateTester0.java:2832

testers.PolyupdateTester0 > test225 FAILED
    java.lang.ArithmeticException at PolyupdateTester0.java:2954

testers.PolyupdateTester0 > test228 FAILED
    java.lang.ArithmeticException at PolyupdateTester0.java:2996

testers.PolyupdateTester0 > test229 FAILED
    java.lang.ArithmeticException at PolyupdateTester0.java:3011

testers.PolyupdateTester0 > test271 FAILED
    java.lang.ArithmeticException at PolyupdateTester0.java:3589
Results: FAILURE (394 tests, 307 successes, 87 failures, 0 skipped)
:test FAILED
4 actionable tasks: 4 executed
