:clean

BUILD SUCCESSFUL in 2s
1 actionable task: 1 executed
:compileJava
:processResources NO-SOURCE
:classes
:compileTestJava
:processTestResources NO-SOURCE
:testClasses
:jar
:assemble
:test

examples.Structure_ESTest STANDARD_OUT
    16:51:38.699 [Test worker] INFO  o.e.r.instrumentation.EvoClassLoader - Seeing class for first time: examples.Structure_ESTest
    16:51:38.701 [Test worker] INFO  o.e.r.instrumentation.EvoClassLoader - Instrumenting class 'examples.Structure_ESTest'.
    16:51:38.737 [Test worker] INFO  o.e.r.instrumentation.EvoClassLoader - Seeing class for first time: examples.Structure_ESTest_scaffolding
    16:51:38.737 [Test worker] INFO  o.e.r.instrumentation.EvoClassLoader - Instrumenting class 'examples.Structure_ESTest_scaffolding'.
    16:51:38.741 [Test worker] INFO  o.e.r.instrumentation.EvoClassLoader - Keeping class: examples.Structure_ESTest_scaffolding
    16:51:38.741 [Test worker] INFO  o.e.r.instrumentation.EvoClassLoader - Keeping class: examples.Structure_ESTest
    16:51:39.392 [Test worker] DEBUG o.e.runtime.sandbox.MSecurityManager - Adding privileged thread: "Reference Handler"
    16:51:39.393 [Test worker] DEBUG o.e.runtime.sandbox.MSecurityManager - Adding privileged thread: "Finalizer"
    16:51:39.393 [Test worker] DEBUG o.e.runtime.sandbox.MSecurityManager - Adding privileged thread: "Signal Dispatcher"
    16:51:39.393 [Test worker] DEBUG o.e.runtime.sandbox.MSecurityManager - Adding privileged thread: "Attach Listener"
    16:51:39.393 [Test worker] DEBUG o.e.runtime.sandbox.MSecurityManager - Adding privileged thread: "Java2D Disposer"
    16:51:39.394 [Test worker] DEBUG o.e.runtime.sandbox.MSecurityManager - Adding privileged thread: "AWT-Shutdown"
    16:51:39.395 [Test worker] DEBUG o.e.runtime.sandbox.MSecurityManager - Adding privileged thread: "AWT-Windows"
    16:51:39.395 [Test worker] DEBUG o.e.runtime.sandbox.MSecurityManager - Adding privileged thread: "main"
    16:51:39.395 [Test worker] DEBUG o.e.runtime.sandbox.MSecurityManager - Adding privileged thread: "Test worker"
    16:51:39.395 [Test worker] DEBUG o.e.runtime.sandbox.MSecurityManager - Adding privileged thread: "/127.0.0.1:62666 to /127.0.0.1:62665 workers Thread 2"
    16:51:39.395 [Test worker] DEBUG o.e.runtime.sandbox.MSecurityManager - Adding privileged thread: "/127.0.0.1:62666 to /127.0.0.1:62665 workers Thread 3"
    16:51:39.468 [Test worker] INFO  o.e.r.instrumentation.EvoClassLoader - Seeing class for first time: examples.Structure
    16:51:39.468 [Test worker] INFO  o.e.r.instrumentation.EvoClassLoader - Instrumenting class 'examples.Structure'.
    16:51:39.496 [Test worker] INFO  o.e.r.i.MethodCallReplacementClassAdapter - Adding mock interface to class examples/Structure
    16:51:39.714 [Test worker] INFO  o.e.r.i.CreateClassResetClassAdapter - Creating brand-new static initializer in class examples/Structure
    16:51:39.714 [Test worker] INFO  o.e.r.instrumentation.EvoClassLoader - Keeping class: examples.Structure

examples.Structure_ESTest > test1 FAILED
    java.lang.AssertionError at Structure_ESTest.java:30

RegressionTest > RegressionTest0.test02 FAILED
    java.lang.AssertionError at RegressionTest0.java:26

RegressionTest > RegressionTest0.test17 FAILED
    java.lang.AssertionError at RegressionTest0.java:187

RegressionTest > RegressionTest0.test26 FAILED
    java.lang.AssertionError at RegressionTest0.java:298

RegressionTest > RegressionTest0.test49 FAILED
    java.lang.AssertionError at RegressionTest0.java:593

RegressionTest0 > test02 FAILED
    java.lang.AssertionError at RegressionTest0.java:26

RegressionTest0 > test17 FAILED
    java.lang.AssertionError at RegressionTest0.java:187

RegressionTest0 > test26 FAILED
    java.lang.AssertionError at RegressionTest0.java:298

RegressionTest0 > test49 FAILED
    java.lang.AssertionError at RegressionTest0.java:593
Results: FAILURE (373 tests, 364 successes, 9 failures, 0 skipped)
:test FAILED
4 actionable tasks: 4 executed
